{
    "apriori_index_path": "C:\\x_runner_x\\x_make_github_visitor_x\\x_index_a_a_priori_x.json",
    "failure_messages": [
        "ruff_fix failed for x_legatus_acta_schedae_x (exit 1)\ncwd: C:\\x_runner_x\\x_legatus_acta_schedae_x\ncommand: C:\\x_runner_x\\x_make_yahw_x\\.venv\\Scripts\\python.exe -m ruff check . --fix --select ALL --ignore D,COM812,ISC001,T20 --line-length 88 --target-version py311\nstarted_at: 2025-10-12T05:03:13.541302+00:00\nduration: 0.133s\ntool_version: ruff 0.14.0\nstdout:\nTC003 Move standard library import `collections.abc.Iterable` into a type-checking block\n --> core\\ports\\review_repo.py:3:29\n  |\n1 | from __future__ import annotations\n2 |\n\u2026\nstderr:\n<empty>",
        "black failed for x_legatus_acta_schedae_x (exit 1)\ncwd: C:\\x_runner_x\\x_legatus_acta_schedae_x\ncommand: C:\\x_runner_x\\x_make_yahw_x\\.venv\\Scripts\\python.exe -m black . --line-length 88 --target-version py311 --check --diff\nstarted_at: 2025-10-12T05:03:13.674293+00:00\nduration: 1.898s\ntool_version: python -m black, 25.9.0 (compiled: yes)\nPython (CPython) 3.13.7\nstdout:\n--- C:\\x_runner_x\\x_legatus_acta_schedae_x\\core\\services\\task_service.py\t2025-10-12 05:02:53.408472+00:00\n+++ C:\\x_runner_x\\x_legatus_acta_schedae_x\\core\\services\\task_service.py\t2025-10-12 05:03:14.696989+00:00\n@@ -12,13 +12,11 @@\n \n     from x_legatus_acta_schedae_x.core.ports.task_repo import ITaskRepository\n\u2026\nstderr:\nwould reformat C:\\x_runner_x\\x_legatus_acta_schedae_x\\core\\services\\task_service.py\n\nOh no! \\U0001f4a5 \\U0001f494 \\U0001f4a5\n1 file would be reformatted, 94 files would be left unchanged.",
        "ruff_check failed for x_legatus_acta_schedae_x (exit 1)\ncwd: C:\\x_runner_x\\x_legatus_acta_schedae_x\ncommand: C:\\x_runner_x\\x_make_yahw_x\\.venv\\Scripts\\python.exe -m ruff check . --select ALL --ignore D,COM812,ISC001,T20 --line-length 88 --target-version py311\nstarted_at: 2025-10-12T05:03:15.572518+00:00\nduration: 0.129s\ntool_version: ruff 0.14.0\nstdout:\nTC003 Move standard library import `collections.abc.Iterable` into a type-checking block\n --> core\\ports\\review_repo.py:3:29\n  |\n1 | from __future__ import annotations\n2 |\n\u2026\nstderr:\n<empty>",
        "mypy failed for x_legatus_acta_schedae_x (exit 2)\ncwd: C:\\x_runner_x\\x_legatus_acta_schedae_x\ncommand: C:\\x_runner_x\\x_make_yahw_x\\.venv\\Scripts\\python.exe -m mypy . --strict --no-warn-unused-configs --show-error-codes --warn-return-any --warn-unreachable --disallow-any-unimported --disallow-any-expr --disallow-any-decorated --disallow-any-explicit\nstarted_at: 2025-10-12T05:03:15.702343+00:00\nduration: 0.325s\ntool_version: mypy 1.18.2 (compiled: yes)\nstdout:\ncore\\domain\\task.py: error: Source file found twice under different module names: \"core.domain.task\" and \"x_legatus_acta_schedae_x.core.domain.task\"\ncore\\domain\\task.py: note: See https://mypy.readthedocs.io/en/stable/running_mypy.html#mapping-file-paths-to-modules for more info\ncore\\domain\\task.py: note: Common resolutions include: a) adding `__init__.py` somewhere, b) using `--explicit-package-bases` or adjusting MYPYPATH\nFound 1 error in 1 file (errors prevented further checking)\nstderr:\n<empty>",
        "pyright failed for x_legatus_acta_schedae_x (exit 1)\ncwd: C:\\x_runner_x\\x_legatus_acta_schedae_x\ncommand: C:\\x_runner_x\\x_make_yahw_x\\.venv\\Scripts\\python.exe -m pyright . --level error\nstarted_at: 2025-10-12T05:03:16.028203+00:00\nduration: 3.211s\ntool_version: pyright 1.1.406\nstdout:\nc:\\x_runner_x\\x_legatus_acta_schedae_x\\interface\\api\\server.py\n  c:\\x_runner_x\\x_legatus_acta_schedae_x\\interface\\api\\server.py:159:17 - error: Argument of type \"Storage\" cannot be assigned to parameter \"storage\" of type \"StorageLike\" in function \"__init__\"\n  \u00c2\u00a0\u00c2\u00a0\"Storage\" is incompatible with protocol \"StorageLike\"\n  \u00c2\u00a0\u00c2\u00a0\u00c2\u00a0\u00c2\u00a0\"get_card\" is an incompatible type\n  \u00c2\u00a0\u00c2\u00a0\u00c2\u00a0\u00c2\u00a0\u00c2\u00a0\u00c2\u00a0Type \"(card_id: str) -> (Notecard | None)\" is not assignable to type \"(card_id: str) -> (NotecardLike | None)\"\n\u2026\nstderr:\n<empty>",
        "mypy failed for x_make_github_clones_x (exit 1)\ncwd: C:\\x_runner_x\\x_make_github_clones_x\ncommand: C:\\x_runner_x\\x_make_yahw_x\\.venv\\Scripts\\python.exe -m mypy . --strict --no-warn-unused-configs --show-error-codes --warn-return-any --warn-unreachable --disallow-any-unimported --disallow-any-expr --disallow-any-decorated --disallow-any-explicit\nstarted_at: 2025-10-12T05:03:20.306472+00:00\nduration: 0.833s\ntool_version: mypy 1.18.2 (compiled: yes)\nstdout:\ntests\\test_make_github_clones.py:25: error: Expression type contains \"Any\" (has type overloaded function)  [misc]\nFound 1 error in 1 file (checked 11 source files)\nstderr:\n<empty>"
    ],
    "failures": [
        {
            "cached": false,
            "cmd": [
                "C:\\x_runner_x\\x_make_yahw_x\\.venv\\Scripts\\python.exe",
                "-m",
                "ruff",
                "check",
                ".",
                "--fix",
                "--select",
                "ALL",
                "--ignore",
                "D,COM812,ISC001,T20",
                "--line-length",
                "88",
                "--target-version",
                "py311"
            ],
            "cmd_display": "C:\\x_runner_x\\x_make_yahw_x\\.venv\\Scripts\\python.exe -m ruff check . --fix --select ALL --ignore D,COM812,ISC001,T20 --line-length 88 --target-version py311",
            "cwd": "C:\\x_runner_x\\x_legatus_acta_schedae_x",
            "duration_seconds": 0.13255030009895563,
            "ended_at": "2025-10-12T05:03:13.673851+00:00",
            "exit": 1,
            "repo": "x_legatus_acta_schedae_x",
            "repo_hash": "89f82f9909df1601736c220a516c6c58ba3bdb332db67b6358db98647a5a1d85",
            "repo_path": "C:\\x_runner_x\\x_legatus_acta_schedae_x",
            "started_at": "2025-10-12T05:03:13.541302+00:00",
            "stderr": "",
            "stdout": "TC003 Move standard library import `collections.abc.Iterable` into a type-checking block\n --> core\\ports\\review_repo.py:3:29\n  |\n1 | from __future__ import annotations\n2 |\n3 | from collections.abc import Iterable\n  |                             ^^^^^^^^\n4 | from typing import Protocol\n  |\nhelp: Move into type-checking block\n\nTC001 Move application import `x_legatus_acta_schedae_x.core.domain.review.ReviewRecord` into a type-checking block\n --> core\\ports\\review_repo.py:6:57\n  |\n4 | from typing import Protocol\n5 |\n6 | from x_legatus_acta_schedae_x.core.domain.review import ReviewRecord\n  |                                                         ^^^^^^^^^^^^\n  |\nhelp: Move into type-checking block\n\nTC003 Move standard library import `collections.abc.Iterable` into a type-checking block\n --> core\\ports\\search_index.py:3:29\n  |\n1 | from __future__ import annotations\n2 |\n3 | from collections.abc import Iterable, Sequence\n  |                             ^^^^^^^^\n4 | from typing import Protocol\n  |\nhelp: Move into type-checking block\n\nTC003 Move standard library import `collections.abc.Sequence` into a type-checking block\n --> core\\ports\\search_index.py:3:39\n  |\n1 | from __future__ import annotations\n2 |\n3 | from collections.abc import Iterable, Sequence\n  |                                       ^^^^^^^^\n4 | from typing import Protocol\n  |\nhelp: Move into type-checking block\n\nTC001 Move application import `x_legatus_acta_schedae_x.core.domain.task.Task` into a type-checking block\n --> core\\ports\\search_index.py:6:55\n  |\n4 | from typing import Protocol\n5 |\n6 | from x_legatus_acta_schedae_x.core.domain.task import Task\n  |                                                       ^^^^\n  |\nhelp: Move into type-checking block\n\nTC003 Move standard library import `collections.abc.Iterable` into a type-checking block\n --> core\\ports\\task_repo.py:3:29\n  |\n1 | from __future__ import annotations\n2 |\n3 | from collections.abc import Iterable\n  |                             ^^^^^^^^\n4 | from datetime import datetime\n5 | from typing import Protocol\n  |\nhelp: Move into type-checking block\n\nTC003 Move standard library import `datetime.datetime` into a type-checking block\n --> core\\ports\\task_repo.py:4:22\n  |\n3 | from collections.abc import Iterable\n4 | from datetime import datetime\n  |                      ^^^^^^^^\n5 | from typing import Protocol\n  |\nhelp: Move into type-checking block\n\nTC001 Move application import `x_legatus_acta_schedae_x.core.domain.task.Task` into a type-checking block\n --> core\\ports\\task_repo.py:7:55\n  |\n5 | from typing import Protocol\n6 |\n7 | from x_legatus_acta_schedae_x.core.domain.task import Task\n  |                                                       ^^^^\n  |\nhelp: Move into type-checking block\n\nTC003 Move standard library import `collections.abc.Mapping` into a type-checking block\n --> core\\services\\card_action_service.py:3:29\n  |\n1 | from __future__ import annotations\n2 |\n3 | from collections.abc import Mapping, Sequence\n  |                             ^^^^^^^\n4 | from dataclasses import dataclass\n5 | from typing import Protocol\n  |\nhelp: Move into type-checking block\n\nTC003 Move standard library import `collections.abc.Sequence` into a type-checking block\n --> core\\services\\card_action_service.py:3:38\n  |\n1 | from __future__ import annotations\n2 |\n3 | from collections.abc import Mapping, Sequence\n  |                                      ^^^^^^^^\n4 | from dataclasses import dataclass\n5 | from typing import Protocol\n  |\nhelp: Move into type-checking block\n\nTC001 Move application import `x_legatus_acta_schedae_x.core.domain.task.Task` into a type-checking block\n --> core\\services\\card_action_service.py:9:55\n  |\n8 | from x_legatus_acta_schedae_x.core.domain.events import CardScanned, EventDispatcher\n9 | from x_legatus_acta_schedae_x.core.domain.task import Task\n  |                                                       ^^^^\n  |\nhelp: Move into type-checking block\n\nTC001 Move application import `x_legatus_acta_schedae_x.core.domain.events.EventDispatcher` into a type-checking block\n --> core\\services\\scheduler_service.py:7:57\n  |\n6 | from x_legatus_acta_schedae_x.core.domain import events\n7 | from x_legatus_acta_schedae_x.core.domain.events import EventDispatcher\n  |                                                         ^^^^^^^^^^^^^^^\n8 |\n9 | if TYPE_CHECKING:\n  |\nhelp: Move into type-checking block\n\nTC003 Move standard library import `collections.abc.Iterable` into a type-checking block\n --> core\\services\\search_service.py:3:29\n  |\n1 | from __future__ import annotations\n2 |\n3 | from collections.abc import Iterable, Sequence\n  |                             ^^^^^^^^\n4 | from dataclasses import dataclass\n  |\nhelp: Move into type-checking block\n\nTC003 Move standard library import `collections.abc.Sequence` into a type-checking block\n --> core\\services\\search_service.py:3:39\n  |\n1 | from __future__ import annotations\n2 |\n3 | from collections.abc import Iterable, Sequence\n  |                                       ^^^^^^^^\n4 | from dataclasses import dataclass\n  |\nhelp: Move into type-checking block\n\nTC001 Move application import `x_legatus_acta_schedae_x.core.domain.events.EventDispatcher` into a type-checking block\n --> core\\services\\search_service.py:7:57\n  |\n6 | from x_legatus_acta_schedae_x.core.domain import events\n7 | from x_legatus_acta_schedae_x.core.domain.events import EventDispatcher\n  |                                                         ^^^^^^^^^^^^^^^\n8 | from x_legatus_acta_schedae_x.core.domain.task import Task\n9 | from x_legatus_acta_schedae_x.core.ports.search_index import ISearchIndex\n  |\nhelp: Move into type-checking block\n\nTC001 Move application import `x_legatus_acta_schedae_x.core.domain.task.Task` into a type-checking block\n  --> core\\services\\search_service.py:8:55\n   |\n 6 | from x_legatus_acta_schedae_x.core.domain import events\n 7 | from x_legatus_acta_schedae_x.core.domain.events import EventDispatcher\n 8 | from x_legatus_acta_schedae_x.core.domain.task import Task\n   |                                                       ^^^^\n 9 | from x_legatus_acta_schedae_x.core.ports.search_index import ISearchIndex\n10 | from x_legatus_acta_schedae_x.core.ports.task_repo import ITaskRepository\n   |\nhelp: Move into type-checking block\n\nTC001 Move application import `x_legatus_acta_schedae_x.core.ports.search_index.ISearchIndex` into a type-checking block\n  --> core\\services\\search_service.py:9:62\n   |\n 7 | from x_legatus_acta_schedae_x.core.domain.events import EventDispatcher\n 8 | from x_legatus_acta_schedae_x.core.domain.task import Task\n 9 | from x_legatus_acta_schedae_x.core.ports.search_index import ISearchIndex\n   |                                                              ^^^^^^^^^^^^\n10 | from x_legatus_acta_schedae_x.core.ports.task_repo import ITaskRepository\n   |\nhelp: Move into type-checking block\n\nTC001 Move application import `x_legatus_acta_schedae_x.core.ports.task_repo.ITaskRepository` into a type-checking block\n  --> core\\services\\search_service.py:10:59\n   |\n 8 | from x_legatus_acta_schedae_x.core.domain.task import Task\n 9 | from x_legatus_acta_schedae_x.core.ports.search_index import ISearchIndex\n10 | from x_legatus_acta_schedae_x.core.ports.task_repo import ITaskRepository\n   |                                                           ^^^^^^^^^^^^^^^\n   |\nhelp: Move into type-checking block\n\nTC001 Move application import `x_legatus_acta_schedae_x.core.domain.events.EventDispatcher` into a type-checking block\n --> core\\services\\task_service.py:6:57\n  |\n5 | from x_legatus_acta_schedae_x.core.domain import events\n6 | from x_legatus_acta_schedae_x.core.domain.events import EventDispatcher\n  |                                                         ^^^^^^^^^^^^^^^\n7 | from x_legatus_acta_schedae_x.core.domain.task import Task\n  |\nhelp: Move into type-checking block\n\nTC003 Move standard library import `collections.abc.Sequence` into a type-checking block\n  --> fastapi\\__init__.py:10:29\n   |\n 8 | from __future__ import annotations\n 9 |\n10 | from collections.abc import Sequence\n   |                             ^^^^^^^^\n11 | from dataclasses import dataclass\n12 | from types import SimpleNamespace\n   |\nhelp: Move into type-checking block\n\nFound 20 errors.\nNo fixes available (20 hidden fixes can be enabled with the `--unsafe-fixes` option).\n",
            "tool": "ruff_fix",
            "tool_module": "ruff",
            "tool_version": "ruff 0.14.0"
        },
        {
            "cached": false,
            "cmd": [
                "C:\\x_runner_x\\x_make_yahw_x\\.venv\\Scripts\\python.exe",
                "-m",
                "black",
                ".",
                "--line-length",
                "88",
                "--target-version",
                "py311",
                "--check",
                "--diff"
            ],
            "cmd_display": "C:\\x_runner_x\\x_make_yahw_x\\.venv\\Scripts\\python.exe -m black . --line-length 88 --target-version py311 --check --diff",
            "cwd": "C:\\x_runner_x\\x_legatus_acta_schedae_x",
            "duration_seconds": 1.8977957000024617,
            "ended_at": "2025-10-12T05:03:15.572087+00:00",
            "exit": 1,
            "repo": "x_legatus_acta_schedae_x",
            "repo_hash": "89f82f9909df1601736c220a516c6c58ba3bdb332db67b6358db98647a5a1d85",
            "repo_path": "C:\\x_runner_x\\x_legatus_acta_schedae_x",
            "started_at": "2025-10-12T05:03:13.674293+00:00",
            "stderr": "would reformat C:\\x_runner_x\\x_legatus_acta_schedae_x\\core\\services\\task_service.py\n\nOh no! \\U0001f4a5 \\U0001f494 \\U0001f4a5\n1 file would be reformatted, 94 files would be left unchanged.\n",
            "stdout": "--- C:\\x_runner_x\\x_legatus_acta_schedae_x\\core\\services\\task_service.py\t2025-10-12 05:02:53.408472+00:00\n+++ C:\\x_runner_x\\x_legatus_acta_schedae_x\\core\\services\\task_service.py\t2025-10-12 05:03:14.696989+00:00\n@@ -12,13 +12,11 @@\n \n     from x_legatus_acta_schedae_x.core.ports.task_repo import ITaskRepository\n \n \n class TaskService:\n-    def __init__(\n-    self, repo: ITaskRepository, dispatcher: EventDispatcher\n-    ) -> None:\n+    def __init__(self, repo: ITaskRepository, dispatcher: EventDispatcher) -> None:\n         self._repo = repo\n         self._dispatcher = dispatcher\n \n     def add_task(\n         self,\n",
            "tool": "black",
            "tool_module": "black",
            "tool_version": "python -m black, 25.9.0 (compiled: yes)\nPython (CPython) 3.13.7"
        },
        {
            "cached": false,
            "cmd": [
                "C:\\x_runner_x\\x_make_yahw_x\\.venv\\Scripts\\python.exe",
                "-m",
                "ruff",
                "check",
                ".",
                "--select",
                "ALL",
                "--ignore",
                "D,COM812,ISC001,T20",
                "--line-length",
                "88",
                "--target-version",
                "py311"
            ],
            "cmd_display": "C:\\x_runner_x\\x_make_yahw_x\\.venv\\Scripts\\python.exe -m ruff check . --select ALL --ignore D,COM812,ISC001,T20 --line-length 88 --target-version py311",
            "cwd": "C:\\x_runner_x\\x_legatus_acta_schedae_x",
            "duration_seconds": 0.12912679999135435,
            "ended_at": "2025-10-12T05:03:15.701643+00:00",
            "exit": 1,
            "repo": "x_legatus_acta_schedae_x",
            "repo_hash": "89f82f9909df1601736c220a516c6c58ba3bdb332db67b6358db98647a5a1d85",
            "repo_path": "C:\\x_runner_x\\x_legatus_acta_schedae_x",
            "started_at": "2025-10-12T05:03:15.572518+00:00",
            "stderr": "",
            "stdout": "TC003 Move standard library import `collections.abc.Iterable` into a type-checking block\n --> core\\ports\\review_repo.py:3:29\n  |\n1 | from __future__ import annotations\n2 |\n3 | from collections.abc import Iterable\n  |                             ^^^^^^^^\n4 | from typing import Protocol\n  |\nhelp: Move into type-checking block\n\nTC001 Move application import `x_legatus_acta_schedae_x.core.domain.review.ReviewRecord` into a type-checking block\n --> core\\ports\\review_repo.py:6:57\n  |\n4 | from typing import Protocol\n5 |\n6 | from x_legatus_acta_schedae_x.core.domain.review import ReviewRecord\n  |                                                         ^^^^^^^^^^^^\n  |\nhelp: Move into type-checking block\n\nTC003 Move standard library import `collections.abc.Iterable` into a type-checking block\n --> core\\ports\\search_index.py:3:29\n  |\n1 | from __future__ import annotations\n2 |\n3 | from collections.abc import Iterable, Sequence\n  |                             ^^^^^^^^\n4 | from typing import Protocol\n  |\nhelp: Move into type-checking block\n\nTC003 Move standard library import `collections.abc.Sequence` into a type-checking block\n --> core\\ports\\search_index.py:3:39\n  |\n1 | from __future__ import annotations\n2 |\n3 | from collections.abc import Iterable, Sequence\n  |                                       ^^^^^^^^\n4 | from typing import Protocol\n  |\nhelp: Move into type-checking block\n\nTC001 Move application import `x_legatus_acta_schedae_x.core.domain.task.Task` into a type-checking block\n --> core\\ports\\search_index.py:6:55\n  |\n4 | from typing import Protocol\n5 |\n6 | from x_legatus_acta_schedae_x.core.domain.task import Task\n  |                                                       ^^^^\n  |\nhelp: Move into type-checking block\n\nTC003 Move standard library import `collections.abc.Iterable` into a type-checking block\n --> core\\ports\\task_repo.py:3:29\n  |\n1 | from __future__ import annotations\n2 |\n3 | from collections.abc import Iterable\n  |                             ^^^^^^^^\n4 | from datetime import datetime\n5 | from typing import Protocol\n  |\nhelp: Move into type-checking block\n\nTC003 Move standard library import `datetime.datetime` into a type-checking block\n --> core\\ports\\task_repo.py:4:22\n  |\n3 | from collections.abc import Iterable\n4 | from datetime import datetime\n  |                      ^^^^^^^^\n5 | from typing import Protocol\n  |\nhelp: Move into type-checking block\n\nTC001 Move application import `x_legatus_acta_schedae_x.core.domain.task.Task` into a type-checking block\n --> core\\ports\\task_repo.py:7:55\n  |\n5 | from typing import Protocol\n6 |\n7 | from x_legatus_acta_schedae_x.core.domain.task import Task\n  |                                                       ^^^^\n  |\nhelp: Move into type-checking block\n\nTC003 Move standard library import `collections.abc.Mapping` into a type-checking block\n --> core\\services\\card_action_service.py:3:29\n  |\n1 | from __future__ import annotations\n2 |\n3 | from collections.abc import Mapping, Sequence\n  |                             ^^^^^^^\n4 | from dataclasses import dataclass\n5 | from typing import Protocol\n  |\nhelp: Move into type-checking block\n\nTC003 Move standard library import `collections.abc.Sequence` into a type-checking block\n --> core\\services\\card_action_service.py:3:38\n  |\n1 | from __future__ import annotations\n2 |\n3 | from collections.abc import Mapping, Sequence\n  |                                      ^^^^^^^^\n4 | from dataclasses import dataclass\n5 | from typing import Protocol\n  |\nhelp: Move into type-checking block\n\nTC001 Move application import `x_legatus_acta_schedae_x.core.domain.task.Task` into a type-checking block\n --> core\\services\\card_action_service.py:9:55\n  |\n8 | from x_legatus_acta_schedae_x.core.domain.events import CardScanned, EventDispatcher\n9 | from x_legatus_acta_schedae_x.core.domain.task import Task\n  |                                                       ^^^^\n  |\nhelp: Move into type-checking block\n\nTC001 Move application import `x_legatus_acta_schedae_x.core.domain.events.EventDispatcher` into a type-checking block\n --> core\\services\\scheduler_service.py:7:57\n  |\n6 | from x_legatus_acta_schedae_x.core.domain import events\n7 | from x_legatus_acta_schedae_x.core.domain.events import EventDispatcher\n  |                                                         ^^^^^^^^^^^^^^^\n8 |\n9 | if TYPE_CHECKING:\n  |\nhelp: Move into type-checking block\n\nTC003 Move standard library import `collections.abc.Iterable` into a type-checking block\n --> core\\services\\search_service.py:3:29\n  |\n1 | from __future__ import annotations\n2 |\n3 | from collections.abc import Iterable, Sequence\n  |                             ^^^^^^^^\n4 | from dataclasses import dataclass\n  |\nhelp: Move into type-checking block\n\nTC003 Move standard library import `collections.abc.Sequence` into a type-checking block\n --> core\\services\\search_service.py:3:39\n  |\n1 | from __future__ import annotations\n2 |\n3 | from collections.abc import Iterable, Sequence\n  |                                       ^^^^^^^^\n4 | from dataclasses import dataclass\n  |\nhelp: Move into type-checking block\n\nTC001 Move application import `x_legatus_acta_schedae_x.core.domain.events.EventDispatcher` into a type-checking block\n --> core\\services\\search_service.py:7:57\n  |\n6 | from x_legatus_acta_schedae_x.core.domain import events\n7 | from x_legatus_acta_schedae_x.core.domain.events import EventDispatcher\n  |                                                         ^^^^^^^^^^^^^^^\n8 | from x_legatus_acta_schedae_x.core.domain.task import Task\n9 | from x_legatus_acta_schedae_x.core.ports.search_index import ISearchIndex\n  |\nhelp: Move into type-checking block\n\nTC001 Move application import `x_legatus_acta_schedae_x.core.domain.task.Task` into a type-checking block\n  --> core\\services\\search_service.py:8:55\n   |\n 6 | from x_legatus_acta_schedae_x.core.domain import events\n 7 | from x_legatus_acta_schedae_x.core.domain.events import EventDispatcher\n 8 | from x_legatus_acta_schedae_x.core.domain.task import Task\n   |                                                       ^^^^\n 9 | from x_legatus_acta_schedae_x.core.ports.search_index import ISearchIndex\n10 | from x_legatus_acta_schedae_x.core.ports.task_repo import ITaskRepository\n   |\nhelp: Move into type-checking block\n\nTC001 Move application import `x_legatus_acta_schedae_x.core.ports.search_index.ISearchIndex` into a type-checking block\n  --> core\\services\\search_service.py:9:62\n   |\n 7 | from x_legatus_acta_schedae_x.core.domain.events import EventDispatcher\n 8 | from x_legatus_acta_schedae_x.core.domain.task import Task\n 9 | from x_legatus_acta_schedae_x.core.ports.search_index import ISearchIndex\n   |                                                              ^^^^^^^^^^^^\n10 | from x_legatus_acta_schedae_x.core.ports.task_repo import ITaskRepository\n   |\nhelp: Move into type-checking block\n\nTC001 Move application import `x_legatus_acta_schedae_x.core.ports.task_repo.ITaskRepository` into a type-checking block\n  --> core\\services\\search_service.py:10:59\n   |\n 8 | from x_legatus_acta_schedae_x.core.domain.task import Task\n 9 | from x_legatus_acta_schedae_x.core.ports.search_index import ISearchIndex\n10 | from x_legatus_acta_schedae_x.core.ports.task_repo import ITaskRepository\n   |                                                           ^^^^^^^^^^^^^^^\n   |\nhelp: Move into type-checking block\n\nTC001 Move application import `x_legatus_acta_schedae_x.core.domain.events.EventDispatcher` into a type-checking block\n --> core\\services\\task_service.py:6:57\n  |\n5 | from x_legatus_acta_schedae_x.core.domain import events\n6 | from x_legatus_acta_schedae_x.core.domain.events import EventDispatcher\n  |                                                         ^^^^^^^^^^^^^^^\n7 | from x_legatus_acta_schedae_x.core.domain.task import Task\n  |\nhelp: Move into type-checking block\n\nTC003 Move standard library import `collections.abc.Sequence` into a type-checking block\n  --> fastapi\\__init__.py:10:29\n   |\n 8 | from __future__ import annotations\n 9 |\n10 | from collections.abc import Sequence\n   |                             ^^^^^^^^\n11 | from dataclasses import dataclass\n12 | from types import SimpleNamespace\n   |\nhelp: Move into type-checking block\n\nFound 20 errors.\nNo fixes available (20 hidden fixes can be enabled with the `--unsafe-fixes` option).\n",
            "tool": "ruff_check",
            "tool_module": "ruff",
            "tool_version": "ruff 0.14.0"
        },
        {
            "cached": false,
            "cmd": [
                "C:\\x_runner_x\\x_make_yahw_x\\.venv\\Scripts\\python.exe",
                "-m",
                "mypy",
                ".",
                "--strict",
                "--no-warn-unused-configs",
                "--show-error-codes",
                "--warn-return-any",
                "--warn-unreachable",
                "--disallow-any-unimported",
                "--disallow-any-expr",
                "--disallow-any-decorated",
                "--disallow-any-explicit"
            ],
            "cmd_display": "C:\\x_runner_x\\x_make_yahw_x\\.venv\\Scripts\\python.exe -m mypy . --strict --no-warn-unused-configs --show-error-codes --warn-return-any --warn-unreachable --disallow-any-unimported --disallow-any-expr --disallow-any-decorated --disallow-any-explicit",
            "cwd": "C:\\x_runner_x\\x_legatus_acta_schedae_x",
            "duration_seconds": 0.3254421999445185,
            "ended_at": "2025-10-12T05:03:16.027786+00:00",
            "exit": 2,
            "repo": "x_legatus_acta_schedae_x",
            "repo_hash": "89f82f9909df1601736c220a516c6c58ba3bdb332db67b6358db98647a5a1d85",
            "repo_path": "C:\\x_runner_x\\x_legatus_acta_schedae_x",
            "started_at": "2025-10-12T05:03:15.702343+00:00",
            "stderr": "",
            "stdout": "core\\domain\\task.py: error: Source file found twice under different module names: \"core.domain.task\" and \"x_legatus_acta_schedae_x.core.domain.task\"\ncore\\domain\\task.py: note: See https://mypy.readthedocs.io/en/stable/running_mypy.html#mapping-file-paths-to-modules for more info\ncore\\domain\\task.py: note: Common resolutions include: a) adding `__init__.py` somewhere, b) using `--explicit-package-bases` or adjusting MYPYPATH\nFound 1 error in 1 file (errors prevented further checking)\n",
            "tool": "mypy",
            "tool_module": "mypy",
            "tool_version": "mypy 1.18.2 (compiled: yes)"
        },
        {
            "cached": false,
            "cmd": [
                "C:\\x_runner_x\\x_make_yahw_x\\.venv\\Scripts\\python.exe",
                "-m",
                "pyright",
                ".",
                "--level",
                "error"
            ],
            "cmd_display": "C:\\x_runner_x\\x_make_yahw_x\\.venv\\Scripts\\python.exe -m pyright . --level error",
            "cwd": "C:\\x_runner_x\\x_legatus_acta_schedae_x",
            "duration_seconds": 3.2114827000768855,
            "ended_at": "2025-10-12T05:03:19.239684+00:00",
            "exit": 1,
            "repo": "x_legatus_acta_schedae_x",
            "repo_hash": "89f82f9909df1601736c220a516c6c58ba3bdb332db67b6358db98647a5a1d85",
            "repo_path": "C:\\x_runner_x\\x_legatus_acta_schedae_x",
            "started_at": "2025-10-12T05:03:16.028203+00:00",
            "stderr": "",
            "stdout": "c:\\x_runner_x\\x_legatus_acta_schedae_x\\interface\\api\\server.py\n  c:\\x_runner_x\\x_legatus_acta_schedae_x\\interface\\api\\server.py:159:17 - error: Argument of type \"Storage\" cannot be assigned to parameter \"storage\" of type \"StorageLike\" in function \"__init__\"\n  \u00c2\u00a0\u00c2\u00a0\"Storage\" is incompatible with protocol \"StorageLike\"\n  \u00c2\u00a0\u00c2\u00a0\u00c2\u00a0\u00c2\u00a0\"get_card\" is an incompatible type\n  \u00c2\u00a0\u00c2\u00a0\u00c2\u00a0\u00c2\u00a0\u00c2\u00a0\u00c2\u00a0Type \"(card_id: str) -> (Notecard | None)\" is not assignable to type \"(card_id: str) -> (NotecardLike | None)\"\n  \u00c2\u00a0\u00c2\u00a0\u00c2\u00a0\u00c2\u00a0\u00c2\u00a0\u00c2\u00a0\u00c2\u00a0\u00c2\u00a0Function return type \"Notecard | None\" is incompatible with type \"NotecardLike | None\"\n  \u00c2\u00a0\u00c2\u00a0\u00c2\u00a0\u00c2\u00a0\u00c2\u00a0\u00c2\u00a0\u00c2\u00a0\u00c2\u00a0\u00c2\u00a0\u00c2\u00a0Type \"Notecard | None\" is not assignable to type \"NotecardLike | None\"\n  \u00c2\u00a0\u00c2\u00a0\u00c2\u00a0\u00c2\u00a0\"insert_action\" is an incompatible type\n  \u00c2\u00a0\u00c2\u00a0\u00c2\u00a0\u00c2\u00a0\u00c2\u00a0\u00c2\u00a0Type \"(card_id: str, action_type: str, meta: dict[str, Any]) -> None\" is not assignable to type \"(card_id: str, action_type: str, meta: Mapping[str, object]) -> None\"\n  \u00c2\u00a0\u00c2\u00a0\u00c2\u00a0\u00c2\u00a0\u00c2\u00a0\u00c2\u00a0\u00c2\u00a0\u00c2\u00a0Parameter 3: type \"Mapping[str, object]\" is incompatible with type \"dict[str, Any]\"\n    ... (reportArgumentType)\n  c:\\x_runner_x\\x_legatus_acta_schedae_x\\interface\\api\\server.py:212:6 - error: Argument of type \"() -> CoroutineType[Any, Any, dict[str, Any]]\" cannot be assigned to parameter \"func\" of type \"_F@__call__\" in function \"__call__\"\n  \u00c2\u00a0\u00c2\u00a0Type \"() -> CoroutineType[Any, Any, dict[str, Any]]\" is not assignable to type \"RouteHandler\"\n  \u00c2\u00a0\u00c2\u00a0\u00c2\u00a0\u00c2\u00a0Type \"() -> CoroutineType[Any, Any, dict[str, Any]]\" is not assignable to type \"(*args: object, **kwargs: object) -> object\"\n  \u00c2\u00a0\u00c2\u00a0\u00c2\u00a0\u00c2\u00a0\u00c2\u00a0\u00c2\u00a0Parameter \"*args\" has no corresponding parameter\n  \u00c2\u00a0\u00c2\u00a0\u00c2\u00a0\u00c2\u00a0\u00c2\u00a0\u00c2\u00a0Parameter \"**kwargs\" has no corresponding parameter (reportArgumentType)\n  c:\\x_runner_x\\x_legatus_acta_schedae_x\\interface\\api\\server.py:223:6 - error: Argument of type \"(card_id: str, request: ScanRequest) -> CoroutineType[Any, Any, ScanResponse]\" cannot be assigned to parameter \"func\" of type \"_F@__call__\" in function \"__call__\"\n  \u00c2\u00a0\u00c2\u00a0Type \"(card_id: str, request: ScanRequest) -> CoroutineType[Any, Any, ScanResponse]\" is not assignable to type \"RouteHandler\"\n  \u00c2\u00a0\u00c2\u00a0\u00c2\u00a0\u00c2\u00a0Type \"(card_id: str, request: ScanRequest) -> CoroutineType[Any, Any, ScanResponse]\" is not assignable to type \"(*args: object, **kwargs: object) -> object\"\n  \u00c2\u00a0\u00c2\u00a0\u00c2\u00a0\u00c2\u00a0\u00c2\u00a0\u00c2\u00a0Parameter 1: type \"object\" is incompatible with type \"str\"\n  \u00c2\u00a0\u00c2\u00a0\u00c2\u00a0\u00c2\u00a0\u00c2\u00a0\u00c2\u00a0\u00c2\u00a0\u00c2\u00a0\"object\" is not assignable to \"str\"\n  \u00c2\u00a0\u00c2\u00a0\u00c2\u00a0\u00c2\u00a0\u00c2\u00a0\u00c2\u00a0Parameter 2: type \"object\" is incompatible with type \"ScanRequest\"\n  \u00c2\u00a0\u00c2\u00a0\u00c2\u00a0\u00c2\u00a0\u00c2\u00a0\u00c2\u00a0\u00c2\u00a0\u00c2\u00a0\"object\" is not assignable to \"ScanRequest\"\n  \u00c2\u00a0\u00c2\u00a0\u00c2\u00a0\u00c2\u00a0\u00c2\u00a0\u00c2\u00a0Parameter \"*args\" has no corresponding parameter\n  \u00c2\u00a0\u00c2\u00a0\u00c2\u00a0\u00c2\u00a0\u00c2\u00a0\u00c2\u00a0Parameter \"**kwargs\" has no corresponding parameter (reportArgumentType)\n  c:\\x_runner_x\\x_legatus_acta_schedae_x\\interface\\api\\server.py:284:6 - error: Argument of type \"(limit: int = 10) -> CoroutineType[Any, Any, list[BundleUploadResponse]]\" cannot be assigned to parameter \"func\" of type \"_F@__call__\" in function \"__call__\"\n  \u00c2\u00a0\u00c2\u00a0Type \"(limit: int = 10) -> CoroutineType[Any, Any, list[BundleUploadResponse]]\" is not assignable to type \"RouteHandler\"\n  \u00c2\u00a0\u00c2\u00a0\u00c2\u00a0\u00c2\u00a0Type \"(limit: int = 10) -> CoroutineType[Any, Any, list[BundleUploadResponse]]\" is not assignable to type \"(*args: object, **kwargs: object) -> object\"\n  \u00c2\u00a0\u00c2\u00a0\u00c2\u00a0\u00c2\u00a0\u00c2\u00a0\u00c2\u00a0Parameter \"*args\" has no corresponding parameter\n  \u00c2\u00a0\u00c2\u00a0\u00c2\u00a0\u00c2\u00a0\u00c2\u00a0\u00c2\u00a0Parameter \"**kwargs\" has no corresponding parameter (reportArgumentType)\n  c:\\x_runner_x\\x_legatus_acta_schedae_x\\interface\\api\\server.py:297:6 - error: Argument of type \"(keep: int = 10) -> CoroutineType[Any, Any, BundlePruneResponse]\" cannot be assigned to parameter \"func\" of type \"_F@__call__\" in function \"__call__\"\n  \u00c2\u00a0\u00c2\u00a0Type \"(keep: int = 10) -> CoroutineType[Any, Any, BundlePruneResponse]\" is not assignable to type \"RouteHandler\"\n  \u00c2\u00a0\u00c2\u00a0\u00c2\u00a0\u00c2\u00a0Type \"(keep: int = 10) -> CoroutineType[Any, Any, BundlePruneResponse]\" is not assignable to type \"(*args: object, **kwargs: object) -> object\"\n  \u00c2\u00a0\u00c2\u00a0\u00c2\u00a0\u00c2\u00a0\u00c2\u00a0\u00c2\u00a0Parameter \"*args\" has no corresponding parameter\n  \u00c2\u00a0\u00c2\u00a0\u00c2\u00a0\u00c2\u00a0\u00c2\u00a0\u00c2\u00a0Parameter \"**kwargs\" has no corresponding parameter (reportArgumentType)\n  c:\\x_runner_x\\x_legatus_acta_schedae_x\\interface\\api\\server.py:314:6 - error: Argument of type \"(request: BundleUploadRequest) -> CoroutineType[Any, Any, BundleUploadResponse]\" cannot be assigned to parameter \"func\" of type \"_F@__call__\" in function \"__call__\"\n  \u00c2\u00a0\u00c2\u00a0Type \"(request: BundleUploadRequest) -> CoroutineType[Any, Any, BundleUploadResponse]\" is not assignable to type \"RouteHandler\"\n  \u00c2\u00a0\u00c2\u00a0\u00c2\u00a0\u00c2\u00a0Type \"(request: BundleUploadRequest) -> CoroutineType[Any, Any, BundleUploadResponse]\" is not assignable to type \"(*args: object, **kwargs: object) -> object\"\n  \u00c2\u00a0\u00c2\u00a0\u00c2\u00a0\u00c2\u00a0\u00c2\u00a0\u00c2\u00a0Parameter \"*args\" has no corresponding parameter\n  \u00c2\u00a0\u00c2\u00a0\u00c2\u00a0\u00c2\u00a0\u00c2\u00a0\u00c2\u00a0Parameter \"**kwargs\" has no corresponding parameter (reportArgumentType)\n  c:\\x_runner_x\\x_legatus_acta_schedae_x\\interface\\api\\server.py:339:6 - error: Argument of type \"() -> CoroutineType[Any, Any, BundleDownloadResponse]\" cannot be assigned to parameter \"func\" of type \"_F@__call__\" in function \"__call__\"\n  \u00c2\u00a0\u00c2\u00a0Type \"() -> CoroutineType[Any, Any, BundleDownloadResponse]\" is not assignable to type \"RouteHandler\"\n  \u00c2\u00a0\u00c2\u00a0\u00c2\u00a0\u00c2\u00a0Type \"() -> CoroutineType[Any, Any, BundleDownloadResponse]\" is not assignable to type \"(*args: object, **kwargs: object) -> object\"\n  \u00c2\u00a0\u00c2\u00a0\u00c2\u00a0\u00c2\u00a0\u00c2\u00a0\u00c2\u00a0Parameter \"*args\" has no corresponding parameter\n  \u00c2\u00a0\u00c2\u00a0\u00c2\u00a0\u00c2\u00a0\u00c2\u00a0\u00c2\u00a0Parameter \"**kwargs\" has no corresponding parameter (reportArgumentType)\n  c:\\x_runner_x\\x_legatus_acta_schedae_x\\interface\\api\\server.py:348:6 - error: Argument of type \"(bundle_id: str) -> CoroutineType[Any, Any, BundleDownloadResponse]\" cannot be assigned to parameter \"func\" of type \"_F@__call__\" in function \"__call__\"\n  \u00c2\u00a0\u00c2\u00a0Type \"(bundle_id: str) -> CoroutineType[Any, Any, BundleDownloadResponse]\" is not assignable to type \"RouteHandler\"\n  \u00c2\u00a0\u00c2\u00a0\u00c2\u00a0\u00c2\u00a0Type \"(bundle_id: str) -> CoroutineType[Any, Any, BundleDownloadResponse]\" is not assignable to type \"(*args: object, **kwargs: object) -> object\"\n  \u00c2\u00a0\u00c2\u00a0\u00c2\u00a0\u00c2\u00a0\u00c2\u00a0\u00c2\u00a0Parameter \"*args\" has no corresponding parameter\n  \u00c2\u00a0\u00c2\u00a0\u00c2\u00a0\u00c2\u00a0\u00c2\u00a0\u00c2\u00a0Parameter \"**kwargs\" has no corresponding parameter (reportArgumentType)\nc:\\x_runner_x\\x_legatus_acta_schedae_x\\tests\\test_card_action_service.py\n  c:\\x_runner_x\\x_legatus_acta_schedae_x\\tests\\test_card_action_service.py:62:17 - error: Argument of type \"Storage\" cannot be assigned to parameter \"storage\" of type \"StorageLike\" in function \"__init__\"\n  \u00c2\u00a0\u00c2\u00a0\"Storage\" is incompatible with protocol \"StorageLike\"\n  \u00c2\u00a0\u00c2\u00a0\u00c2\u00a0\u00c2\u00a0\"get_card\" is an incompatible type\n  \u00c2\u00a0\u00c2\u00a0\u00c2\u00a0\u00c2\u00a0\u00c2\u00a0\u00c2\u00a0Type \"(card_id: str) -> (Notecard | None)\" is not assignable to type \"(card_id: str) -> (NotecardLike | None)\"\n  \u00c2\u00a0\u00c2\u00a0\u00c2\u00a0\u00c2\u00a0\u00c2\u00a0\u00c2\u00a0\u00c2\u00a0\u00c2\u00a0Function return type \"Notecard | None\" is incompatible with type \"NotecardLike | None\"\n  \u00c2\u00a0\u00c2\u00a0\u00c2\u00a0\u00c2\u00a0\u00c2\u00a0\u00c2\u00a0\u00c2\u00a0\u00c2\u00a0\u00c2\u00a0\u00c2\u00a0Type \"Notecard | None\" is not assignable to type \"NotecardLike | None\"\n  \u00c2\u00a0\u00c2\u00a0\u00c2\u00a0\u00c2\u00a0\"insert_action\" is an incompatible type\n  \u00c2\u00a0\u00c2\u00a0\u00c2\u00a0\u00c2\u00a0\u00c2\u00a0\u00c2\u00a0Type \"(card_id: str, action_type: str, meta: dict[str, Any]) -> None\" is not assignable to type \"(card_id: str, action_type: str, meta: Mapping[str, object]) -> None\"\n  \u00c2\u00a0\u00c2\u00a0\u00c2\u00a0\u00c2\u00a0\u00c2\u00a0\u00c2\u00a0\u00c2\u00a0\u00c2\u00a0Parameter 3: type \"Mapping[str, object]\" is incompatible with type \"dict[str, Any]\"\n    ... (reportArgumentType)\n9 errors, 0 warnings, 0 informations\n",
            "tool": "pyright",
            "tool_module": "pyright",
            "tool_version": "pyright 1.1.406"
        },
        {
            "cached": false,
            "cmd": [
                "C:\\x_runner_x\\x_make_yahw_x\\.venv\\Scripts\\python.exe",
                "-m",
                "mypy",
                ".",
                "--strict",
                "--no-warn-unused-configs",
                "--show-error-codes",
                "--warn-return-any",
                "--warn-unreachable",
                "--disallow-any-unimported",
                "--disallow-any-expr",
                "--disallow-any-decorated",
                "--disallow-any-explicit"
            ],
            "cmd_display": "C:\\x_runner_x\\x_make_yahw_x\\.venv\\Scripts\\python.exe -m mypy . --strict --no-warn-unused-configs --show-error-codes --warn-return-any --warn-unreachable --disallow-any-unimported --disallow-any-expr --disallow-any-decorated --disallow-any-explicit",
            "cwd": "C:\\x_runner_x\\x_make_github_clones_x",
            "duration_seconds": 0.8328607999719679,
            "ended_at": "2025-10-12T05:03:21.139332+00:00",
            "exit": 1,
            "repo": "x_make_github_clones_x",
            "repo_hash": "d5255fad007519fd51c5af676d7b798d0dc8555d1988292f0b249c8c33408572",
            "repo_path": "C:\\x_runner_x\\x_make_github_clones_x",
            "started_at": "2025-10-12T05:03:20.306472+00:00",
            "stderr": "",
            "stdout": "tests\\test_make_github_clones.py:25: error: Expression type contains \"Any\" (has type overloaded function)  [misc]\nFound 1 error in 1 file (checked 11 source files)\n",
            "tool": "mypy",
            "tool_module": "mypy",
            "tool_version": "mypy 1.18.2 (compiled: yes)"
        }
    ],
    "had_failures": true,
    "posteriori_index_path": "C:\\x_runner_x\\x_make_github_visitor_x\\x_index_b_a_posteriori_x.json",
    "root": "C:\\x_runner_x",
    "runtime_snapshot": {
        "environment": {
            "PATH": "C:\\WINDOWS\\system32;C:\\WINDOWS;C:\\WINDOWS\\System32\\Wbem;C:\\WINDOWS\\System32\\WindowsPowerShell\\v1.0\\;C:\\WINDOWS\\System32\\OpenSSH\\;C:\\Program Files\\Git\\cmd;C:\\Users\\eye43\\AppData\\Local\\Programs\\Python\\Python313\\Scripts\\;C:\\Users\\eye43\\AppData\\Local\\Programs\\Python\\Python313\\;C:\\Users\\eye43\\AppData\\Local\\Microsoft\\WindowsApps;C:\\Users\\eye43\\AppData\\Local\\Programs\\Microsoft VS Code\\bin;c:\\Users\\eye43\\.vscode\\extensions\\ms-python.debugpy-2025.14.0-win32-x64\\bundled\\scripts\\noConfigScripts;c:\\Users\\eye43\\AppData\\Roaming\\Code\\User\\globalStorage\\github.copilot-chat\\debugCommand"
        },
        "platform": "Windows-11-10.0.22631-SP0",
        "python_executable": "C:\\x_runner_x\\x_make_yahw_x\\.venv\\Scripts\\python.exe",
        "python_version": "3.13.7 (tags/v3.13.7:bcee1c3, Aug 14 2025, 14:15:11) [MSC v.1944 64 bit (AMD64)]",
        "run_completed_at": "2025-10-12T05:03:33.163482+00:00",
        "run_started_at": "2025-10-12T05:03:04.899758+00:00",
        "workspace_root": "C:\\x_runner_x"
    },
    "summary_report_path": "C:\\x_runner_x\\x_make_github_visitor_x\\x_summary_report_x.json",
    "timestamp": "2025-10-12T05:03:38.226244+00:00",
    "tool_versions": {
        "black": "python -m black, 25.9.0 (compiled: yes)\nPython (CPython) 3.13.7",
        "mypy": "mypy 1.18.2 (compiled: yes)",
        "pyright": "pyright 1.1.406",
        "ruff": "ruff 0.14.0"
    },
    "total_failures": 6
}