{
    "failures": [
        {
            "captured_at": "2025-10-15T05:03:48.716989+00:00",
            "command": "C:\\x_runner_x\\x_make_yahw_x\\.venv\\Scripts\\python.exe -m black . --line-length 88 --target-version py311 --check --diff",
            "detail": {
                "cached": false,
                "cmd": [
                    "C:\\x_runner_x\\x_make_yahw_x\\.venv\\Scripts\\python.exe",
                    "-m",
                    "black",
                    ".",
                    "--line-length",
                    "88",
                    "--target-version",
                    "py311",
                    "--check",
                    "--diff"
                ],
                "cmd_display": "C:\\x_runner_x\\x_make_yahw_x\\.venv\\Scripts\\python.exe -m black . --line-length 88 --target-version py311 --check --diff",
                "cwd": "C:\\x_runner_x\\x_0_make_all_x",
                "duration_seconds": 3.386598499957472,
                "ended_at": "2025-10-15T05:03:48.716989+00:00",
                "exit": 1,
                "failed_files": [],
                "files_checked": [
                    "__init__.py",
                    "forceit.py",
                    "interface/__init__.py",
                    "interface/gui/__init__.py",
                    "interface/gui/app.py",
                    "interface/gui/commit.py",
                    "interface/gui/tree.py",
                    "manifest.py",
                    "tests/__init__.py",
                    "tests/test_forceit.py",
                    "tests/test_gui_columns.py",
                    "tests/test_gui_commit.py",
                    "tests/test_gui_exit_code.py",
                    "tests/test_gui_tree.py",
                    "tests/test_orchestrator_clones_stage.py",
                    "tests/test_publish_manifest.py",
                    "x_cls_make_all_x.py"
                ],
                "repo": "x_0_make_all_x",
                "repo_hash": "9ab27c7d5707c69f6c98decd54270aa22464e12cf3901a65b7e90ea2c05ae86f",
                "repo_path": "C:\\x_runner_x\\x_0_make_all_x",
                "started_at": "2025-10-15T05:03:45.330391+00:00",
                "stderr": "would reformat C:\\x_runner_x\\x_0_make_all_x\\tests\\test_orchestrator_clones_stage.py\nwould reformat C:\\x_runner_x\\x_0_make_all_x\\interface\\gui\\app.py\nwould reformat C:\\x_runner_x\\x_0_make_all_x\\x_cls_make_all_x.py\n\nOh no! \\U0001f4a5 \\U0001f494 \\U0001f4a5\n3 files would be reformatted, 14 files would be left unchanged.\n",
                "stdout": "--- C:\\x_runner_x\\x_0_make_all_x\\tests\\test_orchestrator_clones_stage.py\t2025-10-15 03:51:44.186921+00:00\n+++ C:\\x_runner_x\\x_0_make_all_x\\tests\\test_orchestrator_clones_stage.py\t2025-10-15 05:03:47.127594+00:00\n@@ -20,10 +20,11 @@\n         target_dir=str(tmp_path / \"workspace\"),\n         shallow=False,\n         include_forks=False,\n         force_reclone=False,\n     )\n+\n     def _options_override(self: object, ctx: object) -> SimpleNamespace:\n         return options\n \n     def _delegate_override(self: object) -> None:\n         return None\n@@ -72,11 +73,13 @@\n     summary = orchestrator.generate_run_summary()\n     assert isinstance(summary, dict)\n     stages = summary.get(\"stages\")\n     assert isinstance(stages, list)\n     typed_stages = cast(\"list[dict[str, Any]]\", stages)\n-    cloning_stage = next(stage for stage in typed_stages if stage.get(\"id\") == \"cloning\")\n+    cloning_stage = next(\n+        stage for stage in typed_stages if stage.get(\"id\") == \"cloning\"\n+    )\n     metadata = cast(\"dict[str, Any]\", cloning_stage.get(\"metadata\"))\n     assert metadata is not None\n     assert metadata[\"report_path\"].endswith(\"clones_run.json\")\n     assert metadata[\"report_summary\"] == report_summary\n     assert any(\n--- C:\\x_runner_x\\x_0_make_all_x\\interface\\gui\\app.py\t2025-10-15 05:03:26.846182+00:00\n+++ C:\\x_runner_x\\x_0_make_all_x\\interface\\gui\\app.py\t2025-10-15 05:03:48.015606+00:00\n@@ -242,10 +242,12 @@\n         return _DEFAULT_COLUMN_KEYS\n     deduped = tuple(dict.fromkeys(_iter_enabled_column_keys(payload)))\n     if not deduped:\n         return _DEFAULT_COLUMN_KEYS\n     return deduped\n+\n+\n def _build_column_specs() -> tuple[ColumnSpec, ...]:\n     keys = _read_column_toggle_keys()\n     specs: list[ColumnSpec] = []\n     seen: set[str] = set()\n     for key in keys:\n@@ -361,11 +363,12 @@\n         self._column_index_to_spec: dict[int, ColumnSpec] = {\n             self.TOOL_COLUMN_START_INDEX + offset: spec\n             for offset, spec in enumerate(self._column_specs)\n         }\n         self._column_key_to_index: dict[str, int] = {\n-            spec.key.lower(): index for index, spec in self._column_index_to_spec.items()\n+            spec.key.lower(): index\n+            for index, spec in self._column_index_to_spec.items()\n         }\n         self._tool_columns: dict[str, int] = {}\n         for index, spec in self._column_index_to_spec.items():\n             names = {spec.key}\n             names.update(spec.aliases)\n@@ -400,13 +403,11 @@\n         header.setMinimumSectionSize(120)\n         header.setSectionsMovable(True)\n         self._status_table.setHorizontalScrollMode(\n             QtWidgets.QAbstractItemView.ScrollPerPixel\n         )\n-        self._status_table.setHorizontalScrollBarPolicy(\n-            QtCore.Qt.ScrollBarAsNeeded\n-        )\n+        self._status_table.setHorizontalScrollBarPolicy(QtCore.Qt.ScrollBarAsNeeded)\n \n         main_layout = QtWidgets.QVBoxLayout()\n         main_layout.addWidget(self._summary_label)\n         main_layout.addWidget(self._status_table)\n \n@@ -836,11 +837,13 @@\n         }\n         payload = _read_json_mapping(summary_path)\n         if payload is None:\n             for repo in repo_names:\n                 for column_key, message in placeholder_columns.items():\n-                    self._apply_column_state_for_repo(repo, column_key, \"skipped\", message)\n+                    self._apply_column_state_for_repo(\n+                        repo, column_key, \"skipped\", message\n+                    )\n             if summary_path.exists():\n                 self.enqueue_log(\n                     f\"[summary] Unable to read {summary_path.name}; lifecycle columns left with placeholders.\"\n                 )\n             else:\n@@ -848,11 +851,15 @@\n                     \"[summary] make_all_summary.json missing; lifecycle columns set to placeholders.\"\n                 )\n             return\n \n         artifacts_obj = payload.get(\"artifacts\")\n-        artifacts = cast(\"Mapping[str, object]\", artifacts_obj) if isinstance(artifacts_obj, Mapping) else {}\n+        artifacts = (\n+            cast(\"Mapping[str, object]\", artifacts_obj)\n+            if isinstance(artifacts_obj, Mapping)\n+            else {}\n+        )\n         pypi_status_obj = artifacts.get(\"pypi_release_status\") if artifacts else None\n         pypi_status = (\n             cast(\"Mapping[str, object]\", pypi_status_obj)\n             if isinstance(pypi_status_obj, Mapping)\n             else {}\n@@ -861,11 +868,13 @@\n         pip_packages: set[str] = set()\n         if isinstance(pip_packages_obj, list):\n             for entry in pip_packages_obj:\n                 if isinstance(entry, str) and entry.strip():\n                     pip_packages.add(entry.strip())\n-        pip_updates_completed_obj = artifacts.get(\"pip_updates_completed\") if artifacts else None\n+        pip_updates_completed_obj = (\n+            artifacts.get(\"pip_updates_completed\") if artifacts else None\n+        )\n         pip_updates_completed = (\n             bool(pip_updates_completed_obj)\n             if isinstance(pip_updates_completed_obj, bool)\n             else False\n         )\n@@ -882,14 +891,20 @@\n                     stage_id = stage_id_obj.strip().lower()\n                 if stage_id:\n                     stage_map[stage_id] = cast(\"Mapping[str, object]\", entry)\n \n         generated_at_obj = payload.get(\"generated_at\")\n-        generated_at = generated_at_obj.strip() if isinstance(generated_at_obj, str) else None\n-\n-        cloning_state, cloning_message = self._resolve_stage_status(stage_map, \"cloning\")\n-        publishing_state, publishing_message = self._resolve_stage_status(stage_map, \"publishing\")\n+        generated_at = (\n+            generated_at_obj.strip() if isinstance(generated_at_obj, str) else None\n+        )\n+\n+        cloning_state, cloning_message = self._resolve_stage_status(\n+            stage_map, \"cloning\"\n+        )\n+        publishing_state, publishing_message = self._resolve_stage_status(\n+            stage_map, \"publishing\"\n+        )\n \n         for repo in repo_names:\n             files = self._repo_files.get(repo, set())\n             if not files:\n                 continue\n@@ -988,13 +1003,11 @@\n \n         self.enqueue_log(\n             f\"[summary] Hydrated lifecycle columns from {summary_path.name}.\"\n         )\n \n-    def _apply_telemetry_event(\n-        self, event: dict[str, object]\n-    ) -> None:\n+    def _apply_telemetry_event(self, event: dict[str, object]) -> None:\n         source = event.get(\"source\")\n         if source != \"visitor\":\n             return\n         details_obj = event.get(\"details\", {})\n         if not isinstance(details_obj, dict):\n--- C:\\x_runner_x\\x_0_make_all_x\\x_cls_make_all_x.py\t2025-10-15 03:47:16.970024+00:00\n+++ C:\\x_runner_x\\x_0_make_all_x\\x_cls_make_all_x.py\t2025-10-15 05:03:48.160286+00:00\n@@ -846,13 +846,11 @@\n             self._clones_report_path = report_path\n             self._clones_report_summary = report_summary\n \n             if report_path is not None:\n                 metadata[\"report_path\"] = str(report_path)\n-                stage_messages.append(\n-                    f\"Recorded clones JSON report at {report_path}\"\n-                )\n+                stage_messages.append(f\"Recorded clones JSON report at {report_path}\")\n             if report_summary is not None:\n                 metadata[\"report_summary\"] = self._json_ready(report_summary)\n \n             status = \"completed\" if entrypoint_error is None else \"attention\"\n             if not stage_messages:\n",
                "tool": "black",
                "tool_module": "black",
                "tool_version": "python -m black, 25.9.0 (compiled: yes)\nPython (CPython) 3.13.7"
            },
            "exit": "exit 1",
            "message": "black failed for x_0_make_all_x (exit 1)\ncwd: C:\\x_runner_x\\x_0_make_all_x\ncommand: C:\\x_runner_x\\x_make_yahw_x\\.venv\\Scripts\\python.exe -m black . --line-length 88 --target-version py311 --check --diff\nstarted_at: 2025-10-15T05:03:45.330391+00:00\nduration: 3.387s\ntool_version: python -m black, 25.9.0 (compiled: yes)\nPython (CPython) 3.13.7\nstdout:\n--- C:\\x_runner_x\\x_0_make_all_x\\tests\\test_orchestrator_clones_stage.py\t2025-10-15 03:51:44.186921+00:00\n+++ C:\\x_runner_x\\x_0_make_all_x\\tests\\test_orchestrator_clones_stage.py\t2025-10-15 05:03:47.127594+00:00\n@@ -20,10 +20,11 @@\n         target_dir=str(tmp_path / \"workspace\"),\n         shallow=False,\n\u2026\nstderr:\nwould reformat C:\\x_runner_x\\x_0_make_all_x\\tests\\test_orchestrator_clones_stage.py\nwould reformat C:\\x_runner_x\\x_0_make_all_x\\interface\\gui\\app.py\nwould reformat C:\\x_runner_x\\x_0_make_all_x\\x_cls_make_all_x.py\n\nOh no! \\U0001f4a5 \\U0001f494 \\U0001f4a5\n\u2026",
            "repo": "x_0_make_all_x",
            "repo_path": "C:\\x_runner_x\\x_0_make_all_x",
            "stderr_preview": "would reformat C:\\x_runner_x\\x_0_make_all_x\\tests\\test_orchestrator_clones_stage.py\nwould reformat C:\\x_runner_x\\x_0_make_all_x\\interface\\gui\\app.py\nwould reformat C:\\x_runner_x\\x_0_make_all_x\\x_cls_make_all_x.py\n\nOh no! \\U0001f4a5 \\U0001f494 \\U0001f4a5\n\u2026",
            "stdout_preview": "--- C:\\x_runner_x\\x_0_make_all_x\\tests\\test_orchestrator_clones_stage.py\t2025-10-15 03:51:44.186921+00:00\n+++ C:\\x_runner_x\\x_0_make_all_x\\tests\\test_orchestrator_clones_stage.py\t2025-10-15 05:03:47.127594+00:00\n@@ -20,10 +20,11 @@\n         target_dir=str(tmp_path / \"workspace\"),\n         shallow=False,\n\u2026",
            "suggested_action": "Investigate",
            "summary": "black failed for x_0_make_all_x (exit 1) cwd: C:\\x_runner_x\\x_0_make_all_x command: C:\\x_runner_x\\x_make_yahw_x\\.venv\\Scripts\\python.exe -m black . --line-length 88 --target-version py311 --check --diff started_at: 2025-10-15T05:03:45.3303\u2026",
            "tool": "black",
            "tool_version": "python -m black, 25.9.0 (compiled: yes)\nPython (CPython) 3.13.7"
        },
        {
            "captured_at": "2025-10-15T05:03:50.896566+00:00",
            "command": "C:\\x_runner_x\\x_make_yahw_x\\.venv\\Scripts\\python.exe -m mypy . --strict --no-warn-unused-configs --show-error-codes --warn-return-any --warn-unreachable --disallow-any-unimported --disallow-any-expr --disallow-any-decorated --disallow-any-explicit",
            "detail": {
                "cached": false,
                "cmd": [
                    "C:\\x_runner_x\\x_make_yahw_x\\.venv\\Scripts\\python.exe",
                    "-m",
                    "mypy",
                    ".",
                    "--strict",
                    "--no-warn-unused-configs",
                    "--show-error-codes",
                    "--warn-return-any",
                    "--warn-unreachable",
                    "--disallow-any-unimported",
                    "--disallow-any-expr",
                    "--disallow-any-decorated",
                    "--disallow-any-explicit"
                ],
                "cmd_display": "C:\\x_runner_x\\x_make_yahw_x\\.venv\\Scripts\\python.exe -m mypy . --strict --no-warn-unused-configs --show-error-codes --warn-return-any --warn-unreachable --disallow-any-unimported --disallow-any-expr --disallow-any-decorated --disallow-any-explicit",
                "cwd": "C:\\x_runner_x\\x_0_make_all_x",
                "duration_seconds": 1.8328275999519974,
                "ended_at": "2025-10-15T05:03:50.896566+00:00",
                "exit": 1,
                "failed_files": [],
                "files_checked": [
                    "__init__.py",
                    "forceit.py",
                    "interface/__init__.py",
                    "interface/gui/__init__.py",
                    "interface/gui/app.py",
                    "interface/gui/commit.py",
                    "interface/gui/tree.py",
                    "manifest.py",
                    "tests/__init__.py",
                    "tests/test_forceit.py",
                    "tests/test_gui_columns.py",
                    "tests/test_gui_commit.py",
                    "tests/test_gui_exit_code.py",
                    "tests/test_gui_tree.py",
                    "tests/test_orchestrator_clones_stage.py",
                    "tests/test_publish_manifest.py",
                    "x_cls_make_all_x.py"
                ],
                "repo": "x_0_make_all_x",
                "repo_hash": "9ab27c7d5707c69f6c98decd54270aa22464e12cf3901a65b7e90ea2c05ae86f",
                "repo_path": "C:\\x_runner_x\\x_0_make_all_x",
                "started_at": "2025-10-15T05:03:49.063741+00:00",
                "stderr": "",
                "stdout": "manifest.py:266: error: Incompatible types in assignment (expression has type \"tuple[str, ...]\", variable has type \"tuple[str]\")  [assignment]\nx_cls_make_all_x.py:562: error: Name \"entry\" already defined on line 534  [no-redef]\nx_cls_make_all_x.py:562: error: Expression type contains \"Any\" (has type \"dict[Any, Any]\")  [misc]\nx_cls_make_all_x.py:569: error: Argument 1 to \"append\" of \"list\" has incompatible type \"dict[str, Collection[str]]\"; expected \"dict[str, object]\"  [arg-type]\nx_cls_make_all_x.py:569: note: \"dict\" is invariant -- see https://mypy.readthedocs.io/en/stable/common_issues.html#variance\nx_cls_make_all_x.py:569: note: Consider using \"Mapping\" instead, which is covariant in the value type\nx_cls_make_all_x.py:579: error: Incompatible types in assignment (expression has type \"dict[str, object]\", variable has type \"dict[str, Collection[str]]\")  [assignment]\nx_cls_make_all_x.py:603: error: Argument 1 to \"append\" of \"list\" has incompatible type \"dict[str, Collection[str]]\"; expected \"dict[str, object]\"  [arg-type]\nx_cls_make_all_x.py:603: note: \"dict\" is invariant -- see https://mypy.readthedocs.io/en/stable/common_issues.html#variance\nx_cls_make_all_x.py:603: note: Consider using \"Mapping\" instead, which is covariant in the value type\nx_cls_make_all_x.py:646: error: Returning Any from function declared to return \"dict[str, object] | None\"  [no-any-return]\nx_cls_make_all_x.py:646: error: Expression has type \"Any\"  [misc]\nx_cls_make_all_x.py:826: error: Expression type contains \"Any\" (has type \"Any | None\")  [misc]\nx_cls_make_all_x.py:827: error: Expression type contains \"Any\" (has type \"Any | None\")  [misc]\nx_cls_make_all_x.py:829: error: Expression type contains \"Any\" (has type \"Any | None\")  [misc]\nx_cls_make_all_x.py:833: error: Expression type contains \"Any\" (has type \"Any | None\")  [misc]\nx_cls_make_all_x.py:834: error: Expression type contains \"Any\" (has type \"Any | None\")  [misc]\nx_cls_make_all_x.py:836: error: Expression has type \"Any\"  [misc]\nx_cls_make_all_x.py:839: error: Expression has type \"Any\"  [misc]\nx_cls_make_all_x.py:993: error: Expression type contains \"Any\" (has type \"Any | None\")  [misc]\nx_cls_make_all_x.py:994: error: Expression type contains \"Any\" (has type \"Any | None\")  [misc]\nx_cls_make_all_x.py:995: error: Expression has type \"Any\"  [misc]\nx_cls_make_all_x.py:998: error: Expression has type \"Any\"  [misc]\nx_cls_make_all_x.py:1129: error: Expression type contains \"Any\" (has type \"Any | None\")  [misc]\nx_cls_make_all_x.py:1130: error: Expression type contains \"Any\" (has type \"Any | None\")  [misc]\nx_cls_make_all_x.py:1131: error: Expression has type \"Any\"  [misc]\nx_cls_make_all_x.py:1134: error: Expression has type \"Any\"  [misc]\ntests\\test_orchestrator_clones_stage.py:76: error: Explicit \"Any\" is not allowed  [explicit-any]\ntests\\test_orchestrator_clones_stage.py:76: error: Expression type contains \"Any\" (has type \"list[dict[str, Any]]\")  [misc]\ntests\\test_orchestrator_clones_stage.py:77: error: Expression type contains \"Any\" (has type \"dict[str, Any]\")  [misc]\ntests\\test_orchestrator_clones_stage.py:77: error: Expression type contains \"Any\" (has type \"Generator[dict[str, Any], None, None]\")  [misc]\ntests\\test_orchestrator_clones_stage.py:77: error: Expression type contains \"Any\" (has type \"list[dict[str, Any]]\")  [misc]\ntests\\test_orchestrator_clones_stage.py:77: error: Expression type contains \"Any\" (has type \"Any | None\")  [misc]\ntests\\test_orchestrator_clones_stage.py:77: error: Expression type contains \"Any\" (has type \"Any | bool\")  [misc]\ntests\\test_orchestrator_clones_stage.py:78: error: Explicit \"Any\" is not allowed  [explicit-any]\ntests\\test_orchestrator_clones_stage.py:78: error: Expression type contains \"Any\" (has type \"dict[str, Any]\")  [misc]\ntests\\test_orchestrator_clones_stage.py:79: error: Expression type contains \"Any\" (has type \"dict[str, Any]\")  [misc]\ntests\\test_orchestrator_clones_stage.py:80: error: Expression type contains \"Any\" (has type \"dict[str, Any]\")  [misc]\ntests\\test_orchestrator_clones_stage.py:80: error: Expression has type \"Any\"  [misc]\ntests\\test_orchestrator_clones_stage.py:81: error: Expression type contains \"Any\" (has type \"dict[str, Any]\")  [misc]\ntests\\test_orchestrator_clones_stage.py:81: error: Expression has type \"Any\"  [misc]\ntests\\test_orchestrator_clones_stage.py:84: error: Expression type contains \"Any\" (has type \"dict[str, Any]\")  [misc]\ntests\\test_orchestrator_clones_stage.py:84: error: Expression type contains \"Any\" (has type \"list[Any]\")  [misc]\ntests\\test_orchestrator_clones_stage.py:87: error: Explicit \"Any\" is not allowed  [explicit-any]\ntests\\test_orchestrator_clones_stage.py:87: error: Expression type contains \"Any\" (has type \"dict[str, Any]\")  [misc]\ntests\\test_orchestrator_clones_stage.py:88: error: Expression type contains \"Any\" (has type \"dict[str, Any]\")  [misc]\ntests\\test_orchestrator_clones_stage.py:89: error: Expression type contains \"Any\" (has type \"dict[str, Any]\")  [misc]\ntests\\test_orchestrator_clones_stage.py:89: error: Expression has type \"Any\"  [misc]\ntests\\test_orchestrator_clones_stage.py:90: error: Expression type contains \"Any\" (has type \"dict[str, Any]\")  [misc]\ntests\\test_orchestrator_clones_stage.py:90: error: Expression has type \"Any\"  [misc]\ntests\\test_gui_columns.py:26: error: Expression has type \"Any\"  [misc]\ntests\\test_gui_columns.py:28: error: Expression has type \"Any\"  [misc]\ntests\\test_gui_columns.py:29: error: Expression has type \"Any\"  [misc]\ntests\\test_gui_columns.py:35: error: Expression type contains \"Any\" (has type \"dict[str, Any | None]\")  [misc]\ntests\\test_gui_columns.py:96: error: Expression has type \"Any\"  [misc]\ntests\\test_gui_columns.py:100: error: Expression has type \"Any\"  [misc]\ntests\\test_gui_columns.py:101: error: Expression has type \"Any\"  [misc]\ntests\\test_gui_columns.py:102: error: Expression has type \"Any\"  [misc]\ntests\\test_gui_columns.py:102: error: \"type[Qt]\" has no attribute \"UserRole\"  [attr-defined]\nFound 55 errors in 4 files (checked 17 source files)\n",
                "tool": "mypy",
                "tool_module": "mypy",
                "tool_version": "mypy 1.18.2 (compiled: yes)"
            },
            "exit": "exit 1",
            "message": "mypy failed for x_0_make_all_x (exit 1)\ncwd: C:\\x_runner_x\\x_0_make_all_x\ncommand: C:\\x_runner_x\\x_make_yahw_x\\.venv\\Scripts\\python.exe -m mypy . --strict --no-warn-unused-configs --show-error-codes --warn-return-any --warn-unreachable --disallow-any-unimported --disallow-any-expr --disallow-any-decorated --disallow-any-explicit\nstarted_at: 2025-10-15T05:03:49.063741+00:00\nduration: 1.833s\ntool_version: mypy 1.18.2 (compiled: yes)\nstdout:\nmanifest.py:266: error: Incompatible types in assignment (expression has type \"tuple[str, ...]\", variable has type \"tuple[str]\")  [assignment]\nx_cls_make_all_x.py:562: error: Name \"entry\" already defined on line 534  [no-redef]\nx_cls_make_all_x.py:562: error: Expression type contains \"Any\" (has type \"dict[Any, Any]\")  [misc]\nx_cls_make_all_x.py:569: error: Argument 1 to \"append\" of \"list\" has incompatible type \"dict[str, Collection[str]]\"; expected \"dict[str, object]\"  [arg-type]\nx_cls_make_all_x.py:569: note: \"dict\" is invariant -- see https://mypy.readthedocs.io/en/stable/common_issues.html#variance\n\u2026\nstderr:\n<empty>",
            "repo": "x_0_make_all_x",
            "repo_path": "C:\\x_runner_x\\x_0_make_all_x",
            "stderr_preview": null,
            "stdout_preview": "manifest.py:266: error: Incompatible types in assignment (expression has type \"tuple[str, ...]\", variable has type \"tuple[str]\")  [assignment]\nx_cls_make_all_x.py:562: error: Name \"entry\" already defined on line 534  [no-redef]\nx_cls_make_all_x.py:562: error: Expression type contains \"Any\" (has type \"dict[Any, Any]\")  [misc]\nx_cls_make_all_x.py:569: error: Argument 1 to \"append\" of \"list\" has incompatible type \"dict[str, Collection[str]]\"; expected \"dict[str, object]\"  [arg-type]\nx_cls_make_all_x.py:569: note: \"dict\" is invariant -- see https://mypy.readthedocs.io/en/stable/common_issues.html#variance\n\u2026",
            "suggested_action": "Investigate",
            "summary": "mypy failed for x_0_make_all_x (exit 1) cwd: C:\\x_runner_x\\x_0_make_all_x command: C:\\x_runner_x\\x_make_yahw_x\\.venv\\Scripts\\python.exe -m mypy . --strict --no-warn-unused-configs --show-error-codes --warn-return-any --warn-unreachable --d\u2026",
            "tool": "mypy",
            "tool_version": "mypy 1.18.2 (compiled: yes)"
        },
        {
            "captured_at": "2025-10-15T05:03:49.053542+00:00",
            "command": "C:\\x_runner_x\\x_make_yahw_x\\.venv\\Scripts\\python.exe -m ruff check . --select ALL --ignore D,COM812,ISC001,T20 --line-length 88 --target-version py311",
            "detail": {
                "cached": false,
                "cmd": [
                    "C:\\x_runner_x\\x_make_yahw_x\\.venv\\Scripts\\python.exe",
                    "-m",
                    "ruff",
                    "check",
                    ".",
                    "--select",
                    "ALL",
                    "--ignore",
                    "D,COM812,ISC001,T20",
                    "--line-length",
                    "88",
                    "--target-version",
                    "py311"
                ],
                "cmd_display": "C:\\x_runner_x\\x_make_yahw_x\\.venv\\Scripts\\python.exe -m ruff check . --select ALL --ignore D,COM812,ISC001,T20 --line-length 88 --target-version py311",
                "cwd": "C:\\x_runner_x\\x_0_make_all_x",
                "duration_seconds": 0.33104760001879185,
                "ended_at": "2025-10-15T05:03:49.053542+00:00",
                "exit": 1,
                "failed_files": [],
                "files_checked": [
                    "__init__.py",
                    "forceit.py",
                    "interface/__init__.py",
                    "interface/gui/__init__.py",
                    "interface/gui/app.py",
                    "interface/gui/commit.py",
                    "interface/gui/tree.py",
                    "manifest.py",
                    "tests/__init__.py",
                    "tests/test_forceit.py",
                    "tests/test_gui_columns.py",
                    "tests/test_gui_commit.py",
                    "tests/test_gui_exit_code.py",
                    "tests/test_gui_tree.py",
                    "tests/test_orchestrator_clones_stage.py",
                    "tests/test_publish_manifest.py",
                    "x_cls_make_all_x.py"
                ],
                "repo": "x_0_make_all_x",
                "repo_hash": "9ab27c7d5707c69f6c98decd54270aa22464e12cf3901a65b7e90ea2c05ae86f",
                "repo_path": "C:\\x_runner_x\\x_0_make_all_x",
                "started_at": "2025-10-15T05:03:48.722496+00:00",
                "stderr": "",
                "stdout": "PLR0915 Too many statements (64 > 50)\n   --> interface\\gui\\app.py:338:9\n    |\n336 |     TOOL_COLUMN_START_INDEX = 2\n337 |\n338 |     def __init__(\n    |         ^^^^^^^^\n339 |         self,\n340 |         workspace_root: Path | str,\n    |\n\nE501 Line too long (89 > 88)\n   --> interface\\gui\\app.py:366:89\n    |\n364 |         }\n365 |         self._column_key_to_index: dict[str, int] = {\n366 |             spec.key.lower(): index for index, spec in self._column_index_to_spec.items()\n    |                                                                                         ^\n367 |         }\n368 |         self._tool_columns: dict[str, int] = {}\n    |\n\nRET504 Unnecessary assignment to `normalized` before `return` statement\n   --> interface\\gui\\app.py:525:16\n    |\n523 |             return \"\"\n524 |         normalized = _normalize_repo_name(value).lower()\n525 |         return normalized\n    |                ^^^^^^^^^^\n526 |\n527 |     def _set_cell_state(\n    |\nhelp: Remove unnecessary assignment\n\nC901 `_apply_summary_backfill` is too complex (25 > 10)\n   --> interface\\gui\\app.py:675:9\n    |\n673 |         return lookup\n674 |\n675 |     def _apply_summary_backfill(self) -> None:\n    |         ^^^^^^^^^^^^^^^^^^^^^^^\n676 |         report_path = self._find_latest_visitor_report()\n677 |         if report_path is None:\n    |\n\nPLR0912 Too many branches (25 > 12)\n   --> interface\\gui\\app.py:675:9\n    |\n673 |         return lookup\n674 |\n675 |     def _apply_summary_backfill(self) -> None:\n    |         ^^^^^^^^^^^^^^^^^^^^^^^\n676 |         report_path = self._find_latest_visitor_report()\n677 |         if report_path is None:\n    |\n\nPLR0915 Too many statements (77 > 50)\n   --> interface\\gui\\app.py:675:9\n    |\n673 |         return lookup\n674 |\n675 |     def _apply_summary_backfill(self) -> None:\n    |         ^^^^^^^^^^^^^^^^^^^^^^^\n676 |         report_path = self._find_latest_visitor_report()\n677 |         if report_path is None:\n    |\n\nC901 `_apply_static_gauntlet_backfill` is too complex (14 > 10)\n   --> interface\\gui\\app.py:767:9\n    |\n765 |         self._apply_static_gauntlet_backfill(repo_tool_counts)\n766 |\n767 |     def _apply_static_gauntlet_backfill(\n    |         ^^^^^^^^^^^^^^^^^^^^^^^^^^^^^^^\n768 |         self, repo_tool_counts: Mapping[str, Mapping[str, int]]\n769 |     ) -> None:\n    |\n\nPLR0912 Too many branches (15 > 12)\n   --> interface\\gui\\app.py:767:9\n    |\n765 |         self._apply_static_gauntlet_backfill(repo_tool_counts)\n766 |\n767 |     def _apply_static_gauntlet_backfill(\n    |         ^^^^^^^^^^^^^^^^^^^^^^^^^^^^^^^\n768 |         self, repo_tool_counts: Mapping[str, Mapping[str, int]]\n769 |     ) -> None:\n    |\n\nC901 `_apply_make_all_backfill` is too complex (25 > 10)\n   --> interface\\gui\\app.py:819:9\n    |\n817 |                 )\n818 |\n819 |     def _apply_make_all_backfill(self) -> None:\n    |         ^^^^^^^^^^^^^^^^^^^^^^^^\n820 |         summary_path = (\n821 |             self._workspace_root\n    |\n\nPLR0912 Too many branches (30 > 12)\n   --> interface\\gui\\app.py:819:9\n    |\n817 |                 )\n818 |\n819 |     def _apply_make_all_backfill(self) -> None:\n    |         ^^^^^^^^^^^^^^^^^^^^^^^^\n820 |         summary_path = (\n821 |             self._workspace_root\n    |\n\nPLR0915 Too many statements (84 > 50)\n   --> interface\\gui\\app.py:819:9\n    |\n817 |                 )\n818 |\n819 |     def _apply_make_all_backfill(self) -> None:\n    |         ^^^^^^^^^^^^^^^^^^^^^^^^\n820 |         summary_path = (\n821 |             self._workspace_root\n    |\n\nE501 Line too long (93 > 88)\n   --> interface\\gui\\app.py:835:89\n    |\n833 |             \"observability_readiness\": \"Awaiting observability checks automation.\",\n834 |             \"stakeholder_sign_off\": \"Awaiting sign-off registry integration.\",\n835 |             \"post_deployment_feedback_loop\": \"Awaiting production feedback intake pipeline.\",\n    |                                                                                         ^^^^^\n836 |         }\n837 |         payload = _read_json_mapping(summary_path)\n    |\n\nE501 Line too long (91 > 88)\n   --> interface\\gui\\app.py:841:89\n    |\n839 |             for repo in repo_names:\n840 |                 for column_key, message in placeholder_columns.items():\n841 |                     self._apply_column_state_for_repo(repo, column_key, \"skipped\", message)\n    |                                                                                         ^^^\n842 |             if summary_path.exists():\n843 |                 self.enqueue_log(\n    |\n\nE501 Line too long (110 > 88)\n   --> interface\\gui\\app.py:844:89\n    |\n842 |             if summary_path.exists():\n843 |                 self.enqueue_log(\n844 |                     f\"[summary] Unable to read {summary_path.name}; lifecycle columns left with placeholders.\"\n    |                                                                                         ^^^^^^^^^^^^^^^^^^^^^^\n845 |                 )\n846 |             else:\n    |\n\nE501 Line too long (101 > 88)\n   --> interface\\gui\\app.py:848:89\n    |\n846 |             else:\n847 |                 self.enqueue_log(\n848 |                     \"[summary] make_all_summary.json missing; lifecycle columns set to placeholders.\"\n    |                                                                                         ^^^^^^^^^^^^^\n849 |                 )\n850 |             return\n    |\n\nE501 Line too long (109 > 88)\n   --> interface\\gui\\app.py:853:89\n    |\n852 |         artifacts_obj = payload.get(\"artifacts\")\n853 |         artifacts = cast(\"Mapping[str, object]\", artifacts_obj) if isinstance(artifacts_obj, Mapping) else {}\n    |                                                                                         ^^^^^^^^^^^^^^^^^^^^^\n854 |         pypi_status_obj = artifacts.get(\"pypi_release_status\") if artifacts else None\n855 |         pypi_status = (\n    |\n\nE501 Line too long (97 > 88)\n   --> interface\\gui\\app.py:866:89\n    |\n864 |                 if isinstance(entry, str) and entry.strip():\n865 |                     pip_packages.add(entry.strip())\n866 |         pip_updates_completed_obj = artifacts.get(\"pip_updates_completed\") if artifacts else None\n    |                                                                                         ^^^^^^^^^\n867 |         pip_updates_completed = (\n868 |             bool(pip_updates_completed_obj)\n    |\n\nE501 Line too long (94 > 88)\n   --> interface\\gui\\app.py:887:89\n    |\n886 |         generated_at_obj = payload.get(\"generated_at\")\n887 |         generated_at = generated_at_obj.strip() if isinstance(generated_at_obj, str) else None\n    |                                                                                         ^^^^^^\n888 |\n889 |         cloning_state, cloning_message = self._resolve_stage_status(stage_map, \"cloning\")\n    |\n\nE501 Line too long (89 > 88)\n   --> interface\\gui\\app.py:889:89\n    |\n887 |         generated_at = generated_at_obj.strip() if isinstance(generated_at_obj, str) else None\n888 |\n889 |         cloning_state, cloning_message = self._resolve_stage_status(stage_map, \"cloning\")\n    |                                                                                         ^\n890 |         publishing_state, publishing_message = self._resolve_stage_status(stage_map, \"publishing\")\n    |\n\nE501 Line too long (98 > 88)\n   --> interface\\gui\\app.py:890:89\n    |\n889 |         cloning_state, cloning_message = self._resolve_stage_status(stage_map, \"cloning\")\n890 |         publishing_state, publishing_message = self._resolve_stage_status(stage_map, \"publishing\")\n    |                                                                                         ^^^^^^^^^^\n891 |\n892 |         for repo in repo_names:\n    |\n\nC901 `_apply_telemetry_event` is too complex (21 > 10)\n   --> interface\\gui\\app.py:993:9\n    |\n991 |         )\n992 |\n993 |     def _apply_telemetry_event(\n    |         ^^^^^^^^^^^^^^^^^^^^^^\n994 |         self, event: dict[str, object]\n995 |     ) -> None:\n    |\n\nPLR0911 Too many return statements (9 > 6)\n   --> interface\\gui\\app.py:993:9\n    |\n991 |         )\n992 |\n993 |     def _apply_telemetry_event(\n    |         ^^^^^^^^^^^^^^^^^^^^^^\n994 |         self, event: dict[str, object]\n995 |     ) -> None:\n    |\n\nPLR0912 Too many branches (21 > 12)\n   --> interface\\gui\\app.py:993:9\n    |\n991 |         )\n992 |\n993 |     def _apply_telemetry_event(\n    |         ^^^^^^^^^^^^^^^^^^^^^^\n994 |         self, event: dict[str, object]\n995 |     ) -> None:\n    |\n\nC901 `manifest_python_allowlist` is too complex (14 > 10)\n   --> manifest.py:232:5\n    |\n232 | def manifest_python_allowlist(\n    |     ^^^^^^^^^^^^^^^^^^^^^^^^^\n233 |     entries: Sequence[ManifestEntry],\n234 | ) -> dict[str, tuple[str, ...]]:\n    |\n\nSLF001 Private member accessed: `_row_lookup`\n  --> tests\\test_gui_columns.py:93:18\n   |\n91 |     repo_key = \"x_make_common_x\"\n92 |     rel_path = \"sample.py\"\n93 |     row_lookup = window._row_lookup\n   |                  ^^^^^^^^^^^^^^^^^^\n94 |     row_index = row_lookup[(repo_key, rel_path)]\n95 |     column_map = window._column_key_to_index\n   |\n\nSLF001 Private member accessed: `_column_key_to_index`\n  --> tests\\test_gui_columns.py:95:18\n   |\n93 |     row_lookup = window._row_lookup\n94 |     row_index = row_lookup[(repo_key, rel_path)]\n95 |     column_map = window._column_key_to_index\n   |                  ^^^^^^^^^^^^^^^^^^^^^^^^^^^\n96 |     status_table = window._status_table\n   |\n\nSLF001 Private member accessed: `_status_table`\n  --> tests\\test_gui_columns.py:96:20\n   |\n94 |     row_index = row_lookup[(repo_key, rel_path)]\n95 |     column_map = window._column_key_to_index\n96 |     status_table = window._status_table\n   |                    ^^^^^^^^^^^^^^^^^^^^\n97 |\n98 |     def _state(column_key: str) -> str:\n   |\n\nTC003 Move standard library import `pathlib.Path` into a type-checking block\n --> tests\\test_orchestrator_clones_stage.py:3:21\n  |\n1 | from __future__ import annotations\n2 |\n3 | from pathlib import Path\n  |                     ^^^^\n4 | from types import SimpleNamespace\n5 | from typing import Any, cast\n  |\nhelp: Move into type-checking block\n\nTC002 Move third-party import `_pytest.monkeypatch.MonkeyPatch` into a type-checking block\n --> tests\\test_orchestrator_clones_stage.py:7:33\n  |\n5 | from typing import Any, cast\n6 |\n7 | from _pytest.monkeypatch import MonkeyPatch\n  |                                 ^^^^^^^^^^^\n8 |\n9 | import x_0_make_all_x.x_cls_make_all_x as orchestrator_module\n  |\nhelp: Move into type-checking block\n\nARG001 Unused function argument: `self`\n  --> tests\\test_orchestrator_clones_stage.py:25:27\n   |\n23 |         force_reclone=False,\n24 |     )\n25 |     def _options_override(self: object, ctx: object) -> SimpleNamespace:\n   |                           ^^^^\n26 |         return options\n   |\n\nARG001 Unused function argument: `ctx`\n  --> tests\\test_orchestrator_clones_stage.py:25:41\n   |\n23 |         force_reclone=False,\n24 |     )\n25 |     def _options_override(self: object, ctx: object) -> SimpleNamespace:\n   |                                         ^^^\n26 |         return options\n   |\n\nARG001 Unused function argument: `self`\n  --> tests\\test_orchestrator_clones_stage.py:28:28\n   |\n26 |         return options\n27 |\n28 |     def _delegate_override(self: object) -> None:\n   |                            ^^^^\n29 |         return None\n   |\n\nS101 Use of `assert` detected\n  --> tests\\test_orchestrator_clones_stage.py:70:5\n   |\n69 |     cloner = orchestrator.clone_repos(ctx=None)\n70 |     assert isinstance(cloner, StubCloner)\n   |     ^^^^^^\n71 |\n72 |     summary = orchestrator.generate_run_summary()\n   |\n\nS101 Use of `assert` detected\n  --> tests\\test_orchestrator_clones_stage.py:73:5\n   |\n72 |     summary = orchestrator.generate_run_summary()\n73 |     assert isinstance(summary, dict)\n   |     ^^^^^^\n74 |     stages = summary.get(\"stages\")\n75 |     assert isinstance(stages, list)\n   |\n\nS101 Use of `assert` detected\n  --> tests\\test_orchestrator_clones_stage.py:75:5\n   |\n73 |     assert isinstance(summary, dict)\n74 |     stages = summary.get(\"stages\")\n75 |     assert isinstance(stages, list)\n   |     ^^^^^^\n76 |     typed_stages = cast(\"list[dict[str, Any]]\", stages)\n77 |     cloning_stage = next(stage for stage in typed_stages if stage.get(\"id\") == \"cloning\")\n   |\n\nE501 Line too long (89 > 88)\n  --> tests\\test_orchestrator_clones_stage.py:77:89\n   |\n75 |     assert isinstance(stages, list)\n76 |     typed_stages = cast(\"list[dict[str, Any]]\", stages)\n77 |     cloning_stage = next(stage for stage in typed_stages if stage.get(\"id\") == \"cloning\")\n   |                                                                                         ^\n78 |     metadata = cast(\"dict[str, Any]\", cloning_stage.get(\"metadata\"))\n79 |     assert metadata is not None\n   |\n\nS101 Use of `assert` detected\n  --> tests\\test_orchestrator_clones_stage.py:79:5\n   |\n77 |     cloning_stage = next(stage for stage in typed_stages if stage.get(\"id\") == \"cloning\")\n78 |     metadata = cast(\"dict[str, Any]\", cloning_stage.get(\"metadata\"))\n79 |     assert metadata is not None\n   |     ^^^^^^\n80 |     assert metadata[\"report_path\"].endswith(\"clones_run.json\")\n81 |     assert metadata[\"report_summary\"] == report_summary\n   |\n\nS101 Use of `assert` detected\n  --> tests\\test_orchestrator_clones_stage.py:80:5\n   |\n78 |     metadata = cast(\"dict[str, Any]\", cloning_stage.get(\"metadata\"))\n79 |     assert metadata is not None\n80 |     assert metadata[\"report_path\"].endswith(\"clones_run.json\")\n   |     ^^^^^^\n81 |     assert metadata[\"report_summary\"] == report_summary\n82 |     assert any(\n   |\n\nS101 Use of `assert` detected\n  --> tests\\test_orchestrator_clones_stage.py:81:5\n   |\n79 |     assert metadata is not None\n80 |     assert metadata[\"report_path\"].endswith(\"clones_run.json\")\n81 |     assert metadata[\"report_summary\"] == report_summary\n   |     ^^^^^^\n82 |     assert any(\n83 |         \"Recorded clones JSON report\" in message\n   |\n\nS101 Use of `assert` detected\n  --> tests\\test_orchestrator_clones_stage.py:82:5\n   |\n80 |     assert metadata[\"report_path\"].endswith(\"clones_run.json\")\n81 |     assert metadata[\"report_summary\"] == report_summary\n82 |     assert any(\n   |     ^^^^^^\n83 |         \"Recorded clones JSON report\" in message\n84 |         for message in cast(\"list[str]\", cloning_stage.get(\"messages\", []))\n   |\n\nS101 Use of `assert` detected\n  --> tests\\test_orchestrator_clones_stage.py:88:5\n   |\n87 |     artifacts = cast(\"dict[str, Any]\", summary.get(\"artifacts\"))\n88 |     assert artifacts is not None\n   |     ^^^^^^\n89 |     assert artifacts[\"clones_report_path\"].endswith(\"clones_run.json\")\n90 |     assert artifacts[\"clones_report_summary\"] == report_summary\n   |\n\nS101 Use of `assert` detected\n  --> tests\\test_orchestrator_clones_stage.py:89:5\n   |\n87 |     artifacts = cast(\"dict[str, Any]\", summary.get(\"artifacts\"))\n88 |     assert artifacts is not None\n89 |     assert artifacts[\"clones_report_path\"].endswith(\"clones_run.json\")\n   |     ^^^^^^\n90 |     assert artifacts[\"clones_report_summary\"] == report_summary\n   |\n\nS101 Use of `assert` detected\n  --> tests\\test_orchestrator_clones_stage.py:90:5\n   |\n88 |     assert artifacts is not None\n89 |     assert artifacts[\"clones_report_path\"].endswith(\"clones_run.json\")\n90 |     assert artifacts[\"clones_report_summary\"] == report_summary\n   |     ^^^^^^\n   |\n\nPLR0912 Too many branches (17 > 12)\n   --> x_cls_make_all_x.py:529:9\n    |\n527 |         return Path(__file__).resolve().parent / \"reports\"\n528 |\n529 |     def generate_run_summary(self) -> dict[str, object]:\n    |         ^^^^^^^^^^^^^^^^^^^^\n530 |         stage_entries: list[dict[str, object]] = []\n531 |         for stage_id, default_title in self._KANBAN_STAGE_TEMPLATES:\n    |\n\nC901 `generate_run_summary` is too complex (14 > 10)\n   --> x_cls_make_all_x.py:529:9\n    |\n527 |         return Path(__file__).resolve().parent / \"reports\"\n528 |\n529 |     def generate_run_summary(self) -> dict[str, object]:\n    |         ^^^^^^^^^^^^^^^^^^^^\n530 |         stage_entries: list[dict[str, object]] = []\n531 |         for stage_id, default_title in self._KANBAN_STAGE_TEMPLATES:\n    |\n\nC901 `clone_repos` is too complex (24 > 10)\n   --> x_cls_make_all_x.py:692:9\n    |\n691 |     # Step 3: clone repositories (moved logic from freestanding clone_repos)\n692 |     def clone_repos(self, ctx: OrchestratorContext | None) -> object:\n    |         ^^^^^^^^^^^\n693 |         options = self._cloner_options(ctx)\n694 |         metadata: dict[str, object] = {\n    |\n\nPLR0912 Too many branches (26 > 12)\n   --> x_cls_make_all_x.py:692:9\n    |\n691 |     # Step 3: clone repositories (moved logic from freestanding clone_repos)\n692 |     def clone_repos(self, ctx: OrchestratorContext | None) -> object:\n    |         ^^^^^^^^^^^\n693 |         options = self._cloner_options(ctx)\n694 |         metadata: dict[str, object] = {\n    |\n\nPLR0915 Too many statements (97 > 50)\n   --> x_cls_make_all_x.py:692:9\n    |\n691 |     # Step 3: clone repositories (moved logic from freestanding clone_repos)\n692 |     def clone_repos(self, ctx: OrchestratorContext | None) -> object:\n    |         ^^^^^^^^^^^\n693 |         options = self._cloner_options(ctx)\n694 |         metadata: dict[str, object] = {\n    |\n\nE501 Line too long (90 > 88)\n   --> x_cls_make_all_x.py:781:89\n    |\n779 |                         callable_attr()\n780 |                         stage_messages.append(\n781 |                             f\"Invoked cloner.{method_name}() without positional overrides\"\n    |                                                                                         ^^\n782 |                         )\n783 |                     except (\n    |\n\nE501 Line too long (91 > 88)\n   --> x_cls_make_all_x.py:792:89\n    |\n790 |                         _error(\"Cloner run failed:\", err)\n791 |                         stage_messages.append(\n792 |                             f\"cloner.{method_name}() reported an error: {entrypoint_error}\"\n    |                                                                                         ^^^\n793 |                         )\n794 |                     break\n    |\n\nC901 `_launch_command_center` is too complex (11 > 10)\n    --> x_cls_make_all_x.py:1203:5\n     |\n1203 | def _launch_command_center(orchestrator: MakeAllOrchestrator) -> None:\n     |     ^^^^^^^^^^^^^^^^^^^^^^\n1204 |     summary_path = orchestrator.summary_path\n1205 |     if summary_path is None:\n     |\n\nFound 51 errors.\nNo fixes available (3 hidden fixes can be enabled with the `--unsafe-fixes` option).\n",
                "tool": "ruff_check",
                "tool_module": "ruff",
                "tool_version": "ruff 0.14.0"
            },
            "exit": "exit 1",
            "message": "ruff_check failed for x_0_make_all_x (exit 1)\ncwd: C:\\x_runner_x\\x_0_make_all_x\ncommand: C:\\x_runner_x\\x_make_yahw_x\\.venv\\Scripts\\python.exe -m ruff check . --select ALL --ignore D,COM812,ISC001,T20 --line-length 88 --target-version py311\nstarted_at: 2025-10-15T05:03:48.722496+00:00\nduration: 0.331s\ntool_version: ruff 0.14.0\nstdout:\nPLR0915 Too many statements (64 > 50)\n   --> interface\\gui\\app.py:338:9\n    |\n336 |     TOOL_COLUMN_START_INDEX = 2\n337 |\n\u2026\nstderr:\n<empty>",
            "repo": "x_0_make_all_x",
            "repo_path": "C:\\x_runner_x\\x_0_make_all_x",
            "stderr_preview": null,
            "stdout_preview": "PLR0915 Too many statements (64 > 50)\n   --> interface\\gui\\app.py:338:9\n    |\n336 |     TOOL_COLUMN_START_INDEX = 2\n337 |\n\u2026",
            "suggested_action": "Investigate",
            "summary": "ruff_check failed for x_0_make_all_x (exit 1) cwd: C:\\x_runner_x\\x_0_make_all_x command: C:\\x_runner_x\\x_make_yahw_x\\.venv\\Scripts\\python.exe -m ruff check . --select ALL --ignore D,COM812,ISC001,T20 --line-length 88 --target-version py311\u2026",
            "tool": "ruff_check",
            "tool_version": "ruff 0.14.0"
        },
        {
            "captured_at": "2025-10-15T05:03:45.318986+00:00",
            "command": "C:\\x_runner_x\\x_make_yahw_x\\.venv\\Scripts\\python.exe -m ruff check . --fix --select ALL --ignore D,COM812,ISC001,T20 --line-length 88 --target-version py311",
            "detail": {
                "cached": false,
                "cmd": [
                    "C:\\x_runner_x\\x_make_yahw_x\\.venv\\Scripts\\python.exe",
                    "-m",
                    "ruff",
                    "check",
                    ".",
                    "--fix",
                    "--select",
                    "ALL",
                    "--ignore",
                    "D,COM812,ISC001,T20",
                    "--line-length",
                    "88",
                    "--target-version",
                    "py311"
                ],
                "cmd_display": "C:\\x_runner_x\\x_make_yahw_x\\.venv\\Scripts\\python.exe -m ruff check . --fix --select ALL --ignore D,COM812,ISC001,T20 --line-length 88 --target-version py311",
                "cwd": "C:\\x_runner_x\\x_0_make_all_x",
                "duration_seconds": 0.3273756999988109,
                "ended_at": "2025-10-15T05:03:45.318986+00:00",
                "exit": 1,
                "failed_files": [],
                "files_checked": [
                    "__init__.py",
                    "forceit.py",
                    "interface/__init__.py",
                    "interface/gui/__init__.py",
                    "interface/gui/app.py",
                    "interface/gui/commit.py",
                    "interface/gui/tree.py",
                    "manifest.py",
                    "tests/__init__.py",
                    "tests/test_forceit.py",
                    "tests/test_gui_columns.py",
                    "tests/test_gui_commit.py",
                    "tests/test_gui_exit_code.py",
                    "tests/test_gui_tree.py",
                    "tests/test_orchestrator_clones_stage.py",
                    "tests/test_publish_manifest.py",
                    "x_cls_make_all_x.py"
                ],
                "repo": "x_0_make_all_x",
                "repo_hash": "9ab27c7d5707c69f6c98decd54270aa22464e12cf3901a65b7e90ea2c05ae86f",
                "repo_path": "C:\\x_runner_x\\x_0_make_all_x",
                "started_at": "2025-10-15T05:03:44.991611+00:00",
                "stderr": "",
                "stdout": "PLR0915 Too many statements (64 > 50)\n   --> interface\\gui\\app.py:338:9\n    |\n336 |     TOOL_COLUMN_START_INDEX = 2\n337 |\n338 |     def __init__(\n    |         ^^^^^^^^\n339 |         self,\n340 |         workspace_root: Path | str,\n    |\n\nE501 Line too long (89 > 88)\n   --> interface\\gui\\app.py:366:89\n    |\n364 |         }\n365 |         self._column_key_to_index: dict[str, int] = {\n366 |             spec.key.lower(): index for index, spec in self._column_index_to_spec.items()\n    |                                                                                         ^\n367 |         }\n368 |         self._tool_columns: dict[str, int] = {}\n    |\n\nRET504 Unnecessary assignment to `normalized` before `return` statement\n   --> interface\\gui\\app.py:525:16\n    |\n523 |             return \"\"\n524 |         normalized = _normalize_repo_name(value).lower()\n525 |         return normalized\n    |                ^^^^^^^^^^\n526 |\n527 |     def _set_cell_state(\n    |\nhelp: Remove unnecessary assignment\n\nC901 `_apply_summary_backfill` is too complex (25 > 10)\n   --> interface\\gui\\app.py:675:9\n    |\n673 |         return lookup\n674 |\n675 |     def _apply_summary_backfill(self) -> None:\n    |         ^^^^^^^^^^^^^^^^^^^^^^^\n676 |         report_path = self._find_latest_visitor_report()\n677 |         if report_path is None:\n    |\n\nPLR0912 Too many branches (25 > 12)\n   --> interface\\gui\\app.py:675:9\n    |\n673 |         return lookup\n674 |\n675 |     def _apply_summary_backfill(self) -> None:\n    |         ^^^^^^^^^^^^^^^^^^^^^^^\n676 |         report_path = self._find_latest_visitor_report()\n677 |         if report_path is None:\n    |\n\nPLR0915 Too many statements (77 > 50)\n   --> interface\\gui\\app.py:675:9\n    |\n673 |         return lookup\n674 |\n675 |     def _apply_summary_backfill(self) -> None:\n    |         ^^^^^^^^^^^^^^^^^^^^^^^\n676 |         report_path = self._find_latest_visitor_report()\n677 |         if report_path is None:\n    |\n\nC901 `_apply_static_gauntlet_backfill` is too complex (14 > 10)\n   --> interface\\gui\\app.py:767:9\n    |\n765 |         self._apply_static_gauntlet_backfill(repo_tool_counts)\n766 |\n767 |     def _apply_static_gauntlet_backfill(\n    |         ^^^^^^^^^^^^^^^^^^^^^^^^^^^^^^^\n768 |         self, repo_tool_counts: Mapping[str, Mapping[str, int]]\n769 |     ) -> None:\n    |\n\nPLR0912 Too many branches (15 > 12)\n   --> interface\\gui\\app.py:767:9\n    |\n765 |         self._apply_static_gauntlet_backfill(repo_tool_counts)\n766 |\n767 |     def _apply_static_gauntlet_backfill(\n    |         ^^^^^^^^^^^^^^^^^^^^^^^^^^^^^^^\n768 |         self, repo_tool_counts: Mapping[str, Mapping[str, int]]\n769 |     ) -> None:\n    |\n\nC901 `_apply_make_all_backfill` is too complex (25 > 10)\n   --> interface\\gui\\app.py:819:9\n    |\n817 |                 )\n818 |\n819 |     def _apply_make_all_backfill(self) -> None:\n    |         ^^^^^^^^^^^^^^^^^^^^^^^^\n820 |         summary_path = (\n821 |             self._workspace_root\n    |\n\nPLR0912 Too many branches (30 > 12)\n   --> interface\\gui\\app.py:819:9\n    |\n817 |                 )\n818 |\n819 |     def _apply_make_all_backfill(self) -> None:\n    |         ^^^^^^^^^^^^^^^^^^^^^^^^\n820 |         summary_path = (\n821 |             self._workspace_root\n    |\n\nPLR0915 Too many statements (84 > 50)\n   --> interface\\gui\\app.py:819:9\n    |\n817 |                 )\n818 |\n819 |     def _apply_make_all_backfill(self) -> None:\n    |         ^^^^^^^^^^^^^^^^^^^^^^^^\n820 |         summary_path = (\n821 |             self._workspace_root\n    |\n\nE501 Line too long (93 > 88)\n   --> interface\\gui\\app.py:835:89\n    |\n833 |             \"observability_readiness\": \"Awaiting observability checks automation.\",\n834 |             \"stakeholder_sign_off\": \"Awaiting sign-off registry integration.\",\n835 |             \"post_deployment_feedback_loop\": \"Awaiting production feedback intake pipeline.\",\n    |                                                                                         ^^^^^\n836 |         }\n837 |         payload = _read_json_mapping(summary_path)\n    |\n\nE501 Line too long (91 > 88)\n   --> interface\\gui\\app.py:841:89\n    |\n839 |             for repo in repo_names:\n840 |                 for column_key, message in placeholder_columns.items():\n841 |                     self._apply_column_state_for_repo(repo, column_key, \"skipped\", message)\n    |                                                                                         ^^^\n842 |             if summary_path.exists():\n843 |                 self.enqueue_log(\n    |\n\nE501 Line too long (110 > 88)\n   --> interface\\gui\\app.py:844:89\n    |\n842 |             if summary_path.exists():\n843 |                 self.enqueue_log(\n844 |                     f\"[summary] Unable to read {summary_path.name}; lifecycle columns left with placeholders.\"\n    |                                                                                         ^^^^^^^^^^^^^^^^^^^^^^\n845 |                 )\n846 |             else:\n    |\n\nE501 Line too long (101 > 88)\n   --> interface\\gui\\app.py:848:89\n    |\n846 |             else:\n847 |                 self.enqueue_log(\n848 |                     \"[summary] make_all_summary.json missing; lifecycle columns set to placeholders.\"\n    |                                                                                         ^^^^^^^^^^^^^\n849 |                 )\n850 |             return\n    |\n\nE501 Line too long (109 > 88)\n   --> interface\\gui\\app.py:853:89\n    |\n852 |         artifacts_obj = payload.get(\"artifacts\")\n853 |         artifacts = cast(\"Mapping[str, object]\", artifacts_obj) if isinstance(artifacts_obj, Mapping) else {}\n    |                                                                                         ^^^^^^^^^^^^^^^^^^^^^\n854 |         pypi_status_obj = artifacts.get(\"pypi_release_status\") if artifacts else None\n855 |         pypi_status = (\n    |\n\nE501 Line too long (97 > 88)\n   --> interface\\gui\\app.py:866:89\n    |\n864 |                 if isinstance(entry, str) and entry.strip():\n865 |                     pip_packages.add(entry.strip())\n866 |         pip_updates_completed_obj = artifacts.get(\"pip_updates_completed\") if artifacts else None\n    |                                                                                         ^^^^^^^^^\n867 |         pip_updates_completed = (\n868 |             bool(pip_updates_completed_obj)\n    |\n\nE501 Line too long (94 > 88)\n   --> interface\\gui\\app.py:887:89\n    |\n886 |         generated_at_obj = payload.get(\"generated_at\")\n887 |         generated_at = generated_at_obj.strip() if isinstance(generated_at_obj, str) else None\n    |                                                                                         ^^^^^^\n888 |\n889 |         cloning_state, cloning_message = self._resolve_stage_status(stage_map, \"cloning\")\n    |\n\nE501 Line too long (89 > 88)\n   --> interface\\gui\\app.py:889:89\n    |\n887 |         generated_at = generated_at_obj.strip() if isinstance(generated_at_obj, str) else None\n888 |\n889 |         cloning_state, cloning_message = self._resolve_stage_status(stage_map, \"cloning\")\n    |                                                                                         ^\n890 |         publishing_state, publishing_message = self._resolve_stage_status(stage_map, \"publishing\")\n    |\n\nE501 Line too long (98 > 88)\n   --> interface\\gui\\app.py:890:89\n    |\n889 |         cloning_state, cloning_message = self._resolve_stage_status(stage_map, \"cloning\")\n890 |         publishing_state, publishing_message = self._resolve_stage_status(stage_map, \"publishing\")\n    |                                                                                         ^^^^^^^^^^\n891 |\n892 |         for repo in repo_names:\n    |\n\nC901 `_apply_telemetry_event` is too complex (21 > 10)\n   --> interface\\gui\\app.py:993:9\n    |\n991 |         )\n992 |\n993 |     def _apply_telemetry_event(\n    |         ^^^^^^^^^^^^^^^^^^^^^^\n994 |         self, event: dict[str, object]\n995 |     ) -> None:\n    |\n\nPLR0911 Too many return statements (9 > 6)\n   --> interface\\gui\\app.py:993:9\n    |\n991 |         )\n992 |\n993 |     def _apply_telemetry_event(\n    |         ^^^^^^^^^^^^^^^^^^^^^^\n994 |         self, event: dict[str, object]\n995 |     ) -> None:\n    |\n\nPLR0912 Too many branches (21 > 12)\n   --> interface\\gui\\app.py:993:9\n    |\n991 |         )\n992 |\n993 |     def _apply_telemetry_event(\n    |         ^^^^^^^^^^^^^^^^^^^^^^\n994 |         self, event: dict[str, object]\n995 |     ) -> None:\n    |\n\nC901 `manifest_python_allowlist` is too complex (14 > 10)\n   --> manifest.py:232:5\n    |\n232 | def manifest_python_allowlist(\n    |     ^^^^^^^^^^^^^^^^^^^^^^^^^\n233 |     entries: Sequence[ManifestEntry],\n234 | ) -> dict[str, tuple[str, ...]]:\n    |\n\nSLF001 Private member accessed: `_row_lookup`\n  --> tests\\test_gui_columns.py:93:18\n   |\n91 |     repo_key = \"x_make_common_x\"\n92 |     rel_path = \"sample.py\"\n93 |     row_lookup = window._row_lookup\n   |                  ^^^^^^^^^^^^^^^^^^\n94 |     row_index = row_lookup[(repo_key, rel_path)]\n95 |     column_map = window._column_key_to_index\n   |\n\nSLF001 Private member accessed: `_column_key_to_index`\n  --> tests\\test_gui_columns.py:95:18\n   |\n93 |     row_lookup = window._row_lookup\n94 |     row_index = row_lookup[(repo_key, rel_path)]\n95 |     column_map = window._column_key_to_index\n   |                  ^^^^^^^^^^^^^^^^^^^^^^^^^^^\n96 |     status_table = window._status_table\n   |\n\nSLF001 Private member accessed: `_status_table`\n  --> tests\\test_gui_columns.py:96:20\n   |\n94 |     row_index = row_lookup[(repo_key, rel_path)]\n95 |     column_map = window._column_key_to_index\n96 |     status_table = window._status_table\n   |                    ^^^^^^^^^^^^^^^^^^^^\n97 |\n98 |     def _state(column_key: str) -> str:\n   |\n\nTC003 Move standard library import `pathlib.Path` into a type-checking block\n --> tests\\test_orchestrator_clones_stage.py:3:21\n  |\n1 | from __future__ import annotations\n2 |\n3 | from pathlib import Path\n  |                     ^^^^\n4 | from types import SimpleNamespace\n5 | from typing import Any, cast\n  |\nhelp: Move into type-checking block\n\nTC002 Move third-party import `_pytest.monkeypatch.MonkeyPatch` into a type-checking block\n --> tests\\test_orchestrator_clones_stage.py:7:33\n  |\n5 | from typing import Any, cast\n6 |\n7 | from _pytest.monkeypatch import MonkeyPatch\n  |                                 ^^^^^^^^^^^\n8 |\n9 | import x_0_make_all_x.x_cls_make_all_x as orchestrator_module\n  |\nhelp: Move into type-checking block\n\nARG001 Unused function argument: `self`\n  --> tests\\test_orchestrator_clones_stage.py:25:27\n   |\n23 |         force_reclone=False,\n24 |     )\n25 |     def _options_override(self: object, ctx: object) -> SimpleNamespace:\n   |                           ^^^^\n26 |         return options\n   |\n\nARG001 Unused function argument: `ctx`\n  --> tests\\test_orchestrator_clones_stage.py:25:41\n   |\n23 |         force_reclone=False,\n24 |     )\n25 |     def _options_override(self: object, ctx: object) -> SimpleNamespace:\n   |                                         ^^^\n26 |         return options\n   |\n\nARG001 Unused function argument: `self`\n  --> tests\\test_orchestrator_clones_stage.py:28:28\n   |\n26 |         return options\n27 |\n28 |     def _delegate_override(self: object) -> None:\n   |                            ^^^^\n29 |         return None\n   |\n\nS101 Use of `assert` detected\n  --> tests\\test_orchestrator_clones_stage.py:70:5\n   |\n69 |     cloner = orchestrator.clone_repos(ctx=None)\n70 |     assert isinstance(cloner, StubCloner)\n   |     ^^^^^^\n71 |\n72 |     summary = orchestrator.generate_run_summary()\n   |\n\nS101 Use of `assert` detected\n  --> tests\\test_orchestrator_clones_stage.py:73:5\n   |\n72 |     summary = orchestrator.generate_run_summary()\n73 |     assert isinstance(summary, dict)\n   |     ^^^^^^\n74 |     stages = summary.get(\"stages\")\n75 |     assert isinstance(stages, list)\n   |\n\nS101 Use of `assert` detected\n  --> tests\\test_orchestrator_clones_stage.py:75:5\n   |\n73 |     assert isinstance(summary, dict)\n74 |     stages = summary.get(\"stages\")\n75 |     assert isinstance(stages, list)\n   |     ^^^^^^\n76 |     typed_stages = cast(\"list[dict[str, Any]]\", stages)\n77 |     cloning_stage = next(stage for stage in typed_stages if stage.get(\"id\") == \"cloning\")\n   |\n\nE501 Line too long (89 > 88)\n  --> tests\\test_orchestrator_clones_stage.py:77:89\n   |\n75 |     assert isinstance(stages, list)\n76 |     typed_stages = cast(\"list[dict[str, Any]]\", stages)\n77 |     cloning_stage = next(stage for stage in typed_stages if stage.get(\"id\") == \"cloning\")\n   |                                                                                         ^\n78 |     metadata = cast(\"dict[str, Any]\", cloning_stage.get(\"metadata\"))\n79 |     assert metadata is not None\n   |\n\nS101 Use of `assert` detected\n  --> tests\\test_orchestrator_clones_stage.py:79:5\n   |\n77 |     cloning_stage = next(stage for stage in typed_stages if stage.get(\"id\") == \"cloning\")\n78 |     metadata = cast(\"dict[str, Any]\", cloning_stage.get(\"metadata\"))\n79 |     assert metadata is not None\n   |     ^^^^^^\n80 |     assert metadata[\"report_path\"].endswith(\"clones_run.json\")\n81 |     assert metadata[\"report_summary\"] == report_summary\n   |\n\nS101 Use of `assert` detected\n  --> tests\\test_orchestrator_clones_stage.py:80:5\n   |\n78 |     metadata = cast(\"dict[str, Any]\", cloning_stage.get(\"metadata\"))\n79 |     assert metadata is not None\n80 |     assert metadata[\"report_path\"].endswith(\"clones_run.json\")\n   |     ^^^^^^\n81 |     assert metadata[\"report_summary\"] == report_summary\n82 |     assert any(\n   |\n\nS101 Use of `assert` detected\n  --> tests\\test_orchestrator_clones_stage.py:81:5\n   |\n79 |     assert metadata is not None\n80 |     assert metadata[\"report_path\"].endswith(\"clones_run.json\")\n81 |     assert metadata[\"report_summary\"] == report_summary\n   |     ^^^^^^\n82 |     assert any(\n83 |         \"Recorded clones JSON report\" in message\n   |\n\nS101 Use of `assert` detected\n  --> tests\\test_orchestrator_clones_stage.py:82:5\n   |\n80 |     assert metadata[\"report_path\"].endswith(\"clones_run.json\")\n81 |     assert metadata[\"report_summary\"] == report_summary\n82 |     assert any(\n   |     ^^^^^^\n83 |         \"Recorded clones JSON report\" in message\n84 |         for message in cast(\"list[str]\", cloning_stage.get(\"messages\", []))\n   |\n\nS101 Use of `assert` detected\n  --> tests\\test_orchestrator_clones_stage.py:88:5\n   |\n87 |     artifacts = cast(\"dict[str, Any]\", summary.get(\"artifacts\"))\n88 |     assert artifacts is not None\n   |     ^^^^^^\n89 |     assert artifacts[\"clones_report_path\"].endswith(\"clones_run.json\")\n90 |     assert artifacts[\"clones_report_summary\"] == report_summary\n   |\n\nS101 Use of `assert` detected\n  --> tests\\test_orchestrator_clones_stage.py:89:5\n   |\n87 |     artifacts = cast(\"dict[str, Any]\", summary.get(\"artifacts\"))\n88 |     assert artifacts is not None\n89 |     assert artifacts[\"clones_report_path\"].endswith(\"clones_run.json\")\n   |     ^^^^^^\n90 |     assert artifacts[\"clones_report_summary\"] == report_summary\n   |\n\nS101 Use of `assert` detected\n  --> tests\\test_orchestrator_clones_stage.py:90:5\n   |\n88 |     assert artifacts is not None\n89 |     assert artifacts[\"clones_report_path\"].endswith(\"clones_run.json\")\n90 |     assert artifacts[\"clones_report_summary\"] == report_summary\n   |     ^^^^^^\n   |\n\nPLR0912 Too many branches (17 > 12)\n   --> x_cls_make_all_x.py:529:9\n    |\n527 |         return Path(__file__).resolve().parent / \"reports\"\n528 |\n529 |     def generate_run_summary(self) -> dict[str, object]:\n    |         ^^^^^^^^^^^^^^^^^^^^\n530 |         stage_entries: list[dict[str, object]] = []\n531 |         for stage_id, default_title in self._KANBAN_STAGE_TEMPLATES:\n    |\n\nC901 `generate_run_summary` is too complex (14 > 10)\n   --> x_cls_make_all_x.py:529:9\n    |\n527 |         return Path(__file__).resolve().parent / \"reports\"\n528 |\n529 |     def generate_run_summary(self) -> dict[str, object]:\n    |         ^^^^^^^^^^^^^^^^^^^^\n530 |         stage_entries: list[dict[str, object]] = []\n531 |         for stage_id, default_title in self._KANBAN_STAGE_TEMPLATES:\n    |\n\nC901 `clone_repos` is too complex (24 > 10)\n   --> x_cls_make_all_x.py:692:9\n    |\n691 |     # Step 3: clone repositories (moved logic from freestanding clone_repos)\n692 |     def clone_repos(self, ctx: OrchestratorContext | None) -> object:\n    |         ^^^^^^^^^^^\n693 |         options = self._cloner_options(ctx)\n694 |         metadata: dict[str, object] = {\n    |\n\nPLR0912 Too many branches (26 > 12)\n   --> x_cls_make_all_x.py:692:9\n    |\n691 |     # Step 3: clone repositories (moved logic from freestanding clone_repos)\n692 |     def clone_repos(self, ctx: OrchestratorContext | None) -> object:\n    |         ^^^^^^^^^^^\n693 |         options = self._cloner_options(ctx)\n694 |         metadata: dict[str, object] = {\n    |\n\nPLR0915 Too many statements (97 > 50)\n   --> x_cls_make_all_x.py:692:9\n    |\n691 |     # Step 3: clone repositories (moved logic from freestanding clone_repos)\n692 |     def clone_repos(self, ctx: OrchestratorContext | None) -> object:\n    |         ^^^^^^^^^^^\n693 |         options = self._cloner_options(ctx)\n694 |         metadata: dict[str, object] = {\n    |\n\nE501 Line too long (90 > 88)\n   --> x_cls_make_all_x.py:781:89\n    |\n779 |                         callable_attr()\n780 |                         stage_messages.append(\n781 |                             f\"Invoked cloner.{method_name}() without positional overrides\"\n    |                                                                                         ^^\n782 |                         )\n783 |                     except (\n    |\n\nE501 Line too long (91 > 88)\n   --> x_cls_make_all_x.py:792:89\n    |\n790 |                         _error(\"Cloner run failed:\", err)\n791 |                         stage_messages.append(\n792 |                             f\"cloner.{method_name}() reported an error: {entrypoint_error}\"\n    |                                                                                         ^^^\n793 |                         )\n794 |                     break\n    |\n\nC901 `_launch_command_center` is too complex (11 > 10)\n    --> x_cls_make_all_x.py:1203:5\n     |\n1203 | def _launch_command_center(orchestrator: MakeAllOrchestrator) -> None:\n     |     ^^^^^^^^^^^^^^^^^^^^^^\n1204 |     summary_path = orchestrator.summary_path\n1205 |     if summary_path is None:\n     |\n\nFound 54 errors (3 fixed, 51 remaining).\nNo fixes available (3 hidden fixes can be enabled with the `--unsafe-fixes` option).\n",
                "tool": "ruff_fix",
                "tool_module": "ruff",
                "tool_version": "ruff 0.14.0"
            },
            "exit": "exit 1",
            "message": "ruff_fix failed for x_0_make_all_x (exit 1)\ncwd: C:\\x_runner_x\\x_0_make_all_x\ncommand: C:\\x_runner_x\\x_make_yahw_x\\.venv\\Scripts\\python.exe -m ruff check . --fix --select ALL --ignore D,COM812,ISC001,T20 --line-length 88 --target-version py311\nstarted_at: 2025-10-15T05:03:44.991611+00:00\nduration: 0.327s\ntool_version: ruff 0.14.0\nstdout:\nPLR0915 Too many statements (64 > 50)\n   --> interface\\gui\\app.py:338:9\n    |\n336 |     TOOL_COLUMN_START_INDEX = 2\n337 |\n\u2026\nstderr:\n<empty>",
            "repo": "x_0_make_all_x",
            "repo_path": "C:\\x_runner_x\\x_0_make_all_x",
            "stderr_preview": null,
            "stdout_preview": "PLR0915 Too many statements (64 > 50)\n   --> interface\\gui\\app.py:338:9\n    |\n336 |     TOOL_COLUMN_START_INDEX = 2\n337 |\n\u2026",
            "suggested_action": "Investigate",
            "summary": "ruff_fix failed for x_0_make_all_x (exit 1) cwd: C:\\x_runner_x\\x_0_make_all_x command: C:\\x_runner_x\\x_make_yahw_x\\.venv\\Scripts\\python.exe -m ruff check . --fix --select ALL --ignore D,COM812,ISC001,T20 --line-length 88 --target-version p\u2026",
            "tool": "ruff_fix",
            "tool_version": "ruff 0.14.0"
        },
        {
            "captured_at": "2025-10-15T05:04:10.997583+00:00",
            "command": "C:\\x_runner_x\\x_make_yahw_x\\.venv\\Scripts\\python.exe -m black . --line-length 88 --target-version py311 --check --diff",
            "detail": {
                "cached": false,
                "cmd": [
                    "C:\\x_runner_x\\x_make_yahw_x\\.venv\\Scripts\\python.exe",
                    "-m",
                    "black",
                    ".",
                    "--line-length",
                    "88",
                    "--target-version",
                    "py311",
                    "--check",
                    "--diff"
                ],
                "cmd_display": "C:\\x_runner_x\\x_make_yahw_x\\.venv\\Scripts\\python.exe -m black . --line-length 88 --target-version py311 --check --diff",
                "cwd": "C:\\x_runner_x\\x_make_common_x",
                "duration_seconds": 1.8981095999479294,
                "ended_at": "2025-10-15T05:04:10.997583+00:00",
                "exit": 1,
                "failed_files": [],
                "files_checked": [
                    "__init__.py",
                    "json_board.py",
                    "run_reports.py",
                    "telemetry.py",
                    "tests/__init__.py",
                    "tests/test_json_board.py",
                    "tests/test_subprocess_utils.py",
                    "tests/test_telemetry.py",
                    "x_cls_make_common_x.py",
                    "x_env_x.py",
                    "x_http_client_x.py",
                    "x_logging_utils_x.py",
                    "x_subprocess_utils_x.py"
                ],
                "repo": "x_make_common_x",
                "repo_hash": "8cf1c798f7055ac5a6b0c255b5661eeb662a2fe0ef2227901c0daa4225b519c2",
                "repo_path": "C:\\x_runner_x\\x_make_common_x",
                "started_at": "2025-10-15T05:04:09.099476+00:00",
                "stderr": "would reformat C:\\x_runner_x\\x_make_common_x\\run_reports.py\n\nOh no! \\U0001f4a5 \\U0001f494 \\U0001f4a5\n1 file would be reformatted, 12 files would be left unchanged.\n",
                "stdout": "--- C:\\x_runner_x\\x_make_common_x\\run_reports.py\t2025-10-15 03:09:05.151004+00:00\n+++ C:\\x_runner_x\\x_make_common_x\\run_reports.py\t2025-10-15 05:04:10.412133+00:00\n@@ -40,11 +40,13 @@\n def isoformat_timestamp(moment: datetime | None = None) -> str:\n     current = (moment or datetime.now(UTC)).replace(microsecond=0)\n     return current.isoformat().replace(\"+00:00\", \"Z\")\n \n \n-def _ensure_mapping(payload: Mapping[str, Any] | MutableMapping[str, Any]) -> dict[str, Any]:\n+def _ensure_mapping(\n+    payload: Mapping[str, Any] | MutableMapping[str, Any],\n+) -> dict[str, Any]:\n     if isinstance(payload, dict):\n         return dict(payload)\n     return {str(key): value for key, value in payload.items()}\n \n \n",
                "tool": "black",
                "tool_module": "black",
                "tool_version": "python -m black, 25.9.0 (compiled: yes)\nPython (CPython) 3.13.7"
            },
            "exit": "exit 1",
            "message": "black failed for x_make_common_x (exit 1)\ncwd: C:\\x_runner_x\\x_make_common_x\ncommand: C:\\x_runner_x\\x_make_yahw_x\\.venv\\Scripts\\python.exe -m black . --line-length 88 --target-version py311 --check --diff\nstarted_at: 2025-10-15T05:04:09.099476+00:00\nduration: 1.898s\ntool_version: python -m black, 25.9.0 (compiled: yes)\nPython (CPython) 3.13.7\nstdout:\n--- C:\\x_runner_x\\x_make_common_x\\run_reports.py\t2025-10-15 03:09:05.151004+00:00\n+++ C:\\x_runner_x\\x_make_common_x\\run_reports.py\t2025-10-15 05:04:10.412133+00:00\n@@ -40,11 +40,13 @@\n def isoformat_timestamp(moment: datetime | None = None) -> str:\n     current = (moment or datetime.now(UTC)).replace(microsecond=0)\n\u2026\nstderr:\nwould reformat C:\\x_runner_x\\x_make_common_x\\run_reports.py\n\nOh no! \\U0001f4a5 \\U0001f494 \\U0001f4a5\n1 file would be reformatted, 12 files would be left unchanged.",
            "repo": "x_make_common_x",
            "repo_path": "C:\\x_runner_x\\x_make_common_x",
            "stderr_preview": "would reformat C:\\x_runner_x\\x_make_common_x\\run_reports.py\n\nOh no! \\U0001f4a5 \\U0001f494 \\U0001f4a5\n1 file would be reformatted, 12 files would be left unchanged.",
            "stdout_preview": "--- C:\\x_runner_x\\x_make_common_x\\run_reports.py\t2025-10-15 03:09:05.151004+00:00\n+++ C:\\x_runner_x\\x_make_common_x\\run_reports.py\t2025-10-15 05:04:10.412133+00:00\n@@ -40,11 +40,13 @@\n def isoformat_timestamp(moment: datetime | None = None) -> str:\n     current = (moment or datetime.now(UTC)).replace(microsecond=0)\n\u2026",
            "suggested_action": "Investigate",
            "summary": "black failed for x_make_common_x (exit 1) cwd: C:\\x_runner_x\\x_make_common_x command: C:\\x_runner_x\\x_make_yahw_x\\.venv\\Scripts\\python.exe -m black . --line-length 88 --target-version py311 --check --diff started_at: 2025-10-15T05:04:09.09\u2026",
            "tool": "black",
            "tool_version": "python -m black, 25.9.0 (compiled: yes)\nPython (CPython) 3.13.7"
        },
        {
            "captured_at": "2025-10-15T05:04:12.548736+00:00",
            "command": "C:\\x_runner_x\\x_make_yahw_x\\.venv\\Scripts\\python.exe -m mypy . --strict --no-warn-unused-configs --show-error-codes --warn-return-any --warn-unreachable --disallow-any-unimported --disallow-any-expr --disallow-any-decorated --disallow-any-explicit",
            "detail": {
                "cached": false,
                "cmd": [
                    "C:\\x_runner_x\\x_make_yahw_x\\.venv\\Scripts\\python.exe",
                    "-m",
                    "mypy",
                    ".",
                    "--strict",
                    "--no-warn-unused-configs",
                    "--show-error-codes",
                    "--warn-return-any",
                    "--warn-unreachable",
                    "--disallow-any-unimported",
                    "--disallow-any-expr",
                    "--disallow-any-decorated",
                    "--disallow-any-explicit"
                ],
                "cmd_display": "C:\\x_runner_x\\x_make_yahw_x\\.venv\\Scripts\\python.exe -m mypy . --strict --no-warn-unused-configs --show-error-codes --warn-return-any --warn-unreachable --disallow-any-unimported --disallow-any-expr --disallow-any-decorated --disallow-any-explicit",
                "cwd": "C:\\x_runner_x\\x_make_common_x",
                "duration_seconds": 1.128950999933295,
                "ended_at": "2025-10-15T05:04:12.548736+00:00",
                "exit": 1,
                "failed_files": [],
                "files_checked": [
                    "__init__.py",
                    "json_board.py",
                    "run_reports.py",
                    "telemetry.py",
                    "tests/__init__.py",
                    "tests/test_json_board.py",
                    "tests/test_subprocess_utils.py",
                    "tests/test_telemetry.py",
                    "x_cls_make_common_x.py",
                    "x_env_x.py",
                    "x_http_client_x.py",
                    "x_logging_utils_x.py",
                    "x_subprocess_utils_x.py"
                ],
                "repo": "x_make_common_x",
                "repo_hash": "8cf1c798f7055ac5a6b0c255b5661eeb662a2fe0ef2227901c0daa4225b519c2",
                "repo_path": "C:\\x_runner_x\\x_make_common_x",
                "started_at": "2025-10-15T05:04:11.419785+00:00",
                "stderr": "",
                "stdout": "run_reports.py:45: error: Explicit \"Any\" is not allowed  [explicit-any]\nrun_reports.py:46: error: Expression type contains \"Any\" (has type \"Mapping[str, Any] | MutableMapping[str, Any]\")  [misc]\nrun_reports.py:47: error: Expression type contains \"Any\" (has type \"dict[str, Any]\")  [misc]\nrun_reports.py:48: error: Expression type contains \"Any\" (has type \"tuple[str, Any]\")  [misc]\nrun_reports.py:48: error: Expression has type \"Any\"  [misc]\nrun_reports.py:48: error: Expression type contains \"Any\" (has type \"dict[str, Any]\")  [misc]\nrun_reports.py:48: error: Expression type contains \"Any\" (has type \"Mapping[str, Any] | MutableMapping[str, Any]\")  [misc]\nrun_reports.py:48: error: Expression type contains \"Any\" (has type \"ItemsView[str, Any]\")  [misc]\nrun_reports.py:51: error: Explicit \"Any\" is not allowed  [explicit-any]\nrun_reports.py:66: error: Expression type contains \"Any\" (has type \"dict[str, Any]\")  [misc]\nrun_reports.py:66: error: Expression type contains \"Any\" (has type \"Mapping[str, Any] | MutableMapping[str, Any]\")  [misc]\nrun_reports.py:67: error: Expression type contains \"Any\" (has type \"dict[str, Any]\")  [misc]\nrun_reports.py:68: error: Expression type contains \"Any\" (has type \"dict[str, Any]\")  [misc]\nrun_reports.py:71: error: Expression type contains \"Any\" (has type \"dict[str, Any]\")  [misc]\njson_board.py:113: error: Expression type contains \"Any\" (has type \"Callable[[Any], Any]\")  [misc]\njson_board.py:113: error: Expression has type \"Any\"  [misc]\njson_board.py:121: error: Expression has type \"Any\"  [misc]\njson_board.py:122: error: Expression has type \"Any\"  [misc]\nx_cls_make_common_x.py:95: error: Expression type contains \"Any\" (has type \"dict[str, Any]\")  [misc]\nFound 19 errors in 3 files (checked 13 source files)\n",
                "tool": "mypy",
                "tool_module": "mypy",
                "tool_version": "mypy 1.18.2 (compiled: yes)"
            },
            "exit": "exit 1",
            "message": "mypy failed for x_make_common_x (exit 1)\ncwd: C:\\x_runner_x\\x_make_common_x\ncommand: C:\\x_runner_x\\x_make_yahw_x\\.venv\\Scripts\\python.exe -m mypy . --strict --no-warn-unused-configs --show-error-codes --warn-return-any --warn-unreachable --disallow-any-unimported --disallow-any-expr --disallow-any-decorated --disallow-any-explicit\nstarted_at: 2025-10-15T05:04:11.419785+00:00\nduration: 1.129s\ntool_version: mypy 1.18.2 (compiled: yes)\nstdout:\nrun_reports.py:45: error: Explicit \"Any\" is not allowed  [explicit-any]\nrun_reports.py:46: error: Expression type contains \"Any\" (has type \"Mapping[str, Any] | MutableMapping[str, Any]\")  [misc]\nrun_reports.py:47: error: Expression type contains \"Any\" (has type \"dict[str, Any]\")  [misc]\nrun_reports.py:48: error: Expression type contains \"Any\" (has type \"tuple[str, Any]\")  [misc]\nrun_reports.py:48: error: Expression has type \"Any\"  [misc]\n\u2026\nstderr:\n<empty>",
            "repo": "x_make_common_x",
            "repo_path": "C:\\x_runner_x\\x_make_common_x",
            "stderr_preview": null,
            "stdout_preview": "run_reports.py:45: error: Explicit \"Any\" is not allowed  [explicit-any]\nrun_reports.py:46: error: Expression type contains \"Any\" (has type \"Mapping[str, Any] | MutableMapping[str, Any]\")  [misc]\nrun_reports.py:47: error: Expression type contains \"Any\" (has type \"dict[str, Any]\")  [misc]\nrun_reports.py:48: error: Expression type contains \"Any\" (has type \"tuple[str, Any]\")  [misc]\nrun_reports.py:48: error: Expression has type \"Any\"  [misc]\n\u2026",
            "suggested_action": "Investigate",
            "summary": "mypy failed for x_make_common_x (exit 1) cwd: C:\\x_runner_x\\x_make_common_x command: C:\\x_runner_x\\x_make_yahw_x\\.venv\\Scripts\\python.exe -m mypy . --strict --no-warn-unused-configs --show-error-codes --warn-return-any --warn-unreachable -\u2026",
            "tool": "mypy",
            "tool_version": "mypy 1.18.2 (compiled: yes)"
        },
        {
            "captured_at": "2025-10-15T05:04:11.415371+00:00",
            "command": "C:\\x_runner_x\\x_make_yahw_x\\.venv\\Scripts\\python.exe -m ruff check . --select ALL --ignore D,COM812,ISC001,T20 --line-length 88 --target-version py311",
            "detail": {
                "cached": false,
                "cmd": [
                    "C:\\x_runner_x\\x_make_yahw_x\\.venv\\Scripts\\python.exe",
                    "-m",
                    "ruff",
                    "check",
                    ".",
                    "--select",
                    "ALL",
                    "--ignore",
                    "D,COM812,ISC001,T20",
                    "--line-length",
                    "88",
                    "--target-version",
                    "py311"
                ],
                "cmd_display": "C:\\x_runner_x\\x_make_yahw_x\\.venv\\Scripts\\python.exe -m ruff check . --select ALL --ignore D,COM812,ISC001,T20 --line-length 88 --target-version py311",
                "cwd": "C:\\x_runner_x\\x_make_common_x",
                "duration_seconds": 0.4131719999713823,
                "ended_at": "2025-10-15T05:04:11.415371+00:00",
                "exit": 1,
                "failed_files": [],
                "files_checked": [
                    "__init__.py",
                    "json_board.py",
                    "run_reports.py",
                    "telemetry.py",
                    "tests/__init__.py",
                    "tests/test_json_board.py",
                    "tests/test_subprocess_utils.py",
                    "tests/test_telemetry.py",
                    "x_cls_make_common_x.py",
                    "x_env_x.py",
                    "x_http_client_x.py",
                    "x_logging_utils_x.py",
                    "x_subprocess_utils_x.py"
                ],
                "repo": "x_make_common_x",
                "repo_hash": "8cf1c798f7055ac5a6b0c255b5661eeb662a2fe0ef2227901c0daa4225b519c2",
                "repo_path": "C:\\x_runner_x\\x_make_common_x",
                "started_at": "2025-10-15T05:04:11.002199+00:00",
                "stderr": "",
                "stdout": "TC003 Move standard library import `builtins` into a type-checking block\n --> json_board.py:5:8\n  |\n3 | from __future__ import annotations\n4 |\n5 | import builtins\n  |        ^^^^^^^^\n6 | import contextlib\n7 | import json\n  |\nhelp: Move into type-checking block\n\nTC003 Move standard library import `collections.abc.Mapping` into a type-checking block\n --> run_reports.py:4:29\n  |\n3 | import json\n4 | from collections.abc import Mapping, MutableMapping\n  |                             ^^^^^^^\n5 | from datetime import UTC, datetime\n6 | from pathlib import Path\n  |\nhelp: Move into type-checking block\n\nTC003 Move standard library import `collections.abc.MutableMapping` into a type-checking block\n --> run_reports.py:4:38\n  |\n3 | import json\n4 | from collections.abc import Mapping, MutableMapping\n  |                                      ^^^^^^^^^^^^^^\n5 | from datetime import UTC, datetime\n6 | from pathlib import Path\n  |\nhelp: Move into type-checking block\n\nE501 Line too long (93 > 88)\n  --> run_reports.py:45:89\n   |\n45 | def _ensure_mapping(payload: Mapping[str, Any] | MutableMapping[str, Any]) -> dict[str, Any]:\n   |                                                                                         ^^^^^\n46 |     if isinstance(payload, dict):\n47 |         return dict(payload)\n   |\n\nPLR0913 Too many arguments in function definition (6 > 5)\n  --> run_reports.py:51:5\n   |\n51 | def write_run_report(\n   |     ^^^^^^^^^^^^^^^^\n52 |     tool_slug: str,\n53 |     payload: Mapping[str, Any] | MutableMapping[str, Any],\n   |\n\nB904 Within an `except` clause, raise exceptions with `raise ... from err` or `raise ... from None` to distinguish them from errors in exception handling\n  --> x_cls_make_common_x.py:99:9\n   |\n97 |     except Exception as exc:  # noqa: BLE001 - surface failure for operators\n98 |         _error(\"x_make_common_x diagnostics failed:\", exc)\n99 |         raise SystemExit(1)\n   |         ^^^^^^^^^^^^^^^^^^^\n   |\n\nFound 6 errors.\nNo fixes available (3 hidden fixes can be enabled with the `--unsafe-fixes` option).\n",
                "tool": "ruff_check",
                "tool_module": "ruff",
                "tool_version": "ruff 0.14.0"
            },
            "exit": "exit 1",
            "message": "ruff_check failed for x_make_common_x (exit 1)\ncwd: C:\\x_runner_x\\x_make_common_x\ncommand: C:\\x_runner_x\\x_make_yahw_x\\.venv\\Scripts\\python.exe -m ruff check . --select ALL --ignore D,COM812,ISC001,T20 --line-length 88 --target-version py311\nstarted_at: 2025-10-15T05:04:11.002199+00:00\nduration: 0.413s\ntool_version: ruff 0.14.0\nstdout:\nTC003 Move standard library import `builtins` into a type-checking block\n --> json_board.py:5:8\n  |\n3 | from __future__ import annotations\n4 |\n\u2026\nstderr:\n<empty>",
            "repo": "x_make_common_x",
            "repo_path": "C:\\x_runner_x\\x_make_common_x",
            "stderr_preview": null,
            "stdout_preview": "TC003 Move standard library import `builtins` into a type-checking block\n --> json_board.py:5:8\n  |\n3 | from __future__ import annotations\n4 |\n\u2026",
            "suggested_action": "Investigate",
            "summary": "ruff_check failed for x_make_common_x (exit 1) cwd: C:\\x_runner_x\\x_make_common_x command: C:\\x_runner_x\\x_make_yahw_x\\.venv\\Scripts\\python.exe -m ruff check . --select ALL --ignore D,COM812,ISC001,T20 --line-length 88 --target-version py3\u2026",
            "tool": "ruff_check",
            "tool_version": "ruff 0.14.0"
        },
        {
            "captured_at": "2025-10-15T05:04:09.095885+00:00",
            "command": "C:\\x_runner_x\\x_make_yahw_x\\.venv\\Scripts\\python.exe -m ruff check . --fix --select ALL --ignore D,COM812,ISC001,T20 --line-length 88 --target-version py311",
            "detail": {
                "cached": false,
                "cmd": [
                    "C:\\x_runner_x\\x_make_yahw_x\\.venv\\Scripts\\python.exe",
                    "-m",
                    "ruff",
                    "check",
                    ".",
                    "--fix",
                    "--select",
                    "ALL",
                    "--ignore",
                    "D,COM812,ISC001,T20",
                    "--line-length",
                    "88",
                    "--target-version",
                    "py311"
                ],
                "cmd_display": "C:\\x_runner_x\\x_make_yahw_x\\.venv\\Scripts\\python.exe -m ruff check . --fix --select ALL --ignore D,COM812,ISC001,T20 --line-length 88 --target-version py311",
                "cwd": "C:\\x_runner_x\\x_make_common_x",
                "duration_seconds": 0.3120868999976665,
                "ended_at": "2025-10-15T05:04:09.095885+00:00",
                "exit": 1,
                "failed_files": [],
                "files_checked": [
                    "__init__.py",
                    "json_board.py",
                    "run_reports.py",
                    "telemetry.py",
                    "tests/__init__.py",
                    "tests/test_json_board.py",
                    "tests/test_subprocess_utils.py",
                    "tests/test_telemetry.py",
                    "x_cls_make_common_x.py",
                    "x_env_x.py",
                    "x_http_client_x.py",
                    "x_logging_utils_x.py",
                    "x_subprocess_utils_x.py"
                ],
                "repo": "x_make_common_x",
                "repo_hash": "8cf1c798f7055ac5a6b0c255b5661eeb662a2fe0ef2227901c0daa4225b519c2",
                "repo_path": "C:\\x_runner_x\\x_make_common_x",
                "started_at": "2025-10-15T05:04:08.783799+00:00",
                "stderr": "",
                "stdout": "TC003 Move standard library import `builtins` into a type-checking block\n --> json_board.py:5:8\n  |\n3 | from __future__ import annotations\n4 |\n5 | import builtins\n  |        ^^^^^^^^\n6 | import contextlib\n7 | import json\n  |\nhelp: Move into type-checking block\n\nTC003 Move standard library import `collections.abc.Mapping` into a type-checking block\n --> run_reports.py:4:29\n  |\n3 | import json\n4 | from collections.abc import Mapping, MutableMapping\n  |                             ^^^^^^^\n5 | from datetime import UTC, datetime\n6 | from pathlib import Path\n  |\nhelp: Move into type-checking block\n\nTC003 Move standard library import `collections.abc.MutableMapping` into a type-checking block\n --> run_reports.py:4:38\n  |\n3 | import json\n4 | from collections.abc import Mapping, MutableMapping\n  |                                      ^^^^^^^^^^^^^^\n5 | from datetime import UTC, datetime\n6 | from pathlib import Path\n  |\nhelp: Move into type-checking block\n\nE501 Line too long (93 > 88)\n  --> run_reports.py:45:89\n   |\n45 | def _ensure_mapping(payload: Mapping[str, Any] | MutableMapping[str, Any]) -> dict[str, Any]:\n   |                                                                                         ^^^^^\n46 |     if isinstance(payload, dict):\n47 |         return dict(payload)\n   |\n\nPLR0913 Too many arguments in function definition (6 > 5)\n  --> run_reports.py:51:5\n   |\n51 | def write_run_report(\n   |     ^^^^^^^^^^^^^^^^\n52 |     tool_slug: str,\n53 |     payload: Mapping[str, Any] | MutableMapping[str, Any],\n   |\n\nB904 Within an `except` clause, raise exceptions with `raise ... from err` or `raise ... from None` to distinguish them from errors in exception handling\n  --> x_cls_make_common_x.py:99:9\n   |\n97 |     except Exception as exc:  # noqa: BLE001 - surface failure for operators\n98 |         _error(\"x_make_common_x diagnostics failed:\", exc)\n99 |         raise SystemExit(1)\n   |         ^^^^^^^^^^^^^^^^^^^\n   |\n\nFound 6 errors.\nNo fixes available (3 hidden fixes can be enabled with the `--unsafe-fixes` option).\n",
                "tool": "ruff_fix",
                "tool_module": "ruff",
                "tool_version": "ruff 0.14.0"
            },
            "exit": "exit 1",
            "message": "ruff_fix failed for x_make_common_x (exit 1)\ncwd: C:\\x_runner_x\\x_make_common_x\ncommand: C:\\x_runner_x\\x_make_yahw_x\\.venv\\Scripts\\python.exe -m ruff check . --fix --select ALL --ignore D,COM812,ISC001,T20 --line-length 88 --target-version py311\nstarted_at: 2025-10-15T05:04:08.783799+00:00\nduration: 0.312s\ntool_version: ruff 0.14.0\nstdout:\nTC003 Move standard library import `builtins` into a type-checking block\n --> json_board.py:5:8\n  |\n3 | from __future__ import annotations\n4 |\n\u2026\nstderr:\n<empty>",
            "repo": "x_make_common_x",
            "repo_path": "C:\\x_runner_x\\x_make_common_x",
            "stderr_preview": null,
            "stdout_preview": "TC003 Move standard library import `builtins` into a type-checking block\n --> json_board.py:5:8\n  |\n3 | from __future__ import annotations\n4 |\n\u2026",
            "suggested_action": "Investigate",
            "summary": "ruff_fix failed for x_make_common_x (exit 1) cwd: C:\\x_runner_x\\x_make_common_x command: C:\\x_runner_x\\x_make_yahw_x\\.venv\\Scripts\\python.exe -m ruff check . --fix --select ALL --ignore D,COM812,ISC001,T20 --line-length 88 --target-version\u2026",
            "tool": "ruff_fix",
            "tool_version": "ruff 0.14.0"
        },
        {
            "captured_at": "2025-10-15T05:04:18.833468+00:00",
            "command": "C:\\x_runner_x\\x_make_yahw_x\\.venv\\Scripts\\python.exe -m black . --line-length 88 --target-version py311 --check --diff",
            "detail": {
                "cached": false,
                "cmd": [
                    "C:\\x_runner_x\\x_make_yahw_x\\.venv\\Scripts\\python.exe",
                    "-m",
                    "black",
                    ".",
                    "--line-length",
                    "88",
                    "--target-version",
                    "py311",
                    "--check",
                    "--diff"
                ],
                "cmd_display": "C:\\x_runner_x\\x_make_yahw_x\\.venv\\Scripts\\python.exe -m black . --line-length 88 --target-version py311 --check --diff",
                "cwd": "C:\\x_runner_x\\x_make_github_clones_x",
                "duration_seconds": 2.748025599983521,
                "ended_at": "2025-10-15T05:04:18.833468+00:00",
                "exit": 1,
                "failed_files": [],
                "files_checked": [
                    "__init__.py",
                    "fastapi/__init__.py",
                    "fastapi/__main__.py",
                    "fastapi/cli.py",
                    "fastapi_cli/__init__.py",
                    "fastapi_cli/cli.py",
                    "tests/__init__.py",
                    "tests/test_make_github_clones.py",
                    "x_cls_make_github_clones_x.py",
                    "x_make_github_clones_x/__init__.py",
                    "x_make_github_clones_x/x_cls_make_github_clones_x.py"
                ],
                "repo": "x_make_github_clones_x",
                "repo_hash": "ba67e04dfb756d2ae868dba37945e0faea169df2982dd20db79a3d488b6493c4",
                "repo_path": "C:\\x_runner_x\\x_make_github_clones_x",
                "started_at": "2025-10-15T05:04:16.085446+00:00",
                "stderr": "would reformat C:\\x_runner_x\\x_make_github_clones_x\\x_cls_make_github_clones_x.py\n\nOh no! \\U0001f4a5 \\U0001f494 \\U0001f4a5\n1 file would be reformatted, 10 files would be left unchanged.\n",
                "stdout": "--- C:\\x_runner_x\\x_make_github_clones_x\\x_cls_make_github_clones_x.py\t2025-10-15 03:52:16.838483+00:00\n+++ C:\\x_runner_x\\x_make_github_clones_x\\x_cls_make_github_clones_x.py\t2025-10-15 05:04:18.362549+00:00\n@@ -67,11 +67,13 @@\n     resolved_filename = filename or f\"{tool_slug}_run_{stamp}.json\"\n     data = dict(payload)\n     data.setdefault(\"tool\", tool_slug)\n     data.setdefault(\"generated_at\", _fallback_isoformat_timestamp(moment))\n     report_path = reports_dir / resolved_filename\n-    report_path.write_text(json.dumps(data, indent=2, sort_keys=False), encoding=\"utf-8\")\n+    report_path.write_text(\n+        json.dumps(data, indent=2, sort_keys=False), encoding=\"utf-8\"\n+    )\n     return report_path\n \n \n def _isoformat_timestamp(moment: datetime | None = None) -> str:\n     if _common_isoformat_timestamp is not None:\n@@ -97,10 +99,11 @@\n         \"x_make_github_clones_x\",\n         payload,\n         base_dir=base_dir,\n         timestamp=moment,\n     )\n+\n \n JsonDict = dict[str, object]\n \n T_co = TypeVar(\"T_co\", covariant=True)\n \n",
                "tool": "black",
                "tool_module": "black",
                "tool_version": "python -m black, 25.9.0 (compiled: yes)\nPython (CPython) 3.13.7"
            },
            "exit": "exit 1",
            "message": "black failed for x_make_github_clones_x (exit 1)\ncwd: C:\\x_runner_x\\x_make_github_clones_x\ncommand: C:\\x_runner_x\\x_make_yahw_x\\.venv\\Scripts\\python.exe -m black . --line-length 88 --target-version py311 --check --diff\nstarted_at: 2025-10-15T05:04:16.085446+00:00\nduration: 2.748s\ntool_version: python -m black, 25.9.0 (compiled: yes)\nPython (CPython) 3.13.7\nstdout:\n--- C:\\x_runner_x\\x_make_github_clones_x\\x_cls_make_github_clones_x.py\t2025-10-15 03:52:16.838483+00:00\n+++ C:\\x_runner_x\\x_make_github_clones_x\\x_cls_make_github_clones_x.py\t2025-10-15 05:04:18.362549+00:00\n@@ -67,11 +67,13 @@\n     resolved_filename = filename or f\"{tool_slug}_run_{stamp}.json\"\n     data = dict(payload)\n\u2026\nstderr:\nwould reformat C:\\x_runner_x\\x_make_github_clones_x\\x_cls_make_github_clones_x.py\n\nOh no! \\U0001f4a5 \\U0001f494 \\U0001f4a5\n1 file would be reformatted, 10 files would be left unchanged.",
            "repo": "x_make_github_clones_x",
            "repo_path": "C:\\x_runner_x\\x_make_github_clones_x",
            "stderr_preview": "would reformat C:\\x_runner_x\\x_make_github_clones_x\\x_cls_make_github_clones_x.py\n\nOh no! \\U0001f4a5 \\U0001f494 \\U0001f4a5\n1 file would be reformatted, 10 files would be left unchanged.",
            "stdout_preview": "--- C:\\x_runner_x\\x_make_github_clones_x\\x_cls_make_github_clones_x.py\t2025-10-15 03:52:16.838483+00:00\n+++ C:\\x_runner_x\\x_make_github_clones_x\\x_cls_make_github_clones_x.py\t2025-10-15 05:04:18.362549+00:00\n@@ -67,11 +67,13 @@\n     resolved_filename = filename or f\"{tool_slug}_run_{stamp}.json\"\n     data = dict(payload)\n\u2026",
            "suggested_action": "Investigate",
            "summary": "black failed for x_make_github_clones_x (exit 1) cwd: C:\\x_runner_x\\x_make_github_clones_x command: C:\\x_runner_x\\x_make_yahw_x\\.venv\\Scripts\\python.exe -m black . --line-length 88 --target-version py311 --check --diff started_at: 2025-10-\u2026",
            "tool": "black",
            "tool_version": "python -m black, 25.9.0 (compiled: yes)\nPython (CPython) 3.13.7"
        },
        {
            "captured_at": "2025-10-15T05:04:20.397463+00:00",
            "command": "C:\\x_runner_x\\x_make_yahw_x\\.venv\\Scripts\\python.exe -m mypy . --strict --no-warn-unused-configs --show-error-codes --warn-return-any --warn-unreachable --disallow-any-unimported --disallow-any-expr --disallow-any-decorated --disallow-any-explicit",
            "detail": {
                "cached": false,
                "cmd": [
                    "C:\\x_runner_x\\x_make_yahw_x\\.venv\\Scripts\\python.exe",
                    "-m",
                    "mypy",
                    ".",
                    "--strict",
                    "--no-warn-unused-configs",
                    "--show-error-codes",
                    "--warn-return-any",
                    "--warn-unreachable",
                    "--disallow-any-unimported",
                    "--disallow-any-expr",
                    "--disallow-any-decorated",
                    "--disallow-any-explicit"
                ],
                "cmd_display": "C:\\x_runner_x\\x_make_yahw_x\\.venv\\Scripts\\python.exe -m mypy . --strict --no-warn-unused-configs --show-error-codes --warn-return-any --warn-unreachable --disallow-any-unimported --disallow-any-expr --disallow-any-decorated --disallow-any-explicit",
                "cwd": "C:\\x_runner_x\\x_make_github_clones_x",
                "duration_seconds": 1.1854889000533149,
                "ended_at": "2025-10-15T05:04:20.397463+00:00",
                "exit": 1,
                "failed_files": [],
                "files_checked": [
                    "__init__.py",
                    "fastapi/__init__.py",
                    "fastapi/__main__.py",
                    "fastapi/cli.py",
                    "fastapi_cli/__init__.py",
                    "fastapi_cli/cli.py",
                    "tests/__init__.py",
                    "tests/test_make_github_clones.py",
                    "x_cls_make_github_clones_x.py",
                    "x_make_github_clones_x/__init__.py",
                    "x_make_github_clones_x/x_cls_make_github_clones_x.py"
                ],
                "repo": "x_make_github_clones_x",
                "repo_hash": "ba67e04dfb756d2ae868dba37945e0faea169df2982dd20db79a3d488b6493c4",
                "repo_path": "C:\\x_runner_x\\x_make_github_clones_x",
                "started_at": "2025-10-15T05:04:19.211975+00:00",
                "stderr": "",
                "stdout": "x_cls_make_github_clones_x.py:43: error: Incompatible types in assignment (expression has type \"None\", variable has type \"Callable[[datetime | None], str]\")  [assignment]\nx_cls_make_github_clones_x.py:44: error: Incompatible types in assignment (expression has type \"None\", variable has type \"Callable[[str, Mapping[str, Any] | MutableMapping[str, Any], DefaultNamedArg(Path | str | None, 'base_dir'), DefaultNamedArg(str | None, 'filename'), DefaultNamedArg(datetime | None, 'timestamp'), DefaultNamedArg(str, 'reports_name')], Path]\")  [assignment]\nx_cls_make_github_clones_x.py:79: error: Statement is unreachable  [unreachable]\nx_cls_make_github_clones_x.py:89: error: Expression type contains \"Any\" (has type \"Callable[[str, Mapping[str, Any] | MutableMapping[str, Any], DefaultNamedArg(Path | str | None, 'base_dir'), DefaultNamedArg(str | None, 'filename'), DefaultNamedArg(datetime | None, 'timestamp'), DefaultNamedArg(str, 'reports_name')], Path]\")  [misc]\nx_cls_make_github_clones_x.py:96: error: Statement is unreachable  [unreachable]\nx_cls_make_github_clones_x.py:280: error: Returning Any from function declared to return \"dict[str, object] | None\"  [no-any-return]\nx_cls_make_github_clones_x.py:280: error: Expression has type \"Any\"  [misc]\nx_cls_make_github_clones_x.py:751: error: Expression has type \"Any\"  [misc]\ntests\\test_make_github_clones.py:125: error: Expression has type \"Any\"  [misc]\ntests\\test_make_github_clones.py:126: error: Expression has type \"Any\"  [misc]\ntests\\test_make_github_clones.py:127: error: Expression has type \"Any\"  [misc]\ntests\\test_make_github_clones.py:128: error: Expression has type \"Any\"  [misc]\ntests\\test_make_github_clones.py:129: error: Expression has type \"Any\"  [misc]\ntests\\test_make_github_clones.py:176: error: Expression has type \"Any\"  [misc]\ntests\\test_make_github_clones.py:177: error: Expression has type \"Any\"  [misc]\ntests\\test_make_github_clones.py:178: error: Expression has type \"Any\"  [misc]\ntests\\test_make_github_clones.py:232: error: Expression has type \"Any\"  [misc]\ntests\\test_make_github_clones.py:233: error: Expression has type \"Any\"  [misc]\ntests\\test_make_github_clones.py:234: error: Expression has type \"Any\"  [misc]\ntests\\test_make_github_clones.py:235: error: Expression has type \"Any\"  [misc]\ntests\\test_make_github_clones.py:236: error: Expression has type \"Any\"  [misc]\ntests\\test_make_github_clones.py:262: error: Expression has type \"Any\"  [misc]\ntests\\test_make_github_clones.py:263: error: Expression has type \"Any\"  [misc]\ntests\\test_make_github_clones.py:264: error: Expression has type \"Any\"  [misc]\ntests\\test_make_github_clones.py:265: error: Expression has type \"Any\"  [misc]\nFound 25 errors in 2 files (checked 11 source files)\n",
                "tool": "mypy",
                "tool_module": "mypy",
                "tool_version": "mypy 1.18.2 (compiled: yes)"
            },
            "exit": "exit 1",
            "message": "mypy failed for x_make_github_clones_x (exit 1)\ncwd: C:\\x_runner_x\\x_make_github_clones_x\ncommand: C:\\x_runner_x\\x_make_yahw_x\\.venv\\Scripts\\python.exe -m mypy . --strict --no-warn-unused-configs --show-error-codes --warn-return-any --warn-unreachable --disallow-any-unimported --disallow-any-expr --disallow-any-decorated --disallow-any-explicit\nstarted_at: 2025-10-15T05:04:19.211975+00:00\nduration: 1.185s\ntool_version: mypy 1.18.2 (compiled: yes)\nstdout:\nx_cls_make_github_clones_x.py:43: error: Incompatible types in assignment (expression has type \"None\", variable has type \"Callable[[datetime | None], str]\")  [assignment]\nx_cls_make_github_clones_x.py:44: error: Incompatible types in assignment (expression has type \"None\", variable has type \"Callable[[str, Mapping[str, Any] | MutableMapping[str, Any], DefaultNamedArg(Path | str | None, 'base_dir'), DefaultNamedArg(str | None, 'filename'), DefaultNamedArg(datetime | None, 'timestamp'), DefaultNamedArg(str, 'reports_name')], Path]\")  [assignment]\nx_cls_make_github_clones_x.py:79: error: Statement is unreachable  [unreachable]\nx_cls_make_github_clones_x.py:89: error: Expression type contains \"Any\" (has type \"Callable[[str, Mapping[str, Any] | MutableMapping[str, Any], DefaultNamedArg(Path | str | None, 'base_dir'), DefaultNamedArg(str | None, 'filename'), DefaultNamedArg(datetime | None, 'timestamp'), DefaultNamedArg(str, 'reports_name')], Path]\")  [misc]\nx_cls_make_github_clones_x.py:96: error: Statement is unreachable  [unreachable]\n\u2026\nstderr:\n<empty>",
            "repo": "x_make_github_clones_x",
            "repo_path": "C:\\x_runner_x\\x_make_github_clones_x",
            "stderr_preview": null,
            "stdout_preview": "x_cls_make_github_clones_x.py:43: error: Incompatible types in assignment (expression has type \"None\", variable has type \"Callable[[datetime | None], str]\")  [assignment]\nx_cls_make_github_clones_x.py:44: error: Incompatible types in assignment (expression has type \"None\", variable has type \"Callable[[str, Mapping[str, Any] | MutableMapping[str, Any], DefaultNamedArg(Path | str | None, 'base_dir'), DefaultNamedArg(str | None, 'filename'), DefaultNamedArg(datetime | None, 'timestamp'), DefaultNamedArg(str, 'reports_name')], Path]\")  [assignment]\nx_cls_make_github_clones_x.py:79: error: Statement is unreachable  [unreachable]\nx_cls_make_github_clones_x.py:89: error: Expression type contains \"Any\" (has type \"Callable[[str, Mapping[str, Any] | MutableMapping[str, Any], DefaultNamedArg(Path | str | None, 'base_dir'), DefaultNamedArg(str | None, 'filename'), DefaultNamedArg(datetime | None, 'timestamp'), DefaultNamedArg(str, 'reports_name')], Path]\")  [misc]\nx_cls_make_github_clones_x.py:96: error: Statement is unreachable  [unreachable]\n\u2026",
            "suggested_action": "Investigate",
            "summary": "mypy failed for x_make_github_clones_x (exit 1) cwd: C:\\x_runner_x\\x_make_github_clones_x command: C:\\x_runner_x\\x_make_yahw_x\\.venv\\Scripts\\python.exe -m mypy . --strict --no-warn-unused-configs --show-error-codes --warn-return-any --warn\u2026",
            "tool": "mypy",
            "tool_version": "mypy 1.18.2 (compiled: yes)"
        },
        {
            "captured_at": "2025-10-15T05:04:22.347741+00:00",
            "command": "C:\\x_runner_x\\x_make_yahw_x\\.venv\\Scripts\\python.exe -m pyright . --level error",
            "detail": {
                "cached": false,
                "cmd": [
                    "C:\\x_runner_x\\x_make_yahw_x\\.venv\\Scripts\\python.exe",
                    "-m",
                    "pyright",
                    ".",
                    "--level",
                    "error"
                ],
                "cmd_display": "C:\\x_runner_x\\x_make_yahw_x\\.venv\\Scripts\\python.exe -m pyright . --level error",
                "cwd": "C:\\x_runner_x\\x_make_github_clones_x",
                "duration_seconds": 1.9443354000104591,
                "ended_at": "2025-10-15T05:04:22.347741+00:00",
                "exit": 1,
                "failed_files": [],
                "files_checked": [
                    "__init__.py",
                    "fastapi/__init__.py",
                    "fastapi/__main__.py",
                    "fastapi/cli.py",
                    "fastapi_cli/__init__.py",
                    "fastapi_cli/cli.py",
                    "tests/__init__.py",
                    "tests/test_make_github_clones.py",
                    "x_cls_make_github_clones_x.py",
                    "x_make_github_clones_x/__init__.py",
                    "x_make_github_clones_x/x_cls_make_github_clones_x.py"
                ],
                "repo": "x_make_github_clones_x",
                "repo_hash": "ba67e04dfb756d2ae868dba37945e0faea169df2982dd20db79a3d488b6493c4",
                "repo_path": "C:\\x_runner_x\\x_make_github_clones_x",
                "started_at": "2025-10-15T05:04:20.403406+00:00",
                "stderr": "",
                "stdout": "c:\\x_runner_x\\x_make_github_clones_x\\x_cls_make_github_clones_x.py\n  c:\\x_runner_x\\x_make_github_clones_x\\x_cls_make_github_clones_x.py:40:10 - error: Import \"x_make_common_x\" could not be resolved (reportMissingImports)\n  c:\\x_runner_x\\x_make_github_clones_x\\x_cls_make_github_clones_x.py:41:10 - error: Import \"x_make_common_x\" could not be resolved (reportMissingImports)\n2 errors, 0 warnings, 0 informations\n",
                "tool": "pyright",
                "tool_module": "pyright",
                "tool_version": "pyright 1.1.406"
            },
            "exit": "exit 1",
            "message": "pyright failed for x_make_github_clones_x (exit 1)\ncwd: C:\\x_runner_x\\x_make_github_clones_x\ncommand: C:\\x_runner_x\\x_make_yahw_x\\.venv\\Scripts\\python.exe -m pyright . --level error\nstarted_at: 2025-10-15T05:04:20.403406+00:00\nduration: 1.944s\ntool_version: pyright 1.1.406\nstdout:\nc:\\x_runner_x\\x_make_github_clones_x\\x_cls_make_github_clones_x.py\n  c:\\x_runner_x\\x_make_github_clones_x\\x_cls_make_github_clones_x.py:40:10 - error: Import \"x_make_common_x\" could not be resolved (reportMissingImports)\n  c:\\x_runner_x\\x_make_github_clones_x\\x_cls_make_github_clones_x.py:41:10 - error: Import \"x_make_common_x\" could not be resolved (reportMissingImports)\n2 errors, 0 warnings, 0 informations\nstderr:\n<empty>",
            "repo": "x_make_github_clones_x",
            "repo_path": "C:\\x_runner_x\\x_make_github_clones_x",
            "stderr_preview": null,
            "stdout_preview": "c:\\x_runner_x\\x_make_github_clones_x\\x_cls_make_github_clones_x.py\n  c:\\x_runner_x\\x_make_github_clones_x\\x_cls_make_github_clones_x.py:40:10 - error: Import \"x_make_common_x\" could not be resolved (reportMissingImports)\n  c:\\x_runner_x\\x_make_github_clones_x\\x_cls_make_github_clones_x.py:41:10 - error: Import \"x_make_common_x\" could not be resolved (reportMissingImports)\n2 errors, 0 warnings, 0 informations",
            "suggested_action": "Investigate",
            "summary": "pyright failed for x_make_github_clones_x (exit 1) cwd: C:\\x_runner_x\\x_make_github_clones_x command: C:\\x_runner_x\\x_make_yahw_x\\.venv\\Scripts\\python.exe -m pyright . --level error started_at: 2025-10-15T05:04:20.403406+00:00 duration: 1.\u2026",
            "tool": "pyright",
            "tool_version": "pyright 1.1.406"
        },
        {
            "captured_at": "2025-10-15T05:04:19.207362+00:00",
            "command": "C:\\x_runner_x\\x_make_yahw_x\\.venv\\Scripts\\python.exe -m ruff check . --select ALL --ignore D,COM812,ISC001,T20 --line-length 88 --target-version py311",
            "detail": {
                "cached": false,
                "cmd": [
                    "C:\\x_runner_x\\x_make_yahw_x\\.venv\\Scripts\\python.exe",
                    "-m",
                    "ruff",
                    "check",
                    ".",
                    "--select",
                    "ALL",
                    "--ignore",
                    "D,COM812,ISC001,T20",
                    "--line-length",
                    "88",
                    "--target-version",
                    "py311"
                ],
                "cmd_display": "C:\\x_runner_x\\x_make_yahw_x\\.venv\\Scripts\\python.exe -m ruff check . --select ALL --ignore D,COM812,ISC001,T20 --line-length 88 --target-version py311",
                "cwd": "C:\\x_runner_x\\x_make_github_clones_x",
                "duration_seconds": 0.36775189999025315,
                "ended_at": "2025-10-15T05:04:19.207362+00:00",
                "exit": 1,
                "failed_files": [],
                "files_checked": [
                    "__init__.py",
                    "fastapi/__init__.py",
                    "fastapi/__main__.py",
                    "fastapi/cli.py",
                    "fastapi_cli/__init__.py",
                    "fastapi_cli/cli.py",
                    "tests/__init__.py",
                    "tests/test_make_github_clones.py",
                    "x_cls_make_github_clones_x.py",
                    "x_make_github_clones_x/__init__.py",
                    "x_make_github_clones_x/x_cls_make_github_clones_x.py"
                ],
                "repo": "x_make_github_clones_x",
                "repo_hash": "ba67e04dfb756d2ae868dba37945e0faea169df2982dd20db79a3d488b6493c4",
                "repo_path": "C:\\x_runner_x\\x_make_github_clones_x",
                "started_at": "2025-10-15T05:04:18.839609+00:00",
                "stderr": "",
                "stdout": "EM101 Exception must not use a string literal, assign to variable first\n   --> tests\\test_make_github_clones.py:248:28\n    |\n246 |         **_kwargs: object,\n247 |     ) -> list[RepoRecord]:\n248 |         raise RuntimeError(\"boom\")\n    |                            ^^^^^^\n249 |\n250 |     monkeypatch.setattr(\n    |\nhelp: Assign to variable; remove string literal\n\nPLR2004 Magic value used in comparison, consider replacing `2` with a constant variable\n   --> tests\\test_make_github_clones.py:258:25\n    |\n257 |     exit_code = client.sync()\n258 |     assert exit_code == 2\n    |                         ^\n259 |\n260 |     report_path = client.last_run_report_path\n    |\n\nPLR2004 Magic value used in comparison, consider replacing `2` with a constant variable\n   --> tests\\test_make_github_clones.py:263:36\n    |\n261 |     assert report_path is not None\n262 |     payload = json.loads(report_path.read_text(encoding=\"utf-8\"))\n263 |     assert payload[\"exit_code\"] == 2\n    |                                    ^\n264 |     assert payload[\"summary\"][\"fetch_error\"] == \"boom\"\n265 |     assert payload[\"repos\"] == []\n    |\n\nTC003 Move standard library import `collections.abc.Mapping` into a type-checking block\n  --> x_cls_make_github_clones_x.py:20:29\n   |\n18 | import urllib.request\n19 | import uuid\n20 | from collections.abc import Mapping, MutableMapping\n   |                             ^^^^^^^\n21 | from contextlib import suppress\n22 | from dataclasses import dataclass\n   |\nhelp: Move into type-checking block\n\nTC003 Move standard library import `collections.abc.MutableMapping` into a type-checking block\n  --> x_cls_make_github_clones_x.py:20:38\n   |\n18 | import urllib.request\n19 | import uuid\n20 | from collections.abc import Mapping, MutableMapping\n   |                                      ^^^^^^^^^^^^^^\n21 | from contextlib import suppress\n22 | from dataclasses import dataclass\n   |\nhelp: Move into type-checking block\n\nE501 Line too long (89 > 88)\n  --> x_cls_make_github_clones_x.py:72:89\n   |\n70 |     data.setdefault(\"generated_at\", _fallback_isoformat_timestamp(moment))\n71 |     report_path = reports_dir / resolved_filename\n72 |     report_path.write_text(json.dumps(data, indent=2, sort_keys=False), encoding=\"utf-8\")\n   |                                                                                         ^\n73 |     return report_path\n   |\n\nPLR0912 Too many branches (16 > 12)\n   --> x_cls_make_github_clones_x.py:634:9\n    |\n632 |         )\n633 |\n634 |     def sync(self, username: str | None = None, dest: str | None = None) -> int:\n    |         ^^^^\n635 |         username = username or self.username\n636 |         dest_candidate = dest or self.target_dir or self.DEFAULT_TARGET_DIR\n    |\n\nPLR0915 Too many statements (77 > 50)\n   --> x_cls_make_github_clones_x.py:634:9\n    |\n632 |         )\n633 |\n634 |     def sync(self, username: str | None = None, dest: str | None = None) -> int:\n    |         ^^^^\n635 |         username = username or self.username\n636 |         dest_candidate = dest or self.target_dir or self.DEFAULT_TARGET_DIR\n    |\n\nC901 `sync` is too complex (15 > 10)\n   --> x_cls_make_github_clones_x.py:634:9\n    |\n632 |         )\n633 |\n634 |     def sync(self, username: str | None = None, dest: str | None = None) -> int:\n    |         ^^^^\n635 |         username = username or self.username\n636 |         dest_candidate = dest or self.target_dir or self.DEFAULT_TARGET_DIR\n    |\n\nF841 Local variable `source_url` is assigned to but never used\n   --> x_cls_make_github_clones_x.py:675:17\n    |\n673 |                     continue\n674 |                 repo_path = dest_path / name\n675 |                 source_url = repo.clone_url or repo.ssh_url or None\n    |                 ^^^^^^^^^^\n676 |                 repo_started = datetime.now(UTC)\n677 |                 git_url = self._repo_clone_url(repo)\n    |\nhelp: Remove assignment to unused variable `source_url`\n\nFound 10 errors.\nNo fixes available (4 hidden fixes can be enabled with the `--unsafe-fixes` option).\n",
                "tool": "ruff_check",
                "tool_module": "ruff",
                "tool_version": "ruff 0.14.0"
            },
            "exit": "exit 1",
            "message": "ruff_check failed for x_make_github_clones_x (exit 1)\ncwd: C:\\x_runner_x\\x_make_github_clones_x\ncommand: C:\\x_runner_x\\x_make_yahw_x\\.venv\\Scripts\\python.exe -m ruff check . --select ALL --ignore D,COM812,ISC001,T20 --line-length 88 --target-version py311\nstarted_at: 2025-10-15T05:04:18.839609+00:00\nduration: 0.368s\ntool_version: ruff 0.14.0\nstdout:\nEM101 Exception must not use a string literal, assign to variable first\n   --> tests\\test_make_github_clones.py:248:28\n    |\n246 |         **_kwargs: object,\n247 |     ) -> list[RepoRecord]:\n\u2026\nstderr:\n<empty>",
            "repo": "x_make_github_clones_x",
            "repo_path": "C:\\x_runner_x\\x_make_github_clones_x",
            "stderr_preview": null,
            "stdout_preview": "EM101 Exception must not use a string literal, assign to variable first\n   --> tests\\test_make_github_clones.py:248:28\n    |\n246 |         **_kwargs: object,\n247 |     ) -> list[RepoRecord]:\n\u2026",
            "suggested_action": "Investigate",
            "summary": "ruff_check failed for x_make_github_clones_x (exit 1) cwd: C:\\x_runner_x\\x_make_github_clones_x command: C:\\x_runner_x\\x_make_yahw_x\\.venv\\Scripts\\python.exe -m ruff check . --select ALL --ignore D,COM812,ISC001,T20 --line-length 88 --targ\u2026",
            "tool": "ruff_check",
            "tool_version": "ruff 0.14.0"
        },
        {
            "captured_at": "2025-10-15T05:04:16.080500+00:00",
            "command": "C:\\x_runner_x\\x_make_yahw_x\\.venv\\Scripts\\python.exe -m ruff check . --fix --select ALL --ignore D,COM812,ISC001,T20 --line-length 88 --target-version py311",
            "detail": {
                "cached": false,
                "cmd": [
                    "C:\\x_runner_x\\x_make_yahw_x\\.venv\\Scripts\\python.exe",
                    "-m",
                    "ruff",
                    "check",
                    ".",
                    "--fix",
                    "--select",
                    "ALL",
                    "--ignore",
                    "D,COM812,ISC001,T20",
                    "--line-length",
                    "88",
                    "--target-version",
                    "py311"
                ],
                "cmd_display": "C:\\x_runner_x\\x_make_yahw_x\\.venv\\Scripts\\python.exe -m ruff check . --fix --select ALL --ignore D,COM812,ISC001,T20 --line-length 88 --target-version py311",
                "cwd": "C:\\x_runner_x\\x_make_github_clones_x",
                "duration_seconds": 0.39806640008464456,
                "ended_at": "2025-10-15T05:04:16.080500+00:00",
                "exit": 1,
                "failed_files": [],
                "files_checked": [
                    "__init__.py",
                    "fastapi/__init__.py",
                    "fastapi/__main__.py",
                    "fastapi/cli.py",
                    "fastapi_cli/__init__.py",
                    "fastapi_cli/cli.py",
                    "tests/__init__.py",
                    "tests/test_make_github_clones.py",
                    "x_cls_make_github_clones_x.py",
                    "x_make_github_clones_x/__init__.py",
                    "x_make_github_clones_x/x_cls_make_github_clones_x.py"
                ],
                "repo": "x_make_github_clones_x",
                "repo_hash": "ba67e04dfb756d2ae868dba37945e0faea169df2982dd20db79a3d488b6493c4",
                "repo_path": "C:\\x_runner_x\\x_make_github_clones_x",
                "started_at": "2025-10-15T05:04:15.682435+00:00",
                "stderr": "",
                "stdout": "EM101 Exception must not use a string literal, assign to variable first\n   --> tests\\test_make_github_clones.py:248:28\n    |\n246 |         **_kwargs: object,\n247 |     ) -> list[RepoRecord]:\n248 |         raise RuntimeError(\"boom\")\n    |                            ^^^^^^\n249 |\n250 |     monkeypatch.setattr(\n    |\nhelp: Assign to variable; remove string literal\n\nPLR2004 Magic value used in comparison, consider replacing `2` with a constant variable\n   --> tests\\test_make_github_clones.py:258:25\n    |\n257 |     exit_code = client.sync()\n258 |     assert exit_code == 2\n    |                         ^\n259 |\n260 |     report_path = client.last_run_report_path\n    |\n\nPLR2004 Magic value used in comparison, consider replacing `2` with a constant variable\n   --> tests\\test_make_github_clones.py:263:36\n    |\n261 |     assert report_path is not None\n262 |     payload = json.loads(report_path.read_text(encoding=\"utf-8\"))\n263 |     assert payload[\"exit_code\"] == 2\n    |                                    ^\n264 |     assert payload[\"summary\"][\"fetch_error\"] == \"boom\"\n265 |     assert payload[\"repos\"] == []\n    |\n\nTC003 Move standard library import `collections.abc.Mapping` into a type-checking block\n  --> x_cls_make_github_clones_x.py:20:29\n   |\n18 | import urllib.request\n19 | import uuid\n20 | from collections.abc import Mapping, MutableMapping\n   |                             ^^^^^^^\n21 | from contextlib import suppress\n22 | from dataclasses import dataclass\n   |\nhelp: Move into type-checking block\n\nTC003 Move standard library import `collections.abc.MutableMapping` into a type-checking block\n  --> x_cls_make_github_clones_x.py:20:38\n   |\n18 | import urllib.request\n19 | import uuid\n20 | from collections.abc import Mapping, MutableMapping\n   |                                      ^^^^^^^^^^^^^^\n21 | from contextlib import suppress\n22 | from dataclasses import dataclass\n   |\nhelp: Move into type-checking block\n\nE501 Line too long (89 > 88)\n  --> x_cls_make_github_clones_x.py:72:89\n   |\n70 |     data.setdefault(\"generated_at\", _fallback_isoformat_timestamp(moment))\n71 |     report_path = reports_dir / resolved_filename\n72 |     report_path.write_text(json.dumps(data, indent=2, sort_keys=False), encoding=\"utf-8\")\n   |                                                                                         ^\n73 |     return report_path\n   |\n\nPLR0912 Too many branches (16 > 12)\n   --> x_cls_make_github_clones_x.py:634:9\n    |\n632 |         )\n633 |\n634 |     def sync(self, username: str | None = None, dest: str | None = None) -> int:\n    |         ^^^^\n635 |         username = username or self.username\n636 |         dest_candidate = dest or self.target_dir or self.DEFAULT_TARGET_DIR\n    |\n\nPLR0915 Too many statements (77 > 50)\n   --> x_cls_make_github_clones_x.py:634:9\n    |\n632 |         )\n633 |\n634 |     def sync(self, username: str | None = None, dest: str | None = None) -> int:\n    |         ^^^^\n635 |         username = username or self.username\n636 |         dest_candidate = dest or self.target_dir or self.DEFAULT_TARGET_DIR\n    |\n\nC901 `sync` is too complex (15 > 10)\n   --> x_cls_make_github_clones_x.py:634:9\n    |\n632 |         )\n633 |\n634 |     def sync(self, username: str | None = None, dest: str | None = None) -> int:\n    |         ^^^^\n635 |         username = username or self.username\n636 |         dest_candidate = dest or self.target_dir or self.DEFAULT_TARGET_DIR\n    |\n\nF841 Local variable `source_url` is assigned to but never used\n   --> x_cls_make_github_clones_x.py:675:17\n    |\n673 |                     continue\n674 |                 repo_path = dest_path / name\n675 |                 source_url = repo.clone_url or repo.ssh_url or None\n    |                 ^^^^^^^^^^\n676 |                 repo_started = datetime.now(UTC)\n677 |                 git_url = self._repo_clone_url(repo)\n    |\nhelp: Remove assignment to unused variable `source_url`\n\nFound 10 errors.\nNo fixes available (4 hidden fixes can be enabled with the `--unsafe-fixes` option).\n",
                "tool": "ruff_fix",
                "tool_module": "ruff",
                "tool_version": "ruff 0.14.0"
            },
            "exit": "exit 1",
            "message": "ruff_fix failed for x_make_github_clones_x (exit 1)\ncwd: C:\\x_runner_x\\x_make_github_clones_x\ncommand: C:\\x_runner_x\\x_make_yahw_x\\.venv\\Scripts\\python.exe -m ruff check . --fix --select ALL --ignore D,COM812,ISC001,T20 --line-length 88 --target-version py311\nstarted_at: 2025-10-15T05:04:15.682435+00:00\nduration: 0.398s\ntool_version: ruff 0.14.0\nstdout:\nEM101 Exception must not use a string literal, assign to variable first\n   --> tests\\test_make_github_clones.py:248:28\n    |\n246 |         **_kwargs: object,\n247 |     ) -> list[RepoRecord]:\n\u2026\nstderr:\n<empty>",
            "repo": "x_make_github_clones_x",
            "repo_path": "C:\\x_runner_x\\x_make_github_clones_x",
            "stderr_preview": null,
            "stdout_preview": "EM101 Exception must not use a string literal, assign to variable first\n   --> tests\\test_make_github_clones.py:248:28\n    |\n246 |         **_kwargs: object,\n247 |     ) -> list[RepoRecord]:\n\u2026",
            "suggested_action": "Investigate",
            "summary": "ruff_fix failed for x_make_github_clones_x (exit 1) cwd: C:\\x_runner_x\\x_make_github_clones_x command: C:\\x_runner_x\\x_make_yahw_x\\.venv\\Scripts\\python.exe -m ruff check . --fix --select ALL --ignore D,COM812,ISC001,T20 --line-length 88 --\u2026",
            "tool": "ruff_fix",
            "tool_version": "ruff 0.14.0"
        },
        {
            "captured_at": "2025-10-15T05:04:28.433999+00:00",
            "command": "C:\\x_runner_x\\x_make_yahw_x\\.venv\\Scripts\\python.exe -m mypy . --strict --no-warn-unused-configs --show-error-codes --warn-return-any --warn-unreachable --disallow-any-unimported --disallow-any-expr --disallow-any-decorated --disallow-any-explicit",
            "detail": {
                "cached": false,
                "cmd": [
                    "C:\\x_runner_x\\x_make_yahw_x\\.venv\\Scripts\\python.exe",
                    "-m",
                    "mypy",
                    ".",
                    "--strict",
                    "--no-warn-unused-configs",
                    "--show-error-codes",
                    "--warn-return-any",
                    "--warn-unreachable",
                    "--disallow-any-unimported",
                    "--disallow-any-expr",
                    "--disallow-any-decorated",
                    "--disallow-any-explicit"
                ],
                "cmd_display": "C:\\x_runner_x\\x_make_yahw_x\\.venv\\Scripts\\python.exe -m mypy . --strict --no-warn-unused-configs --show-error-codes --warn-return-any --warn-unreachable --disallow-any-unimported --disallow-any-expr --disallow-any-decorated --disallow-any-explicit",
                "cwd": "C:\\x_runner_x\\x_make_github_visitor_x",
                "duration_seconds": 0.9527890000026673,
                "ended_at": "2025-10-15T05:04:28.433999+00:00",
                "exit": 1,
                "failed_files": [],
                "files_checked": [
                    "__init__.py",
                    "inspection_flow.py",
                    "run_external.py",
                    "run_visitor_no_cache.py",
                    "runner.py",
                    "tests/__init__.py",
                    "tests/test_github_visitor.py",
                    "x_cls_make_github_visitor_x.py"
                ],
                "repo": "x_make_github_visitor_x",
                "repo_hash": "5ef88ace038de32bb2878ade4e5ba2274aba5babfefcc0ed484c94841ea36ce4",
                "repo_path": "C:\\x_runner_x\\x_make_github_visitor_x",
                "started_at": "2025-10-15T05:04:27.481212+00:00",
                "stderr": "",
                "stdout": "x_cls_make_github_visitor_x.py:643: error: Incompatible types in assignment (expression has type \"Mapping[str, object]\", variable has type \"Mapping[str, str]\")  [assignment]\nx_cls_make_github_visitor_x.py:659: error: Expression type contains \"Any\" (has type \"dict[str, Any | None]\")  [misc]\nrunner.py:643: error: Incompatible types in assignment (expression has type \"Mapping[str, object]\", variable has type \"Mapping[str, str]\")  [assignment]\nrunner.py:659: error: Expression type contains \"Any\" (has type \"dict[str, Any | None]\")  [misc]\nFound 4 errors in 2 files (checked 8 source files)\n",
                "tool": "mypy",
                "tool_module": "mypy",
                "tool_version": "mypy 1.18.2 (compiled: yes)"
            },
            "exit": "exit 1",
            "message": "mypy failed for x_make_github_visitor_x (exit 1)\ncwd: C:\\x_runner_x\\x_make_github_visitor_x\ncommand: C:\\x_runner_x\\x_make_yahw_x\\.venv\\Scripts\\python.exe -m mypy . --strict --no-warn-unused-configs --show-error-codes --warn-return-any --warn-unreachable --disallow-any-unimported --disallow-any-expr --disallow-any-decorated --disallow-any-explicit\nstarted_at: 2025-10-15T05:04:27.481212+00:00\nduration: 0.953s\ntool_version: mypy 1.18.2 (compiled: yes)\nstdout:\nx_cls_make_github_visitor_x.py:643: error: Incompatible types in assignment (expression has type \"Mapping[str, object]\", variable has type \"Mapping[str, str]\")  [assignment]\nx_cls_make_github_visitor_x.py:659: error: Expression type contains \"Any\" (has type \"dict[str, Any | None]\")  [misc]\nrunner.py:643: error: Incompatible types in assignment (expression has type \"Mapping[str, object]\", variable has type \"Mapping[str, str]\")  [assignment]\nrunner.py:659: error: Expression type contains \"Any\" (has type \"dict[str, Any | None]\")  [misc]\nFound 4 errors in 2 files (checked 8 source files)\nstderr:\n<empty>",
            "repo": "x_make_github_visitor_x",
            "repo_path": "C:\\x_runner_x\\x_make_github_visitor_x",
            "stderr_preview": null,
            "stdout_preview": "x_cls_make_github_visitor_x.py:643: error: Incompatible types in assignment (expression has type \"Mapping[str, object]\", variable has type \"Mapping[str, str]\")  [assignment]\nx_cls_make_github_visitor_x.py:659: error: Expression type contains \"Any\" (has type \"dict[str, Any | None]\")  [misc]\nrunner.py:643: error: Incompatible types in assignment (expression has type \"Mapping[str, object]\", variable has type \"Mapping[str, str]\")  [assignment]\nrunner.py:659: error: Expression type contains \"Any\" (has type \"dict[str, Any | None]\")  [misc]\nFound 4 errors in 2 files (checked 8 source files)",
            "suggested_action": "Investigate",
            "summary": "mypy failed for x_make_github_visitor_x (exit 1) cwd: C:\\x_runner_x\\x_make_github_visitor_x command: C:\\x_runner_x\\x_make_yahw_x\\.venv\\Scripts\\python.exe -m mypy . --strict --no-warn-unused-configs --show-error-codes --warn-return-any --wa\u2026",
            "tool": "mypy",
            "tool_version": "mypy 1.18.2 (compiled: yes)"
        },
        {
            "captured_at": "2025-10-15T05:04:27.476817+00:00",
            "command": "C:\\x_runner_x\\x_make_yahw_x\\.venv\\Scripts\\python.exe -m ruff check . --select ALL --ignore D,COM812,ISC001,T20 --line-length 88 --target-version py311",
            "detail": {
                "cached": false,
                "cmd": [
                    "C:\\x_runner_x\\x_make_yahw_x\\.venv\\Scripts\\python.exe",
                    "-m",
                    "ruff",
                    "check",
                    ".",
                    "--select",
                    "ALL",
                    "--ignore",
                    "D,COM812,ISC001,T20",
                    "--line-length",
                    "88",
                    "--target-version",
                    "py311"
                ],
                "cmd_display": "C:\\x_runner_x\\x_make_yahw_x\\.venv\\Scripts\\python.exe -m ruff check . --select ALL --ignore D,COM812,ISC001,T20 --line-length 88 --target-version py311",
                "cwd": "C:\\x_runner_x\\x_make_github_visitor_x",
                "duration_seconds": 0.5051157999550924,
                "ended_at": "2025-10-15T05:04:27.476817+00:00",
                "exit": 1,
                "failed_files": [],
                "files_checked": [
                    "__init__.py",
                    "inspection_flow.py",
                    "run_external.py",
                    "run_visitor_no_cache.py",
                    "runner.py",
                    "tests/__init__.py",
                    "tests/test_github_visitor.py",
                    "x_cls_make_github_visitor_x.py"
                ],
                "repo": "x_make_github_visitor_x",
                "repo_hash": "5ef88ace038de32bb2878ade4e5ba2274aba5babfefcc0ed484c94841ea36ce4",
                "repo_path": "C:\\x_runner_x\\x_make_github_visitor_x",
                "started_at": "2025-10-15T05:04:26.971702+00:00",
                "stderr": "",
                "stdout": "E402 Module level import not at top of file\n  --> runner.py:35:1\n   |\n33 |         )\n34 |\n35 | from x_make_github_visitor_x.inspection_flow import VisitorRunResult\n   | ^^^^^^^^^^^^^^^^^^^^^^^^^^^^^^^^^^^^^^^^^^^^^^^^^^^^^^^^^^^^^^^^^^^^\n36 |\n37 | if TYPE_CHECKING:\n   |\n\nTC002 Move third-party import `x_4357_make_common_x.telemetry.JSONValue` into a type-checking block\n  --> runner.py:44:13\n   |\n42 |     except ModuleNotFoundError:  # pragma: no cover - only hit when using PyPI build\n43 |         from x_4357_make_common_x.telemetry import (\n44 |             JSONValue,  # type: ignore[attr-defined]\n   |             ^^^^^^^^^\n45 |         )\n   |\nhelp: Move into type-checking block\n\nPLR0913 Too many arguments in function definition (6 > 5)\n   --> runner.py:231:9\n    |\n230 | class x_cls_make_github_visitor_x:  # noqa: N801 - legacy naming retained for compatibility\n231 |     def __init__(\n    |         ^^^^^^^^\n232 |         self,\n233 |         root_dir: str | Path,\n    |\n\nC408 Unnecessary `tuple()` call (rewrite as a literal)\n   --> runner.py:291:50\n    |\n289 |         normalized_allowed = {\n290 |             normalized\n291 |             for repo in (allowed_repositories or tuple())\n    |                                                  ^^^^^^^\n292 |             for normalized in (_normalize_repo_name(repo),)\n293 |             if normalized\n    |\nhelp: Rewrite as a literal\n\nC901 `_emit_tool_event` is too complex (18 > 10)\n   --> runner.py:597:9\n    |\n595 |         return entries\n596 |\n597 |     def _emit_tool_event(self, payload: _ToolEventPayload) -> None:\n    |         ^^^^^^^^^^^^^^^^\n598 |         result = payload.result\n599 |         duration_value = result.get(\"duration_seconds\")\n    |\n\nPLR0912 Too many branches (19 > 12)\n   --> runner.py:597:9\n    |\n595 |         return entries\n596 |\n597 |     def _emit_tool_event(self, payload: _ToolEventPayload) -> None:\n    |         ^^^^^^^^^^^^^^^^\n598 |         result = payload.result\n599 |         duration_value = result.get(\"duration_seconds\")\n    |\n\nPLR0915 Too many statements (52 > 50)\n   --> runner.py:597:9\n    |\n595 |         return entries\n596 |\n597 |     def _emit_tool_event(self, payload: _ToolEventPayload) -> None:\n    |         ^^^^^^^^^^^^^^^^\n598 |         result = payload.result\n599 |         duration_value = result.get(\"duration_seconds\")\n    |\n\nPERF401 Use a list comprehension to create a transformed list\n   --> runner.py:612:21\n    |\n610 |             for candidate in candidate_entries:\n611 |                 if isinstance(candidate, str):\n612 |                     collected.append(candidate)\n    |                     ^^^^^^^^^^^^^^^^^^^^^^^^^^^\n613 |             files_checked = collected\n614 |         if not files_checked:\n    |\nhelp: Replace for loop with list comprehension\n\nPERF401 Use a list comprehension to create a transformed list\n   --> runner.py:641:25\n    |\n639 |                 for entry_obj in cast(\"Sequence[object]\", failed_files_obj):\n640 |                     if isinstance(entry_obj, Mapping):\n641 |                         filtered.append(cast(\"Mapping[str, object]\", entry_obj))\n    |                         ^^^^^^^^^^^^^^^^^^^^^^^^^^^^^^^^^^^^^^^^^^^^^^^^^^^^^^^^\n642 |                 failed_files_iter = tuple(filtered)\n643 |             for entry in failed_files_iter:\n    |\nhelp: Replace for loop with list comprehension\n\nE402 Module level import not at top of file\n  --> x_cls_make_github_visitor_x.py:35:1\n   |\n33 |         )\n34 |\n35 | from x_make_github_visitor_x.inspection_flow import VisitorRunResult\n   | ^^^^^^^^^^^^^^^^^^^^^^^^^^^^^^^^^^^^^^^^^^^^^^^^^^^^^^^^^^^^^^^^^^^^\n36 |\n37 | if TYPE_CHECKING:\n   |\n\nTC002 Move third-party import `x_4357_make_common_x.telemetry.JSONValue` into a type-checking block\n  --> x_cls_make_github_visitor_x.py:44:13\n   |\n42 |     except ModuleNotFoundError:  # pragma: no cover - only hit when using PyPI build\n43 |         from x_4357_make_common_x.telemetry import (\n44 |             JSONValue,  # type: ignore[attr-defined]\n   |             ^^^^^^^^^\n45 |         )\n   |\nhelp: Move into type-checking block\n\nPLR0913 Too many arguments in function definition (6 > 5)\n   --> x_cls_make_github_visitor_x.py:231:9\n    |\n230 | class x_cls_make_github_visitor_x:  # noqa: N801 - legacy naming retained for compatibility\n231 |     def __init__(\n    |         ^^^^^^^^\n232 |         self,\n233 |         root_dir: str | Path,\n    |\n\nC408 Unnecessary `tuple()` call (rewrite as a literal)\n   --> x_cls_make_github_visitor_x.py:291:50\n    |\n289 |         normalized_allowed = {\n290 |             normalized\n291 |             for repo in (allowed_repositories or tuple())\n    |                                                  ^^^^^^^\n292 |             for normalized in (_normalize_repo_name(repo),)\n293 |             if normalized\n    |\nhelp: Rewrite as a literal\n\nC901 `_emit_tool_event` is too complex (18 > 10)\n   --> x_cls_make_github_visitor_x.py:597:9\n    |\n595 |         return entries\n596 |\n597 |     def _emit_tool_event(self, payload: _ToolEventPayload) -> None:\n    |         ^^^^^^^^^^^^^^^^\n598 |         result = payload.result\n599 |         duration_value = result.get(\"duration_seconds\")\n    |\n\nPLR0912 Too many branches (19 > 12)\n   --> x_cls_make_github_visitor_x.py:597:9\n    |\n595 |         return entries\n596 |\n597 |     def _emit_tool_event(self, payload: _ToolEventPayload) -> None:\n    |         ^^^^^^^^^^^^^^^^\n598 |         result = payload.result\n599 |         duration_value = result.get(\"duration_seconds\")\n    |\n\nPLR0915 Too many statements (52 > 50)\n   --> x_cls_make_github_visitor_x.py:597:9\n    |\n595 |         return entries\n596 |\n597 |     def _emit_tool_event(self, payload: _ToolEventPayload) -> None:\n    |         ^^^^^^^^^^^^^^^^\n598 |         result = payload.result\n599 |         duration_value = result.get(\"duration_seconds\")\n    |\n\nPERF401 Use a list comprehension to create a transformed list\n   --> x_cls_make_github_visitor_x.py:612:21\n    |\n610 |             for candidate in candidate_entries:\n611 |                 if isinstance(candidate, str):\n612 |                     collected.append(candidate)\n    |                     ^^^^^^^^^^^^^^^^^^^^^^^^^^^\n613 |             files_checked = collected\n614 |         if not files_checked:\n    |\nhelp: Replace for loop with list comprehension\n\nPERF401 Use a list comprehension to create a transformed list\n   --> x_cls_make_github_visitor_x.py:641:25\n    |\n639 |                 for entry_obj in cast(\"Sequence[object]\", failed_files_obj):\n640 |                     if isinstance(entry_obj, Mapping):\n641 |                         filtered.append(cast(\"Mapping[str, object]\", entry_obj))\n    |                         ^^^^^^^^^^^^^^^^^^^^^^^^^^^^^^^^^^^^^^^^^^^^^^^^^^^^^^^^\n642 |                 failed_files_iter = tuple(filtered)\n643 |             for entry in failed_files_iter:\n    |\nhelp: Replace for loop with list comprehension\n\nFound 18 errors.\nNo fixes available (4 hidden fixes can be enabled with the `--unsafe-fixes` option).\n",
                "tool": "ruff_check",
                "tool_module": "ruff",
                "tool_version": "ruff 0.14.0"
            },
            "exit": "exit 1",
            "message": "ruff_check failed for x_make_github_visitor_x (exit 1)\ncwd: C:\\x_runner_x\\x_make_github_visitor_x\ncommand: C:\\x_runner_x\\x_make_yahw_x\\.venv\\Scripts\\python.exe -m ruff check . --select ALL --ignore D,COM812,ISC001,T20 --line-length 88 --target-version py311\nstarted_at: 2025-10-15T05:04:26.971702+00:00\nduration: 0.505s\ntool_version: ruff 0.14.0\nstdout:\nE402 Module level import not at top of file\n  --> runner.py:35:1\n   |\n33 |         )\n34 |\n\u2026\nstderr:\n<empty>",
            "repo": "x_make_github_visitor_x",
            "repo_path": "C:\\x_runner_x\\x_make_github_visitor_x",
            "stderr_preview": null,
            "stdout_preview": "E402 Module level import not at top of file\n  --> runner.py:35:1\n   |\n33 |         )\n34 |\n\u2026",
            "suggested_action": "Investigate",
            "summary": "ruff_check failed for x_make_github_visitor_x (exit 1) cwd: C:\\x_runner_x\\x_make_github_visitor_x command: C:\\x_runner_x\\x_make_yahw_x\\.venv\\Scripts\\python.exe -m ruff check . --select ALL --ignore D,COM812,ISC001,T20 --line-length 88 --ta\u2026",
            "tool": "ruff_check",
            "tool_version": "ruff 0.14.0"
        },
        {
            "captured_at": "2025-10-15T05:04:24.262611+00:00",
            "command": "C:\\x_runner_x\\x_make_yahw_x\\.venv\\Scripts\\python.exe -m ruff check . --fix --select ALL --ignore D,COM812,ISC001,T20 --line-length 88 --target-version py311",
            "detail": {
                "cached": false,
                "cmd": [
                    "C:\\x_runner_x\\x_make_yahw_x\\.venv\\Scripts\\python.exe",
                    "-m",
                    "ruff",
                    "check",
                    ".",
                    "--fix",
                    "--select",
                    "ALL",
                    "--ignore",
                    "D,COM812,ISC001,T20",
                    "--line-length",
                    "88",
                    "--target-version",
                    "py311"
                ],
                "cmd_display": "C:\\x_runner_x\\x_make_yahw_x\\.venv\\Scripts\\python.exe -m ruff check . --fix --select ALL --ignore D,COM812,ISC001,T20 --line-length 88 --target-version py311",
                "cwd": "C:\\x_runner_x\\x_make_github_visitor_x",
                "duration_seconds": 0.3349162000231445,
                "ended_at": "2025-10-15T05:04:24.262611+00:00",
                "exit": 1,
                "failed_files": [],
                "files_checked": [
                    "__init__.py",
                    "inspection_flow.py",
                    "run_external.py",
                    "run_visitor_no_cache.py",
                    "runner.py",
                    "tests/__init__.py",
                    "tests/test_github_visitor.py",
                    "x_cls_make_github_visitor_x.py"
                ],
                "repo": "x_make_github_visitor_x",
                "repo_hash": "5ef88ace038de32bb2878ade4e5ba2274aba5babfefcc0ed484c94841ea36ce4",
                "repo_path": "C:\\x_runner_x\\x_make_github_visitor_x",
                "started_at": "2025-10-15T05:04:23.927697+00:00",
                "stderr": "",
                "stdout": "E402 Module level import not at top of file\n  --> runner.py:35:1\n   |\n33 |         )\n34 |\n35 | from x_make_github_visitor_x.inspection_flow import VisitorRunResult\n   | ^^^^^^^^^^^^^^^^^^^^^^^^^^^^^^^^^^^^^^^^^^^^^^^^^^^^^^^^^^^^^^^^^^^^\n36 |\n37 | if TYPE_CHECKING:\n   |\n\nTC002 Move third-party import `x_4357_make_common_x.telemetry.JSONValue` into a type-checking block\n  --> runner.py:44:13\n   |\n42 |     except ModuleNotFoundError:  # pragma: no cover - only hit when using PyPI build\n43 |         from x_4357_make_common_x.telemetry import (\n44 |             JSONValue,  # type: ignore[attr-defined]\n   |             ^^^^^^^^^\n45 |         )\n   |\nhelp: Move into type-checking block\n\nPLR0913 Too many arguments in function definition (6 > 5)\n   --> runner.py:231:9\n    |\n230 | class x_cls_make_github_visitor_x:  # noqa: N801 - legacy naming retained for compatibility\n231 |     def __init__(\n    |         ^^^^^^^^\n232 |         self,\n233 |         root_dir: str | Path,\n    |\n\nC408 Unnecessary `tuple()` call (rewrite as a literal)\n   --> runner.py:291:50\n    |\n289 |         normalized_allowed = {\n290 |             normalized\n291 |             for repo in (allowed_repositories or tuple())\n    |                                                  ^^^^^^^\n292 |             for normalized in (_normalize_repo_name(repo),)\n293 |             if normalized\n    |\nhelp: Rewrite as a literal\n\nC901 `_emit_tool_event` is too complex (18 > 10)\n   --> runner.py:597:9\n    |\n595 |         return entries\n596 |\n597 |     def _emit_tool_event(self, payload: _ToolEventPayload) -> None:\n    |         ^^^^^^^^^^^^^^^^\n598 |         result = payload.result\n599 |         duration_value = result.get(\"duration_seconds\")\n    |\n\nPLR0912 Too many branches (19 > 12)\n   --> runner.py:597:9\n    |\n595 |         return entries\n596 |\n597 |     def _emit_tool_event(self, payload: _ToolEventPayload) -> None:\n    |         ^^^^^^^^^^^^^^^^\n598 |         result = payload.result\n599 |         duration_value = result.get(\"duration_seconds\")\n    |\n\nPLR0915 Too many statements (52 > 50)\n   --> runner.py:597:9\n    |\n595 |         return entries\n596 |\n597 |     def _emit_tool_event(self, payload: _ToolEventPayload) -> None:\n    |         ^^^^^^^^^^^^^^^^\n598 |         result = payload.result\n599 |         duration_value = result.get(\"duration_seconds\")\n    |\n\nPERF401 Use a list comprehension to create a transformed list\n   --> runner.py:612:21\n    |\n610 |             for candidate in candidate_entries:\n611 |                 if isinstance(candidate, str):\n612 |                     collected.append(candidate)\n    |                     ^^^^^^^^^^^^^^^^^^^^^^^^^^^\n613 |             files_checked = collected\n614 |         if not files_checked:\n    |\nhelp: Replace for loop with list comprehension\n\nPERF401 Use a list comprehension to create a transformed list\n   --> runner.py:641:25\n    |\n639 |                 for entry_obj in cast(\"Sequence[object]\", failed_files_obj):\n640 |                     if isinstance(entry_obj, Mapping):\n641 |                         filtered.append(cast(\"Mapping[str, object]\", entry_obj))\n    |                         ^^^^^^^^^^^^^^^^^^^^^^^^^^^^^^^^^^^^^^^^^^^^^^^^^^^^^^^^\n642 |                 failed_files_iter = tuple(filtered)\n643 |             for entry in failed_files_iter:\n    |\nhelp: Replace for loop with list comprehension\n\nE402 Module level import not at top of file\n  --> x_cls_make_github_visitor_x.py:35:1\n   |\n33 |         )\n34 |\n35 | from x_make_github_visitor_x.inspection_flow import VisitorRunResult\n   | ^^^^^^^^^^^^^^^^^^^^^^^^^^^^^^^^^^^^^^^^^^^^^^^^^^^^^^^^^^^^^^^^^^^^\n36 |\n37 | if TYPE_CHECKING:\n   |\n\nTC002 Move third-party import `x_4357_make_common_x.telemetry.JSONValue` into a type-checking block\n  --> x_cls_make_github_visitor_x.py:44:13\n   |\n42 |     except ModuleNotFoundError:  # pragma: no cover - only hit when using PyPI build\n43 |         from x_4357_make_common_x.telemetry import (\n44 |             JSONValue,  # type: ignore[attr-defined]\n   |             ^^^^^^^^^\n45 |         )\n   |\nhelp: Move into type-checking block\n\nPLR0913 Too many arguments in function definition (6 > 5)\n   --> x_cls_make_github_visitor_x.py:231:9\n    |\n230 | class x_cls_make_github_visitor_x:  # noqa: N801 - legacy naming retained for compatibility\n231 |     def __init__(\n    |         ^^^^^^^^\n232 |         self,\n233 |         root_dir: str | Path,\n    |\n\nC408 Unnecessary `tuple()` call (rewrite as a literal)\n   --> x_cls_make_github_visitor_x.py:291:50\n    |\n289 |         normalized_allowed = {\n290 |             normalized\n291 |             for repo in (allowed_repositories or tuple())\n    |                                                  ^^^^^^^\n292 |             for normalized in (_normalize_repo_name(repo),)\n293 |             if normalized\n    |\nhelp: Rewrite as a literal\n\nC901 `_emit_tool_event` is too complex (18 > 10)\n   --> x_cls_make_github_visitor_x.py:597:9\n    |\n595 |         return entries\n596 |\n597 |     def _emit_tool_event(self, payload: _ToolEventPayload) -> None:\n    |         ^^^^^^^^^^^^^^^^\n598 |         result = payload.result\n599 |         duration_value = result.get(\"duration_seconds\")\n    |\n\nPLR0912 Too many branches (19 > 12)\n   --> x_cls_make_github_visitor_x.py:597:9\n    |\n595 |         return entries\n596 |\n597 |     def _emit_tool_event(self, payload: _ToolEventPayload) -> None:\n    |         ^^^^^^^^^^^^^^^^\n598 |         result = payload.result\n599 |         duration_value = result.get(\"duration_seconds\")\n    |\n\nPLR0915 Too many statements (52 > 50)\n   --> x_cls_make_github_visitor_x.py:597:9\n    |\n595 |         return entries\n596 |\n597 |     def _emit_tool_event(self, payload: _ToolEventPayload) -> None:\n    |         ^^^^^^^^^^^^^^^^\n598 |         result = payload.result\n599 |         duration_value = result.get(\"duration_seconds\")\n    |\n\nPERF401 Use a list comprehension to create a transformed list\n   --> x_cls_make_github_visitor_x.py:612:21\n    |\n610 |             for candidate in candidate_entries:\n611 |                 if isinstance(candidate, str):\n612 |                     collected.append(candidate)\n    |                     ^^^^^^^^^^^^^^^^^^^^^^^^^^^\n613 |             files_checked = collected\n614 |         if not files_checked:\n    |\nhelp: Replace for loop with list comprehension\n\nPERF401 Use a list comprehension to create a transformed list\n   --> x_cls_make_github_visitor_x.py:641:25\n    |\n639 |                 for entry_obj in cast(\"Sequence[object]\", failed_files_obj):\n640 |                     if isinstance(entry_obj, Mapping):\n641 |                         filtered.append(cast(\"Mapping[str, object]\", entry_obj))\n    |                         ^^^^^^^^^^^^^^^^^^^^^^^^^^^^^^^^^^^^^^^^^^^^^^^^^^^^^^^^\n642 |                 failed_files_iter = tuple(filtered)\n643 |             for entry in failed_files_iter:\n    |\nhelp: Replace for loop with list comprehension\n\nFound 18 errors.\nNo fixes available (4 hidden fixes can be enabled with the `--unsafe-fixes` option).\n",
                "tool": "ruff_fix",
                "tool_module": "ruff",
                "tool_version": "ruff 0.14.0"
            },
            "exit": "exit 1",
            "message": "ruff_fix failed for x_make_github_visitor_x (exit 1)\ncwd: C:\\x_runner_x\\x_make_github_visitor_x\ncommand: C:\\x_runner_x\\x_make_yahw_x\\.venv\\Scripts\\python.exe -m ruff check . --fix --select ALL --ignore D,COM812,ISC001,T20 --line-length 88 --target-version py311\nstarted_at: 2025-10-15T05:04:23.927697+00:00\nduration: 0.335s\ntool_version: ruff 0.14.0\nstdout:\nE402 Module level import not at top of file\n  --> runner.py:35:1\n   |\n33 |         )\n34 |\n\u2026\nstderr:\n<empty>",
            "repo": "x_make_github_visitor_x",
            "repo_path": "C:\\x_runner_x\\x_make_github_visitor_x",
            "stderr_preview": null,
            "stdout_preview": "E402 Module level import not at top of file\n  --> runner.py:35:1\n   |\n33 |         )\n34 |\n\u2026",
            "suggested_action": "Investigate",
            "summary": "ruff_fix failed for x_make_github_visitor_x (exit 1) cwd: C:\\x_runner_x\\x_make_github_visitor_x command: C:\\x_runner_x\\x_make_yahw_x\\.venv\\Scripts\\python.exe -m ruff check . --fix --select ALL --ignore D,COM812,ISC001,T20 --line-length 88 \u2026",
            "tool": "ruff_fix",
            "tool_version": "ruff 0.14.0"
        },
        {
            "captured_at": "2025-10-15T05:04:42.493072+00:00",
            "command": "C:\\x_runner_x\\x_make_yahw_x\\.venv\\Scripts\\python.exe -m black . --line-length 88 --target-version py311 --check --diff",
            "detail": {
                "cached": false,
                "cmd": [
                    "C:\\x_runner_x\\x_make_yahw_x\\.venv\\Scripts\\python.exe",
                    "-m",
                    "black",
                    ".",
                    "--line-length",
                    "88",
                    "--target-version",
                    "py311",
                    "--check",
                    "--diff"
                ],
                "cmd_display": "C:\\x_runner_x\\x_make_yahw_x\\.venv\\Scripts\\python.exe -m black . --line-length 88 --target-version py311 --check --diff",
                "cwd": "C:\\x_runner_x\\x_make_pip_updates_x",
                "duration_seconds": 1.9621232999488711,
                "ended_at": "2025-10-15T05:04:42.493072+00:00",
                "exit": 1,
                "failed_files": [],
                "files_checked": [
                    "__init__.py",
                    "tests/__init__.py",
                    "tests/test_pip_updates.py",
                    "update_flow.py",
                    "x_cls_make_pip_updates_x.py"
                ],
                "repo": "x_make_pip_updates_x",
                "repo_hash": "e2681a1372949c4fc8dc1a84abf6d51e050ffb212e8309b66331e7dd7c892672",
                "repo_path": "C:\\x_runner_x\\x_make_pip_updates_x",
                "started_at": "2025-10-15T05:04:40.530952+00:00",
                "stderr": "would reformat C:\\x_runner_x\\x_make_pip_updates_x\\update_flow.py\n\nOh no! \\U0001f4a5 \\U0001f494 \\U0001f4a5\n1 file would be reformatted, 4 files would be left unchanged.\n",
                "stdout": "--- C:\\x_runner_x\\x_make_pip_updates_x\\update_flow.py\t2025-10-15 03:09:29.552218+00:00\n+++ C:\\x_runner_x\\x_make_pip_updates_x\\update_flow.py\t2025-10-15 05:04:42.171981+00:00\n@@ -55,13 +55,11 @@\n     if isinstance(value, Path):\n         return str(value)\n     if isinstance(value, Mapping):\n         typed = cast(\"Mapping[object, object]\", value)\n         return {str(key): _json_ready(val) for key, val in typed.items()}\n-    if isinstance(value, Sequence) and not isinstance(\n-        value, (str, bytes, bytearray)\n-    ):\n+    if isinstance(value, Sequence) and not isinstance(value, (str, bytes, bytearray)):\n         typed_seq = cast(\"Sequence[object]\", value)\n         return [_json_ready(entry) for entry in typed_seq]\n     return str(value)\n \n \n@@ -411,11 +409,13 @@\n                 script_detail = {\n                     \"invoked\": used_script,\n                     \"return_code\": script_rc,\n                 }\n             else:\n-                _info(\"pip-updates script not found; using direct pip fallback installation\")\n+                _info(\n+                    \"pip-updates script not found; using direct pip fallback installation\"\n+                )\n             execution_detail[\"script_attempt\"] = script_detail\n \n             pinned = [\n                 f\"{pkg}=={published_versions[pkg]}\"\n                 for pkg in package_list\n",
                "tool": "black",
                "tool_module": "black",
                "tool_version": "python -m black, 25.9.0 (compiled: yes)\nPython (CPython) 3.13.7"
            },
            "exit": "exit 1",
            "message": "black failed for x_make_pip_updates_x (exit 1)\ncwd: C:\\x_runner_x\\x_make_pip_updates_x\ncommand: C:\\x_runner_x\\x_make_yahw_x\\.venv\\Scripts\\python.exe -m black . --line-length 88 --target-version py311 --check --diff\nstarted_at: 2025-10-15T05:04:40.530952+00:00\nduration: 1.962s\ntool_version: python -m black, 25.9.0 (compiled: yes)\nPython (CPython) 3.13.7\nstdout:\n--- C:\\x_runner_x\\x_make_pip_updates_x\\update_flow.py\t2025-10-15 03:09:29.552218+00:00\n+++ C:\\x_runner_x\\x_make_pip_updates_x\\update_flow.py\t2025-10-15 05:04:42.171981+00:00\n@@ -55,13 +55,11 @@\n     if isinstance(value, Path):\n         return str(value)\n\u2026\nstderr:\nwould reformat C:\\x_runner_x\\x_make_pip_updates_x\\update_flow.py\n\nOh no! \\U0001f4a5 \\U0001f494 \\U0001f4a5\n1 file would be reformatted, 4 files would be left unchanged.",
            "repo": "x_make_pip_updates_x",
            "repo_path": "C:\\x_runner_x\\x_make_pip_updates_x",
            "stderr_preview": "would reformat C:\\x_runner_x\\x_make_pip_updates_x\\update_flow.py\n\nOh no! \\U0001f4a5 \\U0001f494 \\U0001f4a5\n1 file would be reformatted, 4 files would be left unchanged.",
            "stdout_preview": "--- C:\\x_runner_x\\x_make_pip_updates_x\\update_flow.py\t2025-10-15 03:09:29.552218+00:00\n+++ C:\\x_runner_x\\x_make_pip_updates_x\\update_flow.py\t2025-10-15 05:04:42.171981+00:00\n@@ -55,13 +55,11 @@\n     if isinstance(value, Path):\n         return str(value)\n\u2026",
            "suggested_action": "Investigate",
            "summary": "black failed for x_make_pip_updates_x (exit 1) cwd: C:\\x_runner_x\\x_make_pip_updates_x command: C:\\x_runner_x\\x_make_yahw_x\\.venv\\Scripts\\python.exe -m black . --line-length 88 --target-version py311 --check --diff started_at: 2025-10-15T0\u2026",
            "tool": "black",
            "tool_version": "python -m black, 25.9.0 (compiled: yes)\nPython (CPython) 3.13.7"
        },
        {
            "captured_at": "2025-10-15T05:04:43.994020+00:00",
            "command": "C:\\x_runner_x\\x_make_yahw_x\\.venv\\Scripts\\python.exe -m mypy . --strict --no-warn-unused-configs --show-error-codes --warn-return-any --warn-unreachable --disallow-any-unimported --disallow-any-expr --disallow-any-decorated --disallow-any-explicit",
            "detail": {
                "cached": false,
                "cmd": [
                    "C:\\x_runner_x\\x_make_yahw_x\\.venv\\Scripts\\python.exe",
                    "-m",
                    "mypy",
                    ".",
                    "--strict",
                    "--no-warn-unused-configs",
                    "--show-error-codes",
                    "--warn-return-any",
                    "--warn-unreachable",
                    "--disallow-any-unimported",
                    "--disallow-any-expr",
                    "--disallow-any-decorated",
                    "--disallow-any-explicit"
                ],
                "cmd_display": "C:\\x_runner_x\\x_make_yahw_x\\.venv\\Scripts\\python.exe -m mypy . --strict --no-warn-unused-configs --show-error-codes --warn-return-any --warn-unreachable --disallow-any-unimported --disallow-any-expr --disallow-any-decorated --disallow-any-explicit",
                "cwd": "C:\\x_runner_x\\x_make_pip_updates_x",
                "duration_seconds": 1.1576804999494925,
                "ended_at": "2025-10-15T05:04:43.994020+00:00",
                "exit": 1,
                "failed_files": [],
                "files_checked": [
                    "__init__.py",
                    "tests/__init__.py",
                    "tests/test_pip_updates.py",
                    "update_flow.py",
                    "x_cls_make_pip_updates_x.py"
                ],
                "repo": "x_make_pip_updates_x",
                "repo_hash": "e2681a1372949c4fc8dc1a84abf6d51e050ffb212e8309b66331e7dd7c892672",
                "repo_path": "C:\\x_runner_x\\x_make_pip_updates_x",
                "started_at": "2025-10-15T05:04:42.836352+00:00",
                "stderr": "",
                "stdout": "x_cls_make_pip_updates_x.py:310: error: Expression type contains \"Any\" (has type \"dict[str, Any | None]\")  [misc]\nupdate_flow.py:532: error: \"Exception\" has no attribute \"run_report_path\"  [attr-defined]\nFound 2 errors in 2 files (checked 5 source files)\n",
                "tool": "mypy",
                "tool_module": "mypy",
                "tool_version": "mypy 1.18.2 (compiled: yes)"
            },
            "exit": "exit 1",
            "message": "mypy failed for x_make_pip_updates_x (exit 1)\ncwd: C:\\x_runner_x\\x_make_pip_updates_x\ncommand: C:\\x_runner_x\\x_make_yahw_x\\.venv\\Scripts\\python.exe -m mypy . --strict --no-warn-unused-configs --show-error-codes --warn-return-any --warn-unreachable --disallow-any-unimported --disallow-any-expr --disallow-any-decorated --disallow-any-explicit\nstarted_at: 2025-10-15T05:04:42.836352+00:00\nduration: 1.158s\ntool_version: mypy 1.18.2 (compiled: yes)\nstdout:\nx_cls_make_pip_updates_x.py:310: error: Expression type contains \"Any\" (has type \"dict[str, Any | None]\")  [misc]\nupdate_flow.py:532: error: \"Exception\" has no attribute \"run_report_path\"  [attr-defined]\nFound 2 errors in 2 files (checked 5 source files)\nstderr:\n<empty>",
            "repo": "x_make_pip_updates_x",
            "repo_path": "C:\\x_runner_x\\x_make_pip_updates_x",
            "stderr_preview": null,
            "stdout_preview": "x_cls_make_pip_updates_x.py:310: error: Expression type contains \"Any\" (has type \"dict[str, Any | None]\")  [misc]\nupdate_flow.py:532: error: \"Exception\" has no attribute \"run_report_path\"  [attr-defined]\nFound 2 errors in 2 files (checked 5 source files)",
            "suggested_action": "Investigate",
            "summary": "mypy failed for x_make_pip_updates_x (exit 1) cwd: C:\\x_runner_x\\x_make_pip_updates_x command: C:\\x_runner_x\\x_make_yahw_x\\.venv\\Scripts\\python.exe -m mypy . --strict --no-warn-unused-configs --show-error-codes --warn-return-any --warn-unr\u2026",
            "tool": "mypy",
            "tool_version": "mypy 1.18.2 (compiled: yes)"
        },
        {
            "captured_at": "2025-10-15T05:04:45.855821+00:00",
            "command": "C:\\x_runner_x\\x_make_yahw_x\\.venv\\Scripts\\python.exe -m pyright . --level error",
            "detail": {
                "cached": false,
                "cmd": [
                    "C:\\x_runner_x\\x_make_yahw_x\\.venv\\Scripts\\python.exe",
                    "-m",
                    "pyright",
                    ".",
                    "--level",
                    "error"
                ],
                "cmd_display": "C:\\x_runner_x\\x_make_yahw_x\\.venv\\Scripts\\python.exe -m pyright . --level error",
                "cwd": "C:\\x_runner_x\\x_make_pip_updates_x",
                "duration_seconds": 1.85806389991194,
                "ended_at": "2025-10-15T05:04:45.855821+00:00",
                "exit": 1,
                "failed_files": [],
                "files_checked": [
                    "__init__.py",
                    "tests/__init__.py",
                    "tests/test_pip_updates.py",
                    "update_flow.py",
                    "x_cls_make_pip_updates_x.py"
                ],
                "repo": "x_make_pip_updates_x",
                "repo_hash": "e2681a1372949c4fc8dc1a84abf6d51e050ffb212e8309b66331e7dd7c892672",
                "repo_path": "C:\\x_runner_x\\x_make_pip_updates_x",
                "started_at": "2025-10-15T05:04:43.997759+00:00",
                "stderr": "",
                "stdout": "c:\\x_runner_x\\x_make_pip_updates_x\\update_flow.py\n  c:\\x_runner_x\\x_make_pip_updates_x\\update_flow.py:532:24 - error: Cannot assign to attribute \"run_report_path\" for class \"Exception\"\n  \u00c2\u00a0\u00c2\u00a0Attribute \"run_report_path\" is unknown (reportAttributeAccessIssue)\n1 error, 0 warnings, 0 informations\n",
                "tool": "pyright",
                "tool_module": "pyright",
                "tool_version": "pyright 1.1.406"
            },
            "exit": "exit 1",
            "message": "pyright failed for x_make_pip_updates_x (exit 1)\ncwd: C:\\x_runner_x\\x_make_pip_updates_x\ncommand: C:\\x_runner_x\\x_make_yahw_x\\.venv\\Scripts\\python.exe -m pyright . --level error\nstarted_at: 2025-10-15T05:04:43.997759+00:00\nduration: 1.858s\ntool_version: pyright 1.1.406\nstdout:\nc:\\x_runner_x\\x_make_pip_updates_x\\update_flow.py\n  c:\\x_runner_x\\x_make_pip_updates_x\\update_flow.py:532:24 - error: Cannot assign to attribute \"run_report_path\" for class \"Exception\"\n  \u00c2\u00a0\u00c2\u00a0Attribute \"run_report_path\" is unknown (reportAttributeAccessIssue)\n1 error, 0 warnings, 0 informations\nstderr:\n<empty>",
            "repo": "x_make_pip_updates_x",
            "repo_path": "C:\\x_runner_x\\x_make_pip_updates_x",
            "stderr_preview": null,
            "stdout_preview": "c:\\x_runner_x\\x_make_pip_updates_x\\update_flow.py\n  c:\\x_runner_x\\x_make_pip_updates_x\\update_flow.py:532:24 - error: Cannot assign to attribute \"run_report_path\" for class \"Exception\"\n  \u00c2\u00a0\u00c2\u00a0Attribute \"run_report_path\" is unknown (reportAttributeAccessIssue)\n1 error, 0 warnings, 0 informations",
            "suggested_action": "Investigate",
            "summary": "pyright failed for x_make_pip_updates_x (exit 1) cwd: C:\\x_runner_x\\x_make_pip_updates_x command: C:\\x_runner_x\\x_make_yahw_x\\.venv\\Scripts\\python.exe -m pyright . --level error started_at: 2025-10-15T05:04:43.997759+00:00 duration: 1.858s\u2026",
            "tool": "pyright",
            "tool_version": "pyright 1.1.406"
        },
        {
            "captured_at": "2025-10-15T05:04:42.833167+00:00",
            "command": "C:\\x_runner_x\\x_make_yahw_x\\.venv\\Scripts\\python.exe -m ruff check . --select ALL --ignore D,COM812,ISC001,T20 --line-length 88 --target-version py311",
            "detail": {
                "cached": false,
                "cmd": [
                    "C:\\x_runner_x\\x_make_yahw_x\\.venv\\Scripts\\python.exe",
                    "-m",
                    "ruff",
                    "check",
                    ".",
                    "--select",
                    "ALL",
                    "--ignore",
                    "D,COM812,ISC001,T20",
                    "--line-length",
                    "88",
                    "--target-version",
                    "py311"
                ],
                "cmd_display": "C:\\x_runner_x\\x_make_yahw_x\\.venv\\Scripts\\python.exe -m ruff check . --select ALL --ignore D,COM812,ISC001,T20 --line-length 88 --target-version py311",
                "cwd": "C:\\x_runner_x\\x_make_pip_updates_x",
                "duration_seconds": 0.3357500999700278,
                "ended_at": "2025-10-15T05:04:42.833167+00:00",
                "exit": 1,
                "failed_files": [],
                "files_checked": [
                    "__init__.py",
                    "tests/__init__.py",
                    "tests/test_pip_updates.py",
                    "update_flow.py",
                    "x_cls_make_pip_updates_x.py"
                ],
                "repo": "x_make_pip_updates_x",
                "repo_hash": "e2681a1372949c4fc8dc1a84abf6d51e050ffb212e8309b66331e7dd7c892672",
                "repo_path": "C:\\x_runner_x\\x_make_pip_updates_x",
                "started_at": "2025-10-15T05:04:42.497418+00:00",
                "stderr": "",
                "stdout": "PLR0915 Too many statements (68 > 50)\n   --> update_flow.py:348:5\n    |\n348 | def run_updates_for_packages(  # noqa: PLR0913\n    |     ^^^^^^^^^^^^^^^^^^^^^^^^\n349 |     packages: Sequence[str],\n350 |     *,\n    |\n\nE501 Line too long (93 > 88)\n   --> update_flow.py:416:89\n    |\n414 |                 }\n415 |             else:\n416 |                 _info(\"pip-updates script not found; using direct pip fallback installation\")\n    |                                                                                         ^^^^^\n417 |             execution_detail[\"script_attempt\"] = script_detail\n    |\n\nFound 2 errors.\n",
                "tool": "ruff_check",
                "tool_module": "ruff",
                "tool_version": "ruff 0.14.0"
            },
            "exit": "exit 1",
            "message": "ruff_check failed for x_make_pip_updates_x (exit 1)\ncwd: C:\\x_runner_x\\x_make_pip_updates_x\ncommand: C:\\x_runner_x\\x_make_yahw_x\\.venv\\Scripts\\python.exe -m ruff check . --select ALL --ignore D,COM812,ISC001,T20 --line-length 88 --target-version py311\nstarted_at: 2025-10-15T05:04:42.497418+00:00\nduration: 0.336s\ntool_version: ruff 0.14.0\nstdout:\nPLR0915 Too many statements (68 > 50)\n   --> update_flow.py:348:5\n    |\n348 | def run_updates_for_packages(  # noqa: PLR0913\n    |     ^^^^^^^^^^^^^^^^^^^^^^^^\n\u2026\nstderr:\n<empty>",
            "repo": "x_make_pip_updates_x",
            "repo_path": "C:\\x_runner_x\\x_make_pip_updates_x",
            "stderr_preview": null,
            "stdout_preview": "PLR0915 Too many statements (68 > 50)\n   --> update_flow.py:348:5\n    |\n348 | def run_updates_for_packages(  # noqa: PLR0913\n    |     ^^^^^^^^^^^^^^^^^^^^^^^^\n\u2026",
            "suggested_action": "Investigate",
            "summary": "ruff_check failed for x_make_pip_updates_x (exit 1) cwd: C:\\x_runner_x\\x_make_pip_updates_x command: C:\\x_runner_x\\x_make_yahw_x\\.venv\\Scripts\\python.exe -m ruff check . --select ALL --ignore D,COM812,ISC001,T20 --line-length 88 --target-v\u2026",
            "tool": "ruff_check",
            "tool_version": "ruff 0.14.0"
        },
        {
            "captured_at": "2025-10-15T05:04:40.527973+00:00",
            "command": "C:\\x_runner_x\\x_make_yahw_x\\.venv\\Scripts\\python.exe -m ruff check . --fix --select ALL --ignore D,COM812,ISC001,T20 --line-length 88 --target-version py311",
            "detail": {
                "cached": false,
                "cmd": [
                    "C:\\x_runner_x\\x_make_yahw_x\\.venv\\Scripts\\python.exe",
                    "-m",
                    "ruff",
                    "check",
                    ".",
                    "--fix",
                    "--select",
                    "ALL",
                    "--ignore",
                    "D,COM812,ISC001,T20",
                    "--line-length",
                    "88",
                    "--target-version",
                    "py311"
                ],
                "cmd_display": "C:\\x_runner_x\\x_make_yahw_x\\.venv\\Scripts\\python.exe -m ruff check . --fix --select ALL --ignore D,COM812,ISC001,T20 --line-length 88 --target-version py311",
                "cwd": "C:\\x_runner_x\\x_make_pip_updates_x",
                "duration_seconds": 0.32692619995214045,
                "ended_at": "2025-10-15T05:04:40.527973+00:00",
                "exit": 1,
                "failed_files": [],
                "files_checked": [
                    "__init__.py",
                    "tests/__init__.py",
                    "tests/test_pip_updates.py",
                    "update_flow.py",
                    "x_cls_make_pip_updates_x.py"
                ],
                "repo": "x_make_pip_updates_x",
                "repo_hash": "e2681a1372949c4fc8dc1a84abf6d51e050ffb212e8309b66331e7dd7c892672",
                "repo_path": "C:\\x_runner_x\\x_make_pip_updates_x",
                "started_at": "2025-10-15T05:04:40.201048+00:00",
                "stderr": "",
                "stdout": "PLR0915 Too many statements (68 > 50)\n   --> update_flow.py:348:5\n    |\n348 | def run_updates_for_packages(  # noqa: PLR0913\n    |     ^^^^^^^^^^^^^^^^^^^^^^^^\n349 |     packages: Sequence[str],\n350 |     *,\n    |\n\nE501 Line too long (93 > 88)\n   --> update_flow.py:416:89\n    |\n414 |                 }\n415 |             else:\n416 |                 _info(\"pip-updates script not found; using direct pip fallback installation\")\n    |                                                                                         ^^^^^\n417 |             execution_detail[\"script_attempt\"] = script_detail\n    |\n\nFound 2 errors.\n",
                "tool": "ruff_fix",
                "tool_module": "ruff",
                "tool_version": "ruff 0.14.0"
            },
            "exit": "exit 1",
            "message": "ruff_fix failed for x_make_pip_updates_x (exit 1)\ncwd: C:\\x_runner_x\\x_make_pip_updates_x\ncommand: C:\\x_runner_x\\x_make_yahw_x\\.venv\\Scripts\\python.exe -m ruff check . --fix --select ALL --ignore D,COM812,ISC001,T20 --line-length 88 --target-version py311\nstarted_at: 2025-10-15T05:04:40.201048+00:00\nduration: 0.327s\ntool_version: ruff 0.14.0\nstdout:\nPLR0915 Too many statements (68 > 50)\n   --> update_flow.py:348:5\n    |\n348 | def run_updates_for_packages(  # noqa: PLR0913\n    |     ^^^^^^^^^^^^^^^^^^^^^^^^\n\u2026\nstderr:\n<empty>",
            "repo": "x_make_pip_updates_x",
            "repo_path": "C:\\x_runner_x\\x_make_pip_updates_x",
            "stderr_preview": null,
            "stdout_preview": "PLR0915 Too many statements (68 > 50)\n   --> update_flow.py:348:5\n    |\n348 | def run_updates_for_packages(  # noqa: PLR0913\n    |     ^^^^^^^^^^^^^^^^^^^^^^^^\n\u2026",
            "suggested_action": "Investigate",
            "summary": "ruff_fix failed for x_make_pip_updates_x (exit 1) cwd: C:\\x_runner_x\\x_make_pip_updates_x command: C:\\x_runner_x\\x_make_yahw_x\\.venv\\Scripts\\python.exe -m ruff check . --fix --select ALL --ignore D,COM812,ISC001,T20 --line-length 88 --targ\u2026",
            "tool": "ruff_fix",
            "tool_version": "ruff 0.14.0"
        },
        {
            "captured_at": "2025-10-15T05:04:50.290145+00:00",
            "command": "C:\\x_runner_x\\x_make_yahw_x\\.venv\\Scripts\\python.exe -m black . --line-length 88 --target-version py311 --check --diff",
            "detail": {
                "cached": false,
                "cmd": [
                    "C:\\x_runner_x\\x_make_yahw_x\\.venv\\Scripts\\python.exe",
                    "-m",
                    "black",
                    ".",
                    "--line-length",
                    "88",
                    "--target-version",
                    "py311",
                    "--check",
                    "--diff"
                ],
                "cmd_display": "C:\\x_runner_x\\x_make_yahw_x\\.venv\\Scripts\\python.exe -m black . --line-length 88 --target-version py311 --check --diff",
                "cwd": "C:\\x_runner_x\\x_make_pypi_x",
                "duration_seconds": 1.9011787000345066,
                "ended_at": "2025-10-15T05:04:50.290145+00:00",
                "exit": 1,
                "failed_files": [],
                "files_checked": [
                    "publish_flow.py",
                    "x_cls_make_pypi_x.py"
                ],
                "repo": "x_make_pypi_x",
                "repo_hash": "25464aa3f117f4d5fb56bfae2e3b153ebc88f2b12978fce1e54fdc74c6041d1d",
                "repo_path": "C:\\x_runner_x\\x_make_pypi_x",
                "started_at": "2025-10-15T05:04:48.388965+00:00",
                "stderr": "would reformat C:\\x_runner_x\\x_make_pypi_x\\publish_flow.py\n\nOh no! \\U0001f4a5 \\U0001f494 \\U0001f4a5\n1 file would be reformatted, 1 file would be left unchanged.\n",
                "stdout": "--- C:\\x_runner_x\\x_make_pypi_x\\publish_flow.py\t2025-10-15 03:09:37.965496+00:00\n+++ C:\\x_runner_x\\x_make_pypi_x\\publish_flow.py\t2025-10-15 05:04:49.946863+00:00\n@@ -31,17 +31,12 @@\n         return value\n     if isinstance(value, Path):\n         return str(value)\n     if isinstance(value, Mapping):\n         typed_mapping = cast(\"Mapping[object, object]\", value)\n-        return {\n-            str(key): _json_ready(val)\n-            for key, val in typed_mapping.items()\n-        }\n-    if isinstance(value, Sequence) and not isinstance(\n-        value, (str, bytes, bytearray)\n-    ):\n+        return {str(key): _json_ready(val) for key, val in typed_mapping.items()}\n+    if isinstance(value, Sequence) and not isinstance(value, (str, bytes, bytearray)):\n         typed_sequence = cast(\"Sequence[object]\", value)\n         return [_json_ready(entry) for entry in typed_sequence]\n     return str(value)\n \n \n@@ -636,11 +631,16 @@\n \n             _info(f\"Publishing {context.name} version {context.version}\")\n             try:\n                 published = _execute_publish(context, ctx, publisher_factory)\n                 record[\"status\"] = \"published\"\n-            except (RuntimeError, ValueError, subprocess.SubprocessError, OSError) as exc:\n+            except (\n+                RuntimeError,\n+                ValueError,\n+                subprocess.SubprocessError,\n+                OSError,\n+            ) as exc:\n                 if _should_skip_publish_exception(exc, context.name, context.version):\n                     published = True\n                     record[\"status\"] = \"skipped_existing\"\n                     record[\"skip_reason\"] = _exception_summary(exc)\n                 else:\n",
                "tool": "black",
                "tool_module": "black",
                "tool_version": "python -m black, 25.9.0 (compiled: yes)\nPython (CPython) 3.13.7"
            },
            "exit": "exit 1",
            "message": "black failed for x_make_pypi_x (exit 1)\ncwd: C:\\x_runner_x\\x_make_pypi_x\ncommand: C:\\x_runner_x\\x_make_yahw_x\\.venv\\Scripts\\python.exe -m black . --line-length 88 --target-version py311 --check --diff\nstarted_at: 2025-10-15T05:04:48.388965+00:00\nduration: 1.901s\ntool_version: python -m black, 25.9.0 (compiled: yes)\nPython (CPython) 3.13.7\nstdout:\n--- C:\\x_runner_x\\x_make_pypi_x\\publish_flow.py\t2025-10-15 03:09:37.965496+00:00\n+++ C:\\x_runner_x\\x_make_pypi_x\\publish_flow.py\t2025-10-15 05:04:49.946863+00:00\n@@ -31,17 +31,12 @@\n         return value\n     if isinstance(value, Path):\n\u2026\nstderr:\nwould reformat C:\\x_runner_x\\x_make_pypi_x\\publish_flow.py\n\nOh no! \\U0001f4a5 \\U0001f494 \\U0001f4a5\n1 file would be reformatted, 1 file would be left unchanged.",
            "repo": "x_make_pypi_x",
            "repo_path": "C:\\x_runner_x\\x_make_pypi_x",
            "stderr_preview": "would reformat C:\\x_runner_x\\x_make_pypi_x\\publish_flow.py\n\nOh no! \\U0001f4a5 \\U0001f494 \\U0001f4a5\n1 file would be reformatted, 1 file would be left unchanged.",
            "stdout_preview": "--- C:\\x_runner_x\\x_make_pypi_x\\publish_flow.py\t2025-10-15 03:09:37.965496+00:00\n+++ C:\\x_runner_x\\x_make_pypi_x\\publish_flow.py\t2025-10-15 05:04:49.946863+00:00\n@@ -31,17 +31,12 @@\n         return value\n     if isinstance(value, Path):\n\u2026",
            "suggested_action": "Investigate",
            "summary": "black failed for x_make_pypi_x (exit 1) cwd: C:\\x_runner_x\\x_make_pypi_x command: C:\\x_runner_x\\x_make_yahw_x\\.venv\\Scripts\\python.exe -m black . --line-length 88 --target-version py311 --check --diff started_at: 2025-10-15T05:04:48.388965\u2026",
            "tool": "black",
            "tool_version": "python -m black, 25.9.0 (compiled: yes)\nPython (CPython) 3.13.7"
        },
        {
            "captured_at": "2025-10-15T05:04:51.911818+00:00",
            "command": "C:\\x_runner_x\\x_make_yahw_x\\.venv\\Scripts\\python.exe -m mypy . --strict --no-warn-unused-configs --show-error-codes --warn-return-any --warn-unreachable --disallow-any-unimported --disallow-any-expr --disallow-any-decorated --disallow-any-explicit",
            "detail": {
                "cached": false,
                "cmd": [
                    "C:\\x_runner_x\\x_make_yahw_x\\.venv\\Scripts\\python.exe",
                    "-m",
                    "mypy",
                    ".",
                    "--strict",
                    "--no-warn-unused-configs",
                    "--show-error-codes",
                    "--warn-return-any",
                    "--warn-unreachable",
                    "--disallow-any-unimported",
                    "--disallow-any-expr",
                    "--disallow-any-decorated",
                    "--disallow-any-explicit"
                ],
                "cmd_display": "C:\\x_runner_x\\x_make_yahw_x\\.venv\\Scripts\\python.exe -m mypy . --strict --no-warn-unused-configs --show-error-codes --warn-return-any --warn-unreachable --disallow-any-unimported --disallow-any-expr --disallow-any-decorated --disallow-any-explicit",
                "cwd": "C:\\x_runner_x\\x_make_pypi_x",
                "duration_seconds": 1.2089884000597522,
                "ended_at": "2025-10-15T05:04:51.911818+00:00",
                "exit": 1,
                "failed_files": [],
                "files_checked": [
                    "publish_flow.py",
                    "x_cls_make_pypi_x.py"
                ],
                "repo": "x_make_pypi_x",
                "repo_hash": "25464aa3f117f4d5fb56bfae2e3b153ebc88f2b12978fce1e54fdc74c6041d1d",
                "repo_path": "C:\\x_runner_x\\x_make_pypi_x",
                "started_at": "2025-10-15T05:04:50.702830+00:00",
                "stderr": "",
                "stdout": "publish_flow.py:583: error: Expression type contains \"Any\" (has type \"tuple[str, dict[str, Any | str]]\")  [misc]\npublish_flow.py:583: error: Expression type contains \"Any\" (has type \"dict[str, Any | str]\")  [misc]\npublish_flow.py:584: error: Expression type contains \"Any\" (has type \"tuple[str, Any | str]\")  [misc]\npublish_flow.py:584: error: Expression type contains \"Any\" (has type \"Any | str\")  [misc]\npublish_flow.py:685: error: \"Exception\" has no attribute \"run_report_path\"  [attr-defined]\nFound 5 errors in 1 file (checked 2 source files)\n",
                "tool": "mypy",
                "tool_module": "mypy",
                "tool_version": "mypy 1.18.2 (compiled: yes)"
            },
            "exit": "exit 1",
            "message": "mypy failed for x_make_pypi_x (exit 1)\ncwd: C:\\x_runner_x\\x_make_pypi_x\ncommand: C:\\x_runner_x\\x_make_yahw_x\\.venv\\Scripts\\python.exe -m mypy . --strict --no-warn-unused-configs --show-error-codes --warn-return-any --warn-unreachable --disallow-any-unimported --disallow-any-expr --disallow-any-decorated --disallow-any-explicit\nstarted_at: 2025-10-15T05:04:50.702830+00:00\nduration: 1.209s\ntool_version: mypy 1.18.2 (compiled: yes)\nstdout:\npublish_flow.py:583: error: Expression type contains \"Any\" (has type \"tuple[str, dict[str, Any | str]]\")  [misc]\npublish_flow.py:583: error: Expression type contains \"Any\" (has type \"dict[str, Any | str]\")  [misc]\npublish_flow.py:584: error: Expression type contains \"Any\" (has type \"tuple[str, Any | str]\")  [misc]\npublish_flow.py:584: error: Expression type contains \"Any\" (has type \"Any | str\")  [misc]\npublish_flow.py:685: error: \"Exception\" has no attribute \"run_report_path\"  [attr-defined]\n\u2026\nstderr:\n<empty>",
            "repo": "x_make_pypi_x",
            "repo_path": "C:\\x_runner_x\\x_make_pypi_x",
            "stderr_preview": null,
            "stdout_preview": "publish_flow.py:583: error: Expression type contains \"Any\" (has type \"tuple[str, dict[str, Any | str]]\")  [misc]\npublish_flow.py:583: error: Expression type contains \"Any\" (has type \"dict[str, Any | str]\")  [misc]\npublish_flow.py:584: error: Expression type contains \"Any\" (has type \"tuple[str, Any | str]\")  [misc]\npublish_flow.py:584: error: Expression type contains \"Any\" (has type \"Any | str\")  [misc]\npublish_flow.py:685: error: \"Exception\" has no attribute \"run_report_path\"  [attr-defined]\n\u2026",
            "suggested_action": "Investigate",
            "summary": "mypy failed for x_make_pypi_x (exit 1) cwd: C:\\x_runner_x\\x_make_pypi_x command: C:\\x_runner_x\\x_make_yahw_x\\.venv\\Scripts\\python.exe -m mypy . --strict --no-warn-unused-configs --show-error-codes --warn-return-any --warn-unreachable --dis\u2026",
            "tool": "mypy",
            "tool_version": "mypy 1.18.2 (compiled: yes)"
        },
        {
            "captured_at": "2025-10-15T05:04:53.637246+00:00",
            "command": "C:\\x_runner_x\\x_make_yahw_x\\.venv\\Scripts\\python.exe -m pyright . --level error",
            "detail": {
                "cached": false,
                "cmd": [
                    "C:\\x_runner_x\\x_make_yahw_x\\.venv\\Scripts\\python.exe",
                    "-m",
                    "pyright",
                    ".",
                    "--level",
                    "error"
                ],
                "cmd_display": "C:\\x_runner_x\\x_make_yahw_x\\.venv\\Scripts\\python.exe -m pyright . --level error",
                "cwd": "C:\\x_runner_x\\x_make_pypi_x",
                "duration_seconds": 1.7220281000481918,
                "ended_at": "2025-10-15T05:04:53.637246+00:00",
                "exit": 1,
                "failed_files": [],
                "files_checked": [
                    "publish_flow.py",
                    "x_cls_make_pypi_x.py"
                ],
                "repo": "x_make_pypi_x",
                "repo_hash": "25464aa3f117f4d5fb56bfae2e3b153ebc88f2b12978fce1e54fdc74c6041d1d",
                "repo_path": "C:\\x_runner_x\\x_make_pypi_x",
                "started_at": "2025-10-15T05:04:51.915220+00:00",
                "stderr": "",
                "stdout": "c:\\x_runner_x\\x_make_pypi_x\\publish_flow.py\n  c:\\x_runner_x\\x_make_pypi_x\\publish_flow.py:685:24 - error: Cannot assign to attribute \"run_report_path\" for class \"Exception\"\n  \u00c2\u00a0\u00c2\u00a0Attribute \"run_report_path\" is unknown (reportAttributeAccessIssue)\n1 error, 0 warnings, 0 informations\n",
                "tool": "pyright",
                "tool_module": "pyright",
                "tool_version": "pyright 1.1.406"
            },
            "exit": "exit 1",
            "message": "pyright failed for x_make_pypi_x (exit 1)\ncwd: C:\\x_runner_x\\x_make_pypi_x\ncommand: C:\\x_runner_x\\x_make_yahw_x\\.venv\\Scripts\\python.exe -m pyright . --level error\nstarted_at: 2025-10-15T05:04:51.915220+00:00\nduration: 1.722s\ntool_version: pyright 1.1.406\nstdout:\nc:\\x_runner_x\\x_make_pypi_x\\publish_flow.py\n  c:\\x_runner_x\\x_make_pypi_x\\publish_flow.py:685:24 - error: Cannot assign to attribute \"run_report_path\" for class \"Exception\"\n  \u00c2\u00a0\u00c2\u00a0Attribute \"run_report_path\" is unknown (reportAttributeAccessIssue)\n1 error, 0 warnings, 0 informations\nstderr:\n<empty>",
            "repo": "x_make_pypi_x",
            "repo_path": "C:\\x_runner_x\\x_make_pypi_x",
            "stderr_preview": null,
            "stdout_preview": "c:\\x_runner_x\\x_make_pypi_x\\publish_flow.py\n  c:\\x_runner_x\\x_make_pypi_x\\publish_flow.py:685:24 - error: Cannot assign to attribute \"run_report_path\" for class \"Exception\"\n  \u00c2\u00a0\u00c2\u00a0Attribute \"run_report_path\" is unknown (reportAttributeAccessIssue)\n1 error, 0 warnings, 0 informations",
            "suggested_action": "Investigate",
            "summary": "pyright failed for x_make_pypi_x (exit 1) cwd: C:\\x_runner_x\\x_make_pypi_x command: C:\\x_runner_x\\x_make_yahw_x\\.venv\\Scripts\\python.exe -m pyright . --level error started_at: 2025-10-15T05:04:51.915220+00:00 duration: 1.722s tool_version:\u2026",
            "tool": "pyright",
            "tool_version": "pyright 1.1.406"
        },
        {
            "captured_at": "2025-10-15T05:04:50.698364+00:00",
            "command": "C:\\x_runner_x\\x_make_yahw_x\\.venv\\Scripts\\python.exe -m ruff check . --select ALL --ignore D,COM812,ISC001,T20 --line-length 88 --target-version py311",
            "detail": {
                "cached": false,
                "cmd": [
                    "C:\\x_runner_x\\x_make_yahw_x\\.venv\\Scripts\\python.exe",
                    "-m",
                    "ruff",
                    "check",
                    ".",
                    "--select",
                    "ALL",
                    "--ignore",
                    "D,COM812,ISC001,T20",
                    "--line-length",
                    "88",
                    "--target-version",
                    "py311"
                ],
                "cmd_display": "C:\\x_runner_x\\x_make_yahw_x\\.venv\\Scripts\\python.exe -m ruff check . --select ALL --ignore D,COM812,ISC001,T20 --line-length 88 --target-version py311",
                "cwd": "C:\\x_runner_x\\x_make_pypi_x",
                "duration_seconds": 0.4047335999784991,
                "ended_at": "2025-10-15T05:04:50.698364+00:00",
                "exit": 1,
                "failed_files": [],
                "files_checked": [
                    "publish_flow.py",
                    "x_cls_make_pypi_x.py"
                ],
                "repo": "x_make_pypi_x",
                "repo_hash": "25464aa3f117f4d5fb56bfae2e3b153ebc88f2b12978fce1e54fdc74c6041d1d",
                "repo_path": "C:\\x_runner_x\\x_make_pypi_x",
                "started_at": "2025-10-15T05:04:50.293632+00:00",
                "stderr": "",
                "stdout": "PERF401 Use a list comprehension to create a transformed list\n   --> publish_flow.py:565:9\n    |\n563 |       manifest_inputs: list[dict[str, object]] = []\n564 |       for entry in entries:\n565 | /         manifest_inputs.append(\n566 | |             {\n567 | |                 \"package\": entry.package,\n568 | |                 \"version\": entry.version,\n569 | |                 \"pypi_name\": entry.options.pypi_name or entry.package,\n570 | |                 \"ancillary\": list(entry.ancillary),\n571 | |                 \"options_kwargs\": _json_ready(options_to_kwargs(entry.options)),\n572 | |             }\n573 | |         )\n    | |_________^\n574 |       report_payload: dict[str, object] = {\n575 |           \"run_id\": run_id,\n    |\nhelp: Replace for loop with list comprehension\n\nE501 Line too long (90 > 88)\n   --> publish_flow.py:641:89\n    |\n639 |                 published = _execute_publish(context, ctx, publisher_factory)\n640 |                 record[\"status\"] = \"published\"\n641 |             except (RuntimeError, ValueError, subprocess.SubprocessError, OSError) as exc:\n    |                                                                                         ^^\n642 |                 if _should_skip_publish_exception(exc, context.name, context.version):\n643 |                     published = True\n    |\n\nS101 Use of `assert` detected\n   --> publish_flow.py:687:5\n    |\n685 |             caught_exc.run_report_path = report_path\n686 |\n687 |     assert report_path is not None\n    |     ^^^^^^\n688 |     return published_versions, published_artifacts, report_path\n    |\n\nFound 3 errors.\n",
                "tool": "ruff_check",
                "tool_module": "ruff",
                "tool_version": "ruff 0.14.0"
            },
            "exit": "exit 1",
            "message": "ruff_check failed for x_make_pypi_x (exit 1)\ncwd: C:\\x_runner_x\\x_make_pypi_x\ncommand: C:\\x_runner_x\\x_make_yahw_x\\.venv\\Scripts\\python.exe -m ruff check . --select ALL --ignore D,COM812,ISC001,T20 --line-length 88 --target-version py311\nstarted_at: 2025-10-15T05:04:50.293632+00:00\nduration: 0.405s\ntool_version: ruff 0.14.0\nstdout:\nPERF401 Use a list comprehension to create a transformed list\n   --> publish_flow.py:565:9\n    |\n563 |       manifest_inputs: list[dict[str, object]] = []\n564 |       for entry in entries:\n\u2026\nstderr:\n<empty>",
            "repo": "x_make_pypi_x",
            "repo_path": "C:\\x_runner_x\\x_make_pypi_x",
            "stderr_preview": null,
            "stdout_preview": "PERF401 Use a list comprehension to create a transformed list\n   --> publish_flow.py:565:9\n    |\n563 |       manifest_inputs: list[dict[str, object]] = []\n564 |       for entry in entries:\n\u2026",
            "suggested_action": "Investigate",
            "summary": "ruff_check failed for x_make_pypi_x (exit 1) cwd: C:\\x_runner_x\\x_make_pypi_x command: C:\\x_runner_x\\x_make_yahw_x\\.venv\\Scripts\\python.exe -m ruff check . --select ALL --ignore D,COM812,ISC001,T20 --line-length 88 --target-version py311 s\u2026",
            "tool": "ruff_check",
            "tool_version": "ruff 0.14.0"
        },
        {
            "captured_at": "2025-10-15T05:04:48.385613+00:00",
            "command": "C:\\x_runner_x\\x_make_yahw_x\\.venv\\Scripts\\python.exe -m ruff check . --fix --select ALL --ignore D,COM812,ISC001,T20 --line-length 88 --target-version py311",
            "detail": {
                "cached": false,
                "cmd": [
                    "C:\\x_runner_x\\x_make_yahw_x\\.venv\\Scripts\\python.exe",
                    "-m",
                    "ruff",
                    "check",
                    ".",
                    "--fix",
                    "--select",
                    "ALL",
                    "--ignore",
                    "D,COM812,ISC001,T20",
                    "--line-length",
                    "88",
                    "--target-version",
                    "py311"
                ],
                "cmd_display": "C:\\x_runner_x\\x_make_yahw_x\\.venv\\Scripts\\python.exe -m ruff check . --fix --select ALL --ignore D,COM812,ISC001,T20 --line-length 88 --target-version py311",
                "cwd": "C:\\x_runner_x\\x_make_pypi_x",
                "duration_seconds": 0.3298357999883592,
                "ended_at": "2025-10-15T05:04:48.385613+00:00",
                "exit": 1,
                "failed_files": [],
                "files_checked": [
                    "publish_flow.py",
                    "x_cls_make_pypi_x.py"
                ],
                "repo": "x_make_pypi_x",
                "repo_hash": "25464aa3f117f4d5fb56bfae2e3b153ebc88f2b12978fce1e54fdc74c6041d1d",
                "repo_path": "C:\\x_runner_x\\x_make_pypi_x",
                "started_at": "2025-10-15T05:04:48.055778+00:00",
                "stderr": "",
                "stdout": "PERF401 Use a list comprehension to create a transformed list\n   --> publish_flow.py:565:9\n    |\n563 |       manifest_inputs: list[dict[str, object]] = []\n564 |       for entry in entries:\n565 | /         manifest_inputs.append(\n566 | |             {\n567 | |                 \"package\": entry.package,\n568 | |                 \"version\": entry.version,\n569 | |                 \"pypi_name\": entry.options.pypi_name or entry.package,\n570 | |                 \"ancillary\": list(entry.ancillary),\n571 | |                 \"options_kwargs\": _json_ready(options_to_kwargs(entry.options)),\n572 | |             }\n573 | |         )\n    | |_________^\n574 |       report_payload: dict[str, object] = {\n575 |           \"run_id\": run_id,\n    |\nhelp: Replace for loop with list comprehension\n\nE501 Line too long (90 > 88)\n   --> publish_flow.py:641:89\n    |\n639 |                 published = _execute_publish(context, ctx, publisher_factory)\n640 |                 record[\"status\"] = \"published\"\n641 |             except (RuntimeError, ValueError, subprocess.SubprocessError, OSError) as exc:\n    |                                                                                         ^^\n642 |                 if _should_skip_publish_exception(exc, context.name, context.version):\n643 |                     published = True\n    |\n\nS101 Use of `assert` detected\n   --> publish_flow.py:687:5\n    |\n685 |             caught_exc.run_report_path = report_path\n686 |\n687 |     assert report_path is not None\n    |     ^^^^^^\n688 |     return published_versions, published_artifacts, report_path\n    |\n\nFound 3 errors.\n",
                "tool": "ruff_fix",
                "tool_module": "ruff",
                "tool_version": "ruff 0.14.0"
            },
            "exit": "exit 1",
            "message": "ruff_fix failed for x_make_pypi_x (exit 1)\ncwd: C:\\x_runner_x\\x_make_pypi_x\ncommand: C:\\x_runner_x\\x_make_yahw_x\\.venv\\Scripts\\python.exe -m ruff check . --fix --select ALL --ignore D,COM812,ISC001,T20 --line-length 88 --target-version py311\nstarted_at: 2025-10-15T05:04:48.055778+00:00\nduration: 0.330s\ntool_version: ruff 0.14.0\nstdout:\nPERF401 Use a list comprehension to create a transformed list\n   --> publish_flow.py:565:9\n    |\n563 |       manifest_inputs: list[dict[str, object]] = []\n564 |       for entry in entries:\n\u2026\nstderr:\n<empty>",
            "repo": "x_make_pypi_x",
            "repo_path": "C:\\x_runner_x\\x_make_pypi_x",
            "stderr_preview": null,
            "stdout_preview": "PERF401 Use a list comprehension to create a transformed list\n   --> publish_flow.py:565:9\n    |\n563 |       manifest_inputs: list[dict[str, object]] = []\n564 |       for entry in entries:\n\u2026",
            "suggested_action": "Investigate",
            "summary": "ruff_fix failed for x_make_pypi_x (exit 1) cwd: C:\\x_runner_x\\x_make_pypi_x command: C:\\x_runner_x\\x_make_yahw_x\\.venv\\Scripts\\python.exe -m ruff check . --fix --select ALL --ignore D,COM812,ISC001,T20 --line-length 88 --target-version py3\u2026",
            "tool": "ruff_fix",
            "tool_version": "ruff 0.14.0"
        }
    ],
    "generated_at": "2025-10-15T05:05:02.321184+00:00",
    "runtime": {
        "environment": {
            "PATH": "C:\\WINDOWS\\system32;C:\\WINDOWS;C:\\WINDOWS\\System32\\Wbem;C:\\WINDOWS\\System32\\WindowsPowerShell\\v1.0\\;C:\\WINDOWS\\System32\\OpenSSH\\;C:\\Program Files\\Git\\cmd;C:\\Users\\eye43\\AppData\\Local\\Programs\\Python\\Python313\\Scripts\\;C:\\Users\\eye43\\AppData\\Local\\Programs\\Python\\Python313\\;C:\\Users\\eye43\\AppData\\Local\\Microsoft\\WindowsApps;C:\\Users\\eye43\\AppData\\Local\\Programs\\Microsoft VS Code\\bin;c:\\Users\\eye43\\.vscode\\extensions\\ms-python.debugpy-2025.14.0-win32-x64\\bundled\\scripts\\noConfigScripts;c:\\Users\\eye43\\AppData\\Roaming\\Code\\User\\globalStorage\\github.copilot-chat\\debugCommand"
        },
        "platform": "Windows-11-10.0.22631-SP0",
        "python_executable": "C:\\x_runner_x\\x_make_yahw_x\\.venv\\Scripts\\python.exe",
        "python_version": "3.13.7 (tags/v3.13.7:bcee1c3, Aug 14 2025, 14:15:11) [MSC v.1944 64 bit (AMD64)]",
        "run_completed_at": "2025-10-15T05:05:02.321000+00:00",
        "run_started_at": "2025-10-15T05:03:36.788804+00:00",
        "workspace_root": "C:\\x_runner_x"
    },
    "schema_version": "1.0",
    "summary": {
        "overall_stats": {
            "cache_hits": 32,
            "cache_misses": 38,
            "failed_tools": 26,
            "had_failures": true,
            "total_tools_run": 70
        },
        "repos": {
            "x_0_make_all_x": {
                "cached": 0,
                "failed": 4,
                "repo_hash": "9ab27c7d5707c69f6c98decd54270aa22464e12cf3901a65b7e90ea2c05ae86f",
                "tools": {
                    "black": {
                        "cached": false,
                        "exit": 1,
                        "timed_out": false
                    },
                    "mypy": {
                        "cached": false,
                        "exit": 1,
                        "timed_out": false
                    },
                    "pyright": {
                        "cached": false,
                        "exit": 0,
                        "timed_out": false
                    },
                    "ruff_check": {
                        "cached": false,
                        "exit": 1,
                        "timed_out": false
                    },
                    "ruff_fix": {
                        "cached": false,
                        "exit": 1,
                        "timed_out": false
                    }
                }
            },
            "x_legatus_acta_schedae_x": {
                "cached": 0,
                "failed": 0,
                "repo_hash": "32c0c05a2afbaec9e6a5b3800e4f207beb4e7589b5e263f2f92e546ab2973866",
                "tools": {
                    "black": {
                        "cached": false,
                        "exit": 0,
                        "timed_out": false
                    },
                    "mypy": {
                        "cached": false,
                        "exit": 0,
                        "timed_out": false
                    },
                    "pyright": {
                        "cached": false,
                        "exit": 0,
                        "timed_out": false
                    },
                    "ruff_check": {
                        "cached": false,
                        "exit": 0,
                        "timed_out": false
                    },
                    "ruff_fix": {
                        "cached": false,
                        "exit": 0,
                        "timed_out": false
                    }
                }
            },
            "x_legatus_tactica_impetus_x": {
                "cached": 2,
                "failed": 0,
                "repo_hash": "cc97fafbcc480da07f5da6f3bf95b20b6477a3877b19257bb492c37a976161aa",
                "tools": {
                    "black": {
                        "cached": false,
                        "exit": 0,
                        "timed_out": false
                    },
                    "mypy": {
                        "cached": false,
                        "exit": 0,
                        "timed_out": false
                    },
                    "pyright": {
                        "cached": false,
                        "exit": 0,
                        "timed_out": false
                    },
                    "ruff_check": {
                        "cached": true,
                        "exit": 0,
                        "timed_out": false
                    },
                    "ruff_fix": {
                        "cached": true,
                        "exit": 0,
                        "timed_out": false
                    }
                }
            },
            "x_make_common_x": {
                "cached": 0,
                "failed": 4,
                "repo_hash": "8cf1c798f7055ac5a6b0c255b5661eeb662a2fe0ef2227901c0daa4225b519c2",
                "tools": {
                    "black": {
                        "cached": false,
                        "exit": 1,
                        "timed_out": false
                    },
                    "mypy": {
                        "cached": false,
                        "exit": 1,
                        "timed_out": false
                    },
                    "pyright": {
                        "cached": false,
                        "exit": 0,
                        "timed_out": false
                    },
                    "ruff_check": {
                        "cached": false,
                        "exit": 1,
                        "timed_out": false
                    },
                    "ruff_fix": {
                        "cached": false,
                        "exit": 1,
                        "timed_out": false
                    }
                }
            },
            "x_make_github_clones_x": {
                "cached": 0,
                "failed": 5,
                "repo_hash": "ba67e04dfb756d2ae868dba37945e0faea169df2982dd20db79a3d488b6493c4",
                "tools": {
                    "black": {
                        "cached": false,
                        "exit": 1,
                        "timed_out": false
                    },
                    "mypy": {
                        "cached": false,
                        "exit": 1,
                        "timed_out": false
                    },
                    "pyright": {
                        "cached": false,
                        "exit": 1,
                        "timed_out": false
                    },
                    "ruff_check": {
                        "cached": false,
                        "exit": 1,
                        "timed_out": false
                    },
                    "ruff_fix": {
                        "cached": false,
                        "exit": 1,
                        "timed_out": false
                    }
                }
            },
            "x_make_github_visitor_x": {
                "cached": 0,
                "failed": 3,
                "repo_hash": "5ef88ace038de32bb2878ade4e5ba2274aba5babfefcc0ed484c94841ea36ce4",
                "tools": {
                    "black": {
                        "cached": false,
                        "exit": 0,
                        "timed_out": false
                    },
                    "mypy": {
                        "cached": false,
                        "exit": 1,
                        "timed_out": false
                    },
                    "pyright": {
                        "cached": false,
                        "exit": 0,
                        "timed_out": false
                    },
                    "ruff_check": {
                        "cached": false,
                        "exit": 1,
                        "timed_out": false
                    },
                    "ruff_fix": {
                        "cached": false,
                        "exit": 1,
                        "timed_out": false
                    }
                }
            },
            "x_make_graphviz_x": {
                "cached": 5,
                "failed": 0,
                "repo_hash": "8f06960592b12bcdf458cf7dbe69b19d53229e766ab372de159904cd40caa059",
                "tools": {
                    "black": {
                        "cached": true,
                        "exit": 0,
                        "timed_out": false
                    },
                    "mypy": {
                        "cached": true,
                        "exit": 0,
                        "timed_out": false
                    },
                    "pyright": {
                        "cached": true,
                        "exit": 0,
                        "timed_out": false
                    },
                    "ruff_check": {
                        "cached": true,
                        "exit": 0,
                        "timed_out": false
                    },
                    "ruff_fix": {
                        "cached": true,
                        "exit": 0,
                        "timed_out": false
                    }
                }
            },
            "x_make_markdown_x": {
                "cached": 5,
                "failed": 0,
                "repo_hash": "773e88a773208c3dd9189a57080561a83f907ac0165ae56029f437eb86656c7a",
                "tools": {
                    "black": {
                        "cached": true,
                        "exit": 0,
                        "timed_out": false
                    },
                    "mypy": {
                        "cached": true,
                        "exit": 0,
                        "timed_out": false
                    },
                    "pyright": {
                        "cached": true,
                        "exit": 0,
                        "timed_out": false
                    },
                    "ruff_check": {
                        "cached": true,
                        "exit": 0,
                        "timed_out": false
                    },
                    "ruff_fix": {
                        "cached": true,
                        "exit": 0,
                        "timed_out": false
                    }
                }
            },
            "x_make_mermaid_x": {
                "cached": 5,
                "failed": 0,
                "repo_hash": "3843d549f19170c40a64435274f6332c13501800727ad80b004774ffbc46d01a",
                "tools": {
                    "black": {
                        "cached": true,
                        "exit": 0,
                        "timed_out": false
                    },
                    "mypy": {
                        "cached": true,
                        "exit": 0,
                        "timed_out": false
                    },
                    "pyright": {
                        "cached": true,
                        "exit": 0,
                        "timed_out": false
                    },
                    "ruff_check": {
                        "cached": true,
                        "exit": 0,
                        "timed_out": false
                    },
                    "ruff_fix": {
                        "cached": true,
                        "exit": 0,
                        "timed_out": false
                    }
                }
            },
            "x_make_persistent_env_var_x": {
                "cached": 5,
                "failed": 0,
                "repo_hash": "38624500e50d648701b39572aca2c5d8cd0420bb6d1e9513e212e3aa11078fe0",
                "tools": {
                    "black": {
                        "cached": true,
                        "exit": 0,
                        "timed_out": false
                    },
                    "mypy": {
                        "cached": true,
                        "exit": 0,
                        "timed_out": false
                    },
                    "pyright": {
                        "cached": true,
                        "exit": 0,
                        "timed_out": false
                    },
                    "ruff_check": {
                        "cached": true,
                        "exit": 0,
                        "timed_out": false
                    },
                    "ruff_fix": {
                        "cached": true,
                        "exit": 0,
                        "timed_out": false
                    }
                }
            },
            "x_make_pip_updates_x": {
                "cached": 0,
                "failed": 5,
                "repo_hash": "e2681a1372949c4fc8dc1a84abf6d51e050ffb212e8309b66331e7dd7c892672",
                "tools": {
                    "black": {
                        "cached": false,
                        "exit": 1,
                        "timed_out": false
                    },
                    "mypy": {
                        "cached": false,
                        "exit": 1,
                        "timed_out": false
                    },
                    "pyright": {
                        "cached": false,
                        "exit": 1,
                        "timed_out": false
                    },
                    "ruff_check": {
                        "cached": false,
                        "exit": 1,
                        "timed_out": false
                    },
                    "ruff_fix": {
                        "cached": false,
                        "exit": 1,
                        "timed_out": false
                    }
                }
            },
            "x_make_py_mod_sideload_x": {
                "cached": 5,
                "failed": 0,
                "repo_hash": "69ac171dd36d6f8621439bba6bbda0288c09f653e7c678ee9a0e834fe3609e6c",
                "tools": {
                    "black": {
                        "cached": true,
                        "exit": 0,
                        "timed_out": false
                    },
                    "mypy": {
                        "cached": true,
                        "exit": 0,
                        "timed_out": false
                    },
                    "pyright": {
                        "cached": true,
                        "exit": 0,
                        "timed_out": false
                    },
                    "ruff_check": {
                        "cached": true,
                        "exit": 0,
                        "timed_out": false
                    },
                    "ruff_fix": {
                        "cached": true,
                        "exit": 0,
                        "timed_out": false
                    }
                }
            },
            "x_make_pypi_x": {
                "cached": 0,
                "failed": 5,
                "repo_hash": "25464aa3f117f4d5fb56bfae2e3b153ebc88f2b12978fce1e54fdc74c6041d1d",
                "tools": {
                    "black": {
                        "cached": false,
                        "exit": 1,
                        "timed_out": false
                    },
                    "mypy": {
                        "cached": false,
                        "exit": 1,
                        "timed_out": false
                    },
                    "pyright": {
                        "cached": false,
                        "exit": 1,
                        "timed_out": false
                    },
                    "ruff_check": {
                        "cached": false,
                        "exit": 1,
                        "timed_out": false
                    },
                    "ruff_fix": {
                        "cached": false,
                        "exit": 1,
                        "timed_out": false
                    }
                }
            },
            "x_make_yahw_x": {
                "cached": 5,
                "failed": 0,
                "repo_hash": "d5b6324c3c161764524c550422f1e31cacffc452454eb0900e0d52ddd4106018",
                "tools": {
                    "black": {
                        "cached": true,
                        "exit": 0,
                        "timed_out": false
                    },
                    "mypy": {
                        "cached": true,
                        "exit": 0,
                        "timed_out": false
                    },
                    "pyright": {
                        "cached": true,
                        "exit": 0,
                        "timed_out": false
                    },
                    "ruff_check": {
                        "cached": true,
                        "exit": 0,
                        "timed_out": false
                    },
                    "ruff_fix": {
                        "cached": true,
                        "exit": 0,
                        "timed_out": false
                    }
                }
            }
        },
        "timestamp": "2025-10-15T05:05:02.321221+00:00",
        "total_repos": 14
    },
    "tool_versions": {
        "black": "python -m black, 25.9.0 (compiled: yes)\nPython (CPython) 3.13.7",
        "mypy": "mypy 1.18.2 (compiled: yes)",
        "pyright": "pyright 1.1.406",
        "ruff": "ruff 0.14.0"
    },
    "workspace_root": "C:\\x_runner_x"
}