{
    "failures": [
        {
            "captured_at": "2025-10-15T21:27:21.613013+00:00",
            "command": "C:\\x_runner_x\\.venv\\Scripts\\python.exe -m mypy . --strict --no-warn-unused-configs --show-error-codes --warn-return-any --warn-unreachable --disallow-any-unimported --disallow-any-expr --disallow-any-decorated --disallow-any-explicit",
            "detail": {
                "cached": false,
                "cmd": [
                    "C:\\x_runner_x\\.venv\\Scripts\\python.exe",
                    "-m",
                    "mypy",
                    ".",
                    "--strict",
                    "--no-warn-unused-configs",
                    "--show-error-codes",
                    "--warn-return-any",
                    "--warn-unreachable",
                    "--disallow-any-unimported",
                    "--disallow-any-expr",
                    "--disallow-any-decorated",
                    "--disallow-any-explicit"
                ],
                "cmd_display": "C:\\x_runner_x\\.venv\\Scripts\\python.exe -m mypy . --strict --no-warn-unused-configs --show-error-codes --warn-return-any --warn-unreachable --disallow-any-unimported --disallow-any-expr --disallow-any-decorated --disallow-any-explicit",
                "cwd": "C:\\x_runner_x\\x_0_make_all_x",
                "duration_seconds": 1.381973099996685,
                "ended_at": "2025-10-15T21:27:21.613013+00:00",
                "exit": 1,
                "failed_files": [],
                "files_checked": [
                    "__init__.py",
                    "forceit.py",
                    "interface/__init__.py",
                    "interface/gui/__init__.py",
                    "interface/gui/app.py",
                    "interface/gui/commit.py",
                    "interface/gui/tree.py",
                    "manifest.py",
                    "tests/__init__.py",
                    "tests/test_forceit.py",
                    "tests/test_gui_columns.py",
                    "tests/test_gui_commit.py",
                    "tests/test_gui_exit_code.py",
                    "tests/test_gui_tree.py",
                    "tests/test_make_all_kanban.py",
                    "tests/test_orchestrator_clones_stage.py",
                    "tests/test_publish_manifest.py",
                    "x_cls_make_all_x.py"
                ],
                "repo": "x_0_make_all_x",
                "repo_hash": "6d26ccc6119da6268b46184322da14b6baea1d2d4768ebb21cc7f8ff8116a147",
                "repo_path": "C:\\x_runner_x\\x_0_make_all_x",
                "started_at": "2025-10-15T21:27:20.231042+00:00",
                "stderr": "",
                "stdout": "tests\\test_make_all_kanban.py:14: error: Redundant cast to \"dict[str, dict[str, object]]\"  [redundant-cast]\ntests\\test_make_all_kanban.py:51: error: Redundant cast to \"dict[str, object]\"  [redundant-cast]\ntests\\test_gui_columns.py:123: error: Redundant cast to \"dict[tuple[str, str], int]\"  [redundant-cast]\ntests\\test_gui_columns.py:127: error: Redundant cast to \"dict[str, int]\"  [redundant-cast]\nFound 4 errors in 2 files (checked 18 source files)\n",
                "tool": "mypy",
                "tool_module": "mypy",
                "tool_version": "mypy 1.18.2 (compiled: yes)"
            },
            "exit": "exit 1",
            "message": "mypy failed for x_0_make_all_x (exit 1)\ncwd: C:\\x_runner_x\\x_0_make_all_x\ncommand: C:\\x_runner_x\\.venv\\Scripts\\python.exe -m mypy . --strict --no-warn-unused-configs --show-error-codes --warn-return-any --warn-unreachable --disallow-any-unimported --disallow-any-expr --disallow-any-decorated --disallow-any-explicit\nstarted_at: 2025-10-15T21:27:20.231042+00:00\nduration: 1.382s\ntool_version: mypy 1.18.2 (compiled: yes)\nstdout:\ntests\\test_make_all_kanban.py:14: error: Redundant cast to \"dict[str, dict[str, object]]\"  [redundant-cast]\ntests\\test_make_all_kanban.py:51: error: Redundant cast to \"dict[str, object]\"  [redundant-cast]\ntests\\test_gui_columns.py:123: error: Redundant cast to \"dict[tuple[str, str], int]\"  [redundant-cast]\ntests\\test_gui_columns.py:127: error: Redundant cast to \"dict[str, int]\"  [redundant-cast]\nFound 4 errors in 2 files (checked 18 source files)\nstderr:\n<empty>",
            "repo": "x_0_make_all_x",
            "repo_path": "C:\\x_runner_x\\x_0_make_all_x",
            "stderr_preview": null,
            "stdout_preview": "tests\\test_make_all_kanban.py:14: error: Redundant cast to \"dict[str, dict[str, object]]\"  [redundant-cast]\ntests\\test_make_all_kanban.py:51: error: Redundant cast to \"dict[str, object]\"  [redundant-cast]\ntests\\test_gui_columns.py:123: error: Redundant cast to \"dict[tuple[str, str], int]\"  [redundant-cast]\ntests\\test_gui_columns.py:127: error: Redundant cast to \"dict[str, int]\"  [redundant-cast]\nFound 4 errors in 2 files (checked 18 source files)",
            "suggested_action": "Investigate",
            "summary": "mypy failed for x_0_make_all_x (exit 1) cwd: C:\\x_runner_x\\x_0_make_all_x command: C:\\x_runner_x\\.venv\\Scripts\\python.exe -m mypy . --strict --no-warn-unused-configs --show-error-codes --warn-return-any --warn-unreachable --disallow-any-un\u2026",
            "tool": "mypy",
            "tool_version": "mypy 1.18.2 (compiled: yes)"
        },
        {
            "captured_at": "2025-10-15T21:27:20.226792+00:00",
            "command": "C:\\x_runner_x\\.venv\\Scripts\\python.exe -m ruff check . --select ALL --ignore D,COM812,ISC001,T20 --line-length 88 --target-version py311",
            "detail": {
                "cached": false,
                "cmd": [
                    "C:\\x_runner_x\\.venv\\Scripts\\python.exe",
                    "-m",
                    "ruff",
                    "check",
                    ".",
                    "--select",
                    "ALL",
                    "--ignore",
                    "D,COM812,ISC001,T20",
                    "--line-length",
                    "88",
                    "--target-version",
                    "py311"
                ],
                "cmd_display": "C:\\x_runner_x\\.venv\\Scripts\\python.exe -m ruff check . --select ALL --ignore D,COM812,ISC001,T20 --line-length 88 --target-version py311",
                "cwd": "C:\\x_runner_x\\x_0_make_all_x",
                "duration_seconds": 0.21351529999810737,
                "ended_at": "2025-10-15T21:27:20.226792+00:00",
                "exit": 1,
                "failed_files": [],
                "files_checked": [
                    "__init__.py",
                    "forceit.py",
                    "interface/__init__.py",
                    "interface/gui/__init__.py",
                    "interface/gui/app.py",
                    "interface/gui/commit.py",
                    "interface/gui/tree.py",
                    "manifest.py",
                    "tests/__init__.py",
                    "tests/test_forceit.py",
                    "tests/test_gui_columns.py",
                    "tests/test_gui_commit.py",
                    "tests/test_gui_exit_code.py",
                    "tests/test_gui_tree.py",
                    "tests/test_make_all_kanban.py",
                    "tests/test_orchestrator_clones_stage.py",
                    "tests/test_publish_manifest.py",
                    "x_cls_make_all_x.py"
                ],
                "repo": "x_0_make_all_x",
                "repo_hash": "6d26ccc6119da6268b46184322da14b6baea1d2d4768ebb21cc7f8ff8116a147",
                "repo_path": "C:\\x_runner_x\\x_0_make_all_x",
                "started_at": "2025-10-15T21:27:20.013278+00:00",
                "stderr": "",
                "stdout": "TC003 Move standard library import `collections.abc.Mapping` into a type-checking block\n --> tests\\test_gui_columns.py:5:29\n  |\n3 | # ruff: noqa: S101 - pytest assertions are expected within this module.\n4 | import json\n5 | from collections.abc import Mapping, Sequence\n  |                             ^^^^^^^\n6 | from pathlib import Path\n7 | from typing import Protocol, cast\n  |\nhelp: Move into type-checking block\n\nTC003 Move standard library import `collections.abc.Sequence` into a type-checking block\n --> tests\\test_gui_columns.py:5:38\n  |\n3 | # ruff: noqa: S101 - pytest assertions are expected within this module.\n4 | import json\n5 | from collections.abc import Mapping, Sequence\n  |                                      ^^^^^^^^\n6 | from pathlib import Path\n7 | from typing import Protocol, cast\n  |\nhelp: Move into type-checking block\n\nTC003 Move standard library import `pathlib.Path` into a type-checking block\n --> tests\\test_make_all_kanban.py:4:21\n  |\n3 | # ruff: noqa: S101 - pytest assertion style is intentional in this test module.\n4 | from pathlib import Path\n  |                     ^^^^\n5 | from typing import cast\n  |\nhelp: Move into type-checking block\n\nSLF001 Private member accessed: `_summary_output_dir`\n  --> tests\\test_make_all_kanban.py:30:5\n   |\n28 |     )\n29 |\n30 |     orchestrator._summary_output_dir = lambda: tmp_path  # type: ignore[method-assign]\n   |     ^^^^^^^^^^^^^^^^^^^^^^^^^^^^^^^^\n31 |\n32 |     summary, path = orchestrator.write_run_summary()\n   |\n\nSLF001 Private member accessed: `_kanban_artifacts`\n  --> tests\\test_make_all_kanban.py:49:17\n   |\n47 |     assert (kanban_dir / \"kanban_board.md\").exists()\n48 |\n49 |     artifacts = orchestrator._kanban_artifacts\n   |                 ^^^^^^^^^^^^^^^^^^^^^^^^^^^^^^\n50 |     assert isinstance(artifacts, dict)\n51 |     artifacts_dict = cast(\"dict[str, object]\", artifacts)\n   |\n\nTC003 Move standard library import `pathlib.Path` into a type-checking block\n --> tests\\test_orchestrator_clones_stage.py:4:21\n  |\n3 | # ruff: noqa: S101 - pytest assertions clarify expectations here.\n4 | from pathlib import Path\n  |                     ^^^^\n5 | from types import SimpleNamespace\n6 | from typing import cast\n  |\nhelp: Move into type-checking block\n\nPT013 Incorrect import of `pytest`; use `import pytest` instead\n  --> tests\\test_orchestrator_clones_stage.py:8:1\n   |\n 6 | from typing import cast\n 7 |\n 8 | from pytest import MonkeyPatch\n   | ^^^^^^^^^^^^^^^^^^^^^^^^^^^^^^\n 9 |\n10 | import x_0_make_all_x.x_cls_make_all_x as orchestrator_module\n   |\n\nTC002 Move third-party import `pytest.MonkeyPatch` into a type-checking block\n  --> tests\\test_orchestrator_clones_stage.py:8:20\n   |\n 6 | from typing import cast\n 7 |\n 8 | from pytest import MonkeyPatch\n   |                    ^^^^^^^^^^^\n 9 |\n10 | import x_0_make_all_x.x_cls_make_all_x as orchestrator_module\n   |\nhelp: Move into type-checking block\n\nARG001 Unused function argument: `self`\n  --> tests\\test_orchestrator_clones_stage.py:27:27\n   |\n25 |     )\n26 |\n27 |     def _options_override(self: object, ctx: object | None) -> SimpleNamespace:\n   |                           ^^^^\n28 |         return options\n   |\n\nARG001 Unused function argument: `ctx`\n  --> tests\\test_orchestrator_clones_stage.py:27:41\n   |\n25 |     )\n26 |\n27 |     def _options_override(self: object, ctx: object | None) -> SimpleNamespace:\n   |                                         ^^^\n28 |         return options\n   |\n\nARG001 Unused function argument: `self`\n  --> tests\\test_orchestrator_clones_stage.py:30:28\n   |\n28 |         return options\n29 |\n30 |     def _delegate_override(self: object) -> None:\n   |                            ^^^^\n31 |         return None\n   |\n\nTC002 Move third-party import `x_make_common_x.exporters.ExportResult` into a type-checking block\n  --> x_cls_make_all_x.py:37:39\n   |\n35 |     log_info,\n36 | )\n37 | from x_make_common_x.exporters import ExportResult  # noqa: E402\n   |                                       ^^^^^^^^^^^^\n38 | from x_make_github_visitor_x.inspection_flow import (  # noqa: E402\n39 |     VisitorProtocol,\n   |\nhelp: Move into type-checking block\n\nC901 `clone_repos` is too complex (11 > 10)\n    --> x_cls_make_all_x.py:1126:9\n     |\n1125 |     # Step 3: clone repositories (moved logic from freestanding clone_repos)\n1126 |     def clone_repos(self, ctx: OrchestratorContext | None) -> object:\n     |         ^^^^^^^^^^^\n1127 |         options = self._cloner_options(ctx)\n1128 |         metadata: dict[str, object] = {\n     |\n\nFound 13 errors.\nNo fixes available (6 hidden fixes can be enabled with the `--unsafe-fixes` option).\n",
                "tool": "ruff_check",
                "tool_module": "ruff",
                "tool_version": "ruff 0.14.0"
            },
            "exit": "exit 1",
            "message": "ruff_check failed for x_0_make_all_x (exit 1)\ncwd: C:\\x_runner_x\\x_0_make_all_x\ncommand: C:\\x_runner_x\\.venv\\Scripts\\python.exe -m ruff check . --select ALL --ignore D,COM812,ISC001,T20 --line-length 88 --target-version py311\nstarted_at: 2025-10-15T21:27:20.013278+00:00\nduration: 0.214s\ntool_version: ruff 0.14.0\nstdout:\nTC003 Move standard library import `collections.abc.Mapping` into a type-checking block\n --> tests\\test_gui_columns.py:5:29\n  |\n3 | # ruff: noqa: S101 - pytest assertions are expected within this module.\n4 | import json\n\u2026\nstderr:\n<empty>",
            "repo": "x_0_make_all_x",
            "repo_path": "C:\\x_runner_x\\x_0_make_all_x",
            "stderr_preview": null,
            "stdout_preview": "TC003 Move standard library import `collections.abc.Mapping` into a type-checking block\n --> tests\\test_gui_columns.py:5:29\n  |\n3 | # ruff: noqa: S101 - pytest assertions are expected within this module.\n4 | import json\n\u2026",
            "suggested_action": "Investigate",
            "summary": "ruff_check failed for x_0_make_all_x (exit 1) cwd: C:\\x_runner_x\\x_0_make_all_x command: C:\\x_runner_x\\.venv\\Scripts\\python.exe -m ruff check . --select ALL --ignore D,COM812,ISC001,T20 --line-length 88 --target-version py311 started_at: 2\u2026",
            "tool": "ruff_check",
            "tool_version": "ruff 0.14.0"
        },
        {
            "captured_at": "2025-10-15T21:27:18.560168+00:00",
            "command": "C:\\x_runner_x\\.venv\\Scripts\\python.exe -m ruff check . --fix --select ALL --ignore D,COM812,ISC001,T20 --line-length 88 --target-version py311",
            "detail": {
                "cached": false,
                "cmd": [
                    "C:\\x_runner_x\\.venv\\Scripts\\python.exe",
                    "-m",
                    "ruff",
                    "check",
                    ".",
                    "--fix",
                    "--select",
                    "ALL",
                    "--ignore",
                    "D,COM812,ISC001,T20",
                    "--line-length",
                    "88",
                    "--target-version",
                    "py311"
                ],
                "cmd_display": "C:\\x_runner_x\\.venv\\Scripts\\python.exe -m ruff check . --fix --select ALL --ignore D,COM812,ISC001,T20 --line-length 88 --target-version py311",
                "cwd": "C:\\x_runner_x\\x_0_make_all_x",
                "duration_seconds": 0.20618970000214176,
                "ended_at": "2025-10-15T21:27:18.560168+00:00",
                "exit": 1,
                "failed_files": [],
                "files_checked": [
                    "__init__.py",
                    "forceit.py",
                    "interface/__init__.py",
                    "interface/gui/__init__.py",
                    "interface/gui/app.py",
                    "interface/gui/commit.py",
                    "interface/gui/tree.py",
                    "manifest.py",
                    "tests/__init__.py",
                    "tests/test_forceit.py",
                    "tests/test_gui_columns.py",
                    "tests/test_gui_commit.py",
                    "tests/test_gui_exit_code.py",
                    "tests/test_gui_tree.py",
                    "tests/test_make_all_kanban.py",
                    "tests/test_orchestrator_clones_stage.py",
                    "tests/test_publish_manifest.py",
                    "x_cls_make_all_x.py"
                ],
                "repo": "x_0_make_all_x",
                "repo_hash": "6d26ccc6119da6268b46184322da14b6baea1d2d4768ebb21cc7f8ff8116a147",
                "repo_path": "C:\\x_runner_x\\x_0_make_all_x",
                "started_at": "2025-10-15T21:27:18.353980+00:00",
                "stderr": "",
                "stdout": "TC003 Move standard library import `collections.abc.Mapping` into a type-checking block\n --> tests\\test_gui_columns.py:5:29\n  |\n3 | # ruff: noqa: S101 - pytest assertions are expected within this module.\n4 | import json\n5 | from collections.abc import Mapping, Sequence\n  |                             ^^^^^^^\n6 | from pathlib import Path\n7 | from typing import Protocol, cast\n  |\nhelp: Move into type-checking block\n\nTC003 Move standard library import `collections.abc.Sequence` into a type-checking block\n --> tests\\test_gui_columns.py:5:38\n  |\n3 | # ruff: noqa: S101 - pytest assertions are expected within this module.\n4 | import json\n5 | from collections.abc import Mapping, Sequence\n  |                                      ^^^^^^^^\n6 | from pathlib import Path\n7 | from typing import Protocol, cast\n  |\nhelp: Move into type-checking block\n\nTC003 Move standard library import `pathlib.Path` into a type-checking block\n --> tests\\test_make_all_kanban.py:4:21\n  |\n3 | # ruff: noqa: S101 - pytest assertion style is intentional in this test module.\n4 | from pathlib import Path\n  |                     ^^^^\n5 | from typing import cast\n  |\nhelp: Move into type-checking block\n\nSLF001 Private member accessed: `_summary_output_dir`\n  --> tests\\test_make_all_kanban.py:30:5\n   |\n28 |     )\n29 |\n30 |     orchestrator._summary_output_dir = lambda: tmp_path  # type: ignore[method-assign]\n   |     ^^^^^^^^^^^^^^^^^^^^^^^^^^^^^^^^\n31 |\n32 |     summary, path = orchestrator.write_run_summary()\n   |\n\nSLF001 Private member accessed: `_kanban_artifacts`\n  --> tests\\test_make_all_kanban.py:49:17\n   |\n47 |     assert (kanban_dir / \"kanban_board.md\").exists()\n48 |\n49 |     artifacts = orchestrator._kanban_artifacts\n   |                 ^^^^^^^^^^^^^^^^^^^^^^^^^^^^^^\n50 |     assert isinstance(artifacts, dict)\n51 |     artifacts_dict = cast(\"dict[str, object]\", artifacts)\n   |\n\nTC003 Move standard library import `pathlib.Path` into a type-checking block\n --> tests\\test_orchestrator_clones_stage.py:4:21\n  |\n3 | # ruff: noqa: S101 - pytest assertions clarify expectations here.\n4 | from pathlib import Path\n  |                     ^^^^\n5 | from types import SimpleNamespace\n6 | from typing import cast\n  |\nhelp: Move into type-checking block\n\nPT013 Incorrect import of `pytest`; use `import pytest` instead\n  --> tests\\test_orchestrator_clones_stage.py:8:1\n   |\n 6 | from typing import cast\n 7 |\n 8 | from pytest import MonkeyPatch\n   | ^^^^^^^^^^^^^^^^^^^^^^^^^^^^^^\n 9 |\n10 | import x_0_make_all_x.x_cls_make_all_x as orchestrator_module\n   |\n\nTC002 Move third-party import `pytest.MonkeyPatch` into a type-checking block\n  --> tests\\test_orchestrator_clones_stage.py:8:20\n   |\n 6 | from typing import cast\n 7 |\n 8 | from pytest import MonkeyPatch\n   |                    ^^^^^^^^^^^\n 9 |\n10 | import x_0_make_all_x.x_cls_make_all_x as orchestrator_module\n   |\nhelp: Move into type-checking block\n\nARG001 Unused function argument: `self`\n  --> tests\\test_orchestrator_clones_stage.py:27:27\n   |\n25 |     )\n26 |\n27 |     def _options_override(self: object, ctx: object | None) -> SimpleNamespace:\n   |                           ^^^^\n28 |         return options\n   |\n\nARG001 Unused function argument: `ctx`\n  --> tests\\test_orchestrator_clones_stage.py:27:41\n   |\n25 |     )\n26 |\n27 |     def _options_override(self: object, ctx: object | None) -> SimpleNamespace:\n   |                                         ^^^\n28 |         return options\n   |\n\nARG001 Unused function argument: `self`\n  --> tests\\test_orchestrator_clones_stage.py:30:28\n   |\n28 |         return options\n29 |\n30 |     def _delegate_override(self: object) -> None:\n   |                            ^^^^\n31 |         return None\n   |\n\nTC002 Move third-party import `x_make_common_x.exporters.ExportResult` into a type-checking block\n  --> x_cls_make_all_x.py:37:39\n   |\n35 |     log_info,\n36 | )\n37 | from x_make_common_x.exporters import ExportResult  # noqa: E402\n   |                                       ^^^^^^^^^^^^\n38 | from x_make_github_visitor_x.inspection_flow import (  # noqa: E402\n39 |     VisitorProtocol,\n   |\nhelp: Move into type-checking block\n\nC901 `clone_repos` is too complex (11 > 10)\n    --> x_cls_make_all_x.py:1126:9\n     |\n1125 |     # Step 3: clone repositories (moved logic from freestanding clone_repos)\n1126 |     def clone_repos(self, ctx: OrchestratorContext | None) -> object:\n     |         ^^^^^^^^^^^\n1127 |         options = self._cloner_options(ctx)\n1128 |         metadata: dict[str, object] = {\n     |\n\nFound 42 errors (29 fixed, 13 remaining).\nNo fixes available (6 hidden fixes can be enabled with the `--unsafe-fixes` option).\n",
                "tool": "ruff_fix",
                "tool_module": "ruff",
                "tool_version": "ruff 0.14.0"
            },
            "exit": "exit 1",
            "message": "ruff_fix failed for x_0_make_all_x (exit 1)\ncwd: C:\\x_runner_x\\x_0_make_all_x\ncommand: C:\\x_runner_x\\.venv\\Scripts\\python.exe -m ruff check . --fix --select ALL --ignore D,COM812,ISC001,T20 --line-length 88 --target-version py311\nstarted_at: 2025-10-15T21:27:18.353980+00:00\nduration: 0.206s\ntool_version: ruff 0.14.0\nstdout:\nTC003 Move standard library import `collections.abc.Mapping` into a type-checking block\n --> tests\\test_gui_columns.py:5:29\n  |\n3 | # ruff: noqa: S101 - pytest assertions are expected within this module.\n4 | import json\n\u2026\nstderr:\n<empty>",
            "repo": "x_0_make_all_x",
            "repo_path": "C:\\x_runner_x\\x_0_make_all_x",
            "stderr_preview": null,
            "stdout_preview": "TC003 Move standard library import `collections.abc.Mapping` into a type-checking block\n --> tests\\test_gui_columns.py:5:29\n  |\n3 | # ruff: noqa: S101 - pytest assertions are expected within this module.\n4 | import json\n\u2026",
            "suggested_action": "Investigate",
            "summary": "ruff_fix failed for x_0_make_all_x (exit 1) cwd: C:\\x_runner_x\\x_0_make_all_x command: C:\\x_runner_x\\.venv\\Scripts\\python.exe -m ruff check . --fix --select ALL --ignore D,COM812,ISC001,T20 --line-length 88 --target-version py311 started_a\u2026",
            "tool": "ruff_fix",
            "tool_version": "ruff 0.14.0"
        },
        {
            "captured_at": "2025-10-15T21:27:33.124173+00:00",
            "command": "C:\\x_runner_x\\.venv\\Scripts\\python.exe -m mypy . --strict --no-warn-unused-configs --show-error-codes --warn-return-any --warn-unreachable --disallow-any-unimported --disallow-any-expr --disallow-any-decorated --disallow-any-explicit",
            "detail": {
                "cached": false,
                "cmd": [
                    "C:\\x_runner_x\\.venv\\Scripts\\python.exe",
                    "-m",
                    "mypy",
                    ".",
                    "--strict",
                    "--no-warn-unused-configs",
                    "--show-error-codes",
                    "--warn-return-any",
                    "--warn-unreachable",
                    "--disallow-any-unimported",
                    "--disallow-any-expr",
                    "--disallow-any-decorated",
                    "--disallow-any-explicit"
                ],
                "cmd_display": "C:\\x_runner_x\\.venv\\Scripts\\python.exe -m mypy . --strict --no-warn-unused-configs --show-error-codes --warn-return-any --warn-unreachable --disallow-any-unimported --disallow-any-expr --disallow-any-decorated --disallow-any-explicit",
                "cwd": "C:\\x_runner_x\\x_make_common_x",
                "duration_seconds": 0.7736004000034882,
                "ended_at": "2025-10-15T21:27:33.124173+00:00",
                "exit": 1,
                "failed_files": [],
                "files_checked": [
                    "__init__.py",
                    "exporters.py",
                    "json_board.py",
                    "run_reports.py",
                    "telemetry.py",
                    "tests/__init__.py",
                    "tests/test_exporters.py",
                    "tests/test_json_board.py",
                    "tests/test_subprocess_utils.py",
                    "tests/test_telemetry.py",
                    "x_cls_make_common_x.py",
                    "x_env_x.py",
                    "x_http_client_x.py",
                    "x_logging_utils_x.py",
                    "x_subprocess_utils_x.py"
                ],
                "repo": "x_make_common_x",
                "repo_hash": "403621ebd4700f130a33a8947c0c7fdf9029363519f807f16c86d886384def40",
                "repo_path": "C:\\x_runner_x\\x_make_common_x",
                "started_at": "2025-10-15T21:27:32.350571+00:00",
                "stderr": "",
                "stdout": "tests\\test_exporters.py:53: error: Module \"x_make_common_x.exporters\" does not explicitly export attribute \"shutil\"  [attr-defined]\nFound 1 error in 1 file (checked 15 source files)\n",
                "tool": "mypy",
                "tool_module": "mypy",
                "tool_version": "mypy 1.18.2 (compiled: yes)"
            },
            "exit": "exit 1",
            "message": "mypy failed for x_make_common_x (exit 1)\ncwd: C:\\x_runner_x\\x_make_common_x\ncommand: C:\\x_runner_x\\.venv\\Scripts\\python.exe -m mypy . --strict --no-warn-unused-configs --show-error-codes --warn-return-any --warn-unreachable --disallow-any-unimported --disallow-any-expr --disallow-any-decorated --disallow-any-explicit\nstarted_at: 2025-10-15T21:27:32.350571+00:00\nduration: 0.774s\ntool_version: mypy 1.18.2 (compiled: yes)\nstdout:\ntests\\test_exporters.py:53: error: Module \"x_make_common_x.exporters\" does not explicitly export attribute \"shutil\"  [attr-defined]\nFound 1 error in 1 file (checked 15 source files)\nstderr:\n<empty>",
            "repo": "x_make_common_x",
            "repo_path": "C:\\x_runner_x\\x_make_common_x",
            "stderr_preview": null,
            "stdout_preview": "tests\\test_exporters.py:53: error: Module \"x_make_common_x.exporters\" does not explicitly export attribute \"shutil\"  [attr-defined]\nFound 1 error in 1 file (checked 15 source files)",
            "suggested_action": "Investigate",
            "summary": "mypy failed for x_make_common_x (exit 1) cwd: C:\\x_runner_x\\x_make_common_x command: C:\\x_runner_x\\.venv\\Scripts\\python.exe -m mypy . --strict --no-warn-unused-configs --show-error-codes --warn-return-any --warn-unreachable --disallow-any-\u2026",
            "tool": "mypy",
            "tool_version": "mypy 1.18.2 (compiled: yes)"
        },
        {
            "captured_at": "2025-10-15T21:27:32.345763+00:00",
            "command": "C:\\x_runner_x\\.venv\\Scripts\\python.exe -m ruff check . --select ALL --ignore D,COM812,ISC001,T20 --line-length 88 --target-version py311",
            "detail": {
                "cached": false,
                "cmd": [
                    "C:\\x_runner_x\\.venv\\Scripts\\python.exe",
                    "-m",
                    "ruff",
                    "check",
                    ".",
                    "--select",
                    "ALL",
                    "--ignore",
                    "D,COM812,ISC001,T20",
                    "--line-length",
                    "88",
                    "--target-version",
                    "py311"
                ],
                "cmd_display": "C:\\x_runner_x\\.venv\\Scripts\\python.exe -m ruff check . --select ALL --ignore D,COM812,ISC001,T20 --line-length 88 --target-version py311",
                "cwd": "C:\\x_runner_x\\x_make_common_x",
                "duration_seconds": 0.22069689999625552,
                "ended_at": "2025-10-15T21:27:32.345763+00:00",
                "exit": 1,
                "failed_files": [],
                "files_checked": [
                    "__init__.py",
                    "exporters.py",
                    "json_board.py",
                    "run_reports.py",
                    "telemetry.py",
                    "tests/__init__.py",
                    "tests/test_exporters.py",
                    "tests/test_json_board.py",
                    "tests/test_subprocess_utils.py",
                    "tests/test_telemetry.py",
                    "x_cls_make_common_x.py",
                    "x_env_x.py",
                    "x_http_client_x.py",
                    "x_logging_utils_x.py",
                    "x_subprocess_utils_x.py"
                ],
                "repo": "x_make_common_x",
                "repo_hash": "403621ebd4700f130a33a8947c0c7fdf9029363519f807f16c86d886384def40",
                "repo_path": "C:\\x_runner_x\\x_make_common_x",
                "started_at": "2025-10-15T21:27:32.125067+00:00",
                "stderr": "",
                "stdout": "TC003 Move standard library import `builtins` into a type-checking block\n --> json_board.py:5:8\n  |\n3 | from __future__ import annotations\n4 |\n5 | import builtins\n  |        ^^^^^^^^\n6 | import contextlib\n7 | import json\n  |\nhelp: Move into type-checking block\n\nTC003 Move standard library import `collections.abc.Mapping` into a type-checking block\n --> run_reports.py:4:29\n  |\n3 | import json\n4 | from collections.abc import Mapping, MutableMapping\n  |                             ^^^^^^^\n5 | from datetime import UTC, datetime\n6 | from pathlib import Path\n  |\nhelp: Move into type-checking block\n\nTC003 Move standard library import `collections.abc.MutableMapping` into a type-checking block\n --> run_reports.py:4:38\n  |\n3 | import json\n4 | from collections.abc import Mapping, MutableMapping\n  |                                      ^^^^^^^^^^^^^^\n5 | from datetime import UTC, datetime\n6 | from pathlib import Path\n  |\nhelp: Move into type-checking block\n\nTC003 Move standard library import `collections.abc.Callable` into a type-checking block\n  --> telemetry.py:9:29\n   |\n 7 | import pathlib\n 8 | import threading\n 9 | from collections.abc import Callable, Mapping, Sequence\n   |                             ^^^^^^^^\n10 | from dataclasses import dataclass\n11 | from datetime import UTC, datetime\n   |\nhelp: Move into type-checking block\n\nTC003 Move standard library import `collections.abc.Mapping` into a type-checking block\n  --> telemetry.py:9:39\n   |\n 7 | import pathlib\n 8 | import threading\n 9 | from collections.abc import Callable, Mapping, Sequence\n   |                                       ^^^^^^^\n10 | from dataclasses import dataclass\n11 | from datetime import UTC, datetime\n   |\nhelp: Move into type-checking block\n\nTC003 Move standard library import `collections.abc.Sequence` into a type-checking block\n  --> telemetry.py:9:48\n   |\n 7 | import pathlib\n 8 | import threading\n 9 | from collections.abc import Callable, Mapping, Sequence\n   |                                                ^^^^^^^^\n10 | from dataclasses import dataclass\n11 | from datetime import UTC, datetime\n   |\nhelp: Move into type-checking block\n\nN802 Function name `Draft202012Validator` should be lowercase\n  --> telemetry.py:28:9\n   |\n26 | if TYPE_CHECKING:\n27 |\n28 |     def Draft202012Validator(\n   |         ^^^^^^^^^^^^^^^^^^^^\n29 |         schema: Mapping[str, object],\n30 |         *args: object,\n   |\n\nTC003 Move standard library import `collections.abc.Sequence` into a type-checking block\n --> tests\\test_exporters.py:3:29\n  |\n1 | from __future__ import annotations\n2 |\n3 | from collections.abc import Sequence\n  |                             ^^^^^^^^\n4 | from pathlib import Path\n5 | from subprocess import CompletedProcess\n  |\nhelp: Move into type-checking block\n\nPT013 Incorrect import of `pytest`; use `import pytest` instead\n  --> tests\\test_exporters.py:8:1\n   |\n 7 | # ruff: noqa: S101 - pytest prefers assert statements for readability\n 8 | from pytest import MonkeyPatch\n   | ^^^^^^^^^^^^^^^^^^^^^^^^^^^^^^\n 9 |\n10 | import x_make_common_x.exporters as exporters_module\n   |\n\nTC002 Move third-party import `pytest.MonkeyPatch` into a type-checking block\n  --> tests\\test_exporters.py:8:20\n   |\n 7 | # ruff: noqa: S101 - pytest prefers assert statements for readability\n 8 | from pytest import MonkeyPatch\n   |                    ^^^^^^^^^^^\n 9 |\n10 | import x_make_common_x.exporters as exporters_module\n   |\nhelp: Move into type-checking block\n\nFound 10 errors.\nNo fixes available (8 hidden fixes can be enabled with the `--unsafe-fixes` option).\n",
                "tool": "ruff_check",
                "tool_module": "ruff",
                "tool_version": "ruff 0.14.0"
            },
            "exit": "exit 1",
            "message": "ruff_check failed for x_make_common_x (exit 1)\ncwd: C:\\x_runner_x\\x_make_common_x\ncommand: C:\\x_runner_x\\.venv\\Scripts\\python.exe -m ruff check . --select ALL --ignore D,COM812,ISC001,T20 --line-length 88 --target-version py311\nstarted_at: 2025-10-15T21:27:32.125067+00:00\nduration: 0.221s\ntool_version: ruff 0.14.0\nstdout:\nTC003 Move standard library import `builtins` into a type-checking block\n --> json_board.py:5:8\n  |\n3 | from __future__ import annotations\n4 |\n\u2026\nstderr:\n<empty>",
            "repo": "x_make_common_x",
            "repo_path": "C:\\x_runner_x\\x_make_common_x",
            "stderr_preview": null,
            "stdout_preview": "TC003 Move standard library import `builtins` into a type-checking block\n --> json_board.py:5:8\n  |\n3 | from __future__ import annotations\n4 |\n\u2026",
            "suggested_action": "Investigate",
            "summary": "ruff_check failed for x_make_common_x (exit 1) cwd: C:\\x_runner_x\\x_make_common_x command: C:\\x_runner_x\\.venv\\Scripts\\python.exe -m ruff check . --select ALL --ignore D,COM812,ISC001,T20 --line-length 88 --target-version py311 started_at:\u2026",
            "tool": "ruff_check",
            "tool_version": "ruff 0.14.0"
        },
        {
            "captured_at": "2025-10-15T21:27:31.046088+00:00",
            "command": "C:\\x_runner_x\\.venv\\Scripts\\python.exe -m ruff check . --fix --select ALL --ignore D,COM812,ISC001,T20 --line-length 88 --target-version py311",
            "detail": {
                "cached": false,
                "cmd": [
                    "C:\\x_runner_x\\.venv\\Scripts\\python.exe",
                    "-m",
                    "ruff",
                    "check",
                    ".",
                    "--fix",
                    "--select",
                    "ALL",
                    "--ignore",
                    "D,COM812,ISC001,T20",
                    "--line-length",
                    "88",
                    "--target-version",
                    "py311"
                ],
                "cmd_display": "C:\\x_runner_x\\.venv\\Scripts\\python.exe -m ruff check . --fix --select ALL --ignore D,COM812,ISC001,T20 --line-length 88 --target-version py311",
                "cwd": "C:\\x_runner_x\\x_make_common_x",
                "duration_seconds": 0.20776130000012927,
                "ended_at": "2025-10-15T21:27:31.046088+00:00",
                "exit": 1,
                "failed_files": [],
                "files_checked": [
                    "__init__.py",
                    "exporters.py",
                    "json_board.py",
                    "run_reports.py",
                    "telemetry.py",
                    "tests/__init__.py",
                    "tests/test_exporters.py",
                    "tests/test_json_board.py",
                    "tests/test_subprocess_utils.py",
                    "tests/test_telemetry.py",
                    "x_cls_make_common_x.py",
                    "x_env_x.py",
                    "x_http_client_x.py",
                    "x_logging_utils_x.py",
                    "x_subprocess_utils_x.py"
                ],
                "repo": "x_make_common_x",
                "repo_hash": "403621ebd4700f130a33a8947c0c7fdf9029363519f807f16c86d886384def40",
                "repo_path": "C:\\x_runner_x\\x_make_common_x",
                "started_at": "2025-10-15T21:27:30.838328+00:00",
                "stderr": "",
                "stdout": "TC003 Move standard library import `builtins` into a type-checking block\n --> json_board.py:5:8\n  |\n3 | from __future__ import annotations\n4 |\n5 | import builtins\n  |        ^^^^^^^^\n6 | import contextlib\n7 | import json\n  |\nhelp: Move into type-checking block\n\nTC003 Move standard library import `collections.abc.Mapping` into a type-checking block\n --> run_reports.py:4:29\n  |\n3 | import json\n4 | from collections.abc import Mapping, MutableMapping\n  |                             ^^^^^^^\n5 | from datetime import UTC, datetime\n6 | from pathlib import Path\n  |\nhelp: Move into type-checking block\n\nTC003 Move standard library import `collections.abc.MutableMapping` into a type-checking block\n --> run_reports.py:4:38\n  |\n3 | import json\n4 | from collections.abc import Mapping, MutableMapping\n  |                                      ^^^^^^^^^^^^^^\n5 | from datetime import UTC, datetime\n6 | from pathlib import Path\n  |\nhelp: Move into type-checking block\n\nTC003 Move standard library import `collections.abc.Callable` into a type-checking block\n  --> telemetry.py:9:29\n   |\n 7 | import pathlib\n 8 | import threading\n 9 | from collections.abc import Callable, Mapping, Sequence\n   |                             ^^^^^^^^\n10 | from dataclasses import dataclass\n11 | from datetime import UTC, datetime\n   |\nhelp: Move into type-checking block\n\nTC003 Move standard library import `collections.abc.Mapping` into a type-checking block\n  --> telemetry.py:9:39\n   |\n 7 | import pathlib\n 8 | import threading\n 9 | from collections.abc import Callable, Mapping, Sequence\n   |                                       ^^^^^^^\n10 | from dataclasses import dataclass\n11 | from datetime import UTC, datetime\n   |\nhelp: Move into type-checking block\n\nTC003 Move standard library import `collections.abc.Sequence` into a type-checking block\n  --> telemetry.py:9:48\n   |\n 7 | import pathlib\n 8 | import threading\n 9 | from collections.abc import Callable, Mapping, Sequence\n   |                                                ^^^^^^^^\n10 | from dataclasses import dataclass\n11 | from datetime import UTC, datetime\n   |\nhelp: Move into type-checking block\n\nN802 Function name `Draft202012Validator` should be lowercase\n  --> telemetry.py:28:9\n   |\n26 | if TYPE_CHECKING:\n27 |\n28 |     def Draft202012Validator(\n   |         ^^^^^^^^^^^^^^^^^^^^\n29 |         schema: Mapping[str, object],\n30 |         *args: object,\n   |\n\nTC003 Move standard library import `collections.abc.Sequence` into a type-checking block\n --> tests\\test_exporters.py:3:29\n  |\n1 | from __future__ import annotations\n2 |\n3 | from collections.abc import Sequence\n  |                             ^^^^^^^^\n4 | from pathlib import Path\n5 | from subprocess import CompletedProcess\n  |\nhelp: Move into type-checking block\n\nPT013 Incorrect import of `pytest`; use `import pytest` instead\n  --> tests\\test_exporters.py:8:1\n   |\n 7 | # ruff: noqa: S101 - pytest prefers assert statements for readability\n 8 | from pytest import MonkeyPatch\n   | ^^^^^^^^^^^^^^^^^^^^^^^^^^^^^^\n 9 |\n10 | import x_make_common_x.exporters as exporters_module\n   |\n\nTC002 Move third-party import `pytest.MonkeyPatch` into a type-checking block\n  --> tests\\test_exporters.py:8:20\n   |\n 7 | # ruff: noqa: S101 - pytest prefers assert statements for readability\n 8 | from pytest import MonkeyPatch\n   |                    ^^^^^^^^^^^\n 9 |\n10 | import x_make_common_x.exporters as exporters_module\n   |\nhelp: Move into type-checking block\n\nFound 10 errors.\nNo fixes available (8 hidden fixes can be enabled with the `--unsafe-fixes` option).\n",
                "tool": "ruff_fix",
                "tool_module": "ruff",
                "tool_version": "ruff 0.14.0"
            },
            "exit": "exit 1",
            "message": "ruff_fix failed for x_make_common_x (exit 1)\ncwd: C:\\x_runner_x\\x_make_common_x\ncommand: C:\\x_runner_x\\.venv\\Scripts\\python.exe -m ruff check . --fix --select ALL --ignore D,COM812,ISC001,T20 --line-length 88 --target-version py311\nstarted_at: 2025-10-15T21:27:30.838328+00:00\nduration: 0.208s\ntool_version: ruff 0.14.0\nstdout:\nTC003 Move standard library import `builtins` into a type-checking block\n --> json_board.py:5:8\n  |\n3 | from __future__ import annotations\n4 |\n\u2026\nstderr:\n<empty>",
            "repo": "x_make_common_x",
            "repo_path": "C:\\x_runner_x\\x_make_common_x",
            "stderr_preview": null,
            "stdout_preview": "TC003 Move standard library import `builtins` into a type-checking block\n --> json_board.py:5:8\n  |\n3 | from __future__ import annotations\n4 |\n\u2026",
            "suggested_action": "Investigate",
            "summary": "ruff_fix failed for x_make_common_x (exit 1) cwd: C:\\x_runner_x\\x_make_common_x command: C:\\x_runner_x\\.venv\\Scripts\\python.exe -m ruff check . --fix --select ALL --ignore D,COM812,ISC001,T20 --line-length 88 --target-version py311 started\u2026",
            "tool": "ruff_fix",
            "tool_version": "ruff 0.14.0"
        },
        {
            "captured_at": "2025-10-15T21:27:37.154436+00:00",
            "command": "C:\\x_runner_x\\.venv\\Scripts\\python.exe -m black . --line-length 88 --target-version py311 --check --diff",
            "detail": {
                "cached": false,
                "cmd": [
                    "C:\\x_runner_x\\.venv\\Scripts\\python.exe",
                    "-m",
                    "black",
                    ".",
                    "--line-length",
                    "88",
                    "--target-version",
                    "py311",
                    "--check",
                    "--diff"
                ],
                "cmd_display": "C:\\x_runner_x\\.venv\\Scripts\\python.exe -m black . --line-length 88 --target-version py311 --check --diff",
                "cwd": "C:\\x_runner_x\\x_make_github_clones_x",
                "duration_seconds": 1.573068300000159,
                "ended_at": "2025-10-15T21:27:37.154436+00:00",
                "exit": 1,
                "failed_files": [],
                "files_checked": [
                    "__init__.py",
                    "fastapi/__init__.py",
                    "fastapi/__main__.py",
                    "fastapi/cli.py",
                    "fastapi_cli/__init__.py",
                    "fastapi_cli/cli.py",
                    "tests/__init__.py",
                    "tests/test_make_github_clones.py",
                    "x_cls_make_github_clones_x.py",
                    "x_make_github_clones_x/__init__.py",
                    "x_make_github_clones_x/x_cls_make_github_clones_x.py"
                ],
                "repo": "x_make_github_clones_x",
                "repo_hash": "2d6c60cf5fdda4a1848411a0d611436931f723f8297da78ac72f05ebf2fb2b99",
                "repo_path": "C:\\x_runner_x\\x_make_github_clones_x",
                "started_at": "2025-10-15T21:27:35.581367+00:00",
                "stderr": "would reformat C:\\x_runner_x\\x_make_github_clones_x\\x_cls_make_github_clones_x.py\n\nOh no! \\U0001f4a5 \\U0001f494 \\U0001f4a5\n1 file would be reformatted, 10 files would be left unchanged.\n",
                "stdout": "--- C:\\x_runner_x\\x_make_github_clones_x\\x_cls_make_github_clones_x.py\t2025-10-15 19:15:46.783225+00:00\n+++ C:\\x_runner_x\\x_make_github_clones_x\\x_cls_make_github_clones_x.py\t2025-10-15 21:27:36.887211+00:00\n@@ -67,11 +67,13 @@\n     resolved_filename = filename or f\"{tool_slug}_run_{stamp}.json\"\n     data = dict(payload)\n     data.setdefault(\"tool\", tool_slug)\n     data.setdefault(\"generated_at\", _fallback_isoformat_timestamp(moment))\n     report_path = reports_dir / resolved_filename\n-    report_path.write_text(json.dumps(data, indent=2, sort_keys=False), encoding=\"utf-8\")\n+    report_path.write_text(\n+        json.dumps(data, indent=2, sort_keys=False), encoding=\"utf-8\"\n+    )\n     return report_path\n \n \n def _isoformat_timestamp(moment: datetime | None = None) -> str:\n     if _common_isoformat_timestamp is not None:\n@@ -97,10 +99,11 @@\n         \"x_make_github_clones_x\",\n         payload,\n         base_dir=base_dir,\n         timestamp=moment,\n     )\n+\n \n JsonDict = dict[str, object]\n \n T_co = TypeVar(\"T_co\", covariant=True)\n \n",
                "tool": "black",
                "tool_module": "black",
                "tool_version": "python -m black, 25.9.0 (compiled: yes)\nPython (CPython) 3.13.7"
            },
            "exit": "exit 1",
            "message": "black failed for x_make_github_clones_x (exit 1)\ncwd: C:\\x_runner_x\\x_make_github_clones_x\ncommand: C:\\x_runner_x\\.venv\\Scripts\\python.exe -m black . --line-length 88 --target-version py311 --check --diff\nstarted_at: 2025-10-15T21:27:35.581367+00:00\nduration: 1.573s\ntool_version: python -m black, 25.9.0 (compiled: yes)\nPython (CPython) 3.13.7\nstdout:\n--- C:\\x_runner_x\\x_make_github_clones_x\\x_cls_make_github_clones_x.py\t2025-10-15 19:15:46.783225+00:00\n+++ C:\\x_runner_x\\x_make_github_clones_x\\x_cls_make_github_clones_x.py\t2025-10-15 21:27:36.887211+00:00\n@@ -67,11 +67,13 @@\n     resolved_filename = filename or f\"{tool_slug}_run_{stamp}.json\"\n     data = dict(payload)\n\u2026\nstderr:\nwould reformat C:\\x_runner_x\\x_make_github_clones_x\\x_cls_make_github_clones_x.py\n\nOh no! \\U0001f4a5 \\U0001f494 \\U0001f4a5\n1 file would be reformatted, 10 files would be left unchanged.",
            "repo": "x_make_github_clones_x",
            "repo_path": "C:\\x_runner_x\\x_make_github_clones_x",
            "stderr_preview": "would reformat C:\\x_runner_x\\x_make_github_clones_x\\x_cls_make_github_clones_x.py\n\nOh no! \\U0001f4a5 \\U0001f494 \\U0001f4a5\n1 file would be reformatted, 10 files would be left unchanged.",
            "stdout_preview": "--- C:\\x_runner_x\\x_make_github_clones_x\\x_cls_make_github_clones_x.py\t2025-10-15 19:15:46.783225+00:00\n+++ C:\\x_runner_x\\x_make_github_clones_x\\x_cls_make_github_clones_x.py\t2025-10-15 21:27:36.887211+00:00\n@@ -67,11 +67,13 @@\n     resolved_filename = filename or f\"{tool_slug}_run_{stamp}.json\"\n     data = dict(payload)\n\u2026",
            "suggested_action": "Investigate",
            "summary": "black failed for x_make_github_clones_x (exit 1) cwd: C:\\x_runner_x\\x_make_github_clones_x command: C:\\x_runner_x\\.venv\\Scripts\\python.exe -m black . --line-length 88 --target-version py311 --check --diff started_at: 2025-10-15T21:27:35.58\u2026",
            "tool": "black",
            "tool_version": "python -m black, 25.9.0 (compiled: yes)\nPython (CPython) 3.13.7"
        },
        {
            "captured_at": "2025-10-15T21:27:38.177415+00:00",
            "command": "C:\\x_runner_x\\.venv\\Scripts\\python.exe -m mypy . --strict --no-warn-unused-configs --show-error-codes --warn-return-any --warn-unreachable --disallow-any-unimported --disallow-any-expr --disallow-any-decorated --disallow-any-explicit",
            "detail": {
                "cached": false,
                "cmd": [
                    "C:\\x_runner_x\\.venv\\Scripts\\python.exe",
                    "-m",
                    "mypy",
                    ".",
                    "--strict",
                    "--no-warn-unused-configs",
                    "--show-error-codes",
                    "--warn-return-any",
                    "--warn-unreachable",
                    "--disallow-any-unimported",
                    "--disallow-any-expr",
                    "--disallow-any-decorated",
                    "--disallow-any-explicit"
                ],
                "cmd_display": "C:\\x_runner_x\\.venv\\Scripts\\python.exe -m mypy . --strict --no-warn-unused-configs --show-error-codes --warn-return-any --warn-unreachable --disallow-any-unimported --disallow-any-expr --disallow-any-decorated --disallow-any-explicit",
                "cwd": "C:\\x_runner_x\\x_make_github_clones_x",
                "duration_seconds": 0.7784202000038931,
                "ended_at": "2025-10-15T21:27:38.177415+00:00",
                "exit": 1,
                "failed_files": [],
                "files_checked": [
                    "__init__.py",
                    "fastapi/__init__.py",
                    "fastapi/__main__.py",
                    "fastapi/cli.py",
                    "fastapi_cli/__init__.py",
                    "fastapi_cli/cli.py",
                    "tests/__init__.py",
                    "tests/test_make_github_clones.py",
                    "x_cls_make_github_clones_x.py",
                    "x_make_github_clones_x/__init__.py",
                    "x_make_github_clones_x/x_cls_make_github_clones_x.py"
                ],
                "repo": "x_make_github_clones_x",
                "repo_hash": "2d6c60cf5fdda4a1848411a0d611436931f723f8297da78ac72f05ebf2fb2b99",
                "repo_path": "C:\\x_runner_x\\x_make_github_clones_x",
                "started_at": "2025-10-15T21:27:37.398996+00:00",
                "stderr": "",
                "stdout": "x_cls_make_github_clones_x.py:43: error: Incompatible types in assignment (expression has type \"None\", variable has type \"Callable[[datetime | None], str]\")  [assignment]\nx_cls_make_github_clones_x.py:44: error: Incompatible types in assignment (expression has type \"None\", variable has type \"Callable[[str, Mapping[str, object] | MutableMapping[str, object], DefaultNamedArg(Path | str | None, 'base_dir'), DefaultNamedArg(str | None, 'filename'), DefaultNamedArg(datetime | None, 'timestamp'), DefaultNamedArg(str, 'reports_name')], Path]\")  [assignment]\nx_cls_make_github_clones_x.py:79: error: Statement is unreachable  [unreachable]\nx_cls_make_github_clones_x.py:96: error: Statement is unreachable  [unreachable]\nx_cls_make_github_clones_x.py:280: error: Returning Any from function declared to return \"dict[str, object] | None\"  [no-any-return]\nx_cls_make_github_clones_x.py:280: error: Expression has type \"Any\"  [misc]\nx_cls_make_github_clones_x.py:750: error: Expression has type \"Any\"  [misc]\ntests\\test_make_github_clones.py:125: error: Expression has type \"Any\"  [misc]\ntests\\test_make_github_clones.py:126: error: Expression has type \"Any\"  [misc]\ntests\\test_make_github_clones.py:127: error: Expression has type \"Any\"  [misc]\ntests\\test_make_github_clones.py:128: error: Expression has type \"Any\"  [misc]\ntests\\test_make_github_clones.py:129: error: Expression has type \"Any\"  [misc]\ntests\\test_make_github_clones.py:176: error: Expression has type \"Any\"  [misc]\ntests\\test_make_github_clones.py:177: error: Expression has type \"Any\"  [misc]\ntests\\test_make_github_clones.py:178: error: Expression has type \"Any\"  [misc]\ntests\\test_make_github_clones.py:232: error: Expression has type \"Any\"  [misc]\ntests\\test_make_github_clones.py:233: error: Expression has type \"Any\"  [misc]\ntests\\test_make_github_clones.py:234: error: Expression has type \"Any\"  [misc]\ntests\\test_make_github_clones.py:235: error: Expression has type \"Any\"  [misc]\ntests\\test_make_github_clones.py:236: error: Expression has type \"Any\"  [misc]\ntests\\test_make_github_clones.py:262: error: Expression has type \"Any\"  [misc]\ntests\\test_make_github_clones.py:263: error: Expression has type \"Any\"  [misc]\ntests\\test_make_github_clones.py:264: error: Expression has type \"Any\"  [misc]\ntests\\test_make_github_clones.py:265: error: Expression has type \"Any\"  [misc]\nFound 24 errors in 2 files (checked 11 source files)\n",
                "tool": "mypy",
                "tool_module": "mypy",
                "tool_version": "mypy 1.18.2 (compiled: yes)"
            },
            "exit": "exit 1",
            "message": "mypy failed for x_make_github_clones_x (exit 1)\ncwd: C:\\x_runner_x\\x_make_github_clones_x\ncommand: C:\\x_runner_x\\.venv\\Scripts\\python.exe -m mypy . --strict --no-warn-unused-configs --show-error-codes --warn-return-any --warn-unreachable --disallow-any-unimported --disallow-any-expr --disallow-any-decorated --disallow-any-explicit\nstarted_at: 2025-10-15T21:27:37.398996+00:00\nduration: 0.778s\ntool_version: mypy 1.18.2 (compiled: yes)\nstdout:\nx_cls_make_github_clones_x.py:43: error: Incompatible types in assignment (expression has type \"None\", variable has type \"Callable[[datetime | None], str]\")  [assignment]\nx_cls_make_github_clones_x.py:44: error: Incompatible types in assignment (expression has type \"None\", variable has type \"Callable[[str, Mapping[str, object] | MutableMapping[str, object], DefaultNamedArg(Path | str | None, 'base_dir'), DefaultNamedArg(str | None, 'filename'), DefaultNamedArg(datetime | None, 'timestamp'), DefaultNamedArg(str, 'reports_name')], Path]\")  [assignment]\nx_cls_make_github_clones_x.py:79: error: Statement is unreachable  [unreachable]\nx_cls_make_github_clones_x.py:96: error: Statement is unreachable  [unreachable]\nx_cls_make_github_clones_x.py:280: error: Returning Any from function declared to return \"dict[str, object] | None\"  [no-any-return]\n\u2026\nstderr:\n<empty>",
            "repo": "x_make_github_clones_x",
            "repo_path": "C:\\x_runner_x\\x_make_github_clones_x",
            "stderr_preview": null,
            "stdout_preview": "x_cls_make_github_clones_x.py:43: error: Incompatible types in assignment (expression has type \"None\", variable has type \"Callable[[datetime | None], str]\")  [assignment]\nx_cls_make_github_clones_x.py:44: error: Incompatible types in assignment (expression has type \"None\", variable has type \"Callable[[str, Mapping[str, object] | MutableMapping[str, object], DefaultNamedArg(Path | str | None, 'base_dir'), DefaultNamedArg(str | None, 'filename'), DefaultNamedArg(datetime | None, 'timestamp'), DefaultNamedArg(str, 'reports_name')], Path]\")  [assignment]\nx_cls_make_github_clones_x.py:79: error: Statement is unreachable  [unreachable]\nx_cls_make_github_clones_x.py:96: error: Statement is unreachable  [unreachable]\nx_cls_make_github_clones_x.py:280: error: Returning Any from function declared to return \"dict[str, object] | None\"  [no-any-return]\n\u2026",
            "suggested_action": "Investigate",
            "summary": "mypy failed for x_make_github_clones_x (exit 1) cwd: C:\\x_runner_x\\x_make_github_clones_x command: C:\\x_runner_x\\.venv\\Scripts\\python.exe -m mypy . --strict --no-warn-unused-configs --show-error-codes --warn-return-any --warn-unreachable -\u2026",
            "tool": "mypy",
            "tool_version": "mypy 1.18.2 (compiled: yes)"
        },
        {
            "captured_at": "2025-10-15T21:27:39.637208+00:00",
            "command": "C:\\x_runner_x\\.venv\\Scripts\\python.exe -m pyright . --level error",
            "detail": {
                "cached": false,
                "cmd": [
                    "C:\\x_runner_x\\.venv\\Scripts\\python.exe",
                    "-m",
                    "pyright",
                    ".",
                    "--level",
                    "error"
                ],
                "cmd_display": "C:\\x_runner_x\\.venv\\Scripts\\python.exe -m pyright . --level error",
                "cwd": "C:\\x_runner_x\\x_make_github_clones_x",
                "duration_seconds": 1.4557518000001437,
                "ended_at": "2025-10-15T21:27:39.637208+00:00",
                "exit": 1,
                "failed_files": [],
                "files_checked": [
                    "__init__.py",
                    "fastapi/__init__.py",
                    "fastapi/__main__.py",
                    "fastapi/cli.py",
                    "fastapi_cli/__init__.py",
                    "fastapi_cli/cli.py",
                    "tests/__init__.py",
                    "tests/test_make_github_clones.py",
                    "x_cls_make_github_clones_x.py",
                    "x_make_github_clones_x/__init__.py",
                    "x_make_github_clones_x/x_cls_make_github_clones_x.py"
                ],
                "repo": "x_make_github_clones_x",
                "repo_hash": "2d6c60cf5fdda4a1848411a0d611436931f723f8297da78ac72f05ebf2fb2b99",
                "repo_path": "C:\\x_runner_x\\x_make_github_clones_x",
                "started_at": "2025-10-15T21:27:38.181457+00:00",
                "stderr": "",
                "stdout": "c:\\x_runner_x\\x_make_github_clones_x\\x_cls_make_github_clones_x.py\n  c:\\x_runner_x\\x_make_github_clones_x\\x_cls_make_github_clones_x.py:40:10 - error: Import \"x_make_common_x\" could not be resolved (reportMissingImports)\n  c:\\x_runner_x\\x_make_github_clones_x\\x_cls_make_github_clones_x.py:41:10 - error: Import \"x_make_common_x\" could not be resolved (reportMissingImports)\n2 errors, 0 warnings, 0 informations\n",
                "tool": "pyright",
                "tool_module": "pyright",
                "tool_version": "pyright 1.1.406"
            },
            "exit": "exit 1",
            "message": "pyright failed for x_make_github_clones_x (exit 1)\ncwd: C:\\x_runner_x\\x_make_github_clones_x\ncommand: C:\\x_runner_x\\.venv\\Scripts\\python.exe -m pyright . --level error\nstarted_at: 2025-10-15T21:27:38.181457+00:00\nduration: 1.456s\ntool_version: pyright 1.1.406\nstdout:\nc:\\x_runner_x\\x_make_github_clones_x\\x_cls_make_github_clones_x.py\n  c:\\x_runner_x\\x_make_github_clones_x\\x_cls_make_github_clones_x.py:40:10 - error: Import \"x_make_common_x\" could not be resolved (reportMissingImports)\n  c:\\x_runner_x\\x_make_github_clones_x\\x_cls_make_github_clones_x.py:41:10 - error: Import \"x_make_common_x\" could not be resolved (reportMissingImports)\n2 errors, 0 warnings, 0 informations\nstderr:\n<empty>",
            "repo": "x_make_github_clones_x",
            "repo_path": "C:\\x_runner_x\\x_make_github_clones_x",
            "stderr_preview": null,
            "stdout_preview": "c:\\x_runner_x\\x_make_github_clones_x\\x_cls_make_github_clones_x.py\n  c:\\x_runner_x\\x_make_github_clones_x\\x_cls_make_github_clones_x.py:40:10 - error: Import \"x_make_common_x\" could not be resolved (reportMissingImports)\n  c:\\x_runner_x\\x_make_github_clones_x\\x_cls_make_github_clones_x.py:41:10 - error: Import \"x_make_common_x\" could not be resolved (reportMissingImports)\n2 errors, 0 warnings, 0 informations",
            "suggested_action": "Investigate",
            "summary": "pyright failed for x_make_github_clones_x (exit 1) cwd: C:\\x_runner_x\\x_make_github_clones_x command: C:\\x_runner_x\\.venv\\Scripts\\python.exe -m pyright . --level error started_at: 2025-10-15T21:27:38.181457+00:00 duration: 1.456s tool_vers\u2026",
            "tool": "pyright",
            "tool_version": "pyright 1.1.406"
        },
        {
            "captured_at": "2025-10-15T21:27:37.395814+00:00",
            "command": "C:\\x_runner_x\\.venv\\Scripts\\python.exe -m ruff check . --select ALL --ignore D,COM812,ISC001,T20 --line-length 88 --target-version py311",
            "detail": {
                "cached": false,
                "cmd": [
                    "C:\\x_runner_x\\.venv\\Scripts\\python.exe",
                    "-m",
                    "ruff",
                    "check",
                    ".",
                    "--select",
                    "ALL",
                    "--ignore",
                    "D,COM812,ISC001,T20",
                    "--line-length",
                    "88",
                    "--target-version",
                    "py311"
                ],
                "cmd_display": "C:\\x_runner_x\\.venv\\Scripts\\python.exe -m ruff check . --select ALL --ignore D,COM812,ISC001,T20 --line-length 88 --target-version py311",
                "cwd": "C:\\x_runner_x\\x_make_github_clones_x",
                "duration_seconds": 0.23814259999926435,
                "ended_at": "2025-10-15T21:27:37.395814+00:00",
                "exit": 1,
                "failed_files": [],
                "files_checked": [
                    "__init__.py",
                    "fastapi/__init__.py",
                    "fastapi/__main__.py",
                    "fastapi/cli.py",
                    "fastapi_cli/__init__.py",
                    "fastapi_cli/cli.py",
                    "tests/__init__.py",
                    "tests/test_make_github_clones.py",
                    "x_cls_make_github_clones_x.py",
                    "x_make_github_clones_x/__init__.py",
                    "x_make_github_clones_x/x_cls_make_github_clones_x.py"
                ],
                "repo": "x_make_github_clones_x",
                "repo_hash": "2d6c60cf5fdda4a1848411a0d611436931f723f8297da78ac72f05ebf2fb2b99",
                "repo_path": "C:\\x_runner_x\\x_make_github_clones_x",
                "started_at": "2025-10-15T21:27:37.157673+00:00",
                "stderr": "",
                "stdout": "EM101 Exception must not use a string literal, assign to variable first\n   --> tests\\test_make_github_clones.py:248:28\n    |\n246 |         **_kwargs: object,\n247 |     ) -> list[RepoRecord]:\n248 |         raise RuntimeError(\"boom\")\n    |                            ^^^^^^\n249 |\n250 |     monkeypatch.setattr(\n    |\nhelp: Assign to variable; remove string literal\n\nPLR2004 Magic value used in comparison, consider replacing `2` with a constant variable\n   --> tests\\test_make_github_clones.py:258:25\n    |\n257 |     exit_code = client.sync()\n258 |     assert exit_code == 2\n    |                         ^\n259 |\n260 |     report_path = client.last_run_report_path\n    |\n\nPLR2004 Magic value used in comparison, consider replacing `2` with a constant variable\n   --> tests\\test_make_github_clones.py:263:36\n    |\n261 |     assert report_path is not None\n262 |     payload = json.loads(report_path.read_text(encoding=\"utf-8\"))\n263 |     assert payload[\"exit_code\"] == 2\n    |                                    ^\n264 |     assert payload[\"summary\"][\"fetch_error\"] == \"boom\"\n265 |     assert payload[\"repos\"] == []\n    |\n\nTC003 Move standard library import `collections.abc.Mapping` into a type-checking block\n  --> x_cls_make_github_clones_x.py:20:29\n   |\n18 | import urllib.request\n19 | import uuid\n20 | from collections.abc import Mapping, MutableMapping\n   |                             ^^^^^^^\n21 | from contextlib import suppress\n22 | from dataclasses import dataclass\n   |\nhelp: Move into type-checking block\n\nTC003 Move standard library import `collections.abc.MutableMapping` into a type-checking block\n  --> x_cls_make_github_clones_x.py:20:38\n   |\n18 | import urllib.request\n19 | import uuid\n20 | from collections.abc import Mapping, MutableMapping\n   |                                      ^^^^^^^^^^^^^^\n21 | from contextlib import suppress\n22 | from dataclasses import dataclass\n   |\nhelp: Move into type-checking block\n\nE501 Line too long (89 > 88)\n  --> x_cls_make_github_clones_x.py:72:89\n   |\n70 |     data.setdefault(\"generated_at\", _fallback_isoformat_timestamp(moment))\n71 |     report_path = reports_dir / resolved_filename\n72 |     report_path.write_text(json.dumps(data, indent=2, sort_keys=False), encoding=\"utf-8\")\n   |                                                                                         ^\n73 |     return report_path\n   |\n\nC901 `sync` is too complex (15 > 10)\n   --> x_cls_make_github_clones_x.py:634:9\n    |\n632 |         )\n633 |\n634 |     def sync(self, username: str | None = None, dest: str | None = None) -> int:\n    |         ^^^^\n635 |         username = username or self.username\n636 |         dest_candidate = dest or self.target_dir or self.DEFAULT_TARGET_DIR\n    |\n\nPLR0912 Too many branches (16 > 12)\n   --> x_cls_make_github_clones_x.py:634:9\n    |\n632 |         )\n633 |\n634 |     def sync(self, username: str | None = None, dest: str | None = None) -> int:\n    |         ^^^^\n635 |         username = username or self.username\n636 |         dest_candidate = dest or self.target_dir or self.DEFAULT_TARGET_DIR\n    |\n\nPLR0915 Too many statements (76 > 50)\n   --> x_cls_make_github_clones_x.py:634:9\n    |\n632 |         )\n633 |\n634 |     def sync(self, username: str | None = None, dest: str | None = None) -> int:\n    |         ^^^^\n635 |         username = username or self.username\n636 |         dest_candidate = dest or self.target_dir or self.DEFAULT_TARGET_DIR\n    |\n\nFound 9 errors.\nNo fixes available (3 hidden fixes can be enabled with the `--unsafe-fixes` option).\n",
                "tool": "ruff_check",
                "tool_module": "ruff",
                "tool_version": "ruff 0.14.0"
            },
            "exit": "exit 1",
            "message": "ruff_check failed for x_make_github_clones_x (exit 1)\ncwd: C:\\x_runner_x\\x_make_github_clones_x\ncommand: C:\\x_runner_x\\.venv\\Scripts\\python.exe -m ruff check . --select ALL --ignore D,COM812,ISC001,T20 --line-length 88 --target-version py311\nstarted_at: 2025-10-15T21:27:37.157673+00:00\nduration: 0.238s\ntool_version: ruff 0.14.0\nstdout:\nEM101 Exception must not use a string literal, assign to variable first\n   --> tests\\test_make_github_clones.py:248:28\n    |\n246 |         **_kwargs: object,\n247 |     ) -> list[RepoRecord]:\n\u2026\nstderr:\n<empty>",
            "repo": "x_make_github_clones_x",
            "repo_path": "C:\\x_runner_x\\x_make_github_clones_x",
            "stderr_preview": null,
            "stdout_preview": "EM101 Exception must not use a string literal, assign to variable first\n   --> tests\\test_make_github_clones.py:248:28\n    |\n246 |         **_kwargs: object,\n247 |     ) -> list[RepoRecord]:\n\u2026",
            "suggested_action": "Investigate",
            "summary": "ruff_check failed for x_make_github_clones_x (exit 1) cwd: C:\\x_runner_x\\x_make_github_clones_x command: C:\\x_runner_x\\.venv\\Scripts\\python.exe -m ruff check . --select ALL --ignore D,COM812,ISC001,T20 --line-length 88 --target-version py3\u2026",
            "tool": "ruff_check",
            "tool_version": "ruff 0.14.0"
        },
        {
            "captured_at": "2025-10-15T21:27:35.577109+00:00",
            "command": "C:\\x_runner_x\\.venv\\Scripts\\python.exe -m ruff check . --fix --select ALL --ignore D,COM812,ISC001,T20 --line-length 88 --target-version py311",
            "detail": {
                "cached": false,
                "cmd": [
                    "C:\\x_runner_x\\.venv\\Scripts\\python.exe",
                    "-m",
                    "ruff",
                    "check",
                    ".",
                    "--fix",
                    "--select",
                    "ALL",
                    "--ignore",
                    "D,COM812,ISC001,T20",
                    "--line-length",
                    "88",
                    "--target-version",
                    "py311"
                ],
                "cmd_display": "C:\\x_runner_x\\.venv\\Scripts\\python.exe -m ruff check . --fix --select ALL --ignore D,COM812,ISC001,T20 --line-length 88 --target-version py311",
                "cwd": "C:\\x_runner_x\\x_make_github_clones_x",
                "duration_seconds": 0.2208431000035489,
                "ended_at": "2025-10-15T21:27:35.577109+00:00",
                "exit": 1,
                "failed_files": [],
                "files_checked": [
                    "__init__.py",
                    "fastapi/__init__.py",
                    "fastapi/__main__.py",
                    "fastapi/cli.py",
                    "fastapi_cli/__init__.py",
                    "fastapi_cli/cli.py",
                    "tests/__init__.py",
                    "tests/test_make_github_clones.py",
                    "x_cls_make_github_clones_x.py",
                    "x_make_github_clones_x/__init__.py",
                    "x_make_github_clones_x/x_cls_make_github_clones_x.py"
                ],
                "repo": "x_make_github_clones_x",
                "repo_hash": "2d6c60cf5fdda4a1848411a0d611436931f723f8297da78ac72f05ebf2fb2b99",
                "repo_path": "C:\\x_runner_x\\x_make_github_clones_x",
                "started_at": "2025-10-15T21:27:35.356266+00:00",
                "stderr": "",
                "stdout": "EM101 Exception must not use a string literal, assign to variable first\n   --> tests\\test_make_github_clones.py:248:28\n    |\n246 |         **_kwargs: object,\n247 |     ) -> list[RepoRecord]:\n248 |         raise RuntimeError(\"boom\")\n    |                            ^^^^^^\n249 |\n250 |     monkeypatch.setattr(\n    |\nhelp: Assign to variable; remove string literal\n\nPLR2004 Magic value used in comparison, consider replacing `2` with a constant variable\n   --> tests\\test_make_github_clones.py:258:25\n    |\n257 |     exit_code = client.sync()\n258 |     assert exit_code == 2\n    |                         ^\n259 |\n260 |     report_path = client.last_run_report_path\n    |\n\nPLR2004 Magic value used in comparison, consider replacing `2` with a constant variable\n   --> tests\\test_make_github_clones.py:263:36\n    |\n261 |     assert report_path is not None\n262 |     payload = json.loads(report_path.read_text(encoding=\"utf-8\"))\n263 |     assert payload[\"exit_code\"] == 2\n    |                                    ^\n264 |     assert payload[\"summary\"][\"fetch_error\"] == \"boom\"\n265 |     assert payload[\"repos\"] == []\n    |\n\nTC003 Move standard library import `collections.abc.Mapping` into a type-checking block\n  --> x_cls_make_github_clones_x.py:20:29\n   |\n18 | import urllib.request\n19 | import uuid\n20 | from collections.abc import Mapping, MutableMapping\n   |                             ^^^^^^^\n21 | from contextlib import suppress\n22 | from dataclasses import dataclass\n   |\nhelp: Move into type-checking block\n\nTC003 Move standard library import `collections.abc.MutableMapping` into a type-checking block\n  --> x_cls_make_github_clones_x.py:20:38\n   |\n18 | import urllib.request\n19 | import uuid\n20 | from collections.abc import Mapping, MutableMapping\n   |                                      ^^^^^^^^^^^^^^\n21 | from contextlib import suppress\n22 | from dataclasses import dataclass\n   |\nhelp: Move into type-checking block\n\nE501 Line too long (89 > 88)\n  --> x_cls_make_github_clones_x.py:72:89\n   |\n70 |     data.setdefault(\"generated_at\", _fallback_isoformat_timestamp(moment))\n71 |     report_path = reports_dir / resolved_filename\n72 |     report_path.write_text(json.dumps(data, indent=2, sort_keys=False), encoding=\"utf-8\")\n   |                                                                                         ^\n73 |     return report_path\n   |\n\nC901 `sync` is too complex (15 > 10)\n   --> x_cls_make_github_clones_x.py:634:9\n    |\n632 |         )\n633 |\n634 |     def sync(self, username: str | None = None, dest: str | None = None) -> int:\n    |         ^^^^\n635 |         username = username or self.username\n636 |         dest_candidate = dest or self.target_dir or self.DEFAULT_TARGET_DIR\n    |\n\nPLR0912 Too many branches (16 > 12)\n   --> x_cls_make_github_clones_x.py:634:9\n    |\n632 |         )\n633 |\n634 |     def sync(self, username: str | None = None, dest: str | None = None) -> int:\n    |         ^^^^\n635 |         username = username or self.username\n636 |         dest_candidate = dest or self.target_dir or self.DEFAULT_TARGET_DIR\n    |\n\nPLR0915 Too many statements (76 > 50)\n   --> x_cls_make_github_clones_x.py:634:9\n    |\n632 |         )\n633 |\n634 |     def sync(self, username: str | None = None, dest: str | None = None) -> int:\n    |         ^^^^\n635 |         username = username or self.username\n636 |         dest_candidate = dest or self.target_dir or self.DEFAULT_TARGET_DIR\n    |\n\nFound 9 errors.\nNo fixes available (3 hidden fixes can be enabled with the `--unsafe-fixes` option).\n",
                "tool": "ruff_fix",
                "tool_module": "ruff",
                "tool_version": "ruff 0.14.0"
            },
            "exit": "exit 1",
            "message": "ruff_fix failed for x_make_github_clones_x (exit 1)\ncwd: C:\\x_runner_x\\x_make_github_clones_x\ncommand: C:\\x_runner_x\\.venv\\Scripts\\python.exe -m ruff check . --fix --select ALL --ignore D,COM812,ISC001,T20 --line-length 88 --target-version py311\nstarted_at: 2025-10-15T21:27:35.356266+00:00\nduration: 0.221s\ntool_version: ruff 0.14.0\nstdout:\nEM101 Exception must not use a string literal, assign to variable first\n   --> tests\\test_make_github_clones.py:248:28\n    |\n246 |         **_kwargs: object,\n247 |     ) -> list[RepoRecord]:\n\u2026\nstderr:\n<empty>",
            "repo": "x_make_github_clones_x",
            "repo_path": "C:\\x_runner_x\\x_make_github_clones_x",
            "stderr_preview": null,
            "stdout_preview": "EM101 Exception must not use a string literal, assign to variable first\n   --> tests\\test_make_github_clones.py:248:28\n    |\n246 |         **_kwargs: object,\n247 |     ) -> list[RepoRecord]:\n\u2026",
            "suggested_action": "Investigate",
            "summary": "ruff_fix failed for x_make_github_clones_x (exit 1) cwd: C:\\x_runner_x\\x_make_github_clones_x command: C:\\x_runner_x\\.venv\\Scripts\\python.exe -m ruff check . --fix --select ALL --ignore D,COM812,ISC001,T20 --line-length 88 --target-version\u2026",
            "tool": "ruff_fix",
            "tool_version": "ruff 0.14.0"
        },
        {
            "captured_at": "2025-10-15T21:27:43.865811+00:00",
            "command": "C:\\x_runner_x\\.venv\\Scripts\\python.exe -m black . --line-length 88 --target-version py311 --check --diff",
            "detail": {
                "cached": false,
                "cmd": [
                    "C:\\x_runner_x\\.venv\\Scripts\\python.exe",
                    "-m",
                    "black",
                    ".",
                    "--line-length",
                    "88",
                    "--target-version",
                    "py311",
                    "--check",
                    "--diff"
                ],
                "cmd_display": "C:\\x_runner_x\\.venv\\Scripts\\python.exe -m black . --line-length 88 --target-version py311 --check --diff",
                "cwd": "C:\\x_runner_x\\x_make_github_visitor_x",
                "duration_seconds": 2.3973561999955564,
                "ended_at": "2025-10-15T21:27:43.865811+00:00",
                "exit": 1,
                "failed_files": [],
                "files_checked": [
                    "__init__.py",
                    "inspection_flow.py",
                    "run_external.py",
                    "run_visitor_no_cache.py",
                    "runner.py",
                    "tests/__init__.py",
                    "tests/test_github_visitor.py",
                    "x_cls_make_github_visitor_x.py"
                ],
                "repo": "x_make_github_visitor_x",
                "repo_hash": "1613b2339e18aa440f1c7c433a4280df315674f473b7cc3d830ebe06a2bee378",
                "repo_path": "C:\\x_runner_x\\x_make_github_visitor_x",
                "started_at": "2025-10-15T21:27:41.468456+00:00",
                "stderr": "would reformat C:\\x_runner_x\\x_make_github_visitor_x\\x_cls_make_github_visitor_x.py\nwould reformat C:\\x_runner_x\\x_make_github_visitor_x\\runner.py\n\nOh no! \\U0001f4a5 \\U0001f494 \\U0001f4a5\n2 files would be reformatted, 6 files would be left unchanged.\n",
                "stdout": "--- C:\\x_runner_x\\x_make_github_visitor_x\\x_cls_make_github_visitor_x.py\t2025-10-15 21:27:01.967690+00:00\n+++ C:\\x_runner_x\\x_make_github_visitor_x\\x_cls_make_github_visitor_x.py\t2025-10-15 21:27:43.357617+00:00\n@@ -690,13 +690,11 @@\n         return details\n \n     def _emit_tool_event(self, payload: _ToolEventPayload) -> None:\n         duration_ms = self._event_duration_ms(payload.result)\n         files_checked = self._collect_files_checked(payload)\n-        failure_entries, failed_files_for_event = self._collect_failure_entries(\n-            payload\n-        )\n+        failure_entries, failed_files_for_event = self._collect_failure_entries(payload)\n         files_for_event = self._resolve_files_for_event(\n             status=payload.status,\n             files_checked=files_checked,\n             failed_files=failed_files_for_event,\n         )\n--- C:\\x_runner_x\\x_make_github_visitor_x\\runner.py\t2025-10-15 19:15:48.204193+00:00\n+++ C:\\x_runner_x\\x_make_github_visitor_x\\runner.py\t2025-10-15 21:27:43.374366+00:00\n@@ -690,13 +690,11 @@\n         return details\n \n     def _emit_tool_event(self, payload: _ToolEventPayload) -> None:\n         duration_ms = self._event_duration_ms(payload.result)\n         files_checked = self._collect_files_checked(payload)\n-        failure_entries, failed_files_for_event = self._collect_failure_entries(\n-            payload\n-        )\n+        failure_entries, failed_files_for_event = self._collect_failure_entries(payload)\n         files_for_event = self._resolve_files_for_event(\n             status=payload.status,\n             files_checked=files_checked,\n             failed_files=failed_files_for_event,\n         )\n",
                "tool": "black",
                "tool_module": "black",
                "tool_version": "python -m black, 25.9.0 (compiled: yes)\nPython (CPython) 3.13.7"
            },
            "exit": "exit 1",
            "message": "black failed for x_make_github_visitor_x (exit 1)\ncwd: C:\\x_runner_x\\x_make_github_visitor_x\ncommand: C:\\x_runner_x\\.venv\\Scripts\\python.exe -m black . --line-length 88 --target-version py311 --check --diff\nstarted_at: 2025-10-15T21:27:41.468456+00:00\nduration: 2.397s\ntool_version: python -m black, 25.9.0 (compiled: yes)\nPython (CPython) 3.13.7\nstdout:\n--- C:\\x_runner_x\\x_make_github_visitor_x\\x_cls_make_github_visitor_x.py\t2025-10-15 21:27:01.967690+00:00\n+++ C:\\x_runner_x\\x_make_github_visitor_x\\x_cls_make_github_visitor_x.py\t2025-10-15 21:27:43.357617+00:00\n@@ -690,13 +690,11 @@\n         return details\n \n\u2026\nstderr:\nwould reformat C:\\x_runner_x\\x_make_github_visitor_x\\x_cls_make_github_visitor_x.py\nwould reformat C:\\x_runner_x\\x_make_github_visitor_x\\runner.py\n\nOh no! \\U0001f4a5 \\U0001f494 \\U0001f4a5\n2 files would be reformatted, 6 files would be left unchanged.",
            "repo": "x_make_github_visitor_x",
            "repo_path": "C:\\x_runner_x\\x_make_github_visitor_x",
            "stderr_preview": "would reformat C:\\x_runner_x\\x_make_github_visitor_x\\x_cls_make_github_visitor_x.py\nwould reformat C:\\x_runner_x\\x_make_github_visitor_x\\runner.py\n\nOh no! \\U0001f4a5 \\U0001f494 \\U0001f4a5\n2 files would be reformatted, 6 files would be left unchanged.",
            "stdout_preview": "--- C:\\x_runner_x\\x_make_github_visitor_x\\x_cls_make_github_visitor_x.py\t2025-10-15 21:27:01.967690+00:00\n+++ C:\\x_runner_x\\x_make_github_visitor_x\\x_cls_make_github_visitor_x.py\t2025-10-15 21:27:43.357617+00:00\n@@ -690,13 +690,11 @@\n         return details\n \n\u2026",
            "suggested_action": "Investigate",
            "summary": "black failed for x_make_github_visitor_x (exit 1) cwd: C:\\x_runner_x\\x_make_github_visitor_x command: C:\\x_runner_x\\.venv\\Scripts\\python.exe -m black . --line-length 88 --target-version py311 --check --diff started_at: 2025-10-15T21:27:41.\u2026",
            "tool": "black",
            "tool_version": "python -m black, 25.9.0 (compiled: yes)\nPython (CPython) 3.13.7"
        },
        {
            "captured_at": "2025-10-15T21:27:44.778882+00:00",
            "command": "C:\\x_runner_x\\.venv\\Scripts\\python.exe -m mypy . --strict --no-warn-unused-configs --show-error-codes --warn-return-any --warn-unreachable --disallow-any-unimported --disallow-any-expr --disallow-any-decorated --disallow-any-explicit",
            "detail": {
                "cached": false,
                "cmd": [
                    "C:\\x_runner_x\\.venv\\Scripts\\python.exe",
                    "-m",
                    "mypy",
                    ".",
                    "--strict",
                    "--no-warn-unused-configs",
                    "--show-error-codes",
                    "--warn-return-any",
                    "--warn-unreachable",
                    "--disallow-any-unimported",
                    "--disallow-any-expr",
                    "--disallow-any-decorated",
                    "--disallow-any-explicit"
                ],
                "cmd_display": "C:\\x_runner_x\\.venv\\Scripts\\python.exe -m mypy . --strict --no-warn-unused-configs --show-error-codes --warn-return-any --warn-unreachable --disallow-any-unimported --disallow-any-expr --disallow-any-decorated --disallow-any-explicit",
                "cwd": "C:\\x_runner_x\\x_make_github_visitor_x",
                "duration_seconds": 0.695443200005684,
                "ended_at": "2025-10-15T21:27:44.778882+00:00",
                "exit": 1,
                "failed_files": [],
                "files_checked": [
                    "__init__.py",
                    "inspection_flow.py",
                    "run_external.py",
                    "run_visitor_no_cache.py",
                    "runner.py",
                    "tests/__init__.py",
                    "tests/test_github_visitor.py",
                    "x_cls_make_github_visitor_x.py"
                ],
                "repo": "x_make_github_visitor_x",
                "repo_hash": "1613b2339e18aa440f1c7c433a4280df315674f473b7cc3d830ebe06a2bee378",
                "repo_path": "C:\\x_runner_x\\x_make_github_visitor_x",
                "started_at": "2025-10-15T21:27:44.083443+00:00",
                "stderr": "",
                "stdout": "x_cls_make_github_visitor_x.py:661: error: Expression type contains \"Any\" (has type \"dict[str, Any | None]\")  [misc]\nrunner.py:661: error: Expression type contains \"Any\" (has type \"dict[str, Any | None]\")  [misc]\nFound 2 errors in 2 files (checked 8 source files)\n",
                "tool": "mypy",
                "tool_module": "mypy",
                "tool_version": "mypy 1.18.2 (compiled: yes)"
            },
            "exit": "exit 1",
            "message": "mypy failed for x_make_github_visitor_x (exit 1)\ncwd: C:\\x_runner_x\\x_make_github_visitor_x\ncommand: C:\\x_runner_x\\.venv\\Scripts\\python.exe -m mypy . --strict --no-warn-unused-configs --show-error-codes --warn-return-any --warn-unreachable --disallow-any-unimported --disallow-any-expr --disallow-any-decorated --disallow-any-explicit\nstarted_at: 2025-10-15T21:27:44.083443+00:00\nduration: 0.695s\ntool_version: mypy 1.18.2 (compiled: yes)\nstdout:\nx_cls_make_github_visitor_x.py:661: error: Expression type contains \"Any\" (has type \"dict[str, Any | None]\")  [misc]\nrunner.py:661: error: Expression type contains \"Any\" (has type \"dict[str, Any | None]\")  [misc]\nFound 2 errors in 2 files (checked 8 source files)\nstderr:\n<empty>",
            "repo": "x_make_github_visitor_x",
            "repo_path": "C:\\x_runner_x\\x_make_github_visitor_x",
            "stderr_preview": null,
            "stdout_preview": "x_cls_make_github_visitor_x.py:661: error: Expression type contains \"Any\" (has type \"dict[str, Any | None]\")  [misc]\nrunner.py:661: error: Expression type contains \"Any\" (has type \"dict[str, Any | None]\")  [misc]\nFound 2 errors in 2 files (checked 8 source files)",
            "suggested_action": "Investigate",
            "summary": "mypy failed for x_make_github_visitor_x (exit 1) cwd: C:\\x_runner_x\\x_make_github_visitor_x command: C:\\x_runner_x\\.venv\\Scripts\\python.exe -m mypy . --strict --no-warn-unused-configs --show-error-codes --warn-return-any --warn-unreachable\u2026",
            "tool": "mypy",
            "tool_version": "mypy 1.18.2 (compiled: yes)"
        },
        {
            "captured_at": "2025-10-15T21:27:52.122030+00:00",
            "command": "C:\\x_runner_x\\.venv\\Scripts\\python.exe -m pyright . --level error",
            "detail": {
                "cached": false,
                "cmd": [
                    "C:\\x_runner_x\\.venv\\Scripts\\python.exe",
                    "-m",
                    "pyright",
                    ".",
                    "--level",
                    "error"
                ],
                "cmd_display": "C:\\x_runner_x\\.venv\\Scripts\\python.exe -m pyright . --level error",
                "cwd": "C:\\x_runner_x\\x_make_graphviz_x",
                "duration_seconds": 1.117120499999146,
                "ended_at": "2025-10-15T21:27:52.122030+00:00",
                "exit": 1,
                "failed_files": [],
                "files_checked": [
                    "tests/__init__.py",
                    "tests/test_graphviz_builder.py",
                    "x_cls_make_graphviz_x.py"
                ],
                "repo": "x_make_graphviz_x",
                "repo_hash": "a9a6fa70b9d01bd06b8ad4902651c6dff975c2bd0b892e2134d7a63f04d09726",
                "repo_path": "C:\\x_runner_x\\x_make_graphviz_x",
                "started_at": "2025-10-15T21:27:51.004910+00:00",
                "stderr": "",
                "stdout": "c:\\x_runner_x\\x_make_graphviz_x\\x_cls_make_graphviz_x.py\n  c:\\x_runner_x\\x_make_graphviz_x\\x_cls_make_graphviz_x.py:19:6 - error: Import \"x_make_common_x.exporters\" could not be resolved (reportMissingImports)\n1 error, 0 warnings, 0 informations\n",
                "tool": "pyright",
                "tool_module": "pyright",
                "tool_version": "pyright 1.1.406"
            },
            "exit": "exit 1",
            "message": "pyright failed for x_make_graphviz_x (exit 1)\ncwd: C:\\x_runner_x\\x_make_graphviz_x\ncommand: C:\\x_runner_x\\.venv\\Scripts\\python.exe -m pyright . --level error\nstarted_at: 2025-10-15T21:27:51.004910+00:00\nduration: 1.117s\ntool_version: pyright 1.1.406\nstdout:\nc:\\x_runner_x\\x_make_graphviz_x\\x_cls_make_graphviz_x.py\n  c:\\x_runner_x\\x_make_graphviz_x\\x_cls_make_graphviz_x.py:19:6 - error: Import \"x_make_common_x.exporters\" could not be resolved (reportMissingImports)\n1 error, 0 warnings, 0 informations\nstderr:\n<empty>",
            "repo": "x_make_graphviz_x",
            "repo_path": "C:\\x_runner_x\\x_make_graphviz_x",
            "stderr_preview": null,
            "stdout_preview": "c:\\x_runner_x\\x_make_graphviz_x\\x_cls_make_graphviz_x.py\n  c:\\x_runner_x\\x_make_graphviz_x\\x_cls_make_graphviz_x.py:19:6 - error: Import \"x_make_common_x.exporters\" could not be resolved (reportMissingImports)\n1 error, 0 warnings, 0 informations",
            "suggested_action": "Investigate",
            "summary": "pyright failed for x_make_graphviz_x (exit 1) cwd: C:\\x_runner_x\\x_make_graphviz_x command: C:\\x_runner_x\\.venv\\Scripts\\python.exe -m pyright . --level error started_at: 2025-10-15T21:27:51.004910+00:00 duration: 1.117s tool_version: pyrig\u2026",
            "tool": "pyright",
            "tool_version": "pyright 1.1.406"
        },
        {
            "captured_at": "2025-10-15T21:27:50.300328+00:00",
            "command": "C:\\x_runner_x\\.venv\\Scripts\\python.exe -m ruff check . --select ALL --ignore D,COM812,ISC001,T20 --line-length 88 --target-version py311",
            "detail": {
                "cached": false,
                "cmd": [
                    "C:\\x_runner_x\\.venv\\Scripts\\python.exe",
                    "-m",
                    "ruff",
                    "check",
                    ".",
                    "--select",
                    "ALL",
                    "--ignore",
                    "D,COM812,ISC001,T20",
                    "--line-length",
                    "88",
                    "--target-version",
                    "py311"
                ],
                "cmd_display": "C:\\x_runner_x\\.venv\\Scripts\\python.exe -m ruff check . --select ALL --ignore D,COM812,ISC001,T20 --line-length 88 --target-version py311",
                "cwd": "C:\\x_runner_x\\x_make_graphviz_x",
                "duration_seconds": 0.21518129999458324,
                "ended_at": "2025-10-15T21:27:50.300328+00:00",
                "exit": 1,
                "failed_files": [],
                "files_checked": [
                    "tests/__init__.py",
                    "tests/test_graphviz_builder.py",
                    "x_cls_make_graphviz_x.py"
                ],
                "repo": "x_make_graphviz_x",
                "repo_hash": "a9a6fa70b9d01bd06b8ad4902651c6dff975c2bd0b892e2134d7a63f04d09726",
                "repo_path": "C:\\x_runner_x\\x_make_graphviz_x",
                "started_at": "2025-10-15T21:27:50.085147+00:00",
                "stderr": "",
                "stdout": "TC003 Move standard library import `collections.abc.Sequence` into a type-checking block\n  --> tests\\test_graphviz_builder.py:8:29\n   |\n 7 | import importlib\n 8 | from collections.abc import Sequence\n   |                             ^^^^^^^^\n 9 | from pathlib import Path\n10 | from subprocess import CompletedProcess\n   |\nhelp: Move into type-checking block\n\nPT018 Assertion should be broken down into multiple parts\n  --> tests\\test_graphviz_builder.py:55:5\n   |\n53 |     assert builder.get_last_export_result() is not None\n54 |     last = builder.get_last_export_result()\n55 |     assert last and last.succeeded is False\n   |     ^^^^^^^^^^^^^^^^^^^^^^^^^^^^^^^^^^^^^^^\n   |\nhelp: Break down assertion into multiple parts\n\nPT018 Assertion should be broken down into multiple parts\n  --> tests\\test_graphviz_builder.py:77:5\n   |\n75 |     assert svg_path.exists()\n76 |     last = builder.get_last_export_result()\n77 |     assert last and last.succeeded is True\n   |     ^^^^^^^^^^^^^^^^^^^^^^^^^^^^^^^^^^^^^^\n   |\nhelp: Break down assertion into multiple parts\n\nFound 3 errors.\nNo fixes available (3 hidden fixes can be enabled with the `--unsafe-fixes` option).\n",
                "tool": "ruff_check",
                "tool_module": "ruff",
                "tool_version": "ruff 0.14.0"
            },
            "exit": "exit 1",
            "message": "ruff_check failed for x_make_graphviz_x (exit 1)\ncwd: C:\\x_runner_x\\x_make_graphviz_x\ncommand: C:\\x_runner_x\\.venv\\Scripts\\python.exe -m ruff check . --select ALL --ignore D,COM812,ISC001,T20 --line-length 88 --target-version py311\nstarted_at: 2025-10-15T21:27:50.085147+00:00\nduration: 0.215s\ntool_version: ruff 0.14.0\nstdout:\nTC003 Move standard library import `collections.abc.Sequence` into a type-checking block\n  --> tests\\test_graphviz_builder.py:8:29\n   |\n 7 | import importlib\n 8 | from collections.abc import Sequence\n\u2026\nstderr:\n<empty>",
            "repo": "x_make_graphviz_x",
            "repo_path": "C:\\x_runner_x\\x_make_graphviz_x",
            "stderr_preview": null,
            "stdout_preview": "TC003 Move standard library import `collections.abc.Sequence` into a type-checking block\n  --> tests\\test_graphviz_builder.py:8:29\n   |\n 7 | import importlib\n 8 | from collections.abc import Sequence\n\u2026",
            "suggested_action": "Investigate",
            "summary": "ruff_check failed for x_make_graphviz_x (exit 1) cwd: C:\\x_runner_x\\x_make_graphviz_x command: C:\\x_runner_x\\.venv\\Scripts\\python.exe -m ruff check . --select ALL --ignore D,COM812,ISC001,T20 --line-length 88 --target-version py311 started\u2026",
            "tool": "ruff_check",
            "tool_version": "ruff 0.14.0"
        },
        {
            "captured_at": "2025-10-15T21:27:49.208056+00:00",
            "command": "C:\\x_runner_x\\.venv\\Scripts\\python.exe -m ruff check . --fix --select ALL --ignore D,COM812,ISC001,T20 --line-length 88 --target-version py311",
            "detail": {
                "cached": false,
                "cmd": [
                    "C:\\x_runner_x\\.venv\\Scripts\\python.exe",
                    "-m",
                    "ruff",
                    "check",
                    ".",
                    "--fix",
                    "--select",
                    "ALL",
                    "--ignore",
                    "D,COM812,ISC001,T20",
                    "--line-length",
                    "88",
                    "--target-version",
                    "py311"
                ],
                "cmd_display": "C:\\x_runner_x\\.venv\\Scripts\\python.exe -m ruff check . --fix --select ALL --ignore D,COM812,ISC001,T20 --line-length 88 --target-version py311",
                "cwd": "C:\\x_runner_x\\x_make_graphviz_x",
                "duration_seconds": 0.211256599999615,
                "ended_at": "2025-10-15T21:27:49.208056+00:00",
                "exit": 1,
                "failed_files": [],
                "files_checked": [
                    "tests/__init__.py",
                    "tests/test_graphviz_builder.py",
                    "x_cls_make_graphviz_x.py"
                ],
                "repo": "x_make_graphviz_x",
                "repo_hash": "a9a6fa70b9d01bd06b8ad4902651c6dff975c2bd0b892e2134d7a63f04d09726",
                "repo_path": "C:\\x_runner_x\\x_make_graphviz_x",
                "started_at": "2025-10-15T21:27:48.996800+00:00",
                "stderr": "",
                "stdout": "TC003 Move standard library import `collections.abc.Sequence` into a type-checking block\n  --> tests\\test_graphviz_builder.py:8:29\n   |\n 7 | import importlib\n 8 | from collections.abc import Sequence\n   |                             ^^^^^^^^\n 9 | from pathlib import Path\n10 | from subprocess import CompletedProcess\n   |\nhelp: Move into type-checking block\n\nPT018 Assertion should be broken down into multiple parts\n  --> tests\\test_graphviz_builder.py:55:5\n   |\n53 |     assert builder.get_last_export_result() is not None\n54 |     last = builder.get_last_export_result()\n55 |     assert last and last.succeeded is False\n   |     ^^^^^^^^^^^^^^^^^^^^^^^^^^^^^^^^^^^^^^^\n   |\nhelp: Break down assertion into multiple parts\n\nPT018 Assertion should be broken down into multiple parts\n  --> tests\\test_graphviz_builder.py:77:5\n   |\n75 |     assert svg_path.exists()\n76 |     last = builder.get_last_export_result()\n77 |     assert last and last.succeeded is True\n   |     ^^^^^^^^^^^^^^^^^^^^^^^^^^^^^^^^^^^^^^\n   |\nhelp: Break down assertion into multiple parts\n\nFound 3 errors.\nNo fixes available (3 hidden fixes can be enabled with the `--unsafe-fixes` option).\n",
                "tool": "ruff_fix",
                "tool_module": "ruff",
                "tool_version": "ruff 0.14.0"
            },
            "exit": "exit 1",
            "message": "ruff_fix failed for x_make_graphviz_x (exit 1)\ncwd: C:\\x_runner_x\\x_make_graphviz_x\ncommand: C:\\x_runner_x\\.venv\\Scripts\\python.exe -m ruff check . --fix --select ALL --ignore D,COM812,ISC001,T20 --line-length 88 --target-version py311\nstarted_at: 2025-10-15T21:27:48.996800+00:00\nduration: 0.211s\ntool_version: ruff 0.14.0\nstdout:\nTC003 Move standard library import `collections.abc.Sequence` into a type-checking block\n  --> tests\\test_graphviz_builder.py:8:29\n   |\n 7 | import importlib\n 8 | from collections.abc import Sequence\n\u2026\nstderr:\n<empty>",
            "repo": "x_make_graphviz_x",
            "repo_path": "C:\\x_runner_x\\x_make_graphviz_x",
            "stderr_preview": null,
            "stdout_preview": "TC003 Move standard library import `collections.abc.Sequence` into a type-checking block\n  --> tests\\test_graphviz_builder.py:8:29\n   |\n 7 | import importlib\n 8 | from collections.abc import Sequence\n\u2026",
            "suggested_action": "Investigate",
            "summary": "ruff_fix failed for x_make_graphviz_x (exit 1) cwd: C:\\x_runner_x\\x_make_graphviz_x command: C:\\x_runner_x\\.venv\\Scripts\\python.exe -m ruff check . --fix --select ALL --ignore D,COM812,ISC001,T20 --line-length 88 --target-version py311 sta\u2026",
            "tool": "ruff_fix",
            "tool_version": "ruff 0.14.0"
        },
        {
            "captured_at": "2025-10-15T21:27:55.118000+00:00",
            "command": "C:\\x_runner_x\\.venv\\Scripts\\python.exe -m black . --line-length 88 --target-version py311 --check --diff",
            "detail": {
                "cached": false,
                "cmd": [
                    "C:\\x_runner_x\\.venv\\Scripts\\python.exe",
                    "-m",
                    "black",
                    ".",
                    "--line-length",
                    "88",
                    "--target-version",
                    "py311",
                    "--check",
                    "--diff"
                ],
                "cmd_display": "C:\\x_runner_x\\.venv\\Scripts\\python.exe -m black . --line-length 88 --target-version py311 --check --diff",
                "cwd": "C:\\x_runner_x\\x_make_markdown_x",
                "duration_seconds": 1.0708731999984593,
                "ended_at": "2025-10-15T21:27:55.118000+00:00",
                "exit": 1,
                "failed_files": [],
                "files_checked": [
                    "__init__.py",
                    "tests/__init__.py",
                    "tests/test_markdown_builder.py",
                    "x_cls_make_markdown_x.py"
                ],
                "repo": "x_make_markdown_x",
                "repo_hash": "b4ac6e0f9365eecaf06b5a37d2e83be3efba50b86a2c34f4506a530d19f2dbde",
                "repo_path": "C:\\x_runner_x\\x_make_markdown_x",
                "started_at": "2025-10-15T21:27:54.047129+00:00",
                "stderr": "would reformat C:\\x_runner_x\\x_make_markdown_x\\tests\\test_markdown_builder.py\n\nOh no! \\U0001f4a5 \\U0001f494 \\U0001f4a5\n1 file would be reformatted, 3 files would be left unchanged.\n",
                "stdout": "--- C:\\x_runner_x\\x_make_markdown_x\\tests\\test_markdown_builder.py\t2025-10-15 19:15:51.160943+00:00\n+++ C:\\x_runner_x\\x_make_markdown_x\\tests\\test_markdown_builder.py\t2025-10-15 21:27:54.935918+00:00\n@@ -71,10 +71,11 @@\n     monkeypatch.setattr(exporters, \"_resolve_binary\", _no_binary)\n \n     with pytest.raises(RuntimeError, match=\"binary not found\"):\n         builder.to_pdf(\"<html></html>\", str(tmp_path / \"out.pdf\"))\n \n+\n def test_to_pdf_invokes_shared_exporter(tmp_path: Path) -> None:\n     wkhtmltopdf = tmp_path / \"wkhtmltopdf.exe\"\n     wkhtmltopdf.write_text(\"binary\", encoding=\"utf-8\")\n \n     captured: dict[str, Sequence[str]] = {}\n",
                "tool": "black",
                "tool_module": "black",
                "tool_version": "python -m black, 25.9.0 (compiled: yes)\nPython (CPython) 3.13.7"
            },
            "exit": "exit 1",
            "message": "black failed for x_make_markdown_x (exit 1)\ncwd: C:\\x_runner_x\\x_make_markdown_x\ncommand: C:\\x_runner_x\\.venv\\Scripts\\python.exe -m black . --line-length 88 --target-version py311 --check --diff\nstarted_at: 2025-10-15T21:27:54.047129+00:00\nduration: 1.071s\ntool_version: python -m black, 25.9.0 (compiled: yes)\nPython (CPython) 3.13.7\nstdout:\n--- C:\\x_runner_x\\x_make_markdown_x\\tests\\test_markdown_builder.py\t2025-10-15 19:15:51.160943+00:00\n+++ C:\\x_runner_x\\x_make_markdown_x\\tests\\test_markdown_builder.py\t2025-10-15 21:27:54.935918+00:00\n@@ -71,10 +71,11 @@\n     monkeypatch.setattr(exporters, \"_resolve_binary\", _no_binary)\n \n\u2026\nstderr:\nwould reformat C:\\x_runner_x\\x_make_markdown_x\\tests\\test_markdown_builder.py\n\nOh no! \\U0001f4a5 \\U0001f494 \\U0001f4a5\n1 file would be reformatted, 3 files would be left unchanged.",
            "repo": "x_make_markdown_x",
            "repo_path": "C:\\x_runner_x\\x_make_markdown_x",
            "stderr_preview": "would reformat C:\\x_runner_x\\x_make_markdown_x\\tests\\test_markdown_builder.py\n\nOh no! \\U0001f4a5 \\U0001f494 \\U0001f4a5\n1 file would be reformatted, 3 files would be left unchanged.",
            "stdout_preview": "--- C:\\x_runner_x\\x_make_markdown_x\\tests\\test_markdown_builder.py\t2025-10-15 19:15:51.160943+00:00\n+++ C:\\x_runner_x\\x_make_markdown_x\\tests\\test_markdown_builder.py\t2025-10-15 21:27:54.935918+00:00\n@@ -71,10 +71,11 @@\n     monkeypatch.setattr(exporters, \"_resolve_binary\", _no_binary)\n \n\u2026",
            "suggested_action": "Investigate",
            "summary": "black failed for x_make_markdown_x (exit 1) cwd: C:\\x_runner_x\\x_make_markdown_x command: C:\\x_runner_x\\.venv\\Scripts\\python.exe -m black . --line-length 88 --target-version py311 --check --diff started_at: 2025-10-15T21:27:54.047129+00:00\u2026",
            "tool": "black",
            "tool_version": "python -m black, 25.9.0 (compiled: yes)\nPython (CPython) 3.13.7"
        },
        {
            "captured_at": "2025-10-15T21:27:55.361722+00:00",
            "command": "C:\\x_runner_x\\.venv\\Scripts\\python.exe -m ruff check . --select ALL --ignore D,COM812,ISC001,T20 --line-length 88 --target-version py311",
            "detail": {
                "cached": false,
                "cmd": [
                    "C:\\x_runner_x\\.venv\\Scripts\\python.exe",
                    "-m",
                    "ruff",
                    "check",
                    ".",
                    "--select",
                    "ALL",
                    "--ignore",
                    "D,COM812,ISC001,T20",
                    "--line-length",
                    "88",
                    "--target-version",
                    "py311"
                ],
                "cmd_display": "C:\\x_runner_x\\.venv\\Scripts\\python.exe -m ruff check . --select ALL --ignore D,COM812,ISC001,T20 --line-length 88 --target-version py311",
                "cwd": "C:\\x_runner_x\\x_make_markdown_x",
                "duration_seconds": 0.24002440000185743,
                "ended_at": "2025-10-15T21:27:55.361722+00:00",
                "exit": 1,
                "failed_files": [],
                "files_checked": [
                    "__init__.py",
                    "tests/__init__.py",
                    "tests/test_markdown_builder.py",
                    "x_cls_make_markdown_x.py"
                ],
                "repo": "x_make_markdown_x",
                "repo_hash": "b4ac6e0f9365eecaf06b5a37d2e83be3efba50b86a2c34f4506a530d19f2dbde",
                "repo_path": "C:\\x_runner_x\\x_make_markdown_x",
                "started_at": "2025-10-15T21:27:55.121698+00:00",
                "stderr": "",
                "stdout": "TC003 Move standard library import `collections.abc.Sequence` into a type-checking block\n  --> tests\\test_markdown_builder.py:8:29\n   |\n 7 | import importlib\n 8 | from collections.abc import Sequence\n   |                             ^^^^^^^^\n 9 | from pathlib import Path\n10 | from subprocess import CompletedProcess\n   |\nhelp: Move into type-checking block\n\nPT018 Assertion should be broken down into multiple parts\n  --> tests\\test_markdown_builder.py:98:5\n   |\n96 |     assert builder.get_last_export_result() is not None\n97 |     last_result = builder.get_last_export_result()\n98 |     assert last_result and last_result.succeeded is True\n   |     ^^^^^^^^^^^^^^^^^^^^^^^^^^^^^^^^^^^^^^^^^^^^^^^^^^^^\n99 |     assert captured[\"command\"][-1].endswith(\"out.pdf\")\n   |\nhelp: Break down assertion into multiple parts\n\nFound 2 errors.\nNo fixes available (2 hidden fixes can be enabled with the `--unsafe-fixes` option).\n",
                "tool": "ruff_check",
                "tool_module": "ruff",
                "tool_version": "ruff 0.14.0"
            },
            "exit": "exit 1",
            "message": "ruff_check failed for x_make_markdown_x (exit 1)\ncwd: C:\\x_runner_x\\x_make_markdown_x\ncommand: C:\\x_runner_x\\.venv\\Scripts\\python.exe -m ruff check . --select ALL --ignore D,COM812,ISC001,T20 --line-length 88 --target-version py311\nstarted_at: 2025-10-15T21:27:55.121698+00:00\nduration: 0.240s\ntool_version: ruff 0.14.0\nstdout:\nTC003 Move standard library import `collections.abc.Sequence` into a type-checking block\n  --> tests\\test_markdown_builder.py:8:29\n   |\n 7 | import importlib\n 8 | from collections.abc import Sequence\n\u2026\nstderr:\n<empty>",
            "repo": "x_make_markdown_x",
            "repo_path": "C:\\x_runner_x\\x_make_markdown_x",
            "stderr_preview": null,
            "stdout_preview": "TC003 Move standard library import `collections.abc.Sequence` into a type-checking block\n  --> tests\\test_markdown_builder.py:8:29\n   |\n 7 | import importlib\n 8 | from collections.abc import Sequence\n\u2026",
            "suggested_action": "Investigate",
            "summary": "ruff_check failed for x_make_markdown_x (exit 1) cwd: C:\\x_runner_x\\x_make_markdown_x command: C:\\x_runner_x\\.venv\\Scripts\\python.exe -m ruff check . --select ALL --ignore D,COM812,ISC001,T20 --line-length 88 --target-version py311 started\u2026",
            "tool": "ruff_check",
            "tool_version": "ruff 0.14.0"
        },
        {
            "captured_at": "2025-10-15T21:27:54.044348+00:00",
            "command": "C:\\x_runner_x\\.venv\\Scripts\\python.exe -m ruff check . --fix --select ALL --ignore D,COM812,ISC001,T20 --line-length 88 --target-version py311",
            "detail": {
                "cached": false,
                "cmd": [
                    "C:\\x_runner_x\\.venv\\Scripts\\python.exe",
                    "-m",
                    "ruff",
                    "check",
                    ".",
                    "--fix",
                    "--select",
                    "ALL",
                    "--ignore",
                    "D,COM812,ISC001,T20",
                    "--line-length",
                    "88",
                    "--target-version",
                    "py311"
                ],
                "cmd_display": "C:\\x_runner_x\\.venv\\Scripts\\python.exe -m ruff check . --fix --select ALL --ignore D,COM812,ISC001,T20 --line-length 88 --target-version py311",
                "cwd": "C:\\x_runner_x\\x_make_markdown_x",
                "duration_seconds": 0.24766269999963697,
                "ended_at": "2025-10-15T21:27:54.044348+00:00",
                "exit": 1,
                "failed_files": [],
                "files_checked": [
                    "__init__.py",
                    "tests/__init__.py",
                    "tests/test_markdown_builder.py",
                    "x_cls_make_markdown_x.py"
                ],
                "repo": "x_make_markdown_x",
                "repo_hash": "b4ac6e0f9365eecaf06b5a37d2e83be3efba50b86a2c34f4506a530d19f2dbde",
                "repo_path": "C:\\x_runner_x\\x_make_markdown_x",
                "started_at": "2025-10-15T21:27:53.796685+00:00",
                "stderr": "",
                "stdout": "TC003 Move standard library import `collections.abc.Sequence` into a type-checking block\n  --> tests\\test_markdown_builder.py:8:29\n   |\n 7 | import importlib\n 8 | from collections.abc import Sequence\n   |                             ^^^^^^^^\n 9 | from pathlib import Path\n10 | from subprocess import CompletedProcess\n   |\nhelp: Move into type-checking block\n\nPT018 Assertion should be broken down into multiple parts\n  --> tests\\test_markdown_builder.py:98:5\n   |\n96 |     assert builder.get_last_export_result() is not None\n97 |     last_result = builder.get_last_export_result()\n98 |     assert last_result and last_result.succeeded is True\n   |     ^^^^^^^^^^^^^^^^^^^^^^^^^^^^^^^^^^^^^^^^^^^^^^^^^^^^\n99 |     assert captured[\"command\"][-1].endswith(\"out.pdf\")\n   |\nhelp: Break down assertion into multiple parts\n\nFound 2 errors.\nNo fixes available (2 hidden fixes can be enabled with the `--unsafe-fixes` option).\n",
                "tool": "ruff_fix",
                "tool_module": "ruff",
                "tool_version": "ruff 0.14.0"
            },
            "exit": "exit 1",
            "message": "ruff_fix failed for x_make_markdown_x (exit 1)\ncwd: C:\\x_runner_x\\x_make_markdown_x\ncommand: C:\\x_runner_x\\.venv\\Scripts\\python.exe -m ruff check . --fix --select ALL --ignore D,COM812,ISC001,T20 --line-length 88 --target-version py311\nstarted_at: 2025-10-15T21:27:53.796685+00:00\nduration: 0.248s\ntool_version: ruff 0.14.0\nstdout:\nTC003 Move standard library import `collections.abc.Sequence` into a type-checking block\n  --> tests\\test_markdown_builder.py:8:29\n   |\n 7 | import importlib\n 8 | from collections.abc import Sequence\n\u2026\nstderr:\n<empty>",
            "repo": "x_make_markdown_x",
            "repo_path": "C:\\x_runner_x\\x_make_markdown_x",
            "stderr_preview": null,
            "stdout_preview": "TC003 Move standard library import `collections.abc.Sequence` into a type-checking block\n  --> tests\\test_markdown_builder.py:8:29\n   |\n 7 | import importlib\n 8 | from collections.abc import Sequence\n\u2026",
            "suggested_action": "Investigate",
            "summary": "ruff_fix failed for x_make_markdown_x (exit 1) cwd: C:\\x_runner_x\\x_make_markdown_x command: C:\\x_runner_x\\.venv\\Scripts\\python.exe -m ruff check . --fix --select ALL --ignore D,COM812,ISC001,T20 --line-length 88 --target-version py311 sta\u2026",
            "tool": "ruff_fix",
            "tool_version": "ruff 0.14.0"
        },
        {
            "captured_at": "2025-10-15T21:28:00.448272+00:00",
            "command": "C:\\x_runner_x\\.venv\\Scripts\\python.exe -m black . --line-length 88 --target-version py311 --check --diff",
            "detail": {
                "cached": false,
                "cmd": [
                    "C:\\x_runner_x\\.venv\\Scripts\\python.exe",
                    "-m",
                    "black",
                    ".",
                    "--line-length",
                    "88",
                    "--target-version",
                    "py311",
                    "--check",
                    "--diff"
                ],
                "cmd_display": "C:\\x_runner_x\\.venv\\Scripts\\python.exe -m black . --line-length 88 --target-version py311 --check --diff",
                "cwd": "C:\\x_runner_x\\x_make_mermaid_x",
                "duration_seconds": 1.2138433000000077,
                "ended_at": "2025-10-15T21:28:00.448272+00:00",
                "exit": 1,
                "failed_files": [],
                "files_checked": [
                    "__init__.py",
                    "tests/__init__.py",
                    "tests/test_mermaid_builder.py",
                    "x_cls_make_mermaid_x.py"
                ],
                "repo": "x_make_mermaid_x",
                "repo_hash": "2032a97cf1f86d6b91ffc78ee52ea4a42cf081509d14ae46994e8e47d591e0c1",
                "repo_path": "C:\\x_runner_x\\x_make_mermaid_x",
                "started_at": "2025-10-15T21:27:59.234430+00:00",
                "stderr": "would reformat C:\\x_runner_x\\x_make_mermaid_x\\tests\\test_mermaid_builder.py\n\nOh no! \\U0001f4a5 \\U0001f494 \\U0001f4a5\n1 file would be reformatted, 3 files would be left unchanged.\n",
                "stdout": "--- C:\\x_runner_x\\x_make_mermaid_x\\tests\\test_mermaid_builder.py\t2025-10-15 19:15:52.626578+00:00\n+++ C:\\x_runner_x\\x_make_mermaid_x\\tests\\test_mermaid_builder.py\t2025-10-15 21:28:00.094330+00:00\n@@ -68,14 +68,18 @@\n         return CompletedProcess(list(command), 0, stdout=\"done\", stderr=\"\")\n \n     fake_cli = tmp_path / \"mmdc.exe\"\n     fake_cli.write_text(\"binary\", encoding=\"utf-8\")\n \n-    builder = MermaidBuilder(\n-        runner=runner,\n-        mermaid_cli=str(fake_cli),\n-    ).flowchart(\"LR\").node(\"A\", \"Start\")\n+    builder = (\n+        MermaidBuilder(\n+            runner=runner,\n+            mermaid_cli=str(fake_cli),\n+        )\n+        .flowchart(\"LR\")\n+        .node(\"A\", \"Start\")\n+    )\n     mmd_path = tmp_path / \"diagram.mmd\"\n     svg_path = tmp_path / \"diagram.svg\"\n \n     result = builder.to_svg(mmd_path=str(mmd_path), svg_path=str(svg_path))\n \n",
                "tool": "black",
                "tool_module": "black",
                "tool_version": "python -m black, 25.9.0 (compiled: yes)\nPython (CPython) 3.13.7"
            },
            "exit": "exit 1",
            "message": "black failed for x_make_mermaid_x (exit 1)\ncwd: C:\\x_runner_x\\x_make_mermaid_x\ncommand: C:\\x_runner_x\\.venv\\Scripts\\python.exe -m black . --line-length 88 --target-version py311 --check --diff\nstarted_at: 2025-10-15T21:27:59.234430+00:00\nduration: 1.214s\ntool_version: python -m black, 25.9.0 (compiled: yes)\nPython (CPython) 3.13.7\nstdout:\n--- C:\\x_runner_x\\x_make_mermaid_x\\tests\\test_mermaid_builder.py\t2025-10-15 19:15:52.626578+00:00\n+++ C:\\x_runner_x\\x_make_mermaid_x\\tests\\test_mermaid_builder.py\t2025-10-15 21:28:00.094330+00:00\n@@ -68,14 +68,18 @@\n         return CompletedProcess(list(command), 0, stdout=\"done\", stderr=\"\")\n \n\u2026\nstderr:\nwould reformat C:\\x_runner_x\\x_make_mermaid_x\\tests\\test_mermaid_builder.py\n\nOh no! \\U0001f4a5 \\U0001f494 \\U0001f4a5\n1 file would be reformatted, 3 files would be left unchanged.",
            "repo": "x_make_mermaid_x",
            "repo_path": "C:\\x_runner_x\\x_make_mermaid_x",
            "stderr_preview": "would reformat C:\\x_runner_x\\x_make_mermaid_x\\tests\\test_mermaid_builder.py\n\nOh no! \\U0001f4a5 \\U0001f494 \\U0001f4a5\n1 file would be reformatted, 3 files would be left unchanged.",
            "stdout_preview": "--- C:\\x_runner_x\\x_make_mermaid_x\\tests\\test_mermaid_builder.py\t2025-10-15 19:15:52.626578+00:00\n+++ C:\\x_runner_x\\x_make_mermaid_x\\tests\\test_mermaid_builder.py\t2025-10-15 21:28:00.094330+00:00\n@@ -68,14 +68,18 @@\n         return CompletedProcess(list(command), 0, stdout=\"done\", stderr=\"\")\n \n\u2026",
            "suggested_action": "Investigate",
            "summary": "black failed for x_make_mermaid_x (exit 1) cwd: C:\\x_runner_x\\x_make_mermaid_x command: C:\\x_runner_x\\.venv\\Scripts\\python.exe -m black . --line-length 88 --target-version py311 --check --diff started_at: 2025-10-15T21:27:59.234430+00:00 d\u2026",
            "tool": "black",
            "tool_version": "python -m black, 25.9.0 (compiled: yes)\nPython (CPython) 3.13.7"
        },
        {
            "captured_at": "2025-10-15T21:28:00.671882+00:00",
            "command": "C:\\x_runner_x\\.venv\\Scripts\\python.exe -m ruff check . --select ALL --ignore D,COM812,ISC001,T20 --line-length 88 --target-version py311",
            "detail": {
                "cached": false,
                "cmd": [
                    "C:\\x_runner_x\\.venv\\Scripts\\python.exe",
                    "-m",
                    "ruff",
                    "check",
                    ".",
                    "--select",
                    "ALL",
                    "--ignore",
                    "D,COM812,ISC001,T20",
                    "--line-length",
                    "88",
                    "--target-version",
                    "py311"
                ],
                "cmd_display": "C:\\x_runner_x\\.venv\\Scripts\\python.exe -m ruff check . --select ALL --ignore D,COM812,ISC001,T20 --line-length 88 --target-version py311",
                "cwd": "C:\\x_runner_x\\x_make_mermaid_x",
                "duration_seconds": 0.2206776000020909,
                "ended_at": "2025-10-15T21:28:00.671882+00:00",
                "exit": 1,
                "failed_files": [],
                "files_checked": [
                    "__init__.py",
                    "tests/__init__.py",
                    "tests/test_mermaid_builder.py",
                    "x_cls_make_mermaid_x.py"
                ],
                "repo": "x_make_mermaid_x",
                "repo_hash": "2032a97cf1f86d6b91ffc78ee52ea4a42cf081509d14ae46994e8e47d591e0c1",
                "repo_path": "C:\\x_runner_x\\x_make_mermaid_x",
                "started_at": "2025-10-15T21:28:00.451205+00:00",
                "stderr": "",
                "stdout": "TC003 Move standard library import `collections.abc.Sequence` into a type-checking block\n  --> tests\\test_mermaid_builder.py:8:29\n   |\n 7 | import subprocess\n 8 | from collections.abc import Sequence\n   |                             ^^^^^^^^\n 9 | from pathlib import Path\n10 | from subprocess import CompletedProcess\n   |\nhelp: Move into type-checking block\n\nB904 Within an `except` clause, raise exceptions with `raise ... from err` or `raise ... from None` to distinguish them from errors in exception handling\n  --> tests\\test_mermaid_builder.py:65:13\n   |\n63 |             out_index = command.index(\"-o\") + 1\n64 |         except ValueError:  # pragma: no cover - defensive guard\n65 |             raise AssertionError(\"-o flag missing from command\")\n   |             ^^^^^^^^^^^^^^^^^^^^^^^^^^^^^^^^^^^^^^^^^^^^^^^^^^^^\n66 |         svg_target = Path(command[out_index])\n67 |         svg_target.write_text(\"<svg />\", encoding=\"utf-8\")\n   |\n\nTRY003 Avoid specifying long messages outside the exception class\n  --> tests\\test_mermaid_builder.py:65:19\n   |\n63 |             out_index = command.index(\"-o\") + 1\n64 |         except ValueError:  # pragma: no cover - defensive guard\n65 |             raise AssertionError(\"-o flag missing from command\")\n   |                   ^^^^^^^^^^^^^^^^^^^^^^^^^^^^^^^^^^^^^^^^^^^^^^\n66 |         svg_target = Path(command[out_index])\n67 |         svg_target.write_text(\"<svg />\", encoding=\"utf-8\")\n   |\n\nEM101 Exception must not use a string literal, assign to variable first\n  --> tests\\test_mermaid_builder.py:65:34\n   |\n63 |             out_index = command.index(\"-o\") + 1\n64 |         except ValueError:  # pragma: no cover - defensive guard\n65 |             raise AssertionError(\"-o flag missing from command\")\n   |                                  ^^^^^^^^^^^^^^^^^^^^^^^^^^^^^^\n66 |         svg_target = Path(command[out_index])\n67 |         svg_target.write_text(\"<svg />\", encoding=\"utf-8\")\n   |\nhelp: Assign to variable; remove string literal\n\nPT018 Assertion should be broken down into multiple parts\n  --> tests\\test_mermaid_builder.py:88:5\n   |\n86 |     assert command[0] == str(fake_cli)\n87 |     last_result = builder.get_last_export_result()\n88 |     assert last_result and last_result.succeeded is True\n   |     ^^^^^^^^^^^^^^^^^^^^^^^^^^^^^^^^^^^^^^^^^^^^^^^^^^^^\n   |\nhelp: Break down assertion into multiple parts\n\nFound 5 errors.\nNo fixes available (3 hidden fixes can be enabled with the `--unsafe-fixes` option).\n",
                "tool": "ruff_check",
                "tool_module": "ruff",
                "tool_version": "ruff 0.14.0"
            },
            "exit": "exit 1",
            "message": "ruff_check failed for x_make_mermaid_x (exit 1)\ncwd: C:\\x_runner_x\\x_make_mermaid_x\ncommand: C:\\x_runner_x\\.venv\\Scripts\\python.exe -m ruff check . --select ALL --ignore D,COM812,ISC001,T20 --line-length 88 --target-version py311\nstarted_at: 2025-10-15T21:28:00.451205+00:00\nduration: 0.221s\ntool_version: ruff 0.14.0\nstdout:\nTC003 Move standard library import `collections.abc.Sequence` into a type-checking block\n  --> tests\\test_mermaid_builder.py:8:29\n   |\n 7 | import subprocess\n 8 | from collections.abc import Sequence\n\u2026\nstderr:\n<empty>",
            "repo": "x_make_mermaid_x",
            "repo_path": "C:\\x_runner_x\\x_make_mermaid_x",
            "stderr_preview": null,
            "stdout_preview": "TC003 Move standard library import `collections.abc.Sequence` into a type-checking block\n  --> tests\\test_mermaid_builder.py:8:29\n   |\n 7 | import subprocess\n 8 | from collections.abc import Sequence\n\u2026",
            "suggested_action": "Investigate",
            "summary": "ruff_check failed for x_make_mermaid_x (exit 1) cwd: C:\\x_runner_x\\x_make_mermaid_x command: C:\\x_runner_x\\.venv\\Scripts\\python.exe -m ruff check . --select ALL --ignore D,COM812,ISC001,T20 --line-length 88 --target-version py311 started_a\u2026",
            "tool": "ruff_check",
            "tool_version": "ruff 0.14.0"
        },
        {
            "captured_at": "2025-10-15T21:27:59.230535+00:00",
            "command": "C:\\x_runner_x\\.venv\\Scripts\\python.exe -m ruff check . --fix --select ALL --ignore D,COM812,ISC001,T20 --line-length 88 --target-version py311",
            "detail": {
                "cached": false,
                "cmd": [
                    "C:\\x_runner_x\\.venv\\Scripts\\python.exe",
                    "-m",
                    "ruff",
                    "check",
                    ".",
                    "--fix",
                    "--select",
                    "ALL",
                    "--ignore",
                    "D,COM812,ISC001,T20",
                    "--line-length",
                    "88",
                    "--target-version",
                    "py311"
                ],
                "cmd_display": "C:\\x_runner_x\\.venv\\Scripts\\python.exe -m ruff check . --fix --select ALL --ignore D,COM812,ISC001,T20 --line-length 88 --target-version py311",
                "cwd": "C:\\x_runner_x\\x_make_mermaid_x",
                "duration_seconds": 0.2458145999989938,
                "ended_at": "2025-10-15T21:27:59.230535+00:00",
                "exit": 1,
                "failed_files": [],
                "files_checked": [
                    "__init__.py",
                    "tests/__init__.py",
                    "tests/test_mermaid_builder.py",
                    "x_cls_make_mermaid_x.py"
                ],
                "repo": "x_make_mermaid_x",
                "repo_hash": "2032a97cf1f86d6b91ffc78ee52ea4a42cf081509d14ae46994e8e47d591e0c1",
                "repo_path": "C:\\x_runner_x\\x_make_mermaid_x",
                "started_at": "2025-10-15T21:27:58.984722+00:00",
                "stderr": "",
                "stdout": "TC003 Move standard library import `collections.abc.Sequence` into a type-checking block\n  --> tests\\test_mermaid_builder.py:8:29\n   |\n 7 | import subprocess\n 8 | from collections.abc import Sequence\n   |                             ^^^^^^^^\n 9 | from pathlib import Path\n10 | from subprocess import CompletedProcess\n   |\nhelp: Move into type-checking block\n\nB904 Within an `except` clause, raise exceptions with `raise ... from err` or `raise ... from None` to distinguish them from errors in exception handling\n  --> tests\\test_mermaid_builder.py:65:13\n   |\n63 |             out_index = command.index(\"-o\") + 1\n64 |         except ValueError:  # pragma: no cover - defensive guard\n65 |             raise AssertionError(\"-o flag missing from command\")\n   |             ^^^^^^^^^^^^^^^^^^^^^^^^^^^^^^^^^^^^^^^^^^^^^^^^^^^^\n66 |         svg_target = Path(command[out_index])\n67 |         svg_target.write_text(\"<svg />\", encoding=\"utf-8\")\n   |\n\nTRY003 Avoid specifying long messages outside the exception class\n  --> tests\\test_mermaid_builder.py:65:19\n   |\n63 |             out_index = command.index(\"-o\") + 1\n64 |         except ValueError:  # pragma: no cover - defensive guard\n65 |             raise AssertionError(\"-o flag missing from command\")\n   |                   ^^^^^^^^^^^^^^^^^^^^^^^^^^^^^^^^^^^^^^^^^^^^^^\n66 |         svg_target = Path(command[out_index])\n67 |         svg_target.write_text(\"<svg />\", encoding=\"utf-8\")\n   |\n\nEM101 Exception must not use a string literal, assign to variable first\n  --> tests\\test_mermaid_builder.py:65:34\n   |\n63 |             out_index = command.index(\"-o\") + 1\n64 |         except ValueError:  # pragma: no cover - defensive guard\n65 |             raise AssertionError(\"-o flag missing from command\")\n   |                                  ^^^^^^^^^^^^^^^^^^^^^^^^^^^^^^\n66 |         svg_target = Path(command[out_index])\n67 |         svg_target.write_text(\"<svg />\", encoding=\"utf-8\")\n   |\nhelp: Assign to variable; remove string literal\n\nPT018 Assertion should be broken down into multiple parts\n  --> tests\\test_mermaid_builder.py:88:5\n   |\n86 |     assert command[0] == str(fake_cli)\n87 |     last_result = builder.get_last_export_result()\n88 |     assert last_result and last_result.succeeded is True\n   |     ^^^^^^^^^^^^^^^^^^^^^^^^^^^^^^^^^^^^^^^^^^^^^^^^^^^^\n   |\nhelp: Break down assertion into multiple parts\n\nFound 5 errors.\nNo fixes available (3 hidden fixes can be enabled with the `--unsafe-fixes` option).\n",
                "tool": "ruff_fix",
                "tool_module": "ruff",
                "tool_version": "ruff 0.14.0"
            },
            "exit": "exit 1",
            "message": "ruff_fix failed for x_make_mermaid_x (exit 1)\ncwd: C:\\x_runner_x\\x_make_mermaid_x\ncommand: C:\\x_runner_x\\.venv\\Scripts\\python.exe -m ruff check . --fix --select ALL --ignore D,COM812,ISC001,T20 --line-length 88 --target-version py311\nstarted_at: 2025-10-15T21:27:58.984722+00:00\nduration: 0.246s\ntool_version: ruff 0.14.0\nstdout:\nTC003 Move standard library import `collections.abc.Sequence` into a type-checking block\n  --> tests\\test_mermaid_builder.py:8:29\n   |\n 7 | import subprocess\n 8 | from collections.abc import Sequence\n\u2026\nstderr:\n<empty>",
            "repo": "x_make_mermaid_x",
            "repo_path": "C:\\x_runner_x\\x_make_mermaid_x",
            "stderr_preview": null,
            "stdout_preview": "TC003 Move standard library import `collections.abc.Sequence` into a type-checking block\n  --> tests\\test_mermaid_builder.py:8:29\n   |\n 7 | import subprocess\n 8 | from collections.abc import Sequence\n\u2026",
            "suggested_action": "Investigate",
            "summary": "ruff_fix failed for x_make_mermaid_x (exit 1) cwd: C:\\x_runner_x\\x_make_mermaid_x command: C:\\x_runner_x\\.venv\\Scripts\\python.exe -m ruff check . --fix --select ALL --ignore D,COM812,ISC001,T20 --line-length 88 --target-version py311 start\u2026",
            "tool": "ruff_fix",
            "tool_version": "ruff 0.14.0"
        },
        {
            "captured_at": "2025-10-15T21:28:07.241152+00:00",
            "command": "C:\\x_runner_x\\.venv\\Scripts\\python.exe -m ruff check . --select ALL --ignore D,COM812,ISC001,T20 --line-length 88 --target-version py311",
            "detail": {
                "cached": false,
                "cmd": [
                    "C:\\x_runner_x\\.venv\\Scripts\\python.exe",
                    "-m",
                    "ruff",
                    "check",
                    ".",
                    "--select",
                    "ALL",
                    "--ignore",
                    "D,COM812,ISC001,T20",
                    "--line-length",
                    "88",
                    "--target-version",
                    "py311"
                ],
                "cmd_display": "C:\\x_runner_x\\.venv\\Scripts\\python.exe -m ruff check . --select ALL --ignore D,COM812,ISC001,T20 --line-length 88 --target-version py311",
                "cwd": "C:\\x_runner_x\\x_make_pip_updates_x",
                "duration_seconds": 0.2387151000002632,
                "ended_at": "2025-10-15T21:28:07.241152+00:00",
                "exit": 1,
                "failed_files": [],
                "files_checked": [
                    "__init__.py",
                    "tests/__init__.py",
                    "tests/test_pip_updates.py",
                    "update_flow.py",
                    "x_cls_make_pip_updates_x.py"
                ],
                "repo": "x_make_pip_updates_x",
                "repo_hash": "5ae1866cd1baf84d4d7461babcce061923574dc17d4ff7972aa1fbb0fcd39e9b",
                "repo_path": "C:\\x_runner_x\\x_make_pip_updates_x",
                "started_at": "2025-10-15T21:28:07.002437+00:00",
                "stderr": "",
                "stdout": "PLR0915 Too many statements (71 > 50)\n   --> update_flow.py:346:5\n    |\n346 | def run_updates_for_packages(  # noqa: PLR0913\n    |     ^^^^^^^^^^^^^^^^^^^^^^^^\n347 |     packages: Sequence[str],\n348 |     *,\n    |\n\nE501 Line too long (90 > 88)\n   --> update_flow.py:415:89\n    |\n413 |             else:\n414 |                 _info(\n415 |                     \"pip-updates script not found; using direct pip fallback installation\"\n    |                                                                                         ^^\n416 |                 )\n417 |             execution_detail[\"script_attempt\"] = script_detail\n    |\n\nFound 2 errors.\n",
                "tool": "ruff_check",
                "tool_module": "ruff",
                "tool_version": "ruff 0.14.0"
            },
            "exit": "exit 1",
            "message": "ruff_check failed for x_make_pip_updates_x (exit 1)\ncwd: C:\\x_runner_x\\x_make_pip_updates_x\ncommand: C:\\x_runner_x\\.venv\\Scripts\\python.exe -m ruff check . --select ALL --ignore D,COM812,ISC001,T20 --line-length 88 --target-version py311\nstarted_at: 2025-10-15T21:28:07.002437+00:00\nduration: 0.239s\ntool_version: ruff 0.14.0\nstdout:\nPLR0915 Too many statements (71 > 50)\n   --> update_flow.py:346:5\n    |\n346 | def run_updates_for_packages(  # noqa: PLR0913\n    |     ^^^^^^^^^^^^^^^^^^^^^^^^\n\u2026\nstderr:\n<empty>",
            "repo": "x_make_pip_updates_x",
            "repo_path": "C:\\x_runner_x\\x_make_pip_updates_x",
            "stderr_preview": null,
            "stdout_preview": "PLR0915 Too many statements (71 > 50)\n   --> update_flow.py:346:5\n    |\n346 | def run_updates_for_packages(  # noqa: PLR0913\n    |     ^^^^^^^^^^^^^^^^^^^^^^^^\n\u2026",
            "suggested_action": "Investigate",
            "summary": "ruff_check failed for x_make_pip_updates_x (exit 1) cwd: C:\\x_runner_x\\x_make_pip_updates_x command: C:\\x_runner_x\\.venv\\Scripts\\python.exe -m ruff check . --select ALL --ignore D,COM812,ISC001,T20 --line-length 88 --target-version py311 s\u2026",
            "tool": "ruff_check",
            "tool_version": "ruff 0.14.0"
        },
        {
            "captured_at": "2025-10-15T21:28:06.034313+00:00",
            "command": "C:\\x_runner_x\\.venv\\Scripts\\python.exe -m ruff check . --fix --select ALL --ignore D,COM812,ISC001,T20 --line-length 88 --target-version py311",
            "detail": {
                "cached": false,
                "cmd": [
                    "C:\\x_runner_x\\.venv\\Scripts\\python.exe",
                    "-m",
                    "ruff",
                    "check",
                    ".",
                    "--fix",
                    "--select",
                    "ALL",
                    "--ignore",
                    "D,COM812,ISC001,T20",
                    "--line-length",
                    "88",
                    "--target-version",
                    "py311"
                ],
                "cmd_display": "C:\\x_runner_x\\.venv\\Scripts\\python.exe -m ruff check . --fix --select ALL --ignore D,COM812,ISC001,T20 --line-length 88 --target-version py311",
                "cwd": "C:\\x_runner_x\\x_make_pip_updates_x",
                "duration_seconds": 0.2260662999979104,
                "ended_at": "2025-10-15T21:28:06.034313+00:00",
                "exit": 1,
                "failed_files": [],
                "files_checked": [
                    "__init__.py",
                    "tests/__init__.py",
                    "tests/test_pip_updates.py",
                    "update_flow.py",
                    "x_cls_make_pip_updates_x.py"
                ],
                "repo": "x_make_pip_updates_x",
                "repo_hash": "5ae1866cd1baf84d4d7461babcce061923574dc17d4ff7972aa1fbb0fcd39e9b",
                "repo_path": "C:\\x_runner_x\\x_make_pip_updates_x",
                "started_at": "2025-10-15T21:28:05.808247+00:00",
                "stderr": "",
                "stdout": "PLR0915 Too many statements (71 > 50)\n   --> update_flow.py:346:5\n    |\n346 | def run_updates_for_packages(  # noqa: PLR0913\n    |     ^^^^^^^^^^^^^^^^^^^^^^^^\n347 |     packages: Sequence[str],\n348 |     *,\n    |\n\nE501 Line too long (90 > 88)\n   --> update_flow.py:415:89\n    |\n413 |             else:\n414 |                 _info(\n415 |                     \"pip-updates script not found; using direct pip fallback installation\"\n    |                                                                                         ^^\n416 |                 )\n417 |             execution_detail[\"script_attempt\"] = script_detail\n    |\n\nFound 2 errors.\n",
                "tool": "ruff_fix",
                "tool_module": "ruff",
                "tool_version": "ruff 0.14.0"
            },
            "exit": "exit 1",
            "message": "ruff_fix failed for x_make_pip_updates_x (exit 1)\ncwd: C:\\x_runner_x\\x_make_pip_updates_x\ncommand: C:\\x_runner_x\\.venv\\Scripts\\python.exe -m ruff check . --fix --select ALL --ignore D,COM812,ISC001,T20 --line-length 88 --target-version py311\nstarted_at: 2025-10-15T21:28:05.808247+00:00\nduration: 0.226s\ntool_version: ruff 0.14.0\nstdout:\nPLR0915 Too many statements (71 > 50)\n   --> update_flow.py:346:5\n    |\n346 | def run_updates_for_packages(  # noqa: PLR0913\n    |     ^^^^^^^^^^^^^^^^^^^^^^^^\n\u2026\nstderr:\n<empty>",
            "repo": "x_make_pip_updates_x",
            "repo_path": "C:\\x_runner_x\\x_make_pip_updates_x",
            "stderr_preview": null,
            "stdout_preview": "PLR0915 Too many statements (71 > 50)\n   --> update_flow.py:346:5\n    |\n346 | def run_updates_for_packages(  # noqa: PLR0913\n    |     ^^^^^^^^^^^^^^^^^^^^^^^^\n\u2026",
            "suggested_action": "Investigate",
            "summary": "ruff_fix failed for x_make_pip_updates_x (exit 1) cwd: C:\\x_runner_x\\x_make_pip_updates_x command: C:\\x_runner_x\\.venv\\Scripts\\python.exe -m ruff check . --fix --select ALL --ignore D,COM812,ISC001,T20 --line-length 88 --target-version py3\u2026",
            "tool": "ruff_fix",
            "tool_version": "ruff 0.14.0"
        },
        {
            "captured_at": "2025-10-15T21:28:14.833488+00:00",
            "command": "C:\\x_runner_x\\.venv\\Scripts\\python.exe -m pyright . --level error",
            "detail": {
                "cached": false,
                "cmd": [
                    "C:\\x_runner_x\\.venv\\Scripts\\python.exe",
                    "-m",
                    "pyright",
                    ".",
                    "--level",
                    "error"
                ],
                "cmd_display": "C:\\x_runner_x\\.venv\\Scripts\\python.exe -m pyright . --level error",
                "cwd": "C:\\x_runner_x\\x_make_pypi_x",
                "duration_seconds": 1.3591893999982858,
                "ended_at": "2025-10-15T21:28:14.833488+00:00",
                "exit": 1,
                "failed_files": [],
                "files_checked": [
                    "publish_flow.py",
                    "x_cls_make_pypi_x.py"
                ],
                "repo": "x_make_pypi_x",
                "repo_hash": "414dbd740327b90e41e1fa5a86e586e079a6126dbbe770ad036a53b666049650",
                "repo_path": "C:\\x_runner_x\\x_make_pypi_x",
                "started_at": "2025-10-15T21:28:13.474298+00:00",
                "stderr": "",
                "stdout": "c:\\x_runner_x\\x_make_pypi_x\\publish_flow.py\n  c:\\x_runner_x\\x_make_pypi_x\\publish_flow.py:699:53 - error: Type \"tuple[dict[str, str | None], dict[str, dict[str, object]], Unknown | Path | None]\" is not assignable to return type \"tuple[dict[str, str | None], dict[str, dict[str, object]], Path]\"\n  \u00c2\u00a0\u00c2\u00a0Type \"Unknown | Path | None\" is not assignable to type \"Path\"\n  \u00c2\u00a0\u00c2\u00a0\u00c2\u00a0\u00c2\u00a0\"None\" is not assignable to \"Path\" (reportReturnType)\n1 error, 0 warnings, 0 informations\n",
                "tool": "pyright",
                "tool_module": "pyright",
                "tool_version": "pyright 1.1.406"
            },
            "exit": "exit 1",
            "message": "pyright failed for x_make_pypi_x (exit 1)\ncwd: C:\\x_runner_x\\x_make_pypi_x\ncommand: C:\\x_runner_x\\.venv\\Scripts\\python.exe -m pyright . --level error\nstarted_at: 2025-10-15T21:28:13.474298+00:00\nduration: 1.359s\ntool_version: pyright 1.1.406\nstdout:\nc:\\x_runner_x\\x_make_pypi_x\\publish_flow.py\n  c:\\x_runner_x\\x_make_pypi_x\\publish_flow.py:699:53 - error: Type \"tuple[dict[str, str | None], dict[str, dict[str, object]], Unknown | Path | None]\" is not assignable to return type \"tuple[dict[str, str | None], dict[str, dict[str, object]], Path]\"\n  \u00c2\u00a0\u00c2\u00a0Type \"Unknown | Path | None\" is not assignable to type \"Path\"\n  \u00c2\u00a0\u00c2\u00a0\u00c2\u00a0\u00c2\u00a0\"None\" is not assignable to \"Path\" (reportReturnType)\n1 error, 0 warnings, 0 informations\nstderr:\n<empty>",
            "repo": "x_make_pypi_x",
            "repo_path": "C:\\x_runner_x\\x_make_pypi_x",
            "stderr_preview": null,
            "stdout_preview": "c:\\x_runner_x\\x_make_pypi_x\\publish_flow.py\n  c:\\x_runner_x\\x_make_pypi_x\\publish_flow.py:699:53 - error: Type \"tuple[dict[str, str | None], dict[str, dict[str, object]], Unknown | Path | None]\" is not assignable to return type \"tuple[dict[str, str | None], dict[str, dict[str, object]], Path]\"\n  \u00c2\u00a0\u00c2\u00a0Type \"Unknown | Path | None\" is not assignable to type \"Path\"\n  \u00c2\u00a0\u00c2\u00a0\u00c2\u00a0\u00c2\u00a0\"None\" is not assignable to \"Path\" (reportReturnType)\n1 error, 0 warnings, 0 informations",
            "suggested_action": "Investigate",
            "summary": "pyright failed for x_make_pypi_x (exit 1) cwd: C:\\x_runner_x\\x_make_pypi_x command: C:\\x_runner_x\\.venv\\Scripts\\python.exe -m pyright . --level error started_at: 2025-10-15T21:28:13.474298+00:00 duration: 1.359s tool_version: pyright 1.1.4\u2026",
            "tool": "pyright",
            "tool_version": "pyright 1.1.406"
        },
        {
            "captured_at": "2025-10-15T21:28:12.912389+00:00",
            "command": "C:\\x_runner_x\\.venv\\Scripts\\python.exe -m ruff check . --select ALL --ignore D,COM812,ISC001,T20 --line-length 88 --target-version py311",
            "detail": {
                "cached": false,
                "cmd": [
                    "C:\\x_runner_x\\.venv\\Scripts\\python.exe",
                    "-m",
                    "ruff",
                    "check",
                    ".",
                    "--select",
                    "ALL",
                    "--ignore",
                    "D,COM812,ISC001,T20",
                    "--line-length",
                    "88",
                    "--target-version",
                    "py311"
                ],
                "cmd_display": "C:\\x_runner_x\\.venv\\Scripts\\python.exe -m ruff check . --select ALL --ignore D,COM812,ISC001,T20 --line-length 88 --target-version py311",
                "cwd": "C:\\x_runner_x\\x_make_pypi_x",
                "duration_seconds": 0.22922210000251653,
                "ended_at": "2025-10-15T21:28:12.912389+00:00",
                "exit": 1,
                "failed_files": [],
                "files_checked": [
                    "publish_flow.py",
                    "x_cls_make_pypi_x.py"
                ],
                "repo": "x_make_pypi_x",
                "repo_hash": "414dbd740327b90e41e1fa5a86e586e079a6126dbbe770ad036a53b666049650",
                "repo_path": "C:\\x_runner_x\\x_make_pypi_x",
                "started_at": "2025-10-15T21:28:12.683169+00:00",
                "stderr": "",
                "stdout": "PERF401 Use a list comprehension to create a transformed list\n   --> publish_flow.py:563:9\n    |\n561 |       manifest_inputs: list[dict[str, object]] = []\n562 |       for entry in entries:\n563 | /         manifest_inputs.append(\n564 | |             {\n565 | |                 \"package\": entry.package,\n566 | |                 \"version\": entry.version,\n567 | |                 \"pypi_name\": entry.options.pypi_name or entry.package,\n568 | |                 \"ancillary\": list(entry.ancillary),\n569 | |                 \"options_kwargs\": _json_ready(options_to_kwargs(entry.options)),\n570 | |             }\n571 | |         )\n    | |_________^\n572 |       publisher_attr_obj = cast(\n573 |           \"object | None\", getattr(publisher_factory, \"__name__\", None)\n    |\nhelp: Replace for loop with list comprehension\n\nFound 1 error.\n",
                "tool": "ruff_check",
                "tool_module": "ruff",
                "tool_version": "ruff 0.14.0"
            },
            "exit": "exit 1",
            "message": "ruff_check failed for x_make_pypi_x (exit 1)\ncwd: C:\\x_runner_x\\x_make_pypi_x\ncommand: C:\\x_runner_x\\.venv\\Scripts\\python.exe -m ruff check . --select ALL --ignore D,COM812,ISC001,T20 --line-length 88 --target-version py311\nstarted_at: 2025-10-15T21:28:12.683169+00:00\nduration: 0.229s\ntool_version: ruff 0.14.0\nstdout:\nPERF401 Use a list comprehension to create a transformed list\n   --> publish_flow.py:563:9\n    |\n561 |       manifest_inputs: list[dict[str, object]] = []\n562 |       for entry in entries:\n\u2026\nstderr:\n<empty>",
            "repo": "x_make_pypi_x",
            "repo_path": "C:\\x_runner_x\\x_make_pypi_x",
            "stderr_preview": null,
            "stdout_preview": "PERF401 Use a list comprehension to create a transformed list\n   --> publish_flow.py:563:9\n    |\n561 |       manifest_inputs: list[dict[str, object]] = []\n562 |       for entry in entries:\n\u2026",
            "suggested_action": "Investigate",
            "summary": "ruff_check failed for x_make_pypi_x (exit 1) cwd: C:\\x_runner_x\\x_make_pypi_x command: C:\\x_runner_x\\.venv\\Scripts\\python.exe -m ruff check . --select ALL --ignore D,COM812,ISC001,T20 --line-length 88 --target-version py311 started_at: 202\u2026",
            "tool": "ruff_check",
            "tool_version": "ruff 0.14.0"
        },
        {
            "captured_at": "2025-10-15T21:28:11.759654+00:00",
            "command": "C:\\x_runner_x\\.venv\\Scripts\\python.exe -m ruff check . --fix --select ALL --ignore D,COM812,ISC001,T20 --line-length 88 --target-version py311",
            "detail": {
                "cached": false,
                "cmd": [
                    "C:\\x_runner_x\\.venv\\Scripts\\python.exe",
                    "-m",
                    "ruff",
                    "check",
                    ".",
                    "--fix",
                    "--select",
                    "ALL",
                    "--ignore",
                    "D,COM812,ISC001,T20",
                    "--line-length",
                    "88",
                    "--target-version",
                    "py311"
                ],
                "cmd_display": "C:\\x_runner_x\\.venv\\Scripts\\python.exe -m ruff check . --fix --select ALL --ignore D,COM812,ISC001,T20 --line-length 88 --target-version py311",
                "cwd": "C:\\x_runner_x\\x_make_pypi_x",
                "duration_seconds": 0.21790499999769963,
                "ended_at": "2025-10-15T21:28:11.759654+00:00",
                "exit": 1,
                "failed_files": [],
                "files_checked": [
                    "publish_flow.py",
                    "x_cls_make_pypi_x.py"
                ],
                "repo": "x_make_pypi_x",
                "repo_hash": "414dbd740327b90e41e1fa5a86e586e079a6126dbbe770ad036a53b666049650",
                "repo_path": "C:\\x_runner_x\\x_make_pypi_x",
                "started_at": "2025-10-15T21:28:11.541750+00:00",
                "stderr": "",
                "stdout": "PERF401 Use a list comprehension to create a transformed list\n   --> publish_flow.py:563:9\n    |\n561 |       manifest_inputs: list[dict[str, object]] = []\n562 |       for entry in entries:\n563 | /         manifest_inputs.append(\n564 | |             {\n565 | |                 \"package\": entry.package,\n566 | |                 \"version\": entry.version,\n567 | |                 \"pypi_name\": entry.options.pypi_name or entry.package,\n568 | |                 \"ancillary\": list(entry.ancillary),\n569 | |                 \"options_kwargs\": _json_ready(options_to_kwargs(entry.options)),\n570 | |             }\n571 | |         )\n    | |_________^\n572 |       publisher_attr_obj = cast(\n573 |           \"object | None\", getattr(publisher_factory, \"__name__\", None)\n    |\nhelp: Replace for loop with list comprehension\n\nFound 1 error.\n",
                "tool": "ruff_fix",
                "tool_module": "ruff",
                "tool_version": "ruff 0.14.0"
            },
            "exit": "exit 1",
            "message": "ruff_fix failed for x_make_pypi_x (exit 1)\ncwd: C:\\x_runner_x\\x_make_pypi_x\ncommand: C:\\x_runner_x\\.venv\\Scripts\\python.exe -m ruff check . --fix --select ALL --ignore D,COM812,ISC001,T20 --line-length 88 --target-version py311\nstarted_at: 2025-10-15T21:28:11.541750+00:00\nduration: 0.218s\ntool_version: ruff 0.14.0\nstdout:\nPERF401 Use a list comprehension to create a transformed list\n   --> publish_flow.py:563:9\n    |\n561 |       manifest_inputs: list[dict[str, object]] = []\n562 |       for entry in entries:\n\u2026\nstderr:\n<empty>",
            "repo": "x_make_pypi_x",
            "repo_path": "C:\\x_runner_x\\x_make_pypi_x",
            "stderr_preview": null,
            "stdout_preview": "PERF401 Use a list comprehension to create a transformed list\n   --> publish_flow.py:563:9\n    |\n561 |       manifest_inputs: list[dict[str, object]] = []\n562 |       for entry in entries:\n\u2026",
            "suggested_action": "Investigate",
            "summary": "ruff_fix failed for x_make_pypi_x (exit 1) cwd: C:\\x_runner_x\\x_make_pypi_x command: C:\\x_runner_x\\.venv\\Scripts\\python.exe -m ruff check . --fix --select ALL --ignore D,COM812,ISC001,T20 --line-length 88 --target-version py311 started_at:\u2026",
            "tool": "ruff_fix",
            "tool_version": "ruff 0.14.0"
        }
    ],
    "generated_at": "2025-10-15T21:28:24.980510+00:00",
    "runtime": {
        "environment": {
            "PATH": "C:\\WINDOWS\\system32;C:\\WINDOWS;C:\\WINDOWS\\System32\\Wbem;C:\\WINDOWS\\System32\\WindowsPowerShell\\v1.0\\;C:\\WINDOWS\\System32\\OpenSSH\\;C:\\Program Files\\Git\\cmd;C:\\Users\\eye43\\AppData\\Local\\Programs\\Python\\Python313\\Scripts\\;C:\\Users\\eye43\\AppData\\Local\\Programs\\Python\\Python313\\;C:\\Users\\eye43\\AppData\\Local\\Microsoft\\WindowsApps;C:\\Users\\eye43\\AppData\\Local\\Programs\\Microsoft VS Code\\bin;c:\\Users\\eye43\\.vscode\\extensions\\ms-python.debugpy-2025.14.1-win32-x64\\bundled\\scripts\\noConfigScripts;c:\\Users\\eye43\\AppData\\Roaming\\Code\\User\\globalStorage\\github.copilot-chat\\debugCommand"
        },
        "platform": "Windows-11-10.0.22631-SP0",
        "python_executable": "C:\\x_runner_x\\.venv\\Scripts\\python.exe",
        "python_version": "3.13.7 (tags/v3.13.7:bcee1c3, Aug 14 2025, 14:15:11) [MSC v.1944 64 bit (AMD64)]",
        "run_completed_at": "2025-10-15T21:28:24.980293+00:00",
        "run_started_at": "2025-10-15T21:27:09.393063+00:00",
        "workspace_root": "C:\\x_runner_x"
    },
    "schema_version": "1.0",
    "summary": {
        "overall_stats": {
            "cache_hits": 22,
            "cache_misses": 48,
            "failed_tools": 27,
            "had_failures": true,
            "total_tools_run": 70
        },
        "repos": {
            "x_0_make_all_x": {
                "cached": 0,
                "failed": 3,
                "repo_hash": "6d26ccc6119da6268b46184322da14b6baea1d2d4768ebb21cc7f8ff8116a147",
                "tools": {
                    "black": {
                        "cached": false,
                        "exit": 0,
                        "timed_out": false
                    },
                    "mypy": {
                        "cached": false,
                        "exit": 1,
                        "timed_out": false
                    },
                    "pyright": {
                        "cached": false,
                        "exit": 0,
                        "timed_out": false
                    },
                    "ruff_check": {
                        "cached": false,
                        "exit": 1,
                        "timed_out": false
                    },
                    "ruff_fix": {
                        "cached": false,
                        "exit": 1,
                        "timed_out": false
                    }
                }
            },
            "x_legatus_acta_schedae_x": {
                "cached": 5,
                "failed": 0,
                "repo_hash": "3f2377486dd469d2c4151d592bf6bebad5c76e8cd23082e9afb01466cdff6453",
                "tools": {
                    "black": {
                        "cached": true,
                        "exit": 0,
                        "timed_out": false
                    },
                    "mypy": {
                        "cached": true,
                        "exit": 0,
                        "timed_out": false
                    },
                    "pyright": {
                        "cached": true,
                        "exit": 0,
                        "timed_out": false
                    },
                    "ruff_check": {
                        "cached": true,
                        "exit": 0,
                        "timed_out": false
                    },
                    "ruff_fix": {
                        "cached": true,
                        "exit": 0,
                        "timed_out": false
                    }
                }
            },
            "x_legatus_tactica_impetus_x": {
                "cached": 2,
                "failed": 0,
                "repo_hash": "cc97fafbcc480da07f5da6f3bf95b20b6477a3877b19257bb492c37a976161aa",
                "tools": {
                    "black": {
                        "cached": false,
                        "exit": 0,
                        "timed_out": false
                    },
                    "mypy": {
                        "cached": false,
                        "exit": 0,
                        "timed_out": false
                    },
                    "pyright": {
                        "cached": false,
                        "exit": 0,
                        "timed_out": false
                    },
                    "ruff_check": {
                        "cached": true,
                        "exit": 0,
                        "timed_out": false
                    },
                    "ruff_fix": {
                        "cached": true,
                        "exit": 0,
                        "timed_out": false
                    }
                }
            },
            "x_make_common_x": {
                "cached": 0,
                "failed": 3,
                "repo_hash": "403621ebd4700f130a33a8947c0c7fdf9029363519f807f16c86d886384def40",
                "tools": {
                    "black": {
                        "cached": false,
                        "exit": 0,
                        "timed_out": false
                    },
                    "mypy": {
                        "cached": false,
                        "exit": 1,
                        "timed_out": false
                    },
                    "pyright": {
                        "cached": false,
                        "exit": 0,
                        "timed_out": false
                    },
                    "ruff_check": {
                        "cached": false,
                        "exit": 1,
                        "timed_out": false
                    },
                    "ruff_fix": {
                        "cached": false,
                        "exit": 1,
                        "timed_out": false
                    }
                }
            },
            "x_make_github_clones_x": {
                "cached": 0,
                "failed": 5,
                "repo_hash": "2d6c60cf5fdda4a1848411a0d611436931f723f8297da78ac72f05ebf2fb2b99",
                "tools": {
                    "black": {
                        "cached": false,
                        "exit": 1,
                        "timed_out": false
                    },
                    "mypy": {
                        "cached": false,
                        "exit": 1,
                        "timed_out": false
                    },
                    "pyright": {
                        "cached": false,
                        "exit": 1,
                        "timed_out": false
                    },
                    "ruff_check": {
                        "cached": false,
                        "exit": 1,
                        "timed_out": false
                    },
                    "ruff_fix": {
                        "cached": false,
                        "exit": 1,
                        "timed_out": false
                    }
                }
            },
            "x_make_github_visitor_x": {
                "cached": 0,
                "failed": 2,
                "repo_hash": "1613b2339e18aa440f1c7c433a4280df315674f473b7cc3d830ebe06a2bee378",
                "tools": {
                    "black": {
                        "cached": false,
                        "exit": 1,
                        "timed_out": false
                    },
                    "mypy": {
                        "cached": false,
                        "exit": 1,
                        "timed_out": false
                    },
                    "pyright": {
                        "cached": false,
                        "exit": 0,
                        "timed_out": false
                    },
                    "ruff_check": {
                        "cached": false,
                        "exit": 0,
                        "timed_out": false
                    },
                    "ruff_fix": {
                        "cached": false,
                        "exit": 0,
                        "timed_out": false
                    }
                }
            },
            "x_make_graphviz_x": {
                "cached": 0,
                "failed": 3,
                "repo_hash": "a9a6fa70b9d01bd06b8ad4902651c6dff975c2bd0b892e2134d7a63f04d09726",
                "tools": {
                    "black": {
                        "cached": false,
                        "exit": 0,
                        "timed_out": false
                    },
                    "mypy": {
                        "cached": false,
                        "exit": 0,
                        "timed_out": false
                    },
                    "pyright": {
                        "cached": false,
                        "exit": 1,
                        "timed_out": false
                    },
                    "ruff_check": {
                        "cached": false,
                        "exit": 1,
                        "timed_out": false
                    },
                    "ruff_fix": {
                        "cached": false,
                        "exit": 1,
                        "timed_out": false
                    }
                }
            },
            "x_make_markdown_x": {
                "cached": 0,
                "failed": 3,
                "repo_hash": "b4ac6e0f9365eecaf06b5a37d2e83be3efba50b86a2c34f4506a530d19f2dbde",
                "tools": {
                    "black": {
                        "cached": false,
                        "exit": 1,
                        "timed_out": false
                    },
                    "mypy": {
                        "cached": false,
                        "exit": 0,
                        "timed_out": false
                    },
                    "pyright": {
                        "cached": false,
                        "exit": 0,
                        "timed_out": false
                    },
                    "ruff_check": {
                        "cached": false,
                        "exit": 1,
                        "timed_out": false
                    },
                    "ruff_fix": {
                        "cached": false,
                        "exit": 1,
                        "timed_out": false
                    }
                }
            },
            "x_make_mermaid_x": {
                "cached": 0,
                "failed": 3,
                "repo_hash": "2032a97cf1f86d6b91ffc78ee52ea4a42cf081509d14ae46994e8e47d591e0c1",
                "tools": {
                    "black": {
                        "cached": false,
                        "exit": 1,
                        "timed_out": false
                    },
                    "mypy": {
                        "cached": false,
                        "exit": 0,
                        "timed_out": false
                    },
                    "pyright": {
                        "cached": false,
                        "exit": 0,
                        "timed_out": false
                    },
                    "ruff_check": {
                        "cached": false,
                        "exit": 1,
                        "timed_out": false
                    },
                    "ruff_fix": {
                        "cached": false,
                        "exit": 1,
                        "timed_out": false
                    }
                }
            },
            "x_make_persistent_env_var_x": {
                "cached": 5,
                "failed": 0,
                "repo_hash": "38624500e50d648701b39572aca2c5d8cd0420bb6d1e9513e212e3aa11078fe0",
                "tools": {
                    "black": {
                        "cached": true,
                        "exit": 0,
                        "timed_out": false
                    },
                    "mypy": {
                        "cached": true,
                        "exit": 0,
                        "timed_out": false
                    },
                    "pyright": {
                        "cached": true,
                        "exit": 0,
                        "timed_out": false
                    },
                    "ruff_check": {
                        "cached": true,
                        "exit": 0,
                        "timed_out": false
                    },
                    "ruff_fix": {
                        "cached": true,
                        "exit": 0,
                        "timed_out": false
                    }
                }
            },
            "x_make_pip_updates_x": {
                "cached": 0,
                "failed": 2,
                "repo_hash": "5ae1866cd1baf84d4d7461babcce061923574dc17d4ff7972aa1fbb0fcd39e9b",
                "tools": {
                    "black": {
                        "cached": false,
                        "exit": 0,
                        "timed_out": false
                    },
                    "mypy": {
                        "cached": false,
                        "exit": 0,
                        "timed_out": false
                    },
                    "pyright": {
                        "cached": false,
                        "exit": 0,
                        "timed_out": false
                    },
                    "ruff_check": {
                        "cached": false,
                        "exit": 1,
                        "timed_out": false
                    },
                    "ruff_fix": {
                        "cached": false,
                        "exit": 1,
                        "timed_out": false
                    }
                }
            },
            "x_make_py_mod_sideload_x": {
                "cached": 5,
                "failed": 0,
                "repo_hash": "69ac171dd36d6f8621439bba6bbda0288c09f653e7c678ee9a0e834fe3609e6c",
                "tools": {
                    "black": {
                        "cached": true,
                        "exit": 0,
                        "timed_out": false
                    },
                    "mypy": {
                        "cached": true,
                        "exit": 0,
                        "timed_out": false
                    },
                    "pyright": {
                        "cached": true,
                        "exit": 0,
                        "timed_out": false
                    },
                    "ruff_check": {
                        "cached": true,
                        "exit": 0,
                        "timed_out": false
                    },
                    "ruff_fix": {
                        "cached": true,
                        "exit": 0,
                        "timed_out": false
                    }
                }
            },
            "x_make_pypi_x": {
                "cached": 0,
                "failed": 3,
                "repo_hash": "414dbd740327b90e41e1fa5a86e586e079a6126dbbe770ad036a53b666049650",
                "tools": {
                    "black": {
                        "cached": false,
                        "exit": 0,
                        "timed_out": false
                    },
                    "mypy": {
                        "cached": false,
                        "exit": 0,
                        "timed_out": false
                    },
                    "pyright": {
                        "cached": false,
                        "exit": 1,
                        "timed_out": false
                    },
                    "ruff_check": {
                        "cached": false,
                        "exit": 1,
                        "timed_out": false
                    },
                    "ruff_fix": {
                        "cached": false,
                        "exit": 1,
                        "timed_out": false
                    }
                }
            },
            "x_make_yahw_x": {
                "cached": 5,
                "failed": 0,
                "repo_hash": "d5b6324c3c161764524c550422f1e31cacffc452454eb0900e0d52ddd4106018",
                "tools": {
                    "black": {
                        "cached": true,
                        "exit": 0,
                        "timed_out": false
                    },
                    "mypy": {
                        "cached": true,
                        "exit": 0,
                        "timed_out": false
                    },
                    "pyright": {
                        "cached": true,
                        "exit": 0,
                        "timed_out": false
                    },
                    "ruff_check": {
                        "cached": true,
                        "exit": 0,
                        "timed_out": false
                    },
                    "ruff_fix": {
                        "cached": true,
                        "exit": 0,
                        "timed_out": false
                    }
                }
            }
        },
        "timestamp": "2025-10-15T21:28:24.980539+00:00",
        "total_repos": 14
    },
    "tool_versions": {
        "black": "python -m black, 25.9.0 (compiled: yes)\nPython (CPython) 3.13.7",
        "mypy": "mypy 1.18.2 (compiled: yes)",
        "pyright": "pyright 1.1.406",
        "ruff": "ruff 0.14.0"
    },
    "workspace_root": "C:\\x_runner_x"
}