{
    "failures": [
        {
            "captured_at": "2025-10-15T03:51:48.379996+00:00",
            "command": "C:\\x_runner_x\\x_make_yahw_x\\.venv\\Scripts\\python.exe -m black . --line-length 88 --target-version py311 --check --diff",
            "detail": {
                "cached": false,
                "cmd": [
                    "C:\\x_runner_x\\x_make_yahw_x\\.venv\\Scripts\\python.exe",
                    "-m",
                    "black",
                    ".",
                    "--line-length",
                    "88",
                    "--target-version",
                    "py311",
                    "--check",
                    "--diff"
                ],
                "cmd_display": "C:\\x_runner_x\\x_make_yahw_x\\.venv\\Scripts\\python.exe -m black . --line-length 88 --target-version py311 --check --diff",
                "cwd": "C:\\x_runner_x\\x_0_make_all_x",
                "duration_seconds": 4.1102619000012055,
                "ended_at": "2025-10-15T03:51:48.379996+00:00",
                "exit": 1,
                "failed_files": [],
                "files_checked": [
                    "__init__.py",
                    "forceit.py",
                    "interface/__init__.py",
                    "interface/gui/__init__.py",
                    "interface/gui/app.py",
                    "interface/gui/commit.py",
                    "interface/gui/tree.py",
                    "manifest.py",
                    "tests/__init__.py",
                    "tests/test_forceit.py",
                    "tests/test_gui_commit.py",
                    "tests/test_gui_exit_code.py",
                    "tests/test_gui_tree.py",
                    "tests/test_orchestrator_clones_stage.py",
                    "tests/test_publish_manifest.py",
                    "x_cls_make_all_x.py"
                ],
                "repo": "x_0_make_all_x",
                "repo_hash": "a717c5a245a010225048762bcbc85d1d39f502900cf456daf0b108a1f16ca032",
                "repo_path": "C:\\x_runner_x\\x_0_make_all_x",
                "started_at": "2025-10-15T03:51:44.269737+00:00",
                "stderr": "would reformat C:\\x_runner_x\\x_0_make_all_x\\tests\\test_orchestrator_clones_stage.py\nwould reformat C:\\x_runner_x\\x_0_make_all_x\\interface\\gui\\app.py\nwould reformat C:\\x_runner_x\\x_0_make_all_x\\x_cls_make_all_x.py\n\nOh no! \\U0001f4a5 \\U0001f494 \\U0001f4a5\n3 files would be reformatted, 13 files would be left unchanged.\n",
                "stdout": "--- C:\\x_runner_x\\x_0_make_all_x\\tests\\test_orchestrator_clones_stage.py\t2025-10-15 03:51:44.186921+00:00\n+++ C:\\x_runner_x\\x_0_make_all_x\\tests\\test_orchestrator_clones_stage.py\t2025-10-15 03:51:46.088272+00:00\n@@ -20,10 +20,11 @@\n         target_dir=str(tmp_path / \"workspace\"),\n         shallow=False,\n         include_forks=False,\n         force_reclone=False,\n     )\n+\n     def _options_override(self: object, ctx: object) -> SimpleNamespace:\n         return options\n \n     def _delegate_override(self: object) -> None:\n         return None\n@@ -72,11 +73,13 @@\n     summary = orchestrator.generate_run_summary()\n     assert isinstance(summary, dict)\n     stages = summary.get(\"stages\")\n     assert isinstance(stages, list)\n     typed_stages = cast(\"list[dict[str, Any]]\", stages)\n-    cloning_stage = next(stage for stage in typed_stages if stage.get(\"id\") == \"cloning\")\n+    cloning_stage = next(\n+        stage for stage in typed_stages if stage.get(\"id\") == \"cloning\"\n+    )\n     metadata = cast(\"dict[str, Any]\", cloning_stage.get(\"metadata\"))\n     assert metadata is not None\n     assert metadata[\"report_path\"].endswith(\"clones_run.json\")\n     assert metadata[\"report_summary\"] == report_summary\n     assert any(\n--- C:\\x_runner_x\\x_0_make_all_x\\interface\\gui\\app.py\t2025-10-15 02:18:02.958933+00:00\n+++ C:\\x_runner_x\\x_0_make_all_x\\interface\\gui\\app.py\t2025-10-15 03:51:46.787103+00:00\n@@ -528,13 +528,11 @@\n             self.enqueue_log(\n                 f\"[summary] Applied cached statuses from {report_path.name} for \"\n                 f\"{applied} tool run(s).\"\n             )\n \n-    def _apply_telemetry_event(\n-        self, event: dict[str, object]\n-    ) -> None:\n+    def _apply_telemetry_event(self, event: dict[str, object]) -> None:\n         source = event.get(\"source\")\n         if source != \"visitor\":\n             return\n         details_obj = event.get(\"details\", {})\n         if not isinstance(details_obj, dict):\n--- C:\\x_runner_x\\x_0_make_all_x\\x_cls_make_all_x.py\t2025-10-15 03:47:16.970024+00:00\n+++ C:\\x_runner_x\\x_0_make_all_x\\x_cls_make_all_x.py\t2025-10-15 03:51:47.331603+00:00\n@@ -846,13 +846,11 @@\n             self._clones_report_path = report_path\n             self._clones_report_summary = report_summary\n \n             if report_path is not None:\n                 metadata[\"report_path\"] = str(report_path)\n-                stage_messages.append(\n-                    f\"Recorded clones JSON report at {report_path}\"\n-                )\n+                stage_messages.append(f\"Recorded clones JSON report at {report_path}\")\n             if report_summary is not None:\n                 metadata[\"report_summary\"] = self._json_ready(report_summary)\n \n             status = \"completed\" if entrypoint_error is None else \"attention\"\n             if not stage_messages:\n",
                "tool": "black",
                "tool_module": "black",
                "tool_version": "python -m black, 25.9.0 (compiled: yes)\nPython (CPython) 3.13.7"
            },
            "exit": "exit 1",
            "message": "black failed for x_0_make_all_x (exit 1)\ncwd: C:\\x_runner_x\\x_0_make_all_x\ncommand: C:\\x_runner_x\\x_make_yahw_x\\.venv\\Scripts\\python.exe -m black . --line-length 88 --target-version py311 --check --diff\nstarted_at: 2025-10-15T03:51:44.269737+00:00\nduration: 4.110s\ntool_version: python -m black, 25.9.0 (compiled: yes)\nPython (CPython) 3.13.7\nstdout:\n--- C:\\x_runner_x\\x_0_make_all_x\\tests\\test_orchestrator_clones_stage.py\t2025-10-15 03:51:44.186921+00:00\n+++ C:\\x_runner_x\\x_0_make_all_x\\tests\\test_orchestrator_clones_stage.py\t2025-10-15 03:51:46.088272+00:00\n@@ -20,10 +20,11 @@\n         target_dir=str(tmp_path / \"workspace\"),\n         shallow=False,\n\u2026\nstderr:\nwould reformat C:\\x_runner_x\\x_0_make_all_x\\tests\\test_orchestrator_clones_stage.py\nwould reformat C:\\x_runner_x\\x_0_make_all_x\\interface\\gui\\app.py\nwould reformat C:\\x_runner_x\\x_0_make_all_x\\x_cls_make_all_x.py\n\nOh no! \\U0001f4a5 \\U0001f494 \\U0001f4a5\n\u2026",
            "repo": "x_0_make_all_x",
            "repo_path": "C:\\x_runner_x\\x_0_make_all_x",
            "stderr_preview": "would reformat C:\\x_runner_x\\x_0_make_all_x\\tests\\test_orchestrator_clones_stage.py\nwould reformat C:\\x_runner_x\\x_0_make_all_x\\interface\\gui\\app.py\nwould reformat C:\\x_runner_x\\x_0_make_all_x\\x_cls_make_all_x.py\n\nOh no! \\U0001f4a5 \\U0001f494 \\U0001f4a5\n\u2026",
            "stdout_preview": "--- C:\\x_runner_x\\x_0_make_all_x\\tests\\test_orchestrator_clones_stage.py\t2025-10-15 03:51:44.186921+00:00\n+++ C:\\x_runner_x\\x_0_make_all_x\\tests\\test_orchestrator_clones_stage.py\t2025-10-15 03:51:46.088272+00:00\n@@ -20,10 +20,11 @@\n         target_dir=str(tmp_path / \"workspace\"),\n         shallow=False,\n\u2026",
            "suggested_action": "Investigate",
            "summary": "black failed for x_0_make_all_x (exit 1) cwd: C:\\x_runner_x\\x_0_make_all_x command: C:\\x_runner_x\\x_make_yahw_x\\.venv\\Scripts\\python.exe -m black . --line-length 88 --target-version py311 --check --diff started_at: 2025-10-15T03:51:44.2697\u2026",
            "tool": "black",
            "tool_version": "python -m black, 25.9.0 (compiled: yes)\nPython (CPython) 3.13.7"
        },
        {
            "captured_at": "2025-10-15T03:51:50.565276+00:00",
            "command": "C:\\x_runner_x\\x_make_yahw_x\\.venv\\Scripts\\python.exe -m mypy . --strict --no-warn-unused-configs --show-error-codes --warn-return-any --warn-unreachable --disallow-any-unimported --disallow-any-expr --disallow-any-decorated --disallow-any-explicit",
            "detail": {
                "cached": false,
                "cmd": [
                    "C:\\x_runner_x\\x_make_yahw_x\\.venv\\Scripts\\python.exe",
                    "-m",
                    "mypy",
                    ".",
                    "--strict",
                    "--no-warn-unused-configs",
                    "--show-error-codes",
                    "--warn-return-any",
                    "--warn-unreachable",
                    "--disallow-any-unimported",
                    "--disallow-any-expr",
                    "--disallow-any-decorated",
                    "--disallow-any-explicit"
                ],
                "cmd_display": "C:\\x_runner_x\\x_make_yahw_x\\.venv\\Scripts\\python.exe -m mypy . --strict --no-warn-unused-configs --show-error-codes --warn-return-any --warn-unreachable --disallow-any-unimported --disallow-any-expr --disallow-any-decorated --disallow-any-explicit",
                "cwd": "C:\\x_runner_x\\x_0_make_all_x",
                "duration_seconds": 1.7877985999220982,
                "ended_at": "2025-10-15T03:51:50.565276+00:00",
                "exit": 1,
                "failed_files": [],
                "files_checked": [
                    "__init__.py",
                    "forceit.py",
                    "interface/__init__.py",
                    "interface/gui/__init__.py",
                    "interface/gui/app.py",
                    "interface/gui/commit.py",
                    "interface/gui/tree.py",
                    "manifest.py",
                    "tests/__init__.py",
                    "tests/test_forceit.py",
                    "tests/test_gui_commit.py",
                    "tests/test_gui_exit_code.py",
                    "tests/test_gui_tree.py",
                    "tests/test_orchestrator_clones_stage.py",
                    "tests/test_publish_manifest.py",
                    "x_cls_make_all_x.py"
                ],
                "repo": "x_0_make_all_x",
                "repo_hash": "a717c5a245a010225048762bcbc85d1d39f502900cf456daf0b108a1f16ca032",
                "repo_path": "C:\\x_runner_x\\x_0_make_all_x",
                "started_at": "2025-10-15T03:51:48.777478+00:00",
                "stderr": "",
                "stdout": "manifest.py:266: error: Incompatible types in assignment (expression has type \"tuple[str, ...]\", variable has type \"tuple[str]\")  [assignment]\nx_cls_make_all_x.py:562: error: Name \"entry\" already defined on line 534  [no-redef]\nx_cls_make_all_x.py:562: error: Expression type contains \"Any\" (has type \"dict[Any, Any]\")  [misc]\nx_cls_make_all_x.py:569: error: Argument 1 to \"append\" of \"list\" has incompatible type \"dict[str, Collection[str]]\"; expected \"dict[str, object]\"  [arg-type]\nx_cls_make_all_x.py:569: note: \"dict\" is invariant -- see https://mypy.readthedocs.io/en/stable/common_issues.html#variance\nx_cls_make_all_x.py:569: note: Consider using \"Mapping\" instead, which is covariant in the value type\nx_cls_make_all_x.py:579: error: Incompatible types in assignment (expression has type \"dict[str, object]\", variable has type \"dict[str, Collection[str]]\")  [assignment]\nx_cls_make_all_x.py:603: error: Argument 1 to \"append\" of \"list\" has incompatible type \"dict[str, Collection[str]]\"; expected \"dict[str, object]\"  [arg-type]\nx_cls_make_all_x.py:603: note: \"dict\" is invariant -- see https://mypy.readthedocs.io/en/stable/common_issues.html#variance\nx_cls_make_all_x.py:603: note: Consider using \"Mapping\" instead, which is covariant in the value type\nx_cls_make_all_x.py:646: error: Returning Any from function declared to return \"dict[str, object] | None\"  [no-any-return]\nx_cls_make_all_x.py:646: error: Expression has type \"Any\"  [misc]\nx_cls_make_all_x.py:826: error: Expression type contains \"Any\" (has type \"Any | None\")  [misc]\nx_cls_make_all_x.py:827: error: Expression type contains \"Any\" (has type \"Any | None\")  [misc]\nx_cls_make_all_x.py:829: error: Expression type contains \"Any\" (has type \"Any | None\")  [misc]\nx_cls_make_all_x.py:833: error: Expression type contains \"Any\" (has type \"Any | None\")  [misc]\nx_cls_make_all_x.py:834: error: Expression type contains \"Any\" (has type \"Any | None\")  [misc]\nx_cls_make_all_x.py:836: error: Expression has type \"Any\"  [misc]\nx_cls_make_all_x.py:839: error: Expression has type \"Any\"  [misc]\nx_cls_make_all_x.py:993: error: Expression type contains \"Any\" (has type \"Any | None\")  [misc]\nx_cls_make_all_x.py:994: error: Expression type contains \"Any\" (has type \"Any | None\")  [misc]\nx_cls_make_all_x.py:995: error: Expression has type \"Any\"  [misc]\nx_cls_make_all_x.py:998: error: Expression has type \"Any\"  [misc]\nx_cls_make_all_x.py:1129: error: Expression type contains \"Any\" (has type \"Any | None\")  [misc]\nx_cls_make_all_x.py:1130: error: Expression type contains \"Any\" (has type \"Any | None\")  [misc]\nx_cls_make_all_x.py:1131: error: Expression has type \"Any\"  [misc]\nx_cls_make_all_x.py:1134: error: Expression has type \"Any\"  [misc]\ntests\\test_orchestrator_clones_stage.py:76: error: Explicit \"Any\" is not allowed  [explicit-any]\ntests\\test_orchestrator_clones_stage.py:76: error: Expression type contains \"Any\" (has type \"list[dict[str, Any]]\")  [misc]\ntests\\test_orchestrator_clones_stage.py:77: error: Expression type contains \"Any\" (has type \"dict[str, Any]\")  [misc]\ntests\\test_orchestrator_clones_stage.py:77: error: Expression type contains \"Any\" (has type \"Generator[dict[str, Any], None, None]\")  [misc]\ntests\\test_orchestrator_clones_stage.py:77: error: Expression type contains \"Any\" (has type \"list[dict[str, Any]]\")  [misc]\ntests\\test_orchestrator_clones_stage.py:77: error: Expression type contains \"Any\" (has type \"Any | None\")  [misc]\ntests\\test_orchestrator_clones_stage.py:77: error: Expression type contains \"Any\" (has type \"Any | bool\")  [misc]\ntests\\test_orchestrator_clones_stage.py:78: error: Explicit \"Any\" is not allowed  [explicit-any]\ntests\\test_orchestrator_clones_stage.py:78: error: Expression type contains \"Any\" (has type \"dict[str, Any]\")  [misc]\ntests\\test_orchestrator_clones_stage.py:79: error: Expression type contains \"Any\" (has type \"dict[str, Any]\")  [misc]\ntests\\test_orchestrator_clones_stage.py:80: error: Expression type contains \"Any\" (has type \"dict[str, Any]\")  [misc]\ntests\\test_orchestrator_clones_stage.py:80: error: Expression has type \"Any\"  [misc]\ntests\\test_orchestrator_clones_stage.py:81: error: Expression type contains \"Any\" (has type \"dict[str, Any]\")  [misc]\ntests\\test_orchestrator_clones_stage.py:81: error: Expression has type \"Any\"  [misc]\ntests\\test_orchestrator_clones_stage.py:84: error: Expression type contains \"Any\" (has type \"dict[str, Any]\")  [misc]\ntests\\test_orchestrator_clones_stage.py:84: error: Expression type contains \"Any\" (has type \"list[Any]\")  [misc]\ntests\\test_orchestrator_clones_stage.py:87: error: Explicit \"Any\" is not allowed  [explicit-any]\ntests\\test_orchestrator_clones_stage.py:87: error: Expression type contains \"Any\" (has type \"dict[str, Any]\")  [misc]\ntests\\test_orchestrator_clones_stage.py:88: error: Expression type contains \"Any\" (has type \"dict[str, Any]\")  [misc]\ntests\\test_orchestrator_clones_stage.py:89: error: Expression type contains \"Any\" (has type \"dict[str, Any]\")  [misc]\ntests\\test_orchestrator_clones_stage.py:89: error: Expression has type \"Any\"  [misc]\ntests\\test_orchestrator_clones_stage.py:90: error: Expression type contains \"Any\" (has type \"dict[str, Any]\")  [misc]\ntests\\test_orchestrator_clones_stage.py:90: error: Expression has type \"Any\"  [misc]\nFound 46 errors in 3 files (checked 16 source files)\n",
                "tool": "mypy",
                "tool_module": "mypy",
                "tool_version": "mypy 1.18.2 (compiled: yes)"
            },
            "exit": "exit 1",
            "message": "mypy failed for x_0_make_all_x (exit 1)\ncwd: C:\\x_runner_x\\x_0_make_all_x\ncommand: C:\\x_runner_x\\x_make_yahw_x\\.venv\\Scripts\\python.exe -m mypy . --strict --no-warn-unused-configs --show-error-codes --warn-return-any --warn-unreachable --disallow-any-unimported --disallow-any-expr --disallow-any-decorated --disallow-any-explicit\nstarted_at: 2025-10-15T03:51:48.777478+00:00\nduration: 1.788s\ntool_version: mypy 1.18.2 (compiled: yes)\nstdout:\nmanifest.py:266: error: Incompatible types in assignment (expression has type \"tuple[str, ...]\", variable has type \"tuple[str]\")  [assignment]\nx_cls_make_all_x.py:562: error: Name \"entry\" already defined on line 534  [no-redef]\nx_cls_make_all_x.py:562: error: Expression type contains \"Any\" (has type \"dict[Any, Any]\")  [misc]\nx_cls_make_all_x.py:569: error: Argument 1 to \"append\" of \"list\" has incompatible type \"dict[str, Collection[str]]\"; expected \"dict[str, object]\"  [arg-type]\nx_cls_make_all_x.py:569: note: \"dict\" is invariant -- see https://mypy.readthedocs.io/en/stable/common_issues.html#variance\n\u2026\nstderr:\n<empty>",
            "repo": "x_0_make_all_x",
            "repo_path": "C:\\x_runner_x\\x_0_make_all_x",
            "stderr_preview": null,
            "stdout_preview": "manifest.py:266: error: Incompatible types in assignment (expression has type \"tuple[str, ...]\", variable has type \"tuple[str]\")  [assignment]\nx_cls_make_all_x.py:562: error: Name \"entry\" already defined on line 534  [no-redef]\nx_cls_make_all_x.py:562: error: Expression type contains \"Any\" (has type \"dict[Any, Any]\")  [misc]\nx_cls_make_all_x.py:569: error: Argument 1 to \"append\" of \"list\" has incompatible type \"dict[str, Collection[str]]\"; expected \"dict[str, object]\"  [arg-type]\nx_cls_make_all_x.py:569: note: \"dict\" is invariant -- see https://mypy.readthedocs.io/en/stable/common_issues.html#variance\n\u2026",
            "suggested_action": "Investigate",
            "summary": "mypy failed for x_0_make_all_x (exit 1) cwd: C:\\x_runner_x\\x_0_make_all_x command: C:\\x_runner_x\\x_make_yahw_x\\.venv\\Scripts\\python.exe -m mypy . --strict --no-warn-unused-configs --show-error-codes --warn-return-any --warn-unreachable --d\u2026",
            "tool": "mypy",
            "tool_version": "mypy 1.18.2 (compiled: yes)"
        },
        {
            "captured_at": "2025-10-15T03:51:48.769413+00:00",
            "command": "C:\\x_runner_x\\x_make_yahw_x\\.venv\\Scripts\\python.exe -m ruff check . --select ALL --ignore D,COM812,ISC001,T20 --line-length 88 --target-version py311",
            "detail": {
                "cached": false,
                "cmd": [
                    "C:\\x_runner_x\\x_make_yahw_x\\.venv\\Scripts\\python.exe",
                    "-m",
                    "ruff",
                    "check",
                    ".",
                    "--select",
                    "ALL",
                    "--ignore",
                    "D,COM812,ISC001,T20",
                    "--line-length",
                    "88",
                    "--target-version",
                    "py311"
                ],
                "cmd_display": "C:\\x_runner_x\\x_make_yahw_x\\.venv\\Scripts\\python.exe -m ruff check . --select ALL --ignore D,COM812,ISC001,T20 --line-length 88 --target-version py311",
                "cwd": "C:\\x_runner_x\\x_0_make_all_x",
                "duration_seconds": 0.3827905999496579,
                "ended_at": "2025-10-15T03:51:48.769413+00:00",
                "exit": 1,
                "failed_files": [],
                "files_checked": [
                    "__init__.py",
                    "forceit.py",
                    "interface/__init__.py",
                    "interface/gui/__init__.py",
                    "interface/gui/app.py",
                    "interface/gui/commit.py",
                    "interface/gui/tree.py",
                    "manifest.py",
                    "tests/__init__.py",
                    "tests/test_forceit.py",
                    "tests/test_gui_commit.py",
                    "tests/test_gui_exit_code.py",
                    "tests/test_gui_tree.py",
                    "tests/test_orchestrator_clones_stage.py",
                    "tests/test_publish_manifest.py",
                    "x_cls_make_all_x.py"
                ],
                "repo": "x_0_make_all_x",
                "repo_hash": "a717c5a245a010225048762bcbc85d1d39f502900cf456daf0b108a1f16ca032",
                "repo_path": "C:\\x_runner_x\\x_0_make_all_x",
                "started_at": "2025-10-15T03:51:48.386624+00:00",
                "stderr": "",
                "stdout": "RET504 Unnecessary assignment to `normalized` before `return` statement\n   --> interface\\gui\\app.py:339:16\n    |\n337 |             return \"\"\n338 |         normalized = _normalize_repo_name(value).lower()\n339 |         return normalized\n    |                ^^^^^^^^^^\n340 |\n341 |     def _set_cell_state(\n    |\nhelp: Remove unnecessary assignment\n\nC901 `_apply_summary_backfill` is too complex (25 > 10)\n   --> interface\\gui\\app.py:445:9\n    |\n443 |         return lookup\n444 |\n445 |     def _apply_summary_backfill(self) -> None:\n    |         ^^^^^^^^^^^^^^^^^^^^^^^\n446 |         report_path = self._find_latest_visitor_report()\n447 |         if report_path is None:\n    |\n\nPLR0912 Too many branches (25 > 12)\n   --> interface\\gui\\app.py:445:9\n    |\n443 |         return lookup\n444 |\n445 |     def _apply_summary_backfill(self) -> None:\n    |         ^^^^^^^^^^^^^^^^^^^^^^^\n446 |         report_path = self._find_latest_visitor_report()\n447 |         if report_path is None:\n    |\n\nPLR0915 Too many statements (73 > 50)\n   --> interface\\gui\\app.py:445:9\n    |\n443 |         return lookup\n444 |\n445 |     def _apply_summary_backfill(self) -> None:\n    |         ^^^^^^^^^^^^^^^^^^^^^^^\n446 |         report_path = self._find_latest_visitor_report()\n447 |         if report_path is None:\n    |\n\nC901 `_apply_telemetry_event` is too complex (21 > 10)\n   --> interface\\gui\\app.py:533:9\n    |\n531 |             )\n532 |\n533 |     def _apply_telemetry_event(\n    |         ^^^^^^^^^^^^^^^^^^^^^^\n534 |         self, event: dict[str, object]\n535 |     ) -> None:\n    |\n\nPLR0911 Too many return statements (9 > 6)\n   --> interface\\gui\\app.py:533:9\n    |\n531 |             )\n532 |\n533 |     def _apply_telemetry_event(\n    |         ^^^^^^^^^^^^^^^^^^^^^^\n534 |         self, event: dict[str, object]\n535 |     ) -> None:\n    |\n\nPLR0912 Too many branches (21 > 12)\n   --> interface\\gui\\app.py:533:9\n    |\n531 |             )\n532 |\n533 |     def _apply_telemetry_event(\n    |         ^^^^^^^^^^^^^^^^^^^^^^\n534 |         self, event: dict[str, object]\n535 |     ) -> None:\n    |\n\nC901 `manifest_python_allowlist` is too complex (14 > 10)\n   --> manifest.py:232:5\n    |\n232 | def manifest_python_allowlist(\n    |     ^^^^^^^^^^^^^^^^^^^^^^^^^\n233 |     entries: Sequence[ManifestEntry],\n234 | ) -> dict[str, tuple[str, ...]]:\n    |\n\nTC003 Move standard library import `pathlib.Path` into a type-checking block\n --> tests\\test_orchestrator_clones_stage.py:3:21\n  |\n1 | from __future__ import annotations\n2 |\n3 | from pathlib import Path\n  |                     ^^^^\n4 | from types import SimpleNamespace\n5 | from typing import Any, cast\n  |\nhelp: Move into type-checking block\n\nTC002 Move third-party import `_pytest.monkeypatch.MonkeyPatch` into a type-checking block\n --> tests\\test_orchestrator_clones_stage.py:7:33\n  |\n5 | from typing import Any, cast\n6 |\n7 | from _pytest.monkeypatch import MonkeyPatch\n  |                                 ^^^^^^^^^^^\n8 |\n9 | import x_0_make_all_x.x_cls_make_all_x as orchestrator_module\n  |\nhelp: Move into type-checking block\n\nARG001 Unused function argument: `self`\n  --> tests\\test_orchestrator_clones_stage.py:25:27\n   |\n23 |         force_reclone=False,\n24 |     )\n25 |     def _options_override(self: object, ctx: object) -> SimpleNamespace:\n   |                           ^^^^\n26 |         return options\n   |\n\nARG001 Unused function argument: `ctx`\n  --> tests\\test_orchestrator_clones_stage.py:25:41\n   |\n23 |         force_reclone=False,\n24 |     )\n25 |     def _options_override(self: object, ctx: object) -> SimpleNamespace:\n   |                                         ^^^\n26 |         return options\n   |\n\nARG001 Unused function argument: `self`\n  --> tests\\test_orchestrator_clones_stage.py:28:28\n   |\n26 |         return options\n27 |\n28 |     def _delegate_override(self: object) -> None:\n   |                            ^^^^\n29 |         return None\n   |\n\nS101 Use of `assert` detected\n  --> tests\\test_orchestrator_clones_stage.py:70:5\n   |\n69 |     cloner = orchestrator.clone_repos(ctx=None)\n70 |     assert isinstance(cloner, StubCloner)\n   |     ^^^^^^\n71 |\n72 |     summary = orchestrator.generate_run_summary()\n   |\n\nS101 Use of `assert` detected\n  --> tests\\test_orchestrator_clones_stage.py:73:5\n   |\n72 |     summary = orchestrator.generate_run_summary()\n73 |     assert isinstance(summary, dict)\n   |     ^^^^^^\n74 |     stages = summary.get(\"stages\")\n75 |     assert isinstance(stages, list)\n   |\n\nS101 Use of `assert` detected\n  --> tests\\test_orchestrator_clones_stage.py:75:5\n   |\n73 |     assert isinstance(summary, dict)\n74 |     stages = summary.get(\"stages\")\n75 |     assert isinstance(stages, list)\n   |     ^^^^^^\n76 |     typed_stages = cast(\"list[dict[str, Any]]\", stages)\n77 |     cloning_stage = next(stage for stage in typed_stages if stage.get(\"id\") == \"cloning\")\n   |\n\nE501 Line too long (89 > 88)\n  --> tests\\test_orchestrator_clones_stage.py:77:89\n   |\n75 |     assert isinstance(stages, list)\n76 |     typed_stages = cast(\"list[dict[str, Any]]\", stages)\n77 |     cloning_stage = next(stage for stage in typed_stages if stage.get(\"id\") == \"cloning\")\n   |                                                                                         ^\n78 |     metadata = cast(\"dict[str, Any]\", cloning_stage.get(\"metadata\"))\n79 |     assert metadata is not None\n   |\n\nS101 Use of `assert` detected\n  --> tests\\test_orchestrator_clones_stage.py:79:5\n   |\n77 |     cloning_stage = next(stage for stage in typed_stages if stage.get(\"id\") == \"cloning\")\n78 |     metadata = cast(\"dict[str, Any]\", cloning_stage.get(\"metadata\"))\n79 |     assert metadata is not None\n   |     ^^^^^^\n80 |     assert metadata[\"report_path\"].endswith(\"clones_run.json\")\n81 |     assert metadata[\"report_summary\"] == report_summary\n   |\n\nS101 Use of `assert` detected\n  --> tests\\test_orchestrator_clones_stage.py:80:5\n   |\n78 |     metadata = cast(\"dict[str, Any]\", cloning_stage.get(\"metadata\"))\n79 |     assert metadata is not None\n80 |     assert metadata[\"report_path\"].endswith(\"clones_run.json\")\n   |     ^^^^^^\n81 |     assert metadata[\"report_summary\"] == report_summary\n82 |     assert any(\n   |\n\nS101 Use of `assert` detected\n  --> tests\\test_orchestrator_clones_stage.py:81:5\n   |\n79 |     assert metadata is not None\n80 |     assert metadata[\"report_path\"].endswith(\"clones_run.json\")\n81 |     assert metadata[\"report_summary\"] == report_summary\n   |     ^^^^^^\n82 |     assert any(\n83 |         \"Recorded clones JSON report\" in message\n   |\n\nS101 Use of `assert` detected\n  --> tests\\test_orchestrator_clones_stage.py:82:5\n   |\n80 |     assert metadata[\"report_path\"].endswith(\"clones_run.json\")\n81 |     assert metadata[\"report_summary\"] == report_summary\n82 |     assert any(\n   |     ^^^^^^\n83 |         \"Recorded clones JSON report\" in message\n84 |         for message in cast(\"list[str]\", cloning_stage.get(\"messages\", []))\n   |\n\nS101 Use of `assert` detected\n  --> tests\\test_orchestrator_clones_stage.py:88:5\n   |\n87 |     artifacts = cast(\"dict[str, Any]\", summary.get(\"artifacts\"))\n88 |     assert artifacts is not None\n   |     ^^^^^^\n89 |     assert artifacts[\"clones_report_path\"].endswith(\"clones_run.json\")\n90 |     assert artifacts[\"clones_report_summary\"] == report_summary\n   |\n\nS101 Use of `assert` detected\n  --> tests\\test_orchestrator_clones_stage.py:89:5\n   |\n87 |     artifacts = cast(\"dict[str, Any]\", summary.get(\"artifacts\"))\n88 |     assert artifacts is not None\n89 |     assert artifacts[\"clones_report_path\"].endswith(\"clones_run.json\")\n   |     ^^^^^^\n90 |     assert artifacts[\"clones_report_summary\"] == report_summary\n   |\n\nS101 Use of `assert` detected\n  --> tests\\test_orchestrator_clones_stage.py:90:5\n   |\n88 |     assert artifacts is not None\n89 |     assert artifacts[\"clones_report_path\"].endswith(\"clones_run.json\")\n90 |     assert artifacts[\"clones_report_summary\"] == report_summary\n   |     ^^^^^^\n   |\n\nPLR0912 Too many branches (17 > 12)\n   --> x_cls_make_all_x.py:529:9\n    |\n527 |         return Path(__file__).resolve().parent / \"reports\"\n528 |\n529 |     def generate_run_summary(self) -> dict[str, object]:\n    |         ^^^^^^^^^^^^^^^^^^^^\n530 |         stage_entries: list[dict[str, object]] = []\n531 |         for stage_id, default_title in self._KANBAN_STAGE_TEMPLATES:\n    |\n\nC901 `generate_run_summary` is too complex (14 > 10)\n   --> x_cls_make_all_x.py:529:9\n    |\n527 |         return Path(__file__).resolve().parent / \"reports\"\n528 |\n529 |     def generate_run_summary(self) -> dict[str, object]:\n    |         ^^^^^^^^^^^^^^^^^^^^\n530 |         stage_entries: list[dict[str, object]] = []\n531 |         for stage_id, default_title in self._KANBAN_STAGE_TEMPLATES:\n    |\n\nC901 `clone_repos` is too complex (24 > 10)\n   --> x_cls_make_all_x.py:692:9\n    |\n691 |     # Step 3: clone repositories (moved logic from freestanding clone_repos)\n692 |     def clone_repos(self, ctx: OrchestratorContext | None) -> object:\n    |         ^^^^^^^^^^^\n693 |         options = self._cloner_options(ctx)\n694 |         metadata: dict[str, object] = {\n    |\n\nPLR0912 Too many branches (26 > 12)\n   --> x_cls_make_all_x.py:692:9\n    |\n691 |     # Step 3: clone repositories (moved logic from freestanding clone_repos)\n692 |     def clone_repos(self, ctx: OrchestratorContext | None) -> object:\n    |         ^^^^^^^^^^^\n693 |         options = self._cloner_options(ctx)\n694 |         metadata: dict[str, object] = {\n    |\n\nPLR0915 Too many statements (97 > 50)\n   --> x_cls_make_all_x.py:692:9\n    |\n691 |     # Step 3: clone repositories (moved logic from freestanding clone_repos)\n692 |     def clone_repos(self, ctx: OrchestratorContext | None) -> object:\n    |         ^^^^^^^^^^^\n693 |         options = self._cloner_options(ctx)\n694 |         metadata: dict[str, object] = {\n    |\n\nE501 Line too long (90 > 88)\n   --> x_cls_make_all_x.py:781:89\n    |\n779 |                         callable_attr()\n780 |                         stage_messages.append(\n781 |                             f\"Invoked cloner.{method_name}() without positional overrides\"\n    |                                                                                         ^^\n782 |                         )\n783 |                     except (\n    |\n\nE501 Line too long (91 > 88)\n   --> x_cls_make_all_x.py:792:89\n    |\n790 |                         _error(\"Cloner run failed:\", err)\n791 |                         stage_messages.append(\n792 |                             f\"cloner.{method_name}() reported an error: {entrypoint_error}\"\n    |                                                                                         ^^^\n793 |                         )\n794 |                     break\n    |\n\nC901 `_launch_command_center` is too complex (11 > 10)\n    --> x_cls_make_all_x.py:1203:5\n     |\n1203 | def _launch_command_center(orchestrator: MakeAllOrchestrator) -> None:\n     |     ^^^^^^^^^^^^^^^^^^^^^^\n1204 |     summary_path = orchestrator.summary_path\n1205 |     if summary_path is None:\n     |\n\nFound 32 errors.\nNo fixes available (3 hidden fixes can be enabled with the `--unsafe-fixes` option).\n",
                "tool": "ruff_check",
                "tool_module": "ruff",
                "tool_version": "ruff 0.14.0"
            },
            "exit": "exit 1",
            "message": "ruff_check failed for x_0_make_all_x (exit 1)\ncwd: C:\\x_runner_x\\x_0_make_all_x\ncommand: C:\\x_runner_x\\x_make_yahw_x\\.venv\\Scripts\\python.exe -m ruff check . --select ALL --ignore D,COM812,ISC001,T20 --line-length 88 --target-version py311\nstarted_at: 2025-10-15T03:51:48.386624+00:00\nduration: 0.383s\ntool_version: ruff 0.14.0\nstdout:\nRET504 Unnecessary assignment to `normalized` before `return` statement\n   --> interface\\gui\\app.py:339:16\n    |\n337 |             return \"\"\n338 |         normalized = _normalize_repo_name(value).lower()\n\u2026\nstderr:\n<empty>",
            "repo": "x_0_make_all_x",
            "repo_path": "C:\\x_runner_x\\x_0_make_all_x",
            "stderr_preview": null,
            "stdout_preview": "RET504 Unnecessary assignment to `normalized` before `return` statement\n   --> interface\\gui\\app.py:339:16\n    |\n337 |             return \"\"\n338 |         normalized = _normalize_repo_name(value).lower()\n\u2026",
            "suggested_action": "Investigate",
            "summary": "ruff_check failed for x_0_make_all_x (exit 1) cwd: C:\\x_runner_x\\x_0_make_all_x command: C:\\x_runner_x\\x_make_yahw_x\\.venv\\Scripts\\python.exe -m ruff check . --select ALL --ignore D,COM812,ISC001,T20 --line-length 88 --target-version py311\u2026",
            "tool": "ruff_check",
            "tool_version": "ruff 0.14.0"
        },
        {
            "captured_at": "2025-10-15T03:51:44.262128+00:00",
            "command": "C:\\x_runner_x\\x_make_yahw_x\\.venv\\Scripts\\python.exe -m ruff check . --fix --select ALL --ignore D,COM812,ISC001,T20 --line-length 88 --target-version py311",
            "detail": {
                "cached": false,
                "cmd": [
                    "C:\\x_runner_x\\x_make_yahw_x\\.venv\\Scripts\\python.exe",
                    "-m",
                    "ruff",
                    "check",
                    ".",
                    "--fix",
                    "--select",
                    "ALL",
                    "--ignore",
                    "D,COM812,ISC001,T20",
                    "--line-length",
                    "88",
                    "--target-version",
                    "py311"
                ],
                "cmd_display": "C:\\x_runner_x\\x_make_yahw_x\\.venv\\Scripts\\python.exe -m ruff check . --fix --select ALL --ignore D,COM812,ISC001,T20 --line-length 88 --target-version py311",
                "cwd": "C:\\x_runner_x\\x_0_make_all_x",
                "duration_seconds": 0.33679680002387613,
                "ended_at": "2025-10-15T03:51:44.262128+00:00",
                "exit": 1,
                "failed_files": [],
                "files_checked": [
                    "__init__.py",
                    "forceit.py",
                    "interface/__init__.py",
                    "interface/gui/__init__.py",
                    "interface/gui/app.py",
                    "interface/gui/commit.py",
                    "interface/gui/tree.py",
                    "manifest.py",
                    "tests/__init__.py",
                    "tests/test_forceit.py",
                    "tests/test_gui_commit.py",
                    "tests/test_gui_exit_code.py",
                    "tests/test_gui_tree.py",
                    "tests/test_orchestrator_clones_stage.py",
                    "tests/test_publish_manifest.py",
                    "x_cls_make_all_x.py"
                ],
                "repo": "x_0_make_all_x",
                "repo_hash": "a717c5a245a010225048762bcbc85d1d39f502900cf456daf0b108a1f16ca032",
                "repo_path": "C:\\x_runner_x\\x_0_make_all_x",
                "started_at": "2025-10-15T03:51:43.925332+00:00",
                "stderr": "",
                "stdout": "RET504 Unnecessary assignment to `normalized` before `return` statement\n   --> interface\\gui\\app.py:339:16\n    |\n337 |             return \"\"\n338 |         normalized = _normalize_repo_name(value).lower()\n339 |         return normalized\n    |                ^^^^^^^^^^\n340 |\n341 |     def _set_cell_state(\n    |\nhelp: Remove unnecessary assignment\n\nC901 `_apply_summary_backfill` is too complex (25 > 10)\n   --> interface\\gui\\app.py:445:9\n    |\n443 |         return lookup\n444 |\n445 |     def _apply_summary_backfill(self) -> None:\n    |         ^^^^^^^^^^^^^^^^^^^^^^^\n446 |         report_path = self._find_latest_visitor_report()\n447 |         if report_path is None:\n    |\n\nPLR0912 Too many branches (25 > 12)\n   --> interface\\gui\\app.py:445:9\n    |\n443 |         return lookup\n444 |\n445 |     def _apply_summary_backfill(self) -> None:\n    |         ^^^^^^^^^^^^^^^^^^^^^^^\n446 |         report_path = self._find_latest_visitor_report()\n447 |         if report_path is None:\n    |\n\nPLR0915 Too many statements (73 > 50)\n   --> interface\\gui\\app.py:445:9\n    |\n443 |         return lookup\n444 |\n445 |     def _apply_summary_backfill(self) -> None:\n    |         ^^^^^^^^^^^^^^^^^^^^^^^\n446 |         report_path = self._find_latest_visitor_report()\n447 |         if report_path is None:\n    |\n\nC901 `_apply_telemetry_event` is too complex (21 > 10)\n   --> interface\\gui\\app.py:533:9\n    |\n531 |             )\n532 |\n533 |     def _apply_telemetry_event(\n    |         ^^^^^^^^^^^^^^^^^^^^^^\n534 |         self, event: dict[str, object]\n535 |     ) -> None:\n    |\n\nPLR0911 Too many return statements (9 > 6)\n   --> interface\\gui\\app.py:533:9\n    |\n531 |             )\n532 |\n533 |     def _apply_telemetry_event(\n    |         ^^^^^^^^^^^^^^^^^^^^^^\n534 |         self, event: dict[str, object]\n535 |     ) -> None:\n    |\n\nPLR0912 Too many branches (21 > 12)\n   --> interface\\gui\\app.py:533:9\n    |\n531 |             )\n532 |\n533 |     def _apply_telemetry_event(\n    |         ^^^^^^^^^^^^^^^^^^^^^^\n534 |         self, event: dict[str, object]\n535 |     ) -> None:\n    |\n\nC901 `manifest_python_allowlist` is too complex (14 > 10)\n   --> manifest.py:232:5\n    |\n232 | def manifest_python_allowlist(\n    |     ^^^^^^^^^^^^^^^^^^^^^^^^^\n233 |     entries: Sequence[ManifestEntry],\n234 | ) -> dict[str, tuple[str, ...]]:\n    |\n\nTC003 Move standard library import `pathlib.Path` into a type-checking block\n --> tests\\test_orchestrator_clones_stage.py:3:21\n  |\n1 | from __future__ import annotations\n2 |\n3 | from pathlib import Path\n  |                     ^^^^\n4 | from types import SimpleNamespace\n5 | from typing import Any, cast\n  |\nhelp: Move into type-checking block\n\nTC002 Move third-party import `_pytest.monkeypatch.MonkeyPatch` into a type-checking block\n --> tests\\test_orchestrator_clones_stage.py:7:33\n  |\n5 | from typing import Any, cast\n6 |\n7 | from _pytest.monkeypatch import MonkeyPatch\n  |                                 ^^^^^^^^^^^\n8 |\n9 | import x_0_make_all_x.x_cls_make_all_x as orchestrator_module\n  |\nhelp: Move into type-checking block\n\nARG001 Unused function argument: `self`\n  --> tests\\test_orchestrator_clones_stage.py:25:27\n   |\n23 |         force_reclone=False,\n24 |     )\n25 |     def _options_override(self: object, ctx: object) -> SimpleNamespace:\n   |                           ^^^^\n26 |         return options\n   |\n\nARG001 Unused function argument: `ctx`\n  --> tests\\test_orchestrator_clones_stage.py:25:41\n   |\n23 |         force_reclone=False,\n24 |     )\n25 |     def _options_override(self: object, ctx: object) -> SimpleNamespace:\n   |                                         ^^^\n26 |         return options\n   |\n\nARG001 Unused function argument: `self`\n  --> tests\\test_orchestrator_clones_stage.py:28:28\n   |\n26 |         return options\n27 |\n28 |     def _delegate_override(self: object) -> None:\n   |                            ^^^^\n29 |         return None\n   |\n\nS101 Use of `assert` detected\n  --> tests\\test_orchestrator_clones_stage.py:70:5\n   |\n69 |     cloner = orchestrator.clone_repos(ctx=None)\n70 |     assert isinstance(cloner, StubCloner)\n   |     ^^^^^^\n71 |\n72 |     summary = orchestrator.generate_run_summary()\n   |\n\nS101 Use of `assert` detected\n  --> tests\\test_orchestrator_clones_stage.py:73:5\n   |\n72 |     summary = orchestrator.generate_run_summary()\n73 |     assert isinstance(summary, dict)\n   |     ^^^^^^\n74 |     stages = summary.get(\"stages\")\n75 |     assert isinstance(stages, list)\n   |\n\nS101 Use of `assert` detected\n  --> tests\\test_orchestrator_clones_stage.py:75:5\n   |\n73 |     assert isinstance(summary, dict)\n74 |     stages = summary.get(\"stages\")\n75 |     assert isinstance(stages, list)\n   |     ^^^^^^\n76 |     typed_stages = cast(\"list[dict[str, Any]]\", stages)\n77 |     cloning_stage = next(stage for stage in typed_stages if stage.get(\"id\") == \"cloning\")\n   |\n\nE501 Line too long (89 > 88)\n  --> tests\\test_orchestrator_clones_stage.py:77:89\n   |\n75 |     assert isinstance(stages, list)\n76 |     typed_stages = cast(\"list[dict[str, Any]]\", stages)\n77 |     cloning_stage = next(stage for stage in typed_stages if stage.get(\"id\") == \"cloning\")\n   |                                                                                         ^\n78 |     metadata = cast(\"dict[str, Any]\", cloning_stage.get(\"metadata\"))\n79 |     assert metadata is not None\n   |\n\nS101 Use of `assert` detected\n  --> tests\\test_orchestrator_clones_stage.py:79:5\n   |\n77 |     cloning_stage = next(stage for stage in typed_stages if stage.get(\"id\") == \"cloning\")\n78 |     metadata = cast(\"dict[str, Any]\", cloning_stage.get(\"metadata\"))\n79 |     assert metadata is not None\n   |     ^^^^^^\n80 |     assert metadata[\"report_path\"].endswith(\"clones_run.json\")\n81 |     assert metadata[\"report_summary\"] == report_summary\n   |\n\nS101 Use of `assert` detected\n  --> tests\\test_orchestrator_clones_stage.py:80:5\n   |\n78 |     metadata = cast(\"dict[str, Any]\", cloning_stage.get(\"metadata\"))\n79 |     assert metadata is not None\n80 |     assert metadata[\"report_path\"].endswith(\"clones_run.json\")\n   |     ^^^^^^\n81 |     assert metadata[\"report_summary\"] == report_summary\n82 |     assert any(\n   |\n\nS101 Use of `assert` detected\n  --> tests\\test_orchestrator_clones_stage.py:81:5\n   |\n79 |     assert metadata is not None\n80 |     assert metadata[\"report_path\"].endswith(\"clones_run.json\")\n81 |     assert metadata[\"report_summary\"] == report_summary\n   |     ^^^^^^\n82 |     assert any(\n83 |         \"Recorded clones JSON report\" in message\n   |\n\nS101 Use of `assert` detected\n  --> tests\\test_orchestrator_clones_stage.py:82:5\n   |\n80 |     assert metadata[\"report_path\"].endswith(\"clones_run.json\")\n81 |     assert metadata[\"report_summary\"] == report_summary\n82 |     assert any(\n   |     ^^^^^^\n83 |         \"Recorded clones JSON report\" in message\n84 |         for message in cast(\"list[str]\", cloning_stage.get(\"messages\", []))\n   |\n\nS101 Use of `assert` detected\n  --> tests\\test_orchestrator_clones_stage.py:88:5\n   |\n87 |     artifacts = cast(\"dict[str, Any]\", summary.get(\"artifacts\"))\n88 |     assert artifacts is not None\n   |     ^^^^^^\n89 |     assert artifacts[\"clones_report_path\"].endswith(\"clones_run.json\")\n90 |     assert artifacts[\"clones_report_summary\"] == report_summary\n   |\n\nS101 Use of `assert` detected\n  --> tests\\test_orchestrator_clones_stage.py:89:5\n   |\n87 |     artifacts = cast(\"dict[str, Any]\", summary.get(\"artifacts\"))\n88 |     assert artifacts is not None\n89 |     assert artifacts[\"clones_report_path\"].endswith(\"clones_run.json\")\n   |     ^^^^^^\n90 |     assert artifacts[\"clones_report_summary\"] == report_summary\n   |\n\nS101 Use of `assert` detected\n  --> tests\\test_orchestrator_clones_stage.py:90:5\n   |\n88 |     assert artifacts is not None\n89 |     assert artifacts[\"clones_report_path\"].endswith(\"clones_run.json\")\n90 |     assert artifacts[\"clones_report_summary\"] == report_summary\n   |     ^^^^^^\n   |\n\nPLR0912 Too many branches (17 > 12)\n   --> x_cls_make_all_x.py:529:9\n    |\n527 |         return Path(__file__).resolve().parent / \"reports\"\n528 |\n529 |     def generate_run_summary(self) -> dict[str, object]:\n    |         ^^^^^^^^^^^^^^^^^^^^\n530 |         stage_entries: list[dict[str, object]] = []\n531 |         for stage_id, default_title in self._KANBAN_STAGE_TEMPLATES:\n    |\n\nC901 `generate_run_summary` is too complex (14 > 10)\n   --> x_cls_make_all_x.py:529:9\n    |\n527 |         return Path(__file__).resolve().parent / \"reports\"\n528 |\n529 |     def generate_run_summary(self) -> dict[str, object]:\n    |         ^^^^^^^^^^^^^^^^^^^^\n530 |         stage_entries: list[dict[str, object]] = []\n531 |         for stage_id, default_title in self._KANBAN_STAGE_TEMPLATES:\n    |\n\nC901 `clone_repos` is too complex (24 > 10)\n   --> x_cls_make_all_x.py:692:9\n    |\n691 |     # Step 3: clone repositories (moved logic from freestanding clone_repos)\n692 |     def clone_repos(self, ctx: OrchestratorContext | None) -> object:\n    |         ^^^^^^^^^^^\n693 |         options = self._cloner_options(ctx)\n694 |         metadata: dict[str, object] = {\n    |\n\nPLR0912 Too many branches (26 > 12)\n   --> x_cls_make_all_x.py:692:9\n    |\n691 |     # Step 3: clone repositories (moved logic from freestanding clone_repos)\n692 |     def clone_repos(self, ctx: OrchestratorContext | None) -> object:\n    |         ^^^^^^^^^^^\n693 |         options = self._cloner_options(ctx)\n694 |         metadata: dict[str, object] = {\n    |\n\nPLR0915 Too many statements (97 > 50)\n   --> x_cls_make_all_x.py:692:9\n    |\n691 |     # Step 3: clone repositories (moved logic from freestanding clone_repos)\n692 |     def clone_repos(self, ctx: OrchestratorContext | None) -> object:\n    |         ^^^^^^^^^^^\n693 |         options = self._cloner_options(ctx)\n694 |         metadata: dict[str, object] = {\n    |\n\nE501 Line too long (90 > 88)\n   --> x_cls_make_all_x.py:781:89\n    |\n779 |                         callable_attr()\n780 |                         stage_messages.append(\n781 |                             f\"Invoked cloner.{method_name}() without positional overrides\"\n    |                                                                                         ^^\n782 |                         )\n783 |                     except (\n    |\n\nE501 Line too long (91 > 88)\n   --> x_cls_make_all_x.py:792:89\n    |\n790 |                         _error(\"Cloner run failed:\", err)\n791 |                         stage_messages.append(\n792 |                             f\"cloner.{method_name}() reported an error: {entrypoint_error}\"\n    |                                                                                         ^^^\n793 |                         )\n794 |                     break\n    |\n\nC901 `_launch_command_center` is too complex (11 > 10)\n    --> x_cls_make_all_x.py:1203:5\n     |\n1203 | def _launch_command_center(orchestrator: MakeAllOrchestrator) -> None:\n     |     ^^^^^^^^^^^^^^^^^^^^^^\n1204 |     summary_path = orchestrator.summary_path\n1205 |     if summary_path is None:\n     |\n\nFound 36 errors (4 fixed, 32 remaining).\nNo fixes available (3 hidden fixes can be enabled with the `--unsafe-fixes` option).\n",
                "tool": "ruff_fix",
                "tool_module": "ruff",
                "tool_version": "ruff 0.14.0"
            },
            "exit": "exit 1",
            "message": "ruff_fix failed for x_0_make_all_x (exit 1)\ncwd: C:\\x_runner_x\\x_0_make_all_x\ncommand: C:\\x_runner_x\\x_make_yahw_x\\.venv\\Scripts\\python.exe -m ruff check . --fix --select ALL --ignore D,COM812,ISC001,T20 --line-length 88 --target-version py311\nstarted_at: 2025-10-15T03:51:43.925332+00:00\nduration: 0.337s\ntool_version: ruff 0.14.0\nstdout:\nRET504 Unnecessary assignment to `normalized` before `return` statement\n   --> interface\\gui\\app.py:339:16\n    |\n337 |             return \"\"\n338 |         normalized = _normalize_repo_name(value).lower()\n\u2026\nstderr:\n<empty>",
            "repo": "x_0_make_all_x",
            "repo_path": "C:\\x_runner_x\\x_0_make_all_x",
            "stderr_preview": null,
            "stdout_preview": "RET504 Unnecessary assignment to `normalized` before `return` statement\n   --> interface\\gui\\app.py:339:16\n    |\n337 |             return \"\"\n338 |         normalized = _normalize_repo_name(value).lower()\n\u2026",
            "suggested_action": "Investigate",
            "summary": "ruff_fix failed for x_0_make_all_x (exit 1) cwd: C:\\x_runner_x\\x_0_make_all_x command: C:\\x_runner_x\\x_make_yahw_x\\.venv\\Scripts\\python.exe -m ruff check . --fix --select ALL --ignore D,COM812,ISC001,T20 --line-length 88 --target-version p\u2026",
            "tool": "ruff_fix",
            "tool_version": "ruff 0.14.0"
        },
        {
            "captured_at": "2025-10-15T03:52:11.849077+00:00",
            "command": "C:\\x_runner_x\\x_make_yahw_x\\.venv\\Scripts\\python.exe -m black . --line-length 88 --target-version py311 --check --diff",
            "detail": {
                "cached": false,
                "cmd": [
                    "C:\\x_runner_x\\x_make_yahw_x\\.venv\\Scripts\\python.exe",
                    "-m",
                    "black",
                    ".",
                    "--line-length",
                    "88",
                    "--target-version",
                    "py311",
                    "--check",
                    "--diff"
                ],
                "cmd_display": "C:\\x_runner_x\\x_make_yahw_x\\.venv\\Scripts\\python.exe -m black . --line-length 88 --target-version py311 --check --diff",
                "cwd": "C:\\x_runner_x\\x_make_common_x",
                "duration_seconds": 2.0517045001033694,
                "ended_at": "2025-10-15T03:52:11.849077+00:00",
                "exit": 1,
                "failed_files": [],
                "files_checked": [
                    "__init__.py",
                    "json_board.py",
                    "run_reports.py",
                    "telemetry.py",
                    "tests/__init__.py",
                    "tests/test_json_board.py",
                    "tests/test_subprocess_utils.py",
                    "tests/test_telemetry.py",
                    "x_cls_make_common_x.py",
                    "x_env_x.py",
                    "x_http_client_x.py",
                    "x_logging_utils_x.py",
                    "x_subprocess_utils_x.py"
                ],
                "repo": "x_make_common_x",
                "repo_hash": "4bcf16a7ebb0601301a44f3f2eaa8fbfcafbe1e347f1d75ab63c42fdbb8d8cf1",
                "repo_path": "C:\\x_runner_x\\x_make_common_x",
                "started_at": "2025-10-15T03:52:09.797375+00:00",
                "stderr": "would reformat C:\\x_runner_x\\x_make_common_x\\run_reports.py\n\nOh no! \\U0001f4a5 \\U0001f494 \\U0001f4a5\n1 file would be reformatted, 12 files would be left unchanged.\n",
                "stdout": "--- C:\\x_runner_x\\x_make_common_x\\run_reports.py\t2025-10-15 03:09:05.151004+00:00\n+++ C:\\x_runner_x\\x_make_common_x\\run_reports.py\t2025-10-15 03:52:11.339247+00:00\n@@ -40,11 +40,13 @@\n def isoformat_timestamp(moment: datetime | None = None) -> str:\n     current = (moment or datetime.now(UTC)).replace(microsecond=0)\n     return current.isoformat().replace(\"+00:00\", \"Z\")\n \n \n-def _ensure_mapping(payload: Mapping[str, Any] | MutableMapping[str, Any]) -> dict[str, Any]:\n+def _ensure_mapping(\n+    payload: Mapping[str, Any] | MutableMapping[str, Any],\n+) -> dict[str, Any]:\n     if isinstance(payload, dict):\n         return dict(payload)\n     return {str(key): value for key, value in payload.items()}\n \n \n",
                "tool": "black",
                "tool_module": "black",
                "tool_version": "python -m black, 25.9.0 (compiled: yes)\nPython (CPython) 3.13.7"
            },
            "exit": "exit 1",
            "message": "black failed for x_make_common_x (exit 1)\ncwd: C:\\x_runner_x\\x_make_common_x\ncommand: C:\\x_runner_x\\x_make_yahw_x\\.venv\\Scripts\\python.exe -m black . --line-length 88 --target-version py311 --check --diff\nstarted_at: 2025-10-15T03:52:09.797375+00:00\nduration: 2.052s\ntool_version: python -m black, 25.9.0 (compiled: yes)\nPython (CPython) 3.13.7\nstdout:\n--- C:\\x_runner_x\\x_make_common_x\\run_reports.py\t2025-10-15 03:09:05.151004+00:00\n+++ C:\\x_runner_x\\x_make_common_x\\run_reports.py\t2025-10-15 03:52:11.339247+00:00\n@@ -40,11 +40,13 @@\n def isoformat_timestamp(moment: datetime | None = None) -> str:\n     current = (moment or datetime.now(UTC)).replace(microsecond=0)\n\u2026\nstderr:\nwould reformat C:\\x_runner_x\\x_make_common_x\\run_reports.py\n\nOh no! \\U0001f4a5 \\U0001f494 \\U0001f4a5\n1 file would be reformatted, 12 files would be left unchanged.",
            "repo": "x_make_common_x",
            "repo_path": "C:\\x_runner_x\\x_make_common_x",
            "stderr_preview": "would reformat C:\\x_runner_x\\x_make_common_x\\run_reports.py\n\nOh no! \\U0001f4a5 \\U0001f494 \\U0001f4a5\n1 file would be reformatted, 12 files would be left unchanged.",
            "stdout_preview": "--- C:\\x_runner_x\\x_make_common_x\\run_reports.py\t2025-10-15 03:09:05.151004+00:00\n+++ C:\\x_runner_x\\x_make_common_x\\run_reports.py\t2025-10-15 03:52:11.339247+00:00\n@@ -40,11 +40,13 @@\n def isoformat_timestamp(moment: datetime | None = None) -> str:\n     current = (moment or datetime.now(UTC)).replace(microsecond=0)\n\u2026",
            "suggested_action": "Investigate",
            "summary": "black failed for x_make_common_x (exit 1) cwd: C:\\x_runner_x\\x_make_common_x command: C:\\x_runner_x\\x_make_yahw_x\\.venv\\Scripts\\python.exe -m black . --line-length 88 --target-version py311 --check --diff started_at: 2025-10-15T03:52:09.79\u2026",
            "tool": "black",
            "tool_version": "python -m black, 25.9.0 (compiled: yes)\nPython (CPython) 3.13.7"
        },
        {
            "captured_at": "2025-10-15T03:52:13.411365+00:00",
            "command": "C:\\x_runner_x\\x_make_yahw_x\\.venv\\Scripts\\python.exe -m mypy . --strict --no-warn-unused-configs --show-error-codes --warn-return-any --warn-unreachable --disallow-any-unimported --disallow-any-expr --disallow-any-decorated --disallow-any-explicit",
            "detail": {
                "cached": false,
                "cmd": [
                    "C:\\x_runner_x\\x_make_yahw_x\\.venv\\Scripts\\python.exe",
                    "-m",
                    "mypy",
                    ".",
                    "--strict",
                    "--no-warn-unused-configs",
                    "--show-error-codes",
                    "--warn-return-any",
                    "--warn-unreachable",
                    "--disallow-any-unimported",
                    "--disallow-any-expr",
                    "--disallow-any-decorated",
                    "--disallow-any-explicit"
                ],
                "cmd_display": "C:\\x_runner_x\\x_make_yahw_x\\.venv\\Scripts\\python.exe -m mypy . --strict --no-warn-unused-configs --show-error-codes --warn-return-any --warn-unreachable --disallow-any-unimported --disallow-any-expr --disallow-any-decorated --disallow-any-explicit",
                "cwd": "C:\\x_runner_x\\x_make_common_x",
                "duration_seconds": 1.213417899911292,
                "ended_at": "2025-10-15T03:52:13.411365+00:00",
                "exit": 1,
                "failed_files": [],
                "files_checked": [
                    "__init__.py",
                    "json_board.py",
                    "run_reports.py",
                    "telemetry.py",
                    "tests/__init__.py",
                    "tests/test_json_board.py",
                    "tests/test_subprocess_utils.py",
                    "tests/test_telemetry.py",
                    "x_cls_make_common_x.py",
                    "x_env_x.py",
                    "x_http_client_x.py",
                    "x_logging_utils_x.py",
                    "x_subprocess_utils_x.py"
                ],
                "repo": "x_make_common_x",
                "repo_hash": "4bcf16a7ebb0601301a44f3f2eaa8fbfcafbe1e347f1d75ab63c42fdbb8d8cf1",
                "repo_path": "C:\\x_runner_x\\x_make_common_x",
                "started_at": "2025-10-15T03:52:12.197919+00:00",
                "stderr": "",
                "stdout": "run_reports.py:45: error: Explicit \"Any\" is not allowed  [explicit-any]\nrun_reports.py:46: error: Expression type contains \"Any\" (has type \"Mapping[str, Any] | MutableMapping[str, Any]\")  [misc]\nrun_reports.py:47: error: Expression type contains \"Any\" (has type \"dict[str, Any]\")  [misc]\nrun_reports.py:48: error: Expression type contains \"Any\" (has type \"tuple[str, Any]\")  [misc]\nrun_reports.py:48: error: Expression has type \"Any\"  [misc]\nrun_reports.py:48: error: Expression type contains \"Any\" (has type \"dict[str, Any]\")  [misc]\nrun_reports.py:48: error: Expression type contains \"Any\" (has type \"Mapping[str, Any] | MutableMapping[str, Any]\")  [misc]\nrun_reports.py:48: error: Expression type contains \"Any\" (has type \"ItemsView[str, Any]\")  [misc]\nrun_reports.py:51: error: Explicit \"Any\" is not allowed  [explicit-any]\nrun_reports.py:66: error: Expression type contains \"Any\" (has type \"dict[str, Any]\")  [misc]\nrun_reports.py:66: error: Expression type contains \"Any\" (has type \"Mapping[str, Any] | MutableMapping[str, Any]\")  [misc]\nrun_reports.py:67: error: Expression type contains \"Any\" (has type \"dict[str, Any]\")  [misc]\nrun_reports.py:68: error: Expression type contains \"Any\" (has type \"dict[str, Any]\")  [misc]\nrun_reports.py:71: error: Expression type contains \"Any\" (has type \"dict[str, Any]\")  [misc]\njson_board.py:113: error: Expression type contains \"Any\" (has type \"Callable[[Any], Any]\")  [misc]\njson_board.py:113: error: Expression has type \"Any\"  [misc]\njson_board.py:121: error: Expression has type \"Any\"  [misc]\njson_board.py:122: error: Expression has type \"Any\"  [misc]\nx_cls_make_common_x.py:95: error: Expression type contains \"Any\" (has type \"dict[str, Any]\")  [misc]\nFound 19 errors in 3 files (checked 13 source files)\n",
                "tool": "mypy",
                "tool_module": "mypy",
                "tool_version": "mypy 1.18.2 (compiled: yes)"
            },
            "exit": "exit 1",
            "message": "mypy failed for x_make_common_x (exit 1)\ncwd: C:\\x_runner_x\\x_make_common_x\ncommand: C:\\x_runner_x\\x_make_yahw_x\\.venv\\Scripts\\python.exe -m mypy . --strict --no-warn-unused-configs --show-error-codes --warn-return-any --warn-unreachable --disallow-any-unimported --disallow-any-expr --disallow-any-decorated --disallow-any-explicit\nstarted_at: 2025-10-15T03:52:12.197919+00:00\nduration: 1.213s\ntool_version: mypy 1.18.2 (compiled: yes)\nstdout:\nrun_reports.py:45: error: Explicit \"Any\" is not allowed  [explicit-any]\nrun_reports.py:46: error: Expression type contains \"Any\" (has type \"Mapping[str, Any] | MutableMapping[str, Any]\")  [misc]\nrun_reports.py:47: error: Expression type contains \"Any\" (has type \"dict[str, Any]\")  [misc]\nrun_reports.py:48: error: Expression type contains \"Any\" (has type \"tuple[str, Any]\")  [misc]\nrun_reports.py:48: error: Expression has type \"Any\"  [misc]\n\u2026\nstderr:\n<empty>",
            "repo": "x_make_common_x",
            "repo_path": "C:\\x_runner_x\\x_make_common_x",
            "stderr_preview": null,
            "stdout_preview": "run_reports.py:45: error: Explicit \"Any\" is not allowed  [explicit-any]\nrun_reports.py:46: error: Expression type contains \"Any\" (has type \"Mapping[str, Any] | MutableMapping[str, Any]\")  [misc]\nrun_reports.py:47: error: Expression type contains \"Any\" (has type \"dict[str, Any]\")  [misc]\nrun_reports.py:48: error: Expression type contains \"Any\" (has type \"tuple[str, Any]\")  [misc]\nrun_reports.py:48: error: Expression has type \"Any\"  [misc]\n\u2026",
            "suggested_action": "Investigate",
            "summary": "mypy failed for x_make_common_x (exit 1) cwd: C:\\x_runner_x\\x_make_common_x command: C:\\x_runner_x\\x_make_yahw_x\\.venv\\Scripts\\python.exe -m mypy . --strict --no-warn-unused-configs --show-error-codes --warn-return-any --warn-unreachable -\u2026",
            "tool": "mypy",
            "tool_version": "mypy 1.18.2 (compiled: yes)"
        },
        {
            "captured_at": "2025-10-15T03:52:12.192119+00:00",
            "command": "C:\\x_runner_x\\x_make_yahw_x\\.venv\\Scripts\\python.exe -m ruff check . --select ALL --ignore D,COM812,ISC001,T20 --line-length 88 --target-version py311",
            "detail": {
                "cached": false,
                "cmd": [
                    "C:\\x_runner_x\\x_make_yahw_x\\.venv\\Scripts\\python.exe",
                    "-m",
                    "ruff",
                    "check",
                    ".",
                    "--select",
                    "ALL",
                    "--ignore",
                    "D,COM812,ISC001,T20",
                    "--line-length",
                    "88",
                    "--target-version",
                    "py311"
                ],
                "cmd_display": "C:\\x_runner_x\\x_make_yahw_x\\.venv\\Scripts\\python.exe -m ruff check . --select ALL --ignore D,COM812,ISC001,T20 --line-length 88 --target-version py311",
                "cwd": "C:\\x_runner_x\\x_make_common_x",
                "duration_seconds": 0.3390817999606952,
                "ended_at": "2025-10-15T03:52:12.192119+00:00",
                "exit": 1,
                "failed_files": [],
                "files_checked": [
                    "__init__.py",
                    "json_board.py",
                    "run_reports.py",
                    "telemetry.py",
                    "tests/__init__.py",
                    "tests/test_json_board.py",
                    "tests/test_subprocess_utils.py",
                    "tests/test_telemetry.py",
                    "x_cls_make_common_x.py",
                    "x_env_x.py",
                    "x_http_client_x.py",
                    "x_logging_utils_x.py",
                    "x_subprocess_utils_x.py"
                ],
                "repo": "x_make_common_x",
                "repo_hash": "4bcf16a7ebb0601301a44f3f2eaa8fbfcafbe1e347f1d75ab63c42fdbb8d8cf1",
                "repo_path": "C:\\x_runner_x\\x_make_common_x",
                "started_at": "2025-10-15T03:52:11.853035+00:00",
                "stderr": "",
                "stdout": "TC003 Move standard library import `builtins` into a type-checking block\n --> json_board.py:5:8\n  |\n3 | from __future__ import annotations\n4 |\n5 | import builtins\n  |        ^^^^^^^^\n6 | import contextlib\n7 | import json\n  |\nhelp: Move into type-checking block\n\nTC003 Move standard library import `collections.abc.Mapping` into a type-checking block\n --> run_reports.py:4:29\n  |\n3 | import json\n4 | from collections.abc import Mapping, MutableMapping\n  |                             ^^^^^^^\n5 | from datetime import UTC, datetime\n6 | from pathlib import Path\n  |\nhelp: Move into type-checking block\n\nTC003 Move standard library import `collections.abc.MutableMapping` into a type-checking block\n --> run_reports.py:4:38\n  |\n3 | import json\n4 | from collections.abc import Mapping, MutableMapping\n  |                                      ^^^^^^^^^^^^^^\n5 | from datetime import UTC, datetime\n6 | from pathlib import Path\n  |\nhelp: Move into type-checking block\n\nE501 Line too long (93 > 88)\n  --> run_reports.py:45:89\n   |\n45 | def _ensure_mapping(payload: Mapping[str, Any] | MutableMapping[str, Any]) -> dict[str, Any]:\n   |                                                                                         ^^^^^\n46 |     if isinstance(payload, dict):\n47 |         return dict(payload)\n   |\n\nPLR0913 Too many arguments in function definition (6 > 5)\n  --> run_reports.py:51:5\n   |\n51 | def write_run_report(\n   |     ^^^^^^^^^^^^^^^^\n52 |     tool_slug: str,\n53 |     payload: Mapping[str, Any] | MutableMapping[str, Any],\n   |\n\nB904 Within an `except` clause, raise exceptions with `raise ... from err` or `raise ... from None` to distinguish them from errors in exception handling\n  --> x_cls_make_common_x.py:99:9\n   |\n97 |     except Exception as exc:  # noqa: BLE001 - surface failure for operators\n98 |         _error(\"x_make_common_x diagnostics failed:\", exc)\n99 |         raise SystemExit(1)\n   |         ^^^^^^^^^^^^^^^^^^^\n   |\n\nFound 6 errors.\nNo fixes available (3 hidden fixes can be enabled with the `--unsafe-fixes` option).\n",
                "tool": "ruff_check",
                "tool_module": "ruff",
                "tool_version": "ruff 0.14.0"
            },
            "exit": "exit 1",
            "message": "ruff_check failed for x_make_common_x (exit 1)\ncwd: C:\\x_runner_x\\x_make_common_x\ncommand: C:\\x_runner_x\\x_make_yahw_x\\.venv\\Scripts\\python.exe -m ruff check . --select ALL --ignore D,COM812,ISC001,T20 --line-length 88 --target-version py311\nstarted_at: 2025-10-15T03:52:11.853035+00:00\nduration: 0.339s\ntool_version: ruff 0.14.0\nstdout:\nTC003 Move standard library import `builtins` into a type-checking block\n --> json_board.py:5:8\n  |\n3 | from __future__ import annotations\n4 |\n\u2026\nstderr:\n<empty>",
            "repo": "x_make_common_x",
            "repo_path": "C:\\x_runner_x\\x_make_common_x",
            "stderr_preview": null,
            "stdout_preview": "TC003 Move standard library import `builtins` into a type-checking block\n --> json_board.py:5:8\n  |\n3 | from __future__ import annotations\n4 |\n\u2026",
            "suggested_action": "Investigate",
            "summary": "ruff_check failed for x_make_common_x (exit 1) cwd: C:\\x_runner_x\\x_make_common_x command: C:\\x_runner_x\\x_make_yahw_x\\.venv\\Scripts\\python.exe -m ruff check . --select ALL --ignore D,COM812,ISC001,T20 --line-length 88 --target-version py3\u2026",
            "tool": "ruff_check",
            "tool_version": "ruff 0.14.0"
        },
        {
            "captured_at": "2025-10-15T03:52:09.793250+00:00",
            "command": "C:\\x_runner_x\\x_make_yahw_x\\.venv\\Scripts\\python.exe -m ruff check . --fix --select ALL --ignore D,COM812,ISC001,T20 --line-length 88 --target-version py311",
            "detail": {
                "cached": false,
                "cmd": [
                    "C:\\x_runner_x\\x_make_yahw_x\\.venv\\Scripts\\python.exe",
                    "-m",
                    "ruff",
                    "check",
                    ".",
                    "--fix",
                    "--select",
                    "ALL",
                    "--ignore",
                    "D,COM812,ISC001,T20",
                    "--line-length",
                    "88",
                    "--target-version",
                    "py311"
                ],
                "cmd_display": "C:\\x_runner_x\\x_make_yahw_x\\.venv\\Scripts\\python.exe -m ruff check . --fix --select ALL --ignore D,COM812,ISC001,T20 --line-length 88 --target-version py311",
                "cwd": "C:\\x_runner_x\\x_make_common_x",
                "duration_seconds": 0.31487010000273585,
                "ended_at": "2025-10-15T03:52:09.793250+00:00",
                "exit": 1,
                "failed_files": [],
                "files_checked": [
                    "__init__.py",
                    "json_board.py",
                    "run_reports.py",
                    "telemetry.py",
                    "tests/__init__.py",
                    "tests/test_json_board.py",
                    "tests/test_subprocess_utils.py",
                    "tests/test_telemetry.py",
                    "x_cls_make_common_x.py",
                    "x_env_x.py",
                    "x_http_client_x.py",
                    "x_logging_utils_x.py",
                    "x_subprocess_utils_x.py"
                ],
                "repo": "x_make_common_x",
                "repo_hash": "4bcf16a7ebb0601301a44f3f2eaa8fbfcafbe1e347f1d75ab63c42fdbb8d8cf1",
                "repo_path": "C:\\x_runner_x\\x_make_common_x",
                "started_at": "2025-10-15T03:52:09.478381+00:00",
                "stderr": "",
                "stdout": "TC003 Move standard library import `builtins` into a type-checking block\n --> json_board.py:5:8\n  |\n3 | from __future__ import annotations\n4 |\n5 | import builtins\n  |        ^^^^^^^^\n6 | import contextlib\n7 | import json\n  |\nhelp: Move into type-checking block\n\nTC003 Move standard library import `collections.abc.Mapping` into a type-checking block\n --> run_reports.py:4:29\n  |\n3 | import json\n4 | from collections.abc import Mapping, MutableMapping\n  |                             ^^^^^^^\n5 | from datetime import UTC, datetime\n6 | from pathlib import Path\n  |\nhelp: Move into type-checking block\n\nTC003 Move standard library import `collections.abc.MutableMapping` into a type-checking block\n --> run_reports.py:4:38\n  |\n3 | import json\n4 | from collections.abc import Mapping, MutableMapping\n  |                                      ^^^^^^^^^^^^^^\n5 | from datetime import UTC, datetime\n6 | from pathlib import Path\n  |\nhelp: Move into type-checking block\n\nE501 Line too long (93 > 88)\n  --> run_reports.py:45:89\n   |\n45 | def _ensure_mapping(payload: Mapping[str, Any] | MutableMapping[str, Any]) -> dict[str, Any]:\n   |                                                                                         ^^^^^\n46 |     if isinstance(payload, dict):\n47 |         return dict(payload)\n   |\n\nPLR0913 Too many arguments in function definition (6 > 5)\n  --> run_reports.py:51:5\n   |\n51 | def write_run_report(\n   |     ^^^^^^^^^^^^^^^^\n52 |     tool_slug: str,\n53 |     payload: Mapping[str, Any] | MutableMapping[str, Any],\n   |\n\nB904 Within an `except` clause, raise exceptions with `raise ... from err` or `raise ... from None` to distinguish them from errors in exception handling\n  --> x_cls_make_common_x.py:99:9\n   |\n97 |     except Exception as exc:  # noqa: BLE001 - surface failure for operators\n98 |         _error(\"x_make_common_x diagnostics failed:\", exc)\n99 |         raise SystemExit(1)\n   |         ^^^^^^^^^^^^^^^^^^^\n   |\n\nFound 6 errors.\nNo fixes available (3 hidden fixes can be enabled with the `--unsafe-fixes` option).\n",
                "tool": "ruff_fix",
                "tool_module": "ruff",
                "tool_version": "ruff 0.14.0"
            },
            "exit": "exit 1",
            "message": "ruff_fix failed for x_make_common_x (exit 1)\ncwd: C:\\x_runner_x\\x_make_common_x\ncommand: C:\\x_runner_x\\x_make_yahw_x\\.venv\\Scripts\\python.exe -m ruff check . --fix --select ALL --ignore D,COM812,ISC001,T20 --line-length 88 --target-version py311\nstarted_at: 2025-10-15T03:52:09.478381+00:00\nduration: 0.315s\ntool_version: ruff 0.14.0\nstdout:\nTC003 Move standard library import `builtins` into a type-checking block\n --> json_board.py:5:8\n  |\n3 | from __future__ import annotations\n4 |\n\u2026\nstderr:\n<empty>",
            "repo": "x_make_common_x",
            "repo_path": "C:\\x_runner_x\\x_make_common_x",
            "stderr_preview": null,
            "stdout_preview": "TC003 Move standard library import `builtins` into a type-checking block\n --> json_board.py:5:8\n  |\n3 | from __future__ import annotations\n4 |\n\u2026",
            "suggested_action": "Investigate",
            "summary": "ruff_fix failed for x_make_common_x (exit 1) cwd: C:\\x_runner_x\\x_make_common_x command: C:\\x_runner_x\\x_make_yahw_x\\.venv\\Scripts\\python.exe -m ruff check . --fix --select ALL --ignore D,COM812,ISC001,T20 --line-length 88 --target-version\u2026",
            "tool": "ruff_fix",
            "tool_version": "ruff 0.14.0"
        },
        {
            "captured_at": "2025-10-15T03:52:19.841151+00:00",
            "command": "C:\\x_runner_x\\x_make_yahw_x\\.venv\\Scripts\\python.exe -m black . --line-length 88 --target-version py311 --check --diff",
            "detail": {
                "cached": false,
                "cmd": [
                    "C:\\x_runner_x\\x_make_yahw_x\\.venv\\Scripts\\python.exe",
                    "-m",
                    "black",
                    ".",
                    "--line-length",
                    "88",
                    "--target-version",
                    "py311",
                    "--check",
                    "--diff"
                ],
                "cmd_display": "C:\\x_runner_x\\x_make_yahw_x\\.venv\\Scripts\\python.exe -m black . --line-length 88 --target-version py311 --check --diff",
                "cwd": "C:\\x_runner_x\\x_make_github_clones_x",
                "duration_seconds": 2.91977409995161,
                "ended_at": "2025-10-15T03:52:19.841151+00:00",
                "exit": 1,
                "failed_files": [],
                "files_checked": [
                    "__init__.py",
                    "fastapi/__init__.py",
                    "fastapi/__main__.py",
                    "fastapi/cli.py",
                    "fastapi_cli/__init__.py",
                    "fastapi_cli/cli.py",
                    "tests/__init__.py",
                    "tests/test_make_github_clones.py",
                    "x_cls_make_github_clones_x.py",
                    "x_make_github_clones_x/__init__.py",
                    "x_make_github_clones_x/x_cls_make_github_clones_x.py"
                ],
                "repo": "x_make_github_clones_x",
                "repo_hash": "a041605a8b2b5129868c762f8fcc01e4da8d6b53e9cef9ee798a608aa5e6792f",
                "repo_path": "C:\\x_runner_x\\x_make_github_clones_x",
                "started_at": "2025-10-15T03:52:16.921378+00:00",
                "stderr": "would reformat C:\\x_runner_x\\x_make_github_clones_x\\x_cls_make_github_clones_x.py\n\nOh no! \\U0001f4a5 \\U0001f494 \\U0001f4a5\n1 file would be reformatted, 10 files would be left unchanged.\n",
                "stdout": "--- C:\\x_runner_x\\x_make_github_clones_x\\x_cls_make_github_clones_x.py\t2025-10-15 03:52:16.838483+00:00\n+++ C:\\x_runner_x\\x_make_github_clones_x\\x_cls_make_github_clones_x.py\t2025-10-15 03:52:19.386560+00:00\n@@ -67,11 +67,13 @@\n     resolved_filename = filename or f\"{tool_slug}_run_{stamp}.json\"\n     data = dict(payload)\n     data.setdefault(\"tool\", tool_slug)\n     data.setdefault(\"generated_at\", _fallback_isoformat_timestamp(moment))\n     report_path = reports_dir / resolved_filename\n-    report_path.write_text(json.dumps(data, indent=2, sort_keys=False), encoding=\"utf-8\")\n+    report_path.write_text(\n+        json.dumps(data, indent=2, sort_keys=False), encoding=\"utf-8\"\n+    )\n     return report_path\n \n \n def _isoformat_timestamp(moment: datetime | None = None) -> str:\n     if _common_isoformat_timestamp is not None:\n@@ -97,10 +99,11 @@\n         \"x_make_github_clones_x\",\n         payload,\n         base_dir=base_dir,\n         timestamp=moment,\n     )\n+\n \n JsonDict = dict[str, object]\n \n T_co = TypeVar(\"T_co\", covariant=True)\n \n",
                "tool": "black",
                "tool_module": "black",
                "tool_version": "python -m black, 25.9.0 (compiled: yes)\nPython (CPython) 3.13.7"
            },
            "exit": "exit 1",
            "message": "black failed for x_make_github_clones_x (exit 1)\ncwd: C:\\x_runner_x\\x_make_github_clones_x\ncommand: C:\\x_runner_x\\x_make_yahw_x\\.venv\\Scripts\\python.exe -m black . --line-length 88 --target-version py311 --check --diff\nstarted_at: 2025-10-15T03:52:16.921378+00:00\nduration: 2.920s\ntool_version: python -m black, 25.9.0 (compiled: yes)\nPython (CPython) 3.13.7\nstdout:\n--- C:\\x_runner_x\\x_make_github_clones_x\\x_cls_make_github_clones_x.py\t2025-10-15 03:52:16.838483+00:00\n+++ C:\\x_runner_x\\x_make_github_clones_x\\x_cls_make_github_clones_x.py\t2025-10-15 03:52:19.386560+00:00\n@@ -67,11 +67,13 @@\n     resolved_filename = filename or f\"{tool_slug}_run_{stamp}.json\"\n     data = dict(payload)\n\u2026\nstderr:\nwould reformat C:\\x_runner_x\\x_make_github_clones_x\\x_cls_make_github_clones_x.py\n\nOh no! \\U0001f4a5 \\U0001f494 \\U0001f4a5\n1 file would be reformatted, 10 files would be left unchanged.",
            "repo": "x_make_github_clones_x",
            "repo_path": "C:\\x_runner_x\\x_make_github_clones_x",
            "stderr_preview": "would reformat C:\\x_runner_x\\x_make_github_clones_x\\x_cls_make_github_clones_x.py\n\nOh no! \\U0001f4a5 \\U0001f494 \\U0001f4a5\n1 file would be reformatted, 10 files would be left unchanged.",
            "stdout_preview": "--- C:\\x_runner_x\\x_make_github_clones_x\\x_cls_make_github_clones_x.py\t2025-10-15 03:52:16.838483+00:00\n+++ C:\\x_runner_x\\x_make_github_clones_x\\x_cls_make_github_clones_x.py\t2025-10-15 03:52:19.386560+00:00\n@@ -67,11 +67,13 @@\n     resolved_filename = filename or f\"{tool_slug}_run_{stamp}.json\"\n     data = dict(payload)\n\u2026",
            "suggested_action": "Investigate",
            "summary": "black failed for x_make_github_clones_x (exit 1) cwd: C:\\x_runner_x\\x_make_github_clones_x command: C:\\x_runner_x\\x_make_yahw_x\\.venv\\Scripts\\python.exe -m black . --line-length 88 --target-version py311 --check --diff started_at: 2025-10-\u2026",
            "tool": "black",
            "tool_version": "python -m black, 25.9.0 (compiled: yes)\nPython (CPython) 3.13.7"
        },
        {
            "captured_at": "2025-10-15T03:52:21.608668+00:00",
            "command": "C:\\x_runner_x\\x_make_yahw_x\\.venv\\Scripts\\python.exe -m mypy . --strict --no-warn-unused-configs --show-error-codes --warn-return-any --warn-unreachable --disallow-any-unimported --disallow-any-expr --disallow-any-decorated --disallow-any-explicit",
            "detail": {
                "cached": false,
                "cmd": [
                    "C:\\x_runner_x\\x_make_yahw_x\\.venv\\Scripts\\python.exe",
                    "-m",
                    "mypy",
                    ".",
                    "--strict",
                    "--no-warn-unused-configs",
                    "--show-error-codes",
                    "--warn-return-any",
                    "--warn-unreachable",
                    "--disallow-any-unimported",
                    "--disallow-any-expr",
                    "--disallow-any-decorated",
                    "--disallow-any-explicit"
                ],
                "cmd_display": "C:\\x_runner_x\\x_make_yahw_x\\.venv\\Scripts\\python.exe -m mypy . --strict --no-warn-unused-configs --show-error-codes --warn-return-any --warn-unreachable --disallow-any-unimported --disallow-any-expr --disallow-any-decorated --disallow-any-explicit",
                "cwd": "C:\\x_runner_x\\x_make_github_clones_x",
                "duration_seconds": 1.3940848000347614,
                "ended_at": "2025-10-15T03:52:21.608668+00:00",
                "exit": 1,
                "failed_files": [],
                "files_checked": [
                    "__init__.py",
                    "fastapi/__init__.py",
                    "fastapi/__main__.py",
                    "fastapi/cli.py",
                    "fastapi_cli/__init__.py",
                    "fastapi_cli/cli.py",
                    "tests/__init__.py",
                    "tests/test_make_github_clones.py",
                    "x_cls_make_github_clones_x.py",
                    "x_make_github_clones_x/__init__.py",
                    "x_make_github_clones_x/x_cls_make_github_clones_x.py"
                ],
                "repo": "x_make_github_clones_x",
                "repo_hash": "a041605a8b2b5129868c762f8fcc01e4da8d6b53e9cef9ee798a608aa5e6792f",
                "repo_path": "C:\\x_runner_x\\x_make_github_clones_x",
                "started_at": "2025-10-15T03:52:20.214587+00:00",
                "stderr": "",
                "stdout": "x_cls_make_github_clones_x.py:43: error: Incompatible types in assignment (expression has type \"None\", variable has type \"Callable[[datetime | None], str]\")  [assignment]\nx_cls_make_github_clones_x.py:44: error: Incompatible types in assignment (expression has type \"None\", variable has type \"Callable[[str, Mapping[str, Any] | MutableMapping[str, Any], DefaultNamedArg(Path | str | None, 'base_dir'), DefaultNamedArg(str | None, 'filename'), DefaultNamedArg(datetime | None, 'timestamp'), DefaultNamedArg(str, 'reports_name')], Path]\")  [assignment]\nx_cls_make_github_clones_x.py:79: error: Statement is unreachable  [unreachable]\nx_cls_make_github_clones_x.py:89: error: Expression type contains \"Any\" (has type \"Callable[[str, Mapping[str, Any] | MutableMapping[str, Any], DefaultNamedArg(Path | str | None, 'base_dir'), DefaultNamedArg(str | None, 'filename'), DefaultNamedArg(datetime | None, 'timestamp'), DefaultNamedArg(str, 'reports_name')], Path]\")  [misc]\nx_cls_make_github_clones_x.py:96: error: Statement is unreachable  [unreachable]\nx_cls_make_github_clones_x.py:280: error: Returning Any from function declared to return \"dict[str, object] | None\"  [no-any-return]\nx_cls_make_github_clones_x.py:280: error: Expression has type \"Any\"  [misc]\nx_cls_make_github_clones_x.py:751: error: Expression has type \"Any\"  [misc]\ntests\\test_make_github_clones.py:125: error: Expression has type \"Any\"  [misc]\ntests\\test_make_github_clones.py:126: error: Expression has type \"Any\"  [misc]\ntests\\test_make_github_clones.py:127: error: Expression has type \"Any\"  [misc]\ntests\\test_make_github_clones.py:128: error: Expression has type \"Any\"  [misc]\ntests\\test_make_github_clones.py:129: error: Expression has type \"Any\"  [misc]\ntests\\test_make_github_clones.py:176: error: Expression has type \"Any\"  [misc]\ntests\\test_make_github_clones.py:177: error: Expression has type \"Any\"  [misc]\ntests\\test_make_github_clones.py:178: error: Expression has type \"Any\"  [misc]\ntests\\test_make_github_clones.py:232: error: Expression has type \"Any\"  [misc]\ntests\\test_make_github_clones.py:233: error: Expression has type \"Any\"  [misc]\ntests\\test_make_github_clones.py:234: error: Expression has type \"Any\"  [misc]\ntests\\test_make_github_clones.py:235: error: Expression has type \"Any\"  [misc]\ntests\\test_make_github_clones.py:236: error: Expression has type \"Any\"  [misc]\ntests\\test_make_github_clones.py:262: error: Expression has type \"Any\"  [misc]\ntests\\test_make_github_clones.py:263: error: Expression has type \"Any\"  [misc]\ntests\\test_make_github_clones.py:264: error: Expression has type \"Any\"  [misc]\ntests\\test_make_github_clones.py:265: error: Expression has type \"Any\"  [misc]\nFound 25 errors in 2 files (checked 11 source files)\n",
                "tool": "mypy",
                "tool_module": "mypy",
                "tool_version": "mypy 1.18.2 (compiled: yes)"
            },
            "exit": "exit 1",
            "message": "mypy failed for x_make_github_clones_x (exit 1)\ncwd: C:\\x_runner_x\\x_make_github_clones_x\ncommand: C:\\x_runner_x\\x_make_yahw_x\\.venv\\Scripts\\python.exe -m mypy . --strict --no-warn-unused-configs --show-error-codes --warn-return-any --warn-unreachable --disallow-any-unimported --disallow-any-expr --disallow-any-decorated --disallow-any-explicit\nstarted_at: 2025-10-15T03:52:20.214587+00:00\nduration: 1.394s\ntool_version: mypy 1.18.2 (compiled: yes)\nstdout:\nx_cls_make_github_clones_x.py:43: error: Incompatible types in assignment (expression has type \"None\", variable has type \"Callable[[datetime | None], str]\")  [assignment]\nx_cls_make_github_clones_x.py:44: error: Incompatible types in assignment (expression has type \"None\", variable has type \"Callable[[str, Mapping[str, Any] | MutableMapping[str, Any], DefaultNamedArg(Path | str | None, 'base_dir'), DefaultNamedArg(str | None, 'filename'), DefaultNamedArg(datetime | None, 'timestamp'), DefaultNamedArg(str, 'reports_name')], Path]\")  [assignment]\nx_cls_make_github_clones_x.py:79: error: Statement is unreachable  [unreachable]\nx_cls_make_github_clones_x.py:89: error: Expression type contains \"Any\" (has type \"Callable[[str, Mapping[str, Any] | MutableMapping[str, Any], DefaultNamedArg(Path | str | None, 'base_dir'), DefaultNamedArg(str | None, 'filename'), DefaultNamedArg(datetime | None, 'timestamp'), DefaultNamedArg(str, 'reports_name')], Path]\")  [misc]\nx_cls_make_github_clones_x.py:96: error: Statement is unreachable  [unreachable]\n\u2026\nstderr:\n<empty>",
            "repo": "x_make_github_clones_x",
            "repo_path": "C:\\x_runner_x\\x_make_github_clones_x",
            "stderr_preview": null,
            "stdout_preview": "x_cls_make_github_clones_x.py:43: error: Incompatible types in assignment (expression has type \"None\", variable has type \"Callable[[datetime | None], str]\")  [assignment]\nx_cls_make_github_clones_x.py:44: error: Incompatible types in assignment (expression has type \"None\", variable has type \"Callable[[str, Mapping[str, Any] | MutableMapping[str, Any], DefaultNamedArg(Path | str | None, 'base_dir'), DefaultNamedArg(str | None, 'filename'), DefaultNamedArg(datetime | None, 'timestamp'), DefaultNamedArg(str, 'reports_name')], Path]\")  [assignment]\nx_cls_make_github_clones_x.py:79: error: Statement is unreachable  [unreachable]\nx_cls_make_github_clones_x.py:89: error: Expression type contains \"Any\" (has type \"Callable[[str, Mapping[str, Any] | MutableMapping[str, Any], DefaultNamedArg(Path | str | None, 'base_dir'), DefaultNamedArg(str | None, 'filename'), DefaultNamedArg(datetime | None, 'timestamp'), DefaultNamedArg(str, 'reports_name')], Path]\")  [misc]\nx_cls_make_github_clones_x.py:96: error: Statement is unreachable  [unreachable]\n\u2026",
            "suggested_action": "Investigate",
            "summary": "mypy failed for x_make_github_clones_x (exit 1) cwd: C:\\x_runner_x\\x_make_github_clones_x command: C:\\x_runner_x\\x_make_yahw_x\\.venv\\Scripts\\python.exe -m mypy . --strict --no-warn-unused-configs --show-error-codes --warn-return-any --warn\u2026",
            "tool": "mypy",
            "tool_version": "mypy 1.18.2 (compiled: yes)"
        },
        {
            "captured_at": "2025-10-15T03:52:24.623519+00:00",
            "command": "C:\\x_runner_x\\x_make_yahw_x\\.venv\\Scripts\\python.exe -m pyright . --level error",
            "detail": {
                "cached": false,
                "cmd": [
                    "C:\\x_runner_x\\x_make_yahw_x\\.venv\\Scripts\\python.exe",
                    "-m",
                    "pyright",
                    ".",
                    "--level",
                    "error"
                ],
                "cmd_display": "C:\\x_runner_x\\x_make_yahw_x\\.venv\\Scripts\\python.exe -m pyright . --level error",
                "cwd": "C:\\x_runner_x\\x_make_github_clones_x",
                "duration_seconds": 3.0061209000414237,
                "ended_at": "2025-10-15T03:52:24.623519+00:00",
                "exit": 1,
                "failed_files": [],
                "files_checked": [
                    "__init__.py",
                    "fastapi/__init__.py",
                    "fastapi/__main__.py",
                    "fastapi/cli.py",
                    "fastapi_cli/__init__.py",
                    "fastapi_cli/cli.py",
                    "tests/__init__.py",
                    "tests/test_make_github_clones.py",
                    "x_cls_make_github_clones_x.py",
                    "x_make_github_clones_x/__init__.py",
                    "x_make_github_clones_x/x_cls_make_github_clones_x.py"
                ],
                "repo": "x_make_github_clones_x",
                "repo_hash": "a041605a8b2b5129868c762f8fcc01e4da8d6b53e9cef9ee798a608aa5e6792f",
                "repo_path": "C:\\x_runner_x\\x_make_github_clones_x",
                "started_at": "2025-10-15T03:52:21.617401+00:00",
                "stderr": "",
                "stdout": "c:\\x_runner_x\\x_make_github_clones_x\\x_cls_make_github_clones_x.py\n  c:\\x_runner_x\\x_make_github_clones_x\\x_cls_make_github_clones_x.py:40:10 - error: Import \"x_make_common_x\" could not be resolved (reportMissingImports)\n  c:\\x_runner_x\\x_make_github_clones_x\\x_cls_make_github_clones_x.py:41:10 - error: Import \"x_make_common_x\" could not be resolved (reportMissingImports)\n2 errors, 0 warnings, 0 informations\n",
                "tool": "pyright",
                "tool_module": "pyright",
                "tool_version": "pyright 1.1.406"
            },
            "exit": "exit 1",
            "message": "pyright failed for x_make_github_clones_x (exit 1)\ncwd: C:\\x_runner_x\\x_make_github_clones_x\ncommand: C:\\x_runner_x\\x_make_yahw_x\\.venv\\Scripts\\python.exe -m pyright . --level error\nstarted_at: 2025-10-15T03:52:21.617401+00:00\nduration: 3.006s\ntool_version: pyright 1.1.406\nstdout:\nc:\\x_runner_x\\x_make_github_clones_x\\x_cls_make_github_clones_x.py\n  c:\\x_runner_x\\x_make_github_clones_x\\x_cls_make_github_clones_x.py:40:10 - error: Import \"x_make_common_x\" could not be resolved (reportMissingImports)\n  c:\\x_runner_x\\x_make_github_clones_x\\x_cls_make_github_clones_x.py:41:10 - error: Import \"x_make_common_x\" could not be resolved (reportMissingImports)\n2 errors, 0 warnings, 0 informations\nstderr:\n<empty>",
            "repo": "x_make_github_clones_x",
            "repo_path": "C:\\x_runner_x\\x_make_github_clones_x",
            "stderr_preview": null,
            "stdout_preview": "c:\\x_runner_x\\x_make_github_clones_x\\x_cls_make_github_clones_x.py\n  c:\\x_runner_x\\x_make_github_clones_x\\x_cls_make_github_clones_x.py:40:10 - error: Import \"x_make_common_x\" could not be resolved (reportMissingImports)\n  c:\\x_runner_x\\x_make_github_clones_x\\x_cls_make_github_clones_x.py:41:10 - error: Import \"x_make_common_x\" could not be resolved (reportMissingImports)\n2 errors, 0 warnings, 0 informations",
            "suggested_action": "Investigate",
            "summary": "pyright failed for x_make_github_clones_x (exit 1) cwd: C:\\x_runner_x\\x_make_github_clones_x command: C:\\x_runner_x\\x_make_yahw_x\\.venv\\Scripts\\python.exe -m pyright . --level error started_at: 2025-10-15T03:52:21.617401+00:00 duration: 3.\u2026",
            "tool": "pyright",
            "tool_version": "pyright 1.1.406"
        },
        {
            "captured_at": "2025-10-15T03:52:20.210679+00:00",
            "command": "C:\\x_runner_x\\x_make_yahw_x\\.venv\\Scripts\\python.exe -m ruff check . --select ALL --ignore D,COM812,ISC001,T20 --line-length 88 --target-version py311",
            "detail": {
                "cached": false,
                "cmd": [
                    "C:\\x_runner_x\\x_make_yahw_x\\.venv\\Scripts\\python.exe",
                    "-m",
                    "ruff",
                    "check",
                    ".",
                    "--select",
                    "ALL",
                    "--ignore",
                    "D,COM812,ISC001,T20",
                    "--line-length",
                    "88",
                    "--target-version",
                    "py311"
                ],
                "cmd_display": "C:\\x_runner_x\\x_make_yahw_x\\.venv\\Scripts\\python.exe -m ruff check . --select ALL --ignore D,COM812,ISC001,T20 --line-length 88 --target-version py311",
                "cwd": "C:\\x_runner_x\\x_make_github_clones_x",
                "duration_seconds": 0.365805699955672,
                "ended_at": "2025-10-15T03:52:20.210679+00:00",
                "exit": 1,
                "failed_files": [],
                "files_checked": [
                    "__init__.py",
                    "fastapi/__init__.py",
                    "fastapi/__main__.py",
                    "fastapi/cli.py",
                    "fastapi_cli/__init__.py",
                    "fastapi_cli/cli.py",
                    "tests/__init__.py",
                    "tests/test_make_github_clones.py",
                    "x_cls_make_github_clones_x.py",
                    "x_make_github_clones_x/__init__.py",
                    "x_make_github_clones_x/x_cls_make_github_clones_x.py"
                ],
                "repo": "x_make_github_clones_x",
                "repo_hash": "a041605a8b2b5129868c762f8fcc01e4da8d6b53e9cef9ee798a608aa5e6792f",
                "repo_path": "C:\\x_runner_x\\x_make_github_clones_x",
                "started_at": "2025-10-15T03:52:19.844875+00:00",
                "stderr": "",
                "stdout": "EM101 Exception must not use a string literal, assign to variable first\n   --> tests\\test_make_github_clones.py:248:28\n    |\n246 |         **_kwargs: object,\n247 |     ) -> list[RepoRecord]:\n248 |         raise RuntimeError(\"boom\")\n    |                            ^^^^^^\n249 |\n250 |     monkeypatch.setattr(\n    |\nhelp: Assign to variable; remove string literal\n\nPLR2004 Magic value used in comparison, consider replacing `2` with a constant variable\n   --> tests\\test_make_github_clones.py:258:25\n    |\n257 |     exit_code = client.sync()\n258 |     assert exit_code == 2\n    |                         ^\n259 |\n260 |     report_path = client.last_run_report_path\n    |\n\nPLR2004 Magic value used in comparison, consider replacing `2` with a constant variable\n   --> tests\\test_make_github_clones.py:263:36\n    |\n261 |     assert report_path is not None\n262 |     payload = json.loads(report_path.read_text(encoding=\"utf-8\"))\n263 |     assert payload[\"exit_code\"] == 2\n    |                                    ^\n264 |     assert payload[\"summary\"][\"fetch_error\"] == \"boom\"\n265 |     assert payload[\"repos\"] == []\n    |\n\nTC003 Move standard library import `collections.abc.Mapping` into a type-checking block\n  --> x_cls_make_github_clones_x.py:20:29\n   |\n18 | import urllib.request\n19 | import uuid\n20 | from collections.abc import Mapping, MutableMapping\n   |                             ^^^^^^^\n21 | from contextlib import suppress\n22 | from dataclasses import dataclass\n   |\nhelp: Move into type-checking block\n\nTC003 Move standard library import `collections.abc.MutableMapping` into a type-checking block\n  --> x_cls_make_github_clones_x.py:20:38\n   |\n18 | import urllib.request\n19 | import uuid\n20 | from collections.abc import Mapping, MutableMapping\n   |                                      ^^^^^^^^^^^^^^\n21 | from contextlib import suppress\n22 | from dataclasses import dataclass\n   |\nhelp: Move into type-checking block\n\nE501 Line too long (89 > 88)\n  --> x_cls_make_github_clones_x.py:72:89\n   |\n70 |     data.setdefault(\"generated_at\", _fallback_isoformat_timestamp(moment))\n71 |     report_path = reports_dir / resolved_filename\n72 |     report_path.write_text(json.dumps(data, indent=2, sort_keys=False), encoding=\"utf-8\")\n   |                                                                                         ^\n73 |     return report_path\n   |\n\nPLR0912 Too many branches (16 > 12)\n   --> x_cls_make_github_clones_x.py:634:9\n    |\n632 |         )\n633 |\n634 |     def sync(self, username: str | None = None, dest: str | None = None) -> int:\n    |         ^^^^\n635 |         username = username or self.username\n636 |         dest_candidate = dest or self.target_dir or self.DEFAULT_TARGET_DIR\n    |\n\nPLR0915 Too many statements (77 > 50)\n   --> x_cls_make_github_clones_x.py:634:9\n    |\n632 |         )\n633 |\n634 |     def sync(self, username: str | None = None, dest: str | None = None) -> int:\n    |         ^^^^\n635 |         username = username or self.username\n636 |         dest_candidate = dest or self.target_dir or self.DEFAULT_TARGET_DIR\n    |\n\nC901 `sync` is too complex (15 > 10)\n   --> x_cls_make_github_clones_x.py:634:9\n    |\n632 |         )\n633 |\n634 |     def sync(self, username: str | None = None, dest: str | None = None) -> int:\n    |         ^^^^\n635 |         username = username or self.username\n636 |         dest_candidate = dest or self.target_dir or self.DEFAULT_TARGET_DIR\n    |\n\nF841 Local variable `source_url` is assigned to but never used\n   --> x_cls_make_github_clones_x.py:675:17\n    |\n673 |                     continue\n674 |                 repo_path = dest_path / name\n675 |                 source_url = repo.clone_url or repo.ssh_url or None\n    |                 ^^^^^^^^^^\n676 |                 repo_started = datetime.now(UTC)\n677 |                 git_url = self._repo_clone_url(repo)\n    |\nhelp: Remove assignment to unused variable `source_url`\n\nFound 10 errors.\nNo fixes available (4 hidden fixes can be enabled with the `--unsafe-fixes` option).\n",
                "tool": "ruff_check",
                "tool_module": "ruff",
                "tool_version": "ruff 0.14.0"
            },
            "exit": "exit 1",
            "message": "ruff_check failed for x_make_github_clones_x (exit 1)\ncwd: C:\\x_runner_x\\x_make_github_clones_x\ncommand: C:\\x_runner_x\\x_make_yahw_x\\.venv\\Scripts\\python.exe -m ruff check . --select ALL --ignore D,COM812,ISC001,T20 --line-length 88 --target-version py311\nstarted_at: 2025-10-15T03:52:19.844875+00:00\nduration: 0.366s\ntool_version: ruff 0.14.0\nstdout:\nEM101 Exception must not use a string literal, assign to variable first\n   --> tests\\test_make_github_clones.py:248:28\n    |\n246 |         **_kwargs: object,\n247 |     ) -> list[RepoRecord]:\n\u2026\nstderr:\n<empty>",
            "repo": "x_make_github_clones_x",
            "repo_path": "C:\\x_runner_x\\x_make_github_clones_x",
            "stderr_preview": null,
            "stdout_preview": "EM101 Exception must not use a string literal, assign to variable first\n   --> tests\\test_make_github_clones.py:248:28\n    |\n246 |         **_kwargs: object,\n247 |     ) -> list[RepoRecord]:\n\u2026",
            "suggested_action": "Investigate",
            "summary": "ruff_check failed for x_make_github_clones_x (exit 1) cwd: C:\\x_runner_x\\x_make_github_clones_x command: C:\\x_runner_x\\x_make_yahw_x\\.venv\\Scripts\\python.exe -m ruff check . --select ALL --ignore D,COM812,ISC001,T20 --line-length 88 --targ\u2026",
            "tool": "ruff_check",
            "tool_version": "ruff 0.14.0"
        },
        {
            "captured_at": "2025-10-15T03:52:16.917376+00:00",
            "command": "C:\\x_runner_x\\x_make_yahw_x\\.venv\\Scripts\\python.exe -m ruff check . --fix --select ALL --ignore D,COM812,ISC001,T20 --line-length 88 --target-version py311",
            "detail": {
                "cached": false,
                "cmd": [
                    "C:\\x_runner_x\\x_make_yahw_x\\.venv\\Scripts\\python.exe",
                    "-m",
                    "ruff",
                    "check",
                    ".",
                    "--fix",
                    "--select",
                    "ALL",
                    "--ignore",
                    "D,COM812,ISC001,T20",
                    "--line-length",
                    "88",
                    "--target-version",
                    "py311"
                ],
                "cmd_display": "C:\\x_runner_x\\x_make_yahw_x\\.venv\\Scripts\\python.exe -m ruff check . --fix --select ALL --ignore D,COM812,ISC001,T20 --line-length 88 --target-version py311",
                "cwd": "C:\\x_runner_x\\x_make_github_clones_x",
                "duration_seconds": 0.36639989994000643,
                "ended_at": "2025-10-15T03:52:16.917376+00:00",
                "exit": 1,
                "failed_files": [],
                "files_checked": [
                    "__init__.py",
                    "fastapi/__init__.py",
                    "fastapi/__main__.py",
                    "fastapi/cli.py",
                    "fastapi_cli/__init__.py",
                    "fastapi_cli/cli.py",
                    "tests/__init__.py",
                    "tests/test_make_github_clones.py",
                    "x_cls_make_github_clones_x.py",
                    "x_make_github_clones_x/__init__.py",
                    "x_make_github_clones_x/x_cls_make_github_clones_x.py"
                ],
                "repo": "x_make_github_clones_x",
                "repo_hash": "a041605a8b2b5129868c762f8fcc01e4da8d6b53e9cef9ee798a608aa5e6792f",
                "repo_path": "C:\\x_runner_x\\x_make_github_clones_x",
                "started_at": "2025-10-15T03:52:16.550976+00:00",
                "stderr": "",
                "stdout": "EM101 Exception must not use a string literal, assign to variable first\n   --> tests\\test_make_github_clones.py:248:28\n    |\n246 |         **_kwargs: object,\n247 |     ) -> list[RepoRecord]:\n248 |         raise RuntimeError(\"boom\")\n    |                            ^^^^^^\n249 |\n250 |     monkeypatch.setattr(\n    |\nhelp: Assign to variable; remove string literal\n\nPLR2004 Magic value used in comparison, consider replacing `2` with a constant variable\n   --> tests\\test_make_github_clones.py:258:25\n    |\n257 |     exit_code = client.sync()\n258 |     assert exit_code == 2\n    |                         ^\n259 |\n260 |     report_path = client.last_run_report_path\n    |\n\nPLR2004 Magic value used in comparison, consider replacing `2` with a constant variable\n   --> tests\\test_make_github_clones.py:263:36\n    |\n261 |     assert report_path is not None\n262 |     payload = json.loads(report_path.read_text(encoding=\"utf-8\"))\n263 |     assert payload[\"exit_code\"] == 2\n    |                                    ^\n264 |     assert payload[\"summary\"][\"fetch_error\"] == \"boom\"\n265 |     assert payload[\"repos\"] == []\n    |\n\nTC003 Move standard library import `collections.abc.Mapping` into a type-checking block\n  --> x_cls_make_github_clones_x.py:20:29\n   |\n18 | import urllib.request\n19 | import uuid\n20 | from collections.abc import Mapping, MutableMapping\n   |                             ^^^^^^^\n21 | from contextlib import suppress\n22 | from dataclasses import dataclass\n   |\nhelp: Move into type-checking block\n\nTC003 Move standard library import `collections.abc.MutableMapping` into a type-checking block\n  --> x_cls_make_github_clones_x.py:20:38\n   |\n18 | import urllib.request\n19 | import uuid\n20 | from collections.abc import Mapping, MutableMapping\n   |                                      ^^^^^^^^^^^^^^\n21 | from contextlib import suppress\n22 | from dataclasses import dataclass\n   |\nhelp: Move into type-checking block\n\nE501 Line too long (89 > 88)\n  --> x_cls_make_github_clones_x.py:72:89\n   |\n70 |     data.setdefault(\"generated_at\", _fallback_isoformat_timestamp(moment))\n71 |     report_path = reports_dir / resolved_filename\n72 |     report_path.write_text(json.dumps(data, indent=2, sort_keys=False), encoding=\"utf-8\")\n   |                                                                                         ^\n73 |     return report_path\n   |\n\nPLR0912 Too many branches (16 > 12)\n   --> x_cls_make_github_clones_x.py:634:9\n    |\n632 |         )\n633 |\n634 |     def sync(self, username: str | None = None, dest: str | None = None) -> int:\n    |         ^^^^\n635 |         username = username or self.username\n636 |         dest_candidate = dest or self.target_dir or self.DEFAULT_TARGET_DIR\n    |\n\nPLR0915 Too many statements (77 > 50)\n   --> x_cls_make_github_clones_x.py:634:9\n    |\n632 |         )\n633 |\n634 |     def sync(self, username: str | None = None, dest: str | None = None) -> int:\n    |         ^^^^\n635 |         username = username or self.username\n636 |         dest_candidate = dest or self.target_dir or self.DEFAULT_TARGET_DIR\n    |\n\nC901 `sync` is too complex (15 > 10)\n   --> x_cls_make_github_clones_x.py:634:9\n    |\n632 |         )\n633 |\n634 |     def sync(self, username: str | None = None, dest: str | None = None) -> int:\n    |         ^^^^\n635 |         username = username or self.username\n636 |         dest_candidate = dest or self.target_dir or self.DEFAULT_TARGET_DIR\n    |\n\nF841 Local variable `source_url` is assigned to but never used\n   --> x_cls_make_github_clones_x.py:675:17\n    |\n673 |                     continue\n674 |                 repo_path = dest_path / name\n675 |                 source_url = repo.clone_url or repo.ssh_url or None\n    |                 ^^^^^^^^^^\n676 |                 repo_started = datetime.now(UTC)\n677 |                 git_url = self._repo_clone_url(repo)\n    |\nhelp: Remove assignment to unused variable `source_url`\n\nFound 12 errors (2 fixed, 10 remaining).\nNo fixes available (4 hidden fixes can be enabled with the `--unsafe-fixes` option).\n",
                "tool": "ruff_fix",
                "tool_module": "ruff",
                "tool_version": "ruff 0.14.0"
            },
            "exit": "exit 1",
            "message": "ruff_fix failed for x_make_github_clones_x (exit 1)\ncwd: C:\\x_runner_x\\x_make_github_clones_x\ncommand: C:\\x_runner_x\\x_make_yahw_x\\.venv\\Scripts\\python.exe -m ruff check . --fix --select ALL --ignore D,COM812,ISC001,T20 --line-length 88 --target-version py311\nstarted_at: 2025-10-15T03:52:16.550976+00:00\nduration: 0.366s\ntool_version: ruff 0.14.0\nstdout:\nEM101 Exception must not use a string literal, assign to variable first\n   --> tests\\test_make_github_clones.py:248:28\n    |\n246 |         **_kwargs: object,\n247 |     ) -> list[RepoRecord]:\n\u2026\nstderr:\n<empty>",
            "repo": "x_make_github_clones_x",
            "repo_path": "C:\\x_runner_x\\x_make_github_clones_x",
            "stderr_preview": null,
            "stdout_preview": "EM101 Exception must not use a string literal, assign to variable first\n   --> tests\\test_make_github_clones.py:248:28\n    |\n246 |         **_kwargs: object,\n247 |     ) -> list[RepoRecord]:\n\u2026",
            "suggested_action": "Investigate",
            "summary": "ruff_fix failed for x_make_github_clones_x (exit 1) cwd: C:\\x_runner_x\\x_make_github_clones_x command: C:\\x_runner_x\\x_make_yahw_x\\.venv\\Scripts\\python.exe -m ruff check . --fix --select ALL --ignore D,COM812,ISC001,T20 --line-length 88 --\u2026",
            "tool": "ruff_fix",
            "tool_version": "ruff 0.14.0"
        },
        {
            "captured_at": "2025-10-15T03:52:30.327187+00:00",
            "command": "C:\\x_runner_x\\x_make_yahw_x\\.venv\\Scripts\\python.exe -m mypy . --strict --no-warn-unused-configs --show-error-codes --warn-return-any --warn-unreachable --disallow-any-unimported --disallow-any-expr --disallow-any-decorated --disallow-any-explicit",
            "detail": {
                "cached": false,
                "cmd": [
                    "C:\\x_runner_x\\x_make_yahw_x\\.venv\\Scripts\\python.exe",
                    "-m",
                    "mypy",
                    ".",
                    "--strict",
                    "--no-warn-unused-configs",
                    "--show-error-codes",
                    "--warn-return-any",
                    "--warn-unreachable",
                    "--disallow-any-unimported",
                    "--disallow-any-expr",
                    "--disallow-any-decorated",
                    "--disallow-any-explicit"
                ],
                "cmd_display": "C:\\x_runner_x\\x_make_yahw_x\\.venv\\Scripts\\python.exe -m mypy . --strict --no-warn-unused-configs --show-error-codes --warn-return-any --warn-unreachable --disallow-any-unimported --disallow-any-expr --disallow-any-decorated --disallow-any-explicit",
                "cwd": "C:\\x_runner_x\\x_make_github_visitor_x",
                "duration_seconds": 1.0893104999559,
                "ended_at": "2025-10-15T03:52:30.327187+00:00",
                "exit": 1,
                "failed_files": [],
                "files_checked": [
                    "__init__.py",
                    "inspection_flow.py",
                    "run_external.py",
                    "run_visitor_no_cache.py",
                    "runner.py",
                    "tests/__init__.py",
                    "tests/test_github_visitor.py",
                    "x_cls_make_github_visitor_x.py"
                ],
                "repo": "x_make_github_visitor_x",
                "repo_hash": "a855224622d0c1158ebaaf981f14cb02eed1d108478231de714581ec77e2e66d",
                "repo_path": "C:\\x_runner_x\\x_make_github_visitor_x",
                "started_at": "2025-10-15T03:52:29.237878+00:00",
                "stderr": "",
                "stdout": "x_cls_make_github_visitor_x.py:643: error: Incompatible types in assignment (expression has type \"Mapping[str, object]\", variable has type \"Mapping[str, str]\")  [assignment]\nx_cls_make_github_visitor_x.py:659: error: Expression type contains \"Any\" (has type \"dict[str, Any | None]\")  [misc]\nrunner.py:643: error: Incompatible types in assignment (expression has type \"Mapping[str, object]\", variable has type \"Mapping[str, str]\")  [assignment]\nrunner.py:659: error: Expression type contains \"Any\" (has type \"dict[str, Any | None]\")  [misc]\nFound 4 errors in 2 files (checked 8 source files)\n",
                "tool": "mypy",
                "tool_module": "mypy",
                "tool_version": "mypy 1.18.2 (compiled: yes)"
            },
            "exit": "exit 1",
            "message": "mypy failed for x_make_github_visitor_x (exit 1)\ncwd: C:\\x_runner_x\\x_make_github_visitor_x\ncommand: C:\\x_runner_x\\x_make_yahw_x\\.venv\\Scripts\\python.exe -m mypy . --strict --no-warn-unused-configs --show-error-codes --warn-return-any --warn-unreachable --disallow-any-unimported --disallow-any-expr --disallow-any-decorated --disallow-any-explicit\nstarted_at: 2025-10-15T03:52:29.237878+00:00\nduration: 1.089s\ntool_version: mypy 1.18.2 (compiled: yes)\nstdout:\nx_cls_make_github_visitor_x.py:643: error: Incompatible types in assignment (expression has type \"Mapping[str, object]\", variable has type \"Mapping[str, str]\")  [assignment]\nx_cls_make_github_visitor_x.py:659: error: Expression type contains \"Any\" (has type \"dict[str, Any | None]\")  [misc]\nrunner.py:643: error: Incompatible types in assignment (expression has type \"Mapping[str, object]\", variable has type \"Mapping[str, str]\")  [assignment]\nrunner.py:659: error: Expression type contains \"Any\" (has type \"dict[str, Any | None]\")  [misc]\nFound 4 errors in 2 files (checked 8 source files)\nstderr:\n<empty>",
            "repo": "x_make_github_visitor_x",
            "repo_path": "C:\\x_runner_x\\x_make_github_visitor_x",
            "stderr_preview": null,
            "stdout_preview": "x_cls_make_github_visitor_x.py:643: error: Incompatible types in assignment (expression has type \"Mapping[str, object]\", variable has type \"Mapping[str, str]\")  [assignment]\nx_cls_make_github_visitor_x.py:659: error: Expression type contains \"Any\" (has type \"dict[str, Any | None]\")  [misc]\nrunner.py:643: error: Incompatible types in assignment (expression has type \"Mapping[str, object]\", variable has type \"Mapping[str, str]\")  [assignment]\nrunner.py:659: error: Expression type contains \"Any\" (has type \"dict[str, Any | None]\")  [misc]\nFound 4 errors in 2 files (checked 8 source files)",
            "suggested_action": "Investigate",
            "summary": "mypy failed for x_make_github_visitor_x (exit 1) cwd: C:\\x_runner_x\\x_make_github_visitor_x command: C:\\x_runner_x\\x_make_yahw_x\\.venv\\Scripts\\python.exe -m mypy . --strict --no-warn-unused-configs --show-error-codes --warn-return-any --wa\u2026",
            "tool": "mypy",
            "tool_version": "mypy 1.18.2 (compiled: yes)"
        },
        {
            "captured_at": "2025-10-15T03:52:29.232981+00:00",
            "command": "C:\\x_runner_x\\x_make_yahw_x\\.venv\\Scripts\\python.exe -m ruff check . --select ALL --ignore D,COM812,ISC001,T20 --line-length 88 --target-version py311",
            "detail": {
                "cached": false,
                "cmd": [
                    "C:\\x_runner_x\\x_make_yahw_x\\.venv\\Scripts\\python.exe",
                    "-m",
                    "ruff",
                    "check",
                    ".",
                    "--select",
                    "ALL",
                    "--ignore",
                    "D,COM812,ISC001,T20",
                    "--line-length",
                    "88",
                    "--target-version",
                    "py311"
                ],
                "cmd_display": "C:\\x_runner_x\\x_make_yahw_x\\.venv\\Scripts\\python.exe -m ruff check . --select ALL --ignore D,COM812,ISC001,T20 --line-length 88 --target-version py311",
                "cwd": "C:\\x_runner_x\\x_make_github_visitor_x",
                "duration_seconds": 0.3688348000869155,
                "ended_at": "2025-10-15T03:52:29.232981+00:00",
                "exit": 1,
                "failed_files": [],
                "files_checked": [
                    "__init__.py",
                    "inspection_flow.py",
                    "run_external.py",
                    "run_visitor_no_cache.py",
                    "runner.py",
                    "tests/__init__.py",
                    "tests/test_github_visitor.py",
                    "x_cls_make_github_visitor_x.py"
                ],
                "repo": "x_make_github_visitor_x",
                "repo_hash": "a855224622d0c1158ebaaf981f14cb02eed1d108478231de714581ec77e2e66d",
                "repo_path": "C:\\x_runner_x\\x_make_github_visitor_x",
                "started_at": "2025-10-15T03:52:28.864153+00:00",
                "stderr": "",
                "stdout": "E402 Module level import not at top of file\n  --> runner.py:35:1\n   |\n33 |         )\n34 |\n35 | from x_make_github_visitor_x.inspection_flow import VisitorRunResult\n   | ^^^^^^^^^^^^^^^^^^^^^^^^^^^^^^^^^^^^^^^^^^^^^^^^^^^^^^^^^^^^^^^^^^^^\n36 |\n37 | if TYPE_CHECKING:\n   |\n\nTC002 Move third-party import `x_4357_make_common_x.telemetry.JSONValue` into a type-checking block\n  --> runner.py:44:13\n   |\n42 |     except ModuleNotFoundError:  # pragma: no cover - only hit when using PyPI build\n43 |         from x_4357_make_common_x.telemetry import (\n44 |             JSONValue,  # type: ignore[attr-defined]\n   |             ^^^^^^^^^\n45 |         )\n   |\nhelp: Move into type-checking block\n\nPLR0913 Too many arguments in function definition (6 > 5)\n   --> runner.py:231:9\n    |\n230 | class x_cls_make_github_visitor_x:  # noqa: N801 - legacy naming retained for compatibility\n231 |     def __init__(\n    |         ^^^^^^^^\n232 |         self,\n233 |         root_dir: str | Path,\n    |\n\nC408 Unnecessary `tuple()` call (rewrite as a literal)\n   --> runner.py:291:50\n    |\n289 |         normalized_allowed = {\n290 |             normalized\n291 |             for repo in (allowed_repositories or tuple())\n    |                                                  ^^^^^^^\n292 |             for normalized in (_normalize_repo_name(repo),)\n293 |             if normalized\n    |\nhelp: Rewrite as a literal\n\nC901 `_emit_tool_event` is too complex (18 > 10)\n   --> runner.py:597:9\n    |\n595 |         return entries\n596 |\n597 |     def _emit_tool_event(self, payload: _ToolEventPayload) -> None:\n    |         ^^^^^^^^^^^^^^^^\n598 |         result = payload.result\n599 |         duration_value = result.get(\"duration_seconds\")\n    |\n\nPLR0912 Too many branches (19 > 12)\n   --> runner.py:597:9\n    |\n595 |         return entries\n596 |\n597 |     def _emit_tool_event(self, payload: _ToolEventPayload) -> None:\n    |         ^^^^^^^^^^^^^^^^\n598 |         result = payload.result\n599 |         duration_value = result.get(\"duration_seconds\")\n    |\n\nPLR0915 Too many statements (52 > 50)\n   --> runner.py:597:9\n    |\n595 |         return entries\n596 |\n597 |     def _emit_tool_event(self, payload: _ToolEventPayload) -> None:\n    |         ^^^^^^^^^^^^^^^^\n598 |         result = payload.result\n599 |         duration_value = result.get(\"duration_seconds\")\n    |\n\nPERF401 Use a list comprehension to create a transformed list\n   --> runner.py:612:21\n    |\n610 |             for candidate in candidate_entries:\n611 |                 if isinstance(candidate, str):\n612 |                     collected.append(candidate)\n    |                     ^^^^^^^^^^^^^^^^^^^^^^^^^^^\n613 |             files_checked = collected\n614 |         if not files_checked:\n    |\nhelp: Replace for loop with list comprehension\n\nPERF401 Use a list comprehension to create a transformed list\n   --> runner.py:641:25\n    |\n639 |                 for entry_obj in cast(\"Sequence[object]\", failed_files_obj):\n640 |                     if isinstance(entry_obj, Mapping):\n641 |                         filtered.append(cast(\"Mapping[str, object]\", entry_obj))\n    |                         ^^^^^^^^^^^^^^^^^^^^^^^^^^^^^^^^^^^^^^^^^^^^^^^^^^^^^^^^\n642 |                 failed_files_iter = tuple(filtered)\n643 |             for entry in failed_files_iter:\n    |\nhelp: Replace for loop with list comprehension\n\nE402 Module level import not at top of file\n  --> x_cls_make_github_visitor_x.py:35:1\n   |\n33 |         )\n34 |\n35 | from x_make_github_visitor_x.inspection_flow import VisitorRunResult\n   | ^^^^^^^^^^^^^^^^^^^^^^^^^^^^^^^^^^^^^^^^^^^^^^^^^^^^^^^^^^^^^^^^^^^^\n36 |\n37 | if TYPE_CHECKING:\n   |\n\nTC002 Move third-party import `x_4357_make_common_x.telemetry.JSONValue` into a type-checking block\n  --> x_cls_make_github_visitor_x.py:44:13\n   |\n42 |     except ModuleNotFoundError:  # pragma: no cover - only hit when using PyPI build\n43 |         from x_4357_make_common_x.telemetry import (\n44 |             JSONValue,  # type: ignore[attr-defined]\n   |             ^^^^^^^^^\n45 |         )\n   |\nhelp: Move into type-checking block\n\nPLR0913 Too many arguments in function definition (6 > 5)\n   --> x_cls_make_github_visitor_x.py:231:9\n    |\n230 | class x_cls_make_github_visitor_x:  # noqa: N801 - legacy naming retained for compatibility\n231 |     def __init__(\n    |         ^^^^^^^^\n232 |         self,\n233 |         root_dir: str | Path,\n    |\n\nC408 Unnecessary `tuple()` call (rewrite as a literal)\n   --> x_cls_make_github_visitor_x.py:291:50\n    |\n289 |         normalized_allowed = {\n290 |             normalized\n291 |             for repo in (allowed_repositories or tuple())\n    |                                                  ^^^^^^^\n292 |             for normalized in (_normalize_repo_name(repo),)\n293 |             if normalized\n    |\nhelp: Rewrite as a literal\n\nC901 `_emit_tool_event` is too complex (18 > 10)\n   --> x_cls_make_github_visitor_x.py:597:9\n    |\n595 |         return entries\n596 |\n597 |     def _emit_tool_event(self, payload: _ToolEventPayload) -> None:\n    |         ^^^^^^^^^^^^^^^^\n598 |         result = payload.result\n599 |         duration_value = result.get(\"duration_seconds\")\n    |\n\nPLR0912 Too many branches (19 > 12)\n   --> x_cls_make_github_visitor_x.py:597:9\n    |\n595 |         return entries\n596 |\n597 |     def _emit_tool_event(self, payload: _ToolEventPayload) -> None:\n    |         ^^^^^^^^^^^^^^^^\n598 |         result = payload.result\n599 |         duration_value = result.get(\"duration_seconds\")\n    |\n\nPLR0915 Too many statements (52 > 50)\n   --> x_cls_make_github_visitor_x.py:597:9\n    |\n595 |         return entries\n596 |\n597 |     def _emit_tool_event(self, payload: _ToolEventPayload) -> None:\n    |         ^^^^^^^^^^^^^^^^\n598 |         result = payload.result\n599 |         duration_value = result.get(\"duration_seconds\")\n    |\n\nPERF401 Use a list comprehension to create a transformed list\n   --> x_cls_make_github_visitor_x.py:612:21\n    |\n610 |             for candidate in candidate_entries:\n611 |                 if isinstance(candidate, str):\n612 |                     collected.append(candidate)\n    |                     ^^^^^^^^^^^^^^^^^^^^^^^^^^^\n613 |             files_checked = collected\n614 |         if not files_checked:\n    |\nhelp: Replace for loop with list comprehension\n\nPERF401 Use a list comprehension to create a transformed list\n   --> x_cls_make_github_visitor_x.py:641:25\n    |\n639 |                 for entry_obj in cast(\"Sequence[object]\", failed_files_obj):\n640 |                     if isinstance(entry_obj, Mapping):\n641 |                         filtered.append(cast(\"Mapping[str, object]\", entry_obj))\n    |                         ^^^^^^^^^^^^^^^^^^^^^^^^^^^^^^^^^^^^^^^^^^^^^^^^^^^^^^^^\n642 |                 failed_files_iter = tuple(filtered)\n643 |             for entry in failed_files_iter:\n    |\nhelp: Replace for loop with list comprehension\n\nFound 18 errors.\nNo fixes available (4 hidden fixes can be enabled with the `--unsafe-fixes` option).\n",
                "tool": "ruff_check",
                "tool_module": "ruff",
                "tool_version": "ruff 0.14.0"
            },
            "exit": "exit 1",
            "message": "ruff_check failed for x_make_github_visitor_x (exit 1)\ncwd: C:\\x_runner_x\\x_make_github_visitor_x\ncommand: C:\\x_runner_x\\x_make_yahw_x\\.venv\\Scripts\\python.exe -m ruff check . --select ALL --ignore D,COM812,ISC001,T20 --line-length 88 --target-version py311\nstarted_at: 2025-10-15T03:52:28.864153+00:00\nduration: 0.369s\ntool_version: ruff 0.14.0\nstdout:\nE402 Module level import not at top of file\n  --> runner.py:35:1\n   |\n33 |         )\n34 |\n\u2026\nstderr:\n<empty>",
            "repo": "x_make_github_visitor_x",
            "repo_path": "C:\\x_runner_x\\x_make_github_visitor_x",
            "stderr_preview": null,
            "stdout_preview": "E402 Module level import not at top of file\n  --> runner.py:35:1\n   |\n33 |         )\n34 |\n\u2026",
            "suggested_action": "Investigate",
            "summary": "ruff_check failed for x_make_github_visitor_x (exit 1) cwd: C:\\x_runner_x\\x_make_github_visitor_x command: C:\\x_runner_x\\x_make_yahw_x\\.venv\\Scripts\\python.exe -m ruff check . --select ALL --ignore D,COM812,ISC001,T20 --line-length 88 --ta\u2026",
            "tool": "ruff_check",
            "tool_version": "ruff 0.14.0"
        },
        {
            "captured_at": "2025-10-15T03:52:26.471362+00:00",
            "command": "C:\\x_runner_x\\x_make_yahw_x\\.venv\\Scripts\\python.exe -m ruff check . --fix --select ALL --ignore D,COM812,ISC001,T20 --line-length 88 --target-version py311",
            "detail": {
                "cached": false,
                "cmd": [
                    "C:\\x_runner_x\\x_make_yahw_x\\.venv\\Scripts\\python.exe",
                    "-m",
                    "ruff",
                    "check",
                    ".",
                    "--fix",
                    "--select",
                    "ALL",
                    "--ignore",
                    "D,COM812,ISC001,T20",
                    "--line-length",
                    "88",
                    "--target-version",
                    "py311"
                ],
                "cmd_display": "C:\\x_runner_x\\x_make_yahw_x\\.venv\\Scripts\\python.exe -m ruff check . --fix --select ALL --ignore D,COM812,ISC001,T20 --line-length 88 --target-version py311",
                "cwd": "C:\\x_runner_x\\x_make_github_visitor_x",
                "duration_seconds": 0.30787499994039536,
                "ended_at": "2025-10-15T03:52:26.471362+00:00",
                "exit": 1,
                "failed_files": [],
                "files_checked": [
                    "__init__.py",
                    "inspection_flow.py",
                    "run_external.py",
                    "run_visitor_no_cache.py",
                    "runner.py",
                    "tests/__init__.py",
                    "tests/test_github_visitor.py",
                    "x_cls_make_github_visitor_x.py"
                ],
                "repo": "x_make_github_visitor_x",
                "repo_hash": "a855224622d0c1158ebaaf981f14cb02eed1d108478231de714581ec77e2e66d",
                "repo_path": "C:\\x_runner_x\\x_make_github_visitor_x",
                "started_at": "2025-10-15T03:52:26.163489+00:00",
                "stderr": "",
                "stdout": "E402 Module level import not at top of file\n  --> runner.py:35:1\n   |\n33 |         )\n34 |\n35 | from x_make_github_visitor_x.inspection_flow import VisitorRunResult\n   | ^^^^^^^^^^^^^^^^^^^^^^^^^^^^^^^^^^^^^^^^^^^^^^^^^^^^^^^^^^^^^^^^^^^^\n36 |\n37 | if TYPE_CHECKING:\n   |\n\nTC002 Move third-party import `x_4357_make_common_x.telemetry.JSONValue` into a type-checking block\n  --> runner.py:44:13\n   |\n42 |     except ModuleNotFoundError:  # pragma: no cover - only hit when using PyPI build\n43 |         from x_4357_make_common_x.telemetry import (\n44 |             JSONValue,  # type: ignore[attr-defined]\n   |             ^^^^^^^^^\n45 |         )\n   |\nhelp: Move into type-checking block\n\nPLR0913 Too many arguments in function definition (6 > 5)\n   --> runner.py:231:9\n    |\n230 | class x_cls_make_github_visitor_x:  # noqa: N801 - legacy naming retained for compatibility\n231 |     def __init__(\n    |         ^^^^^^^^\n232 |         self,\n233 |         root_dir: str | Path,\n    |\n\nC408 Unnecessary `tuple()` call (rewrite as a literal)\n   --> runner.py:291:50\n    |\n289 |         normalized_allowed = {\n290 |             normalized\n291 |             for repo in (allowed_repositories or tuple())\n    |                                                  ^^^^^^^\n292 |             for normalized in (_normalize_repo_name(repo),)\n293 |             if normalized\n    |\nhelp: Rewrite as a literal\n\nC901 `_emit_tool_event` is too complex (18 > 10)\n   --> runner.py:597:9\n    |\n595 |         return entries\n596 |\n597 |     def _emit_tool_event(self, payload: _ToolEventPayload) -> None:\n    |         ^^^^^^^^^^^^^^^^\n598 |         result = payload.result\n599 |         duration_value = result.get(\"duration_seconds\")\n    |\n\nPLR0912 Too many branches (19 > 12)\n   --> runner.py:597:9\n    |\n595 |         return entries\n596 |\n597 |     def _emit_tool_event(self, payload: _ToolEventPayload) -> None:\n    |         ^^^^^^^^^^^^^^^^\n598 |         result = payload.result\n599 |         duration_value = result.get(\"duration_seconds\")\n    |\n\nPLR0915 Too many statements (52 > 50)\n   --> runner.py:597:9\n    |\n595 |         return entries\n596 |\n597 |     def _emit_tool_event(self, payload: _ToolEventPayload) -> None:\n    |         ^^^^^^^^^^^^^^^^\n598 |         result = payload.result\n599 |         duration_value = result.get(\"duration_seconds\")\n    |\n\nPERF401 Use a list comprehension to create a transformed list\n   --> runner.py:612:21\n    |\n610 |             for candidate in candidate_entries:\n611 |                 if isinstance(candidate, str):\n612 |                     collected.append(candidate)\n    |                     ^^^^^^^^^^^^^^^^^^^^^^^^^^^\n613 |             files_checked = collected\n614 |         if not files_checked:\n    |\nhelp: Replace for loop with list comprehension\n\nPERF401 Use a list comprehension to create a transformed list\n   --> runner.py:641:25\n    |\n639 |                 for entry_obj in cast(\"Sequence[object]\", failed_files_obj):\n640 |                     if isinstance(entry_obj, Mapping):\n641 |                         filtered.append(cast(\"Mapping[str, object]\", entry_obj))\n    |                         ^^^^^^^^^^^^^^^^^^^^^^^^^^^^^^^^^^^^^^^^^^^^^^^^^^^^^^^^\n642 |                 failed_files_iter = tuple(filtered)\n643 |             for entry in failed_files_iter:\n    |\nhelp: Replace for loop with list comprehension\n\nE402 Module level import not at top of file\n  --> x_cls_make_github_visitor_x.py:35:1\n   |\n33 |         )\n34 |\n35 | from x_make_github_visitor_x.inspection_flow import VisitorRunResult\n   | ^^^^^^^^^^^^^^^^^^^^^^^^^^^^^^^^^^^^^^^^^^^^^^^^^^^^^^^^^^^^^^^^^^^^\n36 |\n37 | if TYPE_CHECKING:\n   |\n\nTC002 Move third-party import `x_4357_make_common_x.telemetry.JSONValue` into a type-checking block\n  --> x_cls_make_github_visitor_x.py:44:13\n   |\n42 |     except ModuleNotFoundError:  # pragma: no cover - only hit when using PyPI build\n43 |         from x_4357_make_common_x.telemetry import (\n44 |             JSONValue,  # type: ignore[attr-defined]\n   |             ^^^^^^^^^\n45 |         )\n   |\nhelp: Move into type-checking block\n\nPLR0913 Too many arguments in function definition (6 > 5)\n   --> x_cls_make_github_visitor_x.py:231:9\n    |\n230 | class x_cls_make_github_visitor_x:  # noqa: N801 - legacy naming retained for compatibility\n231 |     def __init__(\n    |         ^^^^^^^^\n232 |         self,\n233 |         root_dir: str | Path,\n    |\n\nC408 Unnecessary `tuple()` call (rewrite as a literal)\n   --> x_cls_make_github_visitor_x.py:291:50\n    |\n289 |         normalized_allowed = {\n290 |             normalized\n291 |             for repo in (allowed_repositories or tuple())\n    |                                                  ^^^^^^^\n292 |             for normalized in (_normalize_repo_name(repo),)\n293 |             if normalized\n    |\nhelp: Rewrite as a literal\n\nC901 `_emit_tool_event` is too complex (18 > 10)\n   --> x_cls_make_github_visitor_x.py:597:9\n    |\n595 |         return entries\n596 |\n597 |     def _emit_tool_event(self, payload: _ToolEventPayload) -> None:\n    |         ^^^^^^^^^^^^^^^^\n598 |         result = payload.result\n599 |         duration_value = result.get(\"duration_seconds\")\n    |\n\nPLR0912 Too many branches (19 > 12)\n   --> x_cls_make_github_visitor_x.py:597:9\n    |\n595 |         return entries\n596 |\n597 |     def _emit_tool_event(self, payload: _ToolEventPayload) -> None:\n    |         ^^^^^^^^^^^^^^^^\n598 |         result = payload.result\n599 |         duration_value = result.get(\"duration_seconds\")\n    |\n\nPLR0915 Too many statements (52 > 50)\n   --> x_cls_make_github_visitor_x.py:597:9\n    |\n595 |         return entries\n596 |\n597 |     def _emit_tool_event(self, payload: _ToolEventPayload) -> None:\n    |         ^^^^^^^^^^^^^^^^\n598 |         result = payload.result\n599 |         duration_value = result.get(\"duration_seconds\")\n    |\n\nPERF401 Use a list comprehension to create a transformed list\n   --> x_cls_make_github_visitor_x.py:612:21\n    |\n610 |             for candidate in candidate_entries:\n611 |                 if isinstance(candidate, str):\n612 |                     collected.append(candidate)\n    |                     ^^^^^^^^^^^^^^^^^^^^^^^^^^^\n613 |             files_checked = collected\n614 |         if not files_checked:\n    |\nhelp: Replace for loop with list comprehension\n\nPERF401 Use a list comprehension to create a transformed list\n   --> x_cls_make_github_visitor_x.py:641:25\n    |\n639 |                 for entry_obj in cast(\"Sequence[object]\", failed_files_obj):\n640 |                     if isinstance(entry_obj, Mapping):\n641 |                         filtered.append(cast(\"Mapping[str, object]\", entry_obj))\n    |                         ^^^^^^^^^^^^^^^^^^^^^^^^^^^^^^^^^^^^^^^^^^^^^^^^^^^^^^^^\n642 |                 failed_files_iter = tuple(filtered)\n643 |             for entry in failed_files_iter:\n    |\nhelp: Replace for loop with list comprehension\n\nFound 18 errors.\nNo fixes available (4 hidden fixes can be enabled with the `--unsafe-fixes` option).\n",
                "tool": "ruff_fix",
                "tool_module": "ruff",
                "tool_version": "ruff 0.14.0"
            },
            "exit": "exit 1",
            "message": "ruff_fix failed for x_make_github_visitor_x (exit 1)\ncwd: C:\\x_runner_x\\x_make_github_visitor_x\ncommand: C:\\x_runner_x\\x_make_yahw_x\\.venv\\Scripts\\python.exe -m ruff check . --fix --select ALL --ignore D,COM812,ISC001,T20 --line-length 88 --target-version py311\nstarted_at: 2025-10-15T03:52:26.163489+00:00\nduration: 0.308s\ntool_version: ruff 0.14.0\nstdout:\nE402 Module level import not at top of file\n  --> runner.py:35:1\n   |\n33 |         )\n34 |\n\u2026\nstderr:\n<empty>",
            "repo": "x_make_github_visitor_x",
            "repo_path": "C:\\x_runner_x\\x_make_github_visitor_x",
            "stderr_preview": null,
            "stdout_preview": "E402 Module level import not at top of file\n  --> runner.py:35:1\n   |\n33 |         )\n34 |\n\u2026",
            "suggested_action": "Investigate",
            "summary": "ruff_fix failed for x_make_github_visitor_x (exit 1) cwd: C:\\x_runner_x\\x_make_github_visitor_x command: C:\\x_runner_x\\x_make_yahw_x\\.venv\\Scripts\\python.exe -m ruff check . --fix --select ALL --ignore D,COM812,ISC001,T20 --line-length 88 \u2026",
            "tool": "ruff_fix",
            "tool_version": "ruff 0.14.0"
        },
        {
            "captured_at": "2025-10-15T03:52:44.358712+00:00",
            "command": "C:\\x_runner_x\\x_make_yahw_x\\.venv\\Scripts\\python.exe -m black . --line-length 88 --target-version py311 --check --diff",
            "detail": {
                "cached": false,
                "cmd": [
                    "C:\\x_runner_x\\x_make_yahw_x\\.venv\\Scripts\\python.exe",
                    "-m",
                    "black",
                    ".",
                    "--line-length",
                    "88",
                    "--target-version",
                    "py311",
                    "--check",
                    "--diff"
                ],
                "cmd_display": "C:\\x_runner_x\\x_make_yahw_x\\.venv\\Scripts\\python.exe -m black . --line-length 88 --target-version py311 --check --diff",
                "cwd": "C:\\x_runner_x\\x_make_pip_updates_x",
                "duration_seconds": 2.22472589998506,
                "ended_at": "2025-10-15T03:52:44.358712+00:00",
                "exit": 1,
                "failed_files": [],
                "files_checked": [
                    "__init__.py",
                    "tests/__init__.py",
                    "tests/test_pip_updates.py",
                    "update_flow.py",
                    "x_cls_make_pip_updates_x.py"
                ],
                "repo": "x_make_pip_updates_x",
                "repo_hash": "7b3f409da4d77e8275150ec5299555c7b54db43b47bc03ecdd2f432eda9c2180",
                "repo_path": "C:\\x_runner_x\\x_make_pip_updates_x",
                "started_at": "2025-10-15T03:52:42.133987+00:00",
                "stderr": "would reformat C:\\x_runner_x\\x_make_pip_updates_x\\update_flow.py\n\nOh no! \\U0001f4a5 \\U0001f494 \\U0001f4a5\n1 file would be reformatted, 4 files would be left unchanged.\n",
                "stdout": "--- C:\\x_runner_x\\x_make_pip_updates_x\\update_flow.py\t2025-10-15 03:09:29.552218+00:00\n+++ C:\\x_runner_x\\x_make_pip_updates_x\\update_flow.py\t2025-10-15 03:52:44.022774+00:00\n@@ -55,13 +55,11 @@\n     if isinstance(value, Path):\n         return str(value)\n     if isinstance(value, Mapping):\n         typed = cast(\"Mapping[object, object]\", value)\n         return {str(key): _json_ready(val) for key, val in typed.items()}\n-    if isinstance(value, Sequence) and not isinstance(\n-        value, (str, bytes, bytearray)\n-    ):\n+    if isinstance(value, Sequence) and not isinstance(value, (str, bytes, bytearray)):\n         typed_seq = cast(\"Sequence[object]\", value)\n         return [_json_ready(entry) for entry in typed_seq]\n     return str(value)\n \n \n@@ -411,11 +409,13 @@\n                 script_detail = {\n                     \"invoked\": used_script,\n                     \"return_code\": script_rc,\n                 }\n             else:\n-                _info(\"pip-updates script not found; using direct pip fallback installation\")\n+                _info(\n+                    \"pip-updates script not found; using direct pip fallback installation\"\n+                )\n             execution_detail[\"script_attempt\"] = script_detail\n \n             pinned = [\n                 f\"{pkg}=={published_versions[pkg]}\"\n                 for pkg in package_list\n",
                "tool": "black",
                "tool_module": "black",
                "tool_version": "python -m black, 25.9.0 (compiled: yes)\nPython (CPython) 3.13.7"
            },
            "exit": "exit 1",
            "message": "black failed for x_make_pip_updates_x (exit 1)\ncwd: C:\\x_runner_x\\x_make_pip_updates_x\ncommand: C:\\x_runner_x\\x_make_yahw_x\\.venv\\Scripts\\python.exe -m black . --line-length 88 --target-version py311 --check --diff\nstarted_at: 2025-10-15T03:52:42.133987+00:00\nduration: 2.225s\ntool_version: python -m black, 25.9.0 (compiled: yes)\nPython (CPython) 3.13.7\nstdout:\n--- C:\\x_runner_x\\x_make_pip_updates_x\\update_flow.py\t2025-10-15 03:09:29.552218+00:00\n+++ C:\\x_runner_x\\x_make_pip_updates_x\\update_flow.py\t2025-10-15 03:52:44.022774+00:00\n@@ -55,13 +55,11 @@\n     if isinstance(value, Path):\n         return str(value)\n\u2026\nstderr:\nwould reformat C:\\x_runner_x\\x_make_pip_updates_x\\update_flow.py\n\nOh no! \\U0001f4a5 \\U0001f494 \\U0001f4a5\n1 file would be reformatted, 4 files would be left unchanged.",
            "repo": "x_make_pip_updates_x",
            "repo_path": "C:\\x_runner_x\\x_make_pip_updates_x",
            "stderr_preview": "would reformat C:\\x_runner_x\\x_make_pip_updates_x\\update_flow.py\n\nOh no! \\U0001f4a5 \\U0001f494 \\U0001f4a5\n1 file would be reformatted, 4 files would be left unchanged.",
            "stdout_preview": "--- C:\\x_runner_x\\x_make_pip_updates_x\\update_flow.py\t2025-10-15 03:09:29.552218+00:00\n+++ C:\\x_runner_x\\x_make_pip_updates_x\\update_flow.py\t2025-10-15 03:52:44.022774+00:00\n@@ -55,13 +55,11 @@\n     if isinstance(value, Path):\n         return str(value)\n\u2026",
            "suggested_action": "Investigate",
            "summary": "black failed for x_make_pip_updates_x (exit 1) cwd: C:\\x_runner_x\\x_make_pip_updates_x command: C:\\x_runner_x\\x_make_yahw_x\\.venv\\Scripts\\python.exe -m black . --line-length 88 --target-version py311 --check --diff started_at: 2025-10-15T0\u2026",
            "tool": "black",
            "tool_version": "python -m black, 25.9.0 (compiled: yes)\nPython (CPython) 3.13.7"
        },
        {
            "captured_at": "2025-10-15T03:52:45.995634+00:00",
            "command": "C:\\x_runner_x\\x_make_yahw_x\\.venv\\Scripts\\python.exe -m mypy . --strict --no-warn-unused-configs --show-error-codes --warn-return-any --warn-unreachable --disallow-any-unimported --disallow-any-expr --disallow-any-decorated --disallow-any-explicit",
            "detail": {
                "cached": false,
                "cmd": [
                    "C:\\x_runner_x\\x_make_yahw_x\\.venv\\Scripts\\python.exe",
                    "-m",
                    "mypy",
                    ".",
                    "--strict",
                    "--no-warn-unused-configs",
                    "--show-error-codes",
                    "--warn-return-any",
                    "--warn-unreachable",
                    "--disallow-any-unimported",
                    "--disallow-any-expr",
                    "--disallow-any-decorated",
                    "--disallow-any-explicit"
                ],
                "cmd_display": "C:\\x_runner_x\\x_make_yahw_x\\.venv\\Scripts\\python.exe -m mypy . --strict --no-warn-unused-configs --show-error-codes --warn-return-any --warn-unreachable --disallow-any-unimported --disallow-any-expr --disallow-any-decorated --disallow-any-explicit",
                "cwd": "C:\\x_runner_x\\x_make_pip_updates_x",
                "duration_seconds": 1.233606299967505,
                "ended_at": "2025-10-15T03:52:45.995634+00:00",
                "exit": 1,
                "failed_files": [],
                "files_checked": [
                    "__init__.py",
                    "tests/__init__.py",
                    "tests/test_pip_updates.py",
                    "update_flow.py",
                    "x_cls_make_pip_updates_x.py"
                ],
                "repo": "x_make_pip_updates_x",
                "repo_hash": "7b3f409da4d77e8275150ec5299555c7b54db43b47bc03ecdd2f432eda9c2180",
                "repo_path": "C:\\x_runner_x\\x_make_pip_updates_x",
                "started_at": "2025-10-15T03:52:44.762031+00:00",
                "stderr": "",
                "stdout": "x_cls_make_pip_updates_x.py:310: error: Expression type contains \"Any\" (has type \"dict[str, Any | None]\")  [misc]\nupdate_flow.py:532: error: \"Exception\" has no attribute \"run_report_path\"  [attr-defined]\nFound 2 errors in 2 files (checked 5 source files)\n",
                "tool": "mypy",
                "tool_module": "mypy",
                "tool_version": "mypy 1.18.2 (compiled: yes)"
            },
            "exit": "exit 1",
            "message": "mypy failed for x_make_pip_updates_x (exit 1)\ncwd: C:\\x_runner_x\\x_make_pip_updates_x\ncommand: C:\\x_runner_x\\x_make_yahw_x\\.venv\\Scripts\\python.exe -m mypy . --strict --no-warn-unused-configs --show-error-codes --warn-return-any --warn-unreachable --disallow-any-unimported --disallow-any-expr --disallow-any-decorated --disallow-any-explicit\nstarted_at: 2025-10-15T03:52:44.762031+00:00\nduration: 1.234s\ntool_version: mypy 1.18.2 (compiled: yes)\nstdout:\nx_cls_make_pip_updates_x.py:310: error: Expression type contains \"Any\" (has type \"dict[str, Any | None]\")  [misc]\nupdate_flow.py:532: error: \"Exception\" has no attribute \"run_report_path\"  [attr-defined]\nFound 2 errors in 2 files (checked 5 source files)\nstderr:\n<empty>",
            "repo": "x_make_pip_updates_x",
            "repo_path": "C:\\x_runner_x\\x_make_pip_updates_x",
            "stderr_preview": null,
            "stdout_preview": "x_cls_make_pip_updates_x.py:310: error: Expression type contains \"Any\" (has type \"dict[str, Any | None]\")  [misc]\nupdate_flow.py:532: error: \"Exception\" has no attribute \"run_report_path\"  [attr-defined]\nFound 2 errors in 2 files (checked 5 source files)",
            "suggested_action": "Investigate",
            "summary": "mypy failed for x_make_pip_updates_x (exit 1) cwd: C:\\x_runner_x\\x_make_pip_updates_x command: C:\\x_runner_x\\x_make_yahw_x\\.venv\\Scripts\\python.exe -m mypy . --strict --no-warn-unused-configs --show-error-codes --warn-return-any --warn-unr\u2026",
            "tool": "mypy",
            "tool_version": "mypy 1.18.2 (compiled: yes)"
        },
        {
            "captured_at": "2025-10-15T03:52:48.457295+00:00",
            "command": "C:\\x_runner_x\\x_make_yahw_x\\.venv\\Scripts\\python.exe -m pyright . --level error",
            "detail": {
                "cached": false,
                "cmd": [
                    "C:\\x_runner_x\\x_make_yahw_x\\.venv\\Scripts\\python.exe",
                    "-m",
                    "pyright",
                    ".",
                    "--level",
                    "error"
                ],
                "cmd_display": "C:\\x_runner_x\\x_make_yahw_x\\.venv\\Scripts\\python.exe -m pyright . --level error",
                "cwd": "C:\\x_runner_x\\x_make_pip_updates_x",
                "duration_seconds": 2.4557331999531016,
                "ended_at": "2025-10-15T03:52:48.457295+00:00",
                "exit": 1,
                "failed_files": [],
                "files_checked": [
                    "__init__.py",
                    "tests/__init__.py",
                    "tests/test_pip_updates.py",
                    "update_flow.py",
                    "x_cls_make_pip_updates_x.py"
                ],
                "repo": "x_make_pip_updates_x",
                "repo_hash": "7b3f409da4d77e8275150ec5299555c7b54db43b47bc03ecdd2f432eda9c2180",
                "repo_path": "C:\\x_runner_x\\x_make_pip_updates_x",
                "started_at": "2025-10-15T03:52:46.001563+00:00",
                "stderr": "",
                "stdout": "c:\\x_runner_x\\x_make_pip_updates_x\\update_flow.py\n  c:\\x_runner_x\\x_make_pip_updates_x\\update_flow.py:532:24 - error: Cannot assign to attribute \"run_report_path\" for class \"Exception\"\n  \u00c2\u00a0\u00c2\u00a0Attribute \"run_report_path\" is unknown (reportAttributeAccessIssue)\n1 error, 0 warnings, 0 informations\n",
                "tool": "pyright",
                "tool_module": "pyright",
                "tool_version": "pyright 1.1.406"
            },
            "exit": "exit 1",
            "message": "pyright failed for x_make_pip_updates_x (exit 1)\ncwd: C:\\x_runner_x\\x_make_pip_updates_x\ncommand: C:\\x_runner_x\\x_make_yahw_x\\.venv\\Scripts\\python.exe -m pyright . --level error\nstarted_at: 2025-10-15T03:52:46.001563+00:00\nduration: 2.456s\ntool_version: pyright 1.1.406\nstdout:\nc:\\x_runner_x\\x_make_pip_updates_x\\update_flow.py\n  c:\\x_runner_x\\x_make_pip_updates_x\\update_flow.py:532:24 - error: Cannot assign to attribute \"run_report_path\" for class \"Exception\"\n  \u00c2\u00a0\u00c2\u00a0Attribute \"run_report_path\" is unknown (reportAttributeAccessIssue)\n1 error, 0 warnings, 0 informations\nstderr:\n<empty>",
            "repo": "x_make_pip_updates_x",
            "repo_path": "C:\\x_runner_x\\x_make_pip_updates_x",
            "stderr_preview": null,
            "stdout_preview": "c:\\x_runner_x\\x_make_pip_updates_x\\update_flow.py\n  c:\\x_runner_x\\x_make_pip_updates_x\\update_flow.py:532:24 - error: Cannot assign to attribute \"run_report_path\" for class \"Exception\"\n  \u00c2\u00a0\u00c2\u00a0Attribute \"run_report_path\" is unknown (reportAttributeAccessIssue)\n1 error, 0 warnings, 0 informations",
            "suggested_action": "Investigate",
            "summary": "pyright failed for x_make_pip_updates_x (exit 1) cwd: C:\\x_runner_x\\x_make_pip_updates_x command: C:\\x_runner_x\\x_make_yahw_x\\.venv\\Scripts\\python.exe -m pyright . --level error started_at: 2025-10-15T03:52:46.001563+00:00 duration: 2.456s\u2026",
            "tool": "pyright",
            "tool_version": "pyright 1.1.406"
        },
        {
            "captured_at": "2025-10-15T03:52:44.758338+00:00",
            "command": "C:\\x_runner_x\\x_make_yahw_x\\.venv\\Scripts\\python.exe -m ruff check . --select ALL --ignore D,COM812,ISC001,T20 --line-length 88 --target-version py311",
            "detail": {
                "cached": false,
                "cmd": [
                    "C:\\x_runner_x\\x_make_yahw_x\\.venv\\Scripts\\python.exe",
                    "-m",
                    "ruff",
                    "check",
                    ".",
                    "--select",
                    "ALL",
                    "--ignore",
                    "D,COM812,ISC001,T20",
                    "--line-length",
                    "88",
                    "--target-version",
                    "py311"
                ],
                "cmd_display": "C:\\x_runner_x\\x_make_yahw_x\\.venv\\Scripts\\python.exe -m ruff check . --select ALL --ignore D,COM812,ISC001,T20 --line-length 88 --target-version py311",
                "cwd": "C:\\x_runner_x\\x_make_pip_updates_x",
                "duration_seconds": 0.39570840005762875,
                "ended_at": "2025-10-15T03:52:44.758338+00:00",
                "exit": 1,
                "failed_files": [],
                "files_checked": [
                    "__init__.py",
                    "tests/__init__.py",
                    "tests/test_pip_updates.py",
                    "update_flow.py",
                    "x_cls_make_pip_updates_x.py"
                ],
                "repo": "x_make_pip_updates_x",
                "repo_hash": "7b3f409da4d77e8275150ec5299555c7b54db43b47bc03ecdd2f432eda9c2180",
                "repo_path": "C:\\x_runner_x\\x_make_pip_updates_x",
                "started_at": "2025-10-15T03:52:44.362631+00:00",
                "stderr": "",
                "stdout": "PLR0915 Too many statements (68 > 50)\n   --> update_flow.py:348:5\n    |\n348 | def run_updates_for_packages(  # noqa: PLR0913\n    |     ^^^^^^^^^^^^^^^^^^^^^^^^\n349 |     packages: Sequence[str],\n350 |     *,\n    |\n\nE501 Line too long (93 > 88)\n   --> update_flow.py:416:89\n    |\n414 |                 }\n415 |             else:\n416 |                 _info(\"pip-updates script not found; using direct pip fallback installation\")\n    |                                                                                         ^^^^^\n417 |             execution_detail[\"script_attempt\"] = script_detail\n    |\n\nFound 2 errors.\n",
                "tool": "ruff_check",
                "tool_module": "ruff",
                "tool_version": "ruff 0.14.0"
            },
            "exit": "exit 1",
            "message": "ruff_check failed for x_make_pip_updates_x (exit 1)\ncwd: C:\\x_runner_x\\x_make_pip_updates_x\ncommand: C:\\x_runner_x\\x_make_yahw_x\\.venv\\Scripts\\python.exe -m ruff check . --select ALL --ignore D,COM812,ISC001,T20 --line-length 88 --target-version py311\nstarted_at: 2025-10-15T03:52:44.362631+00:00\nduration: 0.396s\ntool_version: ruff 0.14.0\nstdout:\nPLR0915 Too many statements (68 > 50)\n   --> update_flow.py:348:5\n    |\n348 | def run_updates_for_packages(  # noqa: PLR0913\n    |     ^^^^^^^^^^^^^^^^^^^^^^^^\n\u2026\nstderr:\n<empty>",
            "repo": "x_make_pip_updates_x",
            "repo_path": "C:\\x_runner_x\\x_make_pip_updates_x",
            "stderr_preview": null,
            "stdout_preview": "PLR0915 Too many statements (68 > 50)\n   --> update_flow.py:348:5\n    |\n348 | def run_updates_for_packages(  # noqa: PLR0913\n    |     ^^^^^^^^^^^^^^^^^^^^^^^^\n\u2026",
            "suggested_action": "Investigate",
            "summary": "ruff_check failed for x_make_pip_updates_x (exit 1) cwd: C:\\x_runner_x\\x_make_pip_updates_x command: C:\\x_runner_x\\x_make_yahw_x\\.venv\\Scripts\\python.exe -m ruff check . --select ALL --ignore D,COM812,ISC001,T20 --line-length 88 --target-v\u2026",
            "tool": "ruff_check",
            "tool_version": "ruff 0.14.0"
        },
        {
            "captured_at": "2025-10-15T03:52:42.130309+00:00",
            "command": "C:\\x_runner_x\\x_make_yahw_x\\.venv\\Scripts\\python.exe -m ruff check . --fix --select ALL --ignore D,COM812,ISC001,T20 --line-length 88 --target-version py311",
            "detail": {
                "cached": false,
                "cmd": [
                    "C:\\x_runner_x\\x_make_yahw_x\\.venv\\Scripts\\python.exe",
                    "-m",
                    "ruff",
                    "check",
                    ".",
                    "--fix",
                    "--select",
                    "ALL",
                    "--ignore",
                    "D,COM812,ISC001,T20",
                    "--line-length",
                    "88",
                    "--target-version",
                    "py311"
                ],
                "cmd_display": "C:\\x_runner_x\\x_make_yahw_x\\.venv\\Scripts\\python.exe -m ruff check . --fix --select ALL --ignore D,COM812,ISC001,T20 --line-length 88 --target-version py311",
                "cwd": "C:\\x_runner_x\\x_make_pip_updates_x",
                "duration_seconds": 0.3299474000232294,
                "ended_at": "2025-10-15T03:52:42.130309+00:00",
                "exit": 1,
                "failed_files": [],
                "files_checked": [
                    "__init__.py",
                    "tests/__init__.py",
                    "tests/test_pip_updates.py",
                    "update_flow.py",
                    "x_cls_make_pip_updates_x.py"
                ],
                "repo": "x_make_pip_updates_x",
                "repo_hash": "7b3f409da4d77e8275150ec5299555c7b54db43b47bc03ecdd2f432eda9c2180",
                "repo_path": "C:\\x_runner_x\\x_make_pip_updates_x",
                "started_at": "2025-10-15T03:52:41.800363+00:00",
                "stderr": "",
                "stdout": "PLR0915 Too many statements (68 > 50)\n   --> update_flow.py:348:5\n    |\n348 | def run_updates_for_packages(  # noqa: PLR0913\n    |     ^^^^^^^^^^^^^^^^^^^^^^^^\n349 |     packages: Sequence[str],\n350 |     *,\n    |\n\nE501 Line too long (93 > 88)\n   --> update_flow.py:416:89\n    |\n414 |                 }\n415 |             else:\n416 |                 _info(\"pip-updates script not found; using direct pip fallback installation\")\n    |                                                                                         ^^^^^\n417 |             execution_detail[\"script_attempt\"] = script_detail\n    |\n\nFound 2 errors.\n",
                "tool": "ruff_fix",
                "tool_module": "ruff",
                "tool_version": "ruff 0.14.0"
            },
            "exit": "exit 1",
            "message": "ruff_fix failed for x_make_pip_updates_x (exit 1)\ncwd: C:\\x_runner_x\\x_make_pip_updates_x\ncommand: C:\\x_runner_x\\x_make_yahw_x\\.venv\\Scripts\\python.exe -m ruff check . --fix --select ALL --ignore D,COM812,ISC001,T20 --line-length 88 --target-version py311\nstarted_at: 2025-10-15T03:52:41.800363+00:00\nduration: 0.330s\ntool_version: ruff 0.14.0\nstdout:\nPLR0915 Too many statements (68 > 50)\n   --> update_flow.py:348:5\n    |\n348 | def run_updates_for_packages(  # noqa: PLR0913\n    |     ^^^^^^^^^^^^^^^^^^^^^^^^\n\u2026\nstderr:\n<empty>",
            "repo": "x_make_pip_updates_x",
            "repo_path": "C:\\x_runner_x\\x_make_pip_updates_x",
            "stderr_preview": null,
            "stdout_preview": "PLR0915 Too many statements (68 > 50)\n   --> update_flow.py:348:5\n    |\n348 | def run_updates_for_packages(  # noqa: PLR0913\n    |     ^^^^^^^^^^^^^^^^^^^^^^^^\n\u2026",
            "suggested_action": "Investigate",
            "summary": "ruff_fix failed for x_make_pip_updates_x (exit 1) cwd: C:\\x_runner_x\\x_make_pip_updates_x command: C:\\x_runner_x\\x_make_yahw_x\\.venv\\Scripts\\python.exe -m ruff check . --fix --select ALL --ignore D,COM812,ISC001,T20 --line-length 88 --targ\u2026",
            "tool": "ruff_fix",
            "tool_version": "ruff 0.14.0"
        },
        {
            "captured_at": "2025-10-15T03:52:53.167074+00:00",
            "command": "C:\\x_runner_x\\x_make_yahw_x\\.venv\\Scripts\\python.exe -m black . --line-length 88 --target-version py311 --check --diff",
            "detail": {
                "cached": false,
                "cmd": [
                    "C:\\x_runner_x\\x_make_yahw_x\\.venv\\Scripts\\python.exe",
                    "-m",
                    "black",
                    ".",
                    "--line-length",
                    "88",
                    "--target-version",
                    "py311",
                    "--check",
                    "--diff"
                ],
                "cmd_display": "C:\\x_runner_x\\x_make_yahw_x\\.venv\\Scripts\\python.exe -m black . --line-length 88 --target-version py311 --check --diff",
                "cwd": "C:\\x_runner_x\\x_make_pypi_x",
                "duration_seconds": 2.004259299952537,
                "ended_at": "2025-10-15T03:52:53.167074+00:00",
                "exit": 1,
                "failed_files": [],
                "files_checked": [
                    "publish_flow.py",
                    "x_cls_make_pypi_x.py"
                ],
                "repo": "x_make_pypi_x",
                "repo_hash": "00a1238e0be7a08f33f8794434369d1235bcabbb157393669de32adb68372dd1",
                "repo_path": "C:\\x_runner_x\\x_make_pypi_x",
                "started_at": "2025-10-15T03:52:51.162815+00:00",
                "stderr": "would reformat C:\\x_runner_x\\x_make_pypi_x\\publish_flow.py\n\nOh no! \\U0001f4a5 \\U0001f494 \\U0001f4a5\n1 file would be reformatted, 1 file would be left unchanged.\n",
                "stdout": "--- C:\\x_runner_x\\x_make_pypi_x\\publish_flow.py\t2025-10-15 03:09:37.965496+00:00\n+++ C:\\x_runner_x\\x_make_pypi_x\\publish_flow.py\t2025-10-15 03:52:52.857969+00:00\n@@ -31,17 +31,12 @@\n         return value\n     if isinstance(value, Path):\n         return str(value)\n     if isinstance(value, Mapping):\n         typed_mapping = cast(\"Mapping[object, object]\", value)\n-        return {\n-            str(key): _json_ready(val)\n-            for key, val in typed_mapping.items()\n-        }\n-    if isinstance(value, Sequence) and not isinstance(\n-        value, (str, bytes, bytearray)\n-    ):\n+        return {str(key): _json_ready(val) for key, val in typed_mapping.items()}\n+    if isinstance(value, Sequence) and not isinstance(value, (str, bytes, bytearray)):\n         typed_sequence = cast(\"Sequence[object]\", value)\n         return [_json_ready(entry) for entry in typed_sequence]\n     return str(value)\n \n \n@@ -636,11 +631,16 @@\n \n             _info(f\"Publishing {context.name} version {context.version}\")\n             try:\n                 published = _execute_publish(context, ctx, publisher_factory)\n                 record[\"status\"] = \"published\"\n-            except (RuntimeError, ValueError, subprocess.SubprocessError, OSError) as exc:\n+            except (\n+                RuntimeError,\n+                ValueError,\n+                subprocess.SubprocessError,\n+                OSError,\n+            ) as exc:\n                 if _should_skip_publish_exception(exc, context.name, context.version):\n                     published = True\n                     record[\"status\"] = \"skipped_existing\"\n                     record[\"skip_reason\"] = _exception_summary(exc)\n                 else:\n",
                "tool": "black",
                "tool_module": "black",
                "tool_version": "python -m black, 25.9.0 (compiled: yes)\nPython (CPython) 3.13.7"
            },
            "exit": "exit 1",
            "message": "black failed for x_make_pypi_x (exit 1)\ncwd: C:\\x_runner_x\\x_make_pypi_x\ncommand: C:\\x_runner_x\\x_make_yahw_x\\.venv\\Scripts\\python.exe -m black . --line-length 88 --target-version py311 --check --diff\nstarted_at: 2025-10-15T03:52:51.162815+00:00\nduration: 2.004s\ntool_version: python -m black, 25.9.0 (compiled: yes)\nPython (CPython) 3.13.7\nstdout:\n--- C:\\x_runner_x\\x_make_pypi_x\\publish_flow.py\t2025-10-15 03:09:37.965496+00:00\n+++ C:\\x_runner_x\\x_make_pypi_x\\publish_flow.py\t2025-10-15 03:52:52.857969+00:00\n@@ -31,17 +31,12 @@\n         return value\n     if isinstance(value, Path):\n\u2026\nstderr:\nwould reformat C:\\x_runner_x\\x_make_pypi_x\\publish_flow.py\n\nOh no! \\U0001f4a5 \\U0001f494 \\U0001f4a5\n1 file would be reformatted, 1 file would be left unchanged.",
            "repo": "x_make_pypi_x",
            "repo_path": "C:\\x_runner_x\\x_make_pypi_x",
            "stderr_preview": "would reformat C:\\x_runner_x\\x_make_pypi_x\\publish_flow.py\n\nOh no! \\U0001f4a5 \\U0001f494 \\U0001f4a5\n1 file would be reformatted, 1 file would be left unchanged.",
            "stdout_preview": "--- C:\\x_runner_x\\x_make_pypi_x\\publish_flow.py\t2025-10-15 03:09:37.965496+00:00\n+++ C:\\x_runner_x\\x_make_pypi_x\\publish_flow.py\t2025-10-15 03:52:52.857969+00:00\n@@ -31,17 +31,12 @@\n         return value\n     if isinstance(value, Path):\n\u2026",
            "suggested_action": "Investigate",
            "summary": "black failed for x_make_pypi_x (exit 1) cwd: C:\\x_runner_x\\x_make_pypi_x command: C:\\x_runner_x\\x_make_yahw_x\\.venv\\Scripts\\python.exe -m black . --line-length 88 --target-version py311 --check --diff started_at: 2025-10-15T03:52:51.162815\u2026",
            "tool": "black",
            "tool_version": "python -m black, 25.9.0 (compiled: yes)\nPython (CPython) 3.13.7"
        },
        {
            "captured_at": "2025-10-15T03:52:54.314048+00:00",
            "command": "C:\\x_runner_x\\x_make_yahw_x\\.venv\\Scripts\\python.exe -m mypy . --strict --no-warn-unused-configs --show-error-codes --warn-return-any --warn-unreachable --disallow-any-unimported --disallow-any-expr --disallow-any-decorated --disallow-any-explicit",
            "detail": {
                "cached": false,
                "cmd": [
                    "C:\\x_runner_x\\x_make_yahw_x\\.venv\\Scripts\\python.exe",
                    "-m",
                    "mypy",
                    ".",
                    "--strict",
                    "--no-warn-unused-configs",
                    "--show-error-codes",
                    "--warn-return-any",
                    "--warn-unreachable",
                    "--disallow-any-unimported",
                    "--disallow-any-expr",
                    "--disallow-any-decorated",
                    "--disallow-any-explicit"
                ],
                "cmd_display": "C:\\x_runner_x\\x_make_yahw_x\\.venv\\Scripts\\python.exe -m mypy . --strict --no-warn-unused-configs --show-error-codes --warn-return-any --warn-unreachable --disallow-any-unimported --disallow-any-expr --disallow-any-decorated --disallow-any-explicit",
                "cwd": "C:\\x_runner_x\\x_make_pypi_x",
                "duration_seconds": 0.7721499999752268,
                "ended_at": "2025-10-15T03:52:54.314048+00:00",
                "exit": 1,
                "failed_files": [],
                "files_checked": [
                    "publish_flow.py",
                    "x_cls_make_pypi_x.py"
                ],
                "repo": "x_make_pypi_x",
                "repo_hash": "00a1238e0be7a08f33f8794434369d1235bcabbb157393669de32adb68372dd1",
                "repo_path": "C:\\x_runner_x\\x_make_pypi_x",
                "started_at": "2025-10-15T03:52:53.541910+00:00",
                "stderr": "",
                "stdout": "publish_flow.py:583: error: Expression type contains \"Any\" (has type \"tuple[str, dict[str, Any | str]]\")  [misc]\npublish_flow.py:583: error: Expression type contains \"Any\" (has type \"dict[str, Any | str]\")  [misc]\npublish_flow.py:584: error: Expression type contains \"Any\" (has type \"tuple[str, Any | str]\")  [misc]\npublish_flow.py:584: error: Expression type contains \"Any\" (has type \"Any | str\")  [misc]\npublish_flow.py:685: error: \"Exception\" has no attribute \"run_report_path\"  [attr-defined]\nFound 5 errors in 1 file (checked 2 source files)\n",
                "tool": "mypy",
                "tool_module": "mypy",
                "tool_version": "mypy 1.18.2 (compiled: yes)"
            },
            "exit": "exit 1",
            "message": "mypy failed for x_make_pypi_x (exit 1)\ncwd: C:\\x_runner_x\\x_make_pypi_x\ncommand: C:\\x_runner_x\\x_make_yahw_x\\.venv\\Scripts\\python.exe -m mypy . --strict --no-warn-unused-configs --show-error-codes --warn-return-any --warn-unreachable --disallow-any-unimported --disallow-any-expr --disallow-any-decorated --disallow-any-explicit\nstarted_at: 2025-10-15T03:52:53.541910+00:00\nduration: 0.772s\ntool_version: mypy 1.18.2 (compiled: yes)\nstdout:\npublish_flow.py:583: error: Expression type contains \"Any\" (has type \"tuple[str, dict[str, Any | str]]\")  [misc]\npublish_flow.py:583: error: Expression type contains \"Any\" (has type \"dict[str, Any | str]\")  [misc]\npublish_flow.py:584: error: Expression type contains \"Any\" (has type \"tuple[str, Any | str]\")  [misc]\npublish_flow.py:584: error: Expression type contains \"Any\" (has type \"Any | str\")  [misc]\npublish_flow.py:685: error: \"Exception\" has no attribute \"run_report_path\"  [attr-defined]\n\u2026\nstderr:\n<empty>",
            "repo": "x_make_pypi_x",
            "repo_path": "C:\\x_runner_x\\x_make_pypi_x",
            "stderr_preview": null,
            "stdout_preview": "publish_flow.py:583: error: Expression type contains \"Any\" (has type \"tuple[str, dict[str, Any | str]]\")  [misc]\npublish_flow.py:583: error: Expression type contains \"Any\" (has type \"dict[str, Any | str]\")  [misc]\npublish_flow.py:584: error: Expression type contains \"Any\" (has type \"tuple[str, Any | str]\")  [misc]\npublish_flow.py:584: error: Expression type contains \"Any\" (has type \"Any | str\")  [misc]\npublish_flow.py:685: error: \"Exception\" has no attribute \"run_report_path\"  [attr-defined]\n\u2026",
            "suggested_action": "Investigate",
            "summary": "mypy failed for x_make_pypi_x (exit 1) cwd: C:\\x_runner_x\\x_make_pypi_x command: C:\\x_runner_x\\x_make_yahw_x\\.venv\\Scripts\\python.exe -m mypy . --strict --no-warn-unused-configs --show-error-codes --warn-return-any --warn-unreachable --dis\u2026",
            "tool": "mypy",
            "tool_version": "mypy 1.18.2 (compiled: yes)"
        },
        {
            "captured_at": "2025-10-15T03:52:56.307344+00:00",
            "command": "C:\\x_runner_x\\x_make_yahw_x\\.venv\\Scripts\\python.exe -m pyright . --level error",
            "detail": {
                "cached": false,
                "cmd": [
                    "C:\\x_runner_x\\x_make_yahw_x\\.venv\\Scripts\\python.exe",
                    "-m",
                    "pyright",
                    ".",
                    "--level",
                    "error"
                ],
                "cmd_display": "C:\\x_runner_x\\x_make_yahw_x\\.venv\\Scripts\\python.exe -m pyright . --level error",
                "cwd": "C:\\x_runner_x\\x_make_pypi_x",
                "duration_seconds": 1.9889871999621391,
                "ended_at": "2025-10-15T03:52:56.307344+00:00",
                "exit": 1,
                "failed_files": [],
                "files_checked": [
                    "publish_flow.py",
                    "x_cls_make_pypi_x.py"
                ],
                "repo": "x_make_pypi_x",
                "repo_hash": "00a1238e0be7a08f33f8794434369d1235bcabbb157393669de32adb68372dd1",
                "repo_path": "C:\\x_runner_x\\x_make_pypi_x",
                "started_at": "2025-10-15T03:52:54.318358+00:00",
                "stderr": "",
                "stdout": "c:\\x_runner_x\\x_make_pypi_x\\publish_flow.py\n  c:\\x_runner_x\\x_make_pypi_x\\publish_flow.py:685:24 - error: Cannot assign to attribute \"run_report_path\" for class \"Exception\"\n  \u00c2\u00a0\u00c2\u00a0Attribute \"run_report_path\" is unknown (reportAttributeAccessIssue)\n1 error, 0 warnings, 0 informations\n",
                "tool": "pyright",
                "tool_module": "pyright",
                "tool_version": "pyright 1.1.406"
            },
            "exit": "exit 1",
            "message": "pyright failed for x_make_pypi_x (exit 1)\ncwd: C:\\x_runner_x\\x_make_pypi_x\ncommand: C:\\x_runner_x\\x_make_yahw_x\\.venv\\Scripts\\python.exe -m pyright . --level error\nstarted_at: 2025-10-15T03:52:54.318358+00:00\nduration: 1.989s\ntool_version: pyright 1.1.406\nstdout:\nc:\\x_runner_x\\x_make_pypi_x\\publish_flow.py\n  c:\\x_runner_x\\x_make_pypi_x\\publish_flow.py:685:24 - error: Cannot assign to attribute \"run_report_path\" for class \"Exception\"\n  \u00c2\u00a0\u00c2\u00a0Attribute \"run_report_path\" is unknown (reportAttributeAccessIssue)\n1 error, 0 warnings, 0 informations\nstderr:\n<empty>",
            "repo": "x_make_pypi_x",
            "repo_path": "C:\\x_runner_x\\x_make_pypi_x",
            "stderr_preview": null,
            "stdout_preview": "c:\\x_runner_x\\x_make_pypi_x\\publish_flow.py\n  c:\\x_runner_x\\x_make_pypi_x\\publish_flow.py:685:24 - error: Cannot assign to attribute \"run_report_path\" for class \"Exception\"\n  \u00c2\u00a0\u00c2\u00a0Attribute \"run_report_path\" is unknown (reportAttributeAccessIssue)\n1 error, 0 warnings, 0 informations",
            "suggested_action": "Investigate",
            "summary": "pyright failed for x_make_pypi_x (exit 1) cwd: C:\\x_runner_x\\x_make_pypi_x command: C:\\x_runner_x\\x_make_yahw_x\\.venv\\Scripts\\python.exe -m pyright . --level error started_at: 2025-10-15T03:52:54.318358+00:00 duration: 1.989s tool_version:\u2026",
            "tool": "pyright",
            "tool_version": "pyright 1.1.406"
        },
        {
            "captured_at": "2025-10-15T03:52:53.538962+00:00",
            "command": "C:\\x_runner_x\\x_make_yahw_x\\.venv\\Scripts\\python.exe -m ruff check . --select ALL --ignore D,COM812,ISC001,T20 --line-length 88 --target-version py311",
            "detail": {
                "cached": false,
                "cmd": [
                    "C:\\x_runner_x\\x_make_yahw_x\\.venv\\Scripts\\python.exe",
                    "-m",
                    "ruff",
                    "check",
                    ".",
                    "--select",
                    "ALL",
                    "--ignore",
                    "D,COM812,ISC001,T20",
                    "--line-length",
                    "88",
                    "--target-version",
                    "py311"
                ],
                "cmd_display": "C:\\x_runner_x\\x_make_yahw_x\\.venv\\Scripts\\python.exe -m ruff check . --select ALL --ignore D,COM812,ISC001,T20 --line-length 88 --target-version py311",
                "cwd": "C:\\x_runner_x\\x_make_pypi_x",
                "duration_seconds": 0.3682032000506297,
                "ended_at": "2025-10-15T03:52:53.538962+00:00",
                "exit": 1,
                "failed_files": [],
                "files_checked": [
                    "publish_flow.py",
                    "x_cls_make_pypi_x.py"
                ],
                "repo": "x_make_pypi_x",
                "repo_hash": "00a1238e0be7a08f33f8794434369d1235bcabbb157393669de32adb68372dd1",
                "repo_path": "C:\\x_runner_x\\x_make_pypi_x",
                "started_at": "2025-10-15T03:52:53.170761+00:00",
                "stderr": "",
                "stdout": "PERF401 Use a list comprehension to create a transformed list\n   --> publish_flow.py:565:9\n    |\n563 |       manifest_inputs: list[dict[str, object]] = []\n564 |       for entry in entries:\n565 | /         manifest_inputs.append(\n566 | |             {\n567 | |                 \"package\": entry.package,\n568 | |                 \"version\": entry.version,\n569 | |                 \"pypi_name\": entry.options.pypi_name or entry.package,\n570 | |                 \"ancillary\": list(entry.ancillary),\n571 | |                 \"options_kwargs\": _json_ready(options_to_kwargs(entry.options)),\n572 | |             }\n573 | |         )\n    | |_________^\n574 |       report_payload: dict[str, object] = {\n575 |           \"run_id\": run_id,\n    |\nhelp: Replace for loop with list comprehension\n\nE501 Line too long (90 > 88)\n   --> publish_flow.py:641:89\n    |\n639 |                 published = _execute_publish(context, ctx, publisher_factory)\n640 |                 record[\"status\"] = \"published\"\n641 |             except (RuntimeError, ValueError, subprocess.SubprocessError, OSError) as exc:\n    |                                                                                         ^^\n642 |                 if _should_skip_publish_exception(exc, context.name, context.version):\n643 |                     published = True\n    |\n\nS101 Use of `assert` detected\n   --> publish_flow.py:687:5\n    |\n685 |             caught_exc.run_report_path = report_path\n686 |\n687 |     assert report_path is not None\n    |     ^^^^^^\n688 |     return published_versions, published_artifacts, report_path\n    |\n\nFound 3 errors.\n",
                "tool": "ruff_check",
                "tool_module": "ruff",
                "tool_version": "ruff 0.14.0"
            },
            "exit": "exit 1",
            "message": "ruff_check failed for x_make_pypi_x (exit 1)\ncwd: C:\\x_runner_x\\x_make_pypi_x\ncommand: C:\\x_runner_x\\x_make_yahw_x\\.venv\\Scripts\\python.exe -m ruff check . --select ALL --ignore D,COM812,ISC001,T20 --line-length 88 --target-version py311\nstarted_at: 2025-10-15T03:52:53.170761+00:00\nduration: 0.368s\ntool_version: ruff 0.14.0\nstdout:\nPERF401 Use a list comprehension to create a transformed list\n   --> publish_flow.py:565:9\n    |\n563 |       manifest_inputs: list[dict[str, object]] = []\n564 |       for entry in entries:\n\u2026\nstderr:\n<empty>",
            "repo": "x_make_pypi_x",
            "repo_path": "C:\\x_runner_x\\x_make_pypi_x",
            "stderr_preview": null,
            "stdout_preview": "PERF401 Use a list comprehension to create a transformed list\n   --> publish_flow.py:565:9\n    |\n563 |       manifest_inputs: list[dict[str, object]] = []\n564 |       for entry in entries:\n\u2026",
            "suggested_action": "Investigate",
            "summary": "ruff_check failed for x_make_pypi_x (exit 1) cwd: C:\\x_runner_x\\x_make_pypi_x command: C:\\x_runner_x\\x_make_yahw_x\\.venv\\Scripts\\python.exe -m ruff check . --select ALL --ignore D,COM812,ISC001,T20 --line-length 88 --target-version py311 s\u2026",
            "tool": "ruff_check",
            "tool_version": "ruff 0.14.0"
        },
        {
            "captured_at": "2025-10-15T03:52:51.159148+00:00",
            "command": "C:\\x_runner_x\\x_make_yahw_x\\.venv\\Scripts\\python.exe -m ruff check . --fix --select ALL --ignore D,COM812,ISC001,T20 --line-length 88 --target-version py311",
            "detail": {
                "cached": false,
                "cmd": [
                    "C:\\x_runner_x\\x_make_yahw_x\\.venv\\Scripts\\python.exe",
                    "-m",
                    "ruff",
                    "check",
                    ".",
                    "--fix",
                    "--select",
                    "ALL",
                    "--ignore",
                    "D,COM812,ISC001,T20",
                    "--line-length",
                    "88",
                    "--target-version",
                    "py311"
                ],
                "cmd_display": "C:\\x_runner_x\\x_make_yahw_x\\.venv\\Scripts\\python.exe -m ruff check . --fix --select ALL --ignore D,COM812,ISC001,T20 --line-length 88 --target-version py311",
                "cwd": "C:\\x_runner_x\\x_make_pypi_x",
                "duration_seconds": 0.3286439999938011,
                "ended_at": "2025-10-15T03:52:51.159148+00:00",
                "exit": 1,
                "failed_files": [],
                "files_checked": [
                    "publish_flow.py",
                    "x_cls_make_pypi_x.py"
                ],
                "repo": "x_make_pypi_x",
                "repo_hash": "00a1238e0be7a08f33f8794434369d1235bcabbb157393669de32adb68372dd1",
                "repo_path": "C:\\x_runner_x\\x_make_pypi_x",
                "started_at": "2025-10-15T03:52:50.830505+00:00",
                "stderr": "",
                "stdout": "PERF401 Use a list comprehension to create a transformed list\n   --> publish_flow.py:565:9\n    |\n563 |       manifest_inputs: list[dict[str, object]] = []\n564 |       for entry in entries:\n565 | /         manifest_inputs.append(\n566 | |             {\n567 | |                 \"package\": entry.package,\n568 | |                 \"version\": entry.version,\n569 | |                 \"pypi_name\": entry.options.pypi_name or entry.package,\n570 | |                 \"ancillary\": list(entry.ancillary),\n571 | |                 \"options_kwargs\": _json_ready(options_to_kwargs(entry.options)),\n572 | |             }\n573 | |         )\n    | |_________^\n574 |       report_payload: dict[str, object] = {\n575 |           \"run_id\": run_id,\n    |\nhelp: Replace for loop with list comprehension\n\nE501 Line too long (90 > 88)\n   --> publish_flow.py:641:89\n    |\n639 |                 published = _execute_publish(context, ctx, publisher_factory)\n640 |                 record[\"status\"] = \"published\"\n641 |             except (RuntimeError, ValueError, subprocess.SubprocessError, OSError) as exc:\n    |                                                                                         ^^\n642 |                 if _should_skip_publish_exception(exc, context.name, context.version):\n643 |                     published = True\n    |\n\nS101 Use of `assert` detected\n   --> publish_flow.py:687:5\n    |\n685 |             caught_exc.run_report_path = report_path\n686 |\n687 |     assert report_path is not None\n    |     ^^^^^^\n688 |     return published_versions, published_artifacts, report_path\n    |\n\nFound 3 errors.\n",
                "tool": "ruff_fix",
                "tool_module": "ruff",
                "tool_version": "ruff 0.14.0"
            },
            "exit": "exit 1",
            "message": "ruff_fix failed for x_make_pypi_x (exit 1)\ncwd: C:\\x_runner_x\\x_make_pypi_x\ncommand: C:\\x_runner_x\\x_make_yahw_x\\.venv\\Scripts\\python.exe -m ruff check . --fix --select ALL --ignore D,COM812,ISC001,T20 --line-length 88 --target-version py311\nstarted_at: 2025-10-15T03:52:50.830505+00:00\nduration: 0.329s\ntool_version: ruff 0.14.0\nstdout:\nPERF401 Use a list comprehension to create a transformed list\n   --> publish_flow.py:565:9\n    |\n563 |       manifest_inputs: list[dict[str, object]] = []\n564 |       for entry in entries:\n\u2026\nstderr:\n<empty>",
            "repo": "x_make_pypi_x",
            "repo_path": "C:\\x_runner_x\\x_make_pypi_x",
            "stderr_preview": null,
            "stdout_preview": "PERF401 Use a list comprehension to create a transformed list\n   --> publish_flow.py:565:9\n    |\n563 |       manifest_inputs: list[dict[str, object]] = []\n564 |       for entry in entries:\n\u2026",
            "suggested_action": "Investigate",
            "summary": "ruff_fix failed for x_make_pypi_x (exit 1) cwd: C:\\x_runner_x\\x_make_pypi_x command: C:\\x_runner_x\\x_make_yahw_x\\.venv\\Scripts\\python.exe -m ruff check . --fix --select ALL --ignore D,COM812,ISC001,T20 --line-length 88 --target-version py3\u2026",
            "tool": "ruff_fix",
            "tool_version": "ruff 0.14.0"
        }
    ],
    "generated_at": "2025-10-15T03:53:05.483649+00:00",
    "runtime": {
        "environment": {
            "PATH": "C:\\WINDOWS\\system32;C:\\WINDOWS;C:\\WINDOWS\\System32\\Wbem;C:\\WINDOWS\\System32\\WindowsPowerShell\\v1.0\\;C:\\WINDOWS\\System32\\OpenSSH\\;C:\\Program Files\\Git\\cmd;C:\\Users\\eye43\\AppData\\Local\\Programs\\Python\\Python313\\Scripts\\;C:\\Users\\eye43\\AppData\\Local\\Programs\\Python\\Python313\\;C:\\Users\\eye43\\AppData\\Local\\Microsoft\\WindowsApps;C:\\Users\\eye43\\AppData\\Local\\Programs\\Microsoft VS Code\\bin;c:\\Users\\eye43\\.vscode\\extensions\\ms-python.debugpy-2025.14.0-win32-x64\\bundled\\scripts\\noConfigScripts;c:\\Users\\eye43\\AppData\\Roaming\\Code\\User\\globalStorage\\github.copilot-chat\\debugCommand"
        },
        "platform": "Windows-11-10.0.22631-SP0",
        "python_executable": "C:\\x_runner_x\\x_make_yahw_x\\.venv\\Scripts\\python.exe",
        "python_version": "3.13.7 (tags/v3.13.7:bcee1c3, Aug 14 2025, 14:15:11) [MSC v.1944 64 bit (AMD64)]",
        "run_completed_at": "2025-10-15T03:53:05.483495+00:00",
        "run_started_at": "2025-10-15T03:51:35.189942+00:00",
        "workspace_root": "C:\\x_runner_x"
    },
    "schema_version": "1.0",
    "summary": {
        "overall_stats": {
            "cache_hits": 32,
            "cache_misses": 38,
            "failed_tools": 26,
            "had_failures": true,
            "total_tools_run": 70
        },
        "repos": {
            "x_0_make_all_x": {
                "cached": 0,
                "failed": 4,
                "repo_hash": "a717c5a245a010225048762bcbc85d1d39f502900cf456daf0b108a1f16ca032",
                "tools": {
                    "black": {
                        "cached": false,
                        "exit": 1,
                        "timed_out": false
                    },
                    "mypy": {
                        "cached": false,
                        "exit": 1,
                        "timed_out": false
                    },
                    "pyright": {
                        "cached": false,
                        "exit": 0,
                        "timed_out": false
                    },
                    "ruff_check": {
                        "cached": false,
                        "exit": 1,
                        "timed_out": false
                    },
                    "ruff_fix": {
                        "cached": false,
                        "exit": 1,
                        "timed_out": false
                    }
                }
            },
            "x_legatus_acta_schedae_x": {
                "cached": 0,
                "failed": 0,
                "repo_hash": "6367ee9b4f59be2e47b0a9cf1bbf6a2c976935798aecea443cae149167e71221",
                "tools": {
                    "black": {
                        "cached": false,
                        "exit": 0,
                        "timed_out": false
                    },
                    "mypy": {
                        "cached": false,
                        "exit": 0,
                        "timed_out": false
                    },
                    "pyright": {
                        "cached": false,
                        "exit": 0,
                        "timed_out": false
                    },
                    "ruff_check": {
                        "cached": false,
                        "exit": 0,
                        "timed_out": false
                    },
                    "ruff_fix": {
                        "cached": false,
                        "exit": 0,
                        "timed_out": false
                    }
                }
            },
            "x_legatus_tactica_impetus_x": {
                "cached": 2,
                "failed": 0,
                "repo_hash": "cc97fafbcc480da07f5da6f3bf95b20b6477a3877b19257bb492c37a976161aa",
                "tools": {
                    "black": {
                        "cached": false,
                        "exit": 0,
                        "timed_out": false
                    },
                    "mypy": {
                        "cached": false,
                        "exit": 0,
                        "timed_out": false
                    },
                    "pyright": {
                        "cached": false,
                        "exit": 0,
                        "timed_out": false
                    },
                    "ruff_check": {
                        "cached": true,
                        "exit": 0,
                        "timed_out": false
                    },
                    "ruff_fix": {
                        "cached": true,
                        "exit": 0,
                        "timed_out": false
                    }
                }
            },
            "x_make_common_x": {
                "cached": 0,
                "failed": 4,
                "repo_hash": "4bcf16a7ebb0601301a44f3f2eaa8fbfcafbe1e347f1d75ab63c42fdbb8d8cf1",
                "tools": {
                    "black": {
                        "cached": false,
                        "exit": 1,
                        "timed_out": false
                    },
                    "mypy": {
                        "cached": false,
                        "exit": 1,
                        "timed_out": false
                    },
                    "pyright": {
                        "cached": false,
                        "exit": 0,
                        "timed_out": false
                    },
                    "ruff_check": {
                        "cached": false,
                        "exit": 1,
                        "timed_out": false
                    },
                    "ruff_fix": {
                        "cached": false,
                        "exit": 1,
                        "timed_out": false
                    }
                }
            },
            "x_make_github_clones_x": {
                "cached": 0,
                "failed": 5,
                "repo_hash": "a041605a8b2b5129868c762f8fcc01e4da8d6b53e9cef9ee798a608aa5e6792f",
                "tools": {
                    "black": {
                        "cached": false,
                        "exit": 1,
                        "timed_out": false
                    },
                    "mypy": {
                        "cached": false,
                        "exit": 1,
                        "timed_out": false
                    },
                    "pyright": {
                        "cached": false,
                        "exit": 1,
                        "timed_out": false
                    },
                    "ruff_check": {
                        "cached": false,
                        "exit": 1,
                        "timed_out": false
                    },
                    "ruff_fix": {
                        "cached": false,
                        "exit": 1,
                        "timed_out": false
                    }
                }
            },
            "x_make_github_visitor_x": {
                "cached": 0,
                "failed": 3,
                "repo_hash": "a855224622d0c1158ebaaf981f14cb02eed1d108478231de714581ec77e2e66d",
                "tools": {
                    "black": {
                        "cached": false,
                        "exit": 0,
                        "timed_out": false
                    },
                    "mypy": {
                        "cached": false,
                        "exit": 1,
                        "timed_out": false
                    },
                    "pyright": {
                        "cached": false,
                        "exit": 0,
                        "timed_out": false
                    },
                    "ruff_check": {
                        "cached": false,
                        "exit": 1,
                        "timed_out": false
                    },
                    "ruff_fix": {
                        "cached": false,
                        "exit": 1,
                        "timed_out": false
                    }
                }
            },
            "x_make_graphviz_x": {
                "cached": 5,
                "failed": 0,
                "repo_hash": "8f06960592b12bcdf458cf7dbe69b19d53229e766ab372de159904cd40caa059",
                "tools": {
                    "black": {
                        "cached": true,
                        "exit": 0,
                        "timed_out": false
                    },
                    "mypy": {
                        "cached": true,
                        "exit": 0,
                        "timed_out": false
                    },
                    "pyright": {
                        "cached": true,
                        "exit": 0,
                        "timed_out": false
                    },
                    "ruff_check": {
                        "cached": true,
                        "exit": 0,
                        "timed_out": false
                    },
                    "ruff_fix": {
                        "cached": true,
                        "exit": 0,
                        "timed_out": false
                    }
                }
            },
            "x_make_markdown_x": {
                "cached": 5,
                "failed": 0,
                "repo_hash": "773e88a773208c3dd9189a57080561a83f907ac0165ae56029f437eb86656c7a",
                "tools": {
                    "black": {
                        "cached": true,
                        "exit": 0,
                        "timed_out": false
                    },
                    "mypy": {
                        "cached": true,
                        "exit": 0,
                        "timed_out": false
                    },
                    "pyright": {
                        "cached": true,
                        "exit": 0,
                        "timed_out": false
                    },
                    "ruff_check": {
                        "cached": true,
                        "exit": 0,
                        "timed_out": false
                    },
                    "ruff_fix": {
                        "cached": true,
                        "exit": 0,
                        "timed_out": false
                    }
                }
            },
            "x_make_mermaid_x": {
                "cached": 5,
                "failed": 0,
                "repo_hash": "3843d549f19170c40a64435274f6332c13501800727ad80b004774ffbc46d01a",
                "tools": {
                    "black": {
                        "cached": true,
                        "exit": 0,
                        "timed_out": false
                    },
                    "mypy": {
                        "cached": true,
                        "exit": 0,
                        "timed_out": false
                    },
                    "pyright": {
                        "cached": true,
                        "exit": 0,
                        "timed_out": false
                    },
                    "ruff_check": {
                        "cached": true,
                        "exit": 0,
                        "timed_out": false
                    },
                    "ruff_fix": {
                        "cached": true,
                        "exit": 0,
                        "timed_out": false
                    }
                }
            },
            "x_make_persistent_env_var_x": {
                "cached": 5,
                "failed": 0,
                "repo_hash": "38624500e50d648701b39572aca2c5d8cd0420bb6d1e9513e212e3aa11078fe0",
                "tools": {
                    "black": {
                        "cached": true,
                        "exit": 0,
                        "timed_out": false
                    },
                    "mypy": {
                        "cached": true,
                        "exit": 0,
                        "timed_out": false
                    },
                    "pyright": {
                        "cached": true,
                        "exit": 0,
                        "timed_out": false
                    },
                    "ruff_check": {
                        "cached": true,
                        "exit": 0,
                        "timed_out": false
                    },
                    "ruff_fix": {
                        "cached": true,
                        "exit": 0,
                        "timed_out": false
                    }
                }
            },
            "x_make_pip_updates_x": {
                "cached": 0,
                "failed": 5,
                "repo_hash": "7b3f409da4d77e8275150ec5299555c7b54db43b47bc03ecdd2f432eda9c2180",
                "tools": {
                    "black": {
                        "cached": false,
                        "exit": 1,
                        "timed_out": false
                    },
                    "mypy": {
                        "cached": false,
                        "exit": 1,
                        "timed_out": false
                    },
                    "pyright": {
                        "cached": false,
                        "exit": 1,
                        "timed_out": false
                    },
                    "ruff_check": {
                        "cached": false,
                        "exit": 1,
                        "timed_out": false
                    },
                    "ruff_fix": {
                        "cached": false,
                        "exit": 1,
                        "timed_out": false
                    }
                }
            },
            "x_make_py_mod_sideload_x": {
                "cached": 5,
                "failed": 0,
                "repo_hash": "69ac171dd36d6f8621439bba6bbda0288c09f653e7c678ee9a0e834fe3609e6c",
                "tools": {
                    "black": {
                        "cached": true,
                        "exit": 0,
                        "timed_out": false
                    },
                    "mypy": {
                        "cached": true,
                        "exit": 0,
                        "timed_out": false
                    },
                    "pyright": {
                        "cached": true,
                        "exit": 0,
                        "timed_out": false
                    },
                    "ruff_check": {
                        "cached": true,
                        "exit": 0,
                        "timed_out": false
                    },
                    "ruff_fix": {
                        "cached": true,
                        "exit": 0,
                        "timed_out": false
                    }
                }
            },
            "x_make_pypi_x": {
                "cached": 0,
                "failed": 5,
                "repo_hash": "00a1238e0be7a08f33f8794434369d1235bcabbb157393669de32adb68372dd1",
                "tools": {
                    "black": {
                        "cached": false,
                        "exit": 1,
                        "timed_out": false
                    },
                    "mypy": {
                        "cached": false,
                        "exit": 1,
                        "timed_out": false
                    },
                    "pyright": {
                        "cached": false,
                        "exit": 1,
                        "timed_out": false
                    },
                    "ruff_check": {
                        "cached": false,
                        "exit": 1,
                        "timed_out": false
                    },
                    "ruff_fix": {
                        "cached": false,
                        "exit": 1,
                        "timed_out": false
                    }
                }
            },
            "x_make_yahw_x": {
                "cached": 5,
                "failed": 0,
                "repo_hash": "d5b6324c3c161764524c550422f1e31cacffc452454eb0900e0d52ddd4106018",
                "tools": {
                    "black": {
                        "cached": true,
                        "exit": 0,
                        "timed_out": false
                    },
                    "mypy": {
                        "cached": true,
                        "exit": 0,
                        "timed_out": false
                    },
                    "pyright": {
                        "cached": true,
                        "exit": 0,
                        "timed_out": false
                    },
                    "ruff_check": {
                        "cached": true,
                        "exit": 0,
                        "timed_out": false
                    },
                    "ruff_fix": {
                        "cached": true,
                        "exit": 0,
                        "timed_out": false
                    }
                }
            }
        },
        "timestamp": "2025-10-15T03:53:05.483676+00:00",
        "total_repos": 14
    },
    "tool_versions": {
        "black": "python -m black, 25.9.0 (compiled: yes)\nPython (CPython) 3.13.7",
        "mypy": "mypy 1.18.2 (compiled: yes)",
        "pyright": "pyright 1.1.406",
        "ruff": "ruff 0.14.0"
    },
    "workspace_root": "C:\\x_runner_x"
}