{
    "failures": [
        {
            "captured_at": "2025-10-15T21:13:44.479269+00:00",
            "command": "C:\\x_runner_x\\.venv\\Scripts\\python.exe -m black . --line-length 88 --target-version py311 --check --diff",
            "detail": {
                "cached": false,
                "cmd": [
                    "C:\\x_runner_x\\.venv\\Scripts\\python.exe",
                    "-m",
                    "black",
                    ".",
                    "--line-length",
                    "88",
                    "--target-version",
                    "py311",
                    "--check",
                    "--diff"
                ],
                "cmd_display": "C:\\x_runner_x\\.venv\\Scripts\\python.exe -m black . --line-length 88 --target-version py311 --check --diff",
                "cwd": "C:\\x_runner_x\\x_0_make_all_x",
                "duration_seconds": 2.3878923999945982,
                "ended_at": "2025-10-15T21:13:44.479269+00:00",
                "exit": 1,
                "failed_files": [],
                "files_checked": [
                    "__init__.py",
                    "forceit.py",
                    "interface/__init__.py",
                    "interface/gui/__init__.py",
                    "interface/gui/app.py",
                    "interface/gui/commit.py",
                    "interface/gui/tree.py",
                    "manifest.py",
                    "tests/__init__.py",
                    "tests/test_forceit.py",
                    "tests/test_gui_columns.py",
                    "tests/test_gui_commit.py",
                    "tests/test_gui_exit_code.py",
                    "tests/test_gui_tree.py",
                    "tests/test_make_all_kanban.py",
                    "tests/test_orchestrator_clones_stage.py",
                    "tests/test_publish_manifest.py",
                    "x_cls_make_all_x.py"
                ],
                "repo": "x_0_make_all_x",
                "repo_hash": "ac4e06ceabbd242937f87b1cecd533a87545036d63a34c85de3b0f11e279de26",
                "repo_path": "C:\\x_runner_x\\x_0_make_all_x",
                "started_at": "2025-10-15T21:13:42.091377+00:00",
                "stderr": "would reformat C:\\x_runner_x\\x_0_make_all_x\\tests\\test_orchestrator_clones_stage.py\nwould reformat C:\\x_runner_x\\x_0_make_all_x\\tests\\test_gui_columns.py\nwould reformat C:\\x_runner_x\\x_0_make_all_x\\interface\\gui\\app.py\nwould reformat C:\\x_runner_x\\x_0_make_all_x\\x_cls_make_all_x.py\n\nOh no! \\U0001f4a5 \\U0001f494 \\U0001f4a5\n4 files would be reformatted, 14 files would be left unchanged.\n",
                "stdout": "--- C:\\x_runner_x\\x_0_make_all_x\\tests\\test_orchestrator_clones_stage.py\t2025-10-15 21:13:09.217949+00:00\n+++ C:\\x_runner_x\\x_0_make_all_x\\tests\\test_orchestrator_clones_stage.py\t2025-10-15 21:13:43.063033+00:00\n@@ -89,11 +89,11 @@\n     report_summary_value = metadata.get(\"report_summary\")\n     assert isinstance(report_summary_value, dict)\n     assert report_summary_value == report_summary\n     assert any(\n         \"Recorded clones JSON report\" in message\n-    for message in cast(\"list[object]\", cloning_stage.get(\"messages\", []))\n+        for message in cast(\"list[object]\", cloning_stage.get(\"messages\", []))\n         if isinstance(message, str)\n     )\n \n     artifacts_obj = summary.get(\"artifacts\")\n     assert isinstance(artifacts_obj, dict)\n--- C:\\x_runner_x\\x_0_make_all_x\\tests\\test_gui_columns.py\t2025-10-15 21:13:09.224454+00:00\n+++ C:\\x_runner_x\\x_0_make_all_x\\tests\\test_gui_columns.py\t2025-10-15 21:13:43.095426+00:00\n@@ -64,13 +64,11 @@\n     specs = cast(\"Sequence[gui_app.ColumnSpec]\", gui_app.load_column_specs())\n     observed_keys = tuple(spec.key for spec in specs)\n \n     assert observed_keys == config_keys  # noqa: S101\n \n-    spec_map: Mapping[str, gui_app.ColumnSpec] = {\n-        spec.key: spec for spec in specs\n-    }\n+    spec_map: Mapping[str, gui_app.ColumnSpec] = {spec.key: spec for spec in specs}\n     assert \"mypy\" in spec_map[\"mypy_static_analysis\"].aliases  # noqa: S101\n     assert \"ruff\" in spec_map[\"ruff_lint\"].aliases  # noqa: S101\n     assert \"black\" in spec_map[\"black_format\"].aliases  # noqa: S101\n     assert \"pyright\" in spec_map[\"pyright_type_check\"].aliases  # noqa: S101\n \n--- C:\\x_runner_x\\x_0_make_all_x\\interface\\gui\\app.py\t2025-10-15 21:12:51.877616+00:00\n+++ C:\\x_runner_x\\x_0_make_all_x\\interface\\gui\\app.py\t2025-10-15 21:13:43.950522+00:00\n@@ -1144,11 +1144,13 @@\n         if status_value is True:\n             publish_state = \"passed\"\n             publish_message = f\"PyPI confirms {matched_package or package_name}.\"\n         elif status_value is False:\n             publish_state = \"failed\"\n-            publish_message = f\"PyPI release pending for {matched_package or package_name}.\"\n+            publish_message = (\n+                f\"PyPI release pending for {matched_package or package_name}.\"\n+            )\n         if publish_message is None and publish_state == \"unknown\":\n             publish_message = \"PyPI release status unavailable.\"\n         self._apply_column_state_for_repo(\n             repo,\n             \"publish_to_pypi\",\n--- C:\\x_runner_x\\x_0_make_all_x\\x_cls_make_all_x.py\t2025-10-15 21:13:09.224454+00:00\n+++ C:\\x_runner_x\\x_0_make_all_x\\x_cls_make_all_x.py\t2025-10-15 21:13:44.081307+00:00\n@@ -715,13 +715,11 @@\n         artifacts_map: dict[str, object]\n         if isinstance(artifacts_obj, dict):\n             artifacts_map = cast(\"dict[str, object]\", artifacts_obj)\n         elif isinstance(artifacts_obj, Mapping):\n             typed_artifacts = cast(\"Mapping[object, object]\", artifacts_obj)\n-            artifacts_map = {\n-                str(key): value for key, value in typed_artifacts.items()\n-            }\n+            artifacts_map = {str(key): value for key, value in typed_artifacts.items()}\n             summary[\"artifacts\"] = artifacts_map\n         else:\n             artifacts_map = {}\n             summary[\"artifacts\"] = artifacts_map\n         artifacts_map[\"kanban\"] = self._json_ready(self._kanban_artifacts)\n",
                "tool": "black",
                "tool_module": "black",
                "tool_version": "python -m black, 25.9.0 (compiled: yes)\nPython (CPython) 3.13.7"
            },
            "exit": "exit 1",
            "message": "black failed for x_0_make_all_x (exit 1)\ncwd: C:\\x_runner_x\\x_0_make_all_x\ncommand: C:\\x_runner_x\\.venv\\Scripts\\python.exe -m black . --line-length 88 --target-version py311 --check --diff\nstarted_at: 2025-10-15T21:13:42.091377+00:00\nduration: 2.388s\ntool_version: python -m black, 25.9.0 (compiled: yes)\nPython (CPython) 3.13.7\nstdout:\n--- C:\\x_runner_x\\x_0_make_all_x\\tests\\test_orchestrator_clones_stage.py\t2025-10-15 21:13:09.217949+00:00\n+++ C:\\x_runner_x\\x_0_make_all_x\\tests\\test_orchestrator_clones_stage.py\t2025-10-15 21:13:43.063033+00:00\n@@ -89,11 +89,11 @@\n     report_summary_value = metadata.get(\"report_summary\")\n     assert isinstance(report_summary_value, dict)\n\u2026\nstderr:\nwould reformat C:\\x_runner_x\\x_0_make_all_x\\tests\\test_orchestrator_clones_stage.py\nwould reformat C:\\x_runner_x\\x_0_make_all_x\\tests\\test_gui_columns.py\nwould reformat C:\\x_runner_x\\x_0_make_all_x\\interface\\gui\\app.py\nwould reformat C:\\x_runner_x\\x_0_make_all_x\\x_cls_make_all_x.py\n\n\u2026",
            "repo": "x_0_make_all_x",
            "repo_path": "C:\\x_runner_x\\x_0_make_all_x",
            "stderr_preview": "would reformat C:\\x_runner_x\\x_0_make_all_x\\tests\\test_orchestrator_clones_stage.py\nwould reformat C:\\x_runner_x\\x_0_make_all_x\\tests\\test_gui_columns.py\nwould reformat C:\\x_runner_x\\x_0_make_all_x\\interface\\gui\\app.py\nwould reformat C:\\x_runner_x\\x_0_make_all_x\\x_cls_make_all_x.py\n\n\u2026",
            "stdout_preview": "--- C:\\x_runner_x\\x_0_make_all_x\\tests\\test_orchestrator_clones_stage.py\t2025-10-15 21:13:09.217949+00:00\n+++ C:\\x_runner_x\\x_0_make_all_x\\tests\\test_orchestrator_clones_stage.py\t2025-10-15 21:13:43.063033+00:00\n@@ -89,11 +89,11 @@\n     report_summary_value = metadata.get(\"report_summary\")\n     assert isinstance(report_summary_value, dict)\n\u2026",
            "suggested_action": "Investigate",
            "summary": "black failed for x_0_make_all_x (exit 1) cwd: C:\\x_runner_x\\x_0_make_all_x command: C:\\x_runner_x\\.venv\\Scripts\\python.exe -m black . --line-length 88 --target-version py311 --check --diff started_at: 2025-10-15T21:13:42.091377+00:00 durat\u2026",
            "tool": "black",
            "tool_version": "python -m black, 25.9.0 (compiled: yes)\nPython (CPython) 3.13.7"
        },
        {
            "captured_at": "2025-10-15T21:13:45.818538+00:00",
            "command": "C:\\x_runner_x\\.venv\\Scripts\\python.exe -m mypy . --strict --no-warn-unused-configs --show-error-codes --warn-return-any --warn-unreachable --disallow-any-unimported --disallow-any-expr --disallow-any-decorated --disallow-any-explicit",
            "detail": {
                "cached": false,
                "cmd": [
                    "C:\\x_runner_x\\.venv\\Scripts\\python.exe",
                    "-m",
                    "mypy",
                    ".",
                    "--strict",
                    "--no-warn-unused-configs",
                    "--show-error-codes",
                    "--warn-return-any",
                    "--warn-unreachable",
                    "--disallow-any-unimported",
                    "--disallow-any-expr",
                    "--disallow-any-decorated",
                    "--disallow-any-explicit"
                ],
                "cmd_display": "C:\\x_runner_x\\.venv\\Scripts\\python.exe -m mypy . --strict --no-warn-unused-configs --show-error-codes --warn-return-any --warn-unreachable --disallow-any-unimported --disallow-any-expr --disallow-any-decorated --disallow-any-explicit",
                "cwd": "C:\\x_runner_x\\x_0_make_all_x",
                "duration_seconds": 1.0963121999957366,
                "ended_at": "2025-10-15T21:13:45.818538+00:00",
                "exit": 1,
                "failed_files": [],
                "files_checked": [
                    "__init__.py",
                    "forceit.py",
                    "interface/__init__.py",
                    "interface/gui/__init__.py",
                    "interface/gui/app.py",
                    "interface/gui/commit.py",
                    "interface/gui/tree.py",
                    "manifest.py",
                    "tests/__init__.py",
                    "tests/test_forceit.py",
                    "tests/test_gui_columns.py",
                    "tests/test_gui_commit.py",
                    "tests/test_gui_exit_code.py",
                    "tests/test_gui_tree.py",
                    "tests/test_make_all_kanban.py",
                    "tests/test_orchestrator_clones_stage.py",
                    "tests/test_publish_manifest.py",
                    "x_cls_make_all_x.py"
                ],
                "repo": "x_0_make_all_x",
                "repo_hash": "ac4e06ceabbd242937f87b1cecd533a87545036d63a34c85de3b0f11e279de26",
                "repo_path": "C:\\x_runner_x\\x_0_make_all_x",
                "started_at": "2025-10-15T21:13:44.722227+00:00",
                "stderr": "",
                "stdout": "tests\\test_gui_columns.py:121: error: Redundant cast to \"dict[tuple[str, str], int]\"  [redundant-cast]\ntests\\test_gui_columns.py:126: error: Redundant cast to \"dict[str, int]\"  [redundant-cast]\ntests\\test_gui_columns.py:130: error: Redundant cast to \"QTableWidget\"  [redundant-cast]\ntests\\test_gui_columns.py:140: error: \"type[Qt]\" has no attribute \"UserRole\"  [attr-defined]\ntests\\test_gui_columns.py:140: error: Expression has type \"Any\"  [misc]\nFound 5 errors in 1 file (checked 18 source files)\n",
                "tool": "mypy",
                "tool_module": "mypy",
                "tool_version": "mypy 1.18.2 (compiled: yes)"
            },
            "exit": "exit 1",
            "message": "mypy failed for x_0_make_all_x (exit 1)\ncwd: C:\\x_runner_x\\x_0_make_all_x\ncommand: C:\\x_runner_x\\.venv\\Scripts\\python.exe -m mypy . --strict --no-warn-unused-configs --show-error-codes --warn-return-any --warn-unreachable --disallow-any-unimported --disallow-any-expr --disallow-any-decorated --disallow-any-explicit\nstarted_at: 2025-10-15T21:13:44.722227+00:00\nduration: 1.096s\ntool_version: mypy 1.18.2 (compiled: yes)\nstdout:\ntests\\test_gui_columns.py:121: error: Redundant cast to \"dict[tuple[str, str], int]\"  [redundant-cast]\ntests\\test_gui_columns.py:126: error: Redundant cast to \"dict[str, int]\"  [redundant-cast]\ntests\\test_gui_columns.py:130: error: Redundant cast to \"QTableWidget\"  [redundant-cast]\ntests\\test_gui_columns.py:140: error: \"type[Qt]\" has no attribute \"UserRole\"  [attr-defined]\ntests\\test_gui_columns.py:140: error: Expression has type \"Any\"  [misc]\n\u2026\nstderr:\n<empty>",
            "repo": "x_0_make_all_x",
            "repo_path": "C:\\x_runner_x\\x_0_make_all_x",
            "stderr_preview": null,
            "stdout_preview": "tests\\test_gui_columns.py:121: error: Redundant cast to \"dict[tuple[str, str], int]\"  [redundant-cast]\ntests\\test_gui_columns.py:126: error: Redundant cast to \"dict[str, int]\"  [redundant-cast]\ntests\\test_gui_columns.py:130: error: Redundant cast to \"QTableWidget\"  [redundant-cast]\ntests\\test_gui_columns.py:140: error: \"type[Qt]\" has no attribute \"UserRole\"  [attr-defined]\ntests\\test_gui_columns.py:140: error: Expression has type \"Any\"  [misc]\n\u2026",
            "suggested_action": "Investigate",
            "summary": "mypy failed for x_0_make_all_x (exit 1) cwd: C:\\x_runner_x\\x_0_make_all_x command: C:\\x_runner_x\\.venv\\Scripts\\python.exe -m mypy . --strict --no-warn-unused-configs --show-error-codes --warn-return-any --warn-unreachable --disallow-any-un\u2026",
            "tool": "mypy",
            "tool_version": "mypy 1.18.2 (compiled: yes)"
        },
        {
            "captured_at": "2025-10-15T21:13:44.715682+00:00",
            "command": "C:\\x_runner_x\\.venv\\Scripts\\python.exe -m ruff check . --select ALL --ignore D,COM812,ISC001,T20 --line-length 88 --target-version py311",
            "detail": {
                "cached": false,
                "cmd": [
                    "C:\\x_runner_x\\.venv\\Scripts\\python.exe",
                    "-m",
                    "ruff",
                    "check",
                    ".",
                    "--select",
                    "ALL",
                    "--ignore",
                    "D,COM812,ISC001,T20",
                    "--line-length",
                    "88",
                    "--target-version",
                    "py311"
                ],
                "cmd_display": "C:\\x_runner_x\\.venv\\Scripts\\python.exe -m ruff check . --select ALL --ignore D,COM812,ISC001,T20 --line-length 88 --target-version py311",
                "cwd": "C:\\x_runner_x\\x_0_make_all_x",
                "duration_seconds": 0.23178040000493638,
                "ended_at": "2025-10-15T21:13:44.715682+00:00",
                "exit": 1,
                "failed_files": [],
                "files_checked": [
                    "__init__.py",
                    "forceit.py",
                    "interface/__init__.py",
                    "interface/gui/__init__.py",
                    "interface/gui/app.py",
                    "interface/gui/commit.py",
                    "interface/gui/tree.py",
                    "manifest.py",
                    "tests/__init__.py",
                    "tests/test_forceit.py",
                    "tests/test_gui_columns.py",
                    "tests/test_gui_commit.py",
                    "tests/test_gui_exit_code.py",
                    "tests/test_gui_tree.py",
                    "tests/test_make_all_kanban.py",
                    "tests/test_orchestrator_clones_stage.py",
                    "tests/test_publish_manifest.py",
                    "x_cls_make_all_x.py"
                ],
                "repo": "x_0_make_all_x",
                "repo_hash": "ac4e06ceabbd242937f87b1cecd533a87545036d63a34c85de3b0f11e279de26",
                "repo_path": "C:\\x_runner_x\\x_0_make_all_x",
                "started_at": "2025-10-15T21:13:44.483901+00:00",
                "stderr": "",
                "stdout": "C901 `_apply_publish_columns` is too complex (15 > 10)\n    --> interface\\gui\\app.py:1122:9\n     |\n1120 |             )\n1121 |\n1122 |     def _apply_publish_columns(\n     |         ^^^^^^^^^^^^^^^^^^^^^^\n1123 |         self,\n1124 |         repo: str,\n     |\n\nPLR0912 Too many branches (16 > 12)\n    --> interface\\gui\\app.py:1122:9\n     |\n1120 |             )\n1121 |\n1122 |     def _apply_publish_columns(\n     |         ^^^^^^^^^^^^^^^^^^^^^^\n1123 |         self,\n1124 |         repo: str,\n     |\n\nE501 Line too long (92 > 88)\n    --> interface\\gui\\app.py:1149:89\n     |\n1147 |         elif status_value is False:\n1148 |             publish_state = \"failed\"\n1149 |             publish_message = f\"PyPI release pending for {matched_package or package_name}.\"\n     |                                                                                         ^^^^\n1150 |         if publish_message is None and publish_state == \"unknown\":\n1151 |             publish_message = \"PyPI release status unavailable.\"\n     |\n\nC901 `manifest_python_allowlist` is too complex (14 > 10)\n   --> manifest.py:232:5\n    |\n232 | def manifest_python_allowlist(\n    |     ^^^^^^^^^^^^^^^^^^^^^^^^^\n233 |     entries: Sequence[ManifestEntry],\n234 | ) -> dict[str, tuple[str, ...]]:\n    |\n\nTC003 Move standard library import `collections.abc.Mapping` into a type-checking block\n --> tests\\test_gui_columns.py:4:29\n  |\n3 | import json\n4 | from collections.abc import Mapping, Sequence\n  |                             ^^^^^^^\n5 | from pathlib import Path\n6 | from typing import Protocol, cast\n  |\nhelp: Move into type-checking block\n\nTC003 Move standard library import `collections.abc.Sequence` into a type-checking block\n --> tests\\test_gui_columns.py:4:38\n  |\n3 | import json\n4 | from collections.abc import Mapping, Sequence\n  |                                      ^^^^^^^^\n5 | from pathlib import Path\n6 | from typing import Protocol, cast\n  |\nhelp: Move into type-checking block\n\nPERF403 Use a dictionary comprehension instead of a for-loop\n  --> tests\\test_gui_columns.py:43:13\n   |\n41 |     for key_obj, value in raw_mapping.items():\n42 |         if isinstance(key_obj, str):\n43 |             config_data[key_obj] = value\n   |             ^^^^^^^^^^^^^^^^^^^^^^^^^^^^\n44 |     expected_keys: list[str] = []\n45 |     for group_value in config_data.values():\n   |\nhelp: Replace for loop with dict comprehension\n\nSLF001 Private member accessed: `_row_lookup`\n   --> tests\\test_gui_columns.py:123:9\n    |\n121 |     row_lookup = cast(\n122 |         \"dict[tuple[str, str], int]\",\n123 |         window._row_lookup,\n    |         ^^^^^^^^^^^^^^^^^^\n124 |     )\n125 |     row_index = row_lookup[(repo_key, rel_path)]\n    |\n\nSLF001 Private member accessed: `_column_key_to_index`\n   --> tests\\test_gui_columns.py:128:9\n    |\n126 |     column_map = cast(\n127 |         \"dict[str, int]\",\n128 |         window._column_key_to_index,\n    |         ^^^^^^^^^^^^^^^^^^^^^^^^^^^\n129 |     )\n130 |     status_table = cast(\n    |\n\nSLF001 Private member accessed: `_status_table`\n   --> tests\\test_gui_columns.py:132:9\n    |\n130 |     status_table = cast(\n131 |         \"QTableWidget\",\n132 |         window._status_table,\n    |         ^^^^^^^^^^^^^^^^^^^^\n133 |     )\n    |\n\nS101 Use of `assert` detected\n   --> tests\\test_gui_columns.py:139:9\n    |\n137 |         item = status_table.item(row_index, column_index)\n138 |         assert item is not None  # noqa: S101\n139 |         assert isinstance(item, QTableWidgetItem)\n    |         ^^^^^^\n140 |         data = cast(\"object\", item.data(QtCore.Qt.UserRole))\n141 |         if isinstance(data, str):\n    |\n\nTC003 Move standard library import `pathlib.Path` into a type-checking block\n --> tests\\test_make_all_kanban.py:3:21\n  |\n1 | from __future__ import annotations\n2 |\n3 | from pathlib import Path\n  |                     ^^^^\n4 | from typing import cast\n  |\nhelp: Move into type-checking block\n\nSLF001 Private member accessed: `_summary_output_dir`\n  --> tests\\test_make_all_kanban.py:27:5\n   |\n25 |     )\n26 |\n27 |     orchestrator._summary_output_dir = lambda: tmp_path  # type: ignore[method-assign]\n   |     ^^^^^^^^^^^^^^^^^^^^^^^^^^^^^^^^\n28 |\n29 |     summary, path = orchestrator.write_run_summary()\n   |\n\nS101 Use of `assert` detected\n  --> tests\\test_make_all_kanban.py:31:5\n   |\n29 |     summary, path = orchestrator.write_run_summary()\n30 |\n31 |     assert path is not None\n   |     ^^^^^^\n32 |     assert path.exists()\n33 |     artifacts_obj = summary.get(\"artifacts\")\n   |\n\nS101 Use of `assert` detected\n  --> tests\\test_make_all_kanban.py:32:5\n   |\n31 |     assert path is not None\n32 |     assert path.exists()\n   |     ^^^^^^\n33 |     artifacts_obj = summary.get(\"artifacts\")\n34 |     assert isinstance(artifacts_obj, dict)\n   |\n\nS101 Use of `assert` detected\n  --> tests\\test_make_all_kanban.py:34:5\n   |\n32 |     assert path.exists()\n33 |     artifacts_obj = summary.get(\"artifacts\")\n34 |     assert isinstance(artifacts_obj, dict)\n   |     ^^^^^^\n35 |     artifacts_dict = cast(\"dict[str, object]\", artifacts_obj)\n36 |     kanban_meta_obj = artifacts_dict.get(\"kanban\")\n   |\n\nS101 Use of `assert` detected\n  --> tests\\test_make_all_kanban.py:37:5\n   |\n35 |     artifacts_dict = cast(\"dict[str, object]\", artifacts_obj)\n36 |     kanban_meta_obj = artifacts_dict.get(\"kanban\")\n37 |     assert isinstance(kanban_meta_obj, dict)\n   |     ^^^^^^\n38 |     kanban_meta = cast(\"dict[str, object]\", kanban_meta_obj)\n39 |     observed_raw = kanban_meta.get(\"columns_observed\", 0)\n   |\n\nSIM108 Use ternary operator `observed_int = int(observed_raw) if isinstance(observed_raw, (int, float)) else 0` instead of `if`-`else`-block\n  --> tests\\test_make_all_kanban.py:40:5\n   |\n38 |       kanban_meta = cast(\"dict[str, object]\", kanban_meta_obj)\n39 |       observed_raw = kanban_meta.get(\"columns_observed\", 0)\n40 | /     if isinstance(observed_raw, (int, float)):\n41 | |         observed_int = int(observed_raw)\n42 | |     else:\n43 | |         observed_int = 0\n   | |________________________^\n44 |       assert observed_int >= 1\n   |\nhelp: Replace `if`-`else`-block with `observed_int = int(observed_raw) if isinstance(observed_raw, (int, float)) else 0`\n\nS101 Use of `assert` detected\n  --> tests\\test_make_all_kanban.py:44:5\n   |\n42 |     else:\n43 |         observed_int = 0\n44 |     assert observed_int >= 1\n   |     ^^^^^^\n45 |\n46 |     kanban_dir = tmp_path / \"kanban\"\n   |\n\nS101 Use of `assert` detected\n  --> tests\\test_make_all_kanban.py:47:5\n   |\n46 |     kanban_dir = tmp_path / \"kanban\"\n47 |     assert (kanban_dir / \"kanban_board.md\").exists()\n   |     ^^^^^^\n48 |\n49 |     artifacts = orchestrator._kanban_artifacts  # noqa: SLF001 - test visibility\n   |\n\nS101 Use of `assert` detected\n  --> tests\\test_make_all_kanban.py:50:5\n   |\n49 |     artifacts = orchestrator._kanban_artifacts  # noqa: SLF001 - test visibility\n50 |     assert \"markdown\" in artifacts\n   |     ^^^^^^\n51 |     markdown_meta_obj = artifacts[\"markdown\"]\n52 |     assert isinstance(markdown_meta_obj, dict)\n   |\n\nS101 Use of `assert` detected\n  --> tests\\test_make_all_kanban.py:52:5\n   |\n50 |     assert \"markdown\" in artifacts\n51 |     markdown_meta_obj = artifacts[\"markdown\"]\n52 |     assert isinstance(markdown_meta_obj, dict)\n   |     ^^^^^^\n53 |     markdown_meta = cast(\"dict[str, object]\", markdown_meta_obj)\n54 |     path_value = markdown_meta.get(\"path\")\n   |\n\nS101 Use of `assert` detected\n  --> tests\\test_make_all_kanban.py:55:5\n   |\n53 |     markdown_meta = cast(\"dict[str, object]\", markdown_meta_obj)\n54 |     path_value = markdown_meta.get(\"path\")\n55 |     assert isinstance(path_value, str)\n   |     ^^^^^^\n56 |     assert path_value.endswith(\"kanban_board.md\")\n   |\n\nS101 Use of `assert` detected\n  --> tests\\test_make_all_kanban.py:56:5\n   |\n54 |     path_value = markdown_meta.get(\"path\")\n55 |     assert isinstance(path_value, str)\n56 |     assert path_value.endswith(\"kanban_board.md\")\n   |     ^^^^^^\n   |\n\nTC003 Move standard library import `pathlib.Path` into a type-checking block\n --> tests\\test_orchestrator_clones_stage.py:3:21\n  |\n1 | from __future__ import annotations\n2 |\n3 | from pathlib import Path\n  |                     ^^^^\n4 | from types import SimpleNamespace\n5 | from typing import cast\n  |\nhelp: Move into type-checking block\n\nTC002 Move third-party import `_pytest.monkeypatch.MonkeyPatch` into a type-checking block\n --> tests\\test_orchestrator_clones_stage.py:7:33\n  |\n5 | from typing import cast\n6 |\n7 | from _pytest.monkeypatch import MonkeyPatch\n  |                                 ^^^^^^^^^^^\n8 |\n9 | import x_0_make_all_x.x_cls_make_all_x as orchestrator_module\n  |\nhelp: Move into type-checking block\n\nARG001 Unused function argument: `self`\n  --> tests\\test_orchestrator_clones_stage.py:26:27\n   |\n24 |     )\n25 |\n26 |     def _options_override(self: object, ctx: object) -> SimpleNamespace:\n   |                           ^^^^\n27 |         return options\n   |\n\nARG001 Unused function argument: `ctx`\n  --> tests\\test_orchestrator_clones_stage.py:26:41\n   |\n24 |     )\n25 |\n26 |     def _options_override(self: object, ctx: object) -> SimpleNamespace:\n   |                                         ^^^\n27 |         return options\n   |\n\nARG001 Unused function argument: `self`\n  --> tests\\test_orchestrator_clones_stage.py:29:28\n   |\n27 |         return options\n28 |\n29 |     def _delegate_override(self: object) -> None:\n   |                            ^^^^\n30 |         return None\n   |\n\nS101 Use of `assert` detected\n  --> tests\\test_orchestrator_clones_stage.py:71:5\n   |\n70 |     cloner = orchestrator.clone_repos(ctx=None)\n71 |     assert isinstance(cloner, StubCloner)\n   |     ^^^^^^\n72 |\n73 |     summary = orchestrator.generate_run_summary()\n   |\n\nS101 Use of `assert` detected\n  --> tests\\test_orchestrator_clones_stage.py:74:5\n   |\n73 |     summary = orchestrator.generate_run_summary()\n74 |     assert isinstance(summary, dict)\n   |     ^^^^^^\n75 |     stages = summary.get(\"stages\")\n76 |     assert isinstance(stages, list)\n   |\n\nS101 Use of `assert` detected\n  --> tests\\test_orchestrator_clones_stage.py:76:5\n   |\n74 |     assert isinstance(summary, dict)\n75 |     stages = summary.get(\"stages\")\n76 |     assert isinstance(stages, list)\n   |     ^^^^^^\n77 |     stages_list = cast(\"list[object]\", stages)\n78 |     stage_dicts: list[dict[str, object]] = []\n   |\n\nPERF401 Use a list comprehension to create a transformed list\n  --> tests\\test_orchestrator_clones_stage.py:81:13\n   |\n79 |     for stage in stages_list:\n80 |         if isinstance(stage, dict):\n81 |             stage_dicts.append(cast(\"dict[str, object]\", stage))\n   |             ^^^^^^^^^^^^^^^^^^^^^^^^^^^^^^^^^^^^^^^^^^^^^^^^^^^^\n82 |     cloning_stage = next(stage for stage in stage_dicts if stage.get(\"id\") == \"cloning\")\n83 |     metadata_obj = cloning_stage.get(\"metadata\")\n   |\nhelp: Replace for loop with list comprehension\n\nS101 Use of `assert` detected\n  --> tests\\test_orchestrator_clones_stage.py:84:5\n   |\n82 |     cloning_stage = next(stage for stage in stage_dicts if stage.get(\"id\") == \"cloning\")\n83 |     metadata_obj = cloning_stage.get(\"metadata\")\n84 |     assert isinstance(metadata_obj, dict)\n   |     ^^^^^^\n85 |     metadata = cast(\"dict[str, object]\", metadata_obj)\n86 |     report_path_value = metadata.get(\"report_path\")\n   |\n\nS101 Use of `assert` detected\n  --> tests\\test_orchestrator_clones_stage.py:87:5\n   |\n85 |     metadata = cast(\"dict[str, object]\", metadata_obj)\n86 |     report_path_value = metadata.get(\"report_path\")\n87 |     assert isinstance(report_path_value, str)\n   |     ^^^^^^\n88 |     assert report_path_value.endswith(\"clones_run.json\")\n89 |     report_summary_value = metadata.get(\"report_summary\")\n   |\n\nS101 Use of `assert` detected\n  --> tests\\test_orchestrator_clones_stage.py:88:5\n   |\n86 |     report_path_value = metadata.get(\"report_path\")\n87 |     assert isinstance(report_path_value, str)\n88 |     assert report_path_value.endswith(\"clones_run.json\")\n   |     ^^^^^^\n89 |     report_summary_value = metadata.get(\"report_summary\")\n90 |     assert isinstance(report_summary_value, dict)\n   |\n\nS101 Use of `assert` detected\n  --> tests\\test_orchestrator_clones_stage.py:90:5\n   |\n88 |     assert report_path_value.endswith(\"clones_run.json\")\n89 |     report_summary_value = metadata.get(\"report_summary\")\n90 |     assert isinstance(report_summary_value, dict)\n   |     ^^^^^^\n91 |     assert report_summary_value == report_summary\n92 |     assert any(\n   |\n\nS101 Use of `assert` detected\n  --> tests\\test_orchestrator_clones_stage.py:91:5\n   |\n89 |     report_summary_value = metadata.get(\"report_summary\")\n90 |     assert isinstance(report_summary_value, dict)\n91 |     assert report_summary_value == report_summary\n   |     ^^^^^^\n92 |     assert any(\n93 |         \"Recorded clones JSON report\" in message\n   |\n\nS101 Use of `assert` detected\n  --> tests\\test_orchestrator_clones_stage.py:92:5\n   |\n90 |     assert isinstance(report_summary_value, dict)\n91 |     assert report_summary_value == report_summary\n92 |     assert any(\n   |     ^^^^^^\n93 |         \"Recorded clones JSON report\" in message\n94 |     for message in cast(\"list[object]\", cloning_stage.get(\"messages\", []))\n   |\n\nS101 Use of `assert` detected\n   --> tests\\test_orchestrator_clones_stage.py:99:5\n    |\n 98 |     artifacts_obj = summary.get(\"artifacts\")\n 99 |     assert isinstance(artifacts_obj, dict)\n    |     ^^^^^^\n100 |     artifacts = cast(\"dict[str, object]\", artifacts_obj)\n101 |     clones_path = artifacts.get(\"clones_report_path\")\n    |\n\nS101 Use of `assert` detected\n   --> tests\\test_orchestrator_clones_stage.py:102:5\n    |\n100 |     artifacts = cast(\"dict[str, object]\", artifacts_obj)\n101 |     clones_path = artifacts.get(\"clones_report_path\")\n102 |     assert isinstance(clones_path, str)\n    |     ^^^^^^\n103 |     assert clones_path.endswith(\"clones_run.json\")\n104 |     clones_summary = artifacts.get(\"clones_report_summary\")\n    |\n\nS101 Use of `assert` detected\n   --> tests\\test_orchestrator_clones_stage.py:103:5\n    |\n101 |     clones_path = artifacts.get(\"clones_report_path\")\n102 |     assert isinstance(clones_path, str)\n103 |     assert clones_path.endswith(\"clones_run.json\")\n    |     ^^^^^^\n104 |     clones_summary = artifacts.get(\"clones_report_summary\")\n105 |     assert isinstance(clones_summary, dict)\n    |\n\nS101 Use of `assert` detected\n   --> tests\\test_orchestrator_clones_stage.py:105:5\n    |\n103 |     assert clones_path.endswith(\"clones_run.json\")\n104 |     clones_summary = artifacts.get(\"clones_report_summary\")\n105 |     assert isinstance(clones_summary, dict)\n    |     ^^^^^^\n106 |     assert clones_summary == report_summary\n    |\n\nS101 Use of `assert` detected\n   --> tests\\test_orchestrator_clones_stage.py:106:5\n    |\n104 |     clones_summary = artifacts.get(\"clones_report_summary\")\n105 |     assert isinstance(clones_summary, dict)\n106 |     assert clones_summary == report_summary\n    |     ^^^^^^\n    |\n\nTC002 Move third-party import `x_make_common_x.exporters.ExportResult` into a type-checking block\n  --> x_cls_make_all_x.py:37:39\n   |\n35 |     log_info,\n36 | )\n37 | from x_make_common_x.exporters import ExportResult  # noqa: E402\n   |                                       ^^^^^^^^^^^^\n38 | from x_make_github_visitor_x.inspection_flow import (  # noqa: E402\n39 |     VisitorProtocol,\n   |\nhelp: Move into type-checking block\n\nC901 `clone_repos` is too complex (11 > 10)\n    --> x_cls_make_all_x.py:1128:9\n     |\n1127 |     # Step 3: clone repositories (moved logic from freestanding clone_repos)\n1128 |     def clone_repos(self, ctx: OrchestratorContext | None) -> object:\n     |         ^^^^^^^^^^^\n1129 |         options = self._cloner_options(ctx)\n1130 |         metadata: dict[str, object] = {\n     |\n\nFound 46 errors.\nNo fixes available (7 hidden fixes can be enabled with the `--unsafe-fixes` option).\n",
                "tool": "ruff_check",
                "tool_module": "ruff",
                "tool_version": "ruff 0.14.0"
            },
            "exit": "exit 1",
            "message": "ruff_check failed for x_0_make_all_x (exit 1)\ncwd: C:\\x_runner_x\\x_0_make_all_x\ncommand: C:\\x_runner_x\\.venv\\Scripts\\python.exe -m ruff check . --select ALL --ignore D,COM812,ISC001,T20 --line-length 88 --target-version py311\nstarted_at: 2025-10-15T21:13:44.483901+00:00\nduration: 0.232s\ntool_version: ruff 0.14.0\nstdout:\nC901 `_apply_publish_columns` is too complex (15 > 10)\n    --> interface\\gui\\app.py:1122:9\n     |\n1120 |             )\n1121 |\n\u2026\nstderr:\n<empty>",
            "repo": "x_0_make_all_x",
            "repo_path": "C:\\x_runner_x\\x_0_make_all_x",
            "stderr_preview": null,
            "stdout_preview": "C901 `_apply_publish_columns` is too complex (15 > 10)\n    --> interface\\gui\\app.py:1122:9\n     |\n1120 |             )\n1121 |\n\u2026",
            "suggested_action": "Investigate",
            "summary": "ruff_check failed for x_0_make_all_x (exit 1) cwd: C:\\x_runner_x\\x_0_make_all_x command: C:\\x_runner_x\\.venv\\Scripts\\python.exe -m ruff check . --select ALL --ignore D,COM812,ISC001,T20 --line-length 88 --target-version py311 started_at: 2\u2026",
            "tool": "ruff_check",
            "tool_version": "ruff 0.14.0"
        },
        {
            "captured_at": "2025-10-15T21:13:42.084423+00:00",
            "command": "C:\\x_runner_x\\.venv\\Scripts\\python.exe -m ruff check . --fix --select ALL --ignore D,COM812,ISC001,T20 --line-length 88 --target-version py311",
            "detail": {
                "cached": false,
                "cmd": [
                    "C:\\x_runner_x\\.venv\\Scripts\\python.exe",
                    "-m",
                    "ruff",
                    "check",
                    ".",
                    "--fix",
                    "--select",
                    "ALL",
                    "--ignore",
                    "D,COM812,ISC001,T20",
                    "--line-length",
                    "88",
                    "--target-version",
                    "py311"
                ],
                "cmd_display": "C:\\x_runner_x\\.venv\\Scripts\\python.exe -m ruff check . --fix --select ALL --ignore D,COM812,ISC001,T20 --line-length 88 --target-version py311",
                "cwd": "C:\\x_runner_x\\x_0_make_all_x",
                "duration_seconds": 0.23580029999720864,
                "ended_at": "2025-10-15T21:13:42.084423+00:00",
                "exit": 1,
                "failed_files": [],
                "files_checked": [
                    "__init__.py",
                    "forceit.py",
                    "interface/__init__.py",
                    "interface/gui/__init__.py",
                    "interface/gui/app.py",
                    "interface/gui/commit.py",
                    "interface/gui/tree.py",
                    "manifest.py",
                    "tests/__init__.py",
                    "tests/test_forceit.py",
                    "tests/test_gui_columns.py",
                    "tests/test_gui_commit.py",
                    "tests/test_gui_exit_code.py",
                    "tests/test_gui_tree.py",
                    "tests/test_make_all_kanban.py",
                    "tests/test_orchestrator_clones_stage.py",
                    "tests/test_publish_manifest.py",
                    "x_cls_make_all_x.py"
                ],
                "repo": "x_0_make_all_x",
                "repo_hash": "ac4e06ceabbd242937f87b1cecd533a87545036d63a34c85de3b0f11e279de26",
                "repo_path": "C:\\x_runner_x\\x_0_make_all_x",
                "started_at": "2025-10-15T21:13:41.848624+00:00",
                "stderr": "",
                "stdout": "C901 `_apply_publish_columns` is too complex (15 > 10)\n    --> interface\\gui\\app.py:1122:9\n     |\n1120 |             )\n1121 |\n1122 |     def _apply_publish_columns(\n     |         ^^^^^^^^^^^^^^^^^^^^^^\n1123 |         self,\n1124 |         repo: str,\n     |\n\nPLR0912 Too many branches (16 > 12)\n    --> interface\\gui\\app.py:1122:9\n     |\n1120 |             )\n1121 |\n1122 |     def _apply_publish_columns(\n     |         ^^^^^^^^^^^^^^^^^^^^^^\n1123 |         self,\n1124 |         repo: str,\n     |\n\nE501 Line too long (92 > 88)\n    --> interface\\gui\\app.py:1149:89\n     |\n1147 |         elif status_value is False:\n1148 |             publish_state = \"failed\"\n1149 |             publish_message = f\"PyPI release pending for {matched_package or package_name}.\"\n     |                                                                                         ^^^^\n1150 |         if publish_message is None and publish_state == \"unknown\":\n1151 |             publish_message = \"PyPI release status unavailable.\"\n     |\n\nC901 `manifest_python_allowlist` is too complex (14 > 10)\n   --> manifest.py:232:5\n    |\n232 | def manifest_python_allowlist(\n    |     ^^^^^^^^^^^^^^^^^^^^^^^^^\n233 |     entries: Sequence[ManifestEntry],\n234 | ) -> dict[str, tuple[str, ...]]:\n    |\n\nTC003 Move standard library import `collections.abc.Mapping` into a type-checking block\n --> tests\\test_gui_columns.py:4:29\n  |\n3 | import json\n4 | from collections.abc import Mapping, Sequence\n  |                             ^^^^^^^\n5 | from pathlib import Path\n6 | from typing import Protocol, cast\n  |\nhelp: Move into type-checking block\n\nTC003 Move standard library import `collections.abc.Sequence` into a type-checking block\n --> tests\\test_gui_columns.py:4:38\n  |\n3 | import json\n4 | from collections.abc import Mapping, Sequence\n  |                                      ^^^^^^^^\n5 | from pathlib import Path\n6 | from typing import Protocol, cast\n  |\nhelp: Move into type-checking block\n\nPERF403 Use a dictionary comprehension instead of a for-loop\n  --> tests\\test_gui_columns.py:43:13\n   |\n41 |     for key_obj, value in raw_mapping.items():\n42 |         if isinstance(key_obj, str):\n43 |             config_data[key_obj] = value\n   |             ^^^^^^^^^^^^^^^^^^^^^^^^^^^^\n44 |     expected_keys: list[str] = []\n45 |     for group_value in config_data.values():\n   |\nhelp: Replace for loop with dict comprehension\n\nSLF001 Private member accessed: `_row_lookup`\n   --> tests\\test_gui_columns.py:123:9\n    |\n121 |     row_lookup = cast(\n122 |         \"dict[tuple[str, str], int]\",\n123 |         window._row_lookup,\n    |         ^^^^^^^^^^^^^^^^^^\n124 |     )\n125 |     row_index = row_lookup[(repo_key, rel_path)]\n    |\n\nSLF001 Private member accessed: `_column_key_to_index`\n   --> tests\\test_gui_columns.py:128:9\n    |\n126 |     column_map = cast(\n127 |         \"dict[str, int]\",\n128 |         window._column_key_to_index,\n    |         ^^^^^^^^^^^^^^^^^^^^^^^^^^^\n129 |     )\n130 |     status_table = cast(\n    |\n\nSLF001 Private member accessed: `_status_table`\n   --> tests\\test_gui_columns.py:132:9\n    |\n130 |     status_table = cast(\n131 |         \"QTableWidget\",\n132 |         window._status_table,\n    |         ^^^^^^^^^^^^^^^^^^^^\n133 |     )\n    |\n\nS101 Use of `assert` detected\n   --> tests\\test_gui_columns.py:139:9\n    |\n137 |         item = status_table.item(row_index, column_index)\n138 |         assert item is not None  # noqa: S101\n139 |         assert isinstance(item, QTableWidgetItem)\n    |         ^^^^^^\n140 |         data = cast(\"object\", item.data(QtCore.Qt.UserRole))\n141 |         if isinstance(data, str):\n    |\n\nTC003 Move standard library import `pathlib.Path` into a type-checking block\n --> tests\\test_make_all_kanban.py:3:21\n  |\n1 | from __future__ import annotations\n2 |\n3 | from pathlib import Path\n  |                     ^^^^\n4 | from typing import cast\n  |\nhelp: Move into type-checking block\n\nSLF001 Private member accessed: `_summary_output_dir`\n  --> tests\\test_make_all_kanban.py:27:5\n   |\n25 |     )\n26 |\n27 |     orchestrator._summary_output_dir = lambda: tmp_path  # type: ignore[method-assign]\n   |     ^^^^^^^^^^^^^^^^^^^^^^^^^^^^^^^^\n28 |\n29 |     summary, path = orchestrator.write_run_summary()\n   |\n\nS101 Use of `assert` detected\n  --> tests\\test_make_all_kanban.py:31:5\n   |\n29 |     summary, path = orchestrator.write_run_summary()\n30 |\n31 |     assert path is not None\n   |     ^^^^^^\n32 |     assert path.exists()\n33 |     artifacts_obj = summary.get(\"artifacts\")\n   |\n\nS101 Use of `assert` detected\n  --> tests\\test_make_all_kanban.py:32:5\n   |\n31 |     assert path is not None\n32 |     assert path.exists()\n   |     ^^^^^^\n33 |     artifacts_obj = summary.get(\"artifacts\")\n34 |     assert isinstance(artifacts_obj, dict)\n   |\n\nS101 Use of `assert` detected\n  --> tests\\test_make_all_kanban.py:34:5\n   |\n32 |     assert path.exists()\n33 |     artifacts_obj = summary.get(\"artifacts\")\n34 |     assert isinstance(artifacts_obj, dict)\n   |     ^^^^^^\n35 |     artifacts_dict = cast(\"dict[str, object]\", artifacts_obj)\n36 |     kanban_meta_obj = artifacts_dict.get(\"kanban\")\n   |\n\nS101 Use of `assert` detected\n  --> tests\\test_make_all_kanban.py:37:5\n   |\n35 |     artifacts_dict = cast(\"dict[str, object]\", artifacts_obj)\n36 |     kanban_meta_obj = artifacts_dict.get(\"kanban\")\n37 |     assert isinstance(kanban_meta_obj, dict)\n   |     ^^^^^^\n38 |     kanban_meta = cast(\"dict[str, object]\", kanban_meta_obj)\n39 |     observed_raw = kanban_meta.get(\"columns_observed\", 0)\n   |\n\nSIM108 Use ternary operator `observed_int = int(observed_raw) if isinstance(observed_raw, (int, float)) else 0` instead of `if`-`else`-block\n  --> tests\\test_make_all_kanban.py:40:5\n   |\n38 |       kanban_meta = cast(\"dict[str, object]\", kanban_meta_obj)\n39 |       observed_raw = kanban_meta.get(\"columns_observed\", 0)\n40 | /     if isinstance(observed_raw, (int, float)):\n41 | |         observed_int = int(observed_raw)\n42 | |     else:\n43 | |         observed_int = 0\n   | |________________________^\n44 |       assert observed_int >= 1\n   |\nhelp: Replace `if`-`else`-block with `observed_int = int(observed_raw) if isinstance(observed_raw, (int, float)) else 0`\n\nS101 Use of `assert` detected\n  --> tests\\test_make_all_kanban.py:44:5\n   |\n42 |     else:\n43 |         observed_int = 0\n44 |     assert observed_int >= 1\n   |     ^^^^^^\n45 |\n46 |     kanban_dir = tmp_path / \"kanban\"\n   |\n\nS101 Use of `assert` detected\n  --> tests\\test_make_all_kanban.py:47:5\n   |\n46 |     kanban_dir = tmp_path / \"kanban\"\n47 |     assert (kanban_dir / \"kanban_board.md\").exists()\n   |     ^^^^^^\n48 |\n49 |     artifacts = orchestrator._kanban_artifacts  # noqa: SLF001 - test visibility\n   |\n\nS101 Use of `assert` detected\n  --> tests\\test_make_all_kanban.py:50:5\n   |\n49 |     artifacts = orchestrator._kanban_artifacts  # noqa: SLF001 - test visibility\n50 |     assert \"markdown\" in artifacts\n   |     ^^^^^^\n51 |     markdown_meta_obj = artifacts[\"markdown\"]\n52 |     assert isinstance(markdown_meta_obj, dict)\n   |\n\nS101 Use of `assert` detected\n  --> tests\\test_make_all_kanban.py:52:5\n   |\n50 |     assert \"markdown\" in artifacts\n51 |     markdown_meta_obj = artifacts[\"markdown\"]\n52 |     assert isinstance(markdown_meta_obj, dict)\n   |     ^^^^^^\n53 |     markdown_meta = cast(\"dict[str, object]\", markdown_meta_obj)\n54 |     path_value = markdown_meta.get(\"path\")\n   |\n\nS101 Use of `assert` detected\n  --> tests\\test_make_all_kanban.py:55:5\n   |\n53 |     markdown_meta = cast(\"dict[str, object]\", markdown_meta_obj)\n54 |     path_value = markdown_meta.get(\"path\")\n55 |     assert isinstance(path_value, str)\n   |     ^^^^^^\n56 |     assert path_value.endswith(\"kanban_board.md\")\n   |\n\nS101 Use of `assert` detected\n  --> tests\\test_make_all_kanban.py:56:5\n   |\n54 |     path_value = markdown_meta.get(\"path\")\n55 |     assert isinstance(path_value, str)\n56 |     assert path_value.endswith(\"kanban_board.md\")\n   |     ^^^^^^\n   |\n\nTC003 Move standard library import `pathlib.Path` into a type-checking block\n --> tests\\test_orchestrator_clones_stage.py:3:21\n  |\n1 | from __future__ import annotations\n2 |\n3 | from pathlib import Path\n  |                     ^^^^\n4 | from types import SimpleNamespace\n5 | from typing import cast\n  |\nhelp: Move into type-checking block\n\nTC002 Move third-party import `_pytest.monkeypatch.MonkeyPatch` into a type-checking block\n --> tests\\test_orchestrator_clones_stage.py:7:33\n  |\n5 | from typing import cast\n6 |\n7 | from _pytest.monkeypatch import MonkeyPatch\n  |                                 ^^^^^^^^^^^\n8 |\n9 | import x_0_make_all_x.x_cls_make_all_x as orchestrator_module\n  |\nhelp: Move into type-checking block\n\nARG001 Unused function argument: `self`\n  --> tests\\test_orchestrator_clones_stage.py:26:27\n   |\n24 |     )\n25 |\n26 |     def _options_override(self: object, ctx: object) -> SimpleNamespace:\n   |                           ^^^^\n27 |         return options\n   |\n\nARG001 Unused function argument: `ctx`\n  --> tests\\test_orchestrator_clones_stage.py:26:41\n   |\n24 |     )\n25 |\n26 |     def _options_override(self: object, ctx: object) -> SimpleNamespace:\n   |                                         ^^^\n27 |         return options\n   |\n\nARG001 Unused function argument: `self`\n  --> tests\\test_orchestrator_clones_stage.py:29:28\n   |\n27 |         return options\n28 |\n29 |     def _delegate_override(self: object) -> None:\n   |                            ^^^^\n30 |         return None\n   |\n\nS101 Use of `assert` detected\n  --> tests\\test_orchestrator_clones_stage.py:71:5\n   |\n70 |     cloner = orchestrator.clone_repos(ctx=None)\n71 |     assert isinstance(cloner, StubCloner)\n   |     ^^^^^^\n72 |\n73 |     summary = orchestrator.generate_run_summary()\n   |\n\nS101 Use of `assert` detected\n  --> tests\\test_orchestrator_clones_stage.py:74:5\n   |\n73 |     summary = orchestrator.generate_run_summary()\n74 |     assert isinstance(summary, dict)\n   |     ^^^^^^\n75 |     stages = summary.get(\"stages\")\n76 |     assert isinstance(stages, list)\n   |\n\nS101 Use of `assert` detected\n  --> tests\\test_orchestrator_clones_stage.py:76:5\n   |\n74 |     assert isinstance(summary, dict)\n75 |     stages = summary.get(\"stages\")\n76 |     assert isinstance(stages, list)\n   |     ^^^^^^\n77 |     stages_list = cast(\"list[object]\", stages)\n78 |     stage_dicts: list[dict[str, object]] = []\n   |\n\nPERF401 Use a list comprehension to create a transformed list\n  --> tests\\test_orchestrator_clones_stage.py:81:13\n   |\n79 |     for stage in stages_list:\n80 |         if isinstance(stage, dict):\n81 |             stage_dicts.append(cast(\"dict[str, object]\", stage))\n   |             ^^^^^^^^^^^^^^^^^^^^^^^^^^^^^^^^^^^^^^^^^^^^^^^^^^^^\n82 |     cloning_stage = next(stage for stage in stage_dicts if stage.get(\"id\") == \"cloning\")\n83 |     metadata_obj = cloning_stage.get(\"metadata\")\n   |\nhelp: Replace for loop with list comprehension\n\nS101 Use of `assert` detected\n  --> tests\\test_orchestrator_clones_stage.py:84:5\n   |\n82 |     cloning_stage = next(stage for stage in stage_dicts if stage.get(\"id\") == \"cloning\")\n83 |     metadata_obj = cloning_stage.get(\"metadata\")\n84 |     assert isinstance(metadata_obj, dict)\n   |     ^^^^^^\n85 |     metadata = cast(\"dict[str, object]\", metadata_obj)\n86 |     report_path_value = metadata.get(\"report_path\")\n   |\n\nS101 Use of `assert` detected\n  --> tests\\test_orchestrator_clones_stage.py:87:5\n   |\n85 |     metadata = cast(\"dict[str, object]\", metadata_obj)\n86 |     report_path_value = metadata.get(\"report_path\")\n87 |     assert isinstance(report_path_value, str)\n   |     ^^^^^^\n88 |     assert report_path_value.endswith(\"clones_run.json\")\n89 |     report_summary_value = metadata.get(\"report_summary\")\n   |\n\nS101 Use of `assert` detected\n  --> tests\\test_orchestrator_clones_stage.py:88:5\n   |\n86 |     report_path_value = metadata.get(\"report_path\")\n87 |     assert isinstance(report_path_value, str)\n88 |     assert report_path_value.endswith(\"clones_run.json\")\n   |     ^^^^^^\n89 |     report_summary_value = metadata.get(\"report_summary\")\n90 |     assert isinstance(report_summary_value, dict)\n   |\n\nS101 Use of `assert` detected\n  --> tests\\test_orchestrator_clones_stage.py:90:5\n   |\n88 |     assert report_path_value.endswith(\"clones_run.json\")\n89 |     report_summary_value = metadata.get(\"report_summary\")\n90 |     assert isinstance(report_summary_value, dict)\n   |     ^^^^^^\n91 |     assert report_summary_value == report_summary\n92 |     assert any(\n   |\n\nS101 Use of `assert` detected\n  --> tests\\test_orchestrator_clones_stage.py:91:5\n   |\n89 |     report_summary_value = metadata.get(\"report_summary\")\n90 |     assert isinstance(report_summary_value, dict)\n91 |     assert report_summary_value == report_summary\n   |     ^^^^^^\n92 |     assert any(\n93 |         \"Recorded clones JSON report\" in message\n   |\n\nS101 Use of `assert` detected\n  --> tests\\test_orchestrator_clones_stage.py:92:5\n   |\n90 |     assert isinstance(report_summary_value, dict)\n91 |     assert report_summary_value == report_summary\n92 |     assert any(\n   |     ^^^^^^\n93 |         \"Recorded clones JSON report\" in message\n94 |     for message in cast(\"list[object]\", cloning_stage.get(\"messages\", []))\n   |\n\nS101 Use of `assert` detected\n   --> tests\\test_orchestrator_clones_stage.py:99:5\n    |\n 98 |     artifacts_obj = summary.get(\"artifacts\")\n 99 |     assert isinstance(artifacts_obj, dict)\n    |     ^^^^^^\n100 |     artifacts = cast(\"dict[str, object]\", artifacts_obj)\n101 |     clones_path = artifacts.get(\"clones_report_path\")\n    |\n\nS101 Use of `assert` detected\n   --> tests\\test_orchestrator_clones_stage.py:102:5\n    |\n100 |     artifacts = cast(\"dict[str, object]\", artifacts_obj)\n101 |     clones_path = artifacts.get(\"clones_report_path\")\n102 |     assert isinstance(clones_path, str)\n    |     ^^^^^^\n103 |     assert clones_path.endswith(\"clones_run.json\")\n104 |     clones_summary = artifacts.get(\"clones_report_summary\")\n    |\n\nS101 Use of `assert` detected\n   --> tests\\test_orchestrator_clones_stage.py:103:5\n    |\n101 |     clones_path = artifacts.get(\"clones_report_path\")\n102 |     assert isinstance(clones_path, str)\n103 |     assert clones_path.endswith(\"clones_run.json\")\n    |     ^^^^^^\n104 |     clones_summary = artifacts.get(\"clones_report_summary\")\n105 |     assert isinstance(clones_summary, dict)\n    |\n\nS101 Use of `assert` detected\n   --> tests\\test_orchestrator_clones_stage.py:105:5\n    |\n103 |     assert clones_path.endswith(\"clones_run.json\")\n104 |     clones_summary = artifacts.get(\"clones_report_summary\")\n105 |     assert isinstance(clones_summary, dict)\n    |     ^^^^^^\n106 |     assert clones_summary == report_summary\n    |\n\nS101 Use of `assert` detected\n   --> tests\\test_orchestrator_clones_stage.py:106:5\n    |\n104 |     clones_summary = artifacts.get(\"clones_report_summary\")\n105 |     assert isinstance(clones_summary, dict)\n106 |     assert clones_summary == report_summary\n    |     ^^^^^^\n    |\n\nTC002 Move third-party import `x_make_common_x.exporters.ExportResult` into a type-checking block\n  --> x_cls_make_all_x.py:37:39\n   |\n35 |     log_info,\n36 | )\n37 | from x_make_common_x.exporters import ExportResult  # noqa: E402\n   |                                       ^^^^^^^^^^^^\n38 | from x_make_github_visitor_x.inspection_flow import (  # noqa: E402\n39 |     VisitorProtocol,\n   |\nhelp: Move into type-checking block\n\nC901 `clone_repos` is too complex (11 > 10)\n    --> x_cls_make_all_x.py:1128:9\n     |\n1127 |     # Step 3: clone repositories (moved logic from freestanding clone_repos)\n1128 |     def clone_repos(self, ctx: OrchestratorContext | None) -> object:\n     |         ^^^^^^^^^^^\n1129 |         options = self._cloner_options(ctx)\n1130 |         metadata: dict[str, object] = {\n     |\n\nFound 46 errors.\nNo fixes available (7 hidden fixes can be enabled with the `--unsafe-fixes` option).\n",
                "tool": "ruff_fix",
                "tool_module": "ruff",
                "tool_version": "ruff 0.14.0"
            },
            "exit": "exit 1",
            "message": "ruff_fix failed for x_0_make_all_x (exit 1)\ncwd: C:\\x_runner_x\\x_0_make_all_x\ncommand: C:\\x_runner_x\\.venv\\Scripts\\python.exe -m ruff check . --fix --select ALL --ignore D,COM812,ISC001,T20 --line-length 88 --target-version py311\nstarted_at: 2025-10-15T21:13:41.848624+00:00\nduration: 0.236s\ntool_version: ruff 0.14.0\nstdout:\nC901 `_apply_publish_columns` is too complex (15 > 10)\n    --> interface\\gui\\app.py:1122:9\n     |\n1120 |             )\n1121 |\n\u2026\nstderr:\n<empty>",
            "repo": "x_0_make_all_x",
            "repo_path": "C:\\x_runner_x\\x_0_make_all_x",
            "stderr_preview": null,
            "stdout_preview": "C901 `_apply_publish_columns` is too complex (15 > 10)\n    --> interface\\gui\\app.py:1122:9\n     |\n1120 |             )\n1121 |\n\u2026",
            "suggested_action": "Investigate",
            "summary": "ruff_fix failed for x_0_make_all_x (exit 1) cwd: C:\\x_runner_x\\x_0_make_all_x command: C:\\x_runner_x\\.venv\\Scripts\\python.exe -m ruff check . --fix --select ALL --ignore D,COM812,ISC001,T20 --line-length 88 --target-version py311 started_a\u2026",
            "tool": "ruff_fix",
            "tool_version": "ruff 0.14.0"
        },
        {
            "captured_at": "2025-10-15T21:13:57.087846+00:00",
            "command": "C:\\x_runner_x\\.venv\\Scripts\\python.exe -m black . --line-length 88 --target-version py311 --check --diff",
            "detail": {
                "cached": false,
                "cmd": [
                    "C:\\x_runner_x\\.venv\\Scripts\\python.exe",
                    "-m",
                    "black",
                    ".",
                    "--line-length",
                    "88",
                    "--target-version",
                    "py311",
                    "--check",
                    "--diff"
                ],
                "cmd_display": "C:\\x_runner_x\\.venv\\Scripts\\python.exe -m black . --line-length 88 --target-version py311 --check --diff",
                "cwd": "C:\\x_runner_x\\x_make_common_x",
                "duration_seconds": 1.4405022999999346,
                "ended_at": "2025-10-15T21:13:57.087846+00:00",
                "exit": 1,
                "failed_files": [],
                "files_checked": [
                    "__init__.py",
                    "exporters.py",
                    "json_board.py",
                    "run_reports.py",
                    "telemetry.py",
                    "tests/__init__.py",
                    "tests/test_exporters.py",
                    "tests/test_json_board.py",
                    "tests/test_subprocess_utils.py",
                    "tests/test_telemetry.py",
                    "x_cls_make_common_x.py",
                    "x_env_x.py",
                    "x_http_client_x.py",
                    "x_logging_utils_x.py",
                    "x_subprocess_utils_x.py"
                ],
                "repo": "x_make_common_x",
                "repo_hash": "7d13044d9f2d495094dcf1bea446825a78e30a7b1228d1cc6d1b36ad97b00848",
                "repo_path": "C:\\x_runner_x\\x_make_common_x",
                "started_at": "2025-10-15T21:13:55.647344+00:00",
                "stderr": "would reformat C:\\x_runner_x\\x_make_common_x\\json_board.py\n\nOh no! \\U0001f4a5 \\U0001f494 \\U0001f4a5\n1 file would be reformatted, 14 files would be left unchanged.\n",
                "stdout": "--- C:\\x_runner_x\\x_make_common_x\\json_board.py\t2025-10-15 21:13:55.600364+00:00\n+++ C:\\x_runner_x\\x_make_common_x\\json_board.py\t2025-10-15 21:13:56.778458+00:00\n@@ -114,10 +114,11 @@\n             return card.updated_at\n \n         ordered = sorted(self.cards.values(), key=_updated_key)\n         return [card.to_json() for card in ordered]\n \n+\n def load_board(path: Path | str) -> BoardState:\n     path_obj = Path(path)\n     if not path_obj.exists():\n         return BoardState()\n     payload_obj: object = json.loads(path_obj.read_text(encoding=\"utf-8\"))\n",
                "tool": "black",
                "tool_module": "black",
                "tool_version": "python -m black, 25.9.0 (compiled: yes)\nPython (CPython) 3.13.7"
            },
            "exit": "exit 1",
            "message": "black failed for x_make_common_x (exit 1)\ncwd: C:\\x_runner_x\\x_make_common_x\ncommand: C:\\x_runner_x\\.venv\\Scripts\\python.exe -m black . --line-length 88 --target-version py311 --check --diff\nstarted_at: 2025-10-15T21:13:55.647344+00:00\nduration: 1.441s\ntool_version: python -m black, 25.9.0 (compiled: yes)\nPython (CPython) 3.13.7\nstdout:\n--- C:\\x_runner_x\\x_make_common_x\\json_board.py\t2025-10-15 21:13:55.600364+00:00\n+++ C:\\x_runner_x\\x_make_common_x\\json_board.py\t2025-10-15 21:13:56.778458+00:00\n@@ -114,10 +114,11 @@\n             return card.updated_at\n \n\u2026\nstderr:\nwould reformat C:\\x_runner_x\\x_make_common_x\\json_board.py\n\nOh no! \\U0001f4a5 \\U0001f494 \\U0001f4a5\n1 file would be reformatted, 14 files would be left unchanged.",
            "repo": "x_make_common_x",
            "repo_path": "C:\\x_runner_x\\x_make_common_x",
            "stderr_preview": "would reformat C:\\x_runner_x\\x_make_common_x\\json_board.py\n\nOh no! \\U0001f4a5 \\U0001f494 \\U0001f4a5\n1 file would be reformatted, 14 files would be left unchanged.",
            "stdout_preview": "--- C:\\x_runner_x\\x_make_common_x\\json_board.py\t2025-10-15 21:13:55.600364+00:00\n+++ C:\\x_runner_x\\x_make_common_x\\json_board.py\t2025-10-15 21:13:56.778458+00:00\n@@ -114,10 +114,11 @@\n             return card.updated_at\n \n\u2026",
            "suggested_action": "Investigate",
            "summary": "black failed for x_make_common_x (exit 1) cwd: C:\\x_runner_x\\x_make_common_x command: C:\\x_runner_x\\.venv\\Scripts\\python.exe -m black . --line-length 88 --target-version py311 --check --diff started_at: 2025-10-15T21:13:55.647344+00:00 dur\u2026",
            "tool": "black",
            "tool_version": "python -m black, 25.9.0 (compiled: yes)\nPython (CPython) 3.13.7"
        },
        {
            "captured_at": "2025-10-15T21:13:58.262165+00:00",
            "command": "C:\\x_runner_x\\.venv\\Scripts\\python.exe -m mypy . --strict --no-warn-unused-configs --show-error-codes --warn-return-any --warn-unreachable --disallow-any-unimported --disallow-any-expr --disallow-any-decorated --disallow-any-explicit",
            "detail": {
                "cached": false,
                "cmd": [
                    "C:\\x_runner_x\\.venv\\Scripts\\python.exe",
                    "-m",
                    "mypy",
                    ".",
                    "--strict",
                    "--no-warn-unused-configs",
                    "--show-error-codes",
                    "--warn-return-any",
                    "--warn-unreachable",
                    "--disallow-any-unimported",
                    "--disallow-any-expr",
                    "--disallow-any-decorated",
                    "--disallow-any-explicit"
                ],
                "cmd_display": "C:\\x_runner_x\\.venv\\Scripts\\python.exe -m mypy . --strict --no-warn-unused-configs --show-error-codes --warn-return-any --warn-unreachable --disallow-any-unimported --disallow-any-expr --disallow-any-decorated --disallow-any-explicit",
                "cwd": "C:\\x_runner_x\\x_make_common_x",
                "duration_seconds": 0.8497719999941182,
                "ended_at": "2025-10-15T21:13:58.262165+00:00",
                "exit": 1,
                "failed_files": [],
                "files_checked": [
                    "__init__.py",
                    "exporters.py",
                    "json_board.py",
                    "run_reports.py",
                    "telemetry.py",
                    "tests/__init__.py",
                    "tests/test_exporters.py",
                    "tests/test_json_board.py",
                    "tests/test_subprocess_utils.py",
                    "tests/test_telemetry.py",
                    "x_cls_make_common_x.py",
                    "x_env_x.py",
                    "x_http_client_x.py",
                    "x_logging_utils_x.py",
                    "x_subprocess_utils_x.py"
                ],
                "repo": "x_make_common_x",
                "repo_hash": "7d13044d9f2d495094dcf1bea446825a78e30a7b1228d1cc6d1b36ad97b00848",
                "repo_path": "C:\\x_runner_x\\x_make_common_x",
                "started_at": "2025-10-15T21:13:57.412395+00:00",
                "stderr": "",
                "stdout": "telemetry.py:147: error: Redundant cast to \"_JsonSchemaValidator\"  [redundant-cast]\ntests\\test_exporters.py:50: error: Expression type contains \"Any\" (has type \"Callable[[Any], None]\")  [misc]\nFound 2 errors in 2 files (checked 15 source files)\n",
                "tool": "mypy",
                "tool_module": "mypy",
                "tool_version": "mypy 1.18.2 (compiled: yes)"
            },
            "exit": "exit 1",
            "message": "mypy failed for x_make_common_x (exit 1)\ncwd: C:\\x_runner_x\\x_make_common_x\ncommand: C:\\x_runner_x\\.venv\\Scripts\\python.exe -m mypy . --strict --no-warn-unused-configs --show-error-codes --warn-return-any --warn-unreachable --disallow-any-unimported --disallow-any-expr --disallow-any-decorated --disallow-any-explicit\nstarted_at: 2025-10-15T21:13:57.412395+00:00\nduration: 0.850s\ntool_version: mypy 1.18.2 (compiled: yes)\nstdout:\ntelemetry.py:147: error: Redundant cast to \"_JsonSchemaValidator\"  [redundant-cast]\ntests\\test_exporters.py:50: error: Expression type contains \"Any\" (has type \"Callable[[Any], None]\")  [misc]\nFound 2 errors in 2 files (checked 15 source files)\nstderr:\n<empty>",
            "repo": "x_make_common_x",
            "repo_path": "C:\\x_runner_x\\x_make_common_x",
            "stderr_preview": null,
            "stdout_preview": "telemetry.py:147: error: Redundant cast to \"_JsonSchemaValidator\"  [redundant-cast]\ntests\\test_exporters.py:50: error: Expression type contains \"Any\" (has type \"Callable[[Any], None]\")  [misc]\nFound 2 errors in 2 files (checked 15 source files)",
            "suggested_action": "Investigate",
            "summary": "mypy failed for x_make_common_x (exit 1) cwd: C:\\x_runner_x\\x_make_common_x command: C:\\x_runner_x\\.venv\\Scripts\\python.exe -m mypy . --strict --no-warn-unused-configs --show-error-codes --warn-return-any --warn-unreachable --disallow-any-\u2026",
            "tool": "mypy",
            "tool_version": "mypy 1.18.2 (compiled: yes)"
        },
        {
            "captured_at": "2025-10-15T21:13:57.408863+00:00",
            "command": "C:\\x_runner_x\\.venv\\Scripts\\python.exe -m ruff check . --select ALL --ignore D,COM812,ISC001,T20 --line-length 88 --target-version py311",
            "detail": {
                "cached": false,
                "cmd": [
                    "C:\\x_runner_x\\.venv\\Scripts\\python.exe",
                    "-m",
                    "ruff",
                    "check",
                    ".",
                    "--select",
                    "ALL",
                    "--ignore",
                    "D,COM812,ISC001,T20",
                    "--line-length",
                    "88",
                    "--target-version",
                    "py311"
                ],
                "cmd_display": "C:\\x_runner_x\\.venv\\Scripts\\python.exe -m ruff check . --select ALL --ignore D,COM812,ISC001,T20 --line-length 88 --target-version py311",
                "cwd": "C:\\x_runner_x\\x_make_common_x",
                "duration_seconds": 0.3109007999955793,
                "ended_at": "2025-10-15T21:13:57.408863+00:00",
                "exit": 1,
                "failed_files": [],
                "files_checked": [
                    "__init__.py",
                    "exporters.py",
                    "json_board.py",
                    "run_reports.py",
                    "telemetry.py",
                    "tests/__init__.py",
                    "tests/test_exporters.py",
                    "tests/test_json_board.py",
                    "tests/test_subprocess_utils.py",
                    "tests/test_telemetry.py",
                    "x_cls_make_common_x.py",
                    "x_env_x.py",
                    "x_http_client_x.py",
                    "x_logging_utils_x.py",
                    "x_subprocess_utils_x.py"
                ],
                "repo": "x_make_common_x",
                "repo_hash": "7d13044d9f2d495094dcf1bea446825a78e30a7b1228d1cc6d1b36ad97b00848",
                "repo_path": "C:\\x_runner_x\\x_make_common_x",
                "started_at": "2025-10-15T21:13:57.097963+00:00",
                "stderr": "",
                "stdout": "TC003 Move standard library import `builtins` into a type-checking block\n --> json_board.py:5:8\n  |\n3 | from __future__ import annotations\n4 |\n5 | import builtins\n  |        ^^^^^^^^\n6 | import contextlib\n7 | import json\n  |\nhelp: Move into type-checking block\n\nTC003 Move standard library import `collections.abc.Mapping` into a type-checking block\n --> run_reports.py:4:29\n  |\n3 | import json\n4 | from collections.abc import Mapping, MutableMapping\n  |                             ^^^^^^^\n5 | from datetime import UTC, datetime\n6 | from pathlib import Path\n  |\nhelp: Move into type-checking block\n\nTC003 Move standard library import `collections.abc.MutableMapping` into a type-checking block\n --> run_reports.py:4:38\n  |\n3 | import json\n4 | from collections.abc import Mapping, MutableMapping\n  |                                      ^^^^^^^^^^^^^^\n5 | from datetime import UTC, datetime\n6 | from pathlib import Path\n  |\nhelp: Move into type-checking block\n\nTC003 Move standard library import `collections.abc.Callable` into a type-checking block\n  --> telemetry.py:9:29\n   |\n 7 | import pathlib\n 8 | import threading\n 9 | from collections.abc import Callable, Mapping, Sequence\n   |                             ^^^^^^^^\n10 | from dataclasses import dataclass\n11 | from datetime import UTC, datetime\n   |\nhelp: Move into type-checking block\n\nTC003 Move standard library import `collections.abc.Mapping` into a type-checking block\n  --> telemetry.py:9:39\n   |\n 7 | import pathlib\n 8 | import threading\n 9 | from collections.abc import Callable, Mapping, Sequence\n   |                                       ^^^^^^^\n10 | from dataclasses import dataclass\n11 | from datetime import UTC, datetime\n   |\nhelp: Move into type-checking block\n\nTC003 Move standard library import `collections.abc.Sequence` into a type-checking block\n  --> telemetry.py:9:48\n   |\n 7 | import pathlib\n 8 | import threading\n 9 | from collections.abc import Callable, Mapping, Sequence\n   |                                                ^^^^^^^^\n10 | from dataclasses import dataclass\n11 | from datetime import UTC, datetime\n   |\nhelp: Move into type-checking block\n\nN802 Function name `Draft202012Validator` should be lowercase\n  --> telemetry.py:28:9\n   |\n26 | if TYPE_CHECKING:\n27 |\n28 |     def Draft202012Validator(\n   |         ^^^^^^^^^^^^^^^^^^^^\n29 |         schema: Mapping[str, object],\n30 |         *args: object,\n   |\n\nTC003 Move standard library import `collections.abc.Sequence` into a type-checking block\n --> tests\\test_exporters.py:3:29\n  |\n1 | from __future__ import annotations\n2 |\n3 | from collections.abc import Sequence\n  |                             ^^^^^^^^\n4 | from pathlib import Path\n5 | from subprocess import CompletedProcess\n  |\nhelp: Move into type-checking block\n\nFound 8 errors.\nNo fixes available (7 hidden fixes can be enabled with the `--unsafe-fixes` option).\n",
                "tool": "ruff_check",
                "tool_module": "ruff",
                "tool_version": "ruff 0.14.0"
            },
            "exit": "exit 1",
            "message": "ruff_check failed for x_make_common_x (exit 1)\ncwd: C:\\x_runner_x\\x_make_common_x\ncommand: C:\\x_runner_x\\.venv\\Scripts\\python.exe -m ruff check . --select ALL --ignore D,COM812,ISC001,T20 --line-length 88 --target-version py311\nstarted_at: 2025-10-15T21:13:57.097963+00:00\nduration: 0.311s\ntool_version: ruff 0.14.0\nstdout:\nTC003 Move standard library import `builtins` into a type-checking block\n --> json_board.py:5:8\n  |\n3 | from __future__ import annotations\n4 |\n\u2026\nstderr:\n<empty>",
            "repo": "x_make_common_x",
            "repo_path": "C:\\x_runner_x\\x_make_common_x",
            "stderr_preview": null,
            "stdout_preview": "TC003 Move standard library import `builtins` into a type-checking block\n --> json_board.py:5:8\n  |\n3 | from __future__ import annotations\n4 |\n\u2026",
            "suggested_action": "Investigate",
            "summary": "ruff_check failed for x_make_common_x (exit 1) cwd: C:\\x_runner_x\\x_make_common_x command: C:\\x_runner_x\\.venv\\Scripts\\python.exe -m ruff check . --select ALL --ignore D,COM812,ISC001,T20 --line-length 88 --target-version py311 started_at:\u2026",
            "tool": "ruff_check",
            "tool_version": "ruff 0.14.0"
        },
        {
            "captured_at": "2025-10-15T21:13:55.643459+00:00",
            "command": "C:\\x_runner_x\\.venv\\Scripts\\python.exe -m ruff check . --fix --select ALL --ignore D,COM812,ISC001,T20 --line-length 88 --target-version py311",
            "detail": {
                "cached": false,
                "cmd": [
                    "C:\\x_runner_x\\.venv\\Scripts\\python.exe",
                    "-m",
                    "ruff",
                    "check",
                    ".",
                    "--fix",
                    "--select",
                    "ALL",
                    "--ignore",
                    "D,COM812,ISC001,T20",
                    "--line-length",
                    "88",
                    "--target-version",
                    "py311"
                ],
                "cmd_display": "C:\\x_runner_x\\.venv\\Scripts\\python.exe -m ruff check . --fix --select ALL --ignore D,COM812,ISC001,T20 --line-length 88 --target-version py311",
                "cwd": "C:\\x_runner_x\\x_make_common_x",
                "duration_seconds": 0.2149580000041169,
                "ended_at": "2025-10-15T21:13:55.643459+00:00",
                "exit": 1,
                "failed_files": [],
                "files_checked": [
                    "__init__.py",
                    "exporters.py",
                    "json_board.py",
                    "run_reports.py",
                    "telemetry.py",
                    "tests/__init__.py",
                    "tests/test_exporters.py",
                    "tests/test_json_board.py",
                    "tests/test_subprocess_utils.py",
                    "tests/test_telemetry.py",
                    "x_cls_make_common_x.py",
                    "x_env_x.py",
                    "x_http_client_x.py",
                    "x_logging_utils_x.py",
                    "x_subprocess_utils_x.py"
                ],
                "repo": "x_make_common_x",
                "repo_hash": "7d13044d9f2d495094dcf1bea446825a78e30a7b1228d1cc6d1b36ad97b00848",
                "repo_path": "C:\\x_runner_x\\x_make_common_x",
                "started_at": "2025-10-15T21:13:55.428502+00:00",
                "stderr": "",
                "stdout": "TC003 Move standard library import `builtins` into a type-checking block\n --> json_board.py:5:8\n  |\n3 | from __future__ import annotations\n4 |\n5 | import builtins\n  |        ^^^^^^^^\n6 | import contextlib\n7 | import json\n  |\nhelp: Move into type-checking block\n\nTC003 Move standard library import `collections.abc.Mapping` into a type-checking block\n --> run_reports.py:4:29\n  |\n3 | import json\n4 | from collections.abc import Mapping, MutableMapping\n  |                             ^^^^^^^\n5 | from datetime import UTC, datetime\n6 | from pathlib import Path\n  |\nhelp: Move into type-checking block\n\nTC003 Move standard library import `collections.abc.MutableMapping` into a type-checking block\n --> run_reports.py:4:38\n  |\n3 | import json\n4 | from collections.abc import Mapping, MutableMapping\n  |                                      ^^^^^^^^^^^^^^\n5 | from datetime import UTC, datetime\n6 | from pathlib import Path\n  |\nhelp: Move into type-checking block\n\nTC003 Move standard library import `collections.abc.Callable` into a type-checking block\n  --> telemetry.py:9:29\n   |\n 7 | import pathlib\n 8 | import threading\n 9 | from collections.abc import Callable, Mapping, Sequence\n   |                             ^^^^^^^^\n10 | from dataclasses import dataclass\n11 | from datetime import UTC, datetime\n   |\nhelp: Move into type-checking block\n\nTC003 Move standard library import `collections.abc.Mapping` into a type-checking block\n  --> telemetry.py:9:39\n   |\n 7 | import pathlib\n 8 | import threading\n 9 | from collections.abc import Callable, Mapping, Sequence\n   |                                       ^^^^^^^\n10 | from dataclasses import dataclass\n11 | from datetime import UTC, datetime\n   |\nhelp: Move into type-checking block\n\nTC003 Move standard library import `collections.abc.Sequence` into a type-checking block\n  --> telemetry.py:9:48\n   |\n 7 | import pathlib\n 8 | import threading\n 9 | from collections.abc import Callable, Mapping, Sequence\n   |                                                ^^^^^^^^\n10 | from dataclasses import dataclass\n11 | from datetime import UTC, datetime\n   |\nhelp: Move into type-checking block\n\nN802 Function name `Draft202012Validator` should be lowercase\n  --> telemetry.py:28:9\n   |\n26 | if TYPE_CHECKING:\n27 |\n28 |     def Draft202012Validator(\n   |         ^^^^^^^^^^^^^^^^^^^^\n29 |         schema: Mapping[str, object],\n30 |         *args: object,\n   |\n\nTC003 Move standard library import `collections.abc.Sequence` into a type-checking block\n --> tests\\test_exporters.py:3:29\n  |\n1 | from __future__ import annotations\n2 |\n3 | from collections.abc import Sequence\n  |                             ^^^^^^^^\n4 | from pathlib import Path\n5 | from subprocess import CompletedProcess\n  |\nhelp: Move into type-checking block\n\nFound 23 errors (15 fixed, 8 remaining).\nNo fixes available (7 hidden fixes can be enabled with the `--unsafe-fixes` option).\n",
                "tool": "ruff_fix",
                "tool_module": "ruff",
                "tool_version": "ruff 0.14.0"
            },
            "exit": "exit 1",
            "message": "ruff_fix failed for x_make_common_x (exit 1)\ncwd: C:\\x_runner_x\\x_make_common_x\ncommand: C:\\x_runner_x\\.venv\\Scripts\\python.exe -m ruff check . --fix --select ALL --ignore D,COM812,ISC001,T20 --line-length 88 --target-version py311\nstarted_at: 2025-10-15T21:13:55.428502+00:00\nduration: 0.215s\ntool_version: ruff 0.14.0\nstdout:\nTC003 Move standard library import `builtins` into a type-checking block\n --> json_board.py:5:8\n  |\n3 | from __future__ import annotations\n4 |\n\u2026\nstderr:\n<empty>",
            "repo": "x_make_common_x",
            "repo_path": "C:\\x_runner_x\\x_make_common_x",
            "stderr_preview": null,
            "stdout_preview": "TC003 Move standard library import `builtins` into a type-checking block\n --> json_board.py:5:8\n  |\n3 | from __future__ import annotations\n4 |\n\u2026",
            "suggested_action": "Investigate",
            "summary": "ruff_fix failed for x_make_common_x (exit 1) cwd: C:\\x_runner_x\\x_make_common_x command: C:\\x_runner_x\\.venv\\Scripts\\python.exe -m ruff check . --fix --select ALL --ignore D,COM812,ISC001,T20 --line-length 88 --target-version py311 started\u2026",
            "tool": "ruff_fix",
            "tool_version": "ruff 0.14.0"
        },
        {
            "captured_at": "2025-10-15T21:14:03.284419+00:00",
            "command": "C:\\x_runner_x\\.venv\\Scripts\\python.exe -m black . --line-length 88 --target-version py311 --check --diff",
            "detail": {
                "cached": false,
                "cmd": [
                    "C:\\x_runner_x\\.venv\\Scripts\\python.exe",
                    "-m",
                    "black",
                    ".",
                    "--line-length",
                    "88",
                    "--target-version",
                    "py311",
                    "--check",
                    "--diff"
                ],
                "cmd_display": "C:\\x_runner_x\\.venv\\Scripts\\python.exe -m black . --line-length 88 --target-version py311 --check --diff",
                "cwd": "C:\\x_runner_x\\x_make_github_clones_x",
                "duration_seconds": 2.421354499994777,
                "ended_at": "2025-10-15T21:14:03.284419+00:00",
                "exit": 1,
                "failed_files": [],
                "files_checked": [
                    "__init__.py",
                    "fastapi/__init__.py",
                    "fastapi/__main__.py",
                    "fastapi/cli.py",
                    "fastapi_cli/__init__.py",
                    "fastapi_cli/cli.py",
                    "tests/__init__.py",
                    "tests/test_make_github_clones.py",
                    "x_cls_make_github_clones_x.py",
                    "x_make_github_clones_x/__init__.py",
                    "x_make_github_clones_x/x_cls_make_github_clones_x.py"
                ],
                "repo": "x_make_github_clones_x",
                "repo_hash": "3f0961b5134d771c9723fc29aa6565b26fa66c6bf01fd18c19ea1031a75f111b",
                "repo_path": "C:\\x_runner_x\\x_make_github_clones_x",
                "started_at": "2025-10-15T21:14:00.863066+00:00",
                "stderr": "would reformat C:\\x_runner_x\\x_make_github_clones_x\\x_cls_make_github_clones_x.py\n\nOh no! \\U0001f4a5 \\U0001f494 \\U0001f4a5\n1 file would be reformatted, 10 files would be left unchanged.\n",
                "stdout": "--- C:\\x_runner_x\\x_make_github_clones_x\\x_cls_make_github_clones_x.py\t2025-10-15 19:15:46.783225+00:00\n+++ C:\\x_runner_x\\x_make_github_clones_x\\x_cls_make_github_clones_x.py\t2025-10-15 21:14:02.936803+00:00\n@@ -67,11 +67,13 @@\n     resolved_filename = filename or f\"{tool_slug}_run_{stamp}.json\"\n     data = dict(payload)\n     data.setdefault(\"tool\", tool_slug)\n     data.setdefault(\"generated_at\", _fallback_isoformat_timestamp(moment))\n     report_path = reports_dir / resolved_filename\n-    report_path.write_text(json.dumps(data, indent=2, sort_keys=False), encoding=\"utf-8\")\n+    report_path.write_text(\n+        json.dumps(data, indent=2, sort_keys=False), encoding=\"utf-8\"\n+    )\n     return report_path\n \n \n def _isoformat_timestamp(moment: datetime | None = None) -> str:\n     if _common_isoformat_timestamp is not None:\n@@ -97,10 +99,11 @@\n         \"x_make_github_clones_x\",\n         payload,\n         base_dir=base_dir,\n         timestamp=moment,\n     )\n+\n \n JsonDict = dict[str, object]\n \n T_co = TypeVar(\"T_co\", covariant=True)\n \n",
                "tool": "black",
                "tool_module": "black",
                "tool_version": "python -m black, 25.9.0 (compiled: yes)\nPython (CPython) 3.13.7"
            },
            "exit": "exit 1",
            "message": "black failed for x_make_github_clones_x (exit 1)\ncwd: C:\\x_runner_x\\x_make_github_clones_x\ncommand: C:\\x_runner_x\\.venv\\Scripts\\python.exe -m black . --line-length 88 --target-version py311 --check --diff\nstarted_at: 2025-10-15T21:14:00.863066+00:00\nduration: 2.421s\ntool_version: python -m black, 25.9.0 (compiled: yes)\nPython (CPython) 3.13.7\nstdout:\n--- C:\\x_runner_x\\x_make_github_clones_x\\x_cls_make_github_clones_x.py\t2025-10-15 19:15:46.783225+00:00\n+++ C:\\x_runner_x\\x_make_github_clones_x\\x_cls_make_github_clones_x.py\t2025-10-15 21:14:02.936803+00:00\n@@ -67,11 +67,13 @@\n     resolved_filename = filename or f\"{tool_slug}_run_{stamp}.json\"\n     data = dict(payload)\n\u2026\nstderr:\nwould reformat C:\\x_runner_x\\x_make_github_clones_x\\x_cls_make_github_clones_x.py\n\nOh no! \\U0001f4a5 \\U0001f494 \\U0001f4a5\n1 file would be reformatted, 10 files would be left unchanged.",
            "repo": "x_make_github_clones_x",
            "repo_path": "C:\\x_runner_x\\x_make_github_clones_x",
            "stderr_preview": "would reformat C:\\x_runner_x\\x_make_github_clones_x\\x_cls_make_github_clones_x.py\n\nOh no! \\U0001f4a5 \\U0001f494 \\U0001f4a5\n1 file would be reformatted, 10 files would be left unchanged.",
            "stdout_preview": "--- C:\\x_runner_x\\x_make_github_clones_x\\x_cls_make_github_clones_x.py\t2025-10-15 19:15:46.783225+00:00\n+++ C:\\x_runner_x\\x_make_github_clones_x\\x_cls_make_github_clones_x.py\t2025-10-15 21:14:02.936803+00:00\n@@ -67,11 +67,13 @@\n     resolved_filename = filename or f\"{tool_slug}_run_{stamp}.json\"\n     data = dict(payload)\n\u2026",
            "suggested_action": "Investigate",
            "summary": "black failed for x_make_github_clones_x (exit 1) cwd: C:\\x_runner_x\\x_make_github_clones_x command: C:\\x_runner_x\\.venv\\Scripts\\python.exe -m black . --line-length 88 --target-version py311 --check --diff started_at: 2025-10-15T21:14:00.86\u2026",
            "tool": "black",
            "tool_version": "python -m black, 25.9.0 (compiled: yes)\nPython (CPython) 3.13.7"
        },
        {
            "captured_at": "2025-10-15T21:14:04.552511+00:00",
            "command": "C:\\x_runner_x\\.venv\\Scripts\\python.exe -m mypy . --strict --no-warn-unused-configs --show-error-codes --warn-return-any --warn-unreachable --disallow-any-unimported --disallow-any-expr --disallow-any-decorated --disallow-any-explicit",
            "detail": {
                "cached": false,
                "cmd": [
                    "C:\\x_runner_x\\.venv\\Scripts\\python.exe",
                    "-m",
                    "mypy",
                    ".",
                    "--strict",
                    "--no-warn-unused-configs",
                    "--show-error-codes",
                    "--warn-return-any",
                    "--warn-unreachable",
                    "--disallow-any-unimported",
                    "--disallow-any-expr",
                    "--disallow-any-decorated",
                    "--disallow-any-explicit"
                ],
                "cmd_display": "C:\\x_runner_x\\.venv\\Scripts\\python.exe -m mypy . --strict --no-warn-unused-configs --show-error-codes --warn-return-any --warn-unreachable --disallow-any-unimported --disallow-any-expr --disallow-any-decorated --disallow-any-explicit",
                "cwd": "C:\\x_runner_x\\x_make_github_clones_x",
                "duration_seconds": 0.9960561999978381,
                "ended_at": "2025-10-15T21:14:04.552511+00:00",
                "exit": 1,
                "failed_files": [],
                "files_checked": [
                    "__init__.py",
                    "fastapi/__init__.py",
                    "fastapi/__main__.py",
                    "fastapi/cli.py",
                    "fastapi_cli/__init__.py",
                    "fastapi_cli/cli.py",
                    "tests/__init__.py",
                    "tests/test_make_github_clones.py",
                    "x_cls_make_github_clones_x.py",
                    "x_make_github_clones_x/__init__.py",
                    "x_make_github_clones_x/x_cls_make_github_clones_x.py"
                ],
                "repo": "x_make_github_clones_x",
                "repo_hash": "3f0961b5134d771c9723fc29aa6565b26fa66c6bf01fd18c19ea1031a75f111b",
                "repo_path": "C:\\x_runner_x\\x_make_github_clones_x",
                "started_at": "2025-10-15T21:14:03.556455+00:00",
                "stderr": "",
                "stdout": "x_cls_make_github_clones_x.py:43: error: Incompatible types in assignment (expression has type \"None\", variable has type \"Callable[[datetime | None], str]\")  [assignment]\nx_cls_make_github_clones_x.py:44: error: Incompatible types in assignment (expression has type \"None\", variable has type \"Callable[[str, Mapping[str, object] | MutableMapping[str, object], DefaultNamedArg(Path | str | None, 'base_dir'), DefaultNamedArg(str | None, 'filename'), DefaultNamedArg(datetime | None, 'timestamp'), DefaultNamedArg(str, 'reports_name')], Path]\")  [assignment]\nx_cls_make_github_clones_x.py:79: error: Statement is unreachable  [unreachable]\nx_cls_make_github_clones_x.py:96: error: Statement is unreachable  [unreachable]\nx_cls_make_github_clones_x.py:280: error: Returning Any from function declared to return \"dict[str, object] | None\"  [no-any-return]\nx_cls_make_github_clones_x.py:280: error: Expression has type \"Any\"  [misc]\nx_cls_make_github_clones_x.py:750: error: Expression has type \"Any\"  [misc]\ntests\\test_make_github_clones.py:125: error: Expression has type \"Any\"  [misc]\ntests\\test_make_github_clones.py:126: error: Expression has type \"Any\"  [misc]\ntests\\test_make_github_clones.py:127: error: Expression has type \"Any\"  [misc]\ntests\\test_make_github_clones.py:128: error: Expression has type \"Any\"  [misc]\ntests\\test_make_github_clones.py:129: error: Expression has type \"Any\"  [misc]\ntests\\test_make_github_clones.py:176: error: Expression has type \"Any\"  [misc]\ntests\\test_make_github_clones.py:177: error: Expression has type \"Any\"  [misc]\ntests\\test_make_github_clones.py:178: error: Expression has type \"Any\"  [misc]\ntests\\test_make_github_clones.py:232: error: Expression has type \"Any\"  [misc]\ntests\\test_make_github_clones.py:233: error: Expression has type \"Any\"  [misc]\ntests\\test_make_github_clones.py:234: error: Expression has type \"Any\"  [misc]\ntests\\test_make_github_clones.py:235: error: Expression has type \"Any\"  [misc]\ntests\\test_make_github_clones.py:236: error: Expression has type \"Any\"  [misc]\ntests\\test_make_github_clones.py:262: error: Expression has type \"Any\"  [misc]\ntests\\test_make_github_clones.py:263: error: Expression has type \"Any\"  [misc]\ntests\\test_make_github_clones.py:264: error: Expression has type \"Any\"  [misc]\ntests\\test_make_github_clones.py:265: error: Expression has type \"Any\"  [misc]\nFound 24 errors in 2 files (checked 11 source files)\n",
                "tool": "mypy",
                "tool_module": "mypy",
                "tool_version": "mypy 1.18.2 (compiled: yes)"
            },
            "exit": "exit 1",
            "message": "mypy failed for x_make_github_clones_x (exit 1)\ncwd: C:\\x_runner_x\\x_make_github_clones_x\ncommand: C:\\x_runner_x\\.venv\\Scripts\\python.exe -m mypy . --strict --no-warn-unused-configs --show-error-codes --warn-return-any --warn-unreachable --disallow-any-unimported --disallow-any-expr --disallow-any-decorated --disallow-any-explicit\nstarted_at: 2025-10-15T21:14:03.556455+00:00\nduration: 0.996s\ntool_version: mypy 1.18.2 (compiled: yes)\nstdout:\nx_cls_make_github_clones_x.py:43: error: Incompatible types in assignment (expression has type \"None\", variable has type \"Callable[[datetime | None], str]\")  [assignment]\nx_cls_make_github_clones_x.py:44: error: Incompatible types in assignment (expression has type \"None\", variable has type \"Callable[[str, Mapping[str, object] | MutableMapping[str, object], DefaultNamedArg(Path | str | None, 'base_dir'), DefaultNamedArg(str | None, 'filename'), DefaultNamedArg(datetime | None, 'timestamp'), DefaultNamedArg(str, 'reports_name')], Path]\")  [assignment]\nx_cls_make_github_clones_x.py:79: error: Statement is unreachable  [unreachable]\nx_cls_make_github_clones_x.py:96: error: Statement is unreachable  [unreachable]\nx_cls_make_github_clones_x.py:280: error: Returning Any from function declared to return \"dict[str, object] | None\"  [no-any-return]\n\u2026\nstderr:\n<empty>",
            "repo": "x_make_github_clones_x",
            "repo_path": "C:\\x_runner_x\\x_make_github_clones_x",
            "stderr_preview": null,
            "stdout_preview": "x_cls_make_github_clones_x.py:43: error: Incompatible types in assignment (expression has type \"None\", variable has type \"Callable[[datetime | None], str]\")  [assignment]\nx_cls_make_github_clones_x.py:44: error: Incompatible types in assignment (expression has type \"None\", variable has type \"Callable[[str, Mapping[str, object] | MutableMapping[str, object], DefaultNamedArg(Path | str | None, 'base_dir'), DefaultNamedArg(str | None, 'filename'), DefaultNamedArg(datetime | None, 'timestamp'), DefaultNamedArg(str, 'reports_name')], Path]\")  [assignment]\nx_cls_make_github_clones_x.py:79: error: Statement is unreachable  [unreachable]\nx_cls_make_github_clones_x.py:96: error: Statement is unreachable  [unreachable]\nx_cls_make_github_clones_x.py:280: error: Returning Any from function declared to return \"dict[str, object] | None\"  [no-any-return]\n\u2026",
            "suggested_action": "Investigate",
            "summary": "mypy failed for x_make_github_clones_x (exit 1) cwd: C:\\x_runner_x\\x_make_github_clones_x command: C:\\x_runner_x\\.venv\\Scripts\\python.exe -m mypy . --strict --no-warn-unused-configs --show-error-codes --warn-return-any --warn-unreachable -\u2026",
            "tool": "mypy",
            "tool_version": "mypy 1.18.2 (compiled: yes)"
        },
        {
            "captured_at": "2025-10-15T21:14:06.170364+00:00",
            "command": "C:\\x_runner_x\\.venv\\Scripts\\python.exe -m pyright . --level error",
            "detail": {
                "cached": false,
                "cmd": [
                    "C:\\x_runner_x\\.venv\\Scripts\\python.exe",
                    "-m",
                    "pyright",
                    ".",
                    "--level",
                    "error"
                ],
                "cmd_display": "C:\\x_runner_x\\.venv\\Scripts\\python.exe -m pyright . --level error",
                "cwd": "C:\\x_runner_x\\x_make_github_clones_x",
                "duration_seconds": 1.613928400001896,
                "ended_at": "2025-10-15T21:14:06.170364+00:00",
                "exit": 1,
                "failed_files": [],
                "files_checked": [
                    "__init__.py",
                    "fastapi/__init__.py",
                    "fastapi/__main__.py",
                    "fastapi/cli.py",
                    "fastapi_cli/__init__.py",
                    "fastapi_cli/cli.py",
                    "tests/__init__.py",
                    "tests/test_make_github_clones.py",
                    "x_cls_make_github_clones_x.py",
                    "x_make_github_clones_x/__init__.py",
                    "x_make_github_clones_x/x_cls_make_github_clones_x.py"
                ],
                "repo": "x_make_github_clones_x",
                "repo_hash": "3f0961b5134d771c9723fc29aa6565b26fa66c6bf01fd18c19ea1031a75f111b",
                "repo_path": "C:\\x_runner_x\\x_make_github_clones_x",
                "started_at": "2025-10-15T21:14:04.556438+00:00",
                "stderr": "",
                "stdout": "c:\\x_runner_x\\x_make_github_clones_x\\x_cls_make_github_clones_x.py\n  c:\\x_runner_x\\x_make_github_clones_x\\x_cls_make_github_clones_x.py:40:10 - error: Import \"x_make_common_x\" could not be resolved (reportMissingImports)\n  c:\\x_runner_x\\x_make_github_clones_x\\x_cls_make_github_clones_x.py:41:10 - error: Import \"x_make_common_x\" could not be resolved (reportMissingImports)\n2 errors, 0 warnings, 0 informations\n",
                "tool": "pyright",
                "tool_module": "pyright",
                "tool_version": "pyright 1.1.406"
            },
            "exit": "exit 1",
            "message": "pyright failed for x_make_github_clones_x (exit 1)\ncwd: C:\\x_runner_x\\x_make_github_clones_x\ncommand: C:\\x_runner_x\\.venv\\Scripts\\python.exe -m pyright . --level error\nstarted_at: 2025-10-15T21:14:04.556438+00:00\nduration: 1.614s\ntool_version: pyright 1.1.406\nstdout:\nc:\\x_runner_x\\x_make_github_clones_x\\x_cls_make_github_clones_x.py\n  c:\\x_runner_x\\x_make_github_clones_x\\x_cls_make_github_clones_x.py:40:10 - error: Import \"x_make_common_x\" could not be resolved (reportMissingImports)\n  c:\\x_runner_x\\x_make_github_clones_x\\x_cls_make_github_clones_x.py:41:10 - error: Import \"x_make_common_x\" could not be resolved (reportMissingImports)\n2 errors, 0 warnings, 0 informations\nstderr:\n<empty>",
            "repo": "x_make_github_clones_x",
            "repo_path": "C:\\x_runner_x\\x_make_github_clones_x",
            "stderr_preview": null,
            "stdout_preview": "c:\\x_runner_x\\x_make_github_clones_x\\x_cls_make_github_clones_x.py\n  c:\\x_runner_x\\x_make_github_clones_x\\x_cls_make_github_clones_x.py:40:10 - error: Import \"x_make_common_x\" could not be resolved (reportMissingImports)\n  c:\\x_runner_x\\x_make_github_clones_x\\x_cls_make_github_clones_x.py:41:10 - error: Import \"x_make_common_x\" could not be resolved (reportMissingImports)\n2 errors, 0 warnings, 0 informations",
            "suggested_action": "Investigate",
            "summary": "pyright failed for x_make_github_clones_x (exit 1) cwd: C:\\x_runner_x\\x_make_github_clones_x command: C:\\x_runner_x\\.venv\\Scripts\\python.exe -m pyright . --level error started_at: 2025-10-15T21:14:04.556438+00:00 duration: 1.614s tool_vers\u2026",
            "tool": "pyright",
            "tool_version": "pyright 1.1.406"
        },
        {
            "captured_at": "2025-10-15T21:14:03.552082+00:00",
            "command": "C:\\x_runner_x\\.venv\\Scripts\\python.exe -m ruff check . --select ALL --ignore D,COM812,ISC001,T20 --line-length 88 --target-version py311",
            "detail": {
                "cached": false,
                "cmd": [
                    "C:\\x_runner_x\\.venv\\Scripts\\python.exe",
                    "-m",
                    "ruff",
                    "check",
                    ".",
                    "--select",
                    "ALL",
                    "--ignore",
                    "D,COM812,ISC001,T20",
                    "--line-length",
                    "88",
                    "--target-version",
                    "py311"
                ],
                "cmd_display": "C:\\x_runner_x\\.venv\\Scripts\\python.exe -m ruff check . --select ALL --ignore D,COM812,ISC001,T20 --line-length 88 --target-version py311",
                "cwd": "C:\\x_runner_x\\x_make_github_clones_x",
                "duration_seconds": 0.26421610000397777,
                "ended_at": "2025-10-15T21:14:03.552082+00:00",
                "exit": 1,
                "failed_files": [],
                "files_checked": [
                    "__init__.py",
                    "fastapi/__init__.py",
                    "fastapi/__main__.py",
                    "fastapi/cli.py",
                    "fastapi_cli/__init__.py",
                    "fastapi_cli/cli.py",
                    "tests/__init__.py",
                    "tests/test_make_github_clones.py",
                    "x_cls_make_github_clones_x.py",
                    "x_make_github_clones_x/__init__.py",
                    "x_make_github_clones_x/x_cls_make_github_clones_x.py"
                ],
                "repo": "x_make_github_clones_x",
                "repo_hash": "3f0961b5134d771c9723fc29aa6565b26fa66c6bf01fd18c19ea1031a75f111b",
                "repo_path": "C:\\x_runner_x\\x_make_github_clones_x",
                "started_at": "2025-10-15T21:14:03.287868+00:00",
                "stderr": "",
                "stdout": "EM101 Exception must not use a string literal, assign to variable first\n   --> tests\\test_make_github_clones.py:248:28\n    |\n246 |         **_kwargs: object,\n247 |     ) -> list[RepoRecord]:\n248 |         raise RuntimeError(\"boom\")\n    |                            ^^^^^^\n249 |\n250 |     monkeypatch.setattr(\n    |\nhelp: Assign to variable; remove string literal\n\nPLR2004 Magic value used in comparison, consider replacing `2` with a constant variable\n   --> tests\\test_make_github_clones.py:258:25\n    |\n257 |     exit_code = client.sync()\n258 |     assert exit_code == 2\n    |                         ^\n259 |\n260 |     report_path = client.last_run_report_path\n    |\n\nPLR2004 Magic value used in comparison, consider replacing `2` with a constant variable\n   --> tests\\test_make_github_clones.py:263:36\n    |\n261 |     assert report_path is not None\n262 |     payload = json.loads(report_path.read_text(encoding=\"utf-8\"))\n263 |     assert payload[\"exit_code\"] == 2\n    |                                    ^\n264 |     assert payload[\"summary\"][\"fetch_error\"] == \"boom\"\n265 |     assert payload[\"repos\"] == []\n    |\n\nTC003 Move standard library import `collections.abc.Mapping` into a type-checking block\n  --> x_cls_make_github_clones_x.py:20:29\n   |\n18 | import urllib.request\n19 | import uuid\n20 | from collections.abc import Mapping, MutableMapping\n   |                             ^^^^^^^\n21 | from contextlib import suppress\n22 | from dataclasses import dataclass\n   |\nhelp: Move into type-checking block\n\nTC003 Move standard library import `collections.abc.MutableMapping` into a type-checking block\n  --> x_cls_make_github_clones_x.py:20:38\n   |\n18 | import urllib.request\n19 | import uuid\n20 | from collections.abc import Mapping, MutableMapping\n   |                                      ^^^^^^^^^^^^^^\n21 | from contextlib import suppress\n22 | from dataclasses import dataclass\n   |\nhelp: Move into type-checking block\n\nE501 Line too long (89 > 88)\n  --> x_cls_make_github_clones_x.py:72:89\n   |\n70 |     data.setdefault(\"generated_at\", _fallback_isoformat_timestamp(moment))\n71 |     report_path = reports_dir / resolved_filename\n72 |     report_path.write_text(json.dumps(data, indent=2, sort_keys=False), encoding=\"utf-8\")\n   |                                                                                         ^\n73 |     return report_path\n   |\n\nC901 `sync` is too complex (15 > 10)\n   --> x_cls_make_github_clones_x.py:634:9\n    |\n632 |         )\n633 |\n634 |     def sync(self, username: str | None = None, dest: str | None = None) -> int:\n    |         ^^^^\n635 |         username = username or self.username\n636 |         dest_candidate = dest or self.target_dir or self.DEFAULT_TARGET_DIR\n    |\n\nPLR0912 Too many branches (16 > 12)\n   --> x_cls_make_github_clones_x.py:634:9\n    |\n632 |         )\n633 |\n634 |     def sync(self, username: str | None = None, dest: str | None = None) -> int:\n    |         ^^^^\n635 |         username = username or self.username\n636 |         dest_candidate = dest or self.target_dir or self.DEFAULT_TARGET_DIR\n    |\n\nPLR0915 Too many statements (76 > 50)\n   --> x_cls_make_github_clones_x.py:634:9\n    |\n632 |         )\n633 |\n634 |     def sync(self, username: str | None = None, dest: str | None = None) -> int:\n    |         ^^^^\n635 |         username = username or self.username\n636 |         dest_candidate = dest or self.target_dir or self.DEFAULT_TARGET_DIR\n    |\n\nFound 9 errors.\nNo fixes available (3 hidden fixes can be enabled with the `--unsafe-fixes` option).\n",
                "tool": "ruff_check",
                "tool_module": "ruff",
                "tool_version": "ruff 0.14.0"
            },
            "exit": "exit 1",
            "message": "ruff_check failed for x_make_github_clones_x (exit 1)\ncwd: C:\\x_runner_x\\x_make_github_clones_x\ncommand: C:\\x_runner_x\\.venv\\Scripts\\python.exe -m ruff check . --select ALL --ignore D,COM812,ISC001,T20 --line-length 88 --target-version py311\nstarted_at: 2025-10-15T21:14:03.287868+00:00\nduration: 0.264s\ntool_version: ruff 0.14.0\nstdout:\nEM101 Exception must not use a string literal, assign to variable first\n   --> tests\\test_make_github_clones.py:248:28\n    |\n246 |         **_kwargs: object,\n247 |     ) -> list[RepoRecord]:\n\u2026\nstderr:\n<empty>",
            "repo": "x_make_github_clones_x",
            "repo_path": "C:\\x_runner_x\\x_make_github_clones_x",
            "stderr_preview": null,
            "stdout_preview": "EM101 Exception must not use a string literal, assign to variable first\n   --> tests\\test_make_github_clones.py:248:28\n    |\n246 |         **_kwargs: object,\n247 |     ) -> list[RepoRecord]:\n\u2026",
            "suggested_action": "Investigate",
            "summary": "ruff_check failed for x_make_github_clones_x (exit 1) cwd: C:\\x_runner_x\\x_make_github_clones_x command: C:\\x_runner_x\\.venv\\Scripts\\python.exe -m ruff check . --select ALL --ignore D,COM812,ISC001,T20 --line-length 88 --target-version py3\u2026",
            "tool": "ruff_check",
            "tool_version": "ruff 0.14.0"
        },
        {
            "captured_at": "2025-10-15T21:14:00.858397+00:00",
            "command": "C:\\x_runner_x\\.venv\\Scripts\\python.exe -m ruff check . --fix --select ALL --ignore D,COM812,ISC001,T20 --line-length 88 --target-version py311",
            "detail": {
                "cached": false,
                "cmd": [
                    "C:\\x_runner_x\\.venv\\Scripts\\python.exe",
                    "-m",
                    "ruff",
                    "check",
                    ".",
                    "--fix",
                    "--select",
                    "ALL",
                    "--ignore",
                    "D,COM812,ISC001,T20",
                    "--line-length",
                    "88",
                    "--target-version",
                    "py311"
                ],
                "cmd_display": "C:\\x_runner_x\\.venv\\Scripts\\python.exe -m ruff check . --fix --select ALL --ignore D,COM812,ISC001,T20 --line-length 88 --target-version py311",
                "cwd": "C:\\x_runner_x\\x_make_github_clones_x",
                "duration_seconds": 0.22297080000134883,
                "ended_at": "2025-10-15T21:14:00.858397+00:00",
                "exit": 1,
                "failed_files": [],
                "files_checked": [
                    "__init__.py",
                    "fastapi/__init__.py",
                    "fastapi/__main__.py",
                    "fastapi/cli.py",
                    "fastapi_cli/__init__.py",
                    "fastapi_cli/cli.py",
                    "tests/__init__.py",
                    "tests/test_make_github_clones.py",
                    "x_cls_make_github_clones_x.py",
                    "x_make_github_clones_x/__init__.py",
                    "x_make_github_clones_x/x_cls_make_github_clones_x.py"
                ],
                "repo": "x_make_github_clones_x",
                "repo_hash": "3f0961b5134d771c9723fc29aa6565b26fa66c6bf01fd18c19ea1031a75f111b",
                "repo_path": "C:\\x_runner_x\\x_make_github_clones_x",
                "started_at": "2025-10-15T21:14:00.635429+00:00",
                "stderr": "",
                "stdout": "EM101 Exception must not use a string literal, assign to variable first\n   --> tests\\test_make_github_clones.py:248:28\n    |\n246 |         **_kwargs: object,\n247 |     ) -> list[RepoRecord]:\n248 |         raise RuntimeError(\"boom\")\n    |                            ^^^^^^\n249 |\n250 |     monkeypatch.setattr(\n    |\nhelp: Assign to variable; remove string literal\n\nPLR2004 Magic value used in comparison, consider replacing `2` with a constant variable\n   --> tests\\test_make_github_clones.py:258:25\n    |\n257 |     exit_code = client.sync()\n258 |     assert exit_code == 2\n    |                         ^\n259 |\n260 |     report_path = client.last_run_report_path\n    |\n\nPLR2004 Magic value used in comparison, consider replacing `2` with a constant variable\n   --> tests\\test_make_github_clones.py:263:36\n    |\n261 |     assert report_path is not None\n262 |     payload = json.loads(report_path.read_text(encoding=\"utf-8\"))\n263 |     assert payload[\"exit_code\"] == 2\n    |                                    ^\n264 |     assert payload[\"summary\"][\"fetch_error\"] == \"boom\"\n265 |     assert payload[\"repos\"] == []\n    |\n\nTC003 Move standard library import `collections.abc.Mapping` into a type-checking block\n  --> x_cls_make_github_clones_x.py:20:29\n   |\n18 | import urllib.request\n19 | import uuid\n20 | from collections.abc import Mapping, MutableMapping\n   |                             ^^^^^^^\n21 | from contextlib import suppress\n22 | from dataclasses import dataclass\n   |\nhelp: Move into type-checking block\n\nTC003 Move standard library import `collections.abc.MutableMapping` into a type-checking block\n  --> x_cls_make_github_clones_x.py:20:38\n   |\n18 | import urllib.request\n19 | import uuid\n20 | from collections.abc import Mapping, MutableMapping\n   |                                      ^^^^^^^^^^^^^^\n21 | from contextlib import suppress\n22 | from dataclasses import dataclass\n   |\nhelp: Move into type-checking block\n\nE501 Line too long (89 > 88)\n  --> x_cls_make_github_clones_x.py:72:89\n   |\n70 |     data.setdefault(\"generated_at\", _fallback_isoformat_timestamp(moment))\n71 |     report_path = reports_dir / resolved_filename\n72 |     report_path.write_text(json.dumps(data, indent=2, sort_keys=False), encoding=\"utf-8\")\n   |                                                                                         ^\n73 |     return report_path\n   |\n\nC901 `sync` is too complex (15 > 10)\n   --> x_cls_make_github_clones_x.py:634:9\n    |\n632 |         )\n633 |\n634 |     def sync(self, username: str | None = None, dest: str | None = None) -> int:\n    |         ^^^^\n635 |         username = username or self.username\n636 |         dest_candidate = dest or self.target_dir or self.DEFAULT_TARGET_DIR\n    |\n\nPLR0912 Too many branches (16 > 12)\n   --> x_cls_make_github_clones_x.py:634:9\n    |\n632 |         )\n633 |\n634 |     def sync(self, username: str | None = None, dest: str | None = None) -> int:\n    |         ^^^^\n635 |         username = username or self.username\n636 |         dest_candidate = dest or self.target_dir or self.DEFAULT_TARGET_DIR\n    |\n\nPLR0915 Too many statements (76 > 50)\n   --> x_cls_make_github_clones_x.py:634:9\n    |\n632 |         )\n633 |\n634 |     def sync(self, username: str | None = None, dest: str | None = None) -> int:\n    |         ^^^^\n635 |         username = username or self.username\n636 |         dest_candidate = dest or self.target_dir or self.DEFAULT_TARGET_DIR\n    |\n\nFound 9 errors.\nNo fixes available (3 hidden fixes can be enabled with the `--unsafe-fixes` option).\n",
                "tool": "ruff_fix",
                "tool_module": "ruff",
                "tool_version": "ruff 0.14.0"
            },
            "exit": "exit 1",
            "message": "ruff_fix failed for x_make_github_clones_x (exit 1)\ncwd: C:\\x_runner_x\\x_make_github_clones_x\ncommand: C:\\x_runner_x\\.venv\\Scripts\\python.exe -m ruff check . --fix --select ALL --ignore D,COM812,ISC001,T20 --line-length 88 --target-version py311\nstarted_at: 2025-10-15T21:14:00.635429+00:00\nduration: 0.223s\ntool_version: ruff 0.14.0\nstdout:\nEM101 Exception must not use a string literal, assign to variable first\n   --> tests\\test_make_github_clones.py:248:28\n    |\n246 |         **_kwargs: object,\n247 |     ) -> list[RepoRecord]:\n\u2026\nstderr:\n<empty>",
            "repo": "x_make_github_clones_x",
            "repo_path": "C:\\x_runner_x\\x_make_github_clones_x",
            "stderr_preview": null,
            "stdout_preview": "EM101 Exception must not use a string literal, assign to variable first\n   --> tests\\test_make_github_clones.py:248:28\n    |\n246 |         **_kwargs: object,\n247 |     ) -> list[RepoRecord]:\n\u2026",
            "suggested_action": "Investigate",
            "summary": "ruff_fix failed for x_make_github_clones_x (exit 1) cwd: C:\\x_runner_x\\x_make_github_clones_x command: C:\\x_runner_x\\.venv\\Scripts\\python.exe -m ruff check . --fix --select ALL --ignore D,COM812,ISC001,T20 --line-length 88 --target-version\u2026",
            "tool": "ruff_fix",
            "tool_version": "ruff 0.14.0"
        },
        {
            "captured_at": "2025-10-15T21:14:10.349804+00:00",
            "command": "C:\\x_runner_x\\.venv\\Scripts\\python.exe -m black . --line-length 88 --target-version py311 --check --diff",
            "detail": {
                "cached": false,
                "cmd": [
                    "C:\\x_runner_x\\.venv\\Scripts\\python.exe",
                    "-m",
                    "black",
                    ".",
                    "--line-length",
                    "88",
                    "--target-version",
                    "py311",
                    "--check",
                    "--diff"
                ],
                "cmd_display": "C:\\x_runner_x\\.venv\\Scripts\\python.exe -m black . --line-length 88 --target-version py311 --check --diff",
                "cwd": "C:\\x_runner_x\\x_make_github_visitor_x",
                "duration_seconds": 2.3163356999939424,
                "ended_at": "2025-10-15T21:14:10.349804+00:00",
                "exit": 1,
                "failed_files": [],
                "files_checked": [
                    "__init__.py",
                    "inspection_flow.py",
                    "run_external.py",
                    "run_visitor_no_cache.py",
                    "runner.py",
                    "tests/__init__.py",
                    "tests/test_github_visitor.py",
                    "x_cls_make_github_visitor_x.py"
                ],
                "repo": "x_make_github_visitor_x",
                "repo_hash": "796ef9adc9f0bc56de0167809780b4c587175111db088c6b4ce31e1401707fcc",
                "repo_path": "C:\\x_runner_x\\x_make_github_visitor_x",
                "started_at": "2025-10-15T21:14:08.033469+00:00",
                "stderr": "would reformat C:\\x_runner_x\\x_make_github_visitor_x\\x_cls_make_github_visitor_x.py\nwould reformat C:\\x_runner_x\\x_make_github_visitor_x\\runner.py\n\nOh no! \\U0001f4a5 \\U0001f494 \\U0001f4a5\n2 files would be reformatted, 6 files would be left unchanged.\n",
                "stdout": "--- C:\\x_runner_x\\x_make_github_visitor_x\\x_cls_make_github_visitor_x.py\t2025-10-15 19:15:48.206292+00:00\n+++ C:\\x_runner_x\\x_make_github_visitor_x\\x_cls_make_github_visitor_x.py\t2025-10-15 21:14:09.928136+00:00\n@@ -690,13 +690,11 @@\n         return details\n \n     def _emit_tool_event(self, payload: _ToolEventPayload) -> None:\n         duration_ms = self._event_duration_ms(payload.result)\n         files_checked = self._collect_files_checked(payload)\n-        failure_entries, failed_files_for_event = self._collect_failure_entries(\n-            payload\n-        )\n+        failure_entries, failed_files_for_event = self._collect_failure_entries(payload)\n         files_for_event = self._resolve_files_for_event(\n             status=payload.status,\n             files_checked=files_checked,\n             failed_files=failed_files_for_event,\n         )\n--- C:\\x_runner_x\\x_make_github_visitor_x\\runner.py\t2025-10-15 19:15:48.204193+00:00\n+++ C:\\x_runner_x\\x_make_github_visitor_x\\runner.py\t2025-10-15 21:14:09.947049+00:00\n@@ -690,13 +690,11 @@\n         return details\n \n     def _emit_tool_event(self, payload: _ToolEventPayload) -> None:\n         duration_ms = self._event_duration_ms(payload.result)\n         files_checked = self._collect_files_checked(payload)\n-        failure_entries, failed_files_for_event = self._collect_failure_entries(\n-            payload\n-        )\n+        failure_entries, failed_files_for_event = self._collect_failure_entries(payload)\n         files_for_event = self._resolve_files_for_event(\n             status=payload.status,\n             files_checked=files_checked,\n             failed_files=failed_files_for_event,\n         )\n",
                "tool": "black",
                "tool_module": "black",
                "tool_version": "python -m black, 25.9.0 (compiled: yes)\nPython (CPython) 3.13.7"
            },
            "exit": "exit 1",
            "message": "black failed for x_make_github_visitor_x (exit 1)\ncwd: C:\\x_runner_x\\x_make_github_visitor_x\ncommand: C:\\x_runner_x\\.venv\\Scripts\\python.exe -m black . --line-length 88 --target-version py311 --check --diff\nstarted_at: 2025-10-15T21:14:08.033469+00:00\nduration: 2.316s\ntool_version: python -m black, 25.9.0 (compiled: yes)\nPython (CPython) 3.13.7\nstdout:\n--- C:\\x_runner_x\\x_make_github_visitor_x\\x_cls_make_github_visitor_x.py\t2025-10-15 19:15:48.206292+00:00\n+++ C:\\x_runner_x\\x_make_github_visitor_x\\x_cls_make_github_visitor_x.py\t2025-10-15 21:14:09.928136+00:00\n@@ -690,13 +690,11 @@\n         return details\n \n\u2026\nstderr:\nwould reformat C:\\x_runner_x\\x_make_github_visitor_x\\x_cls_make_github_visitor_x.py\nwould reformat C:\\x_runner_x\\x_make_github_visitor_x\\runner.py\n\nOh no! \\U0001f4a5 \\U0001f494 \\U0001f4a5\n2 files would be reformatted, 6 files would be left unchanged.",
            "repo": "x_make_github_visitor_x",
            "repo_path": "C:\\x_runner_x\\x_make_github_visitor_x",
            "stderr_preview": "would reformat C:\\x_runner_x\\x_make_github_visitor_x\\x_cls_make_github_visitor_x.py\nwould reformat C:\\x_runner_x\\x_make_github_visitor_x\\runner.py\n\nOh no! \\U0001f4a5 \\U0001f494 \\U0001f4a5\n2 files would be reformatted, 6 files would be left unchanged.",
            "stdout_preview": "--- C:\\x_runner_x\\x_make_github_visitor_x\\x_cls_make_github_visitor_x.py\t2025-10-15 19:15:48.206292+00:00\n+++ C:\\x_runner_x\\x_make_github_visitor_x\\x_cls_make_github_visitor_x.py\t2025-10-15 21:14:09.928136+00:00\n@@ -690,13 +690,11 @@\n         return details\n \n\u2026",
            "suggested_action": "Investigate",
            "summary": "black failed for x_make_github_visitor_x (exit 1) cwd: C:\\x_runner_x\\x_make_github_visitor_x command: C:\\x_runner_x\\.venv\\Scripts\\python.exe -m black . --line-length 88 --target-version py311 --check --diff started_at: 2025-10-15T21:14:08.\u2026",
            "tool": "black",
            "tool_version": "python -m black, 25.9.0 (compiled: yes)\nPython (CPython) 3.13.7"
        },
        {
            "captured_at": "2025-10-15T21:14:11.397277+00:00",
            "command": "C:\\x_runner_x\\.venv\\Scripts\\python.exe -m mypy . --strict --no-warn-unused-configs --show-error-codes --warn-return-any --warn-unreachable --disallow-any-unimported --disallow-any-expr --disallow-any-decorated --disallow-any-explicit",
            "detail": {
                "cached": false,
                "cmd": [
                    "C:\\x_runner_x\\.venv\\Scripts\\python.exe",
                    "-m",
                    "mypy",
                    ".",
                    "--strict",
                    "--no-warn-unused-configs",
                    "--show-error-codes",
                    "--warn-return-any",
                    "--warn-unreachable",
                    "--disallow-any-unimported",
                    "--disallow-any-expr",
                    "--disallow-any-decorated",
                    "--disallow-any-explicit"
                ],
                "cmd_display": "C:\\x_runner_x\\.venv\\Scripts\\python.exe -m mypy . --strict --no-warn-unused-configs --show-error-codes --warn-return-any --warn-unreachable --disallow-any-unimported --disallow-any-expr --disallow-any-decorated --disallow-any-explicit",
                "cwd": "C:\\x_runner_x\\x_make_github_visitor_x",
                "duration_seconds": 0.8241730000008829,
                "ended_at": "2025-10-15T21:14:11.397277+00:00",
                "exit": 1,
                "failed_files": [],
                "files_checked": [
                    "__init__.py",
                    "inspection_flow.py",
                    "run_external.py",
                    "run_visitor_no_cache.py",
                    "runner.py",
                    "tests/__init__.py",
                    "tests/test_github_visitor.py",
                    "x_cls_make_github_visitor_x.py"
                ],
                "repo": "x_make_github_visitor_x",
                "repo_hash": "796ef9adc9f0bc56de0167809780b4c587175111db088c6b4ce31e1401707fcc",
                "repo_path": "C:\\x_runner_x\\x_make_github_visitor_x",
                "started_at": "2025-10-15T21:14:10.573106+00:00",
                "stderr": "",
                "stdout": "x_cls_make_github_visitor_x.py:661: error: Expression type contains \"Any\" (has type \"dict[str, Any | None]\")  [misc]\nrunner.py:661: error: Expression type contains \"Any\" (has type \"dict[str, Any | None]\")  [misc]\nFound 2 errors in 2 files (checked 8 source files)\n",
                "tool": "mypy",
                "tool_module": "mypy",
                "tool_version": "mypy 1.18.2 (compiled: yes)"
            },
            "exit": "exit 1",
            "message": "mypy failed for x_make_github_visitor_x (exit 1)\ncwd: C:\\x_runner_x\\x_make_github_visitor_x\ncommand: C:\\x_runner_x\\.venv\\Scripts\\python.exe -m mypy . --strict --no-warn-unused-configs --show-error-codes --warn-return-any --warn-unreachable --disallow-any-unimported --disallow-any-expr --disallow-any-decorated --disallow-any-explicit\nstarted_at: 2025-10-15T21:14:10.573106+00:00\nduration: 0.824s\ntool_version: mypy 1.18.2 (compiled: yes)\nstdout:\nx_cls_make_github_visitor_x.py:661: error: Expression type contains \"Any\" (has type \"dict[str, Any | None]\")  [misc]\nrunner.py:661: error: Expression type contains \"Any\" (has type \"dict[str, Any | None]\")  [misc]\nFound 2 errors in 2 files (checked 8 source files)\nstderr:\n<empty>",
            "repo": "x_make_github_visitor_x",
            "repo_path": "C:\\x_runner_x\\x_make_github_visitor_x",
            "stderr_preview": null,
            "stdout_preview": "x_cls_make_github_visitor_x.py:661: error: Expression type contains \"Any\" (has type \"dict[str, Any | None]\")  [misc]\nrunner.py:661: error: Expression type contains \"Any\" (has type \"dict[str, Any | None]\")  [misc]\nFound 2 errors in 2 files (checked 8 source files)",
            "suggested_action": "Investigate",
            "summary": "mypy failed for x_make_github_visitor_x (exit 1) cwd: C:\\x_runner_x\\x_make_github_visitor_x command: C:\\x_runner_x\\.venv\\Scripts\\python.exe -m mypy . --strict --no-warn-unused-configs --show-error-codes --warn-return-any --warn-unreachable\u2026",
            "tool": "mypy",
            "tool_version": "mypy 1.18.2 (compiled: yes)"
        },
        {
            "captured_at": "2025-10-15T21:14:19.072235+00:00",
            "command": "C:\\x_runner_x\\.venv\\Scripts\\python.exe -m pyright . --level error",
            "detail": {
                "cached": false,
                "cmd": [
                    "C:\\x_runner_x\\.venv\\Scripts\\python.exe",
                    "-m",
                    "pyright",
                    ".",
                    "--level",
                    "error"
                ],
                "cmd_display": "C:\\x_runner_x\\.venv\\Scripts\\python.exe -m pyright . --level error",
                "cwd": "C:\\x_runner_x\\x_make_graphviz_x",
                "duration_seconds": 1.108681500001694,
                "ended_at": "2025-10-15T21:14:19.072235+00:00",
                "exit": 1,
                "failed_files": [],
                "files_checked": [
                    "tests/__init__.py",
                    "tests/test_graphviz_builder.py",
                    "x_cls_make_graphviz_x.py"
                ],
                "repo": "x_make_graphviz_x",
                "repo_hash": "a639a53a1cb4c4e3a704751b01b7a9ee1dd543d5bf911026b88d378a1934da55",
                "repo_path": "C:\\x_runner_x\\x_make_graphviz_x",
                "started_at": "2025-10-15T21:14:17.963556+00:00",
                "stderr": "",
                "stdout": "c:\\x_runner_x\\x_make_graphviz_x\\x_cls_make_graphviz_x.py\n  c:\\x_runner_x\\x_make_graphviz_x\\x_cls_make_graphviz_x.py:19:6 - error: Import \"x_make_common_x.exporters\" could not be resolved (reportMissingImports)\n1 error, 0 warnings, 0 informations\n",
                "tool": "pyright",
                "tool_module": "pyright",
                "tool_version": "pyright 1.1.406"
            },
            "exit": "exit 1",
            "message": "pyright failed for x_make_graphviz_x (exit 1)\ncwd: C:\\x_runner_x\\x_make_graphviz_x\ncommand: C:\\x_runner_x\\.venv\\Scripts\\python.exe -m pyright . --level error\nstarted_at: 2025-10-15T21:14:17.963556+00:00\nduration: 1.109s\ntool_version: pyright 1.1.406\nstdout:\nc:\\x_runner_x\\x_make_graphviz_x\\x_cls_make_graphviz_x.py\n  c:\\x_runner_x\\x_make_graphviz_x\\x_cls_make_graphviz_x.py:19:6 - error: Import \"x_make_common_x.exporters\" could not be resolved (reportMissingImports)\n1 error, 0 warnings, 0 informations\nstderr:\n<empty>",
            "repo": "x_make_graphviz_x",
            "repo_path": "C:\\x_runner_x\\x_make_graphviz_x",
            "stderr_preview": null,
            "stdout_preview": "c:\\x_runner_x\\x_make_graphviz_x\\x_cls_make_graphviz_x.py\n  c:\\x_runner_x\\x_make_graphviz_x\\x_cls_make_graphviz_x.py:19:6 - error: Import \"x_make_common_x.exporters\" could not be resolved (reportMissingImports)\n1 error, 0 warnings, 0 informations",
            "suggested_action": "Investigate",
            "summary": "pyright failed for x_make_graphviz_x (exit 1) cwd: C:\\x_runner_x\\x_make_graphviz_x command: C:\\x_runner_x\\.venv\\Scripts\\python.exe -m pyright . --level error started_at: 2025-10-15T21:14:17.963556+00:00 duration: 1.109s tool_version: pyrig\u2026",
            "tool": "pyright",
            "tool_version": "pyright 1.1.406"
        },
        {
            "captured_at": "2025-10-15T21:14:17.161819+00:00",
            "command": "C:\\x_runner_x\\.venv\\Scripts\\python.exe -m ruff check . --select ALL --ignore D,COM812,ISC001,T20 --line-length 88 --target-version py311",
            "detail": {
                "cached": false,
                "cmd": [
                    "C:\\x_runner_x\\.venv\\Scripts\\python.exe",
                    "-m",
                    "ruff",
                    "check",
                    ".",
                    "--select",
                    "ALL",
                    "--ignore",
                    "D,COM812,ISC001,T20",
                    "--line-length",
                    "88",
                    "--target-version",
                    "py311"
                ],
                "cmd_display": "C:\\x_runner_x\\.venv\\Scripts\\python.exe -m ruff check . --select ALL --ignore D,COM812,ISC001,T20 --line-length 88 --target-version py311",
                "cwd": "C:\\x_runner_x\\x_make_graphviz_x",
                "duration_seconds": 0.25815249999868684,
                "ended_at": "2025-10-15T21:14:17.161819+00:00",
                "exit": 1,
                "failed_files": [],
                "files_checked": [
                    "tests/__init__.py",
                    "tests/test_graphviz_builder.py",
                    "x_cls_make_graphviz_x.py"
                ],
                "repo": "x_make_graphviz_x",
                "repo_hash": "a639a53a1cb4c4e3a704751b01b7a9ee1dd543d5bf911026b88d378a1934da55",
                "repo_path": "C:\\x_runner_x\\x_make_graphviz_x",
                "started_at": "2025-10-15T21:14:16.903669+00:00",
                "stderr": "",
                "stdout": "TC003 Move standard library import `collections.abc.Sequence` into a type-checking block\n  --> tests\\test_graphviz_builder.py:8:29\n   |\n 7 | import importlib\n 8 | from collections.abc import Sequence\n   |                             ^^^^^^^^\n 9 | from pathlib import Path\n10 | from subprocess import CompletedProcess\n   |\nhelp: Move into type-checking block\n\nPT018 Assertion should be broken down into multiple parts\n  --> tests\\test_graphviz_builder.py:55:5\n   |\n53 |     assert builder.get_last_export_result() is not None\n54 |     last = builder.get_last_export_result()\n55 |     assert last and last.succeeded is False\n   |     ^^^^^^^^^^^^^^^^^^^^^^^^^^^^^^^^^^^^^^^\n   |\nhelp: Break down assertion into multiple parts\n\nPT018 Assertion should be broken down into multiple parts\n  --> tests\\test_graphviz_builder.py:77:5\n   |\n75 |     assert svg_path.exists()\n76 |     last = builder.get_last_export_result()\n77 |     assert last and last.succeeded is True\n   |     ^^^^^^^^^^^^^^^^^^^^^^^^^^^^^^^^^^^^^^\n   |\nhelp: Break down assertion into multiple parts\n\nFound 3 errors.\nNo fixes available (3 hidden fixes can be enabled with the `--unsafe-fixes` option).\n",
                "tool": "ruff_check",
                "tool_module": "ruff",
                "tool_version": "ruff 0.14.0"
            },
            "exit": "exit 1",
            "message": "ruff_check failed for x_make_graphviz_x (exit 1)\ncwd: C:\\x_runner_x\\x_make_graphviz_x\ncommand: C:\\x_runner_x\\.venv\\Scripts\\python.exe -m ruff check . --select ALL --ignore D,COM812,ISC001,T20 --line-length 88 --target-version py311\nstarted_at: 2025-10-15T21:14:16.903669+00:00\nduration: 0.258s\ntool_version: ruff 0.14.0\nstdout:\nTC003 Move standard library import `collections.abc.Sequence` into a type-checking block\n  --> tests\\test_graphviz_builder.py:8:29\n   |\n 7 | import importlib\n 8 | from collections.abc import Sequence\n\u2026\nstderr:\n<empty>",
            "repo": "x_make_graphviz_x",
            "repo_path": "C:\\x_runner_x\\x_make_graphviz_x",
            "stderr_preview": null,
            "stdout_preview": "TC003 Move standard library import `collections.abc.Sequence` into a type-checking block\n  --> tests\\test_graphviz_builder.py:8:29\n   |\n 7 | import importlib\n 8 | from collections.abc import Sequence\n\u2026",
            "suggested_action": "Investigate",
            "summary": "ruff_check failed for x_make_graphviz_x (exit 1) cwd: C:\\x_runner_x\\x_make_graphviz_x command: C:\\x_runner_x\\.venv\\Scripts\\python.exe -m ruff check . --select ALL --ignore D,COM812,ISC001,T20 --line-length 88 --target-version py311 started\u2026",
            "tool": "ruff_check",
            "tool_version": "ruff 0.14.0"
        },
        {
            "captured_at": "2025-10-15T21:14:15.996121+00:00",
            "command": "C:\\x_runner_x\\.venv\\Scripts\\python.exe -m ruff check . --fix --select ALL --ignore D,COM812,ISC001,T20 --line-length 88 --target-version py311",
            "detail": {
                "cached": false,
                "cmd": [
                    "C:\\x_runner_x\\.venv\\Scripts\\python.exe",
                    "-m",
                    "ruff",
                    "check",
                    ".",
                    "--fix",
                    "--select",
                    "ALL",
                    "--ignore",
                    "D,COM812,ISC001,T20",
                    "--line-length",
                    "88",
                    "--target-version",
                    "py311"
                ],
                "cmd_display": "C:\\x_runner_x\\.venv\\Scripts\\python.exe -m ruff check . --fix --select ALL --ignore D,COM812,ISC001,T20 --line-length 88 --target-version py311",
                "cwd": "C:\\x_runner_x\\x_make_graphviz_x",
                "duration_seconds": 0.21632310000131838,
                "ended_at": "2025-10-15T21:14:15.996121+00:00",
                "exit": 1,
                "failed_files": [],
                "files_checked": [
                    "tests/__init__.py",
                    "tests/test_graphviz_builder.py",
                    "x_cls_make_graphviz_x.py"
                ],
                "repo": "x_make_graphviz_x",
                "repo_hash": "a639a53a1cb4c4e3a704751b01b7a9ee1dd543d5bf911026b88d378a1934da55",
                "repo_path": "C:\\x_runner_x\\x_make_graphviz_x",
                "started_at": "2025-10-15T21:14:15.779799+00:00",
                "stderr": "",
                "stdout": "TC003 Move standard library import `collections.abc.Sequence` into a type-checking block\n  --> tests\\test_graphviz_builder.py:8:29\n   |\n 7 | import importlib\n 8 | from collections.abc import Sequence\n   |                             ^^^^^^^^\n 9 | from pathlib import Path\n10 | from subprocess import CompletedProcess\n   |\nhelp: Move into type-checking block\n\nPT018 Assertion should be broken down into multiple parts\n  --> tests\\test_graphviz_builder.py:55:5\n   |\n53 |     assert builder.get_last_export_result() is not None\n54 |     last = builder.get_last_export_result()\n55 |     assert last and last.succeeded is False\n   |     ^^^^^^^^^^^^^^^^^^^^^^^^^^^^^^^^^^^^^^^\n   |\nhelp: Break down assertion into multiple parts\n\nPT018 Assertion should be broken down into multiple parts\n  --> tests\\test_graphviz_builder.py:77:5\n   |\n75 |     assert svg_path.exists()\n76 |     last = builder.get_last_export_result()\n77 |     assert last and last.succeeded is True\n   |     ^^^^^^^^^^^^^^^^^^^^^^^^^^^^^^^^^^^^^^\n   |\nhelp: Break down assertion into multiple parts\n\nFound 3 errors.\nNo fixes available (3 hidden fixes can be enabled with the `--unsafe-fixes` option).\n",
                "tool": "ruff_fix",
                "tool_module": "ruff",
                "tool_version": "ruff 0.14.0"
            },
            "exit": "exit 1",
            "message": "ruff_fix failed for x_make_graphviz_x (exit 1)\ncwd: C:\\x_runner_x\\x_make_graphviz_x\ncommand: C:\\x_runner_x\\.venv\\Scripts\\python.exe -m ruff check . --fix --select ALL --ignore D,COM812,ISC001,T20 --line-length 88 --target-version py311\nstarted_at: 2025-10-15T21:14:15.779799+00:00\nduration: 0.216s\ntool_version: ruff 0.14.0\nstdout:\nTC003 Move standard library import `collections.abc.Sequence` into a type-checking block\n  --> tests\\test_graphviz_builder.py:8:29\n   |\n 7 | import importlib\n 8 | from collections.abc import Sequence\n\u2026\nstderr:\n<empty>",
            "repo": "x_make_graphviz_x",
            "repo_path": "C:\\x_runner_x\\x_make_graphviz_x",
            "stderr_preview": null,
            "stdout_preview": "TC003 Move standard library import `collections.abc.Sequence` into a type-checking block\n  --> tests\\test_graphviz_builder.py:8:29\n   |\n 7 | import importlib\n 8 | from collections.abc import Sequence\n\u2026",
            "suggested_action": "Investigate",
            "summary": "ruff_fix failed for x_make_graphviz_x (exit 1) cwd: C:\\x_runner_x\\x_make_graphviz_x command: C:\\x_runner_x\\.venv\\Scripts\\python.exe -m ruff check . --fix --select ALL --ignore D,COM812,ISC001,T20 --line-length 88 --target-version py311 sta\u2026",
            "tool": "ruff_fix",
            "tool_version": "ruff 0.14.0"
        },
        {
            "captured_at": "2025-10-15T21:14:21.888271+00:00",
            "command": "C:\\x_runner_x\\.venv\\Scripts\\python.exe -m black . --line-length 88 --target-version py311 --check --diff",
            "detail": {
                "cached": false,
                "cmd": [
                    "C:\\x_runner_x\\.venv\\Scripts\\python.exe",
                    "-m",
                    "black",
                    ".",
                    "--line-length",
                    "88",
                    "--target-version",
                    "py311",
                    "--check",
                    "--diff"
                ],
                "cmd_display": "C:\\x_runner_x\\.venv\\Scripts\\python.exe -m black . --line-length 88 --target-version py311 --check --diff",
                "cwd": "C:\\x_runner_x\\x_make_markdown_x",
                "duration_seconds": 0.8848894999973709,
                "ended_at": "2025-10-15T21:14:21.888271+00:00",
                "exit": 1,
                "failed_files": [],
                "files_checked": [
                    "__init__.py",
                    "tests/__init__.py",
                    "tests/test_markdown_builder.py",
                    "x_cls_make_markdown_x.py"
                ],
                "repo": "x_make_markdown_x",
                "repo_hash": "419ca3295f0e6336c2cf3e7a671c5635b70481c0054fb7f77391db387e4350a0",
                "repo_path": "C:\\x_runner_x\\x_make_markdown_x",
                "started_at": "2025-10-15T21:14:21.003383+00:00",
                "stderr": "would reformat C:\\x_runner_x\\x_make_markdown_x\\tests\\test_markdown_builder.py\n\nOh no! \\U0001f4a5 \\U0001f494 \\U0001f4a5\n1 file would be reformatted, 3 files would be left unchanged.\n",
                "stdout": "--- C:\\x_runner_x\\x_make_markdown_x\\tests\\test_markdown_builder.py\t2025-10-15 19:15:51.160943+00:00\n+++ C:\\x_runner_x\\x_make_markdown_x\\tests\\test_markdown_builder.py\t2025-10-15 21:14:21.738912+00:00\n@@ -71,10 +71,11 @@\n     monkeypatch.setattr(exporters, \"_resolve_binary\", _no_binary)\n \n     with pytest.raises(RuntimeError, match=\"binary not found\"):\n         builder.to_pdf(\"<html></html>\", str(tmp_path / \"out.pdf\"))\n \n+\n def test_to_pdf_invokes_shared_exporter(tmp_path: Path) -> None:\n     wkhtmltopdf = tmp_path / \"wkhtmltopdf.exe\"\n     wkhtmltopdf.write_text(\"binary\", encoding=\"utf-8\")\n \n     captured: dict[str, Sequence[str]] = {}\n",
                "tool": "black",
                "tool_module": "black",
                "tool_version": "python -m black, 25.9.0 (compiled: yes)\nPython (CPython) 3.13.7"
            },
            "exit": "exit 1",
            "message": "black failed for x_make_markdown_x (exit 1)\ncwd: C:\\x_runner_x\\x_make_markdown_x\ncommand: C:\\x_runner_x\\.venv\\Scripts\\python.exe -m black . --line-length 88 --target-version py311 --check --diff\nstarted_at: 2025-10-15T21:14:21.003383+00:00\nduration: 0.885s\ntool_version: python -m black, 25.9.0 (compiled: yes)\nPython (CPython) 3.13.7\nstdout:\n--- C:\\x_runner_x\\x_make_markdown_x\\tests\\test_markdown_builder.py\t2025-10-15 19:15:51.160943+00:00\n+++ C:\\x_runner_x\\x_make_markdown_x\\tests\\test_markdown_builder.py\t2025-10-15 21:14:21.738912+00:00\n@@ -71,10 +71,11 @@\n     monkeypatch.setattr(exporters, \"_resolve_binary\", _no_binary)\n \n\u2026\nstderr:\nwould reformat C:\\x_runner_x\\x_make_markdown_x\\tests\\test_markdown_builder.py\n\nOh no! \\U0001f4a5 \\U0001f494 \\U0001f4a5\n1 file would be reformatted, 3 files would be left unchanged.",
            "repo": "x_make_markdown_x",
            "repo_path": "C:\\x_runner_x\\x_make_markdown_x",
            "stderr_preview": "would reformat C:\\x_runner_x\\x_make_markdown_x\\tests\\test_markdown_builder.py\n\nOh no! \\U0001f4a5 \\U0001f494 \\U0001f4a5\n1 file would be reformatted, 3 files would be left unchanged.",
            "stdout_preview": "--- C:\\x_runner_x\\x_make_markdown_x\\tests\\test_markdown_builder.py\t2025-10-15 19:15:51.160943+00:00\n+++ C:\\x_runner_x\\x_make_markdown_x\\tests\\test_markdown_builder.py\t2025-10-15 21:14:21.738912+00:00\n@@ -71,10 +71,11 @@\n     monkeypatch.setattr(exporters, \"_resolve_binary\", _no_binary)\n \n\u2026",
            "suggested_action": "Investigate",
            "summary": "black failed for x_make_markdown_x (exit 1) cwd: C:\\x_runner_x\\x_make_markdown_x command: C:\\x_runner_x\\.venv\\Scripts\\python.exe -m black . --line-length 88 --target-version py311 --check --diff started_at: 2025-10-15T21:14:21.003383+00:00\u2026",
            "tool": "black",
            "tool_version": "python -m black, 25.9.0 (compiled: yes)\nPython (CPython) 3.13.7"
        },
        {
            "captured_at": "2025-10-15T21:14:22.113945+00:00",
            "command": "C:\\x_runner_x\\.venv\\Scripts\\python.exe -m ruff check . --select ALL --ignore D,COM812,ISC001,T20 --line-length 88 --target-version py311",
            "detail": {
                "cached": false,
                "cmd": [
                    "C:\\x_runner_x\\.venv\\Scripts\\python.exe",
                    "-m",
                    "ruff",
                    "check",
                    ".",
                    "--select",
                    "ALL",
                    "--ignore",
                    "D,COM812,ISC001,T20",
                    "--line-length",
                    "88",
                    "--target-version",
                    "py311"
                ],
                "cmd_display": "C:\\x_runner_x\\.venv\\Scripts\\python.exe -m ruff check . --select ALL --ignore D,COM812,ISC001,T20 --line-length 88 --target-version py311",
                "cwd": "C:\\x_runner_x\\x_make_markdown_x",
                "duration_seconds": 0.22210760000598384,
                "ended_at": "2025-10-15T21:14:22.113945+00:00",
                "exit": 1,
                "failed_files": [],
                "files_checked": [
                    "__init__.py",
                    "tests/__init__.py",
                    "tests/test_markdown_builder.py",
                    "x_cls_make_markdown_x.py"
                ],
                "repo": "x_make_markdown_x",
                "repo_hash": "419ca3295f0e6336c2cf3e7a671c5635b70481c0054fb7f77391db387e4350a0",
                "repo_path": "C:\\x_runner_x\\x_make_markdown_x",
                "started_at": "2025-10-15T21:14:21.891839+00:00",
                "stderr": "",
                "stdout": "TC003 Move standard library import `collections.abc.Sequence` into a type-checking block\n  --> tests\\test_markdown_builder.py:8:29\n   |\n 7 | import importlib\n 8 | from collections.abc import Sequence\n   |                             ^^^^^^^^\n 9 | from pathlib import Path\n10 | from subprocess import CompletedProcess\n   |\nhelp: Move into type-checking block\n\nPT018 Assertion should be broken down into multiple parts\n  --> tests\\test_markdown_builder.py:98:5\n   |\n96 |     assert builder.get_last_export_result() is not None\n97 |     last_result = builder.get_last_export_result()\n98 |     assert last_result and last_result.succeeded is True\n   |     ^^^^^^^^^^^^^^^^^^^^^^^^^^^^^^^^^^^^^^^^^^^^^^^^^^^^\n99 |     assert captured[\"command\"][-1].endswith(\"out.pdf\")\n   |\nhelp: Break down assertion into multiple parts\n\nFound 2 errors.\nNo fixes available (2 hidden fixes can be enabled with the `--unsafe-fixes` option).\n",
                "tool": "ruff_check",
                "tool_module": "ruff",
                "tool_version": "ruff 0.14.0"
            },
            "exit": "exit 1",
            "message": "ruff_check failed for x_make_markdown_x (exit 1)\ncwd: C:\\x_runner_x\\x_make_markdown_x\ncommand: C:\\x_runner_x\\.venv\\Scripts\\python.exe -m ruff check . --select ALL --ignore D,COM812,ISC001,T20 --line-length 88 --target-version py311\nstarted_at: 2025-10-15T21:14:21.891839+00:00\nduration: 0.222s\ntool_version: ruff 0.14.0\nstdout:\nTC003 Move standard library import `collections.abc.Sequence` into a type-checking block\n  --> tests\\test_markdown_builder.py:8:29\n   |\n 7 | import importlib\n 8 | from collections.abc import Sequence\n\u2026\nstderr:\n<empty>",
            "repo": "x_make_markdown_x",
            "repo_path": "C:\\x_runner_x\\x_make_markdown_x",
            "stderr_preview": null,
            "stdout_preview": "TC003 Move standard library import `collections.abc.Sequence` into a type-checking block\n  --> tests\\test_markdown_builder.py:8:29\n   |\n 7 | import importlib\n 8 | from collections.abc import Sequence\n\u2026",
            "suggested_action": "Investigate",
            "summary": "ruff_check failed for x_make_markdown_x (exit 1) cwd: C:\\x_runner_x\\x_make_markdown_x command: C:\\x_runner_x\\.venv\\Scripts\\python.exe -m ruff check . --select ALL --ignore D,COM812,ISC001,T20 --line-length 88 --target-version py311 started\u2026",
            "tool": "ruff_check",
            "tool_version": "ruff 0.14.0"
        },
        {
            "captured_at": "2025-10-15T21:14:21.000110+00:00",
            "command": "C:\\x_runner_x\\.venv\\Scripts\\python.exe -m ruff check . --fix --select ALL --ignore D,COM812,ISC001,T20 --line-length 88 --target-version py311",
            "detail": {
                "cached": false,
                "cmd": [
                    "C:\\x_runner_x\\.venv\\Scripts\\python.exe",
                    "-m",
                    "ruff",
                    "check",
                    ".",
                    "--fix",
                    "--select",
                    "ALL",
                    "--ignore",
                    "D,COM812,ISC001,T20",
                    "--line-length",
                    "88",
                    "--target-version",
                    "py311"
                ],
                "cmd_display": "C:\\x_runner_x\\.venv\\Scripts\\python.exe -m ruff check . --fix --select ALL --ignore D,COM812,ISC001,T20 --line-length 88 --target-version py311",
                "cwd": "C:\\x_runner_x\\x_make_markdown_x",
                "duration_seconds": 0.2077960000024177,
                "ended_at": "2025-10-15T21:14:21.000110+00:00",
                "exit": 1,
                "failed_files": [],
                "files_checked": [
                    "__init__.py",
                    "tests/__init__.py",
                    "tests/test_markdown_builder.py",
                    "x_cls_make_markdown_x.py"
                ],
                "repo": "x_make_markdown_x",
                "repo_hash": "419ca3295f0e6336c2cf3e7a671c5635b70481c0054fb7f77391db387e4350a0",
                "repo_path": "C:\\x_runner_x\\x_make_markdown_x",
                "started_at": "2025-10-15T21:14:20.792315+00:00",
                "stderr": "",
                "stdout": "TC003 Move standard library import `collections.abc.Sequence` into a type-checking block\n  --> tests\\test_markdown_builder.py:8:29\n   |\n 7 | import importlib\n 8 | from collections.abc import Sequence\n   |                             ^^^^^^^^\n 9 | from pathlib import Path\n10 | from subprocess import CompletedProcess\n   |\nhelp: Move into type-checking block\n\nPT018 Assertion should be broken down into multiple parts\n  --> tests\\test_markdown_builder.py:98:5\n   |\n96 |     assert builder.get_last_export_result() is not None\n97 |     last_result = builder.get_last_export_result()\n98 |     assert last_result and last_result.succeeded is True\n   |     ^^^^^^^^^^^^^^^^^^^^^^^^^^^^^^^^^^^^^^^^^^^^^^^^^^^^\n99 |     assert captured[\"command\"][-1].endswith(\"out.pdf\")\n   |\nhelp: Break down assertion into multiple parts\n\nFound 2 errors.\nNo fixes available (2 hidden fixes can be enabled with the `--unsafe-fixes` option).\n",
                "tool": "ruff_fix",
                "tool_module": "ruff",
                "tool_version": "ruff 0.14.0"
            },
            "exit": "exit 1",
            "message": "ruff_fix failed for x_make_markdown_x (exit 1)\ncwd: C:\\x_runner_x\\x_make_markdown_x\ncommand: C:\\x_runner_x\\.venv\\Scripts\\python.exe -m ruff check . --fix --select ALL --ignore D,COM812,ISC001,T20 --line-length 88 --target-version py311\nstarted_at: 2025-10-15T21:14:20.792315+00:00\nduration: 0.208s\ntool_version: ruff 0.14.0\nstdout:\nTC003 Move standard library import `collections.abc.Sequence` into a type-checking block\n  --> tests\\test_markdown_builder.py:8:29\n   |\n 7 | import importlib\n 8 | from collections.abc import Sequence\n\u2026\nstderr:\n<empty>",
            "repo": "x_make_markdown_x",
            "repo_path": "C:\\x_runner_x\\x_make_markdown_x",
            "stderr_preview": null,
            "stdout_preview": "TC003 Move standard library import `collections.abc.Sequence` into a type-checking block\n  --> tests\\test_markdown_builder.py:8:29\n   |\n 7 | import importlib\n 8 | from collections.abc import Sequence\n\u2026",
            "suggested_action": "Investigate",
            "summary": "ruff_fix failed for x_make_markdown_x (exit 1) cwd: C:\\x_runner_x\\x_make_markdown_x command: C:\\x_runner_x\\.venv\\Scripts\\python.exe -m ruff check . --fix --select ALL --ignore D,COM812,ISC001,T20 --line-length 88 --target-version py311 sta\u2026",
            "tool": "ruff_fix",
            "tool_version": "ruff 0.14.0"
        },
        {
            "captured_at": "2025-10-15T21:14:26.978583+00:00",
            "command": "C:\\x_runner_x\\.venv\\Scripts\\python.exe -m black . --line-length 88 --target-version py311 --check --diff",
            "detail": {
                "cached": false,
                "cmd": [
                    "C:\\x_runner_x\\.venv\\Scripts\\python.exe",
                    "-m",
                    "black",
                    ".",
                    "--line-length",
                    "88",
                    "--target-version",
                    "py311",
                    "--check",
                    "--diff"
                ],
                "cmd_display": "C:\\x_runner_x\\.venv\\Scripts\\python.exe -m black . --line-length 88 --target-version py311 --check --diff",
                "cwd": "C:\\x_runner_x\\x_make_mermaid_x",
                "duration_seconds": 0.9300484999985201,
                "ended_at": "2025-10-15T21:14:26.978583+00:00",
                "exit": 1,
                "failed_files": [],
                "files_checked": [
                    "__init__.py",
                    "tests/__init__.py",
                    "tests/test_mermaid_builder.py",
                    "x_cls_make_mermaid_x.py"
                ],
                "repo": "x_make_mermaid_x",
                "repo_hash": "4520a36d769b7a252ae65c8393849378e1e5c098ab4ae2ab24462fd5a73698d7",
                "repo_path": "C:\\x_runner_x\\x_make_mermaid_x",
                "started_at": "2025-10-15T21:14:26.048537+00:00",
                "stderr": "would reformat C:\\x_runner_x\\x_make_mermaid_x\\tests\\test_mermaid_builder.py\n\nOh no! \\U0001f4a5 \\U0001f494 \\U0001f4a5\n1 file would be reformatted, 3 files would be left unchanged.\n",
                "stdout": "--- C:\\x_runner_x\\x_make_mermaid_x\\tests\\test_mermaid_builder.py\t2025-10-15 19:15:52.626578+00:00\n+++ C:\\x_runner_x\\x_make_mermaid_x\\tests\\test_mermaid_builder.py\t2025-10-15 21:14:26.792907+00:00\n@@ -68,14 +68,18 @@\n         return CompletedProcess(list(command), 0, stdout=\"done\", stderr=\"\")\n \n     fake_cli = tmp_path / \"mmdc.exe\"\n     fake_cli.write_text(\"binary\", encoding=\"utf-8\")\n \n-    builder = MermaidBuilder(\n-        runner=runner,\n-        mermaid_cli=str(fake_cli),\n-    ).flowchart(\"LR\").node(\"A\", \"Start\")\n+    builder = (\n+        MermaidBuilder(\n+            runner=runner,\n+            mermaid_cli=str(fake_cli),\n+        )\n+        .flowchart(\"LR\")\n+        .node(\"A\", \"Start\")\n+    )\n     mmd_path = tmp_path / \"diagram.mmd\"\n     svg_path = tmp_path / \"diagram.svg\"\n \n     result = builder.to_svg(mmd_path=str(mmd_path), svg_path=str(svg_path))\n \n",
                "tool": "black",
                "tool_module": "black",
                "tool_version": "python -m black, 25.9.0 (compiled: yes)\nPython (CPython) 3.13.7"
            },
            "exit": "exit 1",
            "message": "black failed for x_make_mermaid_x (exit 1)\ncwd: C:\\x_runner_x\\x_make_mermaid_x\ncommand: C:\\x_runner_x\\.venv\\Scripts\\python.exe -m black . --line-length 88 --target-version py311 --check --diff\nstarted_at: 2025-10-15T21:14:26.048537+00:00\nduration: 0.930s\ntool_version: python -m black, 25.9.0 (compiled: yes)\nPython (CPython) 3.13.7\nstdout:\n--- C:\\x_runner_x\\x_make_mermaid_x\\tests\\test_mermaid_builder.py\t2025-10-15 19:15:52.626578+00:00\n+++ C:\\x_runner_x\\x_make_mermaid_x\\tests\\test_mermaid_builder.py\t2025-10-15 21:14:26.792907+00:00\n@@ -68,14 +68,18 @@\n         return CompletedProcess(list(command), 0, stdout=\"done\", stderr=\"\")\n \n\u2026\nstderr:\nwould reformat C:\\x_runner_x\\x_make_mermaid_x\\tests\\test_mermaid_builder.py\n\nOh no! \\U0001f4a5 \\U0001f494 \\U0001f4a5\n1 file would be reformatted, 3 files would be left unchanged.",
            "repo": "x_make_mermaid_x",
            "repo_path": "C:\\x_runner_x\\x_make_mermaid_x",
            "stderr_preview": "would reformat C:\\x_runner_x\\x_make_mermaid_x\\tests\\test_mermaid_builder.py\n\nOh no! \\U0001f4a5 \\U0001f494 \\U0001f4a5\n1 file would be reformatted, 3 files would be left unchanged.",
            "stdout_preview": "--- C:\\x_runner_x\\x_make_mermaid_x\\tests\\test_mermaid_builder.py\t2025-10-15 19:15:52.626578+00:00\n+++ C:\\x_runner_x\\x_make_mermaid_x\\tests\\test_mermaid_builder.py\t2025-10-15 21:14:26.792907+00:00\n@@ -68,14 +68,18 @@\n         return CompletedProcess(list(command), 0, stdout=\"done\", stderr=\"\")\n \n\u2026",
            "suggested_action": "Investigate",
            "summary": "black failed for x_make_mermaid_x (exit 1) cwd: C:\\x_runner_x\\x_make_mermaid_x command: C:\\x_runner_x\\.venv\\Scripts\\python.exe -m black . --line-length 88 --target-version py311 --check --diff started_at: 2025-10-15T21:14:26.048537+00:00 d\u2026",
            "tool": "black",
            "tool_version": "python -m black, 25.9.0 (compiled: yes)\nPython (CPython) 3.13.7"
        },
        {
            "captured_at": "2025-10-15T21:14:27.244100+00:00",
            "command": "C:\\x_runner_x\\.venv\\Scripts\\python.exe -m ruff check . --select ALL --ignore D,COM812,ISC001,T20 --line-length 88 --target-version py311",
            "detail": {
                "cached": false,
                "cmd": [
                    "C:\\x_runner_x\\.venv\\Scripts\\python.exe",
                    "-m",
                    "ruff",
                    "check",
                    ".",
                    "--select",
                    "ALL",
                    "--ignore",
                    "D,COM812,ISC001,T20",
                    "--line-length",
                    "88",
                    "--target-version",
                    "py311"
                ],
                "cmd_display": "C:\\x_runner_x\\.venv\\Scripts\\python.exe -m ruff check . --select ALL --ignore D,COM812,ISC001,T20 --line-length 88 --target-version py311",
                "cwd": "C:\\x_runner_x\\x_make_mermaid_x",
                "duration_seconds": 0.2625339000005624,
                "ended_at": "2025-10-15T21:14:27.244100+00:00",
                "exit": 1,
                "failed_files": [],
                "files_checked": [
                    "__init__.py",
                    "tests/__init__.py",
                    "tests/test_mermaid_builder.py",
                    "x_cls_make_mermaid_x.py"
                ],
                "repo": "x_make_mermaid_x",
                "repo_hash": "4520a36d769b7a252ae65c8393849378e1e5c098ab4ae2ab24462fd5a73698d7",
                "repo_path": "C:\\x_runner_x\\x_make_mermaid_x",
                "started_at": "2025-10-15T21:14:26.981568+00:00",
                "stderr": "",
                "stdout": "TC003 Move standard library import `collections.abc.Sequence` into a type-checking block\n  --> tests\\test_mermaid_builder.py:8:29\n   |\n 7 | import subprocess\n 8 | from collections.abc import Sequence\n   |                             ^^^^^^^^\n 9 | from pathlib import Path\n10 | from subprocess import CompletedProcess\n   |\nhelp: Move into type-checking block\n\nB904 Within an `except` clause, raise exceptions with `raise ... from err` or `raise ... from None` to distinguish them from errors in exception handling\n  --> tests\\test_mermaid_builder.py:65:13\n   |\n63 |             out_index = command.index(\"-o\") + 1\n64 |         except ValueError:  # pragma: no cover - defensive guard\n65 |             raise AssertionError(\"-o flag missing from command\")\n   |             ^^^^^^^^^^^^^^^^^^^^^^^^^^^^^^^^^^^^^^^^^^^^^^^^^^^^\n66 |         svg_target = Path(command[out_index])\n67 |         svg_target.write_text(\"<svg />\", encoding=\"utf-8\")\n   |\n\nTRY003 Avoid specifying long messages outside the exception class\n  --> tests\\test_mermaid_builder.py:65:19\n   |\n63 |             out_index = command.index(\"-o\") + 1\n64 |         except ValueError:  # pragma: no cover - defensive guard\n65 |             raise AssertionError(\"-o flag missing from command\")\n   |                   ^^^^^^^^^^^^^^^^^^^^^^^^^^^^^^^^^^^^^^^^^^^^^^\n66 |         svg_target = Path(command[out_index])\n67 |         svg_target.write_text(\"<svg />\", encoding=\"utf-8\")\n   |\n\nEM101 Exception must not use a string literal, assign to variable first\n  --> tests\\test_mermaid_builder.py:65:34\n   |\n63 |             out_index = command.index(\"-o\") + 1\n64 |         except ValueError:  # pragma: no cover - defensive guard\n65 |             raise AssertionError(\"-o flag missing from command\")\n   |                                  ^^^^^^^^^^^^^^^^^^^^^^^^^^^^^^\n66 |         svg_target = Path(command[out_index])\n67 |         svg_target.write_text(\"<svg />\", encoding=\"utf-8\")\n   |\nhelp: Assign to variable; remove string literal\n\nPT018 Assertion should be broken down into multiple parts\n  --> tests\\test_mermaid_builder.py:88:5\n   |\n86 |     assert command[0] == str(fake_cli)\n87 |     last_result = builder.get_last_export_result()\n88 |     assert last_result and last_result.succeeded is True\n   |     ^^^^^^^^^^^^^^^^^^^^^^^^^^^^^^^^^^^^^^^^^^^^^^^^^^^^\n   |\nhelp: Break down assertion into multiple parts\n\nFound 5 errors.\nNo fixes available (3 hidden fixes can be enabled with the `--unsafe-fixes` option).\n",
                "tool": "ruff_check",
                "tool_module": "ruff",
                "tool_version": "ruff 0.14.0"
            },
            "exit": "exit 1",
            "message": "ruff_check failed for x_make_mermaid_x (exit 1)\ncwd: C:\\x_runner_x\\x_make_mermaid_x\ncommand: C:\\x_runner_x\\.venv\\Scripts\\python.exe -m ruff check . --select ALL --ignore D,COM812,ISC001,T20 --line-length 88 --target-version py311\nstarted_at: 2025-10-15T21:14:26.981568+00:00\nduration: 0.263s\ntool_version: ruff 0.14.0\nstdout:\nTC003 Move standard library import `collections.abc.Sequence` into a type-checking block\n  --> tests\\test_mermaid_builder.py:8:29\n   |\n 7 | import subprocess\n 8 | from collections.abc import Sequence\n\u2026\nstderr:\n<empty>",
            "repo": "x_make_mermaid_x",
            "repo_path": "C:\\x_runner_x\\x_make_mermaid_x",
            "stderr_preview": null,
            "stdout_preview": "TC003 Move standard library import `collections.abc.Sequence` into a type-checking block\n  --> tests\\test_mermaid_builder.py:8:29\n   |\n 7 | import subprocess\n 8 | from collections.abc import Sequence\n\u2026",
            "suggested_action": "Investigate",
            "summary": "ruff_check failed for x_make_mermaid_x (exit 1) cwd: C:\\x_runner_x\\x_make_mermaid_x command: C:\\x_runner_x\\.venv\\Scripts\\python.exe -m ruff check . --select ALL --ignore D,COM812,ISC001,T20 --line-length 88 --target-version py311 started_a\u2026",
            "tool": "ruff_check",
            "tool_version": "ruff 0.14.0"
        },
        {
            "captured_at": "2025-10-15T21:14:26.045467+00:00",
            "command": "C:\\x_runner_x\\.venv\\Scripts\\python.exe -m ruff check . --fix --select ALL --ignore D,COM812,ISC001,T20 --line-length 88 --target-version py311",
            "detail": {
                "cached": false,
                "cmd": [
                    "C:\\x_runner_x\\.venv\\Scripts\\python.exe",
                    "-m",
                    "ruff",
                    "check",
                    ".",
                    "--fix",
                    "--select",
                    "ALL",
                    "--ignore",
                    "D,COM812,ISC001,T20",
                    "--line-length",
                    "88",
                    "--target-version",
                    "py311"
                ],
                "cmd_display": "C:\\x_runner_x\\.venv\\Scripts\\python.exe -m ruff check . --fix --select ALL --ignore D,COM812,ISC001,T20 --line-length 88 --target-version py311",
                "cwd": "C:\\x_runner_x\\x_make_mermaid_x",
                "duration_seconds": 0.19911380000121426,
                "ended_at": "2025-10-15T21:14:26.045467+00:00",
                "exit": 1,
                "failed_files": [],
                "files_checked": [
                    "__init__.py",
                    "tests/__init__.py",
                    "tests/test_mermaid_builder.py",
                    "x_cls_make_mermaid_x.py"
                ],
                "repo": "x_make_mermaid_x",
                "repo_hash": "4520a36d769b7a252ae65c8393849378e1e5c098ab4ae2ab24462fd5a73698d7",
                "repo_path": "C:\\x_runner_x\\x_make_mermaid_x",
                "started_at": "2025-10-15T21:14:25.846355+00:00",
                "stderr": "",
                "stdout": "TC003 Move standard library import `collections.abc.Sequence` into a type-checking block\n  --> tests\\test_mermaid_builder.py:8:29\n   |\n 7 | import subprocess\n 8 | from collections.abc import Sequence\n   |                             ^^^^^^^^\n 9 | from pathlib import Path\n10 | from subprocess import CompletedProcess\n   |\nhelp: Move into type-checking block\n\nB904 Within an `except` clause, raise exceptions with `raise ... from err` or `raise ... from None` to distinguish them from errors in exception handling\n  --> tests\\test_mermaid_builder.py:65:13\n   |\n63 |             out_index = command.index(\"-o\") + 1\n64 |         except ValueError:  # pragma: no cover - defensive guard\n65 |             raise AssertionError(\"-o flag missing from command\")\n   |             ^^^^^^^^^^^^^^^^^^^^^^^^^^^^^^^^^^^^^^^^^^^^^^^^^^^^\n66 |         svg_target = Path(command[out_index])\n67 |         svg_target.write_text(\"<svg />\", encoding=\"utf-8\")\n   |\n\nTRY003 Avoid specifying long messages outside the exception class\n  --> tests\\test_mermaid_builder.py:65:19\n   |\n63 |             out_index = command.index(\"-o\") + 1\n64 |         except ValueError:  # pragma: no cover - defensive guard\n65 |             raise AssertionError(\"-o flag missing from command\")\n   |                   ^^^^^^^^^^^^^^^^^^^^^^^^^^^^^^^^^^^^^^^^^^^^^^\n66 |         svg_target = Path(command[out_index])\n67 |         svg_target.write_text(\"<svg />\", encoding=\"utf-8\")\n   |\n\nEM101 Exception must not use a string literal, assign to variable first\n  --> tests\\test_mermaid_builder.py:65:34\n   |\n63 |             out_index = command.index(\"-o\") + 1\n64 |         except ValueError:  # pragma: no cover - defensive guard\n65 |             raise AssertionError(\"-o flag missing from command\")\n   |                                  ^^^^^^^^^^^^^^^^^^^^^^^^^^^^^^\n66 |         svg_target = Path(command[out_index])\n67 |         svg_target.write_text(\"<svg />\", encoding=\"utf-8\")\n   |\nhelp: Assign to variable; remove string literal\n\nPT018 Assertion should be broken down into multiple parts\n  --> tests\\test_mermaid_builder.py:88:5\n   |\n86 |     assert command[0] == str(fake_cli)\n87 |     last_result = builder.get_last_export_result()\n88 |     assert last_result and last_result.succeeded is True\n   |     ^^^^^^^^^^^^^^^^^^^^^^^^^^^^^^^^^^^^^^^^^^^^^^^^^^^^\n   |\nhelp: Break down assertion into multiple parts\n\nFound 5 errors.\nNo fixes available (3 hidden fixes can be enabled with the `--unsafe-fixes` option).\n",
                "tool": "ruff_fix",
                "tool_module": "ruff",
                "tool_version": "ruff 0.14.0"
            },
            "exit": "exit 1",
            "message": "ruff_fix failed for x_make_mermaid_x (exit 1)\ncwd: C:\\x_runner_x\\x_make_mermaid_x\ncommand: C:\\x_runner_x\\.venv\\Scripts\\python.exe -m ruff check . --fix --select ALL --ignore D,COM812,ISC001,T20 --line-length 88 --target-version py311\nstarted_at: 2025-10-15T21:14:25.846355+00:00\nduration: 0.199s\ntool_version: ruff 0.14.0\nstdout:\nTC003 Move standard library import `collections.abc.Sequence` into a type-checking block\n  --> tests\\test_mermaid_builder.py:8:29\n   |\n 7 | import subprocess\n 8 | from collections.abc import Sequence\n\u2026\nstderr:\n<empty>",
            "repo": "x_make_mermaid_x",
            "repo_path": "C:\\x_runner_x\\x_make_mermaid_x",
            "stderr_preview": null,
            "stdout_preview": "TC003 Move standard library import `collections.abc.Sequence` into a type-checking block\n  --> tests\\test_mermaid_builder.py:8:29\n   |\n 7 | import subprocess\n 8 | from collections.abc import Sequence\n\u2026",
            "suggested_action": "Investigate",
            "summary": "ruff_fix failed for x_make_mermaid_x (exit 1) cwd: C:\\x_runner_x\\x_make_mermaid_x command: C:\\x_runner_x\\.venv\\Scripts\\python.exe -m ruff check . --fix --select ALL --ignore D,COM812,ISC001,T20 --line-length 88 --target-version py311 start\u2026",
            "tool": "ruff_fix",
            "tool_version": "ruff 0.14.0"
        },
        {
            "captured_at": "2025-10-15T21:14:34.154860+00:00",
            "command": "C:\\x_runner_x\\.venv\\Scripts\\python.exe -m ruff check . --select ALL --ignore D,COM812,ISC001,T20 --line-length 88 --target-version py311",
            "detail": {
                "cached": false,
                "cmd": [
                    "C:\\x_runner_x\\.venv\\Scripts\\python.exe",
                    "-m",
                    "ruff",
                    "check",
                    ".",
                    "--select",
                    "ALL",
                    "--ignore",
                    "D,COM812,ISC001,T20",
                    "--line-length",
                    "88",
                    "--target-version",
                    "py311"
                ],
                "cmd_display": "C:\\x_runner_x\\.venv\\Scripts\\python.exe -m ruff check . --select ALL --ignore D,COM812,ISC001,T20 --line-length 88 --target-version py311",
                "cwd": "C:\\x_runner_x\\x_make_pip_updates_x",
                "duration_seconds": 0.25229489999765065,
                "ended_at": "2025-10-15T21:14:34.154860+00:00",
                "exit": 1,
                "failed_files": [],
                "files_checked": [
                    "__init__.py",
                    "tests/__init__.py",
                    "tests/test_pip_updates.py",
                    "update_flow.py",
                    "x_cls_make_pip_updates_x.py"
                ],
                "repo": "x_make_pip_updates_x",
                "repo_hash": "228b83a67f6db29aa7ed7f5e100f96268a45c9835c4621a9a098f861039d19c0",
                "repo_path": "C:\\x_runner_x\\x_make_pip_updates_x",
                "started_at": "2025-10-15T21:14:33.902567+00:00",
                "stderr": "",
                "stdout": "PLR0915 Too many statements (71 > 50)\n   --> update_flow.py:346:5\n    |\n346 | def run_updates_for_packages(  # noqa: PLR0913\n    |     ^^^^^^^^^^^^^^^^^^^^^^^^\n347 |     packages: Sequence[str],\n348 |     *,\n    |\n\nE501 Line too long (90 > 88)\n   --> update_flow.py:415:89\n    |\n413 |             else:\n414 |                 _info(\n415 |                     \"pip-updates script not found; using direct pip fallback installation\"\n    |                                                                                         ^^\n416 |                 )\n417 |             execution_detail[\"script_attempt\"] = script_detail\n    |\n\nFound 2 errors.\n",
                "tool": "ruff_check",
                "tool_module": "ruff",
                "tool_version": "ruff 0.14.0"
            },
            "exit": "exit 1",
            "message": "ruff_check failed for x_make_pip_updates_x (exit 1)\ncwd: C:\\x_runner_x\\x_make_pip_updates_x\ncommand: C:\\x_runner_x\\.venv\\Scripts\\python.exe -m ruff check . --select ALL --ignore D,COM812,ISC001,T20 --line-length 88 --target-version py311\nstarted_at: 2025-10-15T21:14:33.902567+00:00\nduration: 0.252s\ntool_version: ruff 0.14.0\nstdout:\nPLR0915 Too many statements (71 > 50)\n   --> update_flow.py:346:5\n    |\n346 | def run_updates_for_packages(  # noqa: PLR0913\n    |     ^^^^^^^^^^^^^^^^^^^^^^^^\n\u2026\nstderr:\n<empty>",
            "repo": "x_make_pip_updates_x",
            "repo_path": "C:\\x_runner_x\\x_make_pip_updates_x",
            "stderr_preview": null,
            "stdout_preview": "PLR0915 Too many statements (71 > 50)\n   --> update_flow.py:346:5\n    |\n346 | def run_updates_for_packages(  # noqa: PLR0913\n    |     ^^^^^^^^^^^^^^^^^^^^^^^^\n\u2026",
            "suggested_action": "Investigate",
            "summary": "ruff_check failed for x_make_pip_updates_x (exit 1) cwd: C:\\x_runner_x\\x_make_pip_updates_x command: C:\\x_runner_x\\.venv\\Scripts\\python.exe -m ruff check . --select ALL --ignore D,COM812,ISC001,T20 --line-length 88 --target-version py311 s\u2026",
            "tool": "ruff_check",
            "tool_version": "ruff 0.14.0"
        },
        {
            "captured_at": "2025-10-15T21:14:32.968669+00:00",
            "command": "C:\\x_runner_x\\.venv\\Scripts\\python.exe -m ruff check . --fix --select ALL --ignore D,COM812,ISC001,T20 --line-length 88 --target-version py311",
            "detail": {
                "cached": false,
                "cmd": [
                    "C:\\x_runner_x\\.venv\\Scripts\\python.exe",
                    "-m",
                    "ruff",
                    "check",
                    ".",
                    "--fix",
                    "--select",
                    "ALL",
                    "--ignore",
                    "D,COM812,ISC001,T20",
                    "--line-length",
                    "88",
                    "--target-version",
                    "py311"
                ],
                "cmd_display": "C:\\x_runner_x\\.venv\\Scripts\\python.exe -m ruff check . --fix --select ALL --ignore D,COM812,ISC001,T20 --line-length 88 --target-version py311",
                "cwd": "C:\\x_runner_x\\x_make_pip_updates_x",
                "duration_seconds": 0.20863910000480246,
                "ended_at": "2025-10-15T21:14:32.968669+00:00",
                "exit": 1,
                "failed_files": [],
                "files_checked": [
                    "__init__.py",
                    "tests/__init__.py",
                    "tests/test_pip_updates.py",
                    "update_flow.py",
                    "x_cls_make_pip_updates_x.py"
                ],
                "repo": "x_make_pip_updates_x",
                "repo_hash": "228b83a67f6db29aa7ed7f5e100f96268a45c9835c4621a9a098f861039d19c0",
                "repo_path": "C:\\x_runner_x\\x_make_pip_updates_x",
                "started_at": "2025-10-15T21:14:32.760024+00:00",
                "stderr": "",
                "stdout": "PLR0915 Too many statements (71 > 50)\n   --> update_flow.py:346:5\n    |\n346 | def run_updates_for_packages(  # noqa: PLR0913\n    |     ^^^^^^^^^^^^^^^^^^^^^^^^\n347 |     packages: Sequence[str],\n348 |     *,\n    |\n\nE501 Line too long (90 > 88)\n   --> update_flow.py:415:89\n    |\n413 |             else:\n414 |                 _info(\n415 |                     \"pip-updates script not found; using direct pip fallback installation\"\n    |                                                                                         ^^\n416 |                 )\n417 |             execution_detail[\"script_attempt\"] = script_detail\n    |\n\nFound 2 errors.\n",
                "tool": "ruff_fix",
                "tool_module": "ruff",
                "tool_version": "ruff 0.14.0"
            },
            "exit": "exit 1",
            "message": "ruff_fix failed for x_make_pip_updates_x (exit 1)\ncwd: C:\\x_runner_x\\x_make_pip_updates_x\ncommand: C:\\x_runner_x\\.venv\\Scripts\\python.exe -m ruff check . --fix --select ALL --ignore D,COM812,ISC001,T20 --line-length 88 --target-version py311\nstarted_at: 2025-10-15T21:14:32.760024+00:00\nduration: 0.209s\ntool_version: ruff 0.14.0\nstdout:\nPLR0915 Too many statements (71 > 50)\n   --> update_flow.py:346:5\n    |\n346 | def run_updates_for_packages(  # noqa: PLR0913\n    |     ^^^^^^^^^^^^^^^^^^^^^^^^\n\u2026\nstderr:\n<empty>",
            "repo": "x_make_pip_updates_x",
            "repo_path": "C:\\x_runner_x\\x_make_pip_updates_x",
            "stderr_preview": null,
            "stdout_preview": "PLR0915 Too many statements (71 > 50)\n   --> update_flow.py:346:5\n    |\n346 | def run_updates_for_packages(  # noqa: PLR0913\n    |     ^^^^^^^^^^^^^^^^^^^^^^^^\n\u2026",
            "suggested_action": "Investigate",
            "summary": "ruff_fix failed for x_make_pip_updates_x (exit 1) cwd: C:\\x_runner_x\\x_make_pip_updates_x command: C:\\x_runner_x\\.venv\\Scripts\\python.exe -m ruff check . --fix --select ALL --ignore D,COM812,ISC001,T20 --line-length 88 --target-version py3\u2026",
            "tool": "ruff_fix",
            "tool_version": "ruff 0.14.0"
        },
        {
            "captured_at": "2025-10-15T21:14:42.053345+00:00",
            "command": "C:\\x_runner_x\\.venv\\Scripts\\python.exe -m pyright . --level error",
            "detail": {
                "cached": false,
                "cmd": [
                    "C:\\x_runner_x\\.venv\\Scripts\\python.exe",
                    "-m",
                    "pyright",
                    ".",
                    "--level",
                    "error"
                ],
                "cmd_display": "C:\\x_runner_x\\.venv\\Scripts\\python.exe -m pyright . --level error",
                "cwd": "C:\\x_runner_x\\x_make_pypi_x",
                "duration_seconds": 1.2827194999990752,
                "ended_at": "2025-10-15T21:14:42.053345+00:00",
                "exit": 1,
                "failed_files": [],
                "files_checked": [
                    "publish_flow.py",
                    "x_cls_make_pypi_x.py"
                ],
                "repo": "x_make_pypi_x",
                "repo_hash": "bf5e2ab1074dc079021db32af4afff54ffe6e8903e7cdc27ea3257b6519c515f",
                "repo_path": "C:\\x_runner_x\\x_make_pypi_x",
                "started_at": "2025-10-15T21:14:40.770627+00:00",
                "stderr": "",
                "stdout": "c:\\x_runner_x\\x_make_pypi_x\\publish_flow.py\n  c:\\x_runner_x\\x_make_pypi_x\\publish_flow.py:699:53 - error: Type \"tuple[dict[str, str | None], dict[str, dict[str, object]], Unknown | Path | None]\" is not assignable to return type \"tuple[dict[str, str | None], dict[str, dict[str, object]], Path]\"\n  \u00c2\u00a0\u00c2\u00a0Type \"Unknown | Path | None\" is not assignable to type \"Path\"\n  \u00c2\u00a0\u00c2\u00a0\u00c2\u00a0\u00c2\u00a0\"None\" is not assignable to \"Path\" (reportReturnType)\n1 error, 0 warnings, 0 informations\n",
                "tool": "pyright",
                "tool_module": "pyright",
                "tool_version": "pyright 1.1.406"
            },
            "exit": "exit 1",
            "message": "pyright failed for x_make_pypi_x (exit 1)\ncwd: C:\\x_runner_x\\x_make_pypi_x\ncommand: C:\\x_runner_x\\.venv\\Scripts\\python.exe -m pyright . --level error\nstarted_at: 2025-10-15T21:14:40.770627+00:00\nduration: 1.283s\ntool_version: pyright 1.1.406\nstdout:\nc:\\x_runner_x\\x_make_pypi_x\\publish_flow.py\n  c:\\x_runner_x\\x_make_pypi_x\\publish_flow.py:699:53 - error: Type \"tuple[dict[str, str | None], dict[str, dict[str, object]], Unknown | Path | None]\" is not assignable to return type \"tuple[dict[str, str | None], dict[str, dict[str, object]], Path]\"\n  \u00c2\u00a0\u00c2\u00a0Type \"Unknown | Path | None\" is not assignable to type \"Path\"\n  \u00c2\u00a0\u00c2\u00a0\u00c2\u00a0\u00c2\u00a0\"None\" is not assignable to \"Path\" (reportReturnType)\n1 error, 0 warnings, 0 informations\nstderr:\n<empty>",
            "repo": "x_make_pypi_x",
            "repo_path": "C:\\x_runner_x\\x_make_pypi_x",
            "stderr_preview": null,
            "stdout_preview": "c:\\x_runner_x\\x_make_pypi_x\\publish_flow.py\n  c:\\x_runner_x\\x_make_pypi_x\\publish_flow.py:699:53 - error: Type \"tuple[dict[str, str | None], dict[str, dict[str, object]], Unknown | Path | None]\" is not assignable to return type \"tuple[dict[str, str | None], dict[str, dict[str, object]], Path]\"\n  \u00c2\u00a0\u00c2\u00a0Type \"Unknown | Path | None\" is not assignable to type \"Path\"\n  \u00c2\u00a0\u00c2\u00a0\u00c2\u00a0\u00c2\u00a0\"None\" is not assignable to \"Path\" (reportReturnType)\n1 error, 0 warnings, 0 informations",
            "suggested_action": "Investigate",
            "summary": "pyright failed for x_make_pypi_x (exit 1) cwd: C:\\x_runner_x\\x_make_pypi_x command: C:\\x_runner_x\\.venv\\Scripts\\python.exe -m pyright . --level error started_at: 2025-10-15T21:14:40.770627+00:00 duration: 1.283s tool_version: pyright 1.1.4\u2026",
            "tool": "pyright",
            "tool_version": "pyright 1.1.406"
        },
        {
            "captured_at": "2025-10-15T21:14:40.160219+00:00",
            "command": "C:\\x_runner_x\\.venv\\Scripts\\python.exe -m ruff check . --select ALL --ignore D,COM812,ISC001,T20 --line-length 88 --target-version py311",
            "detail": {
                "cached": false,
                "cmd": [
                    "C:\\x_runner_x\\.venv\\Scripts\\python.exe",
                    "-m",
                    "ruff",
                    "check",
                    ".",
                    "--select",
                    "ALL",
                    "--ignore",
                    "D,COM812,ISC001,T20",
                    "--line-length",
                    "88",
                    "--target-version",
                    "py311"
                ],
                "cmd_display": "C:\\x_runner_x\\.venv\\Scripts\\python.exe -m ruff check . --select ALL --ignore D,COM812,ISC001,T20 --line-length 88 --target-version py311",
                "cwd": "C:\\x_runner_x\\x_make_pypi_x",
                "duration_seconds": 0.285557000002882,
                "ended_at": "2025-10-15T21:14:40.160219+00:00",
                "exit": 1,
                "failed_files": [],
                "files_checked": [
                    "publish_flow.py",
                    "x_cls_make_pypi_x.py"
                ],
                "repo": "x_make_pypi_x",
                "repo_hash": "bf5e2ab1074dc079021db32af4afff54ffe6e8903e7cdc27ea3257b6519c515f",
                "repo_path": "C:\\x_runner_x\\x_make_pypi_x",
                "started_at": "2025-10-15T21:14:39.874663+00:00",
                "stderr": "",
                "stdout": "PERF401 Use a list comprehension to create a transformed list\n   --> publish_flow.py:563:9\n    |\n561 |       manifest_inputs: list[dict[str, object]] = []\n562 |       for entry in entries:\n563 | /         manifest_inputs.append(\n564 | |             {\n565 | |                 \"package\": entry.package,\n566 | |                 \"version\": entry.version,\n567 | |                 \"pypi_name\": entry.options.pypi_name or entry.package,\n568 | |                 \"ancillary\": list(entry.ancillary),\n569 | |                 \"options_kwargs\": _json_ready(options_to_kwargs(entry.options)),\n570 | |             }\n571 | |         )\n    | |_________^\n572 |       publisher_attr_obj = cast(\n573 |           \"object | None\", getattr(publisher_factory, \"__name__\", None)\n    |\nhelp: Replace for loop with list comprehension\n\nFound 1 error.\n",
                "tool": "ruff_check",
                "tool_module": "ruff",
                "tool_version": "ruff 0.14.0"
            },
            "exit": "exit 1",
            "message": "ruff_check failed for x_make_pypi_x (exit 1)\ncwd: C:\\x_runner_x\\x_make_pypi_x\ncommand: C:\\x_runner_x\\.venv\\Scripts\\python.exe -m ruff check . --select ALL --ignore D,COM812,ISC001,T20 --line-length 88 --target-version py311\nstarted_at: 2025-10-15T21:14:39.874663+00:00\nduration: 0.286s\ntool_version: ruff 0.14.0\nstdout:\nPERF401 Use a list comprehension to create a transformed list\n   --> publish_flow.py:563:9\n    |\n561 |       manifest_inputs: list[dict[str, object]] = []\n562 |       for entry in entries:\n\u2026\nstderr:\n<empty>",
            "repo": "x_make_pypi_x",
            "repo_path": "C:\\x_runner_x\\x_make_pypi_x",
            "stderr_preview": null,
            "stdout_preview": "PERF401 Use a list comprehension to create a transformed list\n   --> publish_flow.py:563:9\n    |\n561 |       manifest_inputs: list[dict[str, object]] = []\n562 |       for entry in entries:\n\u2026",
            "suggested_action": "Investigate",
            "summary": "ruff_check failed for x_make_pypi_x (exit 1) cwd: C:\\x_runner_x\\x_make_pypi_x command: C:\\x_runner_x\\.venv\\Scripts\\python.exe -m ruff check . --select ALL --ignore D,COM812,ISC001,T20 --line-length 88 --target-version py311 started_at: 202\u2026",
            "tool": "ruff_check",
            "tool_version": "ruff 0.14.0"
        },
        {
            "captured_at": "2025-10-15T21:14:38.878941+00:00",
            "command": "C:\\x_runner_x\\.venv\\Scripts\\python.exe -m ruff check . --fix --select ALL --ignore D,COM812,ISC001,T20 --line-length 88 --target-version py311",
            "detail": {
                "cached": false,
                "cmd": [
                    "C:\\x_runner_x\\.venv\\Scripts\\python.exe",
                    "-m",
                    "ruff",
                    "check",
                    ".",
                    "--fix",
                    "--select",
                    "ALL",
                    "--ignore",
                    "D,COM812,ISC001,T20",
                    "--line-length",
                    "88",
                    "--target-version",
                    "py311"
                ],
                "cmd_display": "C:\\x_runner_x\\.venv\\Scripts\\python.exe -m ruff check . --fix --select ALL --ignore D,COM812,ISC001,T20 --line-length 88 --target-version py311",
                "cwd": "C:\\x_runner_x\\x_make_pypi_x",
                "duration_seconds": 0.2095030999989831,
                "ended_at": "2025-10-15T21:14:38.878941+00:00",
                "exit": 1,
                "failed_files": [],
                "files_checked": [
                    "publish_flow.py",
                    "x_cls_make_pypi_x.py"
                ],
                "repo": "x_make_pypi_x",
                "repo_hash": "bf5e2ab1074dc079021db32af4afff54ffe6e8903e7cdc27ea3257b6519c515f",
                "repo_path": "C:\\x_runner_x\\x_make_pypi_x",
                "started_at": "2025-10-15T21:14:38.669438+00:00",
                "stderr": "",
                "stdout": "PERF401 Use a list comprehension to create a transformed list\n   --> publish_flow.py:563:9\n    |\n561 |       manifest_inputs: list[dict[str, object]] = []\n562 |       for entry in entries:\n563 | /         manifest_inputs.append(\n564 | |             {\n565 | |                 \"package\": entry.package,\n566 | |                 \"version\": entry.version,\n567 | |                 \"pypi_name\": entry.options.pypi_name or entry.package,\n568 | |                 \"ancillary\": list(entry.ancillary),\n569 | |                 \"options_kwargs\": _json_ready(options_to_kwargs(entry.options)),\n570 | |             }\n571 | |         )\n    | |_________^\n572 |       publisher_attr_obj = cast(\n573 |           \"object | None\", getattr(publisher_factory, \"__name__\", None)\n    |\nhelp: Replace for loop with list comprehension\n\nFound 1 error.\n",
                "tool": "ruff_fix",
                "tool_module": "ruff",
                "tool_version": "ruff 0.14.0"
            },
            "exit": "exit 1",
            "message": "ruff_fix failed for x_make_pypi_x (exit 1)\ncwd: C:\\x_runner_x\\x_make_pypi_x\ncommand: C:\\x_runner_x\\.venv\\Scripts\\python.exe -m ruff check . --fix --select ALL --ignore D,COM812,ISC001,T20 --line-length 88 --target-version py311\nstarted_at: 2025-10-15T21:14:38.669438+00:00\nduration: 0.210s\ntool_version: ruff 0.14.0\nstdout:\nPERF401 Use a list comprehension to create a transformed list\n   --> publish_flow.py:563:9\n    |\n561 |       manifest_inputs: list[dict[str, object]] = []\n562 |       for entry in entries:\n\u2026\nstderr:\n<empty>",
            "repo": "x_make_pypi_x",
            "repo_path": "C:\\x_runner_x\\x_make_pypi_x",
            "stderr_preview": null,
            "stdout_preview": "PERF401 Use a list comprehension to create a transformed list\n   --> publish_flow.py:563:9\n    |\n561 |       manifest_inputs: list[dict[str, object]] = []\n562 |       for entry in entries:\n\u2026",
            "suggested_action": "Investigate",
            "summary": "ruff_fix failed for x_make_pypi_x (exit 1) cwd: C:\\x_runner_x\\x_make_pypi_x command: C:\\x_runner_x\\.venv\\Scripts\\python.exe -m ruff check . --fix --select ALL --ignore D,COM812,ISC001,T20 --line-length 88 --target-version py311 started_at:\u2026",
            "tool": "ruff_fix",
            "tool_version": "ruff 0.14.0"
        }
    ],
    "generated_at": "2025-10-15T21:14:52.602847+00:00",
    "runtime": {
        "environment": {
            "PATH": "C:\\WINDOWS\\system32;C:\\WINDOWS;C:\\WINDOWS\\System32\\Wbem;C:\\WINDOWS\\System32\\WindowsPowerShell\\v1.0\\;C:\\WINDOWS\\System32\\OpenSSH\\;C:\\Program Files\\Git\\cmd;C:\\Users\\eye43\\AppData\\Local\\Programs\\Python\\Python313\\Scripts\\;C:\\Users\\eye43\\AppData\\Local\\Programs\\Python\\Python313\\;C:\\Users\\eye43\\AppData\\Local\\Microsoft\\WindowsApps;C:\\Users\\eye43\\AppData\\Local\\Programs\\Microsoft VS Code\\bin;c:\\Users\\eye43\\.vscode\\extensions\\ms-python.debugpy-2025.14.1-win32-x64\\bundled\\scripts\\noConfigScripts;c:\\Users\\eye43\\AppData\\Roaming\\Code\\User\\globalStorage\\github.copilot-chat\\debugCommand"
        },
        "platform": "Windows-11-10.0.22631-SP0",
        "python_executable": "C:\\x_runner_x\\.venv\\Scripts\\python.exe",
        "python_version": "3.13.7 (tags/v3.13.7:bcee1c3, Aug 14 2025, 14:15:11) [MSC v.1944 64 bit (AMD64)]",
        "run_completed_at": "2025-10-15T21:14:52.602626+00:00",
        "run_started_at": "2025-10-15T21:13:32.552411+00:00",
        "workspace_root": "C:\\x_runner_x"
    },
    "schema_version": "1.0",
    "summary": {
        "overall_stats": {
            "cache_hits": 22,
            "cache_misses": 48,
            "failed_tools": 29,
            "had_failures": true,
            "total_tools_run": 70
        },
        "repos": {
            "x_0_make_all_x": {
                "cached": 0,
                "failed": 4,
                "repo_hash": "ac4e06ceabbd242937f87b1cecd533a87545036d63a34c85de3b0f11e279de26",
                "tools": {
                    "black": {
                        "cached": false,
                        "exit": 1,
                        "timed_out": false
                    },
                    "mypy": {
                        "cached": false,
                        "exit": 1,
                        "timed_out": false
                    },
                    "pyright": {
                        "cached": false,
                        "exit": 0,
                        "timed_out": false
                    },
                    "ruff_check": {
                        "cached": false,
                        "exit": 1,
                        "timed_out": false
                    },
                    "ruff_fix": {
                        "cached": false,
                        "exit": 1,
                        "timed_out": false
                    }
                }
            },
            "x_legatus_acta_schedae_x": {
                "cached": 5,
                "failed": 0,
                "repo_hash": "3f2377486dd469d2c4151d592bf6bebad5c76e8cd23082e9afb01466cdff6453",
                "tools": {
                    "black": {
                        "cached": true,
                        "exit": 0,
                        "timed_out": false
                    },
                    "mypy": {
                        "cached": true,
                        "exit": 0,
                        "timed_out": false
                    },
                    "pyright": {
                        "cached": true,
                        "exit": 0,
                        "timed_out": false
                    },
                    "ruff_check": {
                        "cached": true,
                        "exit": 0,
                        "timed_out": false
                    },
                    "ruff_fix": {
                        "cached": true,
                        "exit": 0,
                        "timed_out": false
                    }
                }
            },
            "x_legatus_tactica_impetus_x": {
                "cached": 2,
                "failed": 0,
                "repo_hash": "cc97fafbcc480da07f5da6f3bf95b20b6477a3877b19257bb492c37a976161aa",
                "tools": {
                    "black": {
                        "cached": false,
                        "exit": 0,
                        "timed_out": false
                    },
                    "mypy": {
                        "cached": false,
                        "exit": 0,
                        "timed_out": false
                    },
                    "pyright": {
                        "cached": false,
                        "exit": 0,
                        "timed_out": false
                    },
                    "ruff_check": {
                        "cached": true,
                        "exit": 0,
                        "timed_out": false
                    },
                    "ruff_fix": {
                        "cached": true,
                        "exit": 0,
                        "timed_out": false
                    }
                }
            },
            "x_make_common_x": {
                "cached": 0,
                "failed": 4,
                "repo_hash": "7d13044d9f2d495094dcf1bea446825a78e30a7b1228d1cc6d1b36ad97b00848",
                "tools": {
                    "black": {
                        "cached": false,
                        "exit": 1,
                        "timed_out": false
                    },
                    "mypy": {
                        "cached": false,
                        "exit": 1,
                        "timed_out": false
                    },
                    "pyright": {
                        "cached": false,
                        "exit": 0,
                        "timed_out": false
                    },
                    "ruff_check": {
                        "cached": false,
                        "exit": 1,
                        "timed_out": false
                    },
                    "ruff_fix": {
                        "cached": false,
                        "exit": 1,
                        "timed_out": false
                    }
                }
            },
            "x_make_github_clones_x": {
                "cached": 0,
                "failed": 5,
                "repo_hash": "3f0961b5134d771c9723fc29aa6565b26fa66c6bf01fd18c19ea1031a75f111b",
                "tools": {
                    "black": {
                        "cached": false,
                        "exit": 1,
                        "timed_out": false
                    },
                    "mypy": {
                        "cached": false,
                        "exit": 1,
                        "timed_out": false
                    },
                    "pyright": {
                        "cached": false,
                        "exit": 1,
                        "timed_out": false
                    },
                    "ruff_check": {
                        "cached": false,
                        "exit": 1,
                        "timed_out": false
                    },
                    "ruff_fix": {
                        "cached": false,
                        "exit": 1,
                        "timed_out": false
                    }
                }
            },
            "x_make_github_visitor_x": {
                "cached": 0,
                "failed": 2,
                "repo_hash": "796ef9adc9f0bc56de0167809780b4c587175111db088c6b4ce31e1401707fcc",
                "tools": {
                    "black": {
                        "cached": false,
                        "exit": 1,
                        "timed_out": false
                    },
                    "mypy": {
                        "cached": false,
                        "exit": 1,
                        "timed_out": false
                    },
                    "pyright": {
                        "cached": false,
                        "exit": 0,
                        "timed_out": false
                    },
                    "ruff_check": {
                        "cached": false,
                        "exit": 0,
                        "timed_out": false
                    },
                    "ruff_fix": {
                        "cached": false,
                        "exit": 0,
                        "timed_out": false
                    }
                }
            },
            "x_make_graphviz_x": {
                "cached": 0,
                "failed": 3,
                "repo_hash": "a639a53a1cb4c4e3a704751b01b7a9ee1dd543d5bf911026b88d378a1934da55",
                "tools": {
                    "black": {
                        "cached": false,
                        "exit": 0,
                        "timed_out": false
                    },
                    "mypy": {
                        "cached": false,
                        "exit": 0,
                        "timed_out": false
                    },
                    "pyright": {
                        "cached": false,
                        "exit": 1,
                        "timed_out": false
                    },
                    "ruff_check": {
                        "cached": false,
                        "exit": 1,
                        "timed_out": false
                    },
                    "ruff_fix": {
                        "cached": false,
                        "exit": 1,
                        "timed_out": false
                    }
                }
            },
            "x_make_markdown_x": {
                "cached": 0,
                "failed": 3,
                "repo_hash": "419ca3295f0e6336c2cf3e7a671c5635b70481c0054fb7f77391db387e4350a0",
                "tools": {
                    "black": {
                        "cached": false,
                        "exit": 1,
                        "timed_out": false
                    },
                    "mypy": {
                        "cached": false,
                        "exit": 0,
                        "timed_out": false
                    },
                    "pyright": {
                        "cached": false,
                        "exit": 0,
                        "timed_out": false
                    },
                    "ruff_check": {
                        "cached": false,
                        "exit": 1,
                        "timed_out": false
                    },
                    "ruff_fix": {
                        "cached": false,
                        "exit": 1,
                        "timed_out": false
                    }
                }
            },
            "x_make_mermaid_x": {
                "cached": 0,
                "failed": 3,
                "repo_hash": "4520a36d769b7a252ae65c8393849378e1e5c098ab4ae2ab24462fd5a73698d7",
                "tools": {
                    "black": {
                        "cached": false,
                        "exit": 1,
                        "timed_out": false
                    },
                    "mypy": {
                        "cached": false,
                        "exit": 0,
                        "timed_out": false
                    },
                    "pyright": {
                        "cached": false,
                        "exit": 0,
                        "timed_out": false
                    },
                    "ruff_check": {
                        "cached": false,
                        "exit": 1,
                        "timed_out": false
                    },
                    "ruff_fix": {
                        "cached": false,
                        "exit": 1,
                        "timed_out": false
                    }
                }
            },
            "x_make_persistent_env_var_x": {
                "cached": 5,
                "failed": 0,
                "repo_hash": "38624500e50d648701b39572aca2c5d8cd0420bb6d1e9513e212e3aa11078fe0",
                "tools": {
                    "black": {
                        "cached": true,
                        "exit": 0,
                        "timed_out": false
                    },
                    "mypy": {
                        "cached": true,
                        "exit": 0,
                        "timed_out": false
                    },
                    "pyright": {
                        "cached": true,
                        "exit": 0,
                        "timed_out": false
                    },
                    "ruff_check": {
                        "cached": true,
                        "exit": 0,
                        "timed_out": false
                    },
                    "ruff_fix": {
                        "cached": true,
                        "exit": 0,
                        "timed_out": false
                    }
                }
            },
            "x_make_pip_updates_x": {
                "cached": 0,
                "failed": 2,
                "repo_hash": "228b83a67f6db29aa7ed7f5e100f96268a45c9835c4621a9a098f861039d19c0",
                "tools": {
                    "black": {
                        "cached": false,
                        "exit": 0,
                        "timed_out": false
                    },
                    "mypy": {
                        "cached": false,
                        "exit": 0,
                        "timed_out": false
                    },
                    "pyright": {
                        "cached": false,
                        "exit": 0,
                        "timed_out": false
                    },
                    "ruff_check": {
                        "cached": false,
                        "exit": 1,
                        "timed_out": false
                    },
                    "ruff_fix": {
                        "cached": false,
                        "exit": 1,
                        "timed_out": false
                    }
                }
            },
            "x_make_py_mod_sideload_x": {
                "cached": 5,
                "failed": 0,
                "repo_hash": "69ac171dd36d6f8621439bba6bbda0288c09f653e7c678ee9a0e834fe3609e6c",
                "tools": {
                    "black": {
                        "cached": true,
                        "exit": 0,
                        "timed_out": false
                    },
                    "mypy": {
                        "cached": true,
                        "exit": 0,
                        "timed_out": false
                    },
                    "pyright": {
                        "cached": true,
                        "exit": 0,
                        "timed_out": false
                    },
                    "ruff_check": {
                        "cached": true,
                        "exit": 0,
                        "timed_out": false
                    },
                    "ruff_fix": {
                        "cached": true,
                        "exit": 0,
                        "timed_out": false
                    }
                }
            },
            "x_make_pypi_x": {
                "cached": 0,
                "failed": 3,
                "repo_hash": "bf5e2ab1074dc079021db32af4afff54ffe6e8903e7cdc27ea3257b6519c515f",
                "tools": {
                    "black": {
                        "cached": false,
                        "exit": 0,
                        "timed_out": false
                    },
                    "mypy": {
                        "cached": false,
                        "exit": 0,
                        "timed_out": false
                    },
                    "pyright": {
                        "cached": false,
                        "exit": 1,
                        "timed_out": false
                    },
                    "ruff_check": {
                        "cached": false,
                        "exit": 1,
                        "timed_out": false
                    },
                    "ruff_fix": {
                        "cached": false,
                        "exit": 1,
                        "timed_out": false
                    }
                }
            },
            "x_make_yahw_x": {
                "cached": 5,
                "failed": 0,
                "repo_hash": "d5b6324c3c161764524c550422f1e31cacffc452454eb0900e0d52ddd4106018",
                "tools": {
                    "black": {
                        "cached": true,
                        "exit": 0,
                        "timed_out": false
                    },
                    "mypy": {
                        "cached": true,
                        "exit": 0,
                        "timed_out": false
                    },
                    "pyright": {
                        "cached": true,
                        "exit": 0,
                        "timed_out": false
                    },
                    "ruff_check": {
                        "cached": true,
                        "exit": 0,
                        "timed_out": false
                    },
                    "ruff_fix": {
                        "cached": true,
                        "exit": 0,
                        "timed_out": false
                    }
                }
            }
        },
        "timestamp": "2025-10-15T21:14:52.602880+00:00",
        "total_repos": 14
    },
    "tool_versions": {
        "black": "python -m black, 25.9.0 (compiled: yes)\nPython (CPython) 3.13.7",
        "mypy": "mypy 1.18.2 (compiled: yes)",
        "pyright": "pyright 1.1.406",
        "ruff": "ruff 0.14.0"
    },
    "workspace_root": "C:\\x_runner_x"
}