{
    "failures": [
        {
            "captured_at": "2025-10-24T03:48:16.301146+00:00",
            "command": "C:\\x_runner_x\\artifacts\\venvs\\orchestrator_gui_py312\\Scripts\\python.exe -m ruff check . --select ALL --ignore D,COM812,ISC001,T20 --line-length 88 --target-version py311",
            "detail": {
                "cached": false,
                "cmd": [
                    "C:\\x_runner_x\\artifacts\\venvs\\orchestrator_gui_py312\\Scripts\\python.exe",
                    "-m",
                    "ruff",
                    "check",
                    ".",
                    "--select",
                    "ALL",
                    "--ignore",
                    "D,COM812,ISC001,T20",
                    "--line-length",
                    "88",
                    "--target-version",
                    "py311"
                ],
                "cmd_display": "C:\\x_runner_x\\artifacts\\venvs\\orchestrator_gui_py312\\Scripts\\python.exe -m ruff check . --select ALL --ignore D,COM812,ISC001,T20 --line-length 88 --target-version py311",
                "cwd": "C:\\x_runner_x\\x_0_make_ppnw_dot_ai_x",
                "duration_seconds": 0.14366590001736768,
                "ended_at": "2025-10-24T03:48:16.301146+00:00",
                "exit": 1,
                "failed_files": [],
                "files_checked": [
                    "__init__.py",
                    "tools/template_linter.py",
                    "x_cls_make_ppnw_dot_ai_x.py"
                ],
                "repo": "x_0_make_ppnw_dot_ai_x",
                "repo_hash": "cbf32bfe52f7a2e0ddf31a69d96c1c2c0adb0708d7795290b70880faa5a6ab7a",
                "repo_path": "C:\\x_runner_x\\x_0_make_ppnw_dot_ai_x",
                "started_at": "2025-10-24T03:48:16.166996+00:00",
                "stderr": "",
                "stdout": "E501 Line too long (100 > 88)\n --> tools\\template_linter.py:6:89\n  |\n5 | Checks:\n6 | - YAML front matter exists and contains required fields: title, owner, version, last_updated, status\n  |                                                                                         ^^^^^^^^^^^^\n7 | - Reports placeholders of the form {{PLACEHOLDER}} remaining in the document\n  |\n\nTC003 Move standard library import `collections.abc.Iterable` into a type-checking block\n  --> tools\\template_linter.py:23:29\n   |\n21 | import re\n22 | import sys\n23 | from collections.abc import Iterable\n   |                             ^^^^^^^^\n24 | from dataclasses import dataclass\n25 | from pathlib import Path\n   |\nhelp: Move into type-checking block\n\nFound 2 errors.\nNo fixes available (1 hidden fix can be enabled with the `--unsafe-fixes` option).\n",
                "tool": "ruff_check",
                "tool_module": "ruff",
                "tool_version": "ruff 0.14.2"
            },
            "exit": "exit 1",
            "message": "ruff_check failed for x_0_make_ppnw_dot_ai_x (exit 1)\ncwd: C:\\x_runner_x\\x_0_make_ppnw_dot_ai_x\ncommand: C:\\x_runner_x\\artifacts\\venvs\\orchestrator_gui_py312\\Scripts\\python.exe -m ruff check . --select ALL --ignore D,COM812,ISC001,T20 --line-length 88 --target-version py311\nstarted_at: 2025-10-24T03:48:16.166996+00:00\nduration: 0.144s\ntool_version: ruff 0.14.2\nstdout:\nE501 Line too long (100 > 88)\n --> tools\\template_linter.py:6:89\n  |\n5 | Checks:\n6 | - YAML front matter exists and contains required fields: title, owner, version, last_updated, status\n\u2026\nstderr:\n<empty>",
            "repo": "x_0_make_ppnw_dot_ai_x",
            "repo_path": "C:\\x_runner_x\\x_0_make_ppnw_dot_ai_x",
            "stderr_preview": null,
            "stdout_preview": "E501 Line too long (100 > 88)\n --> tools\\template_linter.py:6:89\n  |\n5 | Checks:\n6 | - YAML front matter exists and contains required fields: title, owner, version, last_updated, status\n\u2026",
            "suggested_action": "Investigate",
            "summary": "ruff_check failed for x_0_make_ppnw_dot_ai_x (exit 1) cwd: C:\\x_runner_x\\x_0_make_ppnw_dot_ai_x command: C:\\x_runner_x\\artifacts\\venvs\\orchestrator_gui_py312\\Scripts\\python.exe -m ruff check . --select ALL --ignore D,COM812,ISC001,T20 --li\u2026",
            "tool": "ruff_check",
            "tool_version": "ruff 0.14.2"
        },
        {
            "captured_at": "2025-10-24T03:48:14.945830+00:00",
            "command": "C:\\x_runner_x\\artifacts\\venvs\\orchestrator_gui_py312\\Scripts\\python.exe -m ruff check . --fix --select ALL --ignore D,COM812,ISC001,T20 --line-length 88 --target-version py311",
            "detail": {
                "cached": false,
                "cmd": [
                    "C:\\x_runner_x\\artifacts\\venvs\\orchestrator_gui_py312\\Scripts\\python.exe",
                    "-m",
                    "ruff",
                    "check",
                    ".",
                    "--fix",
                    "--select",
                    "ALL",
                    "--ignore",
                    "D,COM812,ISC001,T20",
                    "--line-length",
                    "88",
                    "--target-version",
                    "py311"
                ],
                "cmd_display": "C:\\x_runner_x\\artifacts\\venvs\\orchestrator_gui_py312\\Scripts\\python.exe -m ruff check . --fix --select ALL --ignore D,COM812,ISC001,T20 --line-length 88 --target-version py311",
                "cwd": "C:\\x_runner_x\\x_0_make_ppnw_dot_ai_x",
                "duration_seconds": 0.14784780002082698,
                "ended_at": "2025-10-24T03:48:14.945830+00:00",
                "exit": 1,
                "failed_files": [],
                "files_checked": [
                    "__init__.py",
                    "tools/template_linter.py",
                    "x_cls_make_ppnw_dot_ai_x.py"
                ],
                "repo": "x_0_make_ppnw_dot_ai_x",
                "repo_hash": "cbf32bfe52f7a2e0ddf31a69d96c1c2c0adb0708d7795290b70880faa5a6ab7a",
                "repo_path": "C:\\x_runner_x\\x_0_make_ppnw_dot_ai_x",
                "started_at": "2025-10-24T03:48:14.798395+00:00",
                "stderr": "",
                "stdout": "E501 Line too long (100 > 88)\n --> tools\\template_linter.py:6:89\n  |\n5 | Checks:\n6 | - YAML front matter exists and contains required fields: title, owner, version, last_updated, status\n  |                                                                                         ^^^^^^^^^^^^\n7 | - Reports placeholders of the form {{PLACEHOLDER}} remaining in the document\n  |\n\nTC003 Move standard library import `collections.abc.Iterable` into a type-checking block\n  --> tools\\template_linter.py:23:29\n   |\n21 | import re\n22 | import sys\n23 | from collections.abc import Iterable\n   |                             ^^^^^^^^\n24 | from dataclasses import dataclass\n25 | from pathlib import Path\n   |\nhelp: Move into type-checking block\n\nFound 11 errors (9 fixed, 2 remaining).\nNo fixes available (1 hidden fix can be enabled with the `--unsafe-fixes` option).\n",
                "tool": "ruff_fix",
                "tool_module": "ruff",
                "tool_version": "ruff 0.14.2"
            },
            "exit": "exit 1",
            "message": "ruff_fix failed for x_0_make_ppnw_dot_ai_x (exit 1)\ncwd: C:\\x_runner_x\\x_0_make_ppnw_dot_ai_x\ncommand: C:\\x_runner_x\\artifacts\\venvs\\orchestrator_gui_py312\\Scripts\\python.exe -m ruff check . --fix --select ALL --ignore D,COM812,ISC001,T20 --line-length 88 --target-version py311\nstarted_at: 2025-10-24T03:48:14.798395+00:00\nduration: 0.148s\ntool_version: ruff 0.14.2\nstdout:\nE501 Line too long (100 > 88)\n --> tools\\template_linter.py:6:89\n  |\n5 | Checks:\n6 | - YAML front matter exists and contains required fields: title, owner, version, last_updated, status\n\u2026\nstderr:\n<empty>",
            "repo": "x_0_make_ppnw_dot_ai_x",
            "repo_path": "C:\\x_runner_x\\x_0_make_ppnw_dot_ai_x",
            "stderr_preview": null,
            "stdout_preview": "E501 Line too long (100 > 88)\n --> tools\\template_linter.py:6:89\n  |\n5 | Checks:\n6 | - YAML front matter exists and contains required fields: title, owner, version, last_updated, status\n\u2026",
            "suggested_action": "Investigate",
            "summary": "ruff_fix failed for x_0_make_ppnw_dot_ai_x (exit 1) cwd: C:\\x_runner_x\\x_0_make_ppnw_dot_ai_x command: C:\\x_runner_x\\artifacts\\venvs\\orchestrator_gui_py312\\Scripts\\python.exe -m ruff check . --fix --select ALL --ignore D,COM812,ISC001,T20 \u2026",
            "tool": "ruff_fix",
            "tool_version": "ruff 0.14.2"
        },
        {
            "captured_at": "2025-10-24T03:49:48.114398+00:00",
            "command": "C:\\x_runner_x\\artifacts\\venvs\\orchestrator_gui_py312\\Scripts\\python.exe -m black . --line-length 88 --target-version py311 --check --diff",
            "detail": {
                "cached": false,
                "cmd": [
                    "C:\\x_runner_x\\artifacts\\venvs\\orchestrator_gui_py312\\Scripts\\python.exe",
                    "-m",
                    "black",
                    ".",
                    "--line-length",
                    "88",
                    "--target-version",
                    "py311",
                    "--check",
                    "--diff"
                ],
                "cmd_display": "C:\\x_runner_x\\artifacts\\venvs\\orchestrator_gui_py312\\Scripts\\python.exe -m black . --line-length 88 --target-version py311 --check --diff",
                "cwd": "C:\\x_runner_x\\x_make_github_clones_x",
                "duration_seconds": 1.582959799998207,
                "ended_at": "2025-10-24T03:49:48.114398+00:00",
                "exit": 1,
                "failed_files": [],
                "files_checked": [
                    "__init__.py",
                    "fastapi/__init__.py",
                    "fastapi/__main__.py",
                    "fastapi/cli.py",
                    "fastapi_cli/__init__.py",
                    "fastapi_cli/cli.py",
                    "json_contracts/__init__.py",
                    "json_contracts/_impl.py",
                    "tests/__init__.py",
                    "tests/test_json_contracts.py",
                    "tests/test_make_github_clones.py",
                    "x_cls_make_github_clones_x.py",
                    "x_make_github_clones_x/__init__.py",
                    "x_make_github_clones_x/x_cls_make_github_clones_x.py"
                ],
                "repo": "x_make_github_clones_x",
                "repo_hash": "0e01e9110bf1094aa0f6f46206afc165ab986c501ef5ca11531894d9683c9e70",
                "repo_path": "C:\\x_runner_x\\x_make_github_clones_x",
                "started_at": "2025-10-24T03:49:46.536511+00:00",
                "stderr": "would reformat C:\\x_runner_x\\x_make_github_clones_x\\tests\\test_make_github_clones.py\n\nOh no! \\U0001f4a5 \\U0001f494 \\U0001f4a5\n1 file would be reformatted, 13 files would be left unchanged.\n",
                "stdout": "--- C:\\x_runner_x\\x_make_github_clones_x\\tests\\test_make_github_clones.py\t2025-10-24 03:49:46.481898+00:00\n+++ C:\\x_runner_x\\x_make_github_clones_x\\tests\\test_make_github_clones.py\t2025-10-24 03:49:47.852810+00:00\n@@ -82,11 +82,11 @@\n                 \"fork\": True,\n             },\n         ]\n \n     monkeypatch.setattr(\n-    GithubClonesRunner,\n+        GithubClonesRunner,\n         \"_request_json\",\n         fake_request_json,\n         raising=True,\n     )\n \n@@ -115,11 +115,11 @@\n         **_kwargs: object,\n     ) -> list[RepoRecord]:\n         return [missing, repo_record]\n \n     monkeypatch.setattr(\n-    GithubClonesRunner,\n+        GithubClonesRunner,\n         \"fetch_repos\",\n         fake_fetch,\n         raising=True,\n     )\n \n@@ -132,11 +132,11 @@\n     ) -> bool:\n         attempts.append((repo_dir, git_url))\n         return True\n \n     monkeypatch.setattr(\n-    GithubClonesRunner,\n+        GithubClonesRunner,\n         \"_attempt_update\",\n         fake_attempt,\n         raising=True,\n     )\n \n@@ -180,11 +180,11 @@\n         **_kwargs: object,\n     ) -> list[RepoRecord]:\n         return [repo_record]\n \n     monkeypatch.setattr(\n-    GithubClonesRunner,\n+        GithubClonesRunner,\n         \"fetch_repos\",\n         fake_fetch,\n         raising=True,\n     )\n \n@@ -196,11 +196,11 @@\n         assert repo_dir == tmp_path / repo_record.name\n         assert git_url == repo_record.clone_url\n         return True\n \n     monkeypatch.setattr(\n-    GithubClonesRunner,\n+        GithubClonesRunner,\n         \"_attempt_update\",\n         fake_attempt,\n         raising=True,\n     )\n \n@@ -242,11 +242,11 @@\n         **_kwargs: object,\n     ) -> list[RepoRecord]:\n         return [repo_record]\n \n     monkeypatch.setattr(\n-    GithubClonesRunner,\n+        GithubClonesRunner,\n         \"fetch_repos\",\n         fake_fetch,\n         raising=True,\n     )\n \n@@ -259,11 +259,11 @@\n     ) -> bool:\n         urls.append(git_url)\n         return True\n \n     monkeypatch.setattr(\n-    GithubClonesRunner,\n+        GithubClonesRunner,\n         \"_attempt_update\",\n         fake_attempt,\n         raising=True,\n     )\n \n@@ -302,11 +302,11 @@\n     ) -> list[RepoRecord]:\n         message = \"boom\"\n         raise RuntimeError(message)\n \n     monkeypatch.setattr(\n-    GithubClonesRunner,\n+        GithubClonesRunner,\n         \"fetch_repos\",\n         fake_fetch,\n         raising=True,\n     )\n \n",
                "tool": "black",
                "tool_module": "black",
                "tool_version": "python -m black, 25.9.0 (compiled: yes)\nPython (CPython) 3.12.6"
            },
            "exit": "exit 1",
            "message": "black failed for x_make_github_clones_x (exit 1)\ncwd: C:\\x_runner_x\\x_make_github_clones_x\ncommand: C:\\x_runner_x\\artifacts\\venvs\\orchestrator_gui_py312\\Scripts\\python.exe -m black . --line-length 88 --target-version py311 --check --diff\nstarted_at: 2025-10-24T03:49:46.536511+00:00\nduration: 1.583s\ntool_version: python -m black, 25.9.0 (compiled: yes)\nPython (CPython) 3.12.6\nstdout:\n--- C:\\x_runner_x\\x_make_github_clones_x\\tests\\test_make_github_clones.py\t2025-10-24 03:49:46.481898+00:00\n+++ C:\\x_runner_x\\x_make_github_clones_x\\tests\\test_make_github_clones.py\t2025-10-24 03:49:47.852810+00:00\n@@ -82,11 +82,11 @@\n                 \"fork\": True,\n             },\n\u2026\nstderr:\nwould reformat C:\\x_runner_x\\x_make_github_clones_x\\tests\\test_make_github_clones.py\n\nOh no! \\U0001f4a5 \\U0001f494 \\U0001f4a5\n1 file would be reformatted, 13 files would be left unchanged.",
            "repo": "x_make_github_clones_x",
            "repo_path": "C:\\x_runner_x\\x_make_github_clones_x",
            "stderr_preview": "would reformat C:\\x_runner_x\\x_make_github_clones_x\\tests\\test_make_github_clones.py\n\nOh no! \\U0001f4a5 \\U0001f494 \\U0001f4a5\n1 file would be reformatted, 13 files would be left unchanged.",
            "stdout_preview": "--- C:\\x_runner_x\\x_make_github_clones_x\\tests\\test_make_github_clones.py\t2025-10-24 03:49:46.481898+00:00\n+++ C:\\x_runner_x\\x_make_github_clones_x\\tests\\test_make_github_clones.py\t2025-10-24 03:49:47.852810+00:00\n@@ -82,11 +82,11 @@\n                 \"fork\": True,\n             },\n\u2026",
            "suggested_action": "Investigate",
            "summary": "black failed for x_make_github_clones_x (exit 1) cwd: C:\\x_runner_x\\x_make_github_clones_x command: C:\\x_runner_x\\artifacts\\venvs\\orchestrator_gui_py312\\Scripts\\python.exe -m black . --line-length 88 --target-version py311 --check --diff s\u2026",
            "tool": "black",
            "tool_version": "python -m black, 25.9.0 (compiled: yes)\nPython (CPython) 3.12.6"
        },
        {
            "captured_at": "2025-10-24T03:49:48.925482+00:00",
            "command": "C:\\x_runner_x\\artifacts\\venvs\\orchestrator_gui_py312\\Scripts\\python.exe -m mypy --package x_make_github_clones_x --strict --no-warn-unused-configs --show-error-codes --warn-return-any --warn-unreachable --disallow-any-unimported --disallow-any-expr --disallow-any-decorated --disallow-any-explicit",
            "detail": {
                "cached": false,
                "cmd": [
                    "C:\\x_runner_x\\artifacts\\venvs\\orchestrator_gui_py312\\Scripts\\python.exe",
                    "-m",
                    "mypy",
                    "--package",
                    "x_make_github_clones_x",
                    "--strict",
                    "--no-warn-unused-configs",
                    "--show-error-codes",
                    "--warn-return-any",
                    "--warn-unreachable",
                    "--disallow-any-unimported",
                    "--disallow-any-expr",
                    "--disallow-any-decorated",
                    "--disallow-any-explicit"
                ],
                "cmd_display": "C:\\x_runner_x\\artifacts\\venvs\\orchestrator_gui_py312\\Scripts\\python.exe -m mypy --package x_make_github_clones_x --strict --no-warn-unused-configs --show-error-codes --warn-return-any --warn-unreachable --disallow-any-unimported --disallow-any-expr --disallow-any-decorated --disallow-any-explicit",
                "cwd": "C:\\x_runner_x\\x_make_github_clones_x",
                "duration_seconds": 0.6664943000068888,
                "ended_at": "2025-10-24T03:49:48.925482+00:00",
                "exit": 1,
                "failed_files": [],
                "files_checked": [
                    "__init__.py",
                    "fastapi/__init__.py",
                    "fastapi/__main__.py",
                    "fastapi/cli.py",
                    "fastapi_cli/__init__.py",
                    "fastapi_cli/cli.py",
                    "json_contracts/__init__.py",
                    "json_contracts/_impl.py",
                    "tests/__init__.py",
                    "tests/test_json_contracts.py",
                    "tests/test_make_github_clones.py",
                    "x_cls_make_github_clones_x.py",
                    "x_make_github_clones_x/__init__.py",
                    "x_make_github_clones_x/x_cls_make_github_clones_x.py"
                ],
                "repo": "x_make_github_clones_x",
                "repo_hash": "0e01e9110bf1094aa0f6f46206afc165ab986c501ef5ca11531894d9683c9e70",
                "repo_path": "C:\\x_runner_x\\x_make_github_clones_x",
                "started_at": "2025-10-24T03:49:48.260058+00:00",
                "stderr": "",
                "stdout": "x_make_github_clones_x\\x_cls_make_github_clones_x.py:3: error: Cannot find implementation or library stub for module named \".x_cls_make_github_clones_x\"  [import-not-found]\nx_make_github_clones_x\\x_cls_make_github_clones_x.py:3: note: See https://mypy.readthedocs.io/en/stable/running_mypy.html#missing-imports\nx_make_github_clones_x\\x_cls_make_github_clones_x.py:19: error: Expression has type \"Any\"  [misc]\nx_make_github_clones_x\\x_cls_make_github_clones_x.py:20: error: Expression has type \"Any\"  [misc]\nx_make_github_clones_x\\x_cls_make_github_clones_x.py:21: error: Expression has type \"Any\"  [misc]\nx_make_github_clones_x\\x_cls_make_github_clones_x.py:22: error: Expression has type \"Any\"  [misc]\nx_make_github_clones_x\\x_cls_make_github_clones_x.py:23: error: Expression has type \"Any\"  [misc]\nFound 6 errors in 1 file (checked 2 source files)\n",
                "tool": "mypy",
                "tool_module": "mypy",
                "tool_version": "mypy 1.18.2 (compiled: yes)"
            },
            "exit": "exit 1",
            "message": "mypy failed for x_make_github_clones_x (exit 1)\ncwd: C:\\x_runner_x\\x_make_github_clones_x\ncommand: C:\\x_runner_x\\artifacts\\venvs\\orchestrator_gui_py312\\Scripts\\python.exe -m mypy --package x_make_github_clones_x --strict --no-warn-unused-configs --show-error-codes --warn-return-any --warn-unreachable --disallow-any-unimported --disallow-any-expr --disallow-any-decorated --disallow-any-explicit\nstarted_at: 2025-10-24T03:49:48.260058+00:00\nduration: 0.666s\ntool_version: mypy 1.18.2 (compiled: yes)\nstdout:\nx_make_github_clones_x\\x_cls_make_github_clones_x.py:3: error: Cannot find implementation or library stub for module named \".x_cls_make_github_clones_x\"  [import-not-found]\nx_make_github_clones_x\\x_cls_make_github_clones_x.py:3: note: See https://mypy.readthedocs.io/en/stable/running_mypy.html#missing-imports\nx_make_github_clones_x\\x_cls_make_github_clones_x.py:19: error: Expression has type \"Any\"  [misc]\nx_make_github_clones_x\\x_cls_make_github_clones_x.py:20: error: Expression has type \"Any\"  [misc]\nx_make_github_clones_x\\x_cls_make_github_clones_x.py:21: error: Expression has type \"Any\"  [misc]\n\u2026\nstderr:\n<empty>",
            "repo": "x_make_github_clones_x",
            "repo_path": "C:\\x_runner_x\\x_make_github_clones_x",
            "stderr_preview": null,
            "stdout_preview": "x_make_github_clones_x\\x_cls_make_github_clones_x.py:3: error: Cannot find implementation or library stub for module named \".x_cls_make_github_clones_x\"  [import-not-found]\nx_make_github_clones_x\\x_cls_make_github_clones_x.py:3: note: See https://mypy.readthedocs.io/en/stable/running_mypy.html#missing-imports\nx_make_github_clones_x\\x_cls_make_github_clones_x.py:19: error: Expression has type \"Any\"  [misc]\nx_make_github_clones_x\\x_cls_make_github_clones_x.py:20: error: Expression has type \"Any\"  [misc]\nx_make_github_clones_x\\x_cls_make_github_clones_x.py:21: error: Expression has type \"Any\"  [misc]\n\u2026",
            "suggested_action": "Investigate",
            "summary": "mypy failed for x_make_github_clones_x (exit 1) cwd: C:\\x_runner_x\\x_make_github_clones_x command: C:\\x_runner_x\\artifacts\\venvs\\orchestrator_gui_py312\\Scripts\\python.exe -m mypy --package x_make_github_clones_x --strict --no-warn-unused-c\u2026",
            "tool": "mypy",
            "tool_version": "mypy 1.18.2 (compiled: yes)"
        },
        {
            "captured_at": "2025-10-24T03:49:48.255176+00:00",
            "command": "C:\\x_runner_x\\artifacts\\venvs\\orchestrator_gui_py312\\Scripts\\python.exe -m ruff check . --select ALL --ignore D,COM812,ISC001,T20 --line-length 88 --target-version py311",
            "detail": {
                "cached": false,
                "cmd": [
                    "C:\\x_runner_x\\artifacts\\venvs\\orchestrator_gui_py312\\Scripts\\python.exe",
                    "-m",
                    "ruff",
                    "check",
                    ".",
                    "--select",
                    "ALL",
                    "--ignore",
                    "D,COM812,ISC001,T20",
                    "--line-length",
                    "88",
                    "--target-version",
                    "py311"
                ],
                "cmd_display": "C:\\x_runner_x\\artifacts\\venvs\\orchestrator_gui_py312\\Scripts\\python.exe -m ruff check . --select ALL --ignore D,COM812,ISC001,T20 --line-length 88 --target-version py311",
                "cwd": "C:\\x_runner_x\\x_make_github_clones_x",
                "duration_seconds": 0.13237259999732487,
                "ended_at": "2025-10-24T03:49:48.255176+00:00",
                "exit": 1,
                "failed_files": [],
                "files_checked": [
                    "__init__.py",
                    "fastapi/__init__.py",
                    "fastapi/__main__.py",
                    "fastapi/cli.py",
                    "fastapi_cli/__init__.py",
                    "fastapi_cli/cli.py",
                    "json_contracts/__init__.py",
                    "json_contracts/_impl.py",
                    "tests/__init__.py",
                    "tests/test_json_contracts.py",
                    "tests/test_make_github_clones.py",
                    "x_cls_make_github_clones_x.py",
                    "x_make_github_clones_x/__init__.py",
                    "x_make_github_clones_x/x_cls_make_github_clones_x.py"
                ],
                "repo": "x_make_github_clones_x",
                "repo_hash": "0e01e9110bf1094aa0f6f46206afc165ab986c501ef5ca11531894d9683c9e70",
                "repo_path": "C:\\x_runner_x\\x_make_github_clones_x",
                "started_at": "2025-10-24T03:49:48.123757+00:00",
                "stderr": "",
                "stdout": "N812 Lowercase `x_cls_make_github_clones_x` imported as non-lowercase `GithubClonesRunner`\n  --> tests\\test_make_github_clones.py:12:5\n   |\n10 | )\n11 | from x_make_github_clones_x.x_cls_make_github_clones_x import (\n12 |     x_cls_make_github_clones_x as GithubClonesRunner,\n   |     ^^^^^^^^^^^^^^^^^^^^^^^^^^^^^^^^^^^^^^^^^^^^^^^^\n13 | )\n   |\n\nTID252 Prefer absolute imports over relative imports from parent modules\n --> x_make_github_clones_x\\x_cls_make_github_clones_x.py:3:1\n  |\n1 |   \"\"\"Expose the CLI implementation from the script module.\"\"\"\n2 |\n3 | / from ..x_cls_make_github_clones_x import (\n4 | |     RepoRecord as _RepoRecord,\n5 | | )\n  | |_^\n6 |   from ..x_cls_make_github_clones_x import (\n7 |       main_json as _main_json,\n  |\nhelp: Replace relative imports from parent modules with absolute imports\n\nTID252 Prefer absolute imports over relative imports from parent modules\n  --> x_make_github_clones_x\\x_cls_make_github_clones_x.py:6:1\n   |\n 4 |       RepoRecord as _RepoRecord,\n 5 |   )\n 6 | / from ..x_cls_make_github_clones_x import (\n 7 | |     main_json as _main_json,\n 8 | | )\n   | |_^\n 9 |   from ..x_cls_make_github_clones_x import (\n10 |       resolve_workspace_root as _resolve_workspace_root,\n   |\nhelp: Replace relative imports from parent modules with absolute imports\n\nTID252 Prefer absolute imports over relative imports from parent modules\n  --> x_make_github_clones_x\\x_cls_make_github_clones_x.py:9:1\n   |\n 7 |       main_json as _main_json,\n 8 |   )\n 9 | / from ..x_cls_make_github_clones_x import (\n10 | |     resolve_workspace_root as _resolve_workspace_root,\n11 | | )\n   | |_^\n12 |   from ..x_cls_make_github_clones_x import (\n13 |       synchronize_workspace as _synchronize_workspace,\n   |\nhelp: Replace relative imports from parent modules with absolute imports\n\nTID252 Prefer absolute imports over relative imports from parent modules\n  --> x_make_github_clones_x\\x_cls_make_github_clones_x.py:12:1\n   |\n10 |       resolve_workspace_root as _resolve_workspace_root,\n11 |   )\n12 | / from ..x_cls_make_github_clones_x import (\n13 | |     synchronize_workspace as _synchronize_workspace,\n14 | | )\n   | |_^\n15 |   from ..x_cls_make_github_clones_x import (\n16 |       x_cls_make_github_clones_x as _impl_class,\n   |\nhelp: Replace relative imports from parent modules with absolute imports\n\nTID252 Prefer absolute imports over relative imports from parent modules\n  --> x_make_github_clones_x\\x_cls_make_github_clones_x.py:15:1\n   |\n13 |       synchronize_workspace as _synchronize_workspace,\n14 |   )\n15 | / from ..x_cls_make_github_clones_x import (\n16 | |     x_cls_make_github_clones_x as _impl_class,\n17 | | )\n   | |_^\n18 |\n19 |   RepoRecord = _RepoRecord\n   |\nhelp: Replace relative imports from parent modules with absolute imports\n\nFound 6 errors.\nNo fixes available (5 hidden fixes can be enabled with the `--unsafe-fixes` option).\n",
                "tool": "ruff_check",
                "tool_module": "ruff",
                "tool_version": "ruff 0.14.2"
            },
            "exit": "exit 1",
            "message": "ruff_check failed for x_make_github_clones_x (exit 1)\ncwd: C:\\x_runner_x\\x_make_github_clones_x\ncommand: C:\\x_runner_x\\artifacts\\venvs\\orchestrator_gui_py312\\Scripts\\python.exe -m ruff check . --select ALL --ignore D,COM812,ISC001,T20 --line-length 88 --target-version py311\nstarted_at: 2025-10-24T03:49:48.123757+00:00\nduration: 0.132s\ntool_version: ruff 0.14.2\nstdout:\nN812 Lowercase `x_cls_make_github_clones_x` imported as non-lowercase `GithubClonesRunner`\n  --> tests\\test_make_github_clones.py:12:5\n   |\n10 | )\n11 | from x_make_github_clones_x.x_cls_make_github_clones_x import (\n\u2026\nstderr:\n<empty>",
            "repo": "x_make_github_clones_x",
            "repo_path": "C:\\x_runner_x\\x_make_github_clones_x",
            "stderr_preview": null,
            "stdout_preview": "N812 Lowercase `x_cls_make_github_clones_x` imported as non-lowercase `GithubClonesRunner`\n  --> tests\\test_make_github_clones.py:12:5\n   |\n10 | )\n11 | from x_make_github_clones_x.x_cls_make_github_clones_x import (\n\u2026",
            "suggested_action": "Investigate",
            "summary": "ruff_check failed for x_make_github_clones_x (exit 1) cwd: C:\\x_runner_x\\x_make_github_clones_x command: C:\\x_runner_x\\artifacts\\venvs\\orchestrator_gui_py312\\Scripts\\python.exe -m ruff check . --select ALL --ignore D,COM812,ISC001,T20 --li\u2026",
            "tool": "ruff_check",
            "tool_version": "ruff 0.14.2"
        },
        {
            "captured_at": "2025-10-24T03:49:46.504241+00:00",
            "command": "C:\\x_runner_x\\artifacts\\venvs\\orchestrator_gui_py312\\Scripts\\python.exe -m ruff check . --fix --select ALL --ignore D,COM812,ISC001,T20 --line-length 88 --target-version py311",
            "detail": {
                "cached": false,
                "cmd": [
                    "C:\\x_runner_x\\artifacts\\venvs\\orchestrator_gui_py312\\Scripts\\python.exe",
                    "-m",
                    "ruff",
                    "check",
                    ".",
                    "--fix",
                    "--select",
                    "ALL",
                    "--ignore",
                    "D,COM812,ISC001,T20",
                    "--line-length",
                    "88",
                    "--target-version",
                    "py311"
                ],
                "cmd_display": "C:\\x_runner_x\\artifacts\\venvs\\orchestrator_gui_py312\\Scripts\\python.exe -m ruff check . --fix --select ALL --ignore D,COM812,ISC001,T20 --line-length 88 --target-version py311",
                "cwd": "C:\\x_runner_x\\x_make_github_clones_x",
                "duration_seconds": 0.15402139999787323,
                "ended_at": "2025-10-24T03:49:46.504241+00:00",
                "exit": 1,
                "failed_files": [],
                "files_checked": [
                    "__init__.py",
                    "fastapi/__init__.py",
                    "fastapi/__main__.py",
                    "fastapi/cli.py",
                    "fastapi_cli/__init__.py",
                    "fastapi_cli/cli.py",
                    "json_contracts/__init__.py",
                    "json_contracts/_impl.py",
                    "tests/__init__.py",
                    "tests/test_json_contracts.py",
                    "tests/test_make_github_clones.py",
                    "x_cls_make_github_clones_x.py",
                    "x_make_github_clones_x/__init__.py",
                    "x_make_github_clones_x/x_cls_make_github_clones_x.py"
                ],
                "repo": "x_make_github_clones_x",
                "repo_hash": "0e01e9110bf1094aa0f6f46206afc165ab986c501ef5ca11531894d9683c9e70",
                "repo_path": "C:\\x_runner_x\\x_make_github_clones_x",
                "started_at": "2025-10-24T03:49:46.349286+00:00",
                "stderr": "",
                "stdout": "N812 Lowercase `x_cls_make_github_clones_x` imported as non-lowercase `GithubClonesRunner`\n  --> tests\\test_make_github_clones.py:12:5\n   |\n10 | )\n11 | from x_make_github_clones_x.x_cls_make_github_clones_x import (\n12 |     x_cls_make_github_clones_x as GithubClonesRunner,\n   |     ^^^^^^^^^^^^^^^^^^^^^^^^^^^^^^^^^^^^^^^^^^^^^^^^\n13 | )\n   |\n\nTID252 Prefer absolute imports over relative imports from parent modules\n --> x_make_github_clones_x\\x_cls_make_github_clones_x.py:3:1\n  |\n1 |   \"\"\"Expose the CLI implementation from the script module.\"\"\"\n2 |\n3 | / from ..x_cls_make_github_clones_x import (\n4 | |     RepoRecord as _RepoRecord,\n5 | | )\n  | |_^\n6 |   from ..x_cls_make_github_clones_x import (\n7 |       main_json as _main_json,\n  |\nhelp: Replace relative imports from parent modules with absolute imports\n\nTID252 Prefer absolute imports over relative imports from parent modules\n  --> x_make_github_clones_x\\x_cls_make_github_clones_x.py:6:1\n   |\n 4 |       RepoRecord as _RepoRecord,\n 5 |   )\n 6 | / from ..x_cls_make_github_clones_x import (\n 7 | |     main_json as _main_json,\n 8 | | )\n   | |_^\n 9 |   from ..x_cls_make_github_clones_x import (\n10 |       resolve_workspace_root as _resolve_workspace_root,\n   |\nhelp: Replace relative imports from parent modules with absolute imports\n\nTID252 Prefer absolute imports over relative imports from parent modules\n  --> x_make_github_clones_x\\x_cls_make_github_clones_x.py:9:1\n   |\n 7 |       main_json as _main_json,\n 8 |   )\n 9 | / from ..x_cls_make_github_clones_x import (\n10 | |     resolve_workspace_root as _resolve_workspace_root,\n11 | | )\n   | |_^\n12 |   from ..x_cls_make_github_clones_x import (\n13 |       synchronize_workspace as _synchronize_workspace,\n   |\nhelp: Replace relative imports from parent modules with absolute imports\n\nTID252 Prefer absolute imports over relative imports from parent modules\n  --> x_make_github_clones_x\\x_cls_make_github_clones_x.py:12:1\n   |\n10 |       resolve_workspace_root as _resolve_workspace_root,\n11 |   )\n12 | / from ..x_cls_make_github_clones_x import (\n13 | |     synchronize_workspace as _synchronize_workspace,\n14 | | )\n   | |_^\n15 |   from ..x_cls_make_github_clones_x import (\n16 |       x_cls_make_github_clones_x as _impl_class,\n   |\nhelp: Replace relative imports from parent modules with absolute imports\n\nTID252 Prefer absolute imports over relative imports from parent modules\n  --> x_make_github_clones_x\\x_cls_make_github_clones_x.py:15:1\n   |\n13 |       synchronize_workspace as _synchronize_workspace,\n14 |   )\n15 | / from ..x_cls_make_github_clones_x import (\n16 | |     x_cls_make_github_clones_x as _impl_class,\n17 | | )\n   | |_^\n18 |\n19 |   RepoRecord = _RepoRecord\n   |\nhelp: Replace relative imports from parent modules with absolute imports\n\nFound 11 errors (5 fixed, 6 remaining).\nNo fixes available (5 hidden fixes can be enabled with the `--unsafe-fixes` option).\n",
                "tool": "ruff_fix",
                "tool_module": "ruff",
                "tool_version": "ruff 0.14.2"
            },
            "exit": "exit 1",
            "message": "ruff_fix failed for x_make_github_clones_x (exit 1)\ncwd: C:\\x_runner_x\\x_make_github_clones_x\ncommand: C:\\x_runner_x\\artifacts\\venvs\\orchestrator_gui_py312\\Scripts\\python.exe -m ruff check . --fix --select ALL --ignore D,COM812,ISC001,T20 --line-length 88 --target-version py311\nstarted_at: 2025-10-24T03:49:46.349286+00:00\nduration: 0.154s\ntool_version: ruff 0.14.2\nstdout:\nN812 Lowercase `x_cls_make_github_clones_x` imported as non-lowercase `GithubClonesRunner`\n  --> tests\\test_make_github_clones.py:12:5\n   |\n10 | )\n11 | from x_make_github_clones_x.x_cls_make_github_clones_x import (\n\u2026\nstderr:\n<empty>",
            "repo": "x_make_github_clones_x",
            "repo_path": "C:\\x_runner_x\\x_make_github_clones_x",
            "stderr_preview": null,
            "stdout_preview": "N812 Lowercase `x_cls_make_github_clones_x` imported as non-lowercase `GithubClonesRunner`\n  --> tests\\test_make_github_clones.py:12:5\n   |\n10 | )\n11 | from x_make_github_clones_x.x_cls_make_github_clones_x import (\n\u2026",
            "suggested_action": "Investigate",
            "summary": "ruff_fix failed for x_make_github_clones_x (exit 1) cwd: C:\\x_runner_x\\x_make_github_clones_x command: C:\\x_runner_x\\artifacts\\venvs\\orchestrator_gui_py312\\Scripts\\python.exe -m ruff check . --fix --select ALL --ignore D,COM812,ISC001,T20 \u2026",
            "tool": "ruff_fix",
            "tool_version": "ruff 0.14.2"
        },
        {
            "captured_at": "2025-10-24T03:50:19.166540+00:00",
            "command": "C:\\x_runner_x\\artifacts\\venvs\\orchestrator_gui_py312\\Scripts\\python.exe -m mypy --package x_make_github_visitor_x --strict --no-warn-unused-configs --show-error-codes --warn-return-any --warn-unreachable --disallow-any-unimported --disallow-any-expr --disallow-any-decorated --disallow-any-explicit",
            "detail": {
                "cached": false,
                "cmd": [
                    "C:\\x_runner_x\\artifacts\\venvs\\orchestrator_gui_py312\\Scripts\\python.exe",
                    "-m",
                    "mypy",
                    "--package",
                    "x_make_github_visitor_x",
                    "--strict",
                    "--no-warn-unused-configs",
                    "--show-error-codes",
                    "--warn-return-any",
                    "--warn-unreachable",
                    "--disallow-any-unimported",
                    "--disallow-any-expr",
                    "--disallow-any-decorated",
                    "--disallow-any-explicit"
                ],
                "cmd_display": "C:\\x_runner_x\\artifacts\\venvs\\orchestrator_gui_py312\\Scripts\\python.exe -m mypy --package x_make_github_visitor_x --strict --no-warn-unused-configs --show-error-codes --warn-return-any --warn-unreachable --disallow-any-unimported --disallow-any-expr --disallow-any-decorated --disallow-any-explicit",
                "cwd": "C:\\x_runner_x\\x_make_github_visitor_x",
                "duration_seconds": 1.2368802000128198,
                "ended_at": "2025-10-24T03:50:19.166540+00:00",
                "exit": 1,
                "failed_files": [],
                "files_checked": [
                    "__init__.py",
                    "inspection_flow.py",
                    "json_contracts.py",
                    "run_external.py",
                    "run_visitor_no_cache.py",
                    "runner.py",
                    "tests/__init__.py",
                    "tests/test_github_visitor.py",
                    "tests/test_json_contracts.py",
                    "x_cls_make_github_visitor_x.py"
                ],
                "repo": "x_make_github_visitor_x",
                "repo_hash": "34cc446934119309d6580c4899707780bac9446bc919fd2d1095f9be3c182239",
                "repo_path": "C:\\x_runner_x\\x_make_github_visitor_x",
                "started_at": "2025-10-24T03:50:17.930741+00:00",
                "stderr": "",
                "stdout": "runner.py:955: error: Redundant cast to \"str\"  [redundant-cast]\nrunner.py:955: error: Expression has type \"Any\"  [misc]\nrunner.py:956: error: Redundant cast to \"str\"  [redundant-cast]\nrunner.py:959: error: Redundant cast to \"str\"  [redundant-cast]\nrunner.py:960: error: Redundant cast to \"str\"  [redundant-cast]\nFound 5 errors in 1 file (checked 13 source files)\n",
                "tool": "mypy",
                "tool_module": "mypy",
                "tool_version": "mypy 1.18.2 (compiled: yes)"
            },
            "exit": "exit 1",
            "message": "mypy failed for x_make_github_visitor_x (exit 1)\ncwd: C:\\x_runner_x\\x_make_github_visitor_x\ncommand: C:\\x_runner_x\\artifacts\\venvs\\orchestrator_gui_py312\\Scripts\\python.exe -m mypy --package x_make_github_visitor_x --strict --no-warn-unused-configs --show-error-codes --warn-return-any --warn-unreachable --disallow-any-unimported --disallow-any-expr --disallow-any-decorated --disallow-any-explicit\nstarted_at: 2025-10-24T03:50:17.930741+00:00\nduration: 1.237s\ntool_version: mypy 1.18.2 (compiled: yes)\nstdout:\nrunner.py:955: error: Redundant cast to \"str\"  [redundant-cast]\nrunner.py:955: error: Expression has type \"Any\"  [misc]\nrunner.py:956: error: Redundant cast to \"str\"  [redundant-cast]\nrunner.py:959: error: Redundant cast to \"str\"  [redundant-cast]\nrunner.py:960: error: Redundant cast to \"str\"  [redundant-cast]\n\u2026\nstderr:\n<empty>",
            "repo": "x_make_github_visitor_x",
            "repo_path": "C:\\x_runner_x\\x_make_github_visitor_x",
            "stderr_preview": null,
            "stdout_preview": "runner.py:955: error: Redundant cast to \"str\"  [redundant-cast]\nrunner.py:955: error: Expression has type \"Any\"  [misc]\nrunner.py:956: error: Redundant cast to \"str\"  [redundant-cast]\nrunner.py:959: error: Redundant cast to \"str\"  [redundant-cast]\nrunner.py:960: error: Redundant cast to \"str\"  [redundant-cast]\n\u2026",
            "suggested_action": "Investigate",
            "summary": "mypy failed for x_make_github_visitor_x (exit 1) cwd: C:\\x_runner_x\\x_make_github_visitor_x command: C:\\x_runner_x\\artifacts\\venvs\\orchestrator_gui_py312\\Scripts\\python.exe -m mypy --package x_make_github_visitor_x --strict --no-warn-unuse\u2026",
            "tool": "mypy",
            "tool_version": "mypy 1.18.2 (compiled: yes)"
        },
        {
            "captured_at": "2025-10-24T03:50:36.669949+00:00",
            "command": "C:\\x_runner_x\\artifacts\\venvs\\orchestrator_gui_py312\\Scripts\\python.exe -m mypy --package x_make_graphviz_x --strict --no-warn-unused-configs --show-error-codes --warn-return-any --warn-unreachable --disallow-any-unimported --disallow-any-expr --disallow-any-decorated --disallow-any-explicit",
            "detail": {
                "cached": false,
                "cmd": [
                    "C:\\x_runner_x\\artifacts\\venvs\\orchestrator_gui_py312\\Scripts\\python.exe",
                    "-m",
                    "mypy",
                    "--package",
                    "x_make_graphviz_x",
                    "--strict",
                    "--no-warn-unused-configs",
                    "--show-error-codes",
                    "--warn-return-any",
                    "--warn-unreachable",
                    "--disallow-any-unimported",
                    "--disallow-any-expr",
                    "--disallow-any-decorated",
                    "--disallow-any-explicit"
                ],
                "cmd_display": "C:\\x_runner_x\\artifacts\\venvs\\orchestrator_gui_py312\\Scripts\\python.exe -m mypy --package x_make_graphviz_x --strict --no-warn-unused-configs --show-error-codes --warn-return-any --warn-unreachable --disallow-any-unimported --disallow-any-expr --disallow-any-decorated --disallow-any-explicit",
                "cwd": "C:\\x_runner_x\\x_make_graphviz_x",
                "duration_seconds": 1.0126675000065006,
                "ended_at": "2025-10-24T03:50:36.669949+00:00",
                "exit": 1,
                "failed_files": [],
                "files_checked": [
                    "__init__.py",
                    "json_contracts/__init__.py",
                    "tests/__init__.py",
                    "tests/conftest.py",
                    "tests/test_graphviz_builder.py",
                    "tests/test_json_contracts.py",
                    "x_cls_make_graphviz_x.py"
                ],
                "repo": "x_make_graphviz_x",
                "repo_hash": "935863432ea1a7cad127966fba2454964bfe7ee92c569bc532fe1d2c75d3526e",
                "repo_path": "C:\\x_runner_x\\x_make_graphviz_x",
                "started_at": "2025-10-24T03:50:35.662790+00:00",
                "stderr": "",
                "stdout": "tests\\test_json_contracts.py:42: error: Incompatible return value type (got \"dict[str, object]\", expected \"Generator[dict[str, object], None, None]\")  [return-value]\ntests\\test_json_contracts.py:47: error: Incompatible return value type (got \"dict[str, object]\", expected \"Generator[dict[str, object], None, None]\")  [return-value]\ntests\\test_json_contracts.py:52: error: Incompatible return value type (got \"dict[str, object]\", expected \"Generator[dict[str, object], None, None]\")  [return-value]\nFound 3 errors in 1 file (checked 9 source files)\n",
                "tool": "mypy",
                "tool_module": "mypy",
                "tool_version": "mypy 1.18.2 (compiled: yes)"
            },
            "exit": "exit 1",
            "message": "mypy failed for x_make_graphviz_x (exit 1)\ncwd: C:\\x_runner_x\\x_make_graphviz_x\ncommand: C:\\x_runner_x\\artifacts\\venvs\\orchestrator_gui_py312\\Scripts\\python.exe -m mypy --package x_make_graphviz_x --strict --no-warn-unused-configs --show-error-codes --warn-return-any --warn-unreachable --disallow-any-unimported --disallow-any-expr --disallow-any-decorated --disallow-any-explicit\nstarted_at: 2025-10-24T03:50:35.662790+00:00\nduration: 1.013s\ntool_version: mypy 1.18.2 (compiled: yes)\nstdout:\ntests\\test_json_contracts.py:42: error: Incompatible return value type (got \"dict[str, object]\", expected \"Generator[dict[str, object], None, None]\")  [return-value]\ntests\\test_json_contracts.py:47: error: Incompatible return value type (got \"dict[str, object]\", expected \"Generator[dict[str, object], None, None]\")  [return-value]\ntests\\test_json_contracts.py:52: error: Incompatible return value type (got \"dict[str, object]\", expected \"Generator[dict[str, object], None, None]\")  [return-value]\nFound 3 errors in 1 file (checked 9 source files)\nstderr:\n<empty>",
            "repo": "x_make_graphviz_x",
            "repo_path": "C:\\x_runner_x\\x_make_graphviz_x",
            "stderr_preview": null,
            "stdout_preview": "tests\\test_json_contracts.py:42: error: Incompatible return value type (got \"dict[str, object]\", expected \"Generator[dict[str, object], None, None]\")  [return-value]\ntests\\test_json_contracts.py:47: error: Incompatible return value type (got \"dict[str, object]\", expected \"Generator[dict[str, object], None, None]\")  [return-value]\ntests\\test_json_contracts.py:52: error: Incompatible return value type (got \"dict[str, object]\", expected \"Generator[dict[str, object], None, None]\")  [return-value]\nFound 3 errors in 1 file (checked 9 source files)",
            "suggested_action": "Investigate",
            "summary": "mypy failed for x_make_graphviz_x (exit 1) cwd: C:\\x_runner_x\\x_make_graphviz_x command: C:\\x_runner_x\\artifacts\\venvs\\orchestrator_gui_py312\\Scripts\\python.exe -m mypy --package x_make_graphviz_x --strict --no-warn-unused-configs --show-e\u2026",
            "tool": "mypy",
            "tool_version": "mypy 1.18.2 (compiled: yes)"
        },
        {
            "captured_at": "2025-10-24T03:50:38.887602+00:00",
            "command": "C:\\x_runner_x\\artifacts\\venvs\\orchestrator_gui_py312\\Scripts\\python.exe -m pyright . --level error",
            "detail": {
                "cached": false,
                "cmd": [
                    "C:\\x_runner_x\\artifacts\\venvs\\orchestrator_gui_py312\\Scripts\\python.exe",
                    "-m",
                    "pyright",
                    ".",
                    "--level",
                    "error"
                ],
                "cmd_display": "C:\\x_runner_x\\artifacts\\venvs\\orchestrator_gui_py312\\Scripts\\python.exe -m pyright . --level error",
                "cwd": "C:\\x_runner_x\\x_make_graphviz_x",
                "duration_seconds": 2.209311600017827,
                "ended_at": "2025-10-24T03:50:38.887602+00:00",
                "exit": 1,
                "failed_files": [],
                "files_checked": [
                    "__init__.py",
                    "json_contracts/__init__.py",
                    "tests/__init__.py",
                    "tests/conftest.py",
                    "tests/test_graphviz_builder.py",
                    "tests/test_json_contracts.py",
                    "x_cls_make_graphviz_x.py"
                ],
                "repo": "x_make_graphviz_x",
                "repo_hash": "935863432ea1a7cad127966fba2454964bfe7ee92c569bc532fe1d2c75d3526e",
                "repo_path": "C:\\x_runner_x\\x_make_graphviz_x",
                "started_at": "2025-10-24T03:50:36.678190+00:00",
                "stderr": "",
                "stdout": "c:\\x_runner_x\\x_make_graphviz_x\\tests\\test_json_contracts.py\n  c:\\x_runner_x\\x_make_graphviz_x\\tests\\test_json_contracts.py:42:12 - error: Type \"dict[str, object]\" is not assignable to return type \"Generator[dict[str, object], None, None]\"\n  \u00c2\u00a0\u00c2\u00a0\"dict[str, object]\" is incompatible with protocol \"Generator[dict[str, object], None, None]\"\n  \u00c2\u00a0\u00c2\u00a0\u00c2\u00a0\u00c2\u00a0\"__next__\" is not present\n  \u00c2\u00a0\u00c2\u00a0\u00c2\u00a0\u00c2\u00a0\"send\" is not present\n  \u00c2\u00a0\u00c2\u00a0\u00c2\u00a0\u00c2\u00a0\"throw\" is not present\n  \u00c2\u00a0\u00c2\u00a0\u00c2\u00a0\u00c2\u00a0\"close\" is not present\n  \u00c2\u00a0\u00c2\u00a0\u00c2\u00a0\u00c2\u00a0\u00c2\u00a0\u00c2\u00a0\"__iter__\" is an incompatible type\n  \u00c2\u00a0\u00c2\u00a0\u00c2\u00a0\u00c2\u00a0\u00c2\u00a0\u00c2\u00a0\u00c2\u00a0\u00c2\u00a0Type \"() -> Iterator[str]\" is not assignable to type \"() -> Generator[_YieldT_co@Generator, _SendT_contra@Generator, _ReturnT_co@Generator]\"\n  \u00c2\u00a0\u00c2\u00a0\u00c2\u00a0\u00c2\u00a0\u00c2\u00a0\u00c2\u00a0\u00c2\u00a0\u00c2\u00a0\u00c2\u00a0\u00c2\u00a0Function return type \"Iterator[str]\" is incompatible with type \"Generator[_YieldT_co@Generator, _SendT_contra@Generator, _ReturnT_co@Generator]\" (reportReturnType)\n  c:\\x_runner_x\\x_make_graphviz_x\\tests\\test_json_contracts.py:47:12 - error: Type \"dict[str, object]\" is not assignable to return type \"Generator[dict[str, object], None, None]\"\n  \u00c2\u00a0\u00c2\u00a0\"dict[str, object]\" is incompatible with protocol \"Generator[dict[str, object], None, None]\"\n  \u00c2\u00a0\u00c2\u00a0\u00c2\u00a0\u00c2\u00a0\"__next__\" is not present\n  \u00c2\u00a0\u00c2\u00a0\u00c2\u00a0\u00c2\u00a0\"send\" is not present\n  \u00c2\u00a0\u00c2\u00a0\u00c2\u00a0\u00c2\u00a0\"throw\" is not present\n  \u00c2\u00a0\u00c2\u00a0\u00c2\u00a0\u00c2\u00a0\"close\" is not present\n  \u00c2\u00a0\u00c2\u00a0\u00c2\u00a0\u00c2\u00a0\u00c2\u00a0\u00c2\u00a0\"__iter__\" is an incompatible type\n  \u00c2\u00a0\u00c2\u00a0\u00c2\u00a0\u00c2\u00a0\u00c2\u00a0\u00c2\u00a0\u00c2\u00a0\u00c2\u00a0Type \"() -> Iterator[str]\" is not assignable to type \"() -> Generator[_YieldT_co@Generator, _SendT_contra@Generator, _ReturnT_co@Generator]\"\n  \u00c2\u00a0\u00c2\u00a0\u00c2\u00a0\u00c2\u00a0\u00c2\u00a0\u00c2\u00a0\u00c2\u00a0\u00c2\u00a0\u00c2\u00a0\u00c2\u00a0Function return type \"Iterator[str]\" is incompatible with type \"Generator[_YieldT_co@Generator, _SendT_contra@Generator, _ReturnT_co@Generator]\" (reportReturnType)\n  c:\\x_runner_x\\x_make_graphviz_x\\tests\\test_json_contracts.py:52:12 - error: Type \"dict[str, object]\" is not assignable to return type \"Generator[dict[str, object], None, None]\"\n  \u00c2\u00a0\u00c2\u00a0\"dict[str, object]\" is incompatible with protocol \"Generator[dict[str, object], None, None]\"\n  \u00c2\u00a0\u00c2\u00a0\u00c2\u00a0\u00c2\u00a0\"__next__\" is not present\n  \u00c2\u00a0\u00c2\u00a0\u00c2\u00a0\u00c2\u00a0\"send\" is not present\n  \u00c2\u00a0\u00c2\u00a0\u00c2\u00a0\u00c2\u00a0\"throw\" is not present\n  \u00c2\u00a0\u00c2\u00a0\u00c2\u00a0\u00c2\u00a0\"close\" is not present\n  \u00c2\u00a0\u00c2\u00a0\u00c2\u00a0\u00c2\u00a0\u00c2\u00a0\u00c2\u00a0\"__iter__\" is an incompatible type\n  \u00c2\u00a0\u00c2\u00a0\u00c2\u00a0\u00c2\u00a0\u00c2\u00a0\u00c2\u00a0\u00c2\u00a0\u00c2\u00a0Type \"() -> Iterator[str]\" is not assignable to type \"() -> Generator[_YieldT_co@Generator, _SendT_contra@Generator, _ReturnT_co@Generator]\"\n  \u00c2\u00a0\u00c2\u00a0\u00c2\u00a0\u00c2\u00a0\u00c2\u00a0\u00c2\u00a0\u00c2\u00a0\u00c2\u00a0\u00c2\u00a0\u00c2\u00a0Function return type \"Iterator[str]\" is incompatible with type \"Generator[_YieldT_co@Generator, _SendT_contra@Generator, _ReturnT_co@Generator]\" (reportReturnType)\n3 errors, 0 warnings, 0 informations\n",
                "tool": "pyright",
                "tool_module": "pyright",
                "tool_version": "pyright 1.1.406"
            },
            "exit": "exit 1",
            "message": "pyright failed for x_make_graphviz_x (exit 1)\ncwd: C:\\x_runner_x\\x_make_graphviz_x\ncommand: C:\\x_runner_x\\artifacts\\venvs\\orchestrator_gui_py312\\Scripts\\python.exe -m pyright . --level error\nstarted_at: 2025-10-24T03:50:36.678190+00:00\nduration: 2.209s\ntool_version: pyright 1.1.406\nstdout:\nc:\\x_runner_x\\x_make_graphviz_x\\tests\\test_json_contracts.py\n  c:\\x_runner_x\\x_make_graphviz_x\\tests\\test_json_contracts.py:42:12 - error: Type \"dict[str, object]\" is not assignable to return type \"Generator[dict[str, object], None, None]\"\n  \u00c2\u00a0\u00c2\u00a0\"dict[str, object]\" is incompatible with protocol \"Generator[dict[str, object], None, None]\"\n  \u00c2\u00a0\u00c2\u00a0\u00c2\u00a0\u00c2\u00a0\"__next__\" is not present\n  \u00c2\u00a0\u00c2\u00a0\u00c2\u00a0\u00c2\u00a0\"send\" is not present\n\u2026\nstderr:\n<empty>",
            "repo": "x_make_graphviz_x",
            "repo_path": "C:\\x_runner_x\\x_make_graphviz_x",
            "stderr_preview": null,
            "stdout_preview": "c:\\x_runner_x\\x_make_graphviz_x\\tests\\test_json_contracts.py\n  c:\\x_runner_x\\x_make_graphviz_x\\tests\\test_json_contracts.py:42:12 - error: Type \"dict[str, object]\" is not assignable to return type \"Generator[dict[str, object], None, None]\"\n  \u00c2\u00a0\u00c2\u00a0\"dict[str, object]\" is incompatible with protocol \"Generator[dict[str, object], None, None]\"\n  \u00c2\u00a0\u00c2\u00a0\u00c2\u00a0\u00c2\u00a0\"__next__\" is not present\n  \u00c2\u00a0\u00c2\u00a0\u00c2\u00a0\u00c2\u00a0\"send\" is not present\n\u2026",
            "suggested_action": "Investigate",
            "summary": "pyright failed for x_make_graphviz_x (exit 1) cwd: C:\\x_runner_x\\x_make_graphviz_x command: C:\\x_runner_x\\artifacts\\venvs\\orchestrator_gui_py312\\Scripts\\python.exe -m pyright . --level error started_at: 2025-10-24T03:50:36.678190+00:00 dur\u2026",
            "tool": "pyright",
            "tool_version": "pyright 1.1.406"
        },
        {
            "captured_at": "2025-10-24T03:50:35.646892+00:00",
            "command": "C:\\x_runner_x\\artifacts\\venvs\\orchestrator_gui_py312\\Scripts\\python.exe -m ruff check . --select ALL --ignore D,COM812,ISC001,T20 --line-length 88 --target-version py311",
            "detail": {
                "cached": false,
                "cmd": [
                    "C:\\x_runner_x\\artifacts\\venvs\\orchestrator_gui_py312\\Scripts\\python.exe",
                    "-m",
                    "ruff",
                    "check",
                    ".",
                    "--select",
                    "ALL",
                    "--ignore",
                    "D,COM812,ISC001,T20",
                    "--line-length",
                    "88",
                    "--target-version",
                    "py311"
                ],
                "cmd_display": "C:\\x_runner_x\\artifacts\\venvs\\orchestrator_gui_py312\\Scripts\\python.exe -m ruff check . --select ALL --ignore D,COM812,ISC001,T20 --line-length 88 --target-version py311",
                "cwd": "C:\\x_runner_x\\x_make_graphviz_x",
                "duration_seconds": 0.1569354000093881,
                "ended_at": "2025-10-24T03:50:35.646892+00:00",
                "exit": 1,
                "failed_files": [],
                "files_checked": [
                    "__init__.py",
                    "json_contracts/__init__.py",
                    "tests/__init__.py",
                    "tests/conftest.py",
                    "tests/test_graphviz_builder.py",
                    "tests/test_json_contracts.py",
                    "x_cls_make_graphviz_x.py"
                ],
                "repo": "x_make_graphviz_x",
                "repo_hash": "935863432ea1a7cad127966fba2454964bfe7ee92c569bc532fe1d2c75d3526e",
                "repo_path": "C:\\x_runner_x\\x_make_graphviz_x",
                "started_at": "2025-10-24T03:50:35.501545+00:00",
                "stderr": "",
                "stdout": "TC003 Move standard library import `collections.abc.Generator` into a type-checking block\n --> tests\\test_json_contracts.py:6:29\n  |\n4 | import copy\n5 | import json\n6 | from collections.abc import Generator\n  |                             ^^^^^^^^^\n7 | from pathlib import Path\n8 | from typing import cast\n  |\nhelp: Move into type-checking block\n\nTRY004 Prefer `TypeError` exception for invalid type\n  --> tests\\test_json_contracts.py:28:9\n   |\n26 |         raw: object = json.load(handle)\n27 |     if not isinstance(raw, dict):\n28 |         raise AssertionError(f\"Fixture {path} must contain a JSON object\")\n   |         ^^^^^^^^^^^^^^^^^^^^^^^^^^^^^^^^^^^^^^^^^^^^^^^^^^^^^^^^^^^^^^^^^^\n29 |     return cast(\"dict[str, object]\", raw)\n   |\n\nTRY003 Avoid specifying long messages outside the exception class\n  --> tests\\test_json_contracts.py:28:15\n   |\n26 |         raw: object = json.load(handle)\n27 |     if not isinstance(raw, dict):\n28 |         raise AssertionError(f\"Fixture {path} must contain a JSON object\")\n   |               ^^^^^^^^^^^^^^^^^^^^^^^^^^^^^^^^^^^^^^^^^^^^^^^^^^^^^^^^^^^^\n29 |     return cast(\"dict[str, object]\", raw)\n   |\n\nEM102 Exception must not use an f-string literal, assign to variable first\n  --> tests\\test_json_contracts.py:28:30\n   |\n26 |         raw: object = json.load(handle)\n27 |     if not isinstance(raw, dict):\n28 |         raise AssertionError(f\"Fixture {path} must contain a JSON object\")\n   |                              ^^^^^^^^^^^^^^^^^^^^^^^^^^^^^^^^^^^^^^^^^^^^\n29 |     return cast(\"dict[str, object]\", raw)\n   |\nhelp: Assign to variable; remove f-string literal\n\nTRY003 Avoid specifying long messages outside the exception class\n   --> x_cls_make_graphviz_x.py:598:19\n    |\n596 |         raw: object = json.load(handle)\n597 |         if not isinstance(raw, dict):\n598 |             raise SystemExit(\"JSON payload must be an object\")\n    |                   ^^^^^^^^^^^^^^^^^^^^^^^^^^^^^^^^^^^^^^^^^^^^\n599 |         return cast(\"dict[str, object]\", raw)\n    |\n\nEM101 Exception must not use a string literal, assign to variable first\n   --> x_cls_make_graphviz_x.py:598:30\n    |\n596 |         raw: object = json.load(handle)\n597 |         if not isinstance(raw, dict):\n598 |             raise SystemExit(\"JSON payload must be an object\")\n    |                              ^^^^^^^^^^^^^^^^^^^^^^^^^^^^^^^^\n599 |         return cast(\"dict[str, object]\", raw)\n    |\nhelp: Assign to variable; remove string literal\n\nTRY003 Avoid specifying long messages outside the exception class\n   --> x_cls_make_graphviz_x.py:627:15\n    |\n625 |     rendered_obj: object = json.dumps(result, indent=2)\n626 |     if not isinstance(rendered_obj, str):  # pragma: no cover - defensive\n627 |         raise SystemExit(\"JSON rendering failed\")\n    |               ^^^^^^^^^^^^^^^^^^^^^^^^^^^^^^^^^^^\n628 |     rendered: str = rendered_obj\n629 |     _sys.stdout.write(rendered)\n    |\n\nEM101 Exception must not use a string literal, assign to variable first\n   --> x_cls_make_graphviz_x.py:627:26\n    |\n625 |     rendered_obj: object = json.dumps(result, indent=2)\n626 |     if not isinstance(rendered_obj, str):  # pragma: no cover - defensive\n627 |         raise SystemExit(\"JSON rendering failed\")\n    |                          ^^^^^^^^^^^^^^^^^^^^^^^\n628 |     rendered: str = rendered_obj\n629 |     _sys.stdout.write(rendered)\n    |\nhelp: Assign to variable; remove string literal\n\nFound 8 errors.\nNo fixes available (4 hidden fixes can be enabled with the `--unsafe-fixes` option).\n",
                "tool": "ruff_check",
                "tool_module": "ruff",
                "tool_version": "ruff 0.14.2"
            },
            "exit": "exit 1",
            "message": "ruff_check failed for x_make_graphviz_x (exit 1)\ncwd: C:\\x_runner_x\\x_make_graphviz_x\ncommand: C:\\x_runner_x\\artifacts\\venvs\\orchestrator_gui_py312\\Scripts\\python.exe -m ruff check . --select ALL --ignore D,COM812,ISC001,T20 --line-length 88 --target-version py311\nstarted_at: 2025-10-24T03:50:35.501545+00:00\nduration: 0.157s\ntool_version: ruff 0.14.2\nstdout:\nTC003 Move standard library import `collections.abc.Generator` into a type-checking block\n --> tests\\test_json_contracts.py:6:29\n  |\n4 | import copy\n5 | import json\n\u2026\nstderr:\n<empty>",
            "repo": "x_make_graphviz_x",
            "repo_path": "C:\\x_runner_x\\x_make_graphviz_x",
            "stderr_preview": null,
            "stdout_preview": "TC003 Move standard library import `collections.abc.Generator` into a type-checking block\n --> tests\\test_json_contracts.py:6:29\n  |\n4 | import copy\n5 | import json\n\u2026",
            "suggested_action": "Investigate",
            "summary": "ruff_check failed for x_make_graphviz_x (exit 1) cwd: C:\\x_runner_x\\x_make_graphviz_x command: C:\\x_runner_x\\artifacts\\venvs\\orchestrator_gui_py312\\Scripts\\python.exe -m ruff check . --select ALL --ignore D,COM812,ISC001,T20 --line-length \u2026",
            "tool": "ruff_check",
            "tool_version": "ruff 0.14.2"
        },
        {
            "captured_at": "2025-10-24T03:50:33.222019+00:00",
            "command": "C:\\x_runner_x\\artifacts\\venvs\\orchestrator_gui_py312\\Scripts\\python.exe -m ruff check . --fix --select ALL --ignore D,COM812,ISC001,T20 --line-length 88 --target-version py311",
            "detail": {
                "cached": false,
                "cmd": [
                    "C:\\x_runner_x\\artifacts\\venvs\\orchestrator_gui_py312\\Scripts\\python.exe",
                    "-m",
                    "ruff",
                    "check",
                    ".",
                    "--fix",
                    "--select",
                    "ALL",
                    "--ignore",
                    "D,COM812,ISC001,T20",
                    "--line-length",
                    "88",
                    "--target-version",
                    "py311"
                ],
                "cmd_display": "C:\\x_runner_x\\artifacts\\venvs\\orchestrator_gui_py312\\Scripts\\python.exe -m ruff check . --fix --select ALL --ignore D,COM812,ISC001,T20 --line-length 88 --target-version py311",
                "cwd": "C:\\x_runner_x\\x_make_graphviz_x",
                "duration_seconds": 0.15991960000246763,
                "ended_at": "2025-10-24T03:50:33.222019+00:00",
                "exit": 1,
                "failed_files": [],
                "files_checked": [
                    "__init__.py",
                    "json_contracts/__init__.py",
                    "tests/__init__.py",
                    "tests/conftest.py",
                    "tests/test_graphviz_builder.py",
                    "tests/test_json_contracts.py",
                    "x_cls_make_graphviz_x.py"
                ],
                "repo": "x_make_graphviz_x",
                "repo_hash": "935863432ea1a7cad127966fba2454964bfe7ee92c569bc532fe1d2c75d3526e",
                "repo_path": "C:\\x_runner_x\\x_make_graphviz_x",
                "started_at": "2025-10-24T03:50:33.062915+00:00",
                "stderr": "",
                "stdout": "TC003 Move standard library import `collections.abc.Generator` into a type-checking block\n --> tests\\test_json_contracts.py:6:29\n  |\n4 | import copy\n5 | import json\n6 | from collections.abc import Generator\n  |                             ^^^^^^^^^\n7 | from pathlib import Path\n8 | from typing import cast\n  |\nhelp: Move into type-checking block\n\nTRY004 Prefer `TypeError` exception for invalid type\n  --> tests\\test_json_contracts.py:28:9\n   |\n26 |         raw: object = json.load(handle)\n27 |     if not isinstance(raw, dict):\n28 |         raise AssertionError(f\"Fixture {path} must contain a JSON object\")\n   |         ^^^^^^^^^^^^^^^^^^^^^^^^^^^^^^^^^^^^^^^^^^^^^^^^^^^^^^^^^^^^^^^^^^\n29 |     return cast(\"dict[str, object]\", raw)\n   |\n\nTRY003 Avoid specifying long messages outside the exception class\n  --> tests\\test_json_contracts.py:28:15\n   |\n26 |         raw: object = json.load(handle)\n27 |     if not isinstance(raw, dict):\n28 |         raise AssertionError(f\"Fixture {path} must contain a JSON object\")\n   |               ^^^^^^^^^^^^^^^^^^^^^^^^^^^^^^^^^^^^^^^^^^^^^^^^^^^^^^^^^^^^\n29 |     return cast(\"dict[str, object]\", raw)\n   |\n\nEM102 Exception must not use an f-string literal, assign to variable first\n  --> tests\\test_json_contracts.py:28:30\n   |\n26 |         raw: object = json.load(handle)\n27 |     if not isinstance(raw, dict):\n28 |         raise AssertionError(f\"Fixture {path} must contain a JSON object\")\n   |                              ^^^^^^^^^^^^^^^^^^^^^^^^^^^^^^^^^^^^^^^^^^^^\n29 |     return cast(\"dict[str, object]\", raw)\n   |\nhelp: Assign to variable; remove f-string literal\n\nTRY003 Avoid specifying long messages outside the exception class\n   --> x_cls_make_graphviz_x.py:598:19\n    |\n596 |         raw: object = json.load(handle)\n597 |         if not isinstance(raw, dict):\n598 |             raise SystemExit(\"JSON payload must be an object\")\n    |                   ^^^^^^^^^^^^^^^^^^^^^^^^^^^^^^^^^^^^^^^^^^^^\n599 |         return cast(\"dict[str, object]\", raw)\n    |\n\nEM101 Exception must not use a string literal, assign to variable first\n   --> x_cls_make_graphviz_x.py:598:30\n    |\n596 |         raw: object = json.load(handle)\n597 |         if not isinstance(raw, dict):\n598 |             raise SystemExit(\"JSON payload must be an object\")\n    |                              ^^^^^^^^^^^^^^^^^^^^^^^^^^^^^^^^\n599 |         return cast(\"dict[str, object]\", raw)\n    |\nhelp: Assign to variable; remove string literal\n\nTRY003 Avoid specifying long messages outside the exception class\n   --> x_cls_make_graphviz_x.py:627:15\n    |\n625 |     rendered_obj: object = json.dumps(result, indent=2)\n626 |     if not isinstance(rendered_obj, str):  # pragma: no cover - defensive\n627 |         raise SystemExit(\"JSON rendering failed\")\n    |               ^^^^^^^^^^^^^^^^^^^^^^^^^^^^^^^^^^^\n628 |     rendered: str = rendered_obj\n629 |     _sys.stdout.write(rendered)\n    |\n\nEM101 Exception must not use a string literal, assign to variable first\n   --> x_cls_make_graphviz_x.py:627:26\n    |\n625 |     rendered_obj: object = json.dumps(result, indent=2)\n626 |     if not isinstance(rendered_obj, str):  # pragma: no cover - defensive\n627 |         raise SystemExit(\"JSON rendering failed\")\n    |                          ^^^^^^^^^^^^^^^^^^^^^^^\n628 |     rendered: str = rendered_obj\n629 |     _sys.stdout.write(rendered)\n    |\nhelp: Assign to variable; remove string literal\n\nFound 17 errors (9 fixed, 8 remaining).\nNo fixes available (4 hidden fixes can be enabled with the `--unsafe-fixes` option).\n",
                "tool": "ruff_fix",
                "tool_module": "ruff",
                "tool_version": "ruff 0.14.2"
            },
            "exit": "exit 1",
            "message": "ruff_fix failed for x_make_graphviz_x (exit 1)\ncwd: C:\\x_runner_x\\x_make_graphviz_x\ncommand: C:\\x_runner_x\\artifacts\\venvs\\orchestrator_gui_py312\\Scripts\\python.exe -m ruff check . --fix --select ALL --ignore D,COM812,ISC001,T20 --line-length 88 --target-version py311\nstarted_at: 2025-10-24T03:50:33.062915+00:00\nduration: 0.160s\ntool_version: ruff 0.14.2\nstdout:\nTC003 Move standard library import `collections.abc.Generator` into a type-checking block\n --> tests\\test_json_contracts.py:6:29\n  |\n4 | import copy\n5 | import json\n\u2026\nstderr:\n<empty>",
            "repo": "x_make_graphviz_x",
            "repo_path": "C:\\x_runner_x\\x_make_graphviz_x",
            "stderr_preview": null,
            "stdout_preview": "TC003 Move standard library import `collections.abc.Generator` into a type-checking block\n --> tests\\test_json_contracts.py:6:29\n  |\n4 | import copy\n5 | import json\n\u2026",
            "suggested_action": "Investigate",
            "summary": "ruff_fix failed for x_make_graphviz_x (exit 1) cwd: C:\\x_runner_x\\x_make_graphviz_x command: C:\\x_runner_x\\artifacts\\venvs\\orchestrator_gui_py312\\Scripts\\python.exe -m ruff check . --fix --select ALL --ignore D,COM812,ISC001,T20 --line-len\u2026",
            "tool": "ruff_fix",
            "tool_version": "ruff 0.14.2"
        },
        {
            "captured_at": "2025-10-24T03:50:56.185685+00:00",
            "command": "C:\\x_runner_x\\artifacts\\venvs\\orchestrator_gui_py312\\Scripts\\python.exe -m black . --line-length 88 --target-version py311 --check --diff",
            "detail": {
                "cached": false,
                "cmd": [
                    "C:\\x_runner_x\\artifacts\\venvs\\orchestrator_gui_py312\\Scripts\\python.exe",
                    "-m",
                    "black",
                    ".",
                    "--line-length",
                    "88",
                    "--target-version",
                    "py311",
                    "--check",
                    "--diff"
                ],
                "cmd_display": "C:\\x_runner_x\\artifacts\\venvs\\orchestrator_gui_py312\\Scripts\\python.exe -m black . --line-length 88 --target-version py311 --check --diff",
                "cwd": "C:\\x_runner_x\\x_make_markdown_x",
                "duration_seconds": 1.837659100012388,
                "ended_at": "2025-10-24T03:50:56.185685+00:00",
                "exit": 1,
                "failed_files": [],
                "files_checked": [
                    "__init__.py",
                    "json_contracts/__init__.py",
                    "tests/__init__.py",
                    "tests/test_json_contracts.py",
                    "tests/test_markdown_builder.py",
                    "x_cls_make_markdown_x.py"
                ],
                "repo": "x_make_markdown_x",
                "repo_hash": "7c847426afd88fba7b8ee8c03e0b30796e7442e10934ab3a642ed059f95bc8d5",
                "repo_path": "C:\\x_runner_x\\x_make_markdown_x",
                "started_at": "2025-10-24T03:50:54.347066+00:00",
                "stderr": "would reformat C:\\x_runner_x\\x_make_markdown_x\\x_cls_make_markdown_x.py\n\nOh no! \\U0001f4a5 \\U0001f494 \\U0001f4a5\n1 file would be reformatted, 5 files would be left unchanged.\n",
                "stdout": "--- C:\\x_runner_x\\x_make_markdown_x\\x_cls_make_markdown_x.py\t2025-10-24 03:50:54.300786+00:00\n+++ C:\\x_runner_x\\x_make_markdown_x\\x_cls_make_markdown_x.py\t2025-10-24 03:50:56.010272+00:00\n@@ -31,14 +31,16 @@\n \n from x_make_markdown_x.json_contracts import ERROR_SCHEMA, INPUT_SCHEMA, OUTPUT_SCHEMA\n \n _LOGGER = _logging.getLogger(\"x_make\")\n \n+\n class _ValidationErrorProtocol(Protocol):\n     message: str\n     path: tuple[object, ...]\n     schema_path: tuple[object, ...]\n+\n \n def _load_validation_error() -> type[Exception]:\n     \"\"\"Import jsonschema.ValidationError without requiring bundled stubs.\"\"\"\n \n     module = importlib.import_module(\"jsonschema\")\n",
                "tool": "black",
                "tool_module": "black",
                "tool_version": "python -m black, 25.9.0 (compiled: yes)\nPython (CPython) 3.12.6"
            },
            "exit": "exit 1",
            "message": "black failed for x_make_markdown_x (exit 1)\ncwd: C:\\x_runner_x\\x_make_markdown_x\ncommand: C:\\x_runner_x\\artifacts\\venvs\\orchestrator_gui_py312\\Scripts\\python.exe -m black . --line-length 88 --target-version py311 --check --diff\nstarted_at: 2025-10-24T03:50:54.347066+00:00\nduration: 1.838s\ntool_version: python -m black, 25.9.0 (compiled: yes)\nPython (CPython) 3.12.6\nstdout:\n--- C:\\x_runner_x\\x_make_markdown_x\\x_cls_make_markdown_x.py\t2025-10-24 03:50:54.300786+00:00\n+++ C:\\x_runner_x\\x_make_markdown_x\\x_cls_make_markdown_x.py\t2025-10-24 03:50:56.010272+00:00\n@@ -31,14 +31,16 @@\n \n from x_make_markdown_x.json_contracts import ERROR_SCHEMA, INPUT_SCHEMA, OUTPUT_SCHEMA\n\u2026\nstderr:\nwould reformat C:\\x_runner_x\\x_make_markdown_x\\x_cls_make_markdown_x.py\n\nOh no! \\U0001f4a5 \\U0001f494 \\U0001f4a5\n1 file would be reformatted, 5 files would be left unchanged.",
            "repo": "x_make_markdown_x",
            "repo_path": "C:\\x_runner_x\\x_make_markdown_x",
            "stderr_preview": "would reformat C:\\x_runner_x\\x_make_markdown_x\\x_cls_make_markdown_x.py\n\nOh no! \\U0001f4a5 \\U0001f494 \\U0001f4a5\n1 file would be reformatted, 5 files would be left unchanged.",
            "stdout_preview": "--- C:\\x_runner_x\\x_make_markdown_x\\x_cls_make_markdown_x.py\t2025-10-24 03:50:54.300786+00:00\n+++ C:\\x_runner_x\\x_make_markdown_x\\x_cls_make_markdown_x.py\t2025-10-24 03:50:56.010272+00:00\n@@ -31,14 +31,16 @@\n \n from x_make_markdown_x.json_contracts import ERROR_SCHEMA, INPUT_SCHEMA, OUTPUT_SCHEMA\n\u2026",
            "suggested_action": "Investigate",
            "summary": "black failed for x_make_markdown_x (exit 1) cwd: C:\\x_runner_x\\x_make_markdown_x command: C:\\x_runner_x\\artifacts\\venvs\\orchestrator_gui_py312\\Scripts\\python.exe -m black . --line-length 88 --target-version py311 --check --diff started_at:\u2026",
            "tool": "black",
            "tool_version": "python -m black, 25.9.0 (compiled: yes)\nPython (CPython) 3.12.6"
        },
        {
            "captured_at": "2025-10-24T03:50:57.353220+00:00",
            "command": "C:\\x_runner_x\\artifacts\\venvs\\orchestrator_gui_py312\\Scripts\\python.exe -m mypy --package x_make_markdown_x --strict --no-warn-unused-configs --show-error-codes --warn-return-any --warn-unreachable --disallow-any-unimported --disallow-any-expr --disallow-any-decorated --disallow-any-explicit",
            "detail": {
                "cached": false,
                "cmd": [
                    "C:\\x_runner_x\\artifacts\\venvs\\orchestrator_gui_py312\\Scripts\\python.exe",
                    "-m",
                    "mypy",
                    "--package",
                    "x_make_markdown_x",
                    "--strict",
                    "--no-warn-unused-configs",
                    "--show-error-codes",
                    "--warn-return-any",
                    "--warn-unreachable",
                    "--disallow-any-unimported",
                    "--disallow-any-expr",
                    "--disallow-any-decorated",
                    "--disallow-any-explicit"
                ],
                "cmd_display": "C:\\x_runner_x\\artifacts\\venvs\\orchestrator_gui_py312\\Scripts\\python.exe -m mypy --package x_make_markdown_x --strict --no-warn-unused-configs --show-error-codes --warn-return-any --warn-unreachable --disallow-any-unimported --disallow-any-expr --disallow-any-decorated --disallow-any-explicit",
                "cwd": "C:\\x_runner_x\\x_make_markdown_x",
                "duration_seconds": 1.0083642000099644,
                "ended_at": "2025-10-24T03:50:57.353220+00:00",
                "exit": 1,
                "failed_files": [],
                "files_checked": [
                    "__init__.py",
                    "json_contracts/__init__.py",
                    "tests/__init__.py",
                    "tests/test_json_contracts.py",
                    "tests/test_markdown_builder.py",
                    "x_cls_make_markdown_x.py"
                ],
                "repo": "x_make_markdown_x",
                "repo_hash": "7c847426afd88fba7b8ee8c03e0b30796e7442e10934ab3a642ed059f95bc8d5",
                "repo_path": "C:\\x_runner_x\\x_make_markdown_x",
                "started_at": "2025-10-24T03:50:56.349146+00:00",
                "stderr": "",
                "stdout": "x_cls_make_markdown_x.py:45: error: Expression has type \"Any\"  [misc]\ntests\\test_json_contracts.py:26: error: Expression has type \"Any\"  [misc]\ntests\\test_json_contracts.py:27: error: Expression has type \"Any\"  [misc]\ntests\\test_json_contracts.py:35: error: Incompatible return value type (got \"dict[str, object]\", expected \"Generator[dict[str, object], None, None]\")  [return-value]\ntests\\test_json_contracts.py:40: error: Incompatible return value type (got \"dict[str, object]\", expected \"Generator[dict[str, object], None, None]\")  [return-value]\ntests\\test_json_contracts.py:45: error: Incompatible return value type (got \"dict[str, object]\", expected \"Generator[dict[str, object], None, None]\")  [return-value]\nFound 6 errors in 2 files (checked 12 source files)\n",
                "tool": "mypy",
                "tool_module": "mypy",
                "tool_version": "mypy 1.18.2 (compiled: yes)"
            },
            "exit": "exit 1",
            "message": "mypy failed for x_make_markdown_x (exit 1)\ncwd: C:\\x_runner_x\\x_make_markdown_x\ncommand: C:\\x_runner_x\\artifacts\\venvs\\orchestrator_gui_py312\\Scripts\\python.exe -m mypy --package x_make_markdown_x --strict --no-warn-unused-configs --show-error-codes --warn-return-any --warn-unreachable --disallow-any-unimported --disallow-any-expr --disallow-any-decorated --disallow-any-explicit\nstarted_at: 2025-10-24T03:50:56.349146+00:00\nduration: 1.008s\ntool_version: mypy 1.18.2 (compiled: yes)\nstdout:\nx_cls_make_markdown_x.py:45: error: Expression has type \"Any\"  [misc]\ntests\\test_json_contracts.py:26: error: Expression has type \"Any\"  [misc]\ntests\\test_json_contracts.py:27: error: Expression has type \"Any\"  [misc]\ntests\\test_json_contracts.py:35: error: Incompatible return value type (got \"dict[str, object]\", expected \"Generator[dict[str, object], None, None]\")  [return-value]\ntests\\test_json_contracts.py:40: error: Incompatible return value type (got \"dict[str, object]\", expected \"Generator[dict[str, object], None, None]\")  [return-value]\n\u2026\nstderr:\n<empty>",
            "repo": "x_make_markdown_x",
            "repo_path": "C:\\x_runner_x\\x_make_markdown_x",
            "stderr_preview": null,
            "stdout_preview": "x_cls_make_markdown_x.py:45: error: Expression has type \"Any\"  [misc]\ntests\\test_json_contracts.py:26: error: Expression has type \"Any\"  [misc]\ntests\\test_json_contracts.py:27: error: Expression has type \"Any\"  [misc]\ntests\\test_json_contracts.py:35: error: Incompatible return value type (got \"dict[str, object]\", expected \"Generator[dict[str, object], None, None]\")  [return-value]\ntests\\test_json_contracts.py:40: error: Incompatible return value type (got \"dict[str, object]\", expected \"Generator[dict[str, object], None, None]\")  [return-value]\n\u2026",
            "suggested_action": "Investigate",
            "summary": "mypy failed for x_make_markdown_x (exit 1) cwd: C:\\x_runner_x\\x_make_markdown_x command: C:\\x_runner_x\\artifacts\\venvs\\orchestrator_gui_py312\\Scripts\\python.exe -m mypy --package x_make_markdown_x --strict --no-warn-unused-configs --show-e\u2026",
            "tool": "mypy",
            "tool_version": "mypy 1.18.2 (compiled: yes)"
        },
        {
            "captured_at": "2025-10-24T03:50:59.596605+00:00",
            "command": "C:\\x_runner_x\\artifacts\\venvs\\orchestrator_gui_py312\\Scripts\\python.exe -m pyright . --level error",
            "detail": {
                "cached": false,
                "cmd": [
                    "C:\\x_runner_x\\artifacts\\venvs\\orchestrator_gui_py312\\Scripts\\python.exe",
                    "-m",
                    "pyright",
                    ".",
                    "--level",
                    "error"
                ],
                "cmd_display": "C:\\x_runner_x\\artifacts\\venvs\\orchestrator_gui_py312\\Scripts\\python.exe -m pyright . --level error",
                "cwd": "C:\\x_runner_x\\x_make_markdown_x",
                "duration_seconds": 2.238658400019631,
                "ended_at": "2025-10-24T03:50:59.596605+00:00",
                "exit": 1,
                "failed_files": [],
                "files_checked": [
                    "__init__.py",
                    "json_contracts/__init__.py",
                    "tests/__init__.py",
                    "tests/test_json_contracts.py",
                    "tests/test_markdown_builder.py",
                    "x_cls_make_markdown_x.py"
                ],
                "repo": "x_make_markdown_x",
                "repo_hash": "7c847426afd88fba7b8ee8c03e0b30796e7442e10934ab3a642ed059f95bc8d5",
                "repo_path": "C:\\x_runner_x\\x_make_markdown_x",
                "started_at": "2025-10-24T03:50:57.361005+00:00",
                "stderr": "",
                "stdout": "c:\\x_runner_x\\x_make_markdown_x\\tests\\test_json_contracts.py\n  c:\\x_runner_x\\x_make_markdown_x\\tests\\test_json_contracts.py:35:12 - error: Type \"dict[str, object]\" is not assignable to return type \"Generator[dict[str, object], None, None]\"\n  \u00c2\u00a0\u00c2\u00a0\"dict[str, object]\" is incompatible with protocol \"Generator[dict[str, object], None, None]\"\n  \u00c2\u00a0\u00c2\u00a0\u00c2\u00a0\u00c2\u00a0\"__next__\" is not present\n  \u00c2\u00a0\u00c2\u00a0\u00c2\u00a0\u00c2\u00a0\"send\" is not present\n  \u00c2\u00a0\u00c2\u00a0\u00c2\u00a0\u00c2\u00a0\"throw\" is not present\n  \u00c2\u00a0\u00c2\u00a0\u00c2\u00a0\u00c2\u00a0\"close\" is not present\n  \u00c2\u00a0\u00c2\u00a0\u00c2\u00a0\u00c2\u00a0\u00c2\u00a0\u00c2\u00a0\"__iter__\" is an incompatible type\n  \u00c2\u00a0\u00c2\u00a0\u00c2\u00a0\u00c2\u00a0\u00c2\u00a0\u00c2\u00a0\u00c2\u00a0\u00c2\u00a0Type \"() -> Iterator[str]\" is not assignable to type \"() -> Generator[_YieldT_co@Generator, _SendT_contra@Generator, _ReturnT_co@Generator]\"\n  \u00c2\u00a0\u00c2\u00a0\u00c2\u00a0\u00c2\u00a0\u00c2\u00a0\u00c2\u00a0\u00c2\u00a0\u00c2\u00a0\u00c2\u00a0\u00c2\u00a0Function return type \"Iterator[str]\" is incompatible with type \"Generator[_YieldT_co@Generator, _SendT_contra@Generator, _ReturnT_co@Generator]\" (reportReturnType)\n  c:\\x_runner_x\\x_make_markdown_x\\tests\\test_json_contracts.py:40:12 - error: Type \"dict[str, object]\" is not assignable to return type \"Generator[dict[str, object], None, None]\"\n  \u00c2\u00a0\u00c2\u00a0\"dict[str, object]\" is incompatible with protocol \"Generator[dict[str, object], None, None]\"\n  \u00c2\u00a0\u00c2\u00a0\u00c2\u00a0\u00c2\u00a0\"__next__\" is not present\n  \u00c2\u00a0\u00c2\u00a0\u00c2\u00a0\u00c2\u00a0\"send\" is not present\n  \u00c2\u00a0\u00c2\u00a0\u00c2\u00a0\u00c2\u00a0\"throw\" is not present\n  \u00c2\u00a0\u00c2\u00a0\u00c2\u00a0\u00c2\u00a0\"close\" is not present\n  \u00c2\u00a0\u00c2\u00a0\u00c2\u00a0\u00c2\u00a0\u00c2\u00a0\u00c2\u00a0\"__iter__\" is an incompatible type\n  \u00c2\u00a0\u00c2\u00a0\u00c2\u00a0\u00c2\u00a0\u00c2\u00a0\u00c2\u00a0\u00c2\u00a0\u00c2\u00a0Type \"() -> Iterator[str]\" is not assignable to type \"() -> Generator[_YieldT_co@Generator, _SendT_contra@Generator, _ReturnT_co@Generator]\"\n  \u00c2\u00a0\u00c2\u00a0\u00c2\u00a0\u00c2\u00a0\u00c2\u00a0\u00c2\u00a0\u00c2\u00a0\u00c2\u00a0\u00c2\u00a0\u00c2\u00a0Function return type \"Iterator[str]\" is incompatible with type \"Generator[_YieldT_co@Generator, _SendT_contra@Generator, _ReturnT_co@Generator]\" (reportReturnType)\n  c:\\x_runner_x\\x_make_markdown_x\\tests\\test_json_contracts.py:45:12 - error: Type \"dict[str, object]\" is not assignable to return type \"Generator[dict[str, object], None, None]\"\n  \u00c2\u00a0\u00c2\u00a0\"dict[str, object]\" is incompatible with protocol \"Generator[dict[str, object], None, None]\"\n  \u00c2\u00a0\u00c2\u00a0\u00c2\u00a0\u00c2\u00a0\"__next__\" is not present\n  \u00c2\u00a0\u00c2\u00a0\u00c2\u00a0\u00c2\u00a0\"send\" is not present\n  \u00c2\u00a0\u00c2\u00a0\u00c2\u00a0\u00c2\u00a0\"throw\" is not present\n  \u00c2\u00a0\u00c2\u00a0\u00c2\u00a0\u00c2\u00a0\"close\" is not present\n  \u00c2\u00a0\u00c2\u00a0\u00c2\u00a0\u00c2\u00a0\u00c2\u00a0\u00c2\u00a0\"__iter__\" is an incompatible type\n  \u00c2\u00a0\u00c2\u00a0\u00c2\u00a0\u00c2\u00a0\u00c2\u00a0\u00c2\u00a0\u00c2\u00a0\u00c2\u00a0Type \"() -> Iterator[str]\" is not assignable to type \"() -> Generator[_YieldT_co@Generator, _SendT_contra@Generator, _ReturnT_co@Generator]\"\n  \u00c2\u00a0\u00c2\u00a0\u00c2\u00a0\u00c2\u00a0\u00c2\u00a0\u00c2\u00a0\u00c2\u00a0\u00c2\u00a0\u00c2\u00a0\u00c2\u00a0Function return type \"Iterator[str]\" is incompatible with type \"Generator[_YieldT_co@Generator, _SendT_contra@Generator, _ReturnT_co@Generator]\" (reportReturnType)\n3 errors, 0 warnings, 0 informations\n",
                "tool": "pyright",
                "tool_module": "pyright",
                "tool_version": "pyright 1.1.406"
            },
            "exit": "exit 1",
            "message": "pyright failed for x_make_markdown_x (exit 1)\ncwd: C:\\x_runner_x\\x_make_markdown_x\ncommand: C:\\x_runner_x\\artifacts\\venvs\\orchestrator_gui_py312\\Scripts\\python.exe -m pyright . --level error\nstarted_at: 2025-10-24T03:50:57.361005+00:00\nduration: 2.239s\ntool_version: pyright 1.1.406\nstdout:\nc:\\x_runner_x\\x_make_markdown_x\\tests\\test_json_contracts.py\n  c:\\x_runner_x\\x_make_markdown_x\\tests\\test_json_contracts.py:35:12 - error: Type \"dict[str, object]\" is not assignable to return type \"Generator[dict[str, object], None, None]\"\n  \u00c2\u00a0\u00c2\u00a0\"dict[str, object]\" is incompatible with protocol \"Generator[dict[str, object], None, None]\"\n  \u00c2\u00a0\u00c2\u00a0\u00c2\u00a0\u00c2\u00a0\"__next__\" is not present\n  \u00c2\u00a0\u00c2\u00a0\u00c2\u00a0\u00c2\u00a0\"send\" is not present\n\u2026\nstderr:\n<empty>",
            "repo": "x_make_markdown_x",
            "repo_path": "C:\\x_runner_x\\x_make_markdown_x",
            "stderr_preview": null,
            "stdout_preview": "c:\\x_runner_x\\x_make_markdown_x\\tests\\test_json_contracts.py\n  c:\\x_runner_x\\x_make_markdown_x\\tests\\test_json_contracts.py:35:12 - error: Type \"dict[str, object]\" is not assignable to return type \"Generator[dict[str, object], None, None]\"\n  \u00c2\u00a0\u00c2\u00a0\"dict[str, object]\" is incompatible with protocol \"Generator[dict[str, object], None, None]\"\n  \u00c2\u00a0\u00c2\u00a0\u00c2\u00a0\u00c2\u00a0\"__next__\" is not present\n  \u00c2\u00a0\u00c2\u00a0\u00c2\u00a0\u00c2\u00a0\"send\" is not present\n\u2026",
            "suggested_action": "Investigate",
            "summary": "pyright failed for x_make_markdown_x (exit 1) cwd: C:\\x_runner_x\\x_make_markdown_x command: C:\\x_runner_x\\artifacts\\venvs\\orchestrator_gui_py312\\Scripts\\python.exe -m pyright . --level error started_at: 2025-10-24T03:50:57.361005+00:00 dur\u2026",
            "tool": "pyright",
            "tool_version": "pyright 1.1.406"
        },
        {
            "captured_at": "2025-10-24T03:51:16.127670+00:00",
            "command": "C:\\x_runner_x\\artifacts\\venvs\\orchestrator_gui_py312\\Scripts\\python.exe -m black . --line-length 88 --target-version py311 --check --diff",
            "detail": {
                "cached": false,
                "cmd": [
                    "C:\\x_runner_x\\artifacts\\venvs\\orchestrator_gui_py312\\Scripts\\python.exe",
                    "-m",
                    "black",
                    ".",
                    "--line-length",
                    "88",
                    "--target-version",
                    "py311",
                    "--check",
                    "--diff"
                ],
                "cmd_display": "C:\\x_runner_x\\artifacts\\venvs\\orchestrator_gui_py312\\Scripts\\python.exe -m black . --line-length 88 --target-version py311 --check --diff",
                "cwd": "C:\\x_runner_x\\x_make_mermaid_x",
                "duration_seconds": 1.7777158999815583,
                "ended_at": "2025-10-24T03:51:16.127670+00:00",
                "exit": 1,
                "failed_files": [],
                "files_checked": [
                    "__init__.py",
                    "json_contracts/__init__.py",
                    "tests/__init__.py",
                    "tests/test_json_contracts.py",
                    "tests/test_mermaid_builder.py",
                    "x_cls_make_mermaid_x.py"
                ],
                "repo": "x_make_mermaid_x",
                "repo_hash": "619b0e651c9f6e45e65e34354a7ec688155da8375525f558ef1be929ddc436a7",
                "repo_path": "C:\\x_runner_x\\x_make_mermaid_x",
                "started_at": "2025-10-24T03:51:14.361988+00:00",
                "stderr": "would reformat C:\\x_runner_x\\x_make_mermaid_x\\tests\\test_json_contracts.py\n\nOh no! \\U0001f4a5 \\U0001f494 \\U0001f4a5\n1 file would be reformatted, 5 files would be left unchanged.\n",
                "stdout": "--- C:\\x_runner_x\\x_make_mermaid_x\\tests\\test_json_contracts.py\t2025-10-24 03:51:14.328952+00:00\n+++ C:\\x_runner_x\\x_make_mermaid_x\\tests\\test_json_contracts.py\t2025-10-24 03:51:15.774624+00:00\n@@ -18,10 +18,11 @@\n \n FIXTURE_DIR = Path(__file__).resolve().parent / \"fixtures\" / \"json_contracts\"\n REPORTS_DIR = Path(__file__).resolve().parents[1] / \"reports\"\n EXPECTED_NODE_COUNT = 2\n EXPECTED_EDGE_COUNT = 1\n+\n \n def _load_fixture(name: str) -> dict[str, object]:\n     with (FIXTURE_DIR / f\"{name}.json\").open(\"r\", encoding=\"utf-8\") as handle:\n         data = json.load(handle)\n     if not isinstance(data, dict):\n",
                "tool": "black",
                "tool_module": "black",
                "tool_version": "python -m black, 25.9.0 (compiled: yes)\nPython (CPython) 3.12.6"
            },
            "exit": "exit 1",
            "message": "black failed for x_make_mermaid_x (exit 1)\ncwd: C:\\x_runner_x\\x_make_mermaid_x\ncommand: C:\\x_runner_x\\artifacts\\venvs\\orchestrator_gui_py312\\Scripts\\python.exe -m black . --line-length 88 --target-version py311 --check --diff\nstarted_at: 2025-10-24T03:51:14.361988+00:00\nduration: 1.778s\ntool_version: python -m black, 25.9.0 (compiled: yes)\nPython (CPython) 3.12.6\nstdout:\n--- C:\\x_runner_x\\x_make_mermaid_x\\tests\\test_json_contracts.py\t2025-10-24 03:51:14.328952+00:00\n+++ C:\\x_runner_x\\x_make_mermaid_x\\tests\\test_json_contracts.py\t2025-10-24 03:51:15.774624+00:00\n@@ -18,10 +18,11 @@\n \n FIXTURE_DIR = Path(__file__).resolve().parent / \"fixtures\" / \"json_contracts\"\n\u2026\nstderr:\nwould reformat C:\\x_runner_x\\x_make_mermaid_x\\tests\\test_json_contracts.py\n\nOh no! \\U0001f4a5 \\U0001f494 \\U0001f4a5\n1 file would be reformatted, 5 files would be left unchanged.",
            "repo": "x_make_mermaid_x",
            "repo_path": "C:\\x_runner_x\\x_make_mermaid_x",
            "stderr_preview": "would reformat C:\\x_runner_x\\x_make_mermaid_x\\tests\\test_json_contracts.py\n\nOh no! \\U0001f4a5 \\U0001f494 \\U0001f4a5\n1 file would be reformatted, 5 files would be left unchanged.",
            "stdout_preview": "--- C:\\x_runner_x\\x_make_mermaid_x\\tests\\test_json_contracts.py\t2025-10-24 03:51:14.328952+00:00\n+++ C:\\x_runner_x\\x_make_mermaid_x\\tests\\test_json_contracts.py\t2025-10-24 03:51:15.774624+00:00\n@@ -18,10 +18,11 @@\n \n FIXTURE_DIR = Path(__file__).resolve().parent / \"fixtures\" / \"json_contracts\"\n\u2026",
            "suggested_action": "Investigate",
            "summary": "black failed for x_make_mermaid_x (exit 1) cwd: C:\\x_runner_x\\x_make_mermaid_x command: C:\\x_runner_x\\artifacts\\venvs\\orchestrator_gui_py312\\Scripts\\python.exe -m black . --line-length 88 --target-version py311 --check --diff started_at: 2\u2026",
            "tool": "black",
            "tool_version": "python -m black, 25.9.0 (compiled: yes)\nPython (CPython) 3.12.6"
        },
        {
            "captured_at": "2025-10-24T03:51:17.333456+00:00",
            "command": "C:\\x_runner_x\\artifacts\\venvs\\orchestrator_gui_py312\\Scripts\\python.exe -m mypy --package x_make_mermaid_x --strict --no-warn-unused-configs --show-error-codes --warn-return-any --warn-unreachable --disallow-any-unimported --disallow-any-expr --disallow-any-decorated --disallow-any-explicit",
            "detail": {
                "cached": false,
                "cmd": [
                    "C:\\x_runner_x\\artifacts\\venvs\\orchestrator_gui_py312\\Scripts\\python.exe",
                    "-m",
                    "mypy",
                    "--package",
                    "x_make_mermaid_x",
                    "--strict",
                    "--no-warn-unused-configs",
                    "--show-error-codes",
                    "--warn-return-any",
                    "--warn-unreachable",
                    "--disallow-any-unimported",
                    "--disallow-any-expr",
                    "--disallow-any-decorated",
                    "--disallow-any-explicit"
                ],
                "cmd_display": "C:\\x_runner_x\\artifacts\\venvs\\orchestrator_gui_py312\\Scripts\\python.exe -m mypy --package x_make_mermaid_x --strict --no-warn-unused-configs --show-error-codes --warn-return-any --warn-unreachable --disallow-any-unimported --disallow-any-expr --disallow-any-decorated --disallow-any-explicit",
                "cwd": "C:\\x_runner_x\\x_make_mermaid_x",
                "duration_seconds": 1.0365844999905676,
                "ended_at": "2025-10-24T03:51:17.333456+00:00",
                "exit": 1,
                "failed_files": [],
                "files_checked": [
                    "__init__.py",
                    "json_contracts/__init__.py",
                    "tests/__init__.py",
                    "tests/test_json_contracts.py",
                    "tests/test_mermaid_builder.py",
                    "x_cls_make_mermaid_x.py"
                ],
                "repo": "x_make_mermaid_x",
                "repo_hash": "619b0e651c9f6e45e65e34354a7ec688155da8375525f558ef1be929ddc436a7",
                "repo_path": "C:\\x_runner_x\\x_make_mermaid_x",
                "started_at": "2025-10-24T03:51:16.299751+00:00",
                "stderr": "",
                "stdout": "x_cls_make_mermaid_x.py:87: error: Expression has type \"Any\"  [misc]\nx_cls_make_mermaid_x.py:1547: error: Expression has type \"Any\"  [misc]\nx_cls_make_mermaid_x.py:1550: error: Expression has type \"Any\"  [misc]\nx_cls_make_mermaid_x.py:1550: error: Expression type contains \"Any\" (has type \"Any | None\")  [misc]\ntests\\test_json_contracts.py:26: error: Expression has type \"Any\"  [misc]\ntests\\test_json_contracts.py:27: error: Expression has type \"Any\"  [misc]\ntests\\test_json_contracts.py:35: error: Incompatible return value type (got \"dict[str, object]\", expected \"Generator[dict[str, object], None, None]\")  [return-value]\ntests\\test_json_contracts.py:40: error: Incompatible return value type (got \"dict[str, object]\", expected \"Generator[dict[str, object], None, None]\")  [return-value]\ntests\\test_json_contracts.py:45: error: Incompatible return value type (got \"dict[str, object]\", expected \"Generator[dict[str, object], None, None]\")  [return-value]\ntests\\test_json_contracts.py:152: error: Expression type contains \"Any\" (has type \"Any | bool\")  [misc]\ntests\\test_json_contracts.py:153: error: Expression type contains \"Any\" (has type \"Any | bool\")  [misc]\ntests\\test_json_contracts.py:154: error: Expression type contains \"Any\" (has type \"Any | bool\")  [misc]\nFound 12 errors in 2 files (checked 8 source files)\n",
                "tool": "mypy",
                "tool_module": "mypy",
                "tool_version": "mypy 1.18.2 (compiled: yes)"
            },
            "exit": "exit 1",
            "message": "mypy failed for x_make_mermaid_x (exit 1)\ncwd: C:\\x_runner_x\\x_make_mermaid_x\ncommand: C:\\x_runner_x\\artifacts\\venvs\\orchestrator_gui_py312\\Scripts\\python.exe -m mypy --package x_make_mermaid_x --strict --no-warn-unused-configs --show-error-codes --warn-return-any --warn-unreachable --disallow-any-unimported --disallow-any-expr --disallow-any-decorated --disallow-any-explicit\nstarted_at: 2025-10-24T03:51:16.299751+00:00\nduration: 1.037s\ntool_version: mypy 1.18.2 (compiled: yes)\nstdout:\nx_cls_make_mermaid_x.py:87: error: Expression has type \"Any\"  [misc]\nx_cls_make_mermaid_x.py:1547: error: Expression has type \"Any\"  [misc]\nx_cls_make_mermaid_x.py:1550: error: Expression has type \"Any\"  [misc]\nx_cls_make_mermaid_x.py:1550: error: Expression type contains \"Any\" (has type \"Any | None\")  [misc]\ntests\\test_json_contracts.py:26: error: Expression has type \"Any\"  [misc]\n\u2026\nstderr:\n<empty>",
            "repo": "x_make_mermaid_x",
            "repo_path": "C:\\x_runner_x\\x_make_mermaid_x",
            "stderr_preview": null,
            "stdout_preview": "x_cls_make_mermaid_x.py:87: error: Expression has type \"Any\"  [misc]\nx_cls_make_mermaid_x.py:1547: error: Expression has type \"Any\"  [misc]\nx_cls_make_mermaid_x.py:1550: error: Expression has type \"Any\"  [misc]\nx_cls_make_mermaid_x.py:1550: error: Expression type contains \"Any\" (has type \"Any | None\")  [misc]\ntests\\test_json_contracts.py:26: error: Expression has type \"Any\"  [misc]\n\u2026",
            "suggested_action": "Investigate",
            "summary": "mypy failed for x_make_mermaid_x (exit 1) cwd: C:\\x_runner_x\\x_make_mermaid_x command: C:\\x_runner_x\\artifacts\\venvs\\orchestrator_gui_py312\\Scripts\\python.exe -m mypy --package x_make_mermaid_x --strict --no-warn-unused-configs --show-erro\u2026",
            "tool": "mypy",
            "tool_version": "mypy 1.18.2 (compiled: yes)"
        },
        {
            "captured_at": "2025-10-24T03:51:19.978964+00:00",
            "command": "C:\\x_runner_x\\artifacts\\venvs\\orchestrator_gui_py312\\Scripts\\python.exe -m pyright . --level error",
            "detail": {
                "cached": false,
                "cmd": [
                    "C:\\x_runner_x\\artifacts\\venvs\\orchestrator_gui_py312\\Scripts\\python.exe",
                    "-m",
                    "pyright",
                    ".",
                    "--level",
                    "error"
                ],
                "cmd_display": "C:\\x_runner_x\\artifacts\\venvs\\orchestrator_gui_py312\\Scripts\\python.exe -m pyright . --level error",
                "cwd": "C:\\x_runner_x\\x_make_mermaid_x",
                "duration_seconds": 2.6402684999920893,
                "ended_at": "2025-10-24T03:51:19.978964+00:00",
                "exit": 1,
                "failed_files": [],
                "files_checked": [
                    "__init__.py",
                    "json_contracts/__init__.py",
                    "tests/__init__.py",
                    "tests/test_json_contracts.py",
                    "tests/test_mermaid_builder.py",
                    "x_cls_make_mermaid_x.py"
                ],
                "repo": "x_make_mermaid_x",
                "repo_hash": "619b0e651c9f6e45e65e34354a7ec688155da8375525f558ef1be929ddc436a7",
                "repo_path": "C:\\x_runner_x\\x_make_mermaid_x",
                "started_at": "2025-10-24T03:51:17.339072+00:00",
                "stderr": "",
                "stdout": "c:\\x_runner_x\\x_make_mermaid_x\\tests\\test_json_contracts.py\n  c:\\x_runner_x\\x_make_mermaid_x\\tests\\test_json_contracts.py:35:12 - error: Type \"dict[str, object]\" is not assignable to return type \"Generator[dict[str, object], None, None]\"\n  \u00c2\u00a0\u00c2\u00a0\"dict[str, object]\" is incompatible with protocol \"Generator[dict[str, object], None, None]\"\n  \u00c2\u00a0\u00c2\u00a0\u00c2\u00a0\u00c2\u00a0\"__next__\" is not present\n  \u00c2\u00a0\u00c2\u00a0\u00c2\u00a0\u00c2\u00a0\"send\" is not present\n  \u00c2\u00a0\u00c2\u00a0\u00c2\u00a0\u00c2\u00a0\"throw\" is not present\n  \u00c2\u00a0\u00c2\u00a0\u00c2\u00a0\u00c2\u00a0\"close\" is not present\n  \u00c2\u00a0\u00c2\u00a0\u00c2\u00a0\u00c2\u00a0\u00c2\u00a0\u00c2\u00a0\"__iter__\" is an incompatible type\n  \u00c2\u00a0\u00c2\u00a0\u00c2\u00a0\u00c2\u00a0\u00c2\u00a0\u00c2\u00a0\u00c2\u00a0\u00c2\u00a0Type \"() -> Iterator[str]\" is not assignable to type \"() -> Generator[_YieldT_co@Generator, _SendT_contra@Generator, _ReturnT_co@Generator]\"\n  \u00c2\u00a0\u00c2\u00a0\u00c2\u00a0\u00c2\u00a0\u00c2\u00a0\u00c2\u00a0\u00c2\u00a0\u00c2\u00a0\u00c2\u00a0\u00c2\u00a0Function return type \"Iterator[str]\" is incompatible with type \"Generator[_YieldT_co@Generator, _SendT_contra@Generator, _ReturnT_co@Generator]\" (reportReturnType)\n  c:\\x_runner_x\\x_make_mermaid_x\\tests\\test_json_contracts.py:40:12 - error: Type \"dict[str, object]\" is not assignable to return type \"Generator[dict[str, object], None, None]\"\n  \u00c2\u00a0\u00c2\u00a0\"dict[str, object]\" is incompatible with protocol \"Generator[dict[str, object], None, None]\"\n  \u00c2\u00a0\u00c2\u00a0\u00c2\u00a0\u00c2\u00a0\"__next__\" is not present\n  \u00c2\u00a0\u00c2\u00a0\u00c2\u00a0\u00c2\u00a0\"send\" is not present\n  \u00c2\u00a0\u00c2\u00a0\u00c2\u00a0\u00c2\u00a0\"throw\" is not present\n  \u00c2\u00a0\u00c2\u00a0\u00c2\u00a0\u00c2\u00a0\"close\" is not present\n  \u00c2\u00a0\u00c2\u00a0\u00c2\u00a0\u00c2\u00a0\u00c2\u00a0\u00c2\u00a0\"__iter__\" is an incompatible type\n  \u00c2\u00a0\u00c2\u00a0\u00c2\u00a0\u00c2\u00a0\u00c2\u00a0\u00c2\u00a0\u00c2\u00a0\u00c2\u00a0Type \"() -> Iterator[str]\" is not assignable to type \"() -> Generator[_YieldT_co@Generator, _SendT_contra@Generator, _ReturnT_co@Generator]\"\n  \u00c2\u00a0\u00c2\u00a0\u00c2\u00a0\u00c2\u00a0\u00c2\u00a0\u00c2\u00a0\u00c2\u00a0\u00c2\u00a0\u00c2\u00a0\u00c2\u00a0Function return type \"Iterator[str]\" is incompatible with type \"Generator[_YieldT_co@Generator, _SendT_contra@Generator, _ReturnT_co@Generator]\" (reportReturnType)\n  c:\\x_runner_x\\x_make_mermaid_x\\tests\\test_json_contracts.py:45:12 - error: Type \"dict[str, object]\" is not assignable to return type \"Generator[dict[str, object], None, None]\"\n  \u00c2\u00a0\u00c2\u00a0\"dict[str, object]\" is incompatible with protocol \"Generator[dict[str, object], None, None]\"\n  \u00c2\u00a0\u00c2\u00a0\u00c2\u00a0\u00c2\u00a0\"__next__\" is not present\n  \u00c2\u00a0\u00c2\u00a0\u00c2\u00a0\u00c2\u00a0\"send\" is not present\n  \u00c2\u00a0\u00c2\u00a0\u00c2\u00a0\u00c2\u00a0\"throw\" is not present\n  \u00c2\u00a0\u00c2\u00a0\u00c2\u00a0\u00c2\u00a0\"close\" is not present\n  \u00c2\u00a0\u00c2\u00a0\u00c2\u00a0\u00c2\u00a0\u00c2\u00a0\u00c2\u00a0\"__iter__\" is an incompatible type\n  \u00c2\u00a0\u00c2\u00a0\u00c2\u00a0\u00c2\u00a0\u00c2\u00a0\u00c2\u00a0\u00c2\u00a0\u00c2\u00a0Type \"() -> Iterator[str]\" is not assignable to type \"() -> Generator[_YieldT_co@Generator, _SendT_contra@Generator, _ReturnT_co@Generator]\"\n  \u00c2\u00a0\u00c2\u00a0\u00c2\u00a0\u00c2\u00a0\u00c2\u00a0\u00c2\u00a0\u00c2\u00a0\u00c2\u00a0\u00c2\u00a0\u00c2\u00a0Function return type \"Iterator[str]\" is incompatible with type \"Generator[_YieldT_co@Generator, _SendT_contra@Generator, _ReturnT_co@Generator]\" (reportReturnType)\n3 errors, 0 warnings, 0 informations\n",
                "tool": "pyright",
                "tool_module": "pyright",
                "tool_version": "pyright 1.1.406"
            },
            "exit": "exit 1",
            "message": "pyright failed for x_make_mermaid_x (exit 1)\ncwd: C:\\x_runner_x\\x_make_mermaid_x\ncommand: C:\\x_runner_x\\artifacts\\venvs\\orchestrator_gui_py312\\Scripts\\python.exe -m pyright . --level error\nstarted_at: 2025-10-24T03:51:17.339072+00:00\nduration: 2.640s\ntool_version: pyright 1.1.406\nstdout:\nc:\\x_runner_x\\x_make_mermaid_x\\tests\\test_json_contracts.py\n  c:\\x_runner_x\\x_make_mermaid_x\\tests\\test_json_contracts.py:35:12 - error: Type \"dict[str, object]\" is not assignable to return type \"Generator[dict[str, object], None, None]\"\n  \u00c2\u00a0\u00c2\u00a0\"dict[str, object]\" is incompatible with protocol \"Generator[dict[str, object], None, None]\"\n  \u00c2\u00a0\u00c2\u00a0\u00c2\u00a0\u00c2\u00a0\"__next__\" is not present\n  \u00c2\u00a0\u00c2\u00a0\u00c2\u00a0\u00c2\u00a0\"send\" is not present\n\u2026\nstderr:\n<empty>",
            "repo": "x_make_mermaid_x",
            "repo_path": "C:\\x_runner_x\\x_make_mermaid_x",
            "stderr_preview": null,
            "stdout_preview": "c:\\x_runner_x\\x_make_mermaid_x\\tests\\test_json_contracts.py\n  c:\\x_runner_x\\x_make_mermaid_x\\tests\\test_json_contracts.py:35:12 - error: Type \"dict[str, object]\" is not assignable to return type \"Generator[dict[str, object], None, None]\"\n  \u00c2\u00a0\u00c2\u00a0\"dict[str, object]\" is incompatible with protocol \"Generator[dict[str, object], None, None]\"\n  \u00c2\u00a0\u00c2\u00a0\u00c2\u00a0\u00c2\u00a0\"__next__\" is not present\n  \u00c2\u00a0\u00c2\u00a0\u00c2\u00a0\u00c2\u00a0\"send\" is not present\n\u2026",
            "suggested_action": "Investigate",
            "summary": "pyright failed for x_make_mermaid_x (exit 1) cwd: C:\\x_runner_x\\x_make_mermaid_x command: C:\\x_runner_x\\artifacts\\venvs\\orchestrator_gui_py312\\Scripts\\python.exe -m pyright . --level error started_at: 2025-10-24T03:51:17.339072+00:00 durat\u2026",
            "tool": "pyright",
            "tool_version": "pyright 1.1.406"
        },
        {
            "captured_at": "2025-10-24T03:51:37.636588+00:00",
            "command": "C:\\x_runner_x\\artifacts\\venvs\\orchestrator_gui_py312\\Scripts\\python.exe -m black . --line-length 88 --target-version py311 --check --diff",
            "detail": {
                "cached": false,
                "cmd": [
                    "C:\\x_runner_x\\artifacts\\venvs\\orchestrator_gui_py312\\Scripts\\python.exe",
                    "-m",
                    "black",
                    ".",
                    "--line-length",
                    "88",
                    "--target-version",
                    "py311",
                    "--check",
                    "--diff"
                ],
                "cmd_display": "C:\\x_runner_x\\artifacts\\venvs\\orchestrator_gui_py312\\Scripts\\python.exe -m black . --line-length 88 --target-version py311 --check --diff",
                "cwd": "C:\\x_runner_x\\x_make_persistent_env_var_x",
                "duration_seconds": 2.3321169999835547,
                "ended_at": "2025-10-24T03:51:37.636588+00:00",
                "exit": 1,
                "failed_files": [],
                "files_checked": [
                    "__init__.py",
                    "json_contracts/__init__.py",
                    "tests/__init__.py",
                    "tests/test_json_contracts.py",
                    "tests/test_persistent_env.py",
                    "x_cls_make_persistent_env_var_x.py"
                ],
                "repo": "x_make_persistent_env_var_x",
                "repo_hash": "8e4ec9ab4c589760a2209e1167ac68703a80e2fcf5cfec72dbae17af1ded0254",
                "repo_path": "C:\\x_runner_x\\x_make_persistent_env_var_x",
                "started_at": "2025-10-24T03:51:35.310747+00:00",
                "stderr": "would reformat C:\\x_runner_x\\x_make_persistent_env_var_x\\x_cls_make_persistent_env_var_x.py\n\nOh no! \\U0001f4a5 \\U0001f494 \\U0001f4a5\n1 file would be reformatted, 5 files would be left unchanged.\n",
                "stdout": "--- C:\\x_runner_x\\x_make_persistent_env_var_x\\x_cls_make_persistent_env_var_x.py\t2025-10-24 03:51:35.285564+00:00\n+++ C:\\x_runner_x\\x_make_persistent_env_var_x\\x_cls_make_persistent_env_var_x.py\t2025-10-24 03:51:37.466960+00:00\n@@ -25,10 +25,11 @@\n     INPUT_SCHEMA,\n     OUTPUT_SCHEMA,\n )\n \n ModuleType = types.ModuleType\n+\n \n class _ValidationErrorProtocol(Protocol):\n     message: str\n     path: tuple[object, ...]\n     schema_path: tuple[object, ...]\n@@ -611,13 +612,11 @@\n             )\n             messagebox = getattr(tk_mod, \"messagebox\", None)\n             if messagebox is not None:\n                 show_error = getattr(messagebox, \"showerror\", None)\n                 if callable(show_error):\n-                    typed_show_error = cast(\n-                        \"Callable[[str, str], object]\", show_error\n-                    )\n+                    typed_show_error = cast(\"Callable[[str, str], object]\", show_error)\n \n                     def _show_error() -> None:\n                         typed_show_error(\"Tokens required\", msg)\n \n                     _safe_call(_show_error)\n",
                "tool": "black",
                "tool_module": "black",
                "tool_version": "python -m black, 25.9.0 (compiled: yes)\nPython (CPython) 3.12.6"
            },
            "exit": "exit 1",
            "message": "black failed for x_make_persistent_env_var_x (exit 1)\ncwd: C:\\x_runner_x\\x_make_persistent_env_var_x\ncommand: C:\\x_runner_x\\artifacts\\venvs\\orchestrator_gui_py312\\Scripts\\python.exe -m black . --line-length 88 --target-version py311 --check --diff\nstarted_at: 2025-10-24T03:51:35.310747+00:00\nduration: 2.332s\ntool_version: python -m black, 25.9.0 (compiled: yes)\nPython (CPython) 3.12.6\nstdout:\n--- C:\\x_runner_x\\x_make_persistent_env_var_x\\x_cls_make_persistent_env_var_x.py\t2025-10-24 03:51:35.285564+00:00\n+++ C:\\x_runner_x\\x_make_persistent_env_var_x\\x_cls_make_persistent_env_var_x.py\t2025-10-24 03:51:37.466960+00:00\n@@ -25,10 +25,11 @@\n     INPUT_SCHEMA,\n     OUTPUT_SCHEMA,\n\u2026\nstderr:\nwould reformat C:\\x_runner_x\\x_make_persistent_env_var_x\\x_cls_make_persistent_env_var_x.py\n\nOh no! \\U0001f4a5 \\U0001f494 \\U0001f4a5\n1 file would be reformatted, 5 files would be left unchanged.",
            "repo": "x_make_persistent_env_var_x",
            "repo_path": "C:\\x_runner_x\\x_make_persistent_env_var_x",
            "stderr_preview": "would reformat C:\\x_runner_x\\x_make_persistent_env_var_x\\x_cls_make_persistent_env_var_x.py\n\nOh no! \\U0001f4a5 \\U0001f494 \\U0001f4a5\n1 file would be reformatted, 5 files would be left unchanged.",
            "stdout_preview": "--- C:\\x_runner_x\\x_make_persistent_env_var_x\\x_cls_make_persistent_env_var_x.py\t2025-10-24 03:51:35.285564+00:00\n+++ C:\\x_runner_x\\x_make_persistent_env_var_x\\x_cls_make_persistent_env_var_x.py\t2025-10-24 03:51:37.466960+00:00\n@@ -25,10 +25,11 @@\n     INPUT_SCHEMA,\n     OUTPUT_SCHEMA,\n\u2026",
            "suggested_action": "Investigate",
            "summary": "black failed for x_make_persistent_env_var_x (exit 1) cwd: C:\\x_runner_x\\x_make_persistent_env_var_x command: C:\\x_runner_x\\artifacts\\venvs\\orchestrator_gui_py312\\Scripts\\python.exe -m black . --line-length 88 --target-version py311 --chec\u2026",
            "tool": "black",
            "tool_version": "python -m black, 25.9.0 (compiled: yes)\nPython (CPython) 3.12.6"
        },
        {
            "captured_at": "2025-10-24T03:51:38.967588+00:00",
            "command": "C:\\x_runner_x\\artifacts\\venvs\\orchestrator_gui_py312\\Scripts\\python.exe -m mypy --package x_make_persistent_env_var_x --strict --no-warn-unused-configs --show-error-codes --warn-return-any --warn-unreachable --disallow-any-unimported --disallow-any-expr --disallow-any-decorated --disallow-any-explicit",
            "detail": {
                "cached": false,
                "cmd": [
                    "C:\\x_runner_x\\artifacts\\venvs\\orchestrator_gui_py312\\Scripts\\python.exe",
                    "-m",
                    "mypy",
                    "--package",
                    "x_make_persistent_env_var_x",
                    "--strict",
                    "--no-warn-unused-configs",
                    "--show-error-codes",
                    "--warn-return-any",
                    "--warn-unreachable",
                    "--disallow-any-unimported",
                    "--disallow-any-expr",
                    "--disallow-any-decorated",
                    "--disallow-any-explicit"
                ],
                "cmd_display": "C:\\x_runner_x\\artifacts\\venvs\\orchestrator_gui_py312\\Scripts\\python.exe -m mypy --package x_make_persistent_env_var_x --strict --no-warn-unused-configs --show-error-codes --warn-return-any --warn-unreachable --disallow-any-unimported --disallow-any-expr --disallow-any-decorated --disallow-any-explicit",
                "cwd": "C:\\x_runner_x\\x_make_persistent_env_var_x",
                "duration_seconds": 1.173470699985046,
                "ended_at": "2025-10-24T03:51:38.967588+00:00",
                "exit": 1,
                "failed_files": [],
                "files_checked": [
                    "__init__.py",
                    "json_contracts/__init__.py",
                    "tests/__init__.py",
                    "tests/test_json_contracts.py",
                    "tests/test_persistent_env.py",
                    "x_cls_make_persistent_env_var_x.py"
                ],
                "repo": "x_make_persistent_env_var_x",
                "repo_hash": "8e4ec9ab4c589760a2209e1167ac68703a80e2fcf5cfec72dbae17af1ded0254",
                "repo_path": "C:\\x_runner_x\\x_make_persistent_env_var_x",
                "started_at": "2025-10-24T03:51:37.793644+00:00",
                "stderr": "",
                "stdout": "x_cls_make_persistent_env_var_x.py:39: error: Expression has type \"Any\"  [misc]\nx_cls_make_persistent_env_var_x.py:612: error: Expression type contains \"Any\" (has type \"Any | None\")  [misc]\nx_cls_make_persistent_env_var_x.py:613: error: Expression type contains \"Any\" (has type \"Any | None\")  [misc]\nx_cls_make_persistent_env_var_x.py:614: error: Expression type contains \"Any\" (has type \"Any | None\")  [misc]\nx_cls_make_persistent_env_var_x.py:614: error: Expression has type \"Any\"  [misc]\nx_cls_make_persistent_env_var_x.py:615: error: Expression type contains \"Any\" (has type \"Any | None\")  [misc]\nx_cls_make_persistent_env_var_x.py:1167: error: Expression has type \"Any\"  [misc]\nx_cls_make_persistent_env_var_x.py:1170: error: Expression has type \"Any\"  [misc]\nx_cls_make_persistent_env_var_x.py:1170: error: Expression type contains \"Any\" (has type \"Any | None\")  [misc]\ntests\\test_json_contracts.py:32: error: Expression has type \"Any\"  [misc]\ntests\\test_json_contracts.py:38: error: Expression has type \"Any\"  [misc]\ntests\\test_json_contracts.py:44: error: Expression has type \"Any\"  [misc]\ntests\\test_json_contracts.py:127: error: Expression has type \"Any\"  [misc]\ntests\\test_json_contracts.py:128: error: Expression has type \"Any\"  [misc]\ntests\\test_json_contracts.py:135: error: Expression has type \"Any\"  [misc]\ntests\\test_json_contracts.py:147: error: Expression has type \"Any\"  [misc]\ntests\\test_json_contracts.py:236: error: Expression type contains \"Any\" (has type \"Any | bool\")  [misc]\ntests\\test_json_contracts.py:237: error: Expression type contains \"Any\" (has type \"Any | bool\")  [misc]\ntests\\test_json_contracts.py:238: error: Expression type contains \"Any\" (has type \"Any | bool\")  [misc]\ntests\\test_json_contracts.py:239: error: Expression type contains \"Any\" (has type \"Any | bool\")  [misc]\nFound 20 errors in 2 files (checked 8 source files)\n",
                "tool": "mypy",
                "tool_module": "mypy",
                "tool_version": "mypy 1.18.2 (compiled: yes)"
            },
            "exit": "exit 1",
            "message": "mypy failed for x_make_persistent_env_var_x (exit 1)\ncwd: C:\\x_runner_x\\x_make_persistent_env_var_x\ncommand: C:\\x_runner_x\\artifacts\\venvs\\orchestrator_gui_py312\\Scripts\\python.exe -m mypy --package x_make_persistent_env_var_x --strict --no-warn-unused-configs --show-error-codes --warn-return-any --warn-unreachable --disallow-any-unimported --disallow-any-expr --disallow-any-decorated --disallow-any-explicit\nstarted_at: 2025-10-24T03:51:37.793644+00:00\nduration: 1.173s\ntool_version: mypy 1.18.2 (compiled: yes)\nstdout:\nx_cls_make_persistent_env_var_x.py:39: error: Expression has type \"Any\"  [misc]\nx_cls_make_persistent_env_var_x.py:612: error: Expression type contains \"Any\" (has type \"Any | None\")  [misc]\nx_cls_make_persistent_env_var_x.py:613: error: Expression type contains \"Any\" (has type \"Any | None\")  [misc]\nx_cls_make_persistent_env_var_x.py:614: error: Expression type contains \"Any\" (has type \"Any | None\")  [misc]\nx_cls_make_persistent_env_var_x.py:614: error: Expression has type \"Any\"  [misc]\n\u2026\nstderr:\n<empty>",
            "repo": "x_make_persistent_env_var_x",
            "repo_path": "C:\\x_runner_x\\x_make_persistent_env_var_x",
            "stderr_preview": null,
            "stdout_preview": "x_cls_make_persistent_env_var_x.py:39: error: Expression has type \"Any\"  [misc]\nx_cls_make_persistent_env_var_x.py:612: error: Expression type contains \"Any\" (has type \"Any | None\")  [misc]\nx_cls_make_persistent_env_var_x.py:613: error: Expression type contains \"Any\" (has type \"Any | None\")  [misc]\nx_cls_make_persistent_env_var_x.py:614: error: Expression type contains \"Any\" (has type \"Any | None\")  [misc]\nx_cls_make_persistent_env_var_x.py:614: error: Expression has type \"Any\"  [misc]\n\u2026",
            "suggested_action": "Investigate",
            "summary": "mypy failed for x_make_persistent_env_var_x (exit 1) cwd: C:\\x_runner_x\\x_make_persistent_env_var_x command: C:\\x_runner_x\\artifacts\\venvs\\orchestrator_gui_py312\\Scripts\\python.exe -m mypy --package x_make_persistent_env_var_x --strict --n\u2026",
            "tool": "mypy",
            "tool_version": "mypy 1.18.2 (compiled: yes)"
        },
        {
            "captured_at": "2025-10-24T03:51:37.789421+00:00",
            "command": "C:\\x_runner_x\\artifacts\\venvs\\orchestrator_gui_py312\\Scripts\\python.exe -m ruff check . --select ALL --ignore D,COM812,ISC001,T20 --line-length 88 --target-version py311",
            "detail": {
                "cached": false,
                "cmd": [
                    "C:\\x_runner_x\\artifacts\\venvs\\orchestrator_gui_py312\\Scripts\\python.exe",
                    "-m",
                    "ruff",
                    "check",
                    ".",
                    "--select",
                    "ALL",
                    "--ignore",
                    "D,COM812,ISC001,T20",
                    "--line-length",
                    "88",
                    "--target-version",
                    "py311"
                ],
                "cmd_display": "C:\\x_runner_x\\artifacts\\venvs\\orchestrator_gui_py312\\Scripts\\python.exe -m ruff check . --select ALL --ignore D,COM812,ISC001,T20 --line-length 88 --target-version py311",
                "cwd": "C:\\x_runner_x\\x_make_persistent_env_var_x",
                "duration_seconds": 0.14453869999852031,
                "ended_at": "2025-10-24T03:51:37.789421+00:00",
                "exit": 1,
                "failed_files": [],
                "files_checked": [
                    "__init__.py",
                    "json_contracts/__init__.py",
                    "tests/__init__.py",
                    "tests/test_json_contracts.py",
                    "tests/test_persistent_env.py",
                    "x_cls_make_persistent_env_var_x.py"
                ],
                "repo": "x_make_persistent_env_var_x",
                "repo_hash": "8e4ec9ab4c589760a2209e1167ac68703a80e2fcf5cfec72dbae17af1ded0254",
                "repo_path": "C:\\x_runner_x\\x_make_persistent_env_var_x",
                "started_at": "2025-10-24T03:51:37.646134+00:00",
                "stderr": "",
                "stdout": "TC004 Move import `typing.Protocol` out of type-checking block. Import is used for more than type hinting.\n  --> x_cls_make_persistent_env_var_x.py:46:24\n   |\n45 | if TYPE_CHECKING:\n46 |     from typing import Protocol\n   |                        ^^^^^^^^\n47 |\n48 |     class _TkSupportsGrid(Protocol):\n   |\nhelp: Move out of type-checking block\n\nFound 1 error.\nNo fixes available (1 hidden fix can be enabled with the `--unsafe-fixes` option).\n",
                "tool": "ruff_check",
                "tool_module": "ruff",
                "tool_version": "ruff 0.14.2"
            },
            "exit": "exit 1",
            "message": "ruff_check failed for x_make_persistent_env_var_x (exit 1)\ncwd: C:\\x_runner_x\\x_make_persistent_env_var_x\ncommand: C:\\x_runner_x\\artifacts\\venvs\\orchestrator_gui_py312\\Scripts\\python.exe -m ruff check . --select ALL --ignore D,COM812,ISC001,T20 --line-length 88 --target-version py311\nstarted_at: 2025-10-24T03:51:37.646134+00:00\nduration: 0.145s\ntool_version: ruff 0.14.2\nstdout:\nTC004 Move import `typing.Protocol` out of type-checking block. Import is used for more than type hinting.\n  --> x_cls_make_persistent_env_var_x.py:46:24\n   |\n45 | if TYPE_CHECKING:\n46 |     from typing import Protocol\n\u2026\nstderr:\n<empty>",
            "repo": "x_make_persistent_env_var_x",
            "repo_path": "C:\\x_runner_x\\x_make_persistent_env_var_x",
            "stderr_preview": null,
            "stdout_preview": "TC004 Move import `typing.Protocol` out of type-checking block. Import is used for more than type hinting.\n  --> x_cls_make_persistent_env_var_x.py:46:24\n   |\n45 | if TYPE_CHECKING:\n46 |     from typing import Protocol\n\u2026",
            "suggested_action": "Investigate",
            "summary": "ruff_check failed for x_make_persistent_env_var_x (exit 1) cwd: C:\\x_runner_x\\x_make_persistent_env_var_x command: C:\\x_runner_x\\artifacts\\venvs\\orchestrator_gui_py312\\Scripts\\python.exe -m ruff check . --select ALL --ignore D,COM812,ISC00\u2026",
            "tool": "ruff_check",
            "tool_version": "ruff 0.14.2"
        },
        {
            "captured_at": "2025-10-24T03:51:35.306932+00:00",
            "command": "C:\\x_runner_x\\artifacts\\venvs\\orchestrator_gui_py312\\Scripts\\python.exe -m ruff check . --fix --select ALL --ignore D,COM812,ISC001,T20 --line-length 88 --target-version py311",
            "detail": {
                "cached": false,
                "cmd": [
                    "C:\\x_runner_x\\artifacts\\venvs\\orchestrator_gui_py312\\Scripts\\python.exe",
                    "-m",
                    "ruff",
                    "check",
                    ".",
                    "--fix",
                    "--select",
                    "ALL",
                    "--ignore",
                    "D,COM812,ISC001,T20",
                    "--line-length",
                    "88",
                    "--target-version",
                    "py311"
                ],
                "cmd_display": "C:\\x_runner_x\\artifacts\\venvs\\orchestrator_gui_py312\\Scripts\\python.exe -m ruff check . --fix --select ALL --ignore D,COM812,ISC001,T20 --line-length 88 --target-version py311",
                "cwd": "C:\\x_runner_x\\x_make_persistent_env_var_x",
                "duration_seconds": 0.17107969999779016,
                "ended_at": "2025-10-24T03:51:35.306932+00:00",
                "exit": 1,
                "failed_files": [],
                "files_checked": [
                    "__init__.py",
                    "json_contracts/__init__.py",
                    "tests/__init__.py",
                    "tests/test_json_contracts.py",
                    "tests/test_persistent_env.py",
                    "x_cls_make_persistent_env_var_x.py"
                ],
                "repo": "x_make_persistent_env_var_x",
                "repo_hash": "8e4ec9ab4c589760a2209e1167ac68703a80e2fcf5cfec72dbae17af1ded0254",
                "repo_path": "C:\\x_runner_x\\x_make_persistent_env_var_x",
                "started_at": "2025-10-24T03:51:35.135572+00:00",
                "stderr": "",
                "stdout": "TC004 Move import `typing.Protocol` out of type-checking block. Import is used for more than type hinting.\n  --> x_cls_make_persistent_env_var_x.py:46:24\n   |\n45 | if TYPE_CHECKING:\n46 |     from typing import Protocol\n   |                        ^^^^^^^^\n47 |\n48 |     class _TkSupportsGrid(Protocol):\n   |\nhelp: Move out of type-checking block\n\nFound 3 errors (2 fixed, 1 remaining).\nNo fixes available (1 hidden fix can be enabled with the `--unsafe-fixes` option).\n",
                "tool": "ruff_fix",
                "tool_module": "ruff",
                "tool_version": "ruff 0.14.2"
            },
            "exit": "exit 1",
            "message": "ruff_fix failed for x_make_persistent_env_var_x (exit 1)\ncwd: C:\\x_runner_x\\x_make_persistent_env_var_x\ncommand: C:\\x_runner_x\\artifacts\\venvs\\orchestrator_gui_py312\\Scripts\\python.exe -m ruff check . --fix --select ALL --ignore D,COM812,ISC001,T20 --line-length 88 --target-version py311\nstarted_at: 2025-10-24T03:51:35.135572+00:00\nduration: 0.171s\ntool_version: ruff 0.14.2\nstdout:\nTC004 Move import `typing.Protocol` out of type-checking block. Import is used for more than type hinting.\n  --> x_cls_make_persistent_env_var_x.py:46:24\n   |\n45 | if TYPE_CHECKING:\n46 |     from typing import Protocol\n\u2026\nstderr:\n<empty>",
            "repo": "x_make_persistent_env_var_x",
            "repo_path": "C:\\x_runner_x\\x_make_persistent_env_var_x",
            "stderr_preview": null,
            "stdout_preview": "TC004 Move import `typing.Protocol` out of type-checking block. Import is used for more than type hinting.\n  --> x_cls_make_persistent_env_var_x.py:46:24\n   |\n45 | if TYPE_CHECKING:\n46 |     from typing import Protocol\n\u2026",
            "suggested_action": "Investigate",
            "summary": "ruff_fix failed for x_make_persistent_env_var_x (exit 1) cwd: C:\\x_runner_x\\x_make_persistent_env_var_x command: C:\\x_runner_x\\artifacts\\venvs\\orchestrator_gui_py312\\Scripts\\python.exe -m ruff check . --fix --select ALL --ignore D,COM812,I\u2026",
            "tool": "ruff_fix",
            "tool_version": "ruff 0.14.2"
        },
        {
            "captured_at": "2025-10-24T03:51:55.592203+00:00",
            "command": "C:\\x_runner_x\\artifacts\\venvs\\orchestrator_gui_py312\\Scripts\\python.exe -m mypy --package x_make_pip_updates_x --strict --no-warn-unused-configs --show-error-codes --warn-return-any --warn-unreachable --disallow-any-unimported --disallow-any-expr --disallow-any-decorated --disallow-any-explicit",
            "detail": {
                "cached": false,
                "cmd": [
                    "C:\\x_runner_x\\artifacts\\venvs\\orchestrator_gui_py312\\Scripts\\python.exe",
                    "-m",
                    "mypy",
                    "--package",
                    "x_make_pip_updates_x",
                    "--strict",
                    "--no-warn-unused-configs",
                    "--show-error-codes",
                    "--warn-return-any",
                    "--warn-unreachable",
                    "--disallow-any-unimported",
                    "--disallow-any-expr",
                    "--disallow-any-decorated",
                    "--disallow-any-explicit"
                ],
                "cmd_display": "C:\\x_runner_x\\artifacts\\venvs\\orchestrator_gui_py312\\Scripts\\python.exe -m mypy --package x_make_pip_updates_x --strict --no-warn-unused-configs --show-error-codes --warn-return-any --warn-unreachable --disallow-any-unimported --disallow-any-expr --disallow-any-decorated --disallow-any-explicit",
                "cwd": "C:\\x_runner_x\\x_make_pip_updates_x",
                "duration_seconds": 0.9871948000218254,
                "ended_at": "2025-10-24T03:51:55.592203+00:00",
                "exit": 1,
                "failed_files": [],
                "files_checked": [
                    "__init__.py",
                    "json_contracts/__init__.py",
                    "tests/__init__.py",
                    "tests/test_json_contracts.py",
                    "tests/test_pip_updates.py",
                    "update_flow.py",
                    "x_cls_make_pip_updates_x.py"
                ],
                "repo": "x_make_pip_updates_x",
                "repo_hash": "5de756c4914413643c2f0a0cc0bde0646815b657c8ae731e94028d94abfe6182",
                "repo_path": "C:\\x_runner_x\\x_make_pip_updates_x",
                "started_at": "2025-10-24T03:51:54.616126+00:00",
                "stderr": "",
                "stdout": "update_flow.py:43: error: Expression has type \"Any\"  [misc]\nupdate_flow.py:118: error: Expression has type \"Any\"  [misc]\nupdate_flow.py:590: error: Expression type contains \"Any\" (has type \"dict[Any, Any]\")  [misc]\nupdate_flow.py:613: error: Expression type contains \"Any\" (has type \"Any | None\")  [misc]\nupdate_flow.py:614: error: Expression type contains \"Any\" (has type \"Any | None\")  [misc]\nupdate_flow.py:681: error: Expression type contains \"Any\" (has type \"dict[Any, Any]\")  [misc]\nupdate_flow.py:687: error: Expression type contains \"Any\" (has type \"dict[Any, Any]\")  [misc]\nx_cls_make_pip_updates_x.py:317: error: Expression has type \"Any\"  [misc]\nx_cls_make_pip_updates_x.py:320: error: Expression has type \"Any\"  [misc]\nx_cls_make_pip_updates_x.py:320: error: Expression type contains \"Any\" (has type \"Any | None\")  [misc]\ntests\\test_json_contracts.py:35: error: Expression has type \"Any\"  [misc]\ntests\\test_json_contracts.py:36: error: Expression has type \"Any\"  [misc]\ntests\\test_json_contracts.py:77: error: Expression has type \"Any\"  [misc]\ntests\\test_json_contracts.py:78: error: Expression has type \"Any\"  [misc]\nFound 14 errors in 3 files (checked 10 source files)\n",
                "tool": "mypy",
                "tool_module": "mypy",
                "tool_version": "mypy 1.18.2 (compiled: yes)"
            },
            "exit": "exit 1",
            "message": "mypy failed for x_make_pip_updates_x (exit 1)\ncwd: C:\\x_runner_x\\x_make_pip_updates_x\ncommand: C:\\x_runner_x\\artifacts\\venvs\\orchestrator_gui_py312\\Scripts\\python.exe -m mypy --package x_make_pip_updates_x --strict --no-warn-unused-configs --show-error-codes --warn-return-any --warn-unreachable --disallow-any-unimported --disallow-any-expr --disallow-any-decorated --disallow-any-explicit\nstarted_at: 2025-10-24T03:51:54.616126+00:00\nduration: 0.987s\ntool_version: mypy 1.18.2 (compiled: yes)\nstdout:\nupdate_flow.py:43: error: Expression has type \"Any\"  [misc]\nupdate_flow.py:118: error: Expression has type \"Any\"  [misc]\nupdate_flow.py:590: error: Expression type contains \"Any\" (has type \"dict[Any, Any]\")  [misc]\nupdate_flow.py:613: error: Expression type contains \"Any\" (has type \"Any | None\")  [misc]\nupdate_flow.py:614: error: Expression type contains \"Any\" (has type \"Any | None\")  [misc]\n\u2026\nstderr:\n<empty>",
            "repo": "x_make_pip_updates_x",
            "repo_path": "C:\\x_runner_x\\x_make_pip_updates_x",
            "stderr_preview": null,
            "stdout_preview": "update_flow.py:43: error: Expression has type \"Any\"  [misc]\nupdate_flow.py:118: error: Expression has type \"Any\"  [misc]\nupdate_flow.py:590: error: Expression type contains \"Any\" (has type \"dict[Any, Any]\")  [misc]\nupdate_flow.py:613: error: Expression type contains \"Any\" (has type \"Any | None\")  [misc]\nupdate_flow.py:614: error: Expression type contains \"Any\" (has type \"Any | None\")  [misc]\n\u2026",
            "suggested_action": "Investigate",
            "summary": "mypy failed for x_make_pip_updates_x (exit 1) cwd: C:\\x_runner_x\\x_make_pip_updates_x command: C:\\x_runner_x\\artifacts\\venvs\\orchestrator_gui_py312\\Scripts\\python.exe -m mypy --package x_make_pip_updates_x --strict --no-warn-unused-configs\u2026",
            "tool": "mypy",
            "tool_version": "mypy 1.18.2 (compiled: yes)"
        },
        {
            "captured_at": "2025-10-24T03:52:15.200522+00:00",
            "command": "C:\\x_runner_x\\artifacts\\venvs\\orchestrator_gui_py312\\Scripts\\python.exe -m mypy --package x_make_py_mod_sideload_x --strict --no-warn-unused-configs --show-error-codes --warn-return-any --warn-unreachable --disallow-any-unimported --disallow-any-expr --disallow-any-decorated --disallow-any-explicit",
            "detail": {
                "cached": false,
                "cmd": [
                    "C:\\x_runner_x\\artifacts\\venvs\\orchestrator_gui_py312\\Scripts\\python.exe",
                    "-m",
                    "mypy",
                    "--package",
                    "x_make_py_mod_sideload_x",
                    "--strict",
                    "--no-warn-unused-configs",
                    "--show-error-codes",
                    "--warn-return-any",
                    "--warn-unreachable",
                    "--disallow-any-unimported",
                    "--disallow-any-expr",
                    "--disallow-any-decorated",
                    "--disallow-any-explicit"
                ],
                "cmd_display": "C:\\x_runner_x\\artifacts\\venvs\\orchestrator_gui_py312\\Scripts\\python.exe -m mypy --package x_make_py_mod_sideload_x --strict --no-warn-unused-configs --show-error-codes --warn-return-any --warn-unreachable --disallow-any-unimported --disallow-any-expr --disallow-any-decorated --disallow-any-explicit",
                "cwd": "C:\\x_runner_x\\x_make_py_mod_sideload_x",
                "duration_seconds": 0.9065440999984276,
                "ended_at": "2025-10-24T03:52:15.200522+00:00",
                "exit": 1,
                "failed_files": [],
                "files_checked": [
                    "__init__.py",
                    "json_contracts/__init__.py",
                    "tests/__init__.py",
                    "tests/conftest.py",
                    "tests/test_json_contracts.py",
                    "tests/test_py_module_sideload.py",
                    "x_cls_make_py_mod_sideload_x.py"
                ],
                "repo": "x_make_py_mod_sideload_x",
                "repo_hash": "463808341773c08c3ca01671aefa34a677086f7b9102e52d77791924d27e5733",
                "repo_path": "C:\\x_runner_x\\x_make_py_mod_sideload_x",
                "started_at": "2025-10-24T03:52:14.302406+00:00",
                "stderr": "",
                "stdout": "x_cls_make_py_mod_sideload_x.py:44: error: Expression has type \"Any\"  [misc]\nx_cls_make_py_mod_sideload_x.py:285: error: Returning Any from function declared to return \"str | None\"  [no-any-return]\nx_cls_make_py_mod_sideload_x.py:285: error: Expression has type \"Any\"  [misc]\nx_cls_make_py_mod_sideload_x.py:453: error: Expression has type \"Any\"  [misc]\nx_cls_make_py_mod_sideload_x.py:456: error: Expression has type \"Any\"  [misc]\nx_cls_make_py_mod_sideload_x.py:456: error: Expression type contains \"Any\" (has type \"Any | None\")  [misc]\ntests\\test_json_contracts.py:26: error: Returning Any from function declared to return \"dict[str, object]\"  [no-any-return]\ntests\\test_json_contracts.py:26: error: Expression has type \"Any\"  [misc]\ntests\\test_json_contracts.py:37: error: Expression has type \"Any\"  [misc]\ntests\\test_json_contracts.py:38: error: Expression has type \"Any\"  [misc]\ntests\\test_json_contracts.py:128: error: Expression type contains \"Any\" (has type \"Any | bool\")  [misc]\nFound 11 errors in 2 files (checked 9 source files)\n",
                "tool": "mypy",
                "tool_module": "mypy",
                "tool_version": "mypy 1.18.2 (compiled: yes)"
            },
            "exit": "exit 1",
            "message": "mypy failed for x_make_py_mod_sideload_x (exit 1)\ncwd: C:\\x_runner_x\\x_make_py_mod_sideload_x\ncommand: C:\\x_runner_x\\artifacts\\venvs\\orchestrator_gui_py312\\Scripts\\python.exe -m mypy --package x_make_py_mod_sideload_x --strict --no-warn-unused-configs --show-error-codes --warn-return-any --warn-unreachable --disallow-any-unimported --disallow-any-expr --disallow-any-decorated --disallow-any-explicit\nstarted_at: 2025-10-24T03:52:14.302406+00:00\nduration: 0.907s\ntool_version: mypy 1.18.2 (compiled: yes)\nstdout:\nx_cls_make_py_mod_sideload_x.py:44: error: Expression has type \"Any\"  [misc]\nx_cls_make_py_mod_sideload_x.py:285: error: Returning Any from function declared to return \"str | None\"  [no-any-return]\nx_cls_make_py_mod_sideload_x.py:285: error: Expression has type \"Any\"  [misc]\nx_cls_make_py_mod_sideload_x.py:453: error: Expression has type \"Any\"  [misc]\nx_cls_make_py_mod_sideload_x.py:456: error: Expression has type \"Any\"  [misc]\n\u2026\nstderr:\n<empty>",
            "repo": "x_make_py_mod_sideload_x",
            "repo_path": "C:\\x_runner_x\\x_make_py_mod_sideload_x",
            "stderr_preview": null,
            "stdout_preview": "x_cls_make_py_mod_sideload_x.py:44: error: Expression has type \"Any\"  [misc]\nx_cls_make_py_mod_sideload_x.py:285: error: Returning Any from function declared to return \"str | None\"  [no-any-return]\nx_cls_make_py_mod_sideload_x.py:285: error: Expression has type \"Any\"  [misc]\nx_cls_make_py_mod_sideload_x.py:453: error: Expression has type \"Any\"  [misc]\nx_cls_make_py_mod_sideload_x.py:456: error: Expression has type \"Any\"  [misc]\n\u2026",
            "suggested_action": "Investigate",
            "summary": "mypy failed for x_make_py_mod_sideload_x (exit 1) cwd: C:\\x_runner_x\\x_make_py_mod_sideload_x command: C:\\x_runner_x\\artifacts\\venvs\\orchestrator_gui_py312\\Scripts\\python.exe -m mypy --package x_make_py_mod_sideload_x --strict --no-warn-un\u2026",
            "tool": "mypy",
            "tool_version": "mypy 1.18.2 (compiled: yes)"
        },
        {
            "captured_at": "2025-10-24T03:52:23.256124+00:00",
            "command": "C:\\x_runner_x\\artifacts\\venvs\\orchestrator_gui_py312\\Scripts\\python.exe -m black . --line-length 88 --target-version py311 --check --diff",
            "detail": {
                "cached": false,
                "cmd": [
                    "C:\\x_runner_x\\artifacts\\venvs\\orchestrator_gui_py312\\Scripts\\python.exe",
                    "-m",
                    "black",
                    ".",
                    "--line-length",
                    "88",
                    "--target-version",
                    "py311",
                    "--check",
                    "--diff"
                ],
                "cmd_display": "C:\\x_runner_x\\artifacts\\venvs\\orchestrator_gui_py312\\Scripts\\python.exe -m black . --line-length 88 --target-version py311 --check --diff",
                "cwd": "C:\\x_runner_x\\x_make_py_venv_x",
                "duration_seconds": 1.3338395000027958,
                "ended_at": "2025-10-24T03:52:23.256124+00:00",
                "exit": 1,
                "failed_files": [],
                "files_checked": [
                    "__init__.py",
                    "x_cls_make_py_venv_x.py"
                ],
                "repo": "x_make_py_venv_x",
                "repo_hash": "f5b0e4d219cc79bb95c4d1c323f68debb5e9f5ba93e376914b66d0c97bca1e4a",
                "repo_path": "C:\\x_runner_x\\x_make_py_venv_x",
                "started_at": "2025-10-24T03:52:21.936823+00:00",
                "stderr": "would reformat C:\\x_runner_x\\x_make_py_venv_x\\x_cls_make_py_venv_x.py\n\nOh no! \\U0001f4a5 \\U0001f494 \\U0001f4a5\n1 file would be reformatted, 1 file would be left unchanged.\n",
                "stdout": "--- C:\\x_runner_x\\x_make_py_venv_x\\x_cls_make_py_venv_x.py\t2025-10-24 03:46:49.683690+00:00\n+++ C:\\x_runner_x\\x_make_py_venv_x\\x_cls_make_py_venv_x.py\t2025-10-24 03:52:23.166833+00:00\n@@ -567,13 +567,11 @@\n         \"Sequence[str] | None\", getattr(namespace, \"requirements\", None)\n     )\n     default_requirements_seq = cast(\n         \"Sequence[str] | None\", getattr(namespace, \"default_requirements\", None)\n     )\n-    packages_seq = cast(\n-        \"Sequence[str] | None\", getattr(namespace, \"packages\", None)\n-    )\n+    packages_seq = cast(\"Sequence[str] | None\", getattr(namespace, \"packages\", None))\n \n     requirements = [str(item) for item in requirements_seq] if requirements_seq else []\n     default_requirements = (\n         [str(item) for item in default_requirements_seq]\n         if default_requirements_seq\n",
                "tool": "black",
                "tool_module": "black",
                "tool_version": "python -m black, 25.9.0 (compiled: yes)\nPython (CPython) 3.12.6"
            },
            "exit": "exit 1",
            "message": "black failed for x_make_py_venv_x (exit 1)\ncwd: C:\\x_runner_x\\x_make_py_venv_x\ncommand: C:\\x_runner_x\\artifacts\\venvs\\orchestrator_gui_py312\\Scripts\\python.exe -m black . --line-length 88 --target-version py311 --check --diff\nstarted_at: 2025-10-24T03:52:21.936823+00:00\nduration: 1.334s\ntool_version: python -m black, 25.9.0 (compiled: yes)\nPython (CPython) 3.12.6\nstdout:\n--- C:\\x_runner_x\\x_make_py_venv_x\\x_cls_make_py_venv_x.py\t2025-10-24 03:46:49.683690+00:00\n+++ C:\\x_runner_x\\x_make_py_venv_x\\x_cls_make_py_venv_x.py\t2025-10-24 03:52:23.166833+00:00\n@@ -567,13 +567,11 @@\n         \"Sequence[str] | None\", getattr(namespace, \"requirements\", None)\n     )\n\u2026\nstderr:\nwould reformat C:\\x_runner_x\\x_make_py_venv_x\\x_cls_make_py_venv_x.py\n\nOh no! \\U0001f4a5 \\U0001f494 \\U0001f4a5\n1 file would be reformatted, 1 file would be left unchanged.",
            "repo": "x_make_py_venv_x",
            "repo_path": "C:\\x_runner_x\\x_make_py_venv_x",
            "stderr_preview": "would reformat C:\\x_runner_x\\x_make_py_venv_x\\x_cls_make_py_venv_x.py\n\nOh no! \\U0001f4a5 \\U0001f494 \\U0001f4a5\n1 file would be reformatted, 1 file would be left unchanged.",
            "stdout_preview": "--- C:\\x_runner_x\\x_make_py_venv_x\\x_cls_make_py_venv_x.py\t2025-10-24 03:46:49.683690+00:00\n+++ C:\\x_runner_x\\x_make_py_venv_x\\x_cls_make_py_venv_x.py\t2025-10-24 03:52:23.166833+00:00\n@@ -567,13 +567,11 @@\n         \"Sequence[str] | None\", getattr(namespace, \"requirements\", None)\n     )\n\u2026",
            "suggested_action": "Investigate",
            "summary": "black failed for x_make_py_venv_x (exit 1) cwd: C:\\x_runner_x\\x_make_py_venv_x command: C:\\x_runner_x\\artifacts\\venvs\\orchestrator_gui_py312\\Scripts\\python.exe -m black . --line-length 88 --target-version py311 --check --diff started_at: 2\u2026",
            "tool": "black",
            "tool_version": "python -m black, 25.9.0 (compiled: yes)\nPython (CPython) 3.12.6"
        },
        {
            "captured_at": "2025-10-24T03:52:24.371781+00:00",
            "command": "C:\\x_runner_x\\artifacts\\venvs\\orchestrator_gui_py312\\Scripts\\python.exe -m mypy --package x_make_py_venv_x --strict --no-warn-unused-configs --show-error-codes --warn-return-any --warn-unreachable --disallow-any-unimported --disallow-any-expr --disallow-any-decorated --disallow-any-explicit",
            "detail": {
                "cached": false,
                "cmd": [
                    "C:\\x_runner_x\\artifacts\\venvs\\orchestrator_gui_py312\\Scripts\\python.exe",
                    "-m",
                    "mypy",
                    "--package",
                    "x_make_py_venv_x",
                    "--strict",
                    "--no-warn-unused-configs",
                    "--show-error-codes",
                    "--warn-return-any",
                    "--warn-unreachable",
                    "--disallow-any-unimported",
                    "--disallow-any-expr",
                    "--disallow-any-decorated",
                    "--disallow-any-explicit"
                ],
                "cmd_display": "C:\\x_runner_x\\artifacts\\venvs\\orchestrator_gui_py312\\Scripts\\python.exe -m mypy --package x_make_py_venv_x --strict --no-warn-unused-configs --show-error-codes --warn-return-any --warn-unreachable --disallow-any-unimported --disallow-any-expr --disallow-any-decorated --disallow-any-explicit",
                "cwd": "C:\\x_runner_x\\x_make_py_venv_x",
                "duration_seconds": 0.9079039999924134,
                "ended_at": "2025-10-24T03:52:24.371781+00:00",
                "exit": 1,
                "failed_files": [],
                "files_checked": [
                    "__init__.py",
                    "x_cls_make_py_venv_x.py"
                ],
                "repo": "x_make_py_venv_x",
                "repo_hash": "f5b0e4d219cc79bb95c4d1c323f68debb5e9f5ba93e376914b66d0c97bca1e4a",
                "repo_path": "C:\\x_runner_x\\x_make_py_venv_x",
                "started_at": "2025-10-24T03:52:23.463335+00:00",
                "stderr": "",
                "stdout": "x_cls_make_py_venv_x.py:304: error: Expression has type \"Any\"  [misc]\nx_cls_make_py_venv_x.py:586: error: Expression has type \"Any\"  [misc]\nx_cls_make_py_venv_x.py:587: error: Expression has type \"Any\"  [misc]\nx_cls_make_py_venv_x.py:588: error: Expression has type \"Any\"  [misc]\nx_cls_make_py_venv_x.py:592: error: Expression has type \"Any\"  [misc]\nx_cls_make_py_venv_x.py:593: error: Expression has type \"Any\"  [misc]\nx_cls_make_py_venv_x.py:594: error: Expression has type \"Any\"  [misc]\nx_cls_make_py_venv_x.py:595: error: Expression has type \"Any\"  [misc]\nx_cls_make_py_venv_x.py:596: error: Expression has type \"Any\"  [misc]\nx_cls_make_py_venv_x.py:597: error: Expression has type \"Any\"  [misc]\nx_cls_make_py_venv_x.py:598: error: Expression has type \"Any\"  [misc]\nx_cls_make_py_venv_x.py:599: error: Expression has type \"Any\"  [misc]\nFound 12 errors in 1 file (checked 2 source files)\n",
                "tool": "mypy",
                "tool_module": "mypy",
                "tool_version": "mypy 1.18.2 (compiled: yes)"
            },
            "exit": "exit 1",
            "message": "mypy failed for x_make_py_venv_x (exit 1)\ncwd: C:\\x_runner_x\\x_make_py_venv_x\ncommand: C:\\x_runner_x\\artifacts\\venvs\\orchestrator_gui_py312\\Scripts\\python.exe -m mypy --package x_make_py_venv_x --strict --no-warn-unused-configs --show-error-codes --warn-return-any --warn-unreachable --disallow-any-unimported --disallow-any-expr --disallow-any-decorated --disallow-any-explicit\nstarted_at: 2025-10-24T03:52:23.463335+00:00\nduration: 0.908s\ntool_version: mypy 1.18.2 (compiled: yes)\nstdout:\nx_cls_make_py_venv_x.py:304: error: Expression has type \"Any\"  [misc]\nx_cls_make_py_venv_x.py:586: error: Expression has type \"Any\"  [misc]\nx_cls_make_py_venv_x.py:587: error: Expression has type \"Any\"  [misc]\nx_cls_make_py_venv_x.py:588: error: Expression has type \"Any\"  [misc]\nx_cls_make_py_venv_x.py:592: error: Expression has type \"Any\"  [misc]\n\u2026\nstderr:\n<empty>",
            "repo": "x_make_py_venv_x",
            "repo_path": "C:\\x_runner_x\\x_make_py_venv_x",
            "stderr_preview": null,
            "stdout_preview": "x_cls_make_py_venv_x.py:304: error: Expression has type \"Any\"  [misc]\nx_cls_make_py_venv_x.py:586: error: Expression has type \"Any\"  [misc]\nx_cls_make_py_venv_x.py:587: error: Expression has type \"Any\"  [misc]\nx_cls_make_py_venv_x.py:588: error: Expression has type \"Any\"  [misc]\nx_cls_make_py_venv_x.py:592: error: Expression has type \"Any\"  [misc]\n\u2026",
            "suggested_action": "Investigate",
            "summary": "mypy failed for x_make_py_venv_x (exit 1) cwd: C:\\x_runner_x\\x_make_py_venv_x command: C:\\x_runner_x\\artifacts\\venvs\\orchestrator_gui_py312\\Scripts\\python.exe -m mypy --package x_make_py_venv_x --strict --no-warn-unused-configs --show-erro\u2026",
            "tool": "mypy",
            "tool_version": "mypy 1.18.2 (compiled: yes)"
        },
        {
            "captured_at": "2025-10-24T03:52:45.816440+00:00",
            "command": "C:\\x_runner_x\\artifacts\\venvs\\orchestrator_gui_py312\\Scripts\\python.exe -m mypy --package x_make_pypi_x --strict --no-warn-unused-configs --show-error-codes --warn-return-any --warn-unreachable --disallow-any-unimported --disallow-any-expr --disallow-any-decorated --disallow-any-explicit",
            "detail": {
                "cached": false,
                "cmd": [
                    "C:\\x_runner_x\\artifacts\\venvs\\orchestrator_gui_py312\\Scripts\\python.exe",
                    "-m",
                    "mypy",
                    "--package",
                    "x_make_pypi_x",
                    "--strict",
                    "--no-warn-unused-configs",
                    "--show-error-codes",
                    "--warn-return-any",
                    "--warn-unreachable",
                    "--disallow-any-unimported",
                    "--disallow-any-expr",
                    "--disallow-any-decorated",
                    "--disallow-any-explicit"
                ],
                "cmd_display": "C:\\x_runner_x\\artifacts\\venvs\\orchestrator_gui_py312\\Scripts\\python.exe -m mypy --package x_make_pypi_x --strict --no-warn-unused-configs --show-error-codes --warn-return-any --warn-unreachable --disallow-any-unimported --disallow-any-expr --disallow-any-decorated --disallow-any-explicit",
                "cwd": "C:\\x_runner_x\\x_make_pypi_x",
                "duration_seconds": 1.080609299999196,
                "ended_at": "2025-10-24T03:52:45.816440+00:00",
                "exit": 1,
                "failed_files": [],
                "files_checked": [
                    "__init__.py",
                    "json_contracts.py",
                    "publish_flow.py",
                    "tests/__init__.py",
                    "tests/conftest.py",
                    "tests/test_json_contracts.py",
                    "tests/test_main_json.py",
                    "x_cls_make_pypi_x.py"
                ],
                "repo": "x_make_pypi_x",
                "repo_hash": "027ad11e563989754c832aca0412bab5151e1180932c8cfb979cb4cec2fdf8ad",
                "repo_path": "C:\\x_runner_x\\x_make_pypi_x",
                "started_at": "2025-10-24T03:52:44.735848+00:00",
                "stderr": "",
                "stdout": "tests\\test_json_contracts.py:31: error: Expression has type \"Any\"  [misc]\ntests\\test_json_contracts.py:32: error: Expression has type \"Any\"  [misc]\ntests\\test_json_contracts.py:76: error: Expression has type \"Any\"  [misc]\ntests\\test_json_contracts.py:77: error: Expression has type \"Any\"  [misc]\npublish_flow.py:68: error: Expression has type \"Any\"  [misc]\npublish_flow.py:69: error: Expression has type \"Any\"  [misc]\npublish_flow.py:73: error: Expression has type \"Any\"  [misc]\npublish_flow.py:74: error: Expression has type \"Any\"  [misc]\nx_cls_make_pypi_x.py:639: error: Expression has type \"Any\"  [misc]\nx_cls_make_pypi_x.py:640: error: Expression has type \"Any\"  [misc]\nx_cls_make_pypi_x.py:776: error: Expression type contains \"Any\" (has type \"Any | None\")  [misc]\nx_cls_make_pypi_x.py:777: error: Expression type contains \"Any\" (has type \"Any | None\")  [misc]\nx_cls_make_pypi_x.py:783: error: Expression has type \"Any\"  [misc]\nx_cls_make_pypi_x.py:793: error: Expression has type \"Any\"  [misc]\nx_cls_make_pypi_x.py:799: error: Expression type contains \"Any\" (has type \"dict[str, Any]\")  [misc]\nx_cls_make_pypi_x.py:800: error: Expression type contains \"Any\" (has type \"dict[str, Any]\")  [misc]\nx_cls_make_pypi_x.py:800: error: Expression type contains \"Any\" (has type \"list[Any]\")  [misc]\nx_cls_make_pypi_x.py:802: error: Expression type contains \"Any\" (has type \"dict[str, Any]\")  [misc]\nx_cls_make_pypi_x.py:823: error: Expression type contains \"Any\" (has type \"dict[str, Any]\")  [misc]\nx_cls_make_pypi_x.py:824: error: Expression type contains \"Any\" (has type \"dict[str, Any]\")  [misc]\nx_cls_make_pypi_x.py:840: error: Expression has type \"Any\"  [misc]\nx_cls_make_pypi_x.py:843: error: Expression has type \"Any\"  [misc]\nx_cls_make_pypi_x.py:843: error: Expression type contains \"Any\" (has type \"Any | None\")  [misc]\ntests\\test_main_json.py:140: error: Expression type contains \"Any\" (has type \"dict[str, Any]\")  [misc]\ntests\\test_main_json.py:248: error: Expression type contains \"Any\" (has type \"Any | None\")  [misc]\ntests\\test_main_json.py:250: error: Expression type contains \"Any\" (has type \"Any | None\")  [misc]\ntests\\test_main_json.py:253: error: Expression type contains \"Any\" (has type \"Any | None\")  [misc]\ntests\\test_main_json.py:253: error: Expression type contains \"Any\" (has type \"Any | bool\")  [misc]\ntests\\test_main_json.py:257: error: Expression type contains \"Any\" (has type \"type[SimpleNamespace]\")  [misc]\ntests\\test_main_json.py:262: error: Expression type contains \"Any\" (has type \"Any | bool\")  [misc]\ntests\\test_main_json.py:266: error: Expression type contains \"Any\" (has type \"type[SimpleNamespace]\")  [misc]\ntests\\test_main_json.py:278: error: Explicit \"Any\" is not allowed  [explicit-any]\ntests\\test_main_json.py:280: error: Expression type contains \"Any\" (has type \"Callable[..., object]\")  [misc]\ntests\\test_main_json.py:284: error: Expression type contains \"Any\" (has type \"Any | str\")  [misc]\ntests\\test_main_json.py:284: error: Expression type contains \"Any\" (has type \"Any | bool\")  [misc]\ntests\\test_main_json.py:284: error: Expression type contains \"Any\" (has type \"Callable[..., object]\")  [misc]\ntests\\test_main_json.py:301: error: Expression type contains \"Any\" (has type \"dict[str, Any]\")  [misc]\nFound 37 errors in 4 files (checked 11 source files)\n",
                "tool": "mypy",
                "tool_module": "mypy",
                "tool_version": "mypy 1.18.2 (compiled: yes)"
            },
            "exit": "exit 1",
            "message": "mypy failed for x_make_pypi_x (exit 1)\ncwd: C:\\x_runner_x\\x_make_pypi_x\ncommand: C:\\x_runner_x\\artifacts\\venvs\\orchestrator_gui_py312\\Scripts\\python.exe -m mypy --package x_make_pypi_x --strict --no-warn-unused-configs --show-error-codes --warn-return-any --warn-unreachable --disallow-any-unimported --disallow-any-expr --disallow-any-decorated --disallow-any-explicit\nstarted_at: 2025-10-24T03:52:44.735848+00:00\nduration: 1.081s\ntool_version: mypy 1.18.2 (compiled: yes)\nstdout:\ntests\\test_json_contracts.py:31: error: Expression has type \"Any\"  [misc]\ntests\\test_json_contracts.py:32: error: Expression has type \"Any\"  [misc]\ntests\\test_json_contracts.py:76: error: Expression has type \"Any\"  [misc]\ntests\\test_json_contracts.py:77: error: Expression has type \"Any\"  [misc]\npublish_flow.py:68: error: Expression has type \"Any\"  [misc]\n\u2026\nstderr:\n<empty>",
            "repo": "x_make_pypi_x",
            "repo_path": "C:\\x_runner_x\\x_make_pypi_x",
            "stderr_preview": null,
            "stdout_preview": "tests\\test_json_contracts.py:31: error: Expression has type \"Any\"  [misc]\ntests\\test_json_contracts.py:32: error: Expression has type \"Any\"  [misc]\ntests\\test_json_contracts.py:76: error: Expression has type \"Any\"  [misc]\ntests\\test_json_contracts.py:77: error: Expression has type \"Any\"  [misc]\npublish_flow.py:68: error: Expression has type \"Any\"  [misc]\n\u2026",
            "suggested_action": "Investigate",
            "summary": "mypy failed for x_make_pypi_x (exit 1) cwd: C:\\x_runner_x\\x_make_pypi_x command: C:\\x_runner_x\\artifacts\\venvs\\orchestrator_gui_py312\\Scripts\\python.exe -m mypy --package x_make_pypi_x --strict --no-warn-unused-configs --show-error-codes -\u2026",
            "tool": "mypy",
            "tool_version": "mypy 1.18.2 (compiled: yes)"
        },
        {
            "captured_at": "2025-10-24T03:52:44.731441+00:00",
            "command": "C:\\x_runner_x\\artifacts\\venvs\\orchestrator_gui_py312\\Scripts\\python.exe -m ruff check . --select ALL --ignore D,COM812,ISC001,T20 --line-length 88 --target-version py311",
            "detail": {
                "cached": false,
                "cmd": [
                    "C:\\x_runner_x\\artifacts\\venvs\\orchestrator_gui_py312\\Scripts\\python.exe",
                    "-m",
                    "ruff",
                    "check",
                    ".",
                    "--select",
                    "ALL",
                    "--ignore",
                    "D,COM812,ISC001,T20",
                    "--line-length",
                    "88",
                    "--target-version",
                    "py311"
                ],
                "cmd_display": "C:\\x_runner_x\\artifacts\\venvs\\orchestrator_gui_py312\\Scripts\\python.exe -m ruff check . --select ALL --ignore D,COM812,ISC001,T20 --line-length 88 --target-version py311",
                "cwd": "C:\\x_runner_x\\x_make_pypi_x",
                "duration_seconds": 0.14043390000006184,
                "ended_at": "2025-10-24T03:52:44.731441+00:00",
                "exit": 1,
                "failed_files": [],
                "files_checked": [
                    "__init__.py",
                    "json_contracts.py",
                    "publish_flow.py",
                    "tests/__init__.py",
                    "tests/conftest.py",
                    "tests/test_json_contracts.py",
                    "tests/test_main_json.py",
                    "x_cls_make_pypi_x.py"
                ],
                "repo": "x_make_pypi_x",
                "repo_hash": "027ad11e563989754c832aca0412bab5151e1180932c8cfb979cb4cec2fdf8ad",
                "repo_path": "C:\\x_runner_x\\x_make_pypi_x",
                "started_at": "2025-10-24T03:52:44.591975+00:00",
                "stderr": "",
                "stdout": "FBT001 Boolean-typed positional argument in function definition\n  --> tests\\test_main_json.py:43:9\n   |\n41 |         name: str,\n42 |         value: object,\n43 |         raising: bool = ...,\n   |         ^^^^^^^\n44 |     ) -> None: ...\n   |\n\nFBT001 Boolean-typed positional argument in function definition\n  --> tests\\test_main_json.py:46:33\n   |\n44 |     ) -> None: ...\n45 |\n46 |     def delenv(self, name: str, raising: bool = ...) -> None: ...\n   |                                 ^^^^^^^\n47 |\n48 |     def setenv(self, name: str, value: str) -> None: ...\n   |\n\nSLF001 Private member accessed: `_prime_twine_credentials`\n  --> tests\\test_main_json.py:70:9\n   |\n68 |     prime_callable = cast(\n69 |         \"_PrimeCredentials\",\n70 |         publish_flow._prime_twine_credentials,\n   |         ^^^^^^^^^^^^^^^^^^^^^^^^^^^^^^^^^^^^^\n71 |     )\n72 |     return prime_callable(token_env)\n   |\n\nFound 3 errors.\n",
                "tool": "ruff_check",
                "tool_module": "ruff",
                "tool_version": "ruff 0.14.2"
            },
            "exit": "exit 1",
            "message": "ruff_check failed for x_make_pypi_x (exit 1)\ncwd: C:\\x_runner_x\\x_make_pypi_x\ncommand: C:\\x_runner_x\\artifacts\\venvs\\orchestrator_gui_py312\\Scripts\\python.exe -m ruff check . --select ALL --ignore D,COM812,ISC001,T20 --line-length 88 --target-version py311\nstarted_at: 2025-10-24T03:52:44.591975+00:00\nduration: 0.140s\ntool_version: ruff 0.14.2\nstdout:\nFBT001 Boolean-typed positional argument in function definition\n  --> tests\\test_main_json.py:43:9\n   |\n41 |         name: str,\n42 |         value: object,\n\u2026\nstderr:\n<empty>",
            "repo": "x_make_pypi_x",
            "repo_path": "C:\\x_runner_x\\x_make_pypi_x",
            "stderr_preview": null,
            "stdout_preview": "FBT001 Boolean-typed positional argument in function definition\n  --> tests\\test_main_json.py:43:9\n   |\n41 |         name: str,\n42 |         value: object,\n\u2026",
            "suggested_action": "Investigate",
            "summary": "ruff_check failed for x_make_pypi_x (exit 1) cwd: C:\\x_runner_x\\x_make_pypi_x command: C:\\x_runner_x\\artifacts\\venvs\\orchestrator_gui_py312\\Scripts\\python.exe -m ruff check . --select ALL --ignore D,COM812,ISC001,T20 --line-length 88 --tar\u2026",
            "tool": "ruff_check",
            "tool_version": "ruff 0.14.2"
        },
        {
            "captured_at": "2025-10-24T03:52:43.025137+00:00",
            "command": "C:\\x_runner_x\\artifacts\\venvs\\orchestrator_gui_py312\\Scripts\\python.exe -m ruff check . --fix --select ALL --ignore D,COM812,ISC001,T20 --line-length 88 --target-version py311",
            "detail": {
                "cached": false,
                "cmd": [
                    "C:\\x_runner_x\\artifacts\\venvs\\orchestrator_gui_py312\\Scripts\\python.exe",
                    "-m",
                    "ruff",
                    "check",
                    ".",
                    "--fix",
                    "--select",
                    "ALL",
                    "--ignore",
                    "D,COM812,ISC001,T20",
                    "--line-length",
                    "88",
                    "--target-version",
                    "py311"
                ],
                "cmd_display": "C:\\x_runner_x\\artifacts\\venvs\\orchestrator_gui_py312\\Scripts\\python.exe -m ruff check . --fix --select ALL --ignore D,COM812,ISC001,T20 --line-length 88 --target-version py311",
                "cwd": "C:\\x_runner_x\\x_make_pypi_x",
                "duration_seconds": 0.20335549997980706,
                "ended_at": "2025-10-24T03:52:43.025137+00:00",
                "exit": 1,
                "failed_files": [],
                "files_checked": [
                    "__init__.py",
                    "json_contracts.py",
                    "publish_flow.py",
                    "tests/__init__.py",
                    "tests/conftest.py",
                    "tests/test_json_contracts.py",
                    "tests/test_main_json.py",
                    "x_cls_make_pypi_x.py"
                ],
                "repo": "x_make_pypi_x",
                "repo_hash": "027ad11e563989754c832aca0412bab5151e1180932c8cfb979cb4cec2fdf8ad",
                "repo_path": "C:\\x_runner_x\\x_make_pypi_x",
                "started_at": "2025-10-24T03:52:42.820153+00:00",
                "stderr": "",
                "stdout": "FBT001 Boolean-typed positional argument in function definition\n  --> tests\\test_main_json.py:43:9\n   |\n41 |         name: str,\n42 |         value: object,\n43 |         raising: bool = ...,\n   |         ^^^^^^^\n44 |     ) -> None: ...\n   |\n\nFBT001 Boolean-typed positional argument in function definition\n  --> tests\\test_main_json.py:46:33\n   |\n44 |     ) -> None: ...\n45 |\n46 |     def delenv(self, name: str, raising: bool = ...) -> None: ...\n   |                                 ^^^^^^^\n47 |\n48 |     def setenv(self, name: str, value: str) -> None: ...\n   |\n\nSLF001 Private member accessed: `_prime_twine_credentials`\n  --> tests\\test_main_json.py:70:9\n   |\n68 |     prime_callable = cast(\n69 |         \"_PrimeCredentials\",\n70 |         publish_flow._prime_twine_credentials,\n   |         ^^^^^^^^^^^^^^^^^^^^^^^^^^^^^^^^^^^^^\n71 |     )\n72 |     return prime_callable(token_env)\n   |\n\nFound 4 errors (1 fixed, 3 remaining).\n",
                "tool": "ruff_fix",
                "tool_module": "ruff",
                "tool_version": "ruff 0.14.2"
            },
            "exit": "exit 1",
            "message": "ruff_fix failed for x_make_pypi_x (exit 1)\ncwd: C:\\x_runner_x\\x_make_pypi_x\ncommand: C:\\x_runner_x\\artifacts\\venvs\\orchestrator_gui_py312\\Scripts\\python.exe -m ruff check . --fix --select ALL --ignore D,COM812,ISC001,T20 --line-length 88 --target-version py311\nstarted_at: 2025-10-24T03:52:42.820153+00:00\nduration: 0.203s\ntool_version: ruff 0.14.2\nstdout:\nFBT001 Boolean-typed positional argument in function definition\n  --> tests\\test_main_json.py:43:9\n   |\n41 |         name: str,\n42 |         value: object,\n\u2026\nstderr:\n<empty>",
            "repo": "x_make_pypi_x",
            "repo_path": "C:\\x_runner_x\\x_make_pypi_x",
            "stderr_preview": null,
            "stdout_preview": "FBT001 Boolean-typed positional argument in function definition\n  --> tests\\test_main_json.py:43:9\n   |\n41 |         name: str,\n42 |         value: object,\n\u2026",
            "suggested_action": "Investigate",
            "summary": "ruff_fix failed for x_make_pypi_x (exit 1) cwd: C:\\x_runner_x\\x_make_pypi_x command: C:\\x_runner_x\\artifacts\\venvs\\orchestrator_gui_py312\\Scripts\\python.exe -m ruff check . --fix --select ALL --ignore D,COM812,ISC001,T20 --line-length 88 -\u2026",
            "tool": "ruff_fix",
            "tool_version": "ruff 0.14.2"
        },
        {
            "captured_at": "2025-10-24T03:53:05.404213+00:00",
            "command": "C:\\x_runner_x\\artifacts\\venvs\\orchestrator_gui_py312\\Scripts\\python.exe -m mypy --package x_make_yahw_x --strict --no-warn-unused-configs --show-error-codes --warn-return-any --warn-unreachable --disallow-any-unimported --disallow-any-expr --disallow-any-decorated --disallow-any-explicit",
            "detail": {
                "cached": false,
                "cmd": [
                    "C:\\x_runner_x\\artifacts\\venvs\\orchestrator_gui_py312\\Scripts\\python.exe",
                    "-m",
                    "mypy",
                    "--package",
                    "x_make_yahw_x",
                    "--strict",
                    "--no-warn-unused-configs",
                    "--show-error-codes",
                    "--warn-return-any",
                    "--warn-unreachable",
                    "--disallow-any-unimported",
                    "--disallow-any-expr",
                    "--disallow-any-decorated",
                    "--disallow-any-explicit"
                ],
                "cmd_display": "C:\\x_runner_x\\artifacts\\venvs\\orchestrator_gui_py312\\Scripts\\python.exe -m mypy --package x_make_yahw_x --strict --no-warn-unused-configs --show-error-codes --warn-return-any --warn-unreachable --disallow-any-unimported --disallow-any-expr --disallow-any-decorated --disallow-any-explicit",
                "cwd": "C:\\x_runner_x\\x_make_yahw_x",
                "duration_seconds": 0.8609639999922365,
                "ended_at": "2025-10-24T03:53:05.404213+00:00",
                "exit": 1,
                "failed_files": [],
                "files_checked": [
                    "__init__.py",
                    "json_contracts.py",
                    "tests/__init__.py",
                    "tests/conftest.py",
                    "tests/test_json_contracts.py",
                    "tests/test_main_json.py",
                    "tests/test_yahw.py",
                    "x_cls_make_yahw_x.py"
                ],
                "repo": "x_make_yahw_x",
                "repo_hash": "7eabf0f371db0c408ec07b9fa5a0410b3c302f2e0bd2af70a26c4dff3a5cae8c",
                "repo_path": "C:\\x_runner_x\\x_make_yahw_x",
                "started_at": "2025-10-24T03:53:04.542518+00:00",
                "stderr": "",
                "stdout": "x_cls_make_yahw_x.py:144: error: Expression has type \"Any\"  [misc]\nx_cls_make_yahw_x.py:147: error: Expression has type \"Any\"  [misc]\nx_cls_make_yahw_x.py:147: error: Expression type contains \"Any\" (has type \"Any | None\")  [misc]\ntests\\test_json_contracts.py:24: error: Expression has type \"Any\"  [misc]\ntests\\test_json_contracts.py:26: error: Expression has type \"Any\"  [misc]\ntests\\test_json_contracts.py:28: error: Expression has type \"Any\"  [misc]\ntests\\test_json_contracts.py:30: error: Expression has type \"Any\"  [misc]\ntests\\test_json_contracts.py:31: error: Expression has type \"Any\"  [misc]\ntests\\test_json_contracts.py:32: error: Expression has type \"Any\"  [misc]\ntests\\test_yahw.py:67: error: Expression type contains \"Any\" (has type \"Any | None\")  [misc]\ntests\\test_yahw.py:68: error: Expression type contains \"Any\" (has type \"Any | None\")  [misc]\ntests\\test_main_json.py:72: error: Expression type contains \"Any\" (has type \"type[SimpleNamespace]\")  [misc]\ntests\\test_main_json.py:74: error: Redundant cast to \"SimpleNamespace\"  [redundant-cast]\ntests\\test_main_json.py:76: error: Expression has type \"Any\"  [misc]\ntests\\test_main_json.py:80: error: Expression has type \"Any\"  [misc]\nFound 15 errors in 4 files (checked 10 source files)\n",
                "tool": "mypy",
                "tool_module": "mypy",
                "tool_version": "mypy 1.18.2 (compiled: yes)"
            },
            "exit": "exit 1",
            "message": "mypy failed for x_make_yahw_x (exit 1)\ncwd: C:\\x_runner_x\\x_make_yahw_x\ncommand: C:\\x_runner_x\\artifacts\\venvs\\orchestrator_gui_py312\\Scripts\\python.exe -m mypy --package x_make_yahw_x --strict --no-warn-unused-configs --show-error-codes --warn-return-any --warn-unreachable --disallow-any-unimported --disallow-any-expr --disallow-any-decorated --disallow-any-explicit\nstarted_at: 2025-10-24T03:53:04.542518+00:00\nduration: 0.861s\ntool_version: mypy 1.18.2 (compiled: yes)\nstdout:\nx_cls_make_yahw_x.py:144: error: Expression has type \"Any\"  [misc]\nx_cls_make_yahw_x.py:147: error: Expression has type \"Any\"  [misc]\nx_cls_make_yahw_x.py:147: error: Expression type contains \"Any\" (has type \"Any | None\")  [misc]\ntests\\test_json_contracts.py:24: error: Expression has type \"Any\"  [misc]\ntests\\test_json_contracts.py:26: error: Expression has type \"Any\"  [misc]\n\u2026\nstderr:\n<empty>",
            "repo": "x_make_yahw_x",
            "repo_path": "C:\\x_runner_x\\x_make_yahw_x",
            "stderr_preview": null,
            "stdout_preview": "x_cls_make_yahw_x.py:144: error: Expression has type \"Any\"  [misc]\nx_cls_make_yahw_x.py:147: error: Expression has type \"Any\"  [misc]\nx_cls_make_yahw_x.py:147: error: Expression type contains \"Any\" (has type \"Any | None\")  [misc]\ntests\\test_json_contracts.py:24: error: Expression has type \"Any\"  [misc]\ntests\\test_json_contracts.py:26: error: Expression has type \"Any\"  [misc]\n\u2026",
            "suggested_action": "Investigate",
            "summary": "mypy failed for x_make_yahw_x (exit 1) cwd: C:\\x_runner_x\\x_make_yahw_x command: C:\\x_runner_x\\artifacts\\venvs\\orchestrator_gui_py312\\Scripts\\python.exe -m mypy --package x_make_yahw_x --strict --no-warn-unused-configs --show-error-codes -\u2026",
            "tool": "mypy",
            "tool_version": "mypy 1.18.2 (compiled: yes)"
        },
        {
            "captured_at": "2025-10-24T03:53:04.533938+00:00",
            "command": "C:\\x_runner_x\\artifacts\\venvs\\orchestrator_gui_py312\\Scripts\\python.exe -m ruff check . --select ALL --ignore D,COM812,ISC001,T20 --line-length 88 --target-version py311",
            "detail": {
                "cached": false,
                "cmd": [
                    "C:\\x_runner_x\\artifacts\\venvs\\orchestrator_gui_py312\\Scripts\\python.exe",
                    "-m",
                    "ruff",
                    "check",
                    ".",
                    "--select",
                    "ALL",
                    "--ignore",
                    "D,COM812,ISC001,T20",
                    "--line-length",
                    "88",
                    "--target-version",
                    "py311"
                ],
                "cmd_display": "C:\\x_runner_x\\artifacts\\venvs\\orchestrator_gui_py312\\Scripts\\python.exe -m ruff check . --select ALL --ignore D,COM812,ISC001,T20 --line-length 88 --target-version py311",
                "cwd": "C:\\x_runner_x\\x_make_yahw_x",
                "duration_seconds": 0.14186110001173802,
                "ended_at": "2025-10-24T03:53:04.533938+00:00",
                "exit": 1,
                "failed_files": [],
                "files_checked": [
                    "__init__.py",
                    "json_contracts.py",
                    "tests/__init__.py",
                    "tests/conftest.py",
                    "tests/test_json_contracts.py",
                    "tests/test_main_json.py",
                    "tests/test_yahw.py",
                    "x_cls_make_yahw_x.py"
                ],
                "repo": "x_make_yahw_x",
                "repo_hash": "7eabf0f371db0c408ec07b9fa5a0410b3c302f2e0bd2af70a26c4dff3a5cae8c",
                "repo_path": "C:\\x_runner_x\\x_make_yahw_x",
                "started_at": "2025-10-24T03:53:04.397569+00:00",
                "stderr": "",
                "stdout": "TC003 Move standard library import `collections.abc.Mapping` into a type-checking block\n --> tests\\test_main_json.py:4:29\n  |\n3 | import importlib\n4 | from collections.abc import Mapping\n  |                             ^^^^^^^\n5 | from types import SimpleNamespace\n6 | from typing import NoReturn, cast\n  |\nhelp: Move into type-checking block\n\nTC002 Move third-party import `pytest` into a type-checking block\n --> tests\\test_main_json.py:8:8\n  |\n6 | from typing import NoReturn, cast\n7 |\n8 | import pytest\n  |        ^^^^^^\n9 | from x_make_common_x.json_contracts import validate_payload\n  |\nhelp: Move into type-checking block\n\nFound 2 errors.\nNo fixes available (2 hidden fixes can be enabled with the `--unsafe-fixes` option).\n",
                "tool": "ruff_check",
                "tool_module": "ruff",
                "tool_version": "ruff 0.14.2"
            },
            "exit": "exit 1",
            "message": "ruff_check failed for x_make_yahw_x (exit 1)\ncwd: C:\\x_runner_x\\x_make_yahw_x\ncommand: C:\\x_runner_x\\artifacts\\venvs\\orchestrator_gui_py312\\Scripts\\python.exe -m ruff check . --select ALL --ignore D,COM812,ISC001,T20 --line-length 88 --target-version py311\nstarted_at: 2025-10-24T03:53:04.397569+00:00\nduration: 0.142s\ntool_version: ruff 0.14.2\nstdout:\nTC003 Move standard library import `collections.abc.Mapping` into a type-checking block\n --> tests\\test_main_json.py:4:29\n  |\n3 | import importlib\n4 | from collections.abc import Mapping\n\u2026\nstderr:\n<empty>",
            "repo": "x_make_yahw_x",
            "repo_path": "C:\\x_runner_x\\x_make_yahw_x",
            "stderr_preview": null,
            "stdout_preview": "TC003 Move standard library import `collections.abc.Mapping` into a type-checking block\n --> tests\\test_main_json.py:4:29\n  |\n3 | import importlib\n4 | from collections.abc import Mapping\n\u2026",
            "suggested_action": "Investigate",
            "summary": "ruff_check failed for x_make_yahw_x (exit 1) cwd: C:\\x_runner_x\\x_make_yahw_x command: C:\\x_runner_x\\artifacts\\venvs\\orchestrator_gui_py312\\Scripts\\python.exe -m ruff check . --select ALL --ignore D,COM812,ISC001,T20 --line-length 88 --tar\u2026",
            "tool": "ruff_check",
            "tool_version": "ruff 0.14.2"
        },
        {
            "captured_at": "2025-10-24T03:53:03.166956+00:00",
            "command": "C:\\x_runner_x\\artifacts\\venvs\\orchestrator_gui_py312\\Scripts\\python.exe -m ruff check . --fix --select ALL --ignore D,COM812,ISC001,T20 --line-length 88 --target-version py311",
            "detail": {
                "cached": false,
                "cmd": [
                    "C:\\x_runner_x\\artifacts\\venvs\\orchestrator_gui_py312\\Scripts\\python.exe",
                    "-m",
                    "ruff",
                    "check",
                    ".",
                    "--fix",
                    "--select",
                    "ALL",
                    "--ignore",
                    "D,COM812,ISC001,T20",
                    "--line-length",
                    "88",
                    "--target-version",
                    "py311"
                ],
                "cmd_display": "C:\\x_runner_x\\artifacts\\venvs\\orchestrator_gui_py312\\Scripts\\python.exe -m ruff check . --fix --select ALL --ignore D,COM812,ISC001,T20 --line-length 88 --target-version py311",
                "cwd": "C:\\x_runner_x\\x_make_yahw_x",
                "duration_seconds": 0.14087440000730567,
                "ended_at": "2025-10-24T03:53:03.166956+00:00",
                "exit": 1,
                "failed_files": [],
                "files_checked": [
                    "__init__.py",
                    "json_contracts.py",
                    "tests/__init__.py",
                    "tests/conftest.py",
                    "tests/test_json_contracts.py",
                    "tests/test_main_json.py",
                    "tests/test_yahw.py",
                    "x_cls_make_yahw_x.py"
                ],
                "repo": "x_make_yahw_x",
                "repo_hash": "7eabf0f371db0c408ec07b9fa5a0410b3c302f2e0bd2af70a26c4dff3a5cae8c",
                "repo_path": "C:\\x_runner_x\\x_make_yahw_x",
                "started_at": "2025-10-24T03:53:03.032158+00:00",
                "stderr": "",
                "stdout": "TC003 Move standard library import `collections.abc.Mapping` into a type-checking block\n --> tests\\test_main_json.py:4:29\n  |\n3 | import importlib\n4 | from collections.abc import Mapping\n  |                             ^^^^^^^\n5 | from types import SimpleNamespace\n6 | from typing import NoReturn, cast\n  |\nhelp: Move into type-checking block\n\nTC002 Move third-party import `pytest` into a type-checking block\n --> tests\\test_main_json.py:8:8\n  |\n6 | from typing import NoReturn, cast\n7 |\n8 | import pytest\n  |        ^^^^^^\n9 | from x_make_common_x.json_contracts import validate_payload\n  |\nhelp: Move into type-checking block\n\nFound 2 errors.\nNo fixes available (2 hidden fixes can be enabled with the `--unsafe-fixes` option).\n",
                "tool": "ruff_fix",
                "tool_module": "ruff",
                "tool_version": "ruff 0.14.2"
            },
            "exit": "exit 1",
            "message": "ruff_fix failed for x_make_yahw_x (exit 1)\ncwd: C:\\x_runner_x\\x_make_yahw_x\ncommand: C:\\x_runner_x\\artifacts\\venvs\\orchestrator_gui_py312\\Scripts\\python.exe -m ruff check . --fix --select ALL --ignore D,COM812,ISC001,T20 --line-length 88 --target-version py311\nstarted_at: 2025-10-24T03:53:03.032158+00:00\nduration: 0.141s\ntool_version: ruff 0.14.2\nstdout:\nTC003 Move standard library import `collections.abc.Mapping` into a type-checking block\n --> tests\\test_main_json.py:4:29\n  |\n3 | import importlib\n4 | from collections.abc import Mapping\n\u2026\nstderr:\n<empty>",
            "repo": "x_make_yahw_x",
            "repo_path": "C:\\x_runner_x\\x_make_yahw_x",
            "stderr_preview": null,
            "stdout_preview": "TC003 Move standard library import `collections.abc.Mapping` into a type-checking block\n --> tests\\test_main_json.py:4:29\n  |\n3 | import importlib\n4 | from collections.abc import Mapping\n\u2026",
            "suggested_action": "Investigate",
            "summary": "ruff_fix failed for x_make_yahw_x (exit 1) cwd: C:\\x_runner_x\\x_make_yahw_x command: C:\\x_runner_x\\artifacts\\venvs\\orchestrator_gui_py312\\Scripts\\python.exe -m ruff check . --fix --select ALL --ignore D,COM812,ISC001,T20 --line-length 88 -\u2026",
            "tool": "ruff_fix",
            "tool_version": "ruff 0.14.2"
        }
    ],
    "generated_at": "2025-10-24T03:53:07.276365+00:00",
    "runtime": {
        "environment": {
            "PATH": "C:\\x_runner_x\\artifacts\\venvs\\orchestrator_gui_py312\\Lib\\site-packages\\PySide6;C:\\x_runner_x\\artifacts\\venvs\\orchestrator_gui\\Scripts;C:\\windows\\system32;C:\\windows;C:\\windows\\System32\\Wbem;C:\\windows\\System32\\WindowsPowerShell\\v1.0\\;C:\\windows\\System32\\OpenSSH\\;C:\\Program Files\\Git\\cmd;C:\\Program Files\\HP\\HP One Agent;C:\\Users\\eye43\\AppData\\Local\\Programs\\Python\\Launcher\\;C:\\Users\\eye43\\AppData\\Local\\Programs\\Microsoft VS Code\\bin;C:\\x_runner_x\\tools\\node-v20.11.1-win-x64\\node-v20.11.1-win-x64;C:\\x_runner_x\\tools\\node-v20.11.1-win-x64\\node-v20.11.1-win-x64\\node_modules\\npm\\bin;C:\\Users\\eye43\\AppData\\Local\\Programs\\Python\\Python314\\Scripts"
        },
        "platform": "Windows-11-10.0.26100-SP0",
        "python_executable": "C:\\x_runner_x\\artifacts\\venvs\\orchestrator_gui_py312\\Scripts\\python.exe",
        "python_version": "3.12.6 (main, Sep  9 2024, 20:50:27) [MSC v.1929 64 bit (AMD64)]",
        "run_completed_at": "2025-10-24T03:53:07.276365+00:00",
        "run_started_at": "2025-10-24T03:47:41.753735+00:00",
        "workspace_root": "C:\\x_runner_x"
    },
    "schema_version": "1.0",
    "summary": {
        "overall_stats": {
            "cache_hits": 2,
            "cache_misses": 78,
            "failed_tools": 31,
            "had_failures": true,
            "total_tools_run": 80
        },
        "repos": {
            "x_0_make_all_x": {
                "cached": 0,
                "failed": 0,
                "repo_hash": "47c5cb35be2c2af0a7116382bcde793f83d03e9ad4b6d224867dde67e9a59f0f",
                "tools": {
                    "black": {
                        "cached": false,
                        "exit": 0,
                        "timed_out": false
                    },
                    "mypy": {
                        "cached": false,
                        "exit": 0,
                        "timed_out": false
                    },
                    "pyright": {
                        "cached": false,
                        "exit": 0,
                        "timed_out": false
                    },
                    "ruff_check": {
                        "cached": false,
                        "exit": 0,
                        "timed_out": false
                    },
                    "ruff_fix": {
                        "cached": false,
                        "exit": 0,
                        "timed_out": false
                    }
                }
            },
            "x_0_make_ppnw_dot_ai_x": {
                "cached": 0,
                "failed": 2,
                "repo_hash": "cbf32bfe52f7a2e0ddf31a69d96c1c2c0adb0708d7795290b70880faa5a6ab7a",
                "tools": {
                    "black": {
                        "cached": false,
                        "exit": 0,
                        "timed_out": false
                    },
                    "mypy": {
                        "cached": false,
                        "exit": 0,
                        "timed_out": false
                    },
                    "pyright": {
                        "cached": false,
                        "exit": 0,
                        "timed_out": false
                    },
                    "ruff_check": {
                        "cached": false,
                        "exit": 1,
                        "timed_out": false
                    },
                    "ruff_fix": {
                        "cached": false,
                        "exit": 1,
                        "timed_out": false
                    }
                }
            },
            "x_legatus_acta_schedae_x": {
                "cached": 0,
                "failed": 0,
                "repo_hash": "04b691c83999462d2e35d273b03acd3cd2d21f8d8549b0617a44513129425cfe",
                "tools": {
                    "black": {
                        "cached": false,
                        "exit": 0,
                        "timed_out": false
                    },
                    "mypy": {
                        "cached": false,
                        "exit": 0,
                        "timed_out": false
                    },
                    "pyright": {
                        "cached": false,
                        "exit": 0,
                        "timed_out": false
                    },
                    "ruff_check": {
                        "cached": false,
                        "exit": 0,
                        "timed_out": false
                    },
                    "ruff_fix": {
                        "cached": false,
                        "exit": 0,
                        "timed_out": false
                    }
                }
            },
            "x_legatus_tactica_impetus_x": {
                "cached": 2,
                "failed": 0,
                "repo_hash": "9fe8fa5da6bb7971aae3acb28f1cc21b176c9c0916997a30407b350986bb270b",
                "tools": {
                    "black": {
                        "cached": false,
                        "exit": 0,
                        "timed_out": false
                    },
                    "mypy": {
                        "cached": false,
                        "exit": 0,
                        "timed_out": false
                    },
                    "pyright": {
                        "cached": false,
                        "exit": 0,
                        "timed_out": false
                    },
                    "ruff_check": {
                        "cached": true,
                        "exit": 0,
                        "timed_out": false
                    },
                    "ruff_fix": {
                        "cached": true,
                        "exit": 0,
                        "timed_out": false
                    }
                }
            },
            "x_make_common_x": {
                "cached": 0,
                "failed": 0,
                "repo_hash": "71ead4ed2e5f2867ffe0281ec1b742f1722db7facf38d4f03842b7275949a011",
                "tools": {
                    "black": {
                        "cached": false,
                        "exit": 0,
                        "timed_out": false
                    },
                    "mypy": {
                        "cached": false,
                        "exit": 0,
                        "timed_out": false
                    },
                    "pyright": {
                        "cached": false,
                        "exit": 0,
                        "timed_out": false
                    },
                    "ruff_check": {
                        "cached": false,
                        "exit": 0,
                        "timed_out": false
                    },
                    "ruff_fix": {
                        "cached": false,
                        "exit": 0,
                        "timed_out": false
                    }
                }
            },
            "x_make_github_clones_x": {
                "cached": 0,
                "failed": 4,
                "repo_hash": "0e01e9110bf1094aa0f6f46206afc165ab986c501ef5ca11531894d9683c9e70",
                "tools": {
                    "black": {
                        "cached": false,
                        "exit": 1,
                        "timed_out": false
                    },
                    "mypy": {
                        "cached": false,
                        "exit": 1,
                        "timed_out": false
                    },
                    "pyright": {
                        "cached": false,
                        "exit": 0,
                        "timed_out": false
                    },
                    "ruff_check": {
                        "cached": false,
                        "exit": 1,
                        "timed_out": false
                    },
                    "ruff_fix": {
                        "cached": false,
                        "exit": 1,
                        "timed_out": false
                    }
                }
            },
            "x_make_github_visitor_x": {
                "cached": 0,
                "failed": 1,
                "repo_hash": "34cc446934119309d6580c4899707780bac9446bc919fd2d1095f9be3c182239",
                "tools": {
                    "black": {
                        "cached": false,
                        "exit": 0,
                        "timed_out": false
                    },
                    "mypy": {
                        "cached": false,
                        "exit": 1,
                        "timed_out": false
                    },
                    "pyright": {
                        "cached": false,
                        "exit": 0,
                        "timed_out": false
                    },
                    "ruff_check": {
                        "cached": false,
                        "exit": 0,
                        "timed_out": false
                    },
                    "ruff_fix": {
                        "cached": false,
                        "exit": 0,
                        "timed_out": false
                    }
                }
            },
            "x_make_graphviz_x": {
                "cached": 0,
                "failed": 4,
                "repo_hash": "935863432ea1a7cad127966fba2454964bfe7ee92c569bc532fe1d2c75d3526e",
                "tools": {
                    "black": {
                        "cached": false,
                        "exit": 0,
                        "timed_out": false
                    },
                    "mypy": {
                        "cached": false,
                        "exit": 1,
                        "timed_out": false
                    },
                    "pyright": {
                        "cached": false,
                        "exit": 1,
                        "timed_out": false
                    },
                    "ruff_check": {
                        "cached": false,
                        "exit": 1,
                        "timed_out": false
                    },
                    "ruff_fix": {
                        "cached": false,
                        "exit": 1,
                        "timed_out": false
                    }
                }
            },
            "x_make_markdown_x": {
                "cached": 0,
                "failed": 3,
                "repo_hash": "7c847426afd88fba7b8ee8c03e0b30796e7442e10934ab3a642ed059f95bc8d5",
                "tools": {
                    "black": {
                        "cached": false,
                        "exit": 1,
                        "timed_out": false
                    },
                    "mypy": {
                        "cached": false,
                        "exit": 1,
                        "timed_out": false
                    },
                    "pyright": {
                        "cached": false,
                        "exit": 1,
                        "timed_out": false
                    },
                    "ruff_check": {
                        "cached": false,
                        "exit": 0,
                        "timed_out": false
                    },
                    "ruff_fix": {
                        "cached": false,
                        "exit": 0,
                        "timed_out": false
                    }
                }
            },
            "x_make_mermaid_x": {
                "cached": 0,
                "failed": 3,
                "repo_hash": "619b0e651c9f6e45e65e34354a7ec688155da8375525f558ef1be929ddc436a7",
                "tools": {
                    "black": {
                        "cached": false,
                        "exit": 1,
                        "timed_out": false
                    },
                    "mypy": {
                        "cached": false,
                        "exit": 1,
                        "timed_out": false
                    },
                    "pyright": {
                        "cached": false,
                        "exit": 1,
                        "timed_out": false
                    },
                    "ruff_check": {
                        "cached": false,
                        "exit": 0,
                        "timed_out": false
                    },
                    "ruff_fix": {
                        "cached": false,
                        "exit": 0,
                        "timed_out": false
                    }
                }
            },
            "x_make_persistent_env_var_x": {
                "cached": 0,
                "failed": 4,
                "repo_hash": "8e4ec9ab4c589760a2209e1167ac68703a80e2fcf5cfec72dbae17af1ded0254",
                "tools": {
                    "black": {
                        "cached": false,
                        "exit": 1,
                        "timed_out": false
                    },
                    "mypy": {
                        "cached": false,
                        "exit": 1,
                        "timed_out": false
                    },
                    "pyright": {
                        "cached": false,
                        "exit": 0,
                        "timed_out": false
                    },
                    "ruff_check": {
                        "cached": false,
                        "exit": 1,
                        "timed_out": false
                    },
                    "ruff_fix": {
                        "cached": false,
                        "exit": 1,
                        "timed_out": false
                    }
                }
            },
            "x_make_pip_updates_x": {
                "cached": 0,
                "failed": 1,
                "repo_hash": "5de756c4914413643c2f0a0cc0bde0646815b657c8ae731e94028d94abfe6182",
                "tools": {
                    "black": {
                        "cached": false,
                        "exit": 0,
                        "timed_out": false
                    },
                    "mypy": {
                        "cached": false,
                        "exit": 1,
                        "timed_out": false
                    },
                    "pyright": {
                        "cached": false,
                        "exit": 0,
                        "timed_out": false
                    },
                    "ruff_check": {
                        "cached": false,
                        "exit": 0,
                        "timed_out": false
                    },
                    "ruff_fix": {
                        "cached": false,
                        "exit": 0,
                        "timed_out": false
                    }
                }
            },
            "x_make_py_mod_sideload_x": {
                "cached": 0,
                "failed": 1,
                "repo_hash": "463808341773c08c3ca01671aefa34a677086f7b9102e52d77791924d27e5733",
                "tools": {
                    "black": {
                        "cached": false,
                        "exit": 0,
                        "timed_out": false
                    },
                    "mypy": {
                        "cached": false,
                        "exit": 1,
                        "timed_out": false
                    },
                    "pyright": {
                        "cached": false,
                        "exit": 0,
                        "timed_out": false
                    },
                    "ruff_check": {
                        "cached": false,
                        "exit": 0,
                        "timed_out": false
                    },
                    "ruff_fix": {
                        "cached": false,
                        "exit": 0,
                        "timed_out": false
                    }
                }
            },
            "x_make_py_venv_x": {
                "cached": 0,
                "failed": 2,
                "repo_hash": "f5b0e4d219cc79bb95c4d1c323f68debb5e9f5ba93e376914b66d0c97bca1e4a",
                "tools": {
                    "black": {
                        "cached": false,
                        "exit": 1,
                        "timed_out": false
                    },
                    "mypy": {
                        "cached": false,
                        "exit": 1,
                        "timed_out": false
                    },
                    "pyright": {
                        "cached": false,
                        "exit": 0,
                        "timed_out": false
                    },
                    "ruff_check": {
                        "cached": false,
                        "exit": 0,
                        "timed_out": false
                    },
                    "ruff_fix": {
                        "cached": false,
                        "exit": 0,
                        "timed_out": false
                    }
                }
            },
            "x_make_pypi_x": {
                "cached": 0,
                "failed": 3,
                "repo_hash": "027ad11e563989754c832aca0412bab5151e1180932c8cfb979cb4cec2fdf8ad",
                "tools": {
                    "black": {
                        "cached": false,
                        "exit": 0,
                        "timed_out": false
                    },
                    "mypy": {
                        "cached": false,
                        "exit": 1,
                        "timed_out": false
                    },
                    "pyright": {
                        "cached": false,
                        "exit": 0,
                        "timed_out": false
                    },
                    "ruff_check": {
                        "cached": false,
                        "exit": 1,
                        "timed_out": false
                    },
                    "ruff_fix": {
                        "cached": false,
                        "exit": 1,
                        "timed_out": false
                    }
                }
            },
            "x_make_yahw_x": {
                "cached": 0,
                "failed": 3,
                "repo_hash": "7eabf0f371db0c408ec07b9fa5a0410b3c302f2e0bd2af70a26c4dff3a5cae8c",
                "tools": {
                    "black": {
                        "cached": false,
                        "exit": 0,
                        "timed_out": false
                    },
                    "mypy": {
                        "cached": false,
                        "exit": 1,
                        "timed_out": false
                    },
                    "pyright": {
                        "cached": false,
                        "exit": 0,
                        "timed_out": false
                    },
                    "ruff_check": {
                        "cached": false,
                        "exit": 1,
                        "timed_out": false
                    },
                    "ruff_fix": {
                        "cached": false,
                        "exit": 1,
                        "timed_out": false
                    }
                }
            }
        },
        "timestamp": "2025-10-24T03:53:07.276365+00:00",
        "total_repos": 16
    },
    "tool_versions": {
        "black": "python -m black, 25.9.0 (compiled: yes)\nPython (CPython) 3.12.6",
        "mypy": "mypy 1.18.2 (compiled: yes)",
        "pyright": "pyright 1.1.406",
        "ruff": "ruff 0.14.2"
    },
    "workspace_root": "C:\\x_runner_x"
}