{
    "failures": [
        {
            "captured_at": "2025-10-24T06:32:31.738492+00:00",
            "command": "C:\\x_runner_x\\artifacts\\venvs\\orchestrator_gui_py312\\Scripts\\python.exe -m mypy --package x_make_github_clones_x --strict --no-warn-unused-configs --show-error-codes --warn-return-any --warn-unreachable --disallow-any-unimported --disallow-any-expr --disallow-any-decorated --disallow-any-explicit",
            "detail": {
                "cached": false,
                "cmd": [
                    "C:\\x_runner_x\\artifacts\\venvs\\orchestrator_gui_py312\\Scripts\\python.exe",
                    "-m",
                    "mypy",
                    "--package",
                    "x_make_github_clones_x",
                    "--strict",
                    "--no-warn-unused-configs",
                    "--show-error-codes",
                    "--warn-return-any",
                    "--warn-unreachable",
                    "--disallow-any-unimported",
                    "--disallow-any-expr",
                    "--disallow-any-decorated",
                    "--disallow-any-explicit"
                ],
                "cmd_display": "C:\\x_runner_x\\artifacts\\venvs\\orchestrator_gui_py312\\Scripts\\python.exe -m mypy --package x_make_github_clones_x --strict --no-warn-unused-configs --show-error-codes --warn-return-any --warn-unreachable --disallow-any-unimported --disallow-any-expr --disallow-any-decorated --disallow-any-explicit",
                "cwd": "C:\\x_runner_x\\x_make_github_clones_x",
                "duration_seconds": 0.5838795999879949,
                "ended_at": "2025-10-24T06:32:31.738492+00:00",
                "exit": 1,
                "failed_files": [],
                "files_checked": [
                    "__init__.py",
                    "fastapi/__init__.py",
                    "fastapi/__main__.py",
                    "fastapi/cli.py",
                    "fastapi_cli/__init__.py",
                    "fastapi_cli/cli.py",
                    "json_contracts/__init__.py",
                    "json_contracts/_impl.py",
                    "tests/__init__.py",
                    "tests/test_json_contracts.py",
                    "tests/test_make_github_clones.py",
                    "x_cls_make_github_clones_x.py",
                    "x_make_github_clones_x/__init__.py",
                    "x_make_github_clones_x/x_cls_make_github_clones_x.py"
                ],
                "repo": "x_make_github_clones_x",
                "repo_hash": "50b862a590a94f8aeef2a9ad2bb67e43b8524bb8740343efdc514ce451ab5a50",
                "repo_path": "C:\\x_runner_x\\x_make_github_clones_x",
                "started_at": "2025-10-24T06:32:31.163362+00:00",
                "stderr": "",
                "stdout": "x_make_github_clones_x\\x_cls_make_github_clones_x.py:3: error: Cannot find implementation or library stub for module named \".x_cls_make_github_clones_x\"  [import-not-found]\nx_make_github_clones_x\\x_cls_make_github_clones_x.py:3: note: See https://mypy.readthedocs.io/en/stable/running_mypy.html#missing-imports\nx_make_github_clones_x\\x_cls_make_github_clones_x.py:19: error: Expression has type \"Any\"  [misc]\nx_make_github_clones_x\\x_cls_make_github_clones_x.py:20: error: Expression has type \"Any\"  [misc]\nx_make_github_clones_x\\x_cls_make_github_clones_x.py:21: error: Expression has type \"Any\"  [misc]\nx_make_github_clones_x\\x_cls_make_github_clones_x.py:22: error: Expression has type \"Any\"  [misc]\nx_make_github_clones_x\\x_cls_make_github_clones_x.py:23: error: Expression has type \"Any\"  [misc]\nFound 6 errors in 1 file (checked 2 source files)\n",
                "tool": "mypy",
                "tool_module": "mypy",
                "tool_version": "mypy 1.18.2 (compiled: yes)"
            },
            "exit": "exit 1",
            "message": "mypy failed for x_make_github_clones_x (exit 1)\ncwd: C:\\x_runner_x\\x_make_github_clones_x\ncommand: C:\\x_runner_x\\artifacts\\venvs\\orchestrator_gui_py312\\Scripts\\python.exe -m mypy --package x_make_github_clones_x --strict --no-warn-unused-configs --show-error-codes --warn-return-any --warn-unreachable --disallow-any-unimported --disallow-any-expr --disallow-any-decorated --disallow-any-explicit\nstarted_at: 2025-10-24T06:32:31.163362+00:00\nduration: 0.584s\ntool_version: mypy 1.18.2 (compiled: yes)\nstdout:\nx_make_github_clones_x\\x_cls_make_github_clones_x.py:3: error: Cannot find implementation or library stub for module named \".x_cls_make_github_clones_x\"  [import-not-found]\nx_make_github_clones_x\\x_cls_make_github_clones_x.py:3: note: See https://mypy.readthedocs.io/en/stable/running_mypy.html#missing-imports\nx_make_github_clones_x\\x_cls_make_github_clones_x.py:19: error: Expression has type \"Any\"  [misc]\nx_make_github_clones_x\\x_cls_make_github_clones_x.py:20: error: Expression has type \"Any\"  [misc]\nx_make_github_clones_x\\x_cls_make_github_clones_x.py:21: error: Expression has type \"Any\"  [misc]\n\u2026\nstderr:\n<empty>",
            "repo": "x_make_github_clones_x",
            "repo_path": "C:\\x_runner_x\\x_make_github_clones_x",
            "stderr_preview": null,
            "stdout_preview": "x_make_github_clones_x\\x_cls_make_github_clones_x.py:3: error: Cannot find implementation or library stub for module named \".x_cls_make_github_clones_x\"  [import-not-found]\nx_make_github_clones_x\\x_cls_make_github_clones_x.py:3: note: See https://mypy.readthedocs.io/en/stable/running_mypy.html#missing-imports\nx_make_github_clones_x\\x_cls_make_github_clones_x.py:19: error: Expression has type \"Any\"  [misc]\nx_make_github_clones_x\\x_cls_make_github_clones_x.py:20: error: Expression has type \"Any\"  [misc]\nx_make_github_clones_x\\x_cls_make_github_clones_x.py:21: error: Expression has type \"Any\"  [misc]\n\u2026",
            "suggested_action": "Investigate",
            "summary": "mypy failed for x_make_github_clones_x (exit 1) cwd: C:\\x_runner_x\\x_make_github_clones_x command: C:\\x_runner_x\\artifacts\\venvs\\orchestrator_gui_py312\\Scripts\\python.exe -m mypy --package x_make_github_clones_x --strict --no-warn-unused-c\u2026",
            "tool": "mypy",
            "tool_version": "mypy 1.18.2 (compiled: yes)"
        },
        {
            "captured_at": "2025-10-24T06:32:31.159093+00:00",
            "command": "C:\\x_runner_x\\artifacts\\venvs\\orchestrator_gui_py312\\Scripts\\python.exe -m ruff check . --select ALL --ignore D,COM812,ISC001,T20 --line-length 88 --target-version py311",
            "detail": {
                "cached": false,
                "cmd": [
                    "C:\\x_runner_x\\artifacts\\venvs\\orchestrator_gui_py312\\Scripts\\python.exe",
                    "-m",
                    "ruff",
                    "check",
                    ".",
                    "--select",
                    "ALL",
                    "--ignore",
                    "D,COM812,ISC001,T20",
                    "--line-length",
                    "88",
                    "--target-version",
                    "py311"
                ],
                "cmd_display": "C:\\x_runner_x\\artifacts\\venvs\\orchestrator_gui_py312\\Scripts\\python.exe -m ruff check . --select ALL --ignore D,COM812,ISC001,T20 --line-length 88 --target-version py311",
                "cwd": "C:\\x_runner_x\\x_make_github_clones_x",
                "duration_seconds": 0.14046030002646148,
                "ended_at": "2025-10-24T06:32:31.159093+00:00",
                "exit": 1,
                "failed_files": [],
                "files_checked": [
                    "__init__.py",
                    "fastapi/__init__.py",
                    "fastapi/__main__.py",
                    "fastapi/cli.py",
                    "fastapi_cli/__init__.py",
                    "fastapi_cli/cli.py",
                    "json_contracts/__init__.py",
                    "json_contracts/_impl.py",
                    "tests/__init__.py",
                    "tests/test_json_contracts.py",
                    "tests/test_make_github_clones.py",
                    "x_cls_make_github_clones_x.py",
                    "x_make_github_clones_x/__init__.py",
                    "x_make_github_clones_x/x_cls_make_github_clones_x.py"
                ],
                "repo": "x_make_github_clones_x",
                "repo_hash": "50b862a590a94f8aeef2a9ad2bb67e43b8524bb8740343efdc514ce451ab5a50",
                "repo_path": "C:\\x_runner_x\\x_make_github_clones_x",
                "started_at": "2025-10-24T06:32:31.018238+00:00",
                "stderr": "",
                "stdout": "N812 Lowercase `x_cls_make_github_clones_x` imported as non-lowercase `GithubClonesRunner`\n  --> tests\\test_make_github_clones.py:12:5\n   |\n10 | )\n11 | from x_make_github_clones_x.x_cls_make_github_clones_x import (\n12 |     x_cls_make_github_clones_x as GithubClonesRunner,\n   |     ^^^^^^^^^^^^^^^^^^^^^^^^^^^^^^^^^^^^^^^^^^^^^^^^\n13 | )\n   |\n\nTID252 Prefer absolute imports over relative imports from parent modules\n --> x_make_github_clones_x\\x_cls_make_github_clones_x.py:3:1\n  |\n1 |   \"\"\"Expose the CLI implementation from the script module.\"\"\"\n2 |\n3 | / from ..x_cls_make_github_clones_x import (\n4 | |     RepoRecord as _RepoRecord,\n5 | | )\n  | |_^\n6 |   from ..x_cls_make_github_clones_x import (\n7 |       main_json as _main_json,\n  |\nhelp: Replace relative imports from parent modules with absolute imports\n\nTID252 Prefer absolute imports over relative imports from parent modules\n  --> x_make_github_clones_x\\x_cls_make_github_clones_x.py:6:1\n   |\n 4 |       RepoRecord as _RepoRecord,\n 5 |   )\n 6 | / from ..x_cls_make_github_clones_x import (\n 7 | |     main_json as _main_json,\n 8 | | )\n   | |_^\n 9 |   from ..x_cls_make_github_clones_x import (\n10 |       resolve_workspace_root as _resolve_workspace_root,\n   |\nhelp: Replace relative imports from parent modules with absolute imports\n\nTID252 Prefer absolute imports over relative imports from parent modules\n  --> x_make_github_clones_x\\x_cls_make_github_clones_x.py:9:1\n   |\n 7 |       main_json as _main_json,\n 8 |   )\n 9 | / from ..x_cls_make_github_clones_x import (\n10 | |     resolve_workspace_root as _resolve_workspace_root,\n11 | | )\n   | |_^\n12 |   from ..x_cls_make_github_clones_x import (\n13 |       synchronize_workspace as _synchronize_workspace,\n   |\nhelp: Replace relative imports from parent modules with absolute imports\n\nTID252 Prefer absolute imports over relative imports from parent modules\n  --> x_make_github_clones_x\\x_cls_make_github_clones_x.py:12:1\n   |\n10 |       resolve_workspace_root as _resolve_workspace_root,\n11 |   )\n12 | / from ..x_cls_make_github_clones_x import (\n13 | |     synchronize_workspace as _synchronize_workspace,\n14 | | )\n   | |_^\n15 |   from ..x_cls_make_github_clones_x import (\n16 |       x_cls_make_github_clones_x as _impl_class,\n   |\nhelp: Replace relative imports from parent modules with absolute imports\n\nTID252 Prefer absolute imports over relative imports from parent modules\n  --> x_make_github_clones_x\\x_cls_make_github_clones_x.py:15:1\n   |\n13 |       synchronize_workspace as _synchronize_workspace,\n14 |   )\n15 | / from ..x_cls_make_github_clones_x import (\n16 | |     x_cls_make_github_clones_x as _impl_class,\n17 | | )\n   | |_^\n18 |\n19 |   RepoRecord = _RepoRecord\n   |\nhelp: Replace relative imports from parent modules with absolute imports\n\nFound 6 errors.\nNo fixes available (5 hidden fixes can be enabled with the `--unsafe-fixes` option).\n",
                "tool": "ruff_check",
                "tool_module": "ruff",
                "tool_version": "ruff 0.14.2"
            },
            "exit": "exit 1",
            "message": "ruff_check failed for x_make_github_clones_x (exit 1)\ncwd: C:\\x_runner_x\\x_make_github_clones_x\ncommand: C:\\x_runner_x\\artifacts\\venvs\\orchestrator_gui_py312\\Scripts\\python.exe -m ruff check . --select ALL --ignore D,COM812,ISC001,T20 --line-length 88 --target-version py311\nstarted_at: 2025-10-24T06:32:31.018238+00:00\nduration: 0.140s\ntool_version: ruff 0.14.2\nstdout:\nN812 Lowercase `x_cls_make_github_clones_x` imported as non-lowercase `GithubClonesRunner`\n  --> tests\\test_make_github_clones.py:12:5\n   |\n10 | )\n11 | from x_make_github_clones_x.x_cls_make_github_clones_x import (\n\u2026\nstderr:\n<empty>",
            "repo": "x_make_github_clones_x",
            "repo_path": "C:\\x_runner_x\\x_make_github_clones_x",
            "stderr_preview": null,
            "stdout_preview": "N812 Lowercase `x_cls_make_github_clones_x` imported as non-lowercase `GithubClonesRunner`\n  --> tests\\test_make_github_clones.py:12:5\n   |\n10 | )\n11 | from x_make_github_clones_x.x_cls_make_github_clones_x import (\n\u2026",
            "suggested_action": "Investigate",
            "summary": "ruff_check failed for x_make_github_clones_x (exit 1) cwd: C:\\x_runner_x\\x_make_github_clones_x command: C:\\x_runner_x\\artifacts\\venvs\\orchestrator_gui_py312\\Scripts\\python.exe -m ruff check . --select ALL --ignore D,COM812,ISC001,T20 --li\u2026",
            "tool": "ruff_check",
            "tool_version": "ruff 0.14.2"
        },
        {
            "captured_at": "2025-10-24T06:32:29.456365+00:00",
            "command": "C:\\x_runner_x\\artifacts\\venvs\\orchestrator_gui_py312\\Scripts\\python.exe -m ruff check . --fix --select ALL --ignore D,COM812,ISC001,T20 --line-length 88 --target-version py311",
            "detail": {
                "cached": false,
                "cmd": [
                    "C:\\x_runner_x\\artifacts\\venvs\\orchestrator_gui_py312\\Scripts\\python.exe",
                    "-m",
                    "ruff",
                    "check",
                    ".",
                    "--fix",
                    "--select",
                    "ALL",
                    "--ignore",
                    "D,COM812,ISC001,T20",
                    "--line-length",
                    "88",
                    "--target-version",
                    "py311"
                ],
                "cmd_display": "C:\\x_runner_x\\artifacts\\venvs\\orchestrator_gui_py312\\Scripts\\python.exe -m ruff check . --fix --select ALL --ignore D,COM812,ISC001,T20 --line-length 88 --target-version py311",
                "cwd": "C:\\x_runner_x\\x_make_github_clones_x",
                "duration_seconds": 0.13663749999250285,
                "ended_at": "2025-10-24T06:32:29.456365+00:00",
                "exit": 1,
                "failed_files": [],
                "files_checked": [
                    "__init__.py",
                    "fastapi/__init__.py",
                    "fastapi/__main__.py",
                    "fastapi/cli.py",
                    "fastapi_cli/__init__.py",
                    "fastapi_cli/cli.py",
                    "json_contracts/__init__.py",
                    "json_contracts/_impl.py",
                    "tests/__init__.py",
                    "tests/test_json_contracts.py",
                    "tests/test_make_github_clones.py",
                    "x_cls_make_github_clones_x.py",
                    "x_make_github_clones_x/__init__.py",
                    "x_make_github_clones_x/x_cls_make_github_clones_x.py"
                ],
                "repo": "x_make_github_clones_x",
                "repo_hash": "50b862a590a94f8aeef2a9ad2bb67e43b8524bb8740343efdc514ce451ab5a50",
                "repo_path": "C:\\x_runner_x\\x_make_github_clones_x",
                "started_at": "2025-10-24T06:32:29.317038+00:00",
                "stderr": "",
                "stdout": "N812 Lowercase `x_cls_make_github_clones_x` imported as non-lowercase `GithubClonesRunner`\n  --> tests\\test_make_github_clones.py:12:5\n   |\n10 | )\n11 | from x_make_github_clones_x.x_cls_make_github_clones_x import (\n12 |     x_cls_make_github_clones_x as GithubClonesRunner,\n   |     ^^^^^^^^^^^^^^^^^^^^^^^^^^^^^^^^^^^^^^^^^^^^^^^^\n13 | )\n   |\n\nTID252 Prefer absolute imports over relative imports from parent modules\n --> x_make_github_clones_x\\x_cls_make_github_clones_x.py:3:1\n  |\n1 |   \"\"\"Expose the CLI implementation from the script module.\"\"\"\n2 |\n3 | / from ..x_cls_make_github_clones_x import (\n4 | |     RepoRecord as _RepoRecord,\n5 | | )\n  | |_^\n6 |   from ..x_cls_make_github_clones_x import (\n7 |       main_json as _main_json,\n  |\nhelp: Replace relative imports from parent modules with absolute imports\n\nTID252 Prefer absolute imports over relative imports from parent modules\n  --> x_make_github_clones_x\\x_cls_make_github_clones_x.py:6:1\n   |\n 4 |       RepoRecord as _RepoRecord,\n 5 |   )\n 6 | / from ..x_cls_make_github_clones_x import (\n 7 | |     main_json as _main_json,\n 8 | | )\n   | |_^\n 9 |   from ..x_cls_make_github_clones_x import (\n10 |       resolve_workspace_root as _resolve_workspace_root,\n   |\nhelp: Replace relative imports from parent modules with absolute imports\n\nTID252 Prefer absolute imports over relative imports from parent modules\n  --> x_make_github_clones_x\\x_cls_make_github_clones_x.py:9:1\n   |\n 7 |       main_json as _main_json,\n 8 |   )\n 9 | / from ..x_cls_make_github_clones_x import (\n10 | |     resolve_workspace_root as _resolve_workspace_root,\n11 | | )\n   | |_^\n12 |   from ..x_cls_make_github_clones_x import (\n13 |       synchronize_workspace as _synchronize_workspace,\n   |\nhelp: Replace relative imports from parent modules with absolute imports\n\nTID252 Prefer absolute imports over relative imports from parent modules\n  --> x_make_github_clones_x\\x_cls_make_github_clones_x.py:12:1\n   |\n10 |       resolve_workspace_root as _resolve_workspace_root,\n11 |   )\n12 | / from ..x_cls_make_github_clones_x import (\n13 | |     synchronize_workspace as _synchronize_workspace,\n14 | | )\n   | |_^\n15 |   from ..x_cls_make_github_clones_x import (\n16 |       x_cls_make_github_clones_x as _impl_class,\n   |\nhelp: Replace relative imports from parent modules with absolute imports\n\nTID252 Prefer absolute imports over relative imports from parent modules\n  --> x_make_github_clones_x\\x_cls_make_github_clones_x.py:15:1\n   |\n13 |       synchronize_workspace as _synchronize_workspace,\n14 |   )\n15 | / from ..x_cls_make_github_clones_x import (\n16 | |     x_cls_make_github_clones_x as _impl_class,\n17 | | )\n   | |_^\n18 |\n19 |   RepoRecord = _RepoRecord\n   |\nhelp: Replace relative imports from parent modules with absolute imports\n\nFound 6 errors.\nNo fixes available (5 hidden fixes can be enabled with the `--unsafe-fixes` option).\n",
                "tool": "ruff_fix",
                "tool_module": "ruff",
                "tool_version": "ruff 0.14.2"
            },
            "exit": "exit 1",
            "message": "ruff_fix failed for x_make_github_clones_x (exit 1)\ncwd: C:\\x_runner_x\\x_make_github_clones_x\ncommand: C:\\x_runner_x\\artifacts\\venvs\\orchestrator_gui_py312\\Scripts\\python.exe -m ruff check . --fix --select ALL --ignore D,COM812,ISC001,T20 --line-length 88 --target-version py311\nstarted_at: 2025-10-24T06:32:29.317038+00:00\nduration: 0.137s\ntool_version: ruff 0.14.2\nstdout:\nN812 Lowercase `x_cls_make_github_clones_x` imported as non-lowercase `GithubClonesRunner`\n  --> tests\\test_make_github_clones.py:12:5\n   |\n10 | )\n11 | from x_make_github_clones_x.x_cls_make_github_clones_x import (\n\u2026\nstderr:\n<empty>",
            "repo": "x_make_github_clones_x",
            "repo_path": "C:\\x_runner_x\\x_make_github_clones_x",
            "stderr_preview": null,
            "stdout_preview": "N812 Lowercase `x_cls_make_github_clones_x` imported as non-lowercase `GithubClonesRunner`\n  --> tests\\test_make_github_clones.py:12:5\n   |\n10 | )\n11 | from x_make_github_clones_x.x_cls_make_github_clones_x import (\n\u2026",
            "suggested_action": "Investigate",
            "summary": "ruff_fix failed for x_make_github_clones_x (exit 1) cwd: C:\\x_runner_x\\x_make_github_clones_x command: C:\\x_runner_x\\artifacts\\venvs\\orchestrator_gui_py312\\Scripts\\python.exe -m ruff check . --fix --select ALL --ignore D,COM812,ISC001,T20 \u2026",
            "tool": "ruff_fix",
            "tool_version": "ruff 0.14.2"
        },
        {
            "captured_at": "2025-10-24T06:33:17.652343+00:00",
            "command": "C:\\x_runner_x\\artifacts\\venvs\\orchestrator_gui_py312\\Scripts\\python.exe -m mypy --package x_make_github_visitor_x --strict --no-warn-unused-configs --show-error-codes --warn-return-any --warn-unreachable --disallow-any-unimported --disallow-any-expr --disallow-any-decorated --disallow-any-explicit",
            "detail": {
                "cached": false,
                "cmd": [
                    "C:\\x_runner_x\\artifacts\\venvs\\orchestrator_gui_py312\\Scripts\\python.exe",
                    "-m",
                    "mypy",
                    "--package",
                    "x_make_github_visitor_x",
                    "--strict",
                    "--no-warn-unused-configs",
                    "--show-error-codes",
                    "--warn-return-any",
                    "--warn-unreachable",
                    "--disallow-any-unimported",
                    "--disallow-any-expr",
                    "--disallow-any-decorated",
                    "--disallow-any-explicit"
                ],
                "cmd_display": "C:\\x_runner_x\\artifacts\\venvs\\orchestrator_gui_py312\\Scripts\\python.exe -m mypy --package x_make_github_visitor_x --strict --no-warn-unused-configs --show-error-codes --warn-return-any --warn-unreachable --disallow-any-unimported --disallow-any-expr --disallow-any-decorated --disallow-any-explicit",
                "cwd": "C:\\x_runner_x\\x_make_github_visitor_x",
                "duration_seconds": 0.9238412999839056,
                "ended_at": "2025-10-24T06:33:17.652343+00:00",
                "exit": 1,
                "failed_files": [],
                "files_checked": [
                    "__init__.py",
                    "inspection_flow.py",
                    "json_contracts.py",
                    "run_external.py",
                    "run_visitor_no_cache.py",
                    "runner.py",
                    "tests/__init__.py",
                    "tests/test_github_visitor.py",
                    "tests/test_json_contracts.py",
                    "x_cls_make_github_visitor_x.py"
                ],
                "repo": "x_make_github_visitor_x",
                "repo_hash": "b55d2175473c867af43fc80720c46a308661d18c1936cddbe18604d9f05cd4ce",
                "repo_path": "C:\\x_runner_x\\x_make_github_visitor_x",
                "started_at": "2025-10-24T06:33:16.728773+00:00",
                "stderr": "",
                "stdout": "runner.py:955: error: Redundant cast to \"str\"  [redundant-cast]\nrunner.py:955: error: Expression has type \"Any\"  [misc]\nrunner.py:956: error: Redundant cast to \"str\"  [redundant-cast]\nrunner.py:959: error: Redundant cast to \"str\"  [redundant-cast]\nrunner.py:960: error: Redundant cast to \"str\"  [redundant-cast]\nFound 5 errors in 1 file (checked 13 source files)\n",
                "tool": "mypy",
                "tool_module": "mypy",
                "tool_version": "mypy 1.18.2 (compiled: yes)"
            },
            "exit": "exit 1",
            "message": "mypy failed for x_make_github_visitor_x (exit 1)\ncwd: C:\\x_runner_x\\x_make_github_visitor_x\ncommand: C:\\x_runner_x\\artifacts\\venvs\\orchestrator_gui_py312\\Scripts\\python.exe -m mypy --package x_make_github_visitor_x --strict --no-warn-unused-configs --show-error-codes --warn-return-any --warn-unreachable --disallow-any-unimported --disallow-any-expr --disallow-any-decorated --disallow-any-explicit\nstarted_at: 2025-10-24T06:33:16.728773+00:00\nduration: 0.924s\ntool_version: mypy 1.18.2 (compiled: yes)\nstdout:\nrunner.py:955: error: Redundant cast to \"str\"  [redundant-cast]\nrunner.py:955: error: Expression has type \"Any\"  [misc]\nrunner.py:956: error: Redundant cast to \"str\"  [redundant-cast]\nrunner.py:959: error: Redundant cast to \"str\"  [redundant-cast]\nrunner.py:960: error: Redundant cast to \"str\"  [redundant-cast]\n\u2026\nstderr:\n<empty>",
            "repo": "x_make_github_visitor_x",
            "repo_path": "C:\\x_runner_x\\x_make_github_visitor_x",
            "stderr_preview": null,
            "stdout_preview": "runner.py:955: error: Redundant cast to \"str\"  [redundant-cast]\nrunner.py:955: error: Expression has type \"Any\"  [misc]\nrunner.py:956: error: Redundant cast to \"str\"  [redundant-cast]\nrunner.py:959: error: Redundant cast to \"str\"  [redundant-cast]\nrunner.py:960: error: Redundant cast to \"str\"  [redundant-cast]\n\u2026",
            "suggested_action": "Investigate",
            "summary": "mypy failed for x_make_github_visitor_x (exit 1) cwd: C:\\x_runner_x\\x_make_github_visitor_x command: C:\\x_runner_x\\artifacts\\venvs\\orchestrator_gui_py312\\Scripts\\python.exe -m mypy --package x_make_github_visitor_x --strict --no-warn-unuse\u2026",
            "tool": "mypy",
            "tool_version": "mypy 1.18.2 (compiled: yes)"
        },
        {
            "captured_at": "2025-10-24T06:33:42.610032+00:00",
            "command": "C:\\x_runner_x\\artifacts\\venvs\\orchestrator_gui_py312\\Scripts\\python.exe -m mypy --package x_make_graphviz_x --strict --no-warn-unused-configs --show-error-codes --warn-return-any --warn-unreachable --disallow-any-unimported --disallow-any-expr --disallow-any-decorated --disallow-any-explicit",
            "detail": {
                "cached": false,
                "cmd": [
                    "C:\\x_runner_x\\artifacts\\venvs\\orchestrator_gui_py312\\Scripts\\python.exe",
                    "-m",
                    "mypy",
                    "--package",
                    "x_make_graphviz_x",
                    "--strict",
                    "--no-warn-unused-configs",
                    "--show-error-codes",
                    "--warn-return-any",
                    "--warn-unreachable",
                    "--disallow-any-unimported",
                    "--disallow-any-expr",
                    "--disallow-any-decorated",
                    "--disallow-any-explicit"
                ],
                "cmd_display": "C:\\x_runner_x\\artifacts\\venvs\\orchestrator_gui_py312\\Scripts\\python.exe -m mypy --package x_make_graphviz_x --strict --no-warn-unused-configs --show-error-codes --warn-return-any --warn-unreachable --disallow-any-unimported --disallow-any-expr --disallow-any-decorated --disallow-any-explicit",
                "cwd": "C:\\x_runner_x\\x_make_graphviz_x",
                "duration_seconds": 0.6182646000233945,
                "ended_at": "2025-10-24T06:33:42.610032+00:00",
                "exit": 1,
                "failed_files": [],
                "files_checked": [
                    "__init__.py",
                    "json_contracts/__init__.py",
                    "tests/__init__.py",
                    "tests/conftest.py",
                    "tests/test_graphviz_builder.py",
                    "tests/test_json_contracts.py",
                    "x_cls_make_graphviz_x.py"
                ],
                "repo": "x_make_graphviz_x",
                "repo_hash": "0b260ff3087338cb8041b96181fa0b81c24e4eceb4da79c9389df55540ef2500",
                "repo_path": "C:\\x_runner_x\\x_make_graphviz_x",
                "started_at": "2025-10-24T06:33:41.991426+00:00",
                "stderr": "",
                "stdout": "tests\\test_json_contracts.py:39: error: Argument 1 has incompatible type \"Callable[[], dict[str, object]]\"; expected \"Callable[[VarArg(Never), KwArg(Never)], Never]\"  [arg-type]\ntests\\test_json_contracts.py:44: error: Argument 1 has incompatible type \"Callable[[], dict[str, object]]\"; expected \"Callable[[VarArg(Never), KwArg(Never)], Never]\"  [arg-type]\ntests\\test_json_contracts.py:49: error: Argument 1 has incompatible type \"Callable[[], dict[str, object]]\"; expected \"Callable[[VarArg(Never), KwArg(Never)], Never]\"  [arg-type]\nFound 3 errors in 1 file (checked 9 source files)\n",
                "tool": "mypy",
                "tool_module": "mypy",
                "tool_version": "mypy 1.18.2 (compiled: yes)"
            },
            "exit": "exit 1",
            "message": "mypy failed for x_make_graphviz_x (exit 1)\ncwd: C:\\x_runner_x\\x_make_graphviz_x\ncommand: C:\\x_runner_x\\artifacts\\venvs\\orchestrator_gui_py312\\Scripts\\python.exe -m mypy --package x_make_graphviz_x --strict --no-warn-unused-configs --show-error-codes --warn-return-any --warn-unreachable --disallow-any-unimported --disallow-any-expr --disallow-any-decorated --disallow-any-explicit\nstarted_at: 2025-10-24T06:33:41.991426+00:00\nduration: 0.618s\ntool_version: mypy 1.18.2 (compiled: yes)\nstdout:\ntests\\test_json_contracts.py:39: error: Argument 1 has incompatible type \"Callable[[], dict[str, object]]\"; expected \"Callable[[VarArg(Never), KwArg(Never)], Never]\"  [arg-type]\ntests\\test_json_contracts.py:44: error: Argument 1 has incompatible type \"Callable[[], dict[str, object]]\"; expected \"Callable[[VarArg(Never), KwArg(Never)], Never]\"  [arg-type]\ntests\\test_json_contracts.py:49: error: Argument 1 has incompatible type \"Callable[[], dict[str, object]]\"; expected \"Callable[[VarArg(Never), KwArg(Never)], Never]\"  [arg-type]\nFound 3 errors in 1 file (checked 9 source files)\nstderr:\n<empty>",
            "repo": "x_make_graphviz_x",
            "repo_path": "C:\\x_runner_x\\x_make_graphviz_x",
            "stderr_preview": null,
            "stdout_preview": "tests\\test_json_contracts.py:39: error: Argument 1 has incompatible type \"Callable[[], dict[str, object]]\"; expected \"Callable[[VarArg(Never), KwArg(Never)], Never]\"  [arg-type]\ntests\\test_json_contracts.py:44: error: Argument 1 has incompatible type \"Callable[[], dict[str, object]]\"; expected \"Callable[[VarArg(Never), KwArg(Never)], Never]\"  [arg-type]\ntests\\test_json_contracts.py:49: error: Argument 1 has incompatible type \"Callable[[], dict[str, object]]\"; expected \"Callable[[VarArg(Never), KwArg(Never)], Never]\"  [arg-type]\nFound 3 errors in 1 file (checked 9 source files)",
            "suggested_action": "Investigate",
            "summary": "mypy failed for x_make_graphviz_x (exit 1) cwd: C:\\x_runner_x\\x_make_graphviz_x command: C:\\x_runner_x\\artifacts\\venvs\\orchestrator_gui_py312\\Scripts\\python.exe -m mypy --package x_make_graphviz_x --strict --no-warn-unused-configs --show-e\u2026",
            "tool": "mypy",
            "tool_version": "mypy 1.18.2 (compiled: yes)"
        },
        {
            "captured_at": "2025-10-24T06:33:41.984940+00:00",
            "command": "C:\\x_runner_x\\artifacts\\venvs\\orchestrator_gui_py312\\Scripts\\python.exe -m ruff check . --select ALL --ignore D,COM812,ISC001,T20 --line-length 88 --target-version py311",
            "detail": {
                "cached": false,
                "cmd": [
                    "C:\\x_runner_x\\artifacts\\venvs\\orchestrator_gui_py312\\Scripts\\python.exe",
                    "-m",
                    "ruff",
                    "check",
                    ".",
                    "--select",
                    "ALL",
                    "--ignore",
                    "D,COM812,ISC001,T20",
                    "--line-length",
                    "88",
                    "--target-version",
                    "py311"
                ],
                "cmd_display": "C:\\x_runner_x\\artifacts\\venvs\\orchestrator_gui_py312\\Scripts\\python.exe -m ruff check . --select ALL --ignore D,COM812,ISC001,T20 --line-length 88 --target-version py311",
                "cwd": "C:\\x_runner_x\\x_make_graphviz_x",
                "duration_seconds": 0.13173530000494793,
                "ended_at": "2025-10-24T06:33:41.984940+00:00",
                "exit": 1,
                "failed_files": [],
                "files_checked": [
                    "__init__.py",
                    "json_contracts/__init__.py",
                    "tests/__init__.py",
                    "tests/conftest.py",
                    "tests/test_graphviz_builder.py",
                    "tests/test_json_contracts.py",
                    "x_cls_make_graphviz_x.py"
                ],
                "repo": "x_make_graphviz_x",
                "repo_hash": "0b260ff3087338cb8041b96181fa0b81c24e4eceb4da79c9389df55540ef2500",
                "repo_path": "C:\\x_runner_x\\x_make_graphviz_x",
                "started_at": "2025-10-24T06:33:41.856391+00:00",
                "stderr": "",
                "stdout": "TRY004 Prefer `TypeError` exception for invalid type\n  --> tests\\test_json_contracts.py:27:9\n   |\n25 |         raw: object = json.load(handle)\n26 |     if not isinstance(raw, dict):\n27 |         raise AssertionError(f\"Fixture {path} must contain a JSON object\")\n   |         ^^^^^^^^^^^^^^^^^^^^^^^^^^^^^^^^^^^^^^^^^^^^^^^^^^^^^^^^^^^^^^^^^^\n28 |     return cast(\"dict[str, object]\", raw)\n   |\n\nTRY003 Avoid specifying long messages outside the exception class\n  --> tests\\test_json_contracts.py:27:15\n   |\n25 |         raw: object = json.load(handle)\n26 |     if not isinstance(raw, dict):\n27 |         raise AssertionError(f\"Fixture {path} must contain a JSON object\")\n   |               ^^^^^^^^^^^^^^^^^^^^^^^^^^^^^^^^^^^^^^^^^^^^^^^^^^^^^^^^^^^^\n28 |     return cast(\"dict[str, object]\", raw)\n   |\n\nEM102 Exception must not use an f-string literal, assign to variable first\n  --> tests\\test_json_contracts.py:27:30\n   |\n25 |         raw: object = json.load(handle)\n26 |     if not isinstance(raw, dict):\n27 |         raise AssertionError(f\"Fixture {path} must contain a JSON object\")\n   |                              ^^^^^^^^^^^^^^^^^^^^^^^^^^^^^^^^^^^^^^^^^^^^\n28 |     return cast(\"dict[str, object]\", raw)\n   |\nhelp: Assign to variable; remove f-string literal\n\nTRY003 Avoid specifying long messages outside the exception class\n   --> x_cls_make_graphviz_x.py:598:19\n    |\n596 |         raw: object = json.load(handle)\n597 |         if not isinstance(raw, dict):\n598 |             raise SystemExit(\"JSON payload must be an object\")\n    |                   ^^^^^^^^^^^^^^^^^^^^^^^^^^^^^^^^^^^^^^^^^^^^\n599 |         return cast(\"dict[str, object]\", raw)\n    |\n\nEM101 Exception must not use a string literal, assign to variable first\n   --> x_cls_make_graphviz_x.py:598:30\n    |\n596 |         raw: object = json.load(handle)\n597 |         if not isinstance(raw, dict):\n598 |             raise SystemExit(\"JSON payload must be an object\")\n    |                              ^^^^^^^^^^^^^^^^^^^^^^^^^^^^^^^^\n599 |         return cast(\"dict[str, object]\", raw)\n    |\nhelp: Assign to variable; remove string literal\n\nTRY003 Avoid specifying long messages outside the exception class\n   --> x_cls_make_graphviz_x.py:627:15\n    |\n625 |     rendered_obj: object = json.dumps(result, indent=2)\n626 |     if not isinstance(rendered_obj, str):  # pragma: no cover - defensive\n627 |         raise SystemExit(\"JSON rendering failed\")\n    |               ^^^^^^^^^^^^^^^^^^^^^^^^^^^^^^^^^^^\n628 |     rendered: str = rendered_obj\n629 |     _sys.stdout.write(rendered)\n    |\n\nEM101 Exception must not use a string literal, assign to variable first\n   --> x_cls_make_graphviz_x.py:627:26\n    |\n625 |     rendered_obj: object = json.dumps(result, indent=2)\n626 |     if not isinstance(rendered_obj, str):  # pragma: no cover - defensive\n627 |         raise SystemExit(\"JSON rendering failed\")\n    |                          ^^^^^^^^^^^^^^^^^^^^^^^\n628 |     rendered: str = rendered_obj\n629 |     _sys.stdout.write(rendered)\n    |\nhelp: Assign to variable; remove string literal\n\nFound 7 errors.\nNo fixes available (3 hidden fixes can be enabled with the `--unsafe-fixes` option).\n",
                "tool": "ruff_check",
                "tool_module": "ruff",
                "tool_version": "ruff 0.14.2"
            },
            "exit": "exit 1",
            "message": "ruff_check failed for x_make_graphviz_x (exit 1)\ncwd: C:\\x_runner_x\\x_make_graphviz_x\ncommand: C:\\x_runner_x\\artifacts\\venvs\\orchestrator_gui_py312\\Scripts\\python.exe -m ruff check . --select ALL --ignore D,COM812,ISC001,T20 --line-length 88 --target-version py311\nstarted_at: 2025-10-24T06:33:41.856391+00:00\nduration: 0.132s\ntool_version: ruff 0.14.2\nstdout:\nTRY004 Prefer `TypeError` exception for invalid type\n  --> tests\\test_json_contracts.py:27:9\n   |\n25 |         raw: object = json.load(handle)\n26 |     if not isinstance(raw, dict):\n\u2026\nstderr:\n<empty>",
            "repo": "x_make_graphviz_x",
            "repo_path": "C:\\x_runner_x\\x_make_graphviz_x",
            "stderr_preview": null,
            "stdout_preview": "TRY004 Prefer `TypeError` exception for invalid type\n  --> tests\\test_json_contracts.py:27:9\n   |\n25 |         raw: object = json.load(handle)\n26 |     if not isinstance(raw, dict):\n\u2026",
            "suggested_action": "Investigate",
            "summary": "ruff_check failed for x_make_graphviz_x (exit 1) cwd: C:\\x_runner_x\\x_make_graphviz_x command: C:\\x_runner_x\\artifacts\\venvs\\orchestrator_gui_py312\\Scripts\\python.exe -m ruff check . --select ALL --ignore D,COM812,ISC001,T20 --line-length \u2026",
            "tool": "ruff_check",
            "tool_version": "ruff 0.14.2"
        },
        {
            "captured_at": "2025-10-24T06:33:40.532646+00:00",
            "command": "C:\\x_runner_x\\artifacts\\venvs\\orchestrator_gui_py312\\Scripts\\python.exe -m ruff check . --fix --select ALL --ignore D,COM812,ISC001,T20 --line-length 88 --target-version py311",
            "detail": {
                "cached": false,
                "cmd": [
                    "C:\\x_runner_x\\artifacts\\venvs\\orchestrator_gui_py312\\Scripts\\python.exe",
                    "-m",
                    "ruff",
                    "check",
                    ".",
                    "--fix",
                    "--select",
                    "ALL",
                    "--ignore",
                    "D,COM812,ISC001,T20",
                    "--line-length",
                    "88",
                    "--target-version",
                    "py311"
                ],
                "cmd_display": "C:\\x_runner_x\\artifacts\\venvs\\orchestrator_gui_py312\\Scripts\\python.exe -m ruff check . --fix --select ALL --ignore D,COM812,ISC001,T20 --line-length 88 --target-version py311",
                "cwd": "C:\\x_runner_x\\x_make_graphviz_x",
                "duration_seconds": 0.1545316000119783,
                "ended_at": "2025-10-24T06:33:40.532646+00:00",
                "exit": 1,
                "failed_files": [],
                "files_checked": [
                    "__init__.py",
                    "json_contracts/__init__.py",
                    "tests/__init__.py",
                    "tests/conftest.py",
                    "tests/test_graphviz_builder.py",
                    "tests/test_json_contracts.py",
                    "x_cls_make_graphviz_x.py"
                ],
                "repo": "x_make_graphviz_x",
                "repo_hash": "0b260ff3087338cb8041b96181fa0b81c24e4eceb4da79c9389df55540ef2500",
                "repo_path": "C:\\x_runner_x\\x_make_graphviz_x",
                "started_at": "2025-10-24T06:33:40.375839+00:00",
                "stderr": "",
                "stdout": "TRY004 Prefer `TypeError` exception for invalid type\n  --> tests\\test_json_contracts.py:27:9\n   |\n25 |         raw: object = json.load(handle)\n26 |     if not isinstance(raw, dict):\n27 |         raise AssertionError(f\"Fixture {path} must contain a JSON object\")\n   |         ^^^^^^^^^^^^^^^^^^^^^^^^^^^^^^^^^^^^^^^^^^^^^^^^^^^^^^^^^^^^^^^^^^\n28 |     return cast(\"dict[str, object]\", raw)\n   |\n\nTRY003 Avoid specifying long messages outside the exception class\n  --> tests\\test_json_contracts.py:27:15\n   |\n25 |         raw: object = json.load(handle)\n26 |     if not isinstance(raw, dict):\n27 |         raise AssertionError(f\"Fixture {path} must contain a JSON object\")\n   |               ^^^^^^^^^^^^^^^^^^^^^^^^^^^^^^^^^^^^^^^^^^^^^^^^^^^^^^^^^^^^\n28 |     return cast(\"dict[str, object]\", raw)\n   |\n\nEM102 Exception must not use an f-string literal, assign to variable first\n  --> tests\\test_json_contracts.py:27:30\n   |\n25 |         raw: object = json.load(handle)\n26 |     if not isinstance(raw, dict):\n27 |         raise AssertionError(f\"Fixture {path} must contain a JSON object\")\n   |                              ^^^^^^^^^^^^^^^^^^^^^^^^^^^^^^^^^^^^^^^^^^^^\n28 |     return cast(\"dict[str, object]\", raw)\n   |\nhelp: Assign to variable; remove f-string literal\n\nTRY003 Avoid specifying long messages outside the exception class\n   --> x_cls_make_graphviz_x.py:598:19\n    |\n596 |         raw: object = json.load(handle)\n597 |         if not isinstance(raw, dict):\n598 |             raise SystemExit(\"JSON payload must be an object\")\n    |                   ^^^^^^^^^^^^^^^^^^^^^^^^^^^^^^^^^^^^^^^^^^^^\n599 |         return cast(\"dict[str, object]\", raw)\n    |\n\nEM101 Exception must not use a string literal, assign to variable first\n   --> x_cls_make_graphviz_x.py:598:30\n    |\n596 |         raw: object = json.load(handle)\n597 |         if not isinstance(raw, dict):\n598 |             raise SystemExit(\"JSON payload must be an object\")\n    |                              ^^^^^^^^^^^^^^^^^^^^^^^^^^^^^^^^\n599 |         return cast(\"dict[str, object]\", raw)\n    |\nhelp: Assign to variable; remove string literal\n\nTRY003 Avoid specifying long messages outside the exception class\n   --> x_cls_make_graphviz_x.py:627:15\n    |\n625 |     rendered_obj: object = json.dumps(result, indent=2)\n626 |     if not isinstance(rendered_obj, str):  # pragma: no cover - defensive\n627 |         raise SystemExit(\"JSON rendering failed\")\n    |               ^^^^^^^^^^^^^^^^^^^^^^^^^^^^^^^^^^^\n628 |     rendered: str = rendered_obj\n629 |     _sys.stdout.write(rendered)\n    |\n\nEM101 Exception must not use a string literal, assign to variable first\n   --> x_cls_make_graphviz_x.py:627:26\n    |\n625 |     rendered_obj: object = json.dumps(result, indent=2)\n626 |     if not isinstance(rendered_obj, str):  # pragma: no cover - defensive\n627 |         raise SystemExit(\"JSON rendering failed\")\n    |                          ^^^^^^^^^^^^^^^^^^^^^^^\n628 |     rendered: str = rendered_obj\n629 |     _sys.stdout.write(rendered)\n    |\nhelp: Assign to variable; remove string literal\n\nFound 7 errors.\nNo fixes available (3 hidden fixes can be enabled with the `--unsafe-fixes` option).\n",
                "tool": "ruff_fix",
                "tool_module": "ruff",
                "tool_version": "ruff 0.14.2"
            },
            "exit": "exit 1",
            "message": "ruff_fix failed for x_make_graphviz_x (exit 1)\ncwd: C:\\x_runner_x\\x_make_graphviz_x\ncommand: C:\\x_runner_x\\artifacts\\venvs\\orchestrator_gui_py312\\Scripts\\python.exe -m ruff check . --fix --select ALL --ignore D,COM812,ISC001,T20 --line-length 88 --target-version py311\nstarted_at: 2025-10-24T06:33:40.375839+00:00\nduration: 0.155s\ntool_version: ruff 0.14.2\nstdout:\nTRY004 Prefer `TypeError` exception for invalid type\n  --> tests\\test_json_contracts.py:27:9\n   |\n25 |         raw: object = json.load(handle)\n26 |     if not isinstance(raw, dict):\n\u2026\nstderr:\n<empty>",
            "repo": "x_make_graphviz_x",
            "repo_path": "C:\\x_runner_x\\x_make_graphviz_x",
            "stderr_preview": null,
            "stdout_preview": "TRY004 Prefer `TypeError` exception for invalid type\n  --> tests\\test_json_contracts.py:27:9\n   |\n25 |         raw: object = json.load(handle)\n26 |     if not isinstance(raw, dict):\n\u2026",
            "suggested_action": "Investigate",
            "summary": "ruff_fix failed for x_make_graphviz_x (exit 1) cwd: C:\\x_runner_x\\x_make_graphviz_x command: C:\\x_runner_x\\artifacts\\venvs\\orchestrator_gui_py312\\Scripts\\python.exe -m ruff check . --fix --select ALL --ignore D,COM812,ISC001,T20 --line-len\u2026",
            "tool": "ruff_fix",
            "tool_version": "ruff 0.14.2"
        },
        {
            "captured_at": "2025-10-24T06:34:12.035459+00:00",
            "command": "C:\\x_runner_x\\artifacts\\venvs\\orchestrator_gui_py312\\Scripts\\python.exe -m black . --line-length 88 --target-version py311 --check --diff",
            "detail": {
                "cached": false,
                "cmd": [
                    "C:\\x_runner_x\\artifacts\\venvs\\orchestrator_gui_py312\\Scripts\\python.exe",
                    "-m",
                    "black",
                    ".",
                    "--line-length",
                    "88",
                    "--target-version",
                    "py311",
                    "--check",
                    "--diff"
                ],
                "cmd_display": "C:\\x_runner_x\\artifacts\\venvs\\orchestrator_gui_py312\\Scripts\\python.exe -m black . --line-length 88 --target-version py311 --check --diff",
                "cwd": "C:\\x_runner_x\\x_make_markdown_x",
                "duration_seconds": 1.757026199979009,
                "ended_at": "2025-10-24T06:34:12.035459+00:00",
                "exit": 1,
                "failed_files": [],
                "files_checked": [
                    "__init__.py",
                    "json_contracts/__init__.py",
                    "tests/__init__.py",
                    "tests/test_json_contracts.py",
                    "tests/test_markdown_builder.py",
                    "x_cls_make_markdown_x.py"
                ],
                "repo": "x_make_markdown_x",
                "repo_hash": "5bd17098d663839e612f1a08755a0b312fb0caf7b80581587adcda058a7d1b77",
                "repo_path": "C:\\x_runner_x\\x_make_markdown_x",
                "started_at": "2025-10-24T06:34:10.277694+00:00",
                "stderr": "would reformat C:\\x_runner_x\\x_make_markdown_x\\x_cls_make_markdown_x.py\n\nOh no! \\U0001f4a5 \\U0001f494 \\U0001f4a5\n1 file would be reformatted, 5 files would be left unchanged.\n",
                "stdout": "--- C:\\x_runner_x\\x_make_markdown_x\\x_cls_make_markdown_x.py\t2025-10-24 06:28:52.026939+00:00\n+++ C:\\x_runner_x\\x_make_markdown_x\\x_cls_make_markdown_x.py\t2025-10-24 06:34:11.874189+00:00\n@@ -31,14 +31,16 @@\n \n from x_make_markdown_x.json_contracts import ERROR_SCHEMA, INPUT_SCHEMA, OUTPUT_SCHEMA\n \n _LOGGER = _logging.getLogger(\"x_make\")\n \n+\n class _ValidationErrorProtocol(Protocol):\n     message: str\n     path: tuple[object, ...]\n     schema_path: tuple[object, ...]\n+\n \n def _load_validation_error() -> type[Exception]:\n     \"\"\"Import jsonschema.ValidationError without requiring bundled stubs.\"\"\"\n \n     module = importlib.import_module(\"jsonschema\")\n",
                "tool": "black",
                "tool_module": "black",
                "tool_version": "python -m black, 25.9.0 (compiled: yes)\nPython (CPython) 3.12.6"
            },
            "exit": "exit 1",
            "message": "black failed for x_make_markdown_x (exit 1)\ncwd: C:\\x_runner_x\\x_make_markdown_x\ncommand: C:\\x_runner_x\\artifacts\\venvs\\orchestrator_gui_py312\\Scripts\\python.exe -m black . --line-length 88 --target-version py311 --check --diff\nstarted_at: 2025-10-24T06:34:10.277694+00:00\nduration: 1.757s\ntool_version: python -m black, 25.9.0 (compiled: yes)\nPython (CPython) 3.12.6\nstdout:\n--- C:\\x_runner_x\\x_make_markdown_x\\x_cls_make_markdown_x.py\t2025-10-24 06:28:52.026939+00:00\n+++ C:\\x_runner_x\\x_make_markdown_x\\x_cls_make_markdown_x.py\t2025-10-24 06:34:11.874189+00:00\n@@ -31,14 +31,16 @@\n \n from x_make_markdown_x.json_contracts import ERROR_SCHEMA, INPUT_SCHEMA, OUTPUT_SCHEMA\n\u2026\nstderr:\nwould reformat C:\\x_runner_x\\x_make_markdown_x\\x_cls_make_markdown_x.py\n\nOh no! \\U0001f4a5 \\U0001f494 \\U0001f4a5\n1 file would be reformatted, 5 files would be left unchanged.",
            "repo": "x_make_markdown_x",
            "repo_path": "C:\\x_runner_x\\x_make_markdown_x",
            "stderr_preview": "would reformat C:\\x_runner_x\\x_make_markdown_x\\x_cls_make_markdown_x.py\n\nOh no! \\U0001f4a5 \\U0001f494 \\U0001f4a5\n1 file would be reformatted, 5 files would be left unchanged.",
            "stdout_preview": "--- C:\\x_runner_x\\x_make_markdown_x\\x_cls_make_markdown_x.py\t2025-10-24 06:28:52.026939+00:00\n+++ C:\\x_runner_x\\x_make_markdown_x\\x_cls_make_markdown_x.py\t2025-10-24 06:34:11.874189+00:00\n@@ -31,14 +31,16 @@\n \n from x_make_markdown_x.json_contracts import ERROR_SCHEMA, INPUT_SCHEMA, OUTPUT_SCHEMA\n\u2026",
            "suggested_action": "Investigate",
            "summary": "black failed for x_make_markdown_x (exit 1) cwd: C:\\x_runner_x\\x_make_markdown_x command: C:\\x_runner_x\\artifacts\\venvs\\orchestrator_gui_py312\\Scripts\\python.exe -m black . --line-length 88 --target-version py311 --check --diff started_at:\u2026",
            "tool": "black",
            "tool_version": "python -m black, 25.9.0 (compiled: yes)\nPython (CPython) 3.12.6"
        },
        {
            "captured_at": "2025-10-24T06:34:12.854831+00:00",
            "command": "C:\\x_runner_x\\artifacts\\venvs\\orchestrator_gui_py312\\Scripts\\python.exe -m mypy --package x_make_markdown_x --strict --no-warn-unused-configs --show-error-codes --warn-return-any --warn-unreachable --disallow-any-unimported --disallow-any-expr --disallow-any-decorated --disallow-any-explicit",
            "detail": {
                "cached": false,
                "cmd": [
                    "C:\\x_runner_x\\artifacts\\venvs\\orchestrator_gui_py312\\Scripts\\python.exe",
                    "-m",
                    "mypy",
                    "--package",
                    "x_make_markdown_x",
                    "--strict",
                    "--no-warn-unused-configs",
                    "--show-error-codes",
                    "--warn-return-any",
                    "--warn-unreachable",
                    "--disallow-any-unimported",
                    "--disallow-any-expr",
                    "--disallow-any-decorated",
                    "--disallow-any-explicit"
                ],
                "cmd_display": "C:\\x_runner_x\\artifacts\\venvs\\orchestrator_gui_py312\\Scripts\\python.exe -m mypy --package x_make_markdown_x --strict --no-warn-unused-configs --show-error-codes --warn-return-any --warn-unreachable --disallow-any-unimported --disallow-any-expr --disallow-any-decorated --disallow-any-explicit",
                "cwd": "C:\\x_runner_x\\x_make_markdown_x",
                "duration_seconds": 0.6793239999969956,
                "ended_at": "2025-10-24T06:34:12.854831+00:00",
                "exit": 1,
                "failed_files": [],
                "files_checked": [
                    "__init__.py",
                    "json_contracts/__init__.py",
                    "tests/__init__.py",
                    "tests/test_json_contracts.py",
                    "tests/test_markdown_builder.py",
                    "x_cls_make_markdown_x.py"
                ],
                "repo": "x_make_markdown_x",
                "repo_hash": "5bd17098d663839e612f1a08755a0b312fb0caf7b80581587adcda058a7d1b77",
                "repo_path": "C:\\x_runner_x\\x_make_markdown_x",
                "started_at": "2025-10-24T06:34:12.174770+00:00",
                "stderr": "",
                "stdout": "x_cls_make_markdown_x.py:45: error: Expression has type \"Any\"  [misc]\ntests\\test_json_contracts.py:26: error: Expression has type \"Any\"  [misc]\ntests\\test_json_contracts.py:27: error: Expression has type \"Any\"  [misc]\ntests\\test_json_contracts.py:33: error: Argument 1 has incompatible type \"Callable[[], dict[str, object]]\"; expected \"Callable[[VarArg(Never), KwArg(Never)], Never]\"  [arg-type]\ntests\\test_json_contracts.py:38: error: Argument 1 has incompatible type \"Callable[[], dict[str, object]]\"; expected \"Callable[[VarArg(Never), KwArg(Never)], Never]\"  [arg-type]\ntests\\test_json_contracts.py:43: error: Argument 1 has incompatible type \"Callable[[], dict[str, object]]\"; expected \"Callable[[VarArg(Never), KwArg(Never)], Never]\"  [arg-type]\nFound 6 errors in 2 files (checked 12 source files)\n",
                "tool": "mypy",
                "tool_module": "mypy",
                "tool_version": "mypy 1.18.2 (compiled: yes)"
            },
            "exit": "exit 1",
            "message": "mypy failed for x_make_markdown_x (exit 1)\ncwd: C:\\x_runner_x\\x_make_markdown_x\ncommand: C:\\x_runner_x\\artifacts\\venvs\\orchestrator_gui_py312\\Scripts\\python.exe -m mypy --package x_make_markdown_x --strict --no-warn-unused-configs --show-error-codes --warn-return-any --warn-unreachable --disallow-any-unimported --disallow-any-expr --disallow-any-decorated --disallow-any-explicit\nstarted_at: 2025-10-24T06:34:12.174770+00:00\nduration: 0.679s\ntool_version: mypy 1.18.2 (compiled: yes)\nstdout:\nx_cls_make_markdown_x.py:45: error: Expression has type \"Any\"  [misc]\ntests\\test_json_contracts.py:26: error: Expression has type \"Any\"  [misc]\ntests\\test_json_contracts.py:27: error: Expression has type \"Any\"  [misc]\ntests\\test_json_contracts.py:33: error: Argument 1 has incompatible type \"Callable[[], dict[str, object]]\"; expected \"Callable[[VarArg(Never), KwArg(Never)], Never]\"  [arg-type]\ntests\\test_json_contracts.py:38: error: Argument 1 has incompatible type \"Callable[[], dict[str, object]]\"; expected \"Callable[[VarArg(Never), KwArg(Never)], Never]\"  [arg-type]\n\u2026\nstderr:\n<empty>",
            "repo": "x_make_markdown_x",
            "repo_path": "C:\\x_runner_x\\x_make_markdown_x",
            "stderr_preview": null,
            "stdout_preview": "x_cls_make_markdown_x.py:45: error: Expression has type \"Any\"  [misc]\ntests\\test_json_contracts.py:26: error: Expression has type \"Any\"  [misc]\ntests\\test_json_contracts.py:27: error: Expression has type \"Any\"  [misc]\ntests\\test_json_contracts.py:33: error: Argument 1 has incompatible type \"Callable[[], dict[str, object]]\"; expected \"Callable[[VarArg(Never), KwArg(Never)], Never]\"  [arg-type]\ntests\\test_json_contracts.py:38: error: Argument 1 has incompatible type \"Callable[[], dict[str, object]]\"; expected \"Callable[[VarArg(Never), KwArg(Never)], Never]\"  [arg-type]\n\u2026",
            "suggested_action": "Investigate",
            "summary": "mypy failed for x_make_markdown_x (exit 1) cwd: C:\\x_runner_x\\x_make_markdown_x command: C:\\x_runner_x\\artifacts\\venvs\\orchestrator_gui_py312\\Scripts\\python.exe -m mypy --package x_make_markdown_x --strict --no-warn-unused-configs --show-e\u2026",
            "tool": "mypy",
            "tool_version": "mypy 1.18.2 (compiled: yes)"
        },
        {
            "captured_at": "2025-10-24T06:34:42.814776+00:00",
            "command": "C:\\x_runner_x\\artifacts\\venvs\\orchestrator_gui_py312\\Scripts\\python.exe -m mypy --package x_make_mermaid_x --strict --no-warn-unused-configs --show-error-codes --warn-return-any --warn-unreachable --disallow-any-unimported --disallow-any-expr --disallow-any-decorated --disallow-any-explicit",
            "detail": {
                "cached": false,
                "cmd": [
                    "C:\\x_runner_x\\artifacts\\venvs\\orchestrator_gui_py312\\Scripts\\python.exe",
                    "-m",
                    "mypy",
                    "--package",
                    "x_make_mermaid_x",
                    "--strict",
                    "--no-warn-unused-configs",
                    "--show-error-codes",
                    "--warn-return-any",
                    "--warn-unreachable",
                    "--disallow-any-unimported",
                    "--disallow-any-expr",
                    "--disallow-any-decorated",
                    "--disallow-any-explicit"
                ],
                "cmd_display": "C:\\x_runner_x\\artifacts\\venvs\\orchestrator_gui_py312\\Scripts\\python.exe -m mypy --package x_make_mermaid_x --strict --no-warn-unused-configs --show-error-codes --warn-return-any --warn-unreachable --disallow-any-unimported --disallow-any-expr --disallow-any-decorated --disallow-any-explicit",
                "cwd": "C:\\x_runner_x\\x_make_mermaid_x",
                "duration_seconds": 0.811928800016176,
                "ended_at": "2025-10-24T06:34:42.814776+00:00",
                "exit": 1,
                "failed_files": [],
                "files_checked": [
                    "__init__.py",
                    "json_contracts/__init__.py",
                    "tests/__init__.py",
                    "tests/test_json_contracts.py",
                    "tests/test_mermaid_builder.py",
                    "x_cls_make_mermaid_x.py"
                ],
                "repo": "x_make_mermaid_x",
                "repo_hash": "80f35ee9f8c5f511fd52eae54abd8f878a26111f98d599735eb52c9c9a5f302f",
                "repo_path": "C:\\x_runner_x\\x_make_mermaid_x",
                "started_at": "2025-10-24T06:34:42.005983+00:00",
                "stderr": "",
                "stdout": "x_cls_make_mermaid_x.py:87: error: Expression has type \"Any\"  [misc]\nx_cls_make_mermaid_x.py:1547: error: Expression has type \"Any\"  [misc]\nx_cls_make_mermaid_x.py:1550: error: Expression has type \"Any\"  [misc]\nx_cls_make_mermaid_x.py:1550: error: Expression type contains \"Any\" (has type \"Any | None\")  [misc]\ntests\\test_json_contracts.py:27: error: Expression has type \"Any\"  [misc]\ntests\\test_json_contracts.py:28: error: Expression has type \"Any\"  [misc]\ntests\\test_json_contracts.py:34: error: Argument 1 has incompatible type \"Callable[[], dict[str, object]]\"; expected \"Callable[[VarArg(Never), KwArg(Never)], Never]\"  [arg-type]\ntests\\test_json_contracts.py:39: error: Argument 1 has incompatible type \"Callable[[], dict[str, object]]\"; expected \"Callable[[VarArg(Never), KwArg(Never)], Never]\"  [arg-type]\ntests\\test_json_contracts.py:44: error: Argument 1 has incompatible type \"Callable[[], dict[str, object]]\"; expected \"Callable[[VarArg(Never), KwArg(Never)], Never]\"  [arg-type]\ntests\\test_json_contracts.py:153: error: Expression type contains \"Any\" (has type \"Any | bool\")  [misc]\ntests\\test_json_contracts.py:154: error: Expression type contains \"Any\" (has type \"Any | bool\")  [misc]\ntests\\test_json_contracts.py:155: error: Expression type contains \"Any\" (has type \"Any | bool\")  [misc]\nFound 12 errors in 2 files (checked 8 source files)\n",
                "tool": "mypy",
                "tool_module": "mypy",
                "tool_version": "mypy 1.18.2 (compiled: yes)"
            },
            "exit": "exit 1",
            "message": "mypy failed for x_make_mermaid_x (exit 1)\ncwd: C:\\x_runner_x\\x_make_mermaid_x\ncommand: C:\\x_runner_x\\artifacts\\venvs\\orchestrator_gui_py312\\Scripts\\python.exe -m mypy --package x_make_mermaid_x --strict --no-warn-unused-configs --show-error-codes --warn-return-any --warn-unreachable --disallow-any-unimported --disallow-any-expr --disallow-any-decorated --disallow-any-explicit\nstarted_at: 2025-10-24T06:34:42.005983+00:00\nduration: 0.812s\ntool_version: mypy 1.18.2 (compiled: yes)\nstdout:\nx_cls_make_mermaid_x.py:87: error: Expression has type \"Any\"  [misc]\nx_cls_make_mermaid_x.py:1547: error: Expression has type \"Any\"  [misc]\nx_cls_make_mermaid_x.py:1550: error: Expression has type \"Any\"  [misc]\nx_cls_make_mermaid_x.py:1550: error: Expression type contains \"Any\" (has type \"Any | None\")  [misc]\ntests\\test_json_contracts.py:27: error: Expression has type \"Any\"  [misc]\n\u2026\nstderr:\n<empty>",
            "repo": "x_make_mermaid_x",
            "repo_path": "C:\\x_runner_x\\x_make_mermaid_x",
            "stderr_preview": null,
            "stdout_preview": "x_cls_make_mermaid_x.py:87: error: Expression has type \"Any\"  [misc]\nx_cls_make_mermaid_x.py:1547: error: Expression has type \"Any\"  [misc]\nx_cls_make_mermaid_x.py:1550: error: Expression has type \"Any\"  [misc]\nx_cls_make_mermaid_x.py:1550: error: Expression type contains \"Any\" (has type \"Any | None\")  [misc]\ntests\\test_json_contracts.py:27: error: Expression has type \"Any\"  [misc]\n\u2026",
            "suggested_action": "Investigate",
            "summary": "mypy failed for x_make_mermaid_x (exit 1) cwd: C:\\x_runner_x\\x_make_mermaid_x command: C:\\x_runner_x\\artifacts\\venvs\\orchestrator_gui_py312\\Scripts\\python.exe -m mypy --package x_make_mermaid_x --strict --no-warn-unused-configs --show-erro\u2026",
            "tool": "mypy",
            "tool_version": "mypy 1.18.2 (compiled: yes)"
        },
        {
            "captured_at": "2025-10-24T06:35:14.112293+00:00",
            "command": "C:\\x_runner_x\\artifacts\\venvs\\orchestrator_gui_py312\\Scripts\\python.exe -m black . --line-length 88 --target-version py311 --check --diff",
            "detail": {
                "cached": false,
                "cmd": [
                    "C:\\x_runner_x\\artifacts\\venvs\\orchestrator_gui_py312\\Scripts\\python.exe",
                    "-m",
                    "black",
                    ".",
                    "--line-length",
                    "88",
                    "--target-version",
                    "py311",
                    "--check",
                    "--diff"
                ],
                "cmd_display": "C:\\x_runner_x\\artifacts\\venvs\\orchestrator_gui_py312\\Scripts\\python.exe -m black . --line-length 88 --target-version py311 --check --diff",
                "cwd": "C:\\x_runner_x\\x_make_persistent_env_var_x",
                "duration_seconds": 2.125506799988216,
                "ended_at": "2025-10-24T06:35:14.112293+00:00",
                "exit": 1,
                "failed_files": [],
                "files_checked": [
                    "__init__.py",
                    "json_contracts/__init__.py",
                    "tests/__init__.py",
                    "tests/test_json_contracts.py",
                    "tests/test_persistent_env.py",
                    "x_cls_make_persistent_env_var_x.py"
                ],
                "repo": "x_make_persistent_env_var_x",
                "repo_hash": "caa2488685d2fd1c27d724a9c6972862b2201f1e738766108ecddf831226719e",
                "repo_path": "C:\\x_runner_x\\x_make_persistent_env_var_x",
                "started_at": "2025-10-24T06:35:11.987340+00:00",
                "stderr": "would reformat C:\\x_runner_x\\x_make_persistent_env_var_x\\x_cls_make_persistent_env_var_x.py\n\nOh no! \\U0001f4a5 \\U0001f494 \\U0001f4a5\n1 file would be reformatted, 5 files would be left unchanged.\n",
                "stdout": "--- C:\\x_runner_x\\x_make_persistent_env_var_x\\x_cls_make_persistent_env_var_x.py\t2025-10-24 06:28:56.000209+00:00\n+++ C:\\x_runner_x\\x_make_persistent_env_var_x\\x_cls_make_persistent_env_var_x.py\t2025-10-24 06:35:13.953236+00:00\n@@ -25,10 +25,11 @@\n     INPUT_SCHEMA,\n     OUTPUT_SCHEMA,\n )\n \n ModuleType = types.ModuleType\n+\n \n class _ValidationErrorProtocol(Protocol):\n     message: str\n     path: tuple[object, ...]\n     schema_path: tuple[object, ...]\n@@ -611,13 +612,11 @@\n             )\n             messagebox = getattr(tk_mod, \"messagebox\", None)\n             if messagebox is not None:\n                 show_error = getattr(messagebox, \"showerror\", None)\n                 if callable(show_error):\n-                    typed_show_error = cast(\n-                        \"Callable[[str, str], object]\", show_error\n-                    )\n+                    typed_show_error = cast(\"Callable[[str, str], object]\", show_error)\n \n                     def _show_error() -> None:\n                         typed_show_error(\"Tokens required\", msg)\n \n                     _safe_call(_show_error)\n",
                "tool": "black",
                "tool_module": "black",
                "tool_version": "python -m black, 25.9.0 (compiled: yes)\nPython (CPython) 3.12.6"
            },
            "exit": "exit 1",
            "message": "black failed for x_make_persistent_env_var_x (exit 1)\ncwd: C:\\x_runner_x\\x_make_persistent_env_var_x\ncommand: C:\\x_runner_x\\artifacts\\venvs\\orchestrator_gui_py312\\Scripts\\python.exe -m black . --line-length 88 --target-version py311 --check --diff\nstarted_at: 2025-10-24T06:35:11.987340+00:00\nduration: 2.126s\ntool_version: python -m black, 25.9.0 (compiled: yes)\nPython (CPython) 3.12.6\nstdout:\n--- C:\\x_runner_x\\x_make_persistent_env_var_x\\x_cls_make_persistent_env_var_x.py\t2025-10-24 06:28:56.000209+00:00\n+++ C:\\x_runner_x\\x_make_persistent_env_var_x\\x_cls_make_persistent_env_var_x.py\t2025-10-24 06:35:13.953236+00:00\n@@ -25,10 +25,11 @@\n     INPUT_SCHEMA,\n     OUTPUT_SCHEMA,\n\u2026\nstderr:\nwould reformat C:\\x_runner_x\\x_make_persistent_env_var_x\\x_cls_make_persistent_env_var_x.py\n\nOh no! \\U0001f4a5 \\U0001f494 \\U0001f4a5\n1 file would be reformatted, 5 files would be left unchanged.",
            "repo": "x_make_persistent_env_var_x",
            "repo_path": "C:\\x_runner_x\\x_make_persistent_env_var_x",
            "stderr_preview": "would reformat C:\\x_runner_x\\x_make_persistent_env_var_x\\x_cls_make_persistent_env_var_x.py\n\nOh no! \\U0001f4a5 \\U0001f494 \\U0001f4a5\n1 file would be reformatted, 5 files would be left unchanged.",
            "stdout_preview": "--- C:\\x_runner_x\\x_make_persistent_env_var_x\\x_cls_make_persistent_env_var_x.py\t2025-10-24 06:28:56.000209+00:00\n+++ C:\\x_runner_x\\x_make_persistent_env_var_x\\x_cls_make_persistent_env_var_x.py\t2025-10-24 06:35:13.953236+00:00\n@@ -25,10 +25,11 @@\n     INPUT_SCHEMA,\n     OUTPUT_SCHEMA,\n\u2026",
            "suggested_action": "Investigate",
            "summary": "black failed for x_make_persistent_env_var_x (exit 1) cwd: C:\\x_runner_x\\x_make_persistent_env_var_x command: C:\\x_runner_x\\artifacts\\venvs\\orchestrator_gui_py312\\Scripts\\python.exe -m black . --line-length 88 --target-version py311 --chec\u2026",
            "tool": "black",
            "tool_version": "python -m black, 25.9.0 (compiled: yes)\nPython (CPython) 3.12.6"
        },
        {
            "captured_at": "2025-10-24T06:35:15.075458+00:00",
            "command": "C:\\x_runner_x\\artifacts\\venvs\\orchestrator_gui_py312\\Scripts\\python.exe -m mypy --package x_make_persistent_env_var_x --strict --no-warn-unused-configs --show-error-codes --warn-return-any --warn-unreachable --disallow-any-unimported --disallow-any-expr --disallow-any-decorated --disallow-any-explicit",
            "detail": {
                "cached": false,
                "cmd": [
                    "C:\\x_runner_x\\artifacts\\venvs\\orchestrator_gui_py312\\Scripts\\python.exe",
                    "-m",
                    "mypy",
                    "--package",
                    "x_make_persistent_env_var_x",
                    "--strict",
                    "--no-warn-unused-configs",
                    "--show-error-codes",
                    "--warn-return-any",
                    "--warn-unreachable",
                    "--disallow-any-unimported",
                    "--disallow-any-expr",
                    "--disallow-any-decorated",
                    "--disallow-any-explicit"
                ],
                "cmd_display": "C:\\x_runner_x\\artifacts\\venvs\\orchestrator_gui_py312\\Scripts\\python.exe -m mypy --package x_make_persistent_env_var_x --strict --no-warn-unused-configs --show-error-codes --warn-return-any --warn-unreachable --disallow-any-unimported --disallow-any-expr --disallow-any-decorated --disallow-any-explicit",
                "cwd": "C:\\x_runner_x\\x_make_persistent_env_var_x",
                "duration_seconds": 0.8156368999916594,
                "ended_at": "2025-10-24T06:35:15.075458+00:00",
                "exit": 1,
                "failed_files": [],
                "files_checked": [
                    "__init__.py",
                    "json_contracts/__init__.py",
                    "tests/__init__.py",
                    "tests/test_json_contracts.py",
                    "tests/test_persistent_env.py",
                    "x_cls_make_persistent_env_var_x.py"
                ],
                "repo": "x_make_persistent_env_var_x",
                "repo_hash": "caa2488685d2fd1c27d724a9c6972862b2201f1e738766108ecddf831226719e",
                "repo_path": "C:\\x_runner_x\\x_make_persistent_env_var_x",
                "started_at": "2025-10-24T06:35:14.272204+00:00",
                "stderr": "",
                "stdout": "x_cls_make_persistent_env_var_x.py:39: error: Expression has type \"Any\"  [misc]\nx_cls_make_persistent_env_var_x.py:612: error: Expression type contains \"Any\" (has type \"Any | None\")  [misc]\nx_cls_make_persistent_env_var_x.py:613: error: Expression type contains \"Any\" (has type \"Any | None\")  [misc]\nx_cls_make_persistent_env_var_x.py:614: error: Expression type contains \"Any\" (has type \"Any | None\")  [misc]\nx_cls_make_persistent_env_var_x.py:614: error: Expression has type \"Any\"  [misc]\nx_cls_make_persistent_env_var_x.py:615: error: Expression type contains \"Any\" (has type \"Any | None\")  [misc]\nx_cls_make_persistent_env_var_x.py:1167: error: Expression has type \"Any\"  [misc]\nx_cls_make_persistent_env_var_x.py:1170: error: Expression has type \"Any\"  [misc]\nx_cls_make_persistent_env_var_x.py:1170: error: Expression type contains \"Any\" (has type \"Any | None\")  [misc]\ntests\\test_json_contracts.py:32: error: Expression has type \"Any\"  [misc]\ntests\\test_json_contracts.py:38: error: Expression has type \"Any\"  [misc]\ntests\\test_json_contracts.py:44: error: Expression has type \"Any\"  [misc]\ntests\\test_json_contracts.py:127: error: Expression has type \"Any\"  [misc]\ntests\\test_json_contracts.py:128: error: Expression has type \"Any\"  [misc]\ntests\\test_json_contracts.py:135: error: Expression has type \"Any\"  [misc]\ntests\\test_json_contracts.py:147: error: Expression has type \"Any\"  [misc]\ntests\\test_json_contracts.py:236: error: Expression type contains \"Any\" (has type \"Any | bool\")  [misc]\ntests\\test_json_contracts.py:237: error: Expression type contains \"Any\" (has type \"Any | bool\")  [misc]\ntests\\test_json_contracts.py:238: error: Expression type contains \"Any\" (has type \"Any | bool\")  [misc]\ntests\\test_json_contracts.py:239: error: Expression type contains \"Any\" (has type \"Any | bool\")  [misc]\nFound 20 errors in 2 files (checked 8 source files)\n",
                "tool": "mypy",
                "tool_module": "mypy",
                "tool_version": "mypy 1.18.2 (compiled: yes)"
            },
            "exit": "exit 1",
            "message": "mypy failed for x_make_persistent_env_var_x (exit 1)\ncwd: C:\\x_runner_x\\x_make_persistent_env_var_x\ncommand: C:\\x_runner_x\\artifacts\\venvs\\orchestrator_gui_py312\\Scripts\\python.exe -m mypy --package x_make_persistent_env_var_x --strict --no-warn-unused-configs --show-error-codes --warn-return-any --warn-unreachable --disallow-any-unimported --disallow-any-expr --disallow-any-decorated --disallow-any-explicit\nstarted_at: 2025-10-24T06:35:14.272204+00:00\nduration: 0.816s\ntool_version: mypy 1.18.2 (compiled: yes)\nstdout:\nx_cls_make_persistent_env_var_x.py:39: error: Expression has type \"Any\"  [misc]\nx_cls_make_persistent_env_var_x.py:612: error: Expression type contains \"Any\" (has type \"Any | None\")  [misc]\nx_cls_make_persistent_env_var_x.py:613: error: Expression type contains \"Any\" (has type \"Any | None\")  [misc]\nx_cls_make_persistent_env_var_x.py:614: error: Expression type contains \"Any\" (has type \"Any | None\")  [misc]\nx_cls_make_persistent_env_var_x.py:614: error: Expression has type \"Any\"  [misc]\n\u2026\nstderr:\n<empty>",
            "repo": "x_make_persistent_env_var_x",
            "repo_path": "C:\\x_runner_x\\x_make_persistent_env_var_x",
            "stderr_preview": null,
            "stdout_preview": "x_cls_make_persistent_env_var_x.py:39: error: Expression has type \"Any\"  [misc]\nx_cls_make_persistent_env_var_x.py:612: error: Expression type contains \"Any\" (has type \"Any | None\")  [misc]\nx_cls_make_persistent_env_var_x.py:613: error: Expression type contains \"Any\" (has type \"Any | None\")  [misc]\nx_cls_make_persistent_env_var_x.py:614: error: Expression type contains \"Any\" (has type \"Any | None\")  [misc]\nx_cls_make_persistent_env_var_x.py:614: error: Expression has type \"Any\"  [misc]\n\u2026",
            "suggested_action": "Investigate",
            "summary": "mypy failed for x_make_persistent_env_var_x (exit 1) cwd: C:\\x_runner_x\\x_make_persistent_env_var_x command: C:\\x_runner_x\\artifacts\\venvs\\orchestrator_gui_py312\\Scripts\\python.exe -m mypy --package x_make_persistent_env_var_x --strict --n\u2026",
            "tool": "mypy",
            "tool_version": "mypy 1.18.2 (compiled: yes)"
        },
        {
            "captured_at": "2025-10-24T06:35:14.268828+00:00",
            "command": "C:\\x_runner_x\\artifacts\\venvs\\orchestrator_gui_py312\\Scripts\\python.exe -m ruff check . --select ALL --ignore D,COM812,ISC001,T20 --line-length 88 --target-version py311",
            "detail": {
                "cached": false,
                "cmd": [
                    "C:\\x_runner_x\\artifacts\\venvs\\orchestrator_gui_py312\\Scripts\\python.exe",
                    "-m",
                    "ruff",
                    "check",
                    ".",
                    "--select",
                    "ALL",
                    "--ignore",
                    "D,COM812,ISC001,T20",
                    "--line-length",
                    "88",
                    "--target-version",
                    "py311"
                ],
                "cmd_display": "C:\\x_runner_x\\artifacts\\venvs\\orchestrator_gui_py312\\Scripts\\python.exe -m ruff check . --select ALL --ignore D,COM812,ISC001,T20 --line-length 88 --target-version py311",
                "cwd": "C:\\x_runner_x\\x_make_persistent_env_var_x",
                "duration_seconds": 0.15168830001493916,
                "ended_at": "2025-10-24T06:35:14.268828+00:00",
                "exit": 1,
                "failed_files": [],
                "files_checked": [
                    "__init__.py",
                    "json_contracts/__init__.py",
                    "tests/__init__.py",
                    "tests/test_json_contracts.py",
                    "tests/test_persistent_env.py",
                    "x_cls_make_persistent_env_var_x.py"
                ],
                "repo": "x_make_persistent_env_var_x",
                "repo_hash": "caa2488685d2fd1c27d724a9c6972862b2201f1e738766108ecddf831226719e",
                "repo_path": "C:\\x_runner_x\\x_make_persistent_env_var_x",
                "started_at": "2025-10-24T06:35:14.116286+00:00",
                "stderr": "",
                "stdout": "TC004 Move import `typing.Protocol` out of type-checking block. Import is used for more than type hinting.\n  --> x_cls_make_persistent_env_var_x.py:46:24\n   |\n45 | if TYPE_CHECKING:\n46 |     from typing import Protocol\n   |                        ^^^^^^^^\n47 |\n48 |     class _TkSupportsGrid(Protocol):\n   |\nhelp: Move out of type-checking block\n\nFound 1 error.\nNo fixes available (1 hidden fix can be enabled with the `--unsafe-fixes` option).\n",
                "tool": "ruff_check",
                "tool_module": "ruff",
                "tool_version": "ruff 0.14.2"
            },
            "exit": "exit 1",
            "message": "ruff_check failed for x_make_persistent_env_var_x (exit 1)\ncwd: C:\\x_runner_x\\x_make_persistent_env_var_x\ncommand: C:\\x_runner_x\\artifacts\\venvs\\orchestrator_gui_py312\\Scripts\\python.exe -m ruff check . --select ALL --ignore D,COM812,ISC001,T20 --line-length 88 --target-version py311\nstarted_at: 2025-10-24T06:35:14.116286+00:00\nduration: 0.152s\ntool_version: ruff 0.14.2\nstdout:\nTC004 Move import `typing.Protocol` out of type-checking block. Import is used for more than type hinting.\n  --> x_cls_make_persistent_env_var_x.py:46:24\n   |\n45 | if TYPE_CHECKING:\n46 |     from typing import Protocol\n\u2026\nstderr:\n<empty>",
            "repo": "x_make_persistent_env_var_x",
            "repo_path": "C:\\x_runner_x\\x_make_persistent_env_var_x",
            "stderr_preview": null,
            "stdout_preview": "TC004 Move import `typing.Protocol` out of type-checking block. Import is used for more than type hinting.\n  --> x_cls_make_persistent_env_var_x.py:46:24\n   |\n45 | if TYPE_CHECKING:\n46 |     from typing import Protocol\n\u2026",
            "suggested_action": "Investigate",
            "summary": "ruff_check failed for x_make_persistent_env_var_x (exit 1) cwd: C:\\x_runner_x\\x_make_persistent_env_var_x command: C:\\x_runner_x\\artifacts\\venvs\\orchestrator_gui_py312\\Scripts\\python.exe -m ruff check . --select ALL --ignore D,COM812,ISC00\u2026",
            "tool": "ruff_check",
            "tool_version": "ruff 0.14.2"
        },
        {
            "captured_at": "2025-10-24T06:35:11.984667+00:00",
            "command": "C:\\x_runner_x\\artifacts\\venvs\\orchestrator_gui_py312\\Scripts\\python.exe -m ruff check . --fix --select ALL --ignore D,COM812,ISC001,T20 --line-length 88 --target-version py311",
            "detail": {
                "cached": false,
                "cmd": [
                    "C:\\x_runner_x\\artifacts\\venvs\\orchestrator_gui_py312\\Scripts\\python.exe",
                    "-m",
                    "ruff",
                    "check",
                    ".",
                    "--fix",
                    "--select",
                    "ALL",
                    "--ignore",
                    "D,COM812,ISC001,T20",
                    "--line-length",
                    "88",
                    "--target-version",
                    "py311"
                ],
                "cmd_display": "C:\\x_runner_x\\artifacts\\venvs\\orchestrator_gui_py312\\Scripts\\python.exe -m ruff check . --fix --select ALL --ignore D,COM812,ISC001,T20 --line-length 88 --target-version py311",
                "cwd": "C:\\x_runner_x\\x_make_persistent_env_var_x",
                "duration_seconds": 0.1500577999977395,
                "ended_at": "2025-10-24T06:35:11.984667+00:00",
                "exit": 1,
                "failed_files": [],
                "files_checked": [
                    "__init__.py",
                    "json_contracts/__init__.py",
                    "tests/__init__.py",
                    "tests/test_json_contracts.py",
                    "tests/test_persistent_env.py",
                    "x_cls_make_persistent_env_var_x.py"
                ],
                "repo": "x_make_persistent_env_var_x",
                "repo_hash": "caa2488685d2fd1c27d724a9c6972862b2201f1e738766108ecddf831226719e",
                "repo_path": "C:\\x_runner_x\\x_make_persistent_env_var_x",
                "started_at": "2025-10-24T06:35:11.833091+00:00",
                "stderr": "",
                "stdout": "TC004 Move import `typing.Protocol` out of type-checking block. Import is used for more than type hinting.\n  --> x_cls_make_persistent_env_var_x.py:46:24\n   |\n45 | if TYPE_CHECKING:\n46 |     from typing import Protocol\n   |                        ^^^^^^^^\n47 |\n48 |     class _TkSupportsGrid(Protocol):\n   |\nhelp: Move out of type-checking block\n\nFound 1 error.\nNo fixes available (1 hidden fix can be enabled with the `--unsafe-fixes` option).\n",
                "tool": "ruff_fix",
                "tool_module": "ruff",
                "tool_version": "ruff 0.14.2"
            },
            "exit": "exit 1",
            "message": "ruff_fix failed for x_make_persistent_env_var_x (exit 1)\ncwd: C:\\x_runner_x\\x_make_persistent_env_var_x\ncommand: C:\\x_runner_x\\artifacts\\venvs\\orchestrator_gui_py312\\Scripts\\python.exe -m ruff check . --fix --select ALL --ignore D,COM812,ISC001,T20 --line-length 88 --target-version py311\nstarted_at: 2025-10-24T06:35:11.833091+00:00\nduration: 0.150s\ntool_version: ruff 0.14.2\nstdout:\nTC004 Move import `typing.Protocol` out of type-checking block. Import is used for more than type hinting.\n  --> x_cls_make_persistent_env_var_x.py:46:24\n   |\n45 | if TYPE_CHECKING:\n46 |     from typing import Protocol\n\u2026\nstderr:\n<empty>",
            "repo": "x_make_persistent_env_var_x",
            "repo_path": "C:\\x_runner_x\\x_make_persistent_env_var_x",
            "stderr_preview": null,
            "stdout_preview": "TC004 Move import `typing.Protocol` out of type-checking block. Import is used for more than type hinting.\n  --> x_cls_make_persistent_env_var_x.py:46:24\n   |\n45 | if TYPE_CHECKING:\n46 |     from typing import Protocol\n\u2026",
            "suggested_action": "Investigate",
            "summary": "ruff_fix failed for x_make_persistent_env_var_x (exit 1) cwd: C:\\x_runner_x\\x_make_persistent_env_var_x command: C:\\x_runner_x\\artifacts\\venvs\\orchestrator_gui_py312\\Scripts\\python.exe -m ruff check . --fix --select ALL --ignore D,COM812,I\u2026",
            "tool": "ruff_fix",
            "tool_version": "ruff 0.14.2"
        },
        {
            "captured_at": "2025-10-24T06:35:40.629793+00:00",
            "command": "C:\\x_runner_x\\artifacts\\venvs\\orchestrator_gui_py312\\Scripts\\python.exe -m mypy --package x_make_pip_updates_x --strict --no-warn-unused-configs --show-error-codes --warn-return-any --warn-unreachable --disallow-any-unimported --disallow-any-expr --disallow-any-decorated --disallow-any-explicit",
            "detail": {
                "cached": false,
                "cmd": [
                    "C:\\x_runner_x\\artifacts\\venvs\\orchestrator_gui_py312\\Scripts\\python.exe",
                    "-m",
                    "mypy",
                    "--package",
                    "x_make_pip_updates_x",
                    "--strict",
                    "--no-warn-unused-configs",
                    "--show-error-codes",
                    "--warn-return-any",
                    "--warn-unreachable",
                    "--disallow-any-unimported",
                    "--disallow-any-expr",
                    "--disallow-any-decorated",
                    "--disallow-any-explicit"
                ],
                "cmd_display": "C:\\x_runner_x\\artifacts\\venvs\\orchestrator_gui_py312\\Scripts\\python.exe -m mypy --package x_make_pip_updates_x --strict --no-warn-unused-configs --show-error-codes --warn-return-any --warn-unreachable --disallow-any-unimported --disallow-any-expr --disallow-any-decorated --disallow-any-explicit",
                "cwd": "C:\\x_runner_x\\x_make_pip_updates_x",
                "duration_seconds": 1.234536300005857,
                "ended_at": "2025-10-24T06:35:40.629793+00:00",
                "exit": 1,
                "failed_files": [],
                "files_checked": [
                    "__init__.py",
                    "json_contracts/__init__.py",
                    "tests/__init__.py",
                    "tests/test_json_contracts.py",
                    "tests/test_pip_updates.py",
                    "update_flow.py",
                    "x_cls_make_pip_updates_x.py"
                ],
                "repo": "x_make_pip_updates_x",
                "repo_hash": "eeb65eb54ab49e1014ac40300c26033cb0288c1fd1b463ef1b6a2648edc4d798",
                "repo_path": "C:\\x_runner_x\\x_make_pip_updates_x",
                "started_at": "2025-10-24T06:35:39.398689+00:00",
                "stderr": "",
                "stdout": "update_flow.py:43: error: Expression has type \"Any\"  [misc]\nupdate_flow.py:118: error: Expression has type \"Any\"  [misc]\nupdate_flow.py:590: error: Expression type contains \"Any\" (has type \"dict[Any, Any]\")  [misc]\nupdate_flow.py:613: error: Expression type contains \"Any\" (has type \"Any | None\")  [misc]\nupdate_flow.py:614: error: Expression type contains \"Any\" (has type \"Any | None\")  [misc]\nupdate_flow.py:681: error: Expression type contains \"Any\" (has type \"dict[Any, Any]\")  [misc]\nupdate_flow.py:687: error: Expression type contains \"Any\" (has type \"dict[Any, Any]\")  [misc]\nx_cls_make_pip_updates_x.py:317: error: Expression has type \"Any\"  [misc]\nx_cls_make_pip_updates_x.py:320: error: Expression has type \"Any\"  [misc]\nx_cls_make_pip_updates_x.py:320: error: Expression type contains \"Any\" (has type \"Any | None\")  [misc]\ntests\\test_json_contracts.py:35: error: Expression has type \"Any\"  [misc]\ntests\\test_json_contracts.py:36: error: Expression has type \"Any\"  [misc]\ntests\\test_json_contracts.py:77: error: Expression has type \"Any\"  [misc]\ntests\\test_json_contracts.py:78: error: Expression has type \"Any\"  [misc]\nFound 14 errors in 3 files (checked 10 source files)\n",
                "tool": "mypy",
                "tool_module": "mypy",
                "tool_version": "mypy 1.18.2 (compiled: yes)"
            },
            "exit": "exit 1",
            "message": "mypy failed for x_make_pip_updates_x (exit 1)\ncwd: C:\\x_runner_x\\x_make_pip_updates_x\ncommand: C:\\x_runner_x\\artifacts\\venvs\\orchestrator_gui_py312\\Scripts\\python.exe -m mypy --package x_make_pip_updates_x --strict --no-warn-unused-configs --show-error-codes --warn-return-any --warn-unreachable --disallow-any-unimported --disallow-any-expr --disallow-any-decorated --disallow-any-explicit\nstarted_at: 2025-10-24T06:35:39.398689+00:00\nduration: 1.235s\ntool_version: mypy 1.18.2 (compiled: yes)\nstdout:\nupdate_flow.py:43: error: Expression has type \"Any\"  [misc]\nupdate_flow.py:118: error: Expression has type \"Any\"  [misc]\nupdate_flow.py:590: error: Expression type contains \"Any\" (has type \"dict[Any, Any]\")  [misc]\nupdate_flow.py:613: error: Expression type contains \"Any\" (has type \"Any | None\")  [misc]\nupdate_flow.py:614: error: Expression type contains \"Any\" (has type \"Any | None\")  [misc]\n\u2026\nstderr:\n<empty>",
            "repo": "x_make_pip_updates_x",
            "repo_path": "C:\\x_runner_x\\x_make_pip_updates_x",
            "stderr_preview": null,
            "stdout_preview": "update_flow.py:43: error: Expression has type \"Any\"  [misc]\nupdate_flow.py:118: error: Expression has type \"Any\"  [misc]\nupdate_flow.py:590: error: Expression type contains \"Any\" (has type \"dict[Any, Any]\")  [misc]\nupdate_flow.py:613: error: Expression type contains \"Any\" (has type \"Any | None\")  [misc]\nupdate_flow.py:614: error: Expression type contains \"Any\" (has type \"Any | None\")  [misc]\n\u2026",
            "suggested_action": "Investigate",
            "summary": "mypy failed for x_make_pip_updates_x (exit 1) cwd: C:\\x_runner_x\\x_make_pip_updates_x command: C:\\x_runner_x\\artifacts\\venvs\\orchestrator_gui_py312\\Scripts\\python.exe -m mypy --package x_make_pip_updates_x --strict --no-warn-unused-configs\u2026",
            "tool": "mypy",
            "tool_version": "mypy 1.18.2 (compiled: yes)"
        },
        {
            "captured_at": "2025-10-24T06:36:11.056610+00:00",
            "command": "C:\\x_runner_x\\artifacts\\venvs\\orchestrator_gui_py312\\Scripts\\python.exe -m mypy --package x_make_py_mod_sideload_x --strict --no-warn-unused-configs --show-error-codes --warn-return-any --warn-unreachable --disallow-any-unimported --disallow-any-expr --disallow-any-decorated --disallow-any-explicit",
            "detail": {
                "cached": false,
                "cmd": [
                    "C:\\x_runner_x\\artifacts\\venvs\\orchestrator_gui_py312\\Scripts\\python.exe",
                    "-m",
                    "mypy",
                    "--package",
                    "x_make_py_mod_sideload_x",
                    "--strict",
                    "--no-warn-unused-configs",
                    "--show-error-codes",
                    "--warn-return-any",
                    "--warn-unreachable",
                    "--disallow-any-unimported",
                    "--disallow-any-expr",
                    "--disallow-any-decorated",
                    "--disallow-any-explicit"
                ],
                "cmd_display": "C:\\x_runner_x\\artifacts\\venvs\\orchestrator_gui_py312\\Scripts\\python.exe -m mypy --package x_make_py_mod_sideload_x --strict --no-warn-unused-configs --show-error-codes --warn-return-any --warn-unreachable --disallow-any-unimported --disallow-any-expr --disallow-any-decorated --disallow-any-explicit",
                "cwd": "C:\\x_runner_x\\x_make_py_mod_sideload_x",
                "duration_seconds": 1.2043196999875363,
                "ended_at": "2025-10-24T06:36:11.056610+00:00",
                "exit": 1,
                "failed_files": [],
                "files_checked": [
                    "__init__.py",
                    "json_contracts/__init__.py",
                    "tests/__init__.py",
                    "tests/conftest.py",
                    "tests/test_json_contracts.py",
                    "tests/test_py_module_sideload.py",
                    "x_cls_make_py_mod_sideload_x.py"
                ],
                "repo": "x_make_py_mod_sideload_x",
                "repo_hash": "9ac93a84d1ef634feb63aded7dfe3510ec1f3196574fd9417a57627851f7c046",
                "repo_path": "C:\\x_runner_x\\x_make_py_mod_sideload_x",
                "started_at": "2025-10-24T06:36:09.851249+00:00",
                "stderr": "",
                "stdout": "x_cls_make_py_mod_sideload_x.py:44: error: Expression has type \"Any\"  [misc]\nx_cls_make_py_mod_sideload_x.py:285: error: Returning Any from function declared to return \"str | None\"  [no-any-return]\nx_cls_make_py_mod_sideload_x.py:285: error: Expression has type \"Any\"  [misc]\nx_cls_make_py_mod_sideload_x.py:453: error: Expression has type \"Any\"  [misc]\nx_cls_make_py_mod_sideload_x.py:456: error: Expression has type \"Any\"  [misc]\nx_cls_make_py_mod_sideload_x.py:456: error: Expression type contains \"Any\" (has type \"Any | None\")  [misc]\ntests\\test_json_contracts.py:26: error: Returning Any from function declared to return \"dict[str, object]\"  [no-any-return]\ntests\\test_json_contracts.py:26: error: Expression has type \"Any\"  [misc]\ntests\\test_json_contracts.py:37: error: Expression has type \"Any\"  [misc]\ntests\\test_json_contracts.py:38: error: Expression has type \"Any\"  [misc]\ntests\\test_json_contracts.py:128: error: Expression type contains \"Any\" (has type \"Any | bool\")  [misc]\nFound 11 errors in 2 files (checked 9 source files)\n",
                "tool": "mypy",
                "tool_module": "mypy",
                "tool_version": "mypy 1.18.2 (compiled: yes)"
            },
            "exit": "exit 1",
            "message": "mypy failed for x_make_py_mod_sideload_x (exit 1)\ncwd: C:\\x_runner_x\\x_make_py_mod_sideload_x\ncommand: C:\\x_runner_x\\artifacts\\venvs\\orchestrator_gui_py312\\Scripts\\python.exe -m mypy --package x_make_py_mod_sideload_x --strict --no-warn-unused-configs --show-error-codes --warn-return-any --warn-unreachable --disallow-any-unimported --disallow-any-expr --disallow-any-decorated --disallow-any-explicit\nstarted_at: 2025-10-24T06:36:09.851249+00:00\nduration: 1.204s\ntool_version: mypy 1.18.2 (compiled: yes)\nstdout:\nx_cls_make_py_mod_sideload_x.py:44: error: Expression has type \"Any\"  [misc]\nx_cls_make_py_mod_sideload_x.py:285: error: Returning Any from function declared to return \"str | None\"  [no-any-return]\nx_cls_make_py_mod_sideload_x.py:285: error: Expression has type \"Any\"  [misc]\nx_cls_make_py_mod_sideload_x.py:453: error: Expression has type \"Any\"  [misc]\nx_cls_make_py_mod_sideload_x.py:456: error: Expression has type \"Any\"  [misc]\n\u2026\nstderr:\n<empty>",
            "repo": "x_make_py_mod_sideload_x",
            "repo_path": "C:\\x_runner_x\\x_make_py_mod_sideload_x",
            "stderr_preview": null,
            "stdout_preview": "x_cls_make_py_mod_sideload_x.py:44: error: Expression has type \"Any\"  [misc]\nx_cls_make_py_mod_sideload_x.py:285: error: Returning Any from function declared to return \"str | None\"  [no-any-return]\nx_cls_make_py_mod_sideload_x.py:285: error: Expression has type \"Any\"  [misc]\nx_cls_make_py_mod_sideload_x.py:453: error: Expression has type \"Any\"  [misc]\nx_cls_make_py_mod_sideload_x.py:456: error: Expression has type \"Any\"  [misc]\n\u2026",
            "suggested_action": "Investigate",
            "summary": "mypy failed for x_make_py_mod_sideload_x (exit 1) cwd: C:\\x_runner_x\\x_make_py_mod_sideload_x command: C:\\x_runner_x\\artifacts\\venvs\\orchestrator_gui_py312\\Scripts\\python.exe -m mypy --package x_make_py_mod_sideload_x --strict --no-warn-un\u2026",
            "tool": "mypy",
            "tool_version": "mypy 1.18.2 (compiled: yes)"
        },
        {
            "captured_at": "2025-10-24T06:36:22.699014+00:00",
            "command": "C:\\x_runner_x\\artifacts\\venvs\\orchestrator_gui_py312\\Scripts\\python.exe -m black . --line-length 88 --target-version py311 --check --diff",
            "detail": {
                "cached": false,
                "cmd": [
                    "C:\\x_runner_x\\artifacts\\venvs\\orchestrator_gui_py312\\Scripts\\python.exe",
                    "-m",
                    "black",
                    ".",
                    "--line-length",
                    "88",
                    "--target-version",
                    "py311",
                    "--check",
                    "--diff"
                ],
                "cmd_display": "C:\\x_runner_x\\artifacts\\venvs\\orchestrator_gui_py312\\Scripts\\python.exe -m black . --line-length 88 --target-version py311 --check --diff",
                "cwd": "C:\\x_runner_x\\x_make_py_venv_x",
                "duration_seconds": 1.5250070000183769,
                "ended_at": "2025-10-24T06:36:22.699014+00:00",
                "exit": 1,
                "failed_files": [],
                "files_checked": [
                    "__init__.py",
                    "x_cls_make_py_venv_x.py"
                ],
                "repo": "x_make_py_venv_x",
                "repo_hash": "bad26e7570552cd6880dda194a6270e72a59ffeff1020b30ed4700f0c91e13a7",
                "repo_path": "C:\\x_runner_x\\x_make_py_venv_x",
                "started_at": "2025-10-24T06:36:21.174005+00:00",
                "stderr": "would reformat C:\\x_runner_x\\x_make_py_venv_x\\x_cls_make_py_venv_x.py\n\nOh no! \\U0001f4a5 \\U0001f494 \\U0001f4a5\n1 file would be reformatted, 1 file would be left unchanged.\n",
                "stdout": "--- C:\\x_runner_x\\x_make_py_venv_x\\x_cls_make_py_venv_x.py\t2025-10-24 06:29:04.767468+00:00\n+++ C:\\x_runner_x\\x_make_py_venv_x\\x_cls_make_py_venv_x.py\t2025-10-24 06:36:22.547083+00:00\n@@ -567,13 +567,11 @@\n         \"Sequence[str] | None\", getattr(namespace, \"requirements\", None)\n     )\n     default_requirements_seq = cast(\n         \"Sequence[str] | None\", getattr(namespace, \"default_requirements\", None)\n     )\n-    packages_seq = cast(\n-        \"Sequence[str] | None\", getattr(namespace, \"packages\", None)\n-    )\n+    packages_seq = cast(\"Sequence[str] | None\", getattr(namespace, \"packages\", None))\n \n     requirements = [str(item) for item in requirements_seq] if requirements_seq else []\n     default_requirements = (\n         [str(item) for item in default_requirements_seq]\n         if default_requirements_seq\n",
                "tool": "black",
                "tool_module": "black",
                "tool_version": "python -m black, 25.9.0 (compiled: yes)\nPython (CPython) 3.12.6"
            },
            "exit": "exit 1",
            "message": "black failed for x_make_py_venv_x (exit 1)\ncwd: C:\\x_runner_x\\x_make_py_venv_x\ncommand: C:\\x_runner_x\\artifacts\\venvs\\orchestrator_gui_py312\\Scripts\\python.exe -m black . --line-length 88 --target-version py311 --check --diff\nstarted_at: 2025-10-24T06:36:21.174005+00:00\nduration: 1.525s\ntool_version: python -m black, 25.9.0 (compiled: yes)\nPython (CPython) 3.12.6\nstdout:\n--- C:\\x_runner_x\\x_make_py_venv_x\\x_cls_make_py_venv_x.py\t2025-10-24 06:29:04.767468+00:00\n+++ C:\\x_runner_x\\x_make_py_venv_x\\x_cls_make_py_venv_x.py\t2025-10-24 06:36:22.547083+00:00\n@@ -567,13 +567,11 @@\n         \"Sequence[str] | None\", getattr(namespace, \"requirements\", None)\n     )\n\u2026\nstderr:\nwould reformat C:\\x_runner_x\\x_make_py_venv_x\\x_cls_make_py_venv_x.py\n\nOh no! \\U0001f4a5 \\U0001f494 \\U0001f4a5\n1 file would be reformatted, 1 file would be left unchanged.",
            "repo": "x_make_py_venv_x",
            "repo_path": "C:\\x_runner_x\\x_make_py_venv_x",
            "stderr_preview": "would reformat C:\\x_runner_x\\x_make_py_venv_x\\x_cls_make_py_venv_x.py\n\nOh no! \\U0001f4a5 \\U0001f494 \\U0001f4a5\n1 file would be reformatted, 1 file would be left unchanged.",
            "stdout_preview": "--- C:\\x_runner_x\\x_make_py_venv_x\\x_cls_make_py_venv_x.py\t2025-10-24 06:29:04.767468+00:00\n+++ C:\\x_runner_x\\x_make_py_venv_x\\x_cls_make_py_venv_x.py\t2025-10-24 06:36:22.547083+00:00\n@@ -567,13 +567,11 @@\n         \"Sequence[str] | None\", getattr(namespace, \"requirements\", None)\n     )\n\u2026",
            "suggested_action": "Investigate",
            "summary": "black failed for x_make_py_venv_x (exit 1) cwd: C:\\x_runner_x\\x_make_py_venv_x command: C:\\x_runner_x\\artifacts\\venvs\\orchestrator_gui_py312\\Scripts\\python.exe -m black . --line-length 88 --target-version py311 --check --diff started_at: 2\u2026",
            "tool": "black",
            "tool_version": "python -m black, 25.9.0 (compiled: yes)\nPython (CPython) 3.12.6"
        },
        {
            "captured_at": "2025-10-24T06:36:23.651743+00:00",
            "command": "C:\\x_runner_x\\artifacts\\venvs\\orchestrator_gui_py312\\Scripts\\python.exe -m mypy --package x_make_py_venv_x --strict --no-warn-unused-configs --show-error-codes --warn-return-any --warn-unreachable --disallow-any-unimported --disallow-any-expr --disallow-any-decorated --disallow-any-explicit",
            "detail": {
                "cached": false,
                "cmd": [
                    "C:\\x_runner_x\\artifacts\\venvs\\orchestrator_gui_py312\\Scripts\\python.exe",
                    "-m",
                    "mypy",
                    "--package",
                    "x_make_py_venv_x",
                    "--strict",
                    "--no-warn-unused-configs",
                    "--show-error-codes",
                    "--warn-return-any",
                    "--warn-unreachable",
                    "--disallow-any-unimported",
                    "--disallow-any-expr",
                    "--disallow-any-decorated",
                    "--disallow-any-explicit"
                ],
                "cmd_display": "C:\\x_runner_x\\artifacts\\venvs\\orchestrator_gui_py312\\Scripts\\python.exe -m mypy --package x_make_py_venv_x --strict --no-warn-unused-configs --show-error-codes --warn-return-any --warn-unreachable --disallow-any-unimported --disallow-any-expr --disallow-any-decorated --disallow-any-explicit",
                "cwd": "C:\\x_runner_x\\x_make_py_venv_x",
                "duration_seconds": 0.7697213999927044,
                "ended_at": "2025-10-24T06:36:23.651743+00:00",
                "exit": 1,
                "failed_files": [],
                "files_checked": [
                    "__init__.py",
                    "x_cls_make_py_venv_x.py"
                ],
                "repo": "x_make_py_venv_x",
                "repo_hash": "bad26e7570552cd6880dda194a6270e72a59ffeff1020b30ed4700f0c91e13a7",
                "repo_path": "C:\\x_runner_x\\x_make_py_venv_x",
                "started_at": "2025-10-24T06:36:22.884677+00:00",
                "stderr": "",
                "stdout": "x_cls_make_py_venv_x.py:304: error: Expression has type \"Any\"  [misc]\nx_cls_make_py_venv_x.py:586: error: Expression has type \"Any\"  [misc]\nx_cls_make_py_venv_x.py:587: error: Expression has type \"Any\"  [misc]\nx_cls_make_py_venv_x.py:588: error: Expression has type \"Any\"  [misc]\nx_cls_make_py_venv_x.py:592: error: Expression has type \"Any\"  [misc]\nx_cls_make_py_venv_x.py:593: error: Expression has type \"Any\"  [misc]\nx_cls_make_py_venv_x.py:594: error: Expression has type \"Any\"  [misc]\nx_cls_make_py_venv_x.py:595: error: Expression has type \"Any\"  [misc]\nx_cls_make_py_venv_x.py:596: error: Expression has type \"Any\"  [misc]\nx_cls_make_py_venv_x.py:597: error: Expression has type \"Any\"  [misc]\nx_cls_make_py_venv_x.py:598: error: Expression has type \"Any\"  [misc]\nx_cls_make_py_venv_x.py:599: error: Expression has type \"Any\"  [misc]\nFound 12 errors in 1 file (checked 2 source files)\n",
                "tool": "mypy",
                "tool_module": "mypy",
                "tool_version": "mypy 1.18.2 (compiled: yes)"
            },
            "exit": "exit 1",
            "message": "mypy failed for x_make_py_venv_x (exit 1)\ncwd: C:\\x_runner_x\\x_make_py_venv_x\ncommand: C:\\x_runner_x\\artifacts\\venvs\\orchestrator_gui_py312\\Scripts\\python.exe -m mypy --package x_make_py_venv_x --strict --no-warn-unused-configs --show-error-codes --warn-return-any --warn-unreachable --disallow-any-unimported --disallow-any-expr --disallow-any-decorated --disallow-any-explicit\nstarted_at: 2025-10-24T06:36:22.884677+00:00\nduration: 0.770s\ntool_version: mypy 1.18.2 (compiled: yes)\nstdout:\nx_cls_make_py_venv_x.py:304: error: Expression has type \"Any\"  [misc]\nx_cls_make_py_venv_x.py:586: error: Expression has type \"Any\"  [misc]\nx_cls_make_py_venv_x.py:587: error: Expression has type \"Any\"  [misc]\nx_cls_make_py_venv_x.py:588: error: Expression has type \"Any\"  [misc]\nx_cls_make_py_venv_x.py:592: error: Expression has type \"Any\"  [misc]\n\u2026\nstderr:\n<empty>",
            "repo": "x_make_py_venv_x",
            "repo_path": "C:\\x_runner_x\\x_make_py_venv_x",
            "stderr_preview": null,
            "stdout_preview": "x_cls_make_py_venv_x.py:304: error: Expression has type \"Any\"  [misc]\nx_cls_make_py_venv_x.py:586: error: Expression has type \"Any\"  [misc]\nx_cls_make_py_venv_x.py:587: error: Expression has type \"Any\"  [misc]\nx_cls_make_py_venv_x.py:588: error: Expression has type \"Any\"  [misc]\nx_cls_make_py_venv_x.py:592: error: Expression has type \"Any\"  [misc]\n\u2026",
            "suggested_action": "Investigate",
            "summary": "mypy failed for x_make_py_venv_x (exit 1) cwd: C:\\x_runner_x\\x_make_py_venv_x command: C:\\x_runner_x\\artifacts\\venvs\\orchestrator_gui_py312\\Scripts\\python.exe -m mypy --package x_make_py_venv_x --strict --no-warn-unused-configs --show-erro\u2026",
            "tool": "mypy",
            "tool_version": "mypy 1.18.2 (compiled: yes)"
        },
        {
            "captured_at": "2025-10-24T06:36:57.888489+00:00",
            "command": "C:\\x_runner_x\\artifacts\\venvs\\orchestrator_gui_py312\\Scripts\\python.exe -m mypy --package x_make_pypi_x --strict --no-warn-unused-configs --show-error-codes --warn-return-any --warn-unreachable --disallow-any-unimported --disallow-any-expr --disallow-any-decorated --disallow-any-explicit",
            "detail": {
                "cached": false,
                "cmd": [
                    "C:\\x_runner_x\\artifacts\\venvs\\orchestrator_gui_py312\\Scripts\\python.exe",
                    "-m",
                    "mypy",
                    "--package",
                    "x_make_pypi_x",
                    "--strict",
                    "--no-warn-unused-configs",
                    "--show-error-codes",
                    "--warn-return-any",
                    "--warn-unreachable",
                    "--disallow-any-unimported",
                    "--disallow-any-expr",
                    "--disallow-any-decorated",
                    "--disallow-any-explicit"
                ],
                "cmd_display": "C:\\x_runner_x\\artifacts\\venvs\\orchestrator_gui_py312\\Scripts\\python.exe -m mypy --package x_make_pypi_x --strict --no-warn-unused-configs --show-error-codes --warn-return-any --warn-unreachable --disallow-any-unimported --disallow-any-expr --disallow-any-decorated --disallow-any-explicit",
                "cwd": "C:\\x_runner_x\\x_make_pypi_x",
                "duration_seconds": 0.8918053999950644,
                "ended_at": "2025-10-24T06:36:57.888489+00:00",
                "exit": 1,
                "failed_files": [],
                "files_checked": [
                    "__init__.py",
                    "json_contracts.py",
                    "publish_flow.py",
                    "tests/__init__.py",
                    "tests/conftest.py",
                    "tests/test_json_contracts.py",
                    "tests/test_main_json.py",
                    "x_cls_make_pypi_x.py"
                ],
                "repo": "x_make_pypi_x",
                "repo_hash": "7e204e048e9571a086990cf4808f58c0d4680f4a423e7ddeec9dceed41e67ae5",
                "repo_path": "C:\\x_runner_x\\x_make_pypi_x",
                "started_at": "2025-10-24T06:36:57.001250+00:00",
                "stderr": "",
                "stdout": "tests\\test_json_contracts.py:31: error: Expression has type \"Any\"  [misc]\ntests\\test_json_contracts.py:32: error: Expression has type \"Any\"  [misc]\ntests\\test_json_contracts.py:76: error: Expression has type \"Any\"  [misc]\ntests\\test_json_contracts.py:77: error: Expression has type \"Any\"  [misc]\npublish_flow.py:68: error: Expression has type \"Any\"  [misc]\npublish_flow.py:69: error: Expression has type \"Any\"  [misc]\npublish_flow.py:73: error: Expression has type \"Any\"  [misc]\npublish_flow.py:74: error: Expression has type \"Any\"  [misc]\nx_cls_make_pypi_x.py:639: error: Expression has type \"Any\"  [misc]\nx_cls_make_pypi_x.py:640: error: Expression has type \"Any\"  [misc]\nx_cls_make_pypi_x.py:776: error: Expression type contains \"Any\" (has type \"Any | None\")  [misc]\nx_cls_make_pypi_x.py:777: error: Expression type contains \"Any\" (has type \"Any | None\")  [misc]\nx_cls_make_pypi_x.py:783: error: Expression has type \"Any\"  [misc]\nx_cls_make_pypi_x.py:793: error: Expression has type \"Any\"  [misc]\nx_cls_make_pypi_x.py:799: error: Expression type contains \"Any\" (has type \"dict[str, Any]\")  [misc]\nx_cls_make_pypi_x.py:800: error: Expression type contains \"Any\" (has type \"dict[str, Any]\")  [misc]\nx_cls_make_pypi_x.py:800: error: Expression type contains \"Any\" (has type \"list[Any]\")  [misc]\nx_cls_make_pypi_x.py:802: error: Expression type contains \"Any\" (has type \"dict[str, Any]\")  [misc]\nx_cls_make_pypi_x.py:823: error: Expression type contains \"Any\" (has type \"dict[str, Any]\")  [misc]\nx_cls_make_pypi_x.py:824: error: Expression type contains \"Any\" (has type \"dict[str, Any]\")  [misc]\nx_cls_make_pypi_x.py:840: error: Expression has type \"Any\"  [misc]\nx_cls_make_pypi_x.py:843: error: Expression has type \"Any\"  [misc]\nx_cls_make_pypi_x.py:843: error: Expression type contains \"Any\" (has type \"Any | None\")  [misc]\ntests\\test_main_json.py:140: error: Expression type contains \"Any\" (has type \"dict[str, Any]\")  [misc]\ntests\\test_main_json.py:248: error: Expression type contains \"Any\" (has type \"Any | None\")  [misc]\ntests\\test_main_json.py:250: error: Expression type contains \"Any\" (has type \"Any | None\")  [misc]\ntests\\test_main_json.py:253: error: Expression type contains \"Any\" (has type \"Any | None\")  [misc]\ntests\\test_main_json.py:253: error: Expression type contains \"Any\" (has type \"Any | bool\")  [misc]\ntests\\test_main_json.py:257: error: Expression type contains \"Any\" (has type \"type[SimpleNamespace]\")  [misc]\ntests\\test_main_json.py:262: error: Expression type contains \"Any\" (has type \"Any | bool\")  [misc]\ntests\\test_main_json.py:266: error: Expression type contains \"Any\" (has type \"type[SimpleNamespace]\")  [misc]\ntests\\test_main_json.py:278: error: Explicit \"Any\" is not allowed  [explicit-any]\ntests\\test_main_json.py:280: error: Expression type contains \"Any\" (has type \"Callable[..., object]\")  [misc]\ntests\\test_main_json.py:284: error: Expression type contains \"Any\" (has type \"Any | str\")  [misc]\ntests\\test_main_json.py:284: error: Expression type contains \"Any\" (has type \"Any | bool\")  [misc]\ntests\\test_main_json.py:284: error: Expression type contains \"Any\" (has type \"Callable[..., object]\")  [misc]\ntests\\test_main_json.py:301: error: Expression type contains \"Any\" (has type \"dict[str, Any]\")  [misc]\nFound 37 errors in 4 files (checked 11 source files)\n",
                "tool": "mypy",
                "tool_module": "mypy",
                "tool_version": "mypy 1.18.2 (compiled: yes)"
            },
            "exit": "exit 1",
            "message": "mypy failed for x_make_pypi_x (exit 1)\ncwd: C:\\x_runner_x\\x_make_pypi_x\ncommand: C:\\x_runner_x\\artifacts\\venvs\\orchestrator_gui_py312\\Scripts\\python.exe -m mypy --package x_make_pypi_x --strict --no-warn-unused-configs --show-error-codes --warn-return-any --warn-unreachable --disallow-any-unimported --disallow-any-expr --disallow-any-decorated --disallow-any-explicit\nstarted_at: 2025-10-24T06:36:57.001250+00:00\nduration: 0.892s\ntool_version: mypy 1.18.2 (compiled: yes)\nstdout:\ntests\\test_json_contracts.py:31: error: Expression has type \"Any\"  [misc]\ntests\\test_json_contracts.py:32: error: Expression has type \"Any\"  [misc]\ntests\\test_json_contracts.py:76: error: Expression has type \"Any\"  [misc]\ntests\\test_json_contracts.py:77: error: Expression has type \"Any\"  [misc]\npublish_flow.py:68: error: Expression has type \"Any\"  [misc]\n\u2026\nstderr:\n<empty>",
            "repo": "x_make_pypi_x",
            "repo_path": "C:\\x_runner_x\\x_make_pypi_x",
            "stderr_preview": null,
            "stdout_preview": "tests\\test_json_contracts.py:31: error: Expression has type \"Any\"  [misc]\ntests\\test_json_contracts.py:32: error: Expression has type \"Any\"  [misc]\ntests\\test_json_contracts.py:76: error: Expression has type \"Any\"  [misc]\ntests\\test_json_contracts.py:77: error: Expression has type \"Any\"  [misc]\npublish_flow.py:68: error: Expression has type \"Any\"  [misc]\n\u2026",
            "suggested_action": "Investigate",
            "summary": "mypy failed for x_make_pypi_x (exit 1) cwd: C:\\x_runner_x\\x_make_pypi_x command: C:\\x_runner_x\\artifacts\\venvs\\orchestrator_gui_py312\\Scripts\\python.exe -m mypy --package x_make_pypi_x --strict --no-warn-unused-configs --show-error-codes -\u2026",
            "tool": "mypy",
            "tool_version": "mypy 1.18.2 (compiled: yes)"
        },
        {
            "captured_at": "2025-10-24T06:36:56.992518+00:00",
            "command": "C:\\x_runner_x\\artifacts\\venvs\\orchestrator_gui_py312\\Scripts\\python.exe -m ruff check . --select ALL --ignore D,COM812,ISC001,T20 --line-length 88 --target-version py311",
            "detail": {
                "cached": false,
                "cmd": [
                    "C:\\x_runner_x\\artifacts\\venvs\\orchestrator_gui_py312\\Scripts\\python.exe",
                    "-m",
                    "ruff",
                    "check",
                    ".",
                    "--select",
                    "ALL",
                    "--ignore",
                    "D,COM812,ISC001,T20",
                    "--line-length",
                    "88",
                    "--target-version",
                    "py311"
                ],
                "cmd_display": "C:\\x_runner_x\\artifacts\\venvs\\orchestrator_gui_py312\\Scripts\\python.exe -m ruff check . --select ALL --ignore D,COM812,ISC001,T20 --line-length 88 --target-version py311",
                "cwd": "C:\\x_runner_x\\x_make_pypi_x",
                "duration_seconds": 0.14612429999397136,
                "ended_at": "2025-10-24T06:36:56.992518+00:00",
                "exit": 1,
                "failed_files": [],
                "files_checked": [
                    "__init__.py",
                    "json_contracts.py",
                    "publish_flow.py",
                    "tests/__init__.py",
                    "tests/conftest.py",
                    "tests/test_json_contracts.py",
                    "tests/test_main_json.py",
                    "x_cls_make_pypi_x.py"
                ],
                "repo": "x_make_pypi_x",
                "repo_hash": "7e204e048e9571a086990cf4808f58c0d4680f4a423e7ddeec9dceed41e67ae5",
                "repo_path": "C:\\x_runner_x\\x_make_pypi_x",
                "started_at": "2025-10-24T06:36:56.850788+00:00",
                "stderr": "",
                "stdout": "FBT001 Boolean-typed positional argument in function definition\n  --> tests\\test_main_json.py:43:9\n   |\n41 |         name: str,\n42 |         value: object,\n43 |         raising: bool = ...,\n   |         ^^^^^^^\n44 |     ) -> None: ...\n   |\n\nFBT001 Boolean-typed positional argument in function definition\n  --> tests\\test_main_json.py:46:33\n   |\n44 |     ) -> None: ...\n45 |\n46 |     def delenv(self, name: str, raising: bool = ...) -> None: ...\n   |                                 ^^^^^^^\n47 |\n48 |     def setenv(self, name: str, value: str) -> None: ...\n   |\n\nSLF001 Private member accessed: `_prime_twine_credentials`\n  --> tests\\test_main_json.py:70:9\n   |\n68 |     prime_callable = cast(\n69 |         \"_PrimeCredentials\",\n70 |         publish_flow._prime_twine_credentials,\n   |         ^^^^^^^^^^^^^^^^^^^^^^^^^^^^^^^^^^^^^\n71 |     )\n72 |     return prime_callable(token_env)\n   |\n\nFound 3 errors.\n",
                "tool": "ruff_check",
                "tool_module": "ruff",
                "tool_version": "ruff 0.14.2"
            },
            "exit": "exit 1",
            "message": "ruff_check failed for x_make_pypi_x (exit 1)\ncwd: C:\\x_runner_x\\x_make_pypi_x\ncommand: C:\\x_runner_x\\artifacts\\venvs\\orchestrator_gui_py312\\Scripts\\python.exe -m ruff check . --select ALL --ignore D,COM812,ISC001,T20 --line-length 88 --target-version py311\nstarted_at: 2025-10-24T06:36:56.850788+00:00\nduration: 0.146s\ntool_version: ruff 0.14.2\nstdout:\nFBT001 Boolean-typed positional argument in function definition\n  --> tests\\test_main_json.py:43:9\n   |\n41 |         name: str,\n42 |         value: object,\n\u2026\nstderr:\n<empty>",
            "repo": "x_make_pypi_x",
            "repo_path": "C:\\x_runner_x\\x_make_pypi_x",
            "stderr_preview": null,
            "stdout_preview": "FBT001 Boolean-typed positional argument in function definition\n  --> tests\\test_main_json.py:43:9\n   |\n41 |         name: str,\n42 |         value: object,\n\u2026",
            "suggested_action": "Investigate",
            "summary": "ruff_check failed for x_make_pypi_x (exit 1) cwd: C:\\x_runner_x\\x_make_pypi_x command: C:\\x_runner_x\\artifacts\\venvs\\orchestrator_gui_py312\\Scripts\\python.exe -m ruff check . --select ALL --ignore D,COM812,ISC001,T20 --line-length 88 --tar\u2026",
            "tool": "ruff_check",
            "tool_version": "ruff 0.14.2"
        },
        {
            "captured_at": "2025-10-24T06:36:55.210564+00:00",
            "command": "C:\\x_runner_x\\artifacts\\venvs\\orchestrator_gui_py312\\Scripts\\python.exe -m ruff check . --fix --select ALL --ignore D,COM812,ISC001,T20 --line-length 88 --target-version py311",
            "detail": {
                "cached": false,
                "cmd": [
                    "C:\\x_runner_x\\artifacts\\venvs\\orchestrator_gui_py312\\Scripts\\python.exe",
                    "-m",
                    "ruff",
                    "check",
                    ".",
                    "--fix",
                    "--select",
                    "ALL",
                    "--ignore",
                    "D,COM812,ISC001,T20",
                    "--line-length",
                    "88",
                    "--target-version",
                    "py311"
                ],
                "cmd_display": "C:\\x_runner_x\\artifacts\\venvs\\orchestrator_gui_py312\\Scripts\\python.exe -m ruff check . --fix --select ALL --ignore D,COM812,ISC001,T20 --line-length 88 --target-version py311",
                "cwd": "C:\\x_runner_x\\x_make_pypi_x",
                "duration_seconds": 0.16928400000324473,
                "ended_at": "2025-10-24T06:36:55.210564+00:00",
                "exit": 1,
                "failed_files": [],
                "files_checked": [
                    "__init__.py",
                    "json_contracts.py",
                    "publish_flow.py",
                    "tests/__init__.py",
                    "tests/conftest.py",
                    "tests/test_json_contracts.py",
                    "tests/test_main_json.py",
                    "x_cls_make_pypi_x.py"
                ],
                "repo": "x_make_pypi_x",
                "repo_hash": "7e204e048e9571a086990cf4808f58c0d4680f4a423e7ddeec9dceed41e67ae5",
                "repo_path": "C:\\x_runner_x\\x_make_pypi_x",
                "started_at": "2025-10-24T06:36:55.040414+00:00",
                "stderr": "",
                "stdout": "FBT001 Boolean-typed positional argument in function definition\n  --> tests\\test_main_json.py:43:9\n   |\n41 |         name: str,\n42 |         value: object,\n43 |         raising: bool = ...,\n   |         ^^^^^^^\n44 |     ) -> None: ...\n   |\n\nFBT001 Boolean-typed positional argument in function definition\n  --> tests\\test_main_json.py:46:33\n   |\n44 |     ) -> None: ...\n45 |\n46 |     def delenv(self, name: str, raising: bool = ...) -> None: ...\n   |                                 ^^^^^^^\n47 |\n48 |     def setenv(self, name: str, value: str) -> None: ...\n   |\n\nSLF001 Private member accessed: `_prime_twine_credentials`\n  --> tests\\test_main_json.py:70:9\n   |\n68 |     prime_callable = cast(\n69 |         \"_PrimeCredentials\",\n70 |         publish_flow._prime_twine_credentials,\n   |         ^^^^^^^^^^^^^^^^^^^^^^^^^^^^^^^^^^^^^\n71 |     )\n72 |     return prime_callable(token_env)\n   |\n\nFound 3 errors.\n",
                "tool": "ruff_fix",
                "tool_module": "ruff",
                "tool_version": "ruff 0.14.2"
            },
            "exit": "exit 1",
            "message": "ruff_fix failed for x_make_pypi_x (exit 1)\ncwd: C:\\x_runner_x\\x_make_pypi_x\ncommand: C:\\x_runner_x\\artifacts\\venvs\\orchestrator_gui_py312\\Scripts\\python.exe -m ruff check . --fix --select ALL --ignore D,COM812,ISC001,T20 --line-length 88 --target-version py311\nstarted_at: 2025-10-24T06:36:55.040414+00:00\nduration: 0.169s\ntool_version: ruff 0.14.2\nstdout:\nFBT001 Boolean-typed positional argument in function definition\n  --> tests\\test_main_json.py:43:9\n   |\n41 |         name: str,\n42 |         value: object,\n\u2026\nstderr:\n<empty>",
            "repo": "x_make_pypi_x",
            "repo_path": "C:\\x_runner_x\\x_make_pypi_x",
            "stderr_preview": null,
            "stdout_preview": "FBT001 Boolean-typed positional argument in function definition\n  --> tests\\test_main_json.py:43:9\n   |\n41 |         name: str,\n42 |         value: object,\n\u2026",
            "suggested_action": "Investigate",
            "summary": "ruff_fix failed for x_make_pypi_x (exit 1) cwd: C:\\x_runner_x\\x_make_pypi_x command: C:\\x_runner_x\\artifacts\\venvs\\orchestrator_gui_py312\\Scripts\\python.exe -m ruff check . --fix --select ALL --ignore D,COM812,ISC001,T20 --line-length 88 -\u2026",
            "tool": "ruff_fix",
            "tool_version": "ruff 0.14.2"
        },
        {
            "captured_at": "2025-10-24T06:37:27.154666+00:00",
            "command": "C:\\x_runner_x\\artifacts\\venvs\\orchestrator_gui_py312\\Scripts\\python.exe -m mypy --package x_make_yahw_x --strict --no-warn-unused-configs --show-error-codes --warn-return-any --warn-unreachable --disallow-any-unimported --disallow-any-expr --disallow-any-decorated --disallow-any-explicit",
            "detail": {
                "cached": false,
                "cmd": [
                    "C:\\x_runner_x\\artifacts\\venvs\\orchestrator_gui_py312\\Scripts\\python.exe",
                    "-m",
                    "mypy",
                    "--package",
                    "x_make_yahw_x",
                    "--strict",
                    "--no-warn-unused-configs",
                    "--show-error-codes",
                    "--warn-return-any",
                    "--warn-unreachable",
                    "--disallow-any-unimported",
                    "--disallow-any-expr",
                    "--disallow-any-decorated",
                    "--disallow-any-explicit"
                ],
                "cmd_display": "C:\\x_runner_x\\artifacts\\venvs\\orchestrator_gui_py312\\Scripts\\python.exe -m mypy --package x_make_yahw_x --strict --no-warn-unused-configs --show-error-codes --warn-return-any --warn-unreachable --disallow-any-unimported --disallow-any-expr --disallow-any-decorated --disallow-any-explicit",
                "cwd": "C:\\x_runner_x\\x_make_yahw_x",
                "duration_seconds": 0.8041625999903772,
                "ended_at": "2025-10-24T06:37:27.154666+00:00",
                "exit": 1,
                "failed_files": [],
                "files_checked": [
                    "__init__.py",
                    "json_contracts.py",
                    "tests/__init__.py",
                    "tests/conftest.py",
                    "tests/test_json_contracts.py",
                    "tests/test_main_json.py",
                    "tests/test_yahw.py",
                    "x_cls_make_yahw_x.py"
                ],
                "repo": "x_make_yahw_x",
                "repo_hash": "3ca016a70cf55aeb570aab5ab5765b6a2e47241802830f9842b72ce8347d4098",
                "repo_path": "C:\\x_runner_x\\x_make_yahw_x",
                "started_at": "2025-10-24T06:37:26.349761+00:00",
                "stderr": "",
                "stdout": "x_cls_make_yahw_x.py:144: error: Expression has type \"Any\"  [misc]\nx_cls_make_yahw_x.py:147: error: Expression has type \"Any\"  [misc]\nx_cls_make_yahw_x.py:147: error: Expression type contains \"Any\" (has type \"Any | None\")  [misc]\ntests\\test_json_contracts.py:24: error: Expression has type \"Any\"  [misc]\ntests\\test_json_contracts.py:26: error: Expression has type \"Any\"  [misc]\ntests\\test_json_contracts.py:28: error: Expression has type \"Any\"  [misc]\ntests\\test_json_contracts.py:30: error: Expression has type \"Any\"  [misc]\ntests\\test_json_contracts.py:31: error: Expression has type \"Any\"  [misc]\ntests\\test_json_contracts.py:32: error: Expression has type \"Any\"  [misc]\ntests\\test_yahw.py:67: error: Expression type contains \"Any\" (has type \"Any | None\")  [misc]\ntests\\test_yahw.py:68: error: Expression type contains \"Any\" (has type \"Any | None\")  [misc]\ntests\\test_main_json.py:72: error: Expression type contains \"Any\" (has type \"type[SimpleNamespace]\")  [misc]\ntests\\test_main_json.py:74: error: Redundant cast to \"SimpleNamespace\"  [redundant-cast]\ntests\\test_main_json.py:76: error: Expression has type \"Any\"  [misc]\ntests\\test_main_json.py:80: error: Expression has type \"Any\"  [misc]\nFound 15 errors in 4 files (checked 10 source files)\n",
                "tool": "mypy",
                "tool_module": "mypy",
                "tool_version": "mypy 1.18.2 (compiled: yes)"
            },
            "exit": "exit 1",
            "message": "mypy failed for x_make_yahw_x (exit 1)\ncwd: C:\\x_runner_x\\x_make_yahw_x\ncommand: C:\\x_runner_x\\artifacts\\venvs\\orchestrator_gui_py312\\Scripts\\python.exe -m mypy --package x_make_yahw_x --strict --no-warn-unused-configs --show-error-codes --warn-return-any --warn-unreachable --disallow-any-unimported --disallow-any-expr --disallow-any-decorated --disallow-any-explicit\nstarted_at: 2025-10-24T06:37:26.349761+00:00\nduration: 0.804s\ntool_version: mypy 1.18.2 (compiled: yes)\nstdout:\nx_cls_make_yahw_x.py:144: error: Expression has type \"Any\"  [misc]\nx_cls_make_yahw_x.py:147: error: Expression has type \"Any\"  [misc]\nx_cls_make_yahw_x.py:147: error: Expression type contains \"Any\" (has type \"Any | None\")  [misc]\ntests\\test_json_contracts.py:24: error: Expression has type \"Any\"  [misc]\ntests\\test_json_contracts.py:26: error: Expression has type \"Any\"  [misc]\n\u2026\nstderr:\n<empty>",
            "repo": "x_make_yahw_x",
            "repo_path": "C:\\x_runner_x\\x_make_yahw_x",
            "stderr_preview": null,
            "stdout_preview": "x_cls_make_yahw_x.py:144: error: Expression has type \"Any\"  [misc]\nx_cls_make_yahw_x.py:147: error: Expression has type \"Any\"  [misc]\nx_cls_make_yahw_x.py:147: error: Expression type contains \"Any\" (has type \"Any | None\")  [misc]\ntests\\test_json_contracts.py:24: error: Expression has type \"Any\"  [misc]\ntests\\test_json_contracts.py:26: error: Expression has type \"Any\"  [misc]\n\u2026",
            "suggested_action": "Investigate",
            "summary": "mypy failed for x_make_yahw_x (exit 1) cwd: C:\\x_runner_x\\x_make_yahw_x command: C:\\x_runner_x\\artifacts\\venvs\\orchestrator_gui_py312\\Scripts\\python.exe -m mypy --package x_make_yahw_x --strict --no-warn-unused-configs --show-error-codes -\u2026",
            "tool": "mypy",
            "tool_version": "mypy 1.18.2 (compiled: yes)"
        },
        {
            "captured_at": "2025-10-24T06:37:26.346423+00:00",
            "command": "C:\\x_runner_x\\artifacts\\venvs\\orchestrator_gui_py312\\Scripts\\python.exe -m ruff check . --select ALL --ignore D,COM812,ISC001,T20 --line-length 88 --target-version py311",
            "detail": {
                "cached": false,
                "cmd": [
                    "C:\\x_runner_x\\artifacts\\venvs\\orchestrator_gui_py312\\Scripts\\python.exe",
                    "-m",
                    "ruff",
                    "check",
                    ".",
                    "--select",
                    "ALL",
                    "--ignore",
                    "D,COM812,ISC001,T20",
                    "--line-length",
                    "88",
                    "--target-version",
                    "py311"
                ],
                "cmd_display": "C:\\x_runner_x\\artifacts\\venvs\\orchestrator_gui_py312\\Scripts\\python.exe -m ruff check . --select ALL --ignore D,COM812,ISC001,T20 --line-length 88 --target-version py311",
                "cwd": "C:\\x_runner_x\\x_make_yahw_x",
                "duration_seconds": 0.14974170000641607,
                "ended_at": "2025-10-24T06:37:26.346423+00:00",
                "exit": 1,
                "failed_files": [],
                "files_checked": [
                    "__init__.py",
                    "json_contracts.py",
                    "tests/__init__.py",
                    "tests/conftest.py",
                    "tests/test_json_contracts.py",
                    "tests/test_main_json.py",
                    "tests/test_yahw.py",
                    "x_cls_make_yahw_x.py"
                ],
                "repo": "x_make_yahw_x",
                "repo_hash": "3ca016a70cf55aeb570aab5ab5765b6a2e47241802830f9842b72ce8347d4098",
                "repo_path": "C:\\x_runner_x\\x_make_yahw_x",
                "started_at": "2025-10-24T06:37:26.196741+00:00",
                "stderr": "",
                "stdout": "TC003 Move standard library import `collections.abc.Mapping` into a type-checking block\n --> tests\\test_main_json.py:4:29\n  |\n3 | import importlib\n4 | from collections.abc import Mapping\n  |                             ^^^^^^^\n5 | from types import SimpleNamespace\n6 | from typing import NoReturn, cast\n  |\nhelp: Move into type-checking block\n\nTC002 Move third-party import `pytest` into a type-checking block\n --> tests\\test_main_json.py:8:8\n  |\n6 | from typing import NoReturn, cast\n7 |\n8 | import pytest\n  |        ^^^^^^\n9 | from x_make_common_x.json_contracts import validate_payload\n  |\nhelp: Move into type-checking block\n\nFound 2 errors.\nNo fixes available (2 hidden fixes can be enabled with the `--unsafe-fixes` option).\n",
                "tool": "ruff_check",
                "tool_module": "ruff",
                "tool_version": "ruff 0.14.2"
            },
            "exit": "exit 1",
            "message": "ruff_check failed for x_make_yahw_x (exit 1)\ncwd: C:\\x_runner_x\\x_make_yahw_x\ncommand: C:\\x_runner_x\\artifacts\\venvs\\orchestrator_gui_py312\\Scripts\\python.exe -m ruff check . --select ALL --ignore D,COM812,ISC001,T20 --line-length 88 --target-version py311\nstarted_at: 2025-10-24T06:37:26.196741+00:00\nduration: 0.150s\ntool_version: ruff 0.14.2\nstdout:\nTC003 Move standard library import `collections.abc.Mapping` into a type-checking block\n --> tests\\test_main_json.py:4:29\n  |\n3 | import importlib\n4 | from collections.abc import Mapping\n\u2026\nstderr:\n<empty>",
            "repo": "x_make_yahw_x",
            "repo_path": "C:\\x_runner_x\\x_make_yahw_x",
            "stderr_preview": null,
            "stdout_preview": "TC003 Move standard library import `collections.abc.Mapping` into a type-checking block\n --> tests\\test_main_json.py:4:29\n  |\n3 | import importlib\n4 | from collections.abc import Mapping\n\u2026",
            "suggested_action": "Investigate",
            "summary": "ruff_check failed for x_make_yahw_x (exit 1) cwd: C:\\x_runner_x\\x_make_yahw_x command: C:\\x_runner_x\\artifacts\\venvs\\orchestrator_gui_py312\\Scripts\\python.exe -m ruff check . --select ALL --ignore D,COM812,ISC001,T20 --line-length 88 --tar\u2026",
            "tool": "ruff_check",
            "tool_version": "ruff 0.14.2"
        },
        {
            "captured_at": "2025-10-24T06:37:24.819954+00:00",
            "command": "C:\\x_runner_x\\artifacts\\venvs\\orchestrator_gui_py312\\Scripts\\python.exe -m ruff check . --fix --select ALL --ignore D,COM812,ISC001,T20 --line-length 88 --target-version py311",
            "detail": {
                "cached": false,
                "cmd": [
                    "C:\\x_runner_x\\artifacts\\venvs\\orchestrator_gui_py312\\Scripts\\python.exe",
                    "-m",
                    "ruff",
                    "check",
                    ".",
                    "--fix",
                    "--select",
                    "ALL",
                    "--ignore",
                    "D,COM812,ISC001,T20",
                    "--line-length",
                    "88",
                    "--target-version",
                    "py311"
                ],
                "cmd_display": "C:\\x_runner_x\\artifacts\\venvs\\orchestrator_gui_py312\\Scripts\\python.exe -m ruff check . --fix --select ALL --ignore D,COM812,ISC001,T20 --line-length 88 --target-version py311",
                "cwd": "C:\\x_runner_x\\x_make_yahw_x",
                "duration_seconds": 0.1628136000072118,
                "ended_at": "2025-10-24T06:37:24.819954+00:00",
                "exit": 1,
                "failed_files": [],
                "files_checked": [
                    "__init__.py",
                    "json_contracts.py",
                    "tests/__init__.py",
                    "tests/conftest.py",
                    "tests/test_json_contracts.py",
                    "tests/test_main_json.py",
                    "tests/test_yahw.py",
                    "x_cls_make_yahw_x.py"
                ],
                "repo": "x_make_yahw_x",
                "repo_hash": "3ca016a70cf55aeb570aab5ab5765b6a2e47241802830f9842b72ce8347d4098",
                "repo_path": "C:\\x_runner_x\\x_make_yahw_x",
                "started_at": "2025-10-24T06:37:24.663219+00:00",
                "stderr": "",
                "stdout": "TC003 Move standard library import `collections.abc.Mapping` into a type-checking block\n --> tests\\test_main_json.py:4:29\n  |\n3 | import importlib\n4 | from collections.abc import Mapping\n  |                             ^^^^^^^\n5 | from types import SimpleNamespace\n6 | from typing import NoReturn, cast\n  |\nhelp: Move into type-checking block\n\nTC002 Move third-party import `pytest` into a type-checking block\n --> tests\\test_main_json.py:8:8\n  |\n6 | from typing import NoReturn, cast\n7 |\n8 | import pytest\n  |        ^^^^^^\n9 | from x_make_common_x.json_contracts import validate_payload\n  |\nhelp: Move into type-checking block\n\nFound 2 errors.\nNo fixes available (2 hidden fixes can be enabled with the `--unsafe-fixes` option).\n",
                "tool": "ruff_fix",
                "tool_module": "ruff",
                "tool_version": "ruff 0.14.2"
            },
            "exit": "exit 1",
            "message": "ruff_fix failed for x_make_yahw_x (exit 1)\ncwd: C:\\x_runner_x\\x_make_yahw_x\ncommand: C:\\x_runner_x\\artifacts\\venvs\\orchestrator_gui_py312\\Scripts\\python.exe -m ruff check . --fix --select ALL --ignore D,COM812,ISC001,T20 --line-length 88 --target-version py311\nstarted_at: 2025-10-24T06:37:24.663219+00:00\nduration: 0.163s\ntool_version: ruff 0.14.2\nstdout:\nTC003 Move standard library import `collections.abc.Mapping` into a type-checking block\n --> tests\\test_main_json.py:4:29\n  |\n3 | import importlib\n4 | from collections.abc import Mapping\n\u2026\nstderr:\n<empty>",
            "repo": "x_make_yahw_x",
            "repo_path": "C:\\x_runner_x\\x_make_yahw_x",
            "stderr_preview": null,
            "stdout_preview": "TC003 Move standard library import `collections.abc.Mapping` into a type-checking block\n --> tests\\test_main_json.py:4:29\n  |\n3 | import importlib\n4 | from collections.abc import Mapping\n\u2026",
            "suggested_action": "Investigate",
            "summary": "ruff_fix failed for x_make_yahw_x (exit 1) cwd: C:\\x_runner_x\\x_make_yahw_x command: C:\\x_runner_x\\artifacts\\venvs\\orchestrator_gui_py312\\Scripts\\python.exe -m ruff check . --fix --select ALL --ignore D,COM812,ISC001,T20 --line-length 88 -\u2026",
            "tool": "ruff_fix",
            "tool_version": "ruff 0.14.2"
        }
    ],
    "generated_at": "2025-10-24T06:37:29.269680+00:00",
    "runtime": {
        "environment": {
            "PATH": "C:\\x_runner_x\\artifacts\\venvs\\orchestrator_gui_py312\\Lib\\site-packages\\PySide6;C:\\x_runner_x\\artifacts\\venvs\\orchestrator_gui\\Scripts;C:\\windows\\system32;C:\\windows;C:\\windows\\System32\\Wbem;C:\\windows\\System32\\WindowsPowerShell\\v1.0\\;C:\\windows\\System32\\OpenSSH\\;C:\\Program Files\\Git\\cmd;C:\\Program Files\\HP\\HP One Agent;C:\\Users\\eye43\\AppData\\Local\\Programs\\Python\\Launcher\\;C:\\Users\\eye43\\AppData\\Local\\Programs\\Microsoft VS Code\\bin;C:\\x_runner_x\\tools\\node-v20.11.1-win-x64\\node-v20.11.1-win-x64;C:\\x_runner_x\\tools\\node-v20.11.1-win-x64\\node-v20.11.1-win-x64\\node_modules\\npm\\bin;C:\\Users\\eye43\\AppData\\Local\\Programs\\Python\\Python314\\Scripts"
        },
        "platform": "Windows-11-10.0.26100-SP0",
        "python_executable": "C:\\x_runner_x\\artifacts\\venvs\\orchestrator_gui_py312\\Scripts\\python.exe",
        "python_version": "3.12.6 (main, Sep  9 2024, 20:50:27) [MSC v.1929 64 bit (AMD64)]",
        "run_completed_at": "2025-10-24T06:37:29.269680+00:00",
        "run_started_at": "2025-10-24T06:29:29.739448+00:00",
        "workspace_root": "C:\\x_runner_x"
    },
    "schema_version": "1.0",
    "summary": {
        "overall_stats": {
            "cache_hits": 2,
            "cache_misses": 78,
            "failed_tools": 24,
            "had_failures": true,
            "total_tools_run": 80
        },
        "repos": {
            "x_0_make_all_x": {
                "cached": 0,
                "failed": 0,
                "repo_hash": "ccedf9be167b3520871a1effed4b8948b9502dfec43b7e74397a2e1d2c795da7",
                "tools": {
                    "black": {
                        "cached": false,
                        "exit": 0,
                        "timed_out": false
                    },
                    "mypy": {
                        "cached": false,
                        "exit": 0,
                        "timed_out": false
                    },
                    "pyright": {
                        "cached": false,
                        "exit": 0,
                        "timed_out": false
                    },
                    "ruff_check": {
                        "cached": false,
                        "exit": 0,
                        "timed_out": false
                    },
                    "ruff_fix": {
                        "cached": false,
                        "exit": 0,
                        "timed_out": false
                    }
                }
            },
            "x_0_make_ppnw_dot_ai_x": {
                "cached": 0,
                "failed": 0,
                "repo_hash": "9187f0b33f8ddd6a9eed7b63282efe0a177f35a5aa211c1535be63bcba16af57",
                "tools": {
                    "black": {
                        "cached": false,
                        "exit": 0,
                        "timed_out": false
                    },
                    "mypy": {
                        "cached": false,
                        "exit": 0,
                        "timed_out": false
                    },
                    "pyright": {
                        "cached": false,
                        "exit": 0,
                        "timed_out": false
                    },
                    "ruff_check": {
                        "cached": false,
                        "exit": 0,
                        "timed_out": false
                    },
                    "ruff_fix": {
                        "cached": false,
                        "exit": 0,
                        "timed_out": false
                    }
                }
            },
            "x_legatus_acta_schedae_x": {
                "cached": 0,
                "failed": 0,
                "repo_hash": "312795044a862bbb96a26cefc5c6c04107537774b1aef4ec03d267fc82cf30e3",
                "tools": {
                    "black": {
                        "cached": false,
                        "exit": 0,
                        "timed_out": false
                    },
                    "mypy": {
                        "cached": false,
                        "exit": 0,
                        "timed_out": false
                    },
                    "pyright": {
                        "cached": false,
                        "exit": 0,
                        "timed_out": false
                    },
                    "ruff_check": {
                        "cached": false,
                        "exit": 0,
                        "timed_out": false
                    },
                    "ruff_fix": {
                        "cached": false,
                        "exit": 0,
                        "timed_out": false
                    }
                }
            },
            "x_legatus_tactica_impetus_x": {
                "cached": 2,
                "failed": 0,
                "repo_hash": "9fe8fa5da6bb7971aae3acb28f1cc21b176c9c0916997a30407b350986bb270b",
                "tools": {
                    "black": {
                        "cached": false,
                        "exit": 0,
                        "timed_out": false
                    },
                    "mypy": {
                        "cached": false,
                        "exit": 0,
                        "timed_out": false
                    },
                    "pyright": {
                        "cached": false,
                        "exit": 0,
                        "timed_out": false
                    },
                    "ruff_check": {
                        "cached": true,
                        "exit": 0,
                        "timed_out": false
                    },
                    "ruff_fix": {
                        "cached": true,
                        "exit": 0,
                        "timed_out": false
                    }
                }
            },
            "x_make_common_x": {
                "cached": 0,
                "failed": 0,
                "repo_hash": "9a453aa4a5fdb4f7a0443d3aab1fd45ed17ff377b655e1c690c66e6d42f43bcd",
                "tools": {
                    "black": {
                        "cached": false,
                        "exit": 0,
                        "timed_out": false
                    },
                    "mypy": {
                        "cached": false,
                        "exit": 0,
                        "timed_out": false
                    },
                    "pyright": {
                        "cached": false,
                        "exit": 0,
                        "timed_out": false
                    },
                    "ruff_check": {
                        "cached": false,
                        "exit": 0,
                        "timed_out": false
                    },
                    "ruff_fix": {
                        "cached": false,
                        "exit": 0,
                        "timed_out": false
                    }
                }
            },
            "x_make_github_clones_x": {
                "cached": 0,
                "failed": 3,
                "repo_hash": "50b862a590a94f8aeef2a9ad2bb67e43b8524bb8740343efdc514ce451ab5a50",
                "tools": {
                    "black": {
                        "cached": false,
                        "exit": 0,
                        "timed_out": false
                    },
                    "mypy": {
                        "cached": false,
                        "exit": 1,
                        "timed_out": false
                    },
                    "pyright": {
                        "cached": false,
                        "exit": 0,
                        "timed_out": false
                    },
                    "ruff_check": {
                        "cached": false,
                        "exit": 1,
                        "timed_out": false
                    },
                    "ruff_fix": {
                        "cached": false,
                        "exit": 1,
                        "timed_out": false
                    }
                }
            },
            "x_make_github_visitor_x": {
                "cached": 0,
                "failed": 1,
                "repo_hash": "b55d2175473c867af43fc80720c46a308661d18c1936cddbe18604d9f05cd4ce",
                "tools": {
                    "black": {
                        "cached": false,
                        "exit": 0,
                        "timed_out": false
                    },
                    "mypy": {
                        "cached": false,
                        "exit": 1,
                        "timed_out": false
                    },
                    "pyright": {
                        "cached": false,
                        "exit": 0,
                        "timed_out": false
                    },
                    "ruff_check": {
                        "cached": false,
                        "exit": 0,
                        "timed_out": false
                    },
                    "ruff_fix": {
                        "cached": false,
                        "exit": 0,
                        "timed_out": false
                    }
                }
            },
            "x_make_graphviz_x": {
                "cached": 0,
                "failed": 3,
                "repo_hash": "0b260ff3087338cb8041b96181fa0b81c24e4eceb4da79c9389df55540ef2500",
                "tools": {
                    "black": {
                        "cached": false,
                        "exit": 0,
                        "timed_out": false
                    },
                    "mypy": {
                        "cached": false,
                        "exit": 1,
                        "timed_out": false
                    },
                    "pyright": {
                        "cached": false,
                        "exit": 0,
                        "timed_out": false
                    },
                    "ruff_check": {
                        "cached": false,
                        "exit": 1,
                        "timed_out": false
                    },
                    "ruff_fix": {
                        "cached": false,
                        "exit": 1,
                        "timed_out": false
                    }
                }
            },
            "x_make_markdown_x": {
                "cached": 0,
                "failed": 2,
                "repo_hash": "5bd17098d663839e612f1a08755a0b312fb0caf7b80581587adcda058a7d1b77",
                "tools": {
                    "black": {
                        "cached": false,
                        "exit": 1,
                        "timed_out": false
                    },
                    "mypy": {
                        "cached": false,
                        "exit": 1,
                        "timed_out": false
                    },
                    "pyright": {
                        "cached": false,
                        "exit": 0,
                        "timed_out": false
                    },
                    "ruff_check": {
                        "cached": false,
                        "exit": 0,
                        "timed_out": false
                    },
                    "ruff_fix": {
                        "cached": false,
                        "exit": 0,
                        "timed_out": false
                    }
                }
            },
            "x_make_mermaid_x": {
                "cached": 0,
                "failed": 1,
                "repo_hash": "80f35ee9f8c5f511fd52eae54abd8f878a26111f98d599735eb52c9c9a5f302f",
                "tools": {
                    "black": {
                        "cached": false,
                        "exit": 0,
                        "timed_out": false
                    },
                    "mypy": {
                        "cached": false,
                        "exit": 1,
                        "timed_out": false
                    },
                    "pyright": {
                        "cached": false,
                        "exit": 0,
                        "timed_out": false
                    },
                    "ruff_check": {
                        "cached": false,
                        "exit": 0,
                        "timed_out": false
                    },
                    "ruff_fix": {
                        "cached": false,
                        "exit": 0,
                        "timed_out": false
                    }
                }
            },
            "x_make_persistent_env_var_x": {
                "cached": 0,
                "failed": 4,
                "repo_hash": "caa2488685d2fd1c27d724a9c6972862b2201f1e738766108ecddf831226719e",
                "tools": {
                    "black": {
                        "cached": false,
                        "exit": 1,
                        "timed_out": false
                    },
                    "mypy": {
                        "cached": false,
                        "exit": 1,
                        "timed_out": false
                    },
                    "pyright": {
                        "cached": false,
                        "exit": 0,
                        "timed_out": false
                    },
                    "ruff_check": {
                        "cached": false,
                        "exit": 1,
                        "timed_out": false
                    },
                    "ruff_fix": {
                        "cached": false,
                        "exit": 1,
                        "timed_out": false
                    }
                }
            },
            "x_make_pip_updates_x": {
                "cached": 0,
                "failed": 1,
                "repo_hash": "eeb65eb54ab49e1014ac40300c26033cb0288c1fd1b463ef1b6a2648edc4d798",
                "tools": {
                    "black": {
                        "cached": false,
                        "exit": 0,
                        "timed_out": false
                    },
                    "mypy": {
                        "cached": false,
                        "exit": 1,
                        "timed_out": false
                    },
                    "pyright": {
                        "cached": false,
                        "exit": 0,
                        "timed_out": false
                    },
                    "ruff_check": {
                        "cached": false,
                        "exit": 0,
                        "timed_out": false
                    },
                    "ruff_fix": {
                        "cached": false,
                        "exit": 0,
                        "timed_out": false
                    }
                }
            },
            "x_make_py_mod_sideload_x": {
                "cached": 0,
                "failed": 1,
                "repo_hash": "9ac93a84d1ef634feb63aded7dfe3510ec1f3196574fd9417a57627851f7c046",
                "tools": {
                    "black": {
                        "cached": false,
                        "exit": 0,
                        "timed_out": false
                    },
                    "mypy": {
                        "cached": false,
                        "exit": 1,
                        "timed_out": false
                    },
                    "pyright": {
                        "cached": false,
                        "exit": 0,
                        "timed_out": false
                    },
                    "ruff_check": {
                        "cached": false,
                        "exit": 0,
                        "timed_out": false
                    },
                    "ruff_fix": {
                        "cached": false,
                        "exit": 0,
                        "timed_out": false
                    }
                }
            },
            "x_make_py_venv_x": {
                "cached": 0,
                "failed": 2,
                "repo_hash": "bad26e7570552cd6880dda194a6270e72a59ffeff1020b30ed4700f0c91e13a7",
                "tools": {
                    "black": {
                        "cached": false,
                        "exit": 1,
                        "timed_out": false
                    },
                    "mypy": {
                        "cached": false,
                        "exit": 1,
                        "timed_out": false
                    },
                    "pyright": {
                        "cached": false,
                        "exit": 0,
                        "timed_out": false
                    },
                    "ruff_check": {
                        "cached": false,
                        "exit": 0,
                        "timed_out": false
                    },
                    "ruff_fix": {
                        "cached": false,
                        "exit": 0,
                        "timed_out": false
                    }
                }
            },
            "x_make_pypi_x": {
                "cached": 0,
                "failed": 3,
                "repo_hash": "7e204e048e9571a086990cf4808f58c0d4680f4a423e7ddeec9dceed41e67ae5",
                "tools": {
                    "black": {
                        "cached": false,
                        "exit": 0,
                        "timed_out": false
                    },
                    "mypy": {
                        "cached": false,
                        "exit": 1,
                        "timed_out": false
                    },
                    "pyright": {
                        "cached": false,
                        "exit": 0,
                        "timed_out": false
                    },
                    "ruff_check": {
                        "cached": false,
                        "exit": 1,
                        "timed_out": false
                    },
                    "ruff_fix": {
                        "cached": false,
                        "exit": 1,
                        "timed_out": false
                    }
                }
            },
            "x_make_yahw_x": {
                "cached": 0,
                "failed": 3,
                "repo_hash": "3ca016a70cf55aeb570aab5ab5765b6a2e47241802830f9842b72ce8347d4098",
                "tools": {
                    "black": {
                        "cached": false,
                        "exit": 0,
                        "timed_out": false
                    },
                    "mypy": {
                        "cached": false,
                        "exit": 1,
                        "timed_out": false
                    },
                    "pyright": {
                        "cached": false,
                        "exit": 0,
                        "timed_out": false
                    },
                    "ruff_check": {
                        "cached": false,
                        "exit": 1,
                        "timed_out": false
                    },
                    "ruff_fix": {
                        "cached": false,
                        "exit": 1,
                        "timed_out": false
                    }
                }
            }
        },
        "timestamp": "2025-10-24T06:37:29.269680+00:00",
        "total_repos": 16
    },
    "tool_versions": {
        "black": "python -m black, 25.9.0 (compiled: yes)\nPython (CPython) 3.12.6",
        "mypy": "mypy 1.18.2 (compiled: yes)",
        "pyright": "pyright 1.1.406",
        "ruff": "ruff 0.14.2"
    },
    "workspace_root": "C:\\x_runner_x"
}