{
    "failures": [
        {
            "captured_at": "2025-10-25T06:30:02.777326+00:00",
            "command": "C:\\x_runner_x\\.venv\\Scripts\\python.exe -m mypy --package x_0_make_ppnw_dot_ai_x --strict --no-warn-unused-configs --show-error-codes --warn-return-any --warn-unreachable --disallow-any-unimported --disallow-any-expr --disallow-any-decorated --disallow-any-explicit",
            "detail": {
                "cached": false,
                "cmd": [
                    "C:\\x_runner_x\\.venv\\Scripts\\python.exe",
                    "-m",
                    "mypy",
                    "--package",
                    "x_0_make_ppnw_dot_ai_x",
                    "--strict",
                    "--no-warn-unused-configs",
                    "--show-error-codes",
                    "--warn-return-any",
                    "--warn-unreachable",
                    "--disallow-any-unimported",
                    "--disallow-any-expr",
                    "--disallow-any-decorated",
                    "--disallow-any-explicit"
                ],
                "cmd_display": "C:\\x_runner_x\\.venv\\Scripts\\python.exe -m mypy --package x_0_make_ppnw_dot_ai_x --strict --no-warn-unused-configs --show-error-codes --warn-return-any --warn-unreachable --disallow-any-unimported --disallow-any-expr --disallow-any-decorated --disallow-any-explicit",
                "cwd": "C:\\x_runner_x\\x_0_make_ppnw_dot_ai_x",
                "duration_seconds": 4.6919799000024796,
                "ended_at": "2025-10-25T06:30:02.777326+00:00",
                "exit": 1,
                "failed_files": [],
                "files_checked": [
                    "app/__init__.py",
                    "app/generator_app.py",
                    "app/resources.py",
                    "app/template_utils.py"
                ],
                "repo": "x_0_make_ppnw_dot_ai_x",
                "repo_hash": "c8b9a6cb53296de1a817da66daf6a510def227b77578a7bcb3ad0bab93189c4a",
                "repo_path": "C:\\x_runner_x\\x_0_make_ppnw_dot_ai_x",
                "started_at": "2025-10-25T06:29:58.084708+00:00",
                "stderr": "",
                "stdout": "app\\template_utils.py:47: error: Expression type contains \"Any\" (has type \"list[Any]\")  [misc]\napp\\template_utils.py:47: error: Expression type contains \"Any\" (has type \"set[Any]\")  [misc]\napp\\template_utils.py:53: error: Expression type contains \"Any\" (has type \"list[Any]\")  [misc]\napp\\template_utils.py:63: error: Expression type contains \"Any\" (has type \"set[Any]\")  [misc]\napp\\template_utils.py:63: error: Expression type contains \"Any\" (has type \"list[Any]\")  [misc]\napp\\template_utils.py:69: error: Expression type contains \"Any\" (has type \"list[Any]\")  [misc]\napp\\generator_app.py:64: error: Explicit \"Any\" is not allowed  [explicit-any]\napp\\generator_app.py:64: error: Expression type contains \"Any\" (has type \"Callable[..., object]\")  [misc]\napp\\generator_app.py:104: error: Expression type contains \"Any\" (has type \"Callable[[Any], tuple[bool, Any]]\")  [misc]\nFound 9 errors in 2 files (checked 8 source files)\n",
                "tool": "mypy",
                "tool_module": "mypy",
                "tool_version": "mypy 1.18.2 (compiled: yes)"
            },
            "exit": "exit 1",
            "message": "mypy failed for x_0_make_ppnw_dot_ai_x (exit 1)\ncwd: C:\\x_runner_x\\x_0_make_ppnw_dot_ai_x\ncommand: C:\\x_runner_x\\.venv\\Scripts\\python.exe -m mypy --package x_0_make_ppnw_dot_ai_x --strict --no-warn-unused-configs --show-error-codes --warn-return-any --warn-unreachable --disallow-any-unimported --disallow-any-expr --disallow-any-decorated --disallow-any-explicit\nstarted_at: 2025-10-25T06:29:58.084708+00:00\nduration: 4.692s\ntool_version: mypy 1.18.2 (compiled: yes)\nstdout:\napp\\template_utils.py:47: error: Expression type contains \"Any\" (has type \"list[Any]\")  [misc]\napp\\template_utils.py:47: error: Expression type contains \"Any\" (has type \"set[Any]\")  [misc]\napp\\template_utils.py:53: error: Expression type contains \"Any\" (has type \"list[Any]\")  [misc]\napp\\template_utils.py:63: error: Expression type contains \"Any\" (has type \"set[Any]\")  [misc]\napp\\template_utils.py:63: error: Expression type contains \"Any\" (has type \"list[Any]\")  [misc]\n\u2026\nstderr:\n<empty>",
            "repo": "x_0_make_ppnw_dot_ai_x",
            "repo_path": "C:\\x_runner_x\\x_0_make_ppnw_dot_ai_x",
            "stderr_preview": null,
            "stdout_preview": "app\\template_utils.py:47: error: Expression type contains \"Any\" (has type \"list[Any]\")  [misc]\napp\\template_utils.py:47: error: Expression type contains \"Any\" (has type \"set[Any]\")  [misc]\napp\\template_utils.py:53: error: Expression type contains \"Any\" (has type \"list[Any]\")  [misc]\napp\\template_utils.py:63: error: Expression type contains \"Any\" (has type \"set[Any]\")  [misc]\napp\\template_utils.py:63: error: Expression type contains \"Any\" (has type \"list[Any]\")  [misc]\n\u2026",
            "suggested_action": "Investigate",
            "summary": "mypy failed for x_0_make_ppnw_dot_ai_x (exit 1) cwd: C:\\x_runner_x\\x_0_make_ppnw_dot_ai_x command: C:\\x_runner_x\\.venv\\Scripts\\python.exe -m mypy --package x_0_make_ppnw_dot_ai_x --strict --no-warn-unused-configs --show-error-codes --warn-\u2026",
            "tool": "mypy",
            "tool_version": "mypy 1.18.2 (compiled: yes)"
        },
        {
            "captured_at": "2025-10-25T06:29:58.081216+00:00",
            "command": "C:\\x_runner_x\\.venv\\Scripts\\python.exe -m ruff check . --select ALL --ignore D,COM812,ISC001,T20 --line-length 88 --target-version py311",
            "detail": {
                "cached": false,
                "cmd": [
                    "C:\\x_runner_x\\.venv\\Scripts\\python.exe",
                    "-m",
                    "ruff",
                    "check",
                    ".",
                    "--select",
                    "ALL",
                    "--ignore",
                    "D,COM812,ISC001,T20",
                    "--line-length",
                    "88",
                    "--target-version",
                    "py311"
                ],
                "cmd_display": "C:\\x_runner_x\\.venv\\Scripts\\python.exe -m ruff check . --select ALL --ignore D,COM812,ISC001,T20 --line-length 88 --target-version py311",
                "cwd": "C:\\x_runner_x\\x_0_make_ppnw_dot_ai_x",
                "duration_seconds": 0.13785530003951862,
                "ended_at": "2025-10-25T06:29:58.081216+00:00",
                "exit": 1,
                "failed_files": [],
                "files_checked": [
                    "app/__init__.py",
                    "app/generator_app.py",
                    "app/resources.py",
                    "app/template_utils.py"
                ],
                "repo": "x_0_make_ppnw_dot_ai_x",
                "repo_hash": "c8b9a6cb53296de1a817da66daf6a510def227b77578a7bcb3ad0bab93189c4a",
                "repo_path": "C:\\x_runner_x\\x_0_make_ppnw_dot_ai_x",
                "started_at": "2025-10-25T06:29:57.944118+00:00",
                "stderr": "",
                "stdout": "TC003 Move standard library import `collections.abc.Callable` into a type-checking block\n --> app\\generator_app.py:5:29\n  |\n3 | # pyright: reportAttributeAccessIssue=false, reportArgumentType=false\n4 | import sys\n5 | from collections.abc import Callable\n  |                             ^^^^^^^^\n6 | from datetime import UTC, datetime\n7 | from pathlib import Path\n  |\nhelp: Move into type-checking block\n\nTRY003 Avoid specifying long messages outside the exception class\n  --> app\\generator_app.py:82:19\n   |\n80 |           files = list(self.templates_root.rglob(\"*.md\"))\n81 |           if not files:\n82 |               raise FileNotFoundError(\n   |  ___________________^\n83 | |                 \"No Markdown templates found under z_ppnw_dot_ai_z/\"\n84 | |             )\n   | |_____________^\n85 |           return [str(p) for p in files]\n   |\n\nEM101 Exception must not use a string literal, assign to variable first\n  --> app\\generator_app.py:83:17\n   |\n81 |         if not files:\n82 |             raise FileNotFoundError(\n83 |                 \"No Markdown templates found under z_ppnw_dot_ai_z/\"\n   |                 ^^^^^^^^^^^^^^^^^^^^^^^^^^^^^^^^^^^^^^^^^^^^^^^^^^^^\n84 |             )\n85 |         return [str(p) for p in files]\n   |\nhelp: Assign to variable; remove string literal\n\nPGH004 Use specific rule codes when using `ruff: noqa`\n --> app\\resources.py:3:1\n  |\n1 | from __future__ import annotations\n2 |\n3 | # ruff: noqa\n  | ^^^^^^^^^^^^\n4 |\n5 | # Embedded copies of the current templates so the app can still generate\n  |\n\nTC003 Move standard library import `collections.abc.Iterable` into a type-checking block\n --> app\\template_utils.py:4:29\n  |\n3 | import re\n4 | from collections.abc import Iterable, Mapping\n  |                             ^^^^^^^^\n5 | from dataclasses import dataclass\n6 | from pathlib import Path\n  |\nhelp: Move into type-checking block\n\nTC003 Move standard library import `collections.abc.Mapping` into a type-checking block\n --> app\\template_utils.py:4:39\n  |\n3 | import re\n4 | from collections.abc import Iterable, Mapping\n  |                                       ^^^^^^^\n5 | from dataclasses import dataclass\n6 | from pathlib import Path\n  |\nhelp: Move into type-checking block\n\nFound 6 errors.\nNo fixes available (4 hidden fixes can be enabled with the `--unsafe-fixes` option).\n",
                "tool": "ruff_check",
                "tool_module": "ruff",
                "tool_version": "ruff 0.14.2"
            },
            "exit": "exit 1",
            "message": "ruff_check failed for x_0_make_ppnw_dot_ai_x (exit 1)\ncwd: C:\\x_runner_x\\x_0_make_ppnw_dot_ai_x\ncommand: C:\\x_runner_x\\.venv\\Scripts\\python.exe -m ruff check . --select ALL --ignore D,COM812,ISC001,T20 --line-length 88 --target-version py311\nstarted_at: 2025-10-25T06:29:57.944118+00:00\nduration: 0.138s\ntool_version: ruff 0.14.2\nstdout:\nTC003 Move standard library import `collections.abc.Callable` into a type-checking block\n --> app\\generator_app.py:5:29\n  |\n3 | # pyright: reportAttributeAccessIssue=false, reportArgumentType=false\n4 | import sys\n\u2026\nstderr:\n<empty>",
            "repo": "x_0_make_ppnw_dot_ai_x",
            "repo_path": "C:\\x_runner_x\\x_0_make_ppnw_dot_ai_x",
            "stderr_preview": null,
            "stdout_preview": "TC003 Move standard library import `collections.abc.Callable` into a type-checking block\n --> app\\generator_app.py:5:29\n  |\n3 | # pyright: reportAttributeAccessIssue=false, reportArgumentType=false\n4 | import sys\n\u2026",
            "suggested_action": "Investigate",
            "summary": "ruff_check failed for x_0_make_ppnw_dot_ai_x (exit 1) cwd: C:\\x_runner_x\\x_0_make_ppnw_dot_ai_x command: C:\\x_runner_x\\.venv\\Scripts\\python.exe -m ruff check . --select ALL --ignore D,COM812,ISC001,T20 --line-length 88 --target-version py3\u2026",
            "tool": "ruff_check",
            "tool_version": "ruff 0.14.2"
        },
        {
            "captured_at": "2025-10-25T06:29:56.407661+00:00",
            "command": "C:\\x_runner_x\\.venv\\Scripts\\python.exe -m ruff check . --fix --select ALL --ignore D,COM812,ISC001,T20 --line-length 88 --target-version py311",
            "detail": {
                "cached": false,
                "cmd": [
                    "C:\\x_runner_x\\.venv\\Scripts\\python.exe",
                    "-m",
                    "ruff",
                    "check",
                    ".",
                    "--fix",
                    "--select",
                    "ALL",
                    "--ignore",
                    "D,COM812,ISC001,T20",
                    "--line-length",
                    "88",
                    "--target-version",
                    "py311"
                ],
                "cmd_display": "C:\\x_runner_x\\.venv\\Scripts\\python.exe -m ruff check . --fix --select ALL --ignore D,COM812,ISC001,T20 --line-length 88 --target-version py311",
                "cwd": "C:\\x_runner_x\\x_0_make_ppnw_dot_ai_x",
                "duration_seconds": 0.1453705999883823,
                "ended_at": "2025-10-25T06:29:56.407661+00:00",
                "exit": 1,
                "failed_files": [],
                "files_checked": [
                    "app/__init__.py",
                    "app/generator_app.py",
                    "app/resources.py",
                    "app/template_utils.py"
                ],
                "repo": "x_0_make_ppnw_dot_ai_x",
                "repo_hash": "c8b9a6cb53296de1a817da66daf6a510def227b77578a7bcb3ad0bab93189c4a",
                "repo_path": "C:\\x_runner_x\\x_0_make_ppnw_dot_ai_x",
                "started_at": "2025-10-25T06:29:56.266488+00:00",
                "stderr": "",
                "stdout": "TC003 Move standard library import `collections.abc.Callable` into a type-checking block\n --> app\\generator_app.py:5:29\n  |\n3 | # pyright: reportAttributeAccessIssue=false, reportArgumentType=false\n4 | import sys\n5 | from collections.abc import Callable\n  |                             ^^^^^^^^\n6 | from datetime import UTC, datetime\n7 | from pathlib import Path\n  |\nhelp: Move into type-checking block\n\nTRY003 Avoid specifying long messages outside the exception class\n  --> app\\generator_app.py:82:19\n   |\n80 |           files = list(self.templates_root.rglob(\"*.md\"))\n81 |           if not files:\n82 |               raise FileNotFoundError(\n   |  ___________________^\n83 | |                 \"No Markdown templates found under z_ppnw_dot_ai_z/\"\n84 | |             )\n   | |_____________^\n85 |           return [str(p) for p in files]\n   |\n\nEM101 Exception must not use a string literal, assign to variable first\n  --> app\\generator_app.py:83:17\n   |\n81 |         if not files:\n82 |             raise FileNotFoundError(\n83 |                 \"No Markdown templates found under z_ppnw_dot_ai_z/\"\n   |                 ^^^^^^^^^^^^^^^^^^^^^^^^^^^^^^^^^^^^^^^^^^^^^^^^^^^^\n84 |             )\n85 |         return [str(p) for p in files]\n   |\nhelp: Assign to variable; remove string literal\n\nPGH004 Use specific rule codes when using `ruff: noqa`\n --> app\\resources.py:3:1\n  |\n1 | from __future__ import annotations\n2 |\n3 | # ruff: noqa\n  | ^^^^^^^^^^^^\n4 |\n5 | # Embedded copies of the current templates so the app can still generate\n  |\n\nTC003 Move standard library import `collections.abc.Iterable` into a type-checking block\n --> app\\template_utils.py:4:29\n  |\n3 | import re\n4 | from collections.abc import Iterable, Mapping\n  |                             ^^^^^^^^\n5 | from dataclasses import dataclass\n6 | from pathlib import Path\n  |\nhelp: Move into type-checking block\n\nTC003 Move standard library import `collections.abc.Mapping` into a type-checking block\n --> app\\template_utils.py:4:39\n  |\n3 | import re\n4 | from collections.abc import Iterable, Mapping\n  |                                       ^^^^^^^\n5 | from dataclasses import dataclass\n6 | from pathlib import Path\n  |\nhelp: Move into type-checking block\n\nFound 13 errors (7 fixed, 6 remaining).\nNo fixes available (4 hidden fixes can be enabled with the `--unsafe-fixes` option).\n",
                "tool": "ruff_fix",
                "tool_module": "ruff",
                "tool_version": "ruff 0.14.2"
            },
            "exit": "exit 1",
            "message": "ruff_fix failed for x_0_make_ppnw_dot_ai_x (exit 1)\ncwd: C:\\x_runner_x\\x_0_make_ppnw_dot_ai_x\ncommand: C:\\x_runner_x\\.venv\\Scripts\\python.exe -m ruff check . --fix --select ALL --ignore D,COM812,ISC001,T20 --line-length 88 --target-version py311\nstarted_at: 2025-10-25T06:29:56.266488+00:00\nduration: 0.145s\ntool_version: ruff 0.14.2\nstdout:\nTC003 Move standard library import `collections.abc.Callable` into a type-checking block\n --> app\\generator_app.py:5:29\n  |\n3 | # pyright: reportAttributeAccessIssue=false, reportArgumentType=false\n4 | import sys\n\u2026\nstderr:\n<empty>",
            "repo": "x_0_make_ppnw_dot_ai_x",
            "repo_path": "C:\\x_runner_x\\x_0_make_ppnw_dot_ai_x",
            "stderr_preview": null,
            "stdout_preview": "TC003 Move standard library import `collections.abc.Callable` into a type-checking block\n --> app\\generator_app.py:5:29\n  |\n3 | # pyright: reportAttributeAccessIssue=false, reportArgumentType=false\n4 | import sys\n\u2026",
            "suggested_action": "Investigate",
            "summary": "ruff_fix failed for x_0_make_ppnw_dot_ai_x (exit 1) cwd: C:\\x_runner_x\\x_0_make_ppnw_dot_ai_x command: C:\\x_runner_x\\.venv\\Scripts\\python.exe -m ruff check . --fix --select ALL --ignore D,COM812,ISC001,T20 --line-length 88 --target-version\u2026",
            "tool": "ruff_fix",
            "tool_version": "ruff 0.14.2"
        },
        {
            "captured_at": "2025-10-25T06:30:52.044693+00:00",
            "command": "C:\\x_runner_x\\.venv\\Scripts\\python.exe -m black . --line-length 88 --target-version py311 --check --diff",
            "detail": {
                "cached": false,
                "cmd": [
                    "C:\\x_runner_x\\.venv\\Scripts\\python.exe",
                    "-m",
                    "black",
                    ".",
                    "--line-length",
                    "88",
                    "--target-version",
                    "py311",
                    "--check",
                    "--diff"
                ],
                "cmd_display": "C:\\x_runner_x\\.venv\\Scripts\\python.exe -m black . --line-length 88 --target-version py311 --check --diff",
                "cwd": "C:\\x_runner_x\\x_legatus_acta_schedae_x",
                "duration_seconds": 2.297919400036335,
                "ended_at": "2025-10-25T06:30:52.044693+00:00",
                "exit": 1,
                "failed_files": [],
                "files_checked": [
                    "save.py",
                    "tests/__init__.py",
                    "tests/conftest.py",
                    "tests/test_ai_briefing_service.py",
                    "tests/test_ai_service.py",
                    "tests/test_api.py",
                    "tests/test_automation_service.py",
                    "tests/test_card_action_service.py",
                    "tests/test_cli_ai_briefing.py",
                    "tests/test_cli_collab.py",
                    "tests/test_collaboration_hub.py",
                    "tests/test_collaboration_service.py",
                    "tests/test_plugin_ai_assistant.py",
                    "tests/test_plugin_calendar_sync.py",
                    "tests/test_review_guidance_service.py",
                    "tests/test_review_service.py",
                    "tests/test_scheduler_service.py",
                    "tests/test_search_service.py",
                    "tests/test_task_service.py",
                    "tests/test_tui_controller.py",
                    "x_legatus_acta_schedae_x/__init__.py",
                    "x_legatus_acta_schedae_x/__main__.py",
                    "x_legatus_acta_schedae_x/adapters/__init__.py",
                    "x_legatus_acta_schedae_x/adapters/taskwarrior/__init__.py",
                    "x_legatus_acta_schedae_x/adapters/taskwarrior/tw_repository.py",
                    "x_legatus_acta_schedae_x/app.py",
                    "x_legatus_acta_schedae_x/core/__init__.py",
                    "x_legatus_acta_schedae_x/core/domain/__init__.py",
                    "x_legatus_acta_schedae_x/core/domain/events.py",
                    "x_legatus_acta_schedae_x/core/domain/review.py",
                    "x_legatus_acta_schedae_x/core/domain/task.py",
                    "x_legatus_acta_schedae_x/core/ports/__init__.py",
                    "x_legatus_acta_schedae_x/core/ports/review_repo.py",
                    "x_legatus_acta_schedae_x/core/ports/scheduler.py",
                    "x_legatus_acta_schedae_x/core/ports/search_index.py",
                    "x_legatus_acta_schedae_x/core/ports/task_repo.py",
                    "x_legatus_acta_schedae_x/core/services/__init__.py",
                    "x_legatus_acta_schedae_x/core/services/ai_briefing_service.py",
                    "x_legatus_acta_schedae_x/core/services/ai_service.py",
                    "x_legatus_acta_schedae_x/core/services/automation_service.py",
                    "x_legatus_acta_schedae_x/core/services/card_action_service.py",
                    "x_legatus_acta_schedae_x/core/services/collaboration_service.py",
                    "x_legatus_acta_schedae_x/core/services/plugin_bus.py",
                    "x_legatus_acta_schedae_x/core/services/review_guidance_service.py",
                    "x_legatus_acta_schedae_x/core/services/review_service.py",
                    "x_legatus_acta_schedae_x/core/services/scheduler_service.py",
                    "x_legatus_acta_schedae_x/core/services/search_service.py",
                    "x_legatus_acta_schedae_x/core/services/task_service.py",
                    "x_legatus_acta_schedae_x/cryptography/__init__.py",
                    "x_legatus_acta_schedae_x/cryptography/fernet.py",
                    "x_legatus_acta_schedae_x/cryptography/hazmat/__init__.py",
                    "x_legatus_acta_schedae_x/cryptography/hazmat/primitives/__init__.py",
                    "x_legatus_acta_schedae_x/cryptography/hazmat/primitives/hashes.py",
                    "x_legatus_acta_schedae_x/cryptography/hazmat/primitives/kdf/__init__.py",
                    "x_legatus_acta_schedae_x/cryptography/hazmat/primitives/kdf/pbkdf2.py",
                    "x_legatus_acta_schedae_x/fastapi/__init__.py",
                    "x_legatus_acta_schedae_x/fastapi/__main__.py",
                    "x_legatus_acta_schedae_x/fastapi/cli.py",
                    "x_legatus_acta_schedae_x/fastapi_cli/__init__.py",
                    "x_legatus_acta_schedae_x/fastapi_cli/cli.py",
                    "x_legatus_acta_schedae_x/httpx/__init__.py",
                    "x_legatus_acta_schedae_x/infrastructure/__init__.py",
                    "x_legatus_acta_schedae_x/infrastructure/automation/__init__.py",
                    "x_legatus_acta_schedae_x/infrastructure/automation/webhook_client.py",
                    "x_legatus_acta_schedae_x/infrastructure/collaboration/__init__.py",
                    "x_legatus_acta_schedae_x/infrastructure/collaboration/hub_client.py",
                    "x_legatus_acta_schedae_x/infrastructure/collaboration/store.py",
                    "x_legatus_acta_schedae_x/infrastructure/config.py",
                    "x_legatus_acta_schedae_x/infrastructure/di.py",
                    "x_legatus_acta_schedae_x/infrastructure/logging.py",
                    "x_legatus_acta_schedae_x/infrastructure/review/__init__.py",
                    "x_legatus_acta_schedae_x/infrastructure/review/json_repository.py",
                    "x_legatus_acta_schedae_x/infrastructure/scheduler/__init__.py",
                    "x_legatus_acta_schedae_x/infrastructure/scheduler/apscheduler_adapter.py",
                    "x_legatus_acta_schedae_x/infrastructure/scheduler/null_scheduler.py",
                    "x_legatus_acta_schedae_x/infrastructure/search/__init__.py",
                    "x_legatus_acta_schedae_x/infrastructure/search/memory_index.py",
                    "x_legatus_acta_schedae_x/infrastructure/telemetry.py",
                    "x_legatus_acta_schedae_x/interface/__init__.py",
                    "x_legatus_acta_schedae_x/interface/api/__init__.py",
                    "x_legatus_acta_schedae_x/interface/api/server.py",
                    "x_legatus_acta_schedae_x/interface/cli/__init__.py",
                    "x_legatus_acta_schedae_x/interface/cli/main.py",
                    "x_legatus_acta_schedae_x/interface/tui/__init__.py",
                    "x_legatus_acta_schedae_x/interface/tui/app.py",
                    "x_legatus_acta_schedae_x/interface/tui/controller.py",
                    "x_legatus_acta_schedae_x/plugins/__init__.py",
                    "x_legatus_acta_schedae_x/plugins/ai_assistant.py",
                    "x_legatus_acta_schedae_x/plugins/calendar_sync.py",
                    "x_legatus_acta_schedae_x/plugins/task_scoring.py",
                    "x_legatus_acta_schedae_x/tui/__init__.py",
                    "x_legatus_acta_schedae_x/tui/__main__.py",
                    "x_legatus_acta_schedae_x/typer/__init__.py",
                    "x_legatus_acta_schedae_x/typer/testing.py",
                    "x_legatus_acta_schedae_x/x_cls_legatus_acta_schedae_x.py"
                ],
                "repo": "x_legatus_acta_schedae_x",
                "repo_hash": "63363ea2bbeec7f5028154515d1f330cfde4dd6c204b410086371956f4ffbb60",
                "repo_path": "C:\\x_runner_x\\x_legatus_acta_schedae_x",
                "started_at": "2025-10-25T06:30:49.752986+00:00",
                "stderr": "would reformat C:\\x_runner_x\\x_legatus_acta_schedae_x\\x_legatus_acta_schedae_x\\interface\\cli\\main.py\n\nOh no! \\U0001f4a5 \\U0001f494 \\U0001f4a5\n1 file would be reformatted, 94 files would be left unchanged.\n",
                "stdout": "--- C:\\x_runner_x\\x_legatus_acta_schedae_x\\x_legatus_acta_schedae_x\\interface\\cli\\main.py\t2025-10-25 06:30:49.698528+00:00\n+++ C:\\x_runner_x\\x_legatus_acta_schedae_x\\x_legatus_acta_schedae_x\\interface\\cli\\main.py\t2025-10-25 06:30:51.711617+00:00\n@@ -79,15 +79,24 @@\n     cast(\"Any\", _typer_main).get_click_type = _patched_get_click_type\n \n \n _patch_typer_optional_handling()\n \n-app = cast(\"Any\", typer.Typer(name=\"x-legatus-acta\", help=\"Task orchestration CLI over Taskwarrior\"))\n-config_app = cast(\"Any\", typer.Typer(name=\"config\", help=\"Inspect and validate configuration\"))\n+app = cast(\n+    \"Any\",\n+    typer.Typer(name=\"x-legatus-acta\", help=\"Task orchestration CLI over Taskwarrior\"),\n+)\n+config_app = cast(\n+    \"Any\", typer.Typer(name=\"config\", help=\"Inspect and validate configuration\")\n+)\n tags_app = cast(\"Any\", typer.Typer(name=\"tag\", help=\"Manage task tags\"))\n-review_app = cast(\"Any\", typer.Typer(name=\"review\", help=\"Spaced repetition reviews for tasks\"))\n-automation_app = cast(\"Any\", typer.Typer(name=\"automation\", help=\"Automation webhook management\"))\n+review_app = cast(\n+    \"Any\", typer.Typer(name=\"review\", help=\"Spaced repetition reviews for tasks\")\n+)\n+automation_app = cast(\n+    \"Any\", typer.Typer(name=\"automation\", help=\"Automation webhook management\")\n+)\n \n for _cli in (app, config_app, tags_app, review_app, automation_app):\n     _cli.name = _cli.info.name\n     if not hasattr(_cli, \"main\"):\n         _cli.main = _cli\n",
                "tool": "black",
                "tool_module": "black",
                "tool_version": "python -m black, 25.9.0 (compiled: yes)\nPython (CPython) 3.12.6"
            },
            "exit": "exit 1",
            "message": "black failed for x_legatus_acta_schedae_x (exit 1)\ncwd: C:\\x_runner_x\\x_legatus_acta_schedae_x\ncommand: C:\\x_runner_x\\.venv\\Scripts\\python.exe -m black . --line-length 88 --target-version py311 --check --diff\nstarted_at: 2025-10-25T06:30:49.752986+00:00\nduration: 2.298s\ntool_version: python -m black, 25.9.0 (compiled: yes)\nPython (CPython) 3.12.6\nstdout:\n--- C:\\x_runner_x\\x_legatus_acta_schedae_x\\x_legatus_acta_schedae_x\\interface\\cli\\main.py\t2025-10-25 06:30:49.698528+00:00\n+++ C:\\x_runner_x\\x_legatus_acta_schedae_x\\x_legatus_acta_schedae_x\\interface\\cli\\main.py\t2025-10-25 06:30:51.711617+00:00\n@@ -79,15 +79,24 @@\n     cast(\"Any\", _typer_main).get_click_type = _patched_get_click_type\n \n\u2026\nstderr:\nwould reformat C:\\x_runner_x\\x_legatus_acta_schedae_x\\x_legatus_acta_schedae_x\\interface\\cli\\main.py\n\nOh no! \\U0001f4a5 \\U0001f494 \\U0001f4a5\n1 file would be reformatted, 94 files would be left unchanged.",
            "repo": "x_legatus_acta_schedae_x",
            "repo_path": "C:\\x_runner_x\\x_legatus_acta_schedae_x",
            "stderr_preview": "would reformat C:\\x_runner_x\\x_legatus_acta_schedae_x\\x_legatus_acta_schedae_x\\interface\\cli\\main.py\n\nOh no! \\U0001f4a5 \\U0001f494 \\U0001f4a5\n1 file would be reformatted, 94 files would be left unchanged.",
            "stdout_preview": "--- C:\\x_runner_x\\x_legatus_acta_schedae_x\\x_legatus_acta_schedae_x\\interface\\cli\\main.py\t2025-10-25 06:30:49.698528+00:00\n+++ C:\\x_runner_x\\x_legatus_acta_schedae_x\\x_legatus_acta_schedae_x\\interface\\cli\\main.py\t2025-10-25 06:30:51.711617+00:00\n@@ -79,15 +79,24 @@\n     cast(\"Any\", _typer_main).get_click_type = _patched_get_click_type\n \n\u2026",
            "suggested_action": "Investigate",
            "summary": "black failed for x_legatus_acta_schedae_x (exit 1) cwd: C:\\x_runner_x\\x_legatus_acta_schedae_x command: C:\\x_runner_x\\.venv\\Scripts\\python.exe -m black . --line-length 88 --target-version py311 --check --diff started_at: 2025-10-25T06:30:4\u2026",
            "tool": "black",
            "tool_version": "python -m black, 25.9.0 (compiled: yes)\nPython (CPython) 3.12.6"
        },
        {
            "captured_at": "2025-10-25T06:30:52.352721+00:00",
            "command": "C:\\x_runner_x\\.venv\\Scripts\\python.exe -m ruff check . --select ALL --ignore D,COM812,ISC001,T20 --line-length 88 --target-version py311",
            "detail": {
                "cached": false,
                "cmd": [
                    "C:\\x_runner_x\\.venv\\Scripts\\python.exe",
                    "-m",
                    "ruff",
                    "check",
                    ".",
                    "--select",
                    "ALL",
                    "--ignore",
                    "D,COM812,ISC001,T20",
                    "--line-length",
                    "88",
                    "--target-version",
                    "py311"
                ],
                "cmd_display": "C:\\x_runner_x\\.venv\\Scripts\\python.exe -m ruff check . --select ALL --ignore D,COM812,ISC001,T20 --line-length 88 --target-version py311",
                "cwd": "C:\\x_runner_x\\x_legatus_acta_schedae_x",
                "duration_seconds": 0.2984759000246413,
                "ended_at": "2025-10-25T06:30:52.352721+00:00",
                "exit": 1,
                "failed_files": [],
                "files_checked": [
                    "save.py",
                    "tests/__init__.py",
                    "tests/conftest.py",
                    "tests/test_ai_briefing_service.py",
                    "tests/test_ai_service.py",
                    "tests/test_api.py",
                    "tests/test_automation_service.py",
                    "tests/test_card_action_service.py",
                    "tests/test_cli_ai_briefing.py",
                    "tests/test_cli_collab.py",
                    "tests/test_collaboration_hub.py",
                    "tests/test_collaboration_service.py",
                    "tests/test_plugin_ai_assistant.py",
                    "tests/test_plugin_calendar_sync.py",
                    "tests/test_review_guidance_service.py",
                    "tests/test_review_service.py",
                    "tests/test_scheduler_service.py",
                    "tests/test_search_service.py",
                    "tests/test_task_service.py",
                    "tests/test_tui_controller.py",
                    "x_legatus_acta_schedae_x/__init__.py",
                    "x_legatus_acta_schedae_x/__main__.py",
                    "x_legatus_acta_schedae_x/adapters/__init__.py",
                    "x_legatus_acta_schedae_x/adapters/taskwarrior/__init__.py",
                    "x_legatus_acta_schedae_x/adapters/taskwarrior/tw_repository.py",
                    "x_legatus_acta_schedae_x/app.py",
                    "x_legatus_acta_schedae_x/core/__init__.py",
                    "x_legatus_acta_schedae_x/core/domain/__init__.py",
                    "x_legatus_acta_schedae_x/core/domain/events.py",
                    "x_legatus_acta_schedae_x/core/domain/review.py",
                    "x_legatus_acta_schedae_x/core/domain/task.py",
                    "x_legatus_acta_schedae_x/core/ports/__init__.py",
                    "x_legatus_acta_schedae_x/core/ports/review_repo.py",
                    "x_legatus_acta_schedae_x/core/ports/scheduler.py",
                    "x_legatus_acta_schedae_x/core/ports/search_index.py",
                    "x_legatus_acta_schedae_x/core/ports/task_repo.py",
                    "x_legatus_acta_schedae_x/core/services/__init__.py",
                    "x_legatus_acta_schedae_x/core/services/ai_briefing_service.py",
                    "x_legatus_acta_schedae_x/core/services/ai_service.py",
                    "x_legatus_acta_schedae_x/core/services/automation_service.py",
                    "x_legatus_acta_schedae_x/core/services/card_action_service.py",
                    "x_legatus_acta_schedae_x/core/services/collaboration_service.py",
                    "x_legatus_acta_schedae_x/core/services/plugin_bus.py",
                    "x_legatus_acta_schedae_x/core/services/review_guidance_service.py",
                    "x_legatus_acta_schedae_x/core/services/review_service.py",
                    "x_legatus_acta_schedae_x/core/services/scheduler_service.py",
                    "x_legatus_acta_schedae_x/core/services/search_service.py",
                    "x_legatus_acta_schedae_x/core/services/task_service.py",
                    "x_legatus_acta_schedae_x/cryptography/__init__.py",
                    "x_legatus_acta_schedae_x/cryptography/fernet.py",
                    "x_legatus_acta_schedae_x/cryptography/hazmat/__init__.py",
                    "x_legatus_acta_schedae_x/cryptography/hazmat/primitives/__init__.py",
                    "x_legatus_acta_schedae_x/cryptography/hazmat/primitives/hashes.py",
                    "x_legatus_acta_schedae_x/cryptography/hazmat/primitives/kdf/__init__.py",
                    "x_legatus_acta_schedae_x/cryptography/hazmat/primitives/kdf/pbkdf2.py",
                    "x_legatus_acta_schedae_x/fastapi/__init__.py",
                    "x_legatus_acta_schedae_x/fastapi/__main__.py",
                    "x_legatus_acta_schedae_x/fastapi/cli.py",
                    "x_legatus_acta_schedae_x/fastapi_cli/__init__.py",
                    "x_legatus_acta_schedae_x/fastapi_cli/cli.py",
                    "x_legatus_acta_schedae_x/httpx/__init__.py",
                    "x_legatus_acta_schedae_x/infrastructure/__init__.py",
                    "x_legatus_acta_schedae_x/infrastructure/automation/__init__.py",
                    "x_legatus_acta_schedae_x/infrastructure/automation/webhook_client.py",
                    "x_legatus_acta_schedae_x/infrastructure/collaboration/__init__.py",
                    "x_legatus_acta_schedae_x/infrastructure/collaboration/hub_client.py",
                    "x_legatus_acta_schedae_x/infrastructure/collaboration/store.py",
                    "x_legatus_acta_schedae_x/infrastructure/config.py",
                    "x_legatus_acta_schedae_x/infrastructure/di.py",
                    "x_legatus_acta_schedae_x/infrastructure/logging.py",
                    "x_legatus_acta_schedae_x/infrastructure/review/__init__.py",
                    "x_legatus_acta_schedae_x/infrastructure/review/json_repository.py",
                    "x_legatus_acta_schedae_x/infrastructure/scheduler/__init__.py",
                    "x_legatus_acta_schedae_x/infrastructure/scheduler/apscheduler_adapter.py",
                    "x_legatus_acta_schedae_x/infrastructure/scheduler/null_scheduler.py",
                    "x_legatus_acta_schedae_x/infrastructure/search/__init__.py",
                    "x_legatus_acta_schedae_x/infrastructure/search/memory_index.py",
                    "x_legatus_acta_schedae_x/infrastructure/telemetry.py",
                    "x_legatus_acta_schedae_x/interface/__init__.py",
                    "x_legatus_acta_schedae_x/interface/api/__init__.py",
                    "x_legatus_acta_schedae_x/interface/api/server.py",
                    "x_legatus_acta_schedae_x/interface/cli/__init__.py",
                    "x_legatus_acta_schedae_x/interface/cli/main.py",
                    "x_legatus_acta_schedae_x/interface/tui/__init__.py",
                    "x_legatus_acta_schedae_x/interface/tui/app.py",
                    "x_legatus_acta_schedae_x/interface/tui/controller.py",
                    "x_legatus_acta_schedae_x/plugins/__init__.py",
                    "x_legatus_acta_schedae_x/plugins/ai_assistant.py",
                    "x_legatus_acta_schedae_x/plugins/calendar_sync.py",
                    "x_legatus_acta_schedae_x/plugins/task_scoring.py",
                    "x_legatus_acta_schedae_x/tui/__init__.py",
                    "x_legatus_acta_schedae_x/tui/__main__.py",
                    "x_legatus_acta_schedae_x/typer/__init__.py",
                    "x_legatus_acta_schedae_x/typer/testing.py",
                    "x_legatus_acta_schedae_x/x_cls_legatus_acta_schedae_x.py"
                ],
                "repo": "x_legatus_acta_schedae_x",
                "repo_hash": "63363ea2bbeec7f5028154515d1f330cfde4dd6c204b410086371956f4ffbb60",
                "repo_path": "C:\\x_runner_x\\x_legatus_acta_schedae_x",
                "started_at": "2025-10-25T06:30:52.055795+00:00",
                "stderr": "",
                "stdout": "E501 Line too long (101 > 88)\n  --> x_legatus_acta_schedae_x\\interface\\cli\\main.py:84:89\n   |\n82 | _patch_typer_optional_handling()\n83 |\n84 | app = cast(\"Any\", typer.Typer(name=\"x-legatus-acta\", help=\"Task orchestration CLI over Taskwarrior\"))\n   |                                                                                         ^^^^^^^^^^^^^\n85 | config_app = cast(\"Any\", typer.Typer(name=\"config\", help=\"Inspect and validate configuration\"))\n86 | tags_app = cast(\"Any\", typer.Typer(name=\"tag\", help=\"Manage task tags\"))\n   |\n\nE501 Line too long (95 > 88)\n  --> x_legatus_acta_schedae_x\\interface\\cli\\main.py:85:89\n   |\n84 | app = cast(\"Any\", typer.Typer(name=\"x-legatus-acta\", help=\"Task orchestration CLI over Taskwarrior\"))\n85 | config_app = cast(\"Any\", typer.Typer(name=\"config\", help=\"Inspect and validate configuration\"))\n   |                                                                                         ^^^^^^^\n86 | tags_app = cast(\"Any\", typer.Typer(name=\"tag\", help=\"Manage task tags\"))\n87 | review_app = cast(\"Any\", typer.Typer(name=\"review\", help=\"Spaced repetition reviews for tasks\"))\n   |\n\nE501 Line too long (96 > 88)\n  --> x_legatus_acta_schedae_x\\interface\\cli\\main.py:87:89\n   |\n85 | config_app = cast(\"Any\", typer.Typer(name=\"config\", help=\"Inspect and validate configuration\"))\n86 | tags_app = cast(\"Any\", typer.Typer(name=\"tag\", help=\"Manage task tags\"))\n87 | review_app = cast(\"Any\", typer.Typer(name=\"review\", help=\"Spaced repetition reviews for tasks\"))\n   |                                                                                         ^^^^^^^^\n88 | automation_app = cast(\"Any\", typer.Typer(name=\"automation\", help=\"Automation webhook management\"))\n   |\n\nE501 Line too long (98 > 88)\n  --> x_legatus_acta_schedae_x\\interface\\cli\\main.py:88:89\n   |\n86 | tags_app = cast(\"Any\", typer.Typer(name=\"tag\", help=\"Manage task tags\"))\n87 | review_app = cast(\"Any\", typer.Typer(name=\"review\", help=\"Spaced repetition reviews for tasks\"))\n88 | automation_app = cast(\"Any\", typer.Typer(name=\"automation\", help=\"Automation webhook management\"))\n   |                                                                                         ^^^^^^^^^^\n89 |\n90 | for _cli in (app, config_app, tags_app, review_app, automation_app):\n   |\n\nANN401 Dynamically typed expressions (typing.Any) are disallowed in `add`\n   --> x_legatus_acta_schedae_x\\interface\\cli\\main.py:262:6\n    |\n260 |     tags: ADD_TAGS_OPTION = \"\",\n261 |     priority: ADD_PRIORITY_OPTION = None,\n262 | ) -> Any:\n    |      ^^^\n263 |     ctx = _ctx()\n264 |     due_dt = _parse_due(due)\n    |\n\nANN401 Dynamically typed expressions (typing.Any) are disallowed in `list_tasks`\n   --> x_legatus_acta_schedae_x\\interface\\cli\\main.py:286:6\n    |\n284 |     tag: LIST_TAG_OPTION = None,\n285 |     priority: LIST_PRIORITY_OPTION = None,\n286 | ) -> Any:\n    |      ^^^\n287 |     ctx = _ctx()\n288 |     tasks = list(ctx.task_service.list_tasks(status=status))\n    |\n\nANN401 Dynamically typed expressions (typing.Any) are disallowed in `search`\n   --> x_legatus_acta_schedae_x\\interface\\cli\\main.py:307:6\n    |\n305 |     tag: SEARCH_TAG_OPTION = None,\n306 |     limit: SEARCH_LIMIT_OPTION = 20,\n307 | ) -> Any:\n    |      ^^^\n308 |     ctx = _ctx()\n309 |     tags = [t for t in (tag or []) if t]\n    |\n\nANN401 Dynamically typed expressions (typing.Any) are disallowed in `complete`\n   --> x_legatus_acta_schedae_x\\interface\\cli\\main.py:335:31\n    |\n334 | @app.command()\n335 | def complete(task_id: str) -> Any:\n    |                               ^^^\n336 |     ctx = _ctx()\n337 |     task = ctx.task_service.complete_task(task_id)\n    |\n\nANN401 Dynamically typed expressions (typing.Any) are disallowed in `edit`\n   --> x_legatus_acta_schedae_x\\interface\\cli\\main.py:343:45\n    |\n342 | @app.command()\n343 | def edit(task_id: str, description: str) -> Any:\n    |                                             ^^^\n344 |     ctx = _ctx()\n345 |     task = ctx.task_service.edit_task(task_id, description)\n    |\n\nANN401 Dynamically typed expressions (typing.Any) are disallowed in `defer`\n   --> x_legatus_acta_schedae_x\\interface\\cli\\main.py:356:6\n    |\n354 |     until: DEFER_UNTIL_OPTION = None,\n355 |     days: DEFER_DAYS_OPTION = None,\n356 | ) -> Any:\n    |      ^^^\n357 |     ctx = _ctx()\n358 |     due = _parse_due(until)\n    |\n\nANN401 Dynamically typed expressions (typing.Any) are disallowed in `prioritize`\n   --> x_legatus_acta_schedae_x\\interface\\cli\\main.py:381:6\n    |\n379 |     task_id: str,\n380 |     priority: PRIORITY_ARGUMENT,\n381 | ) -> Any:\n    |      ^^^\n382 |     ctx = _ctx()\n383 |     task = ctx.task_service.prioritize_task(task_id, priority)\n    |\n\nANN401 Dynamically typed expressions (typing.Any) are disallowed in `review_queue`\n   --> x_legatus_acta_schedae_x\\interface\\cli\\main.py:394:6\n    |\n392 |     include_completed: REVIEW_INCLUDE_COMPLETED_OPTION = False,\n393 |     tag: REVIEW_TAG_OPTION = None,\n394 | ) -> Any:\n    |      ^^^\n395 |     ctx = _ctx()\n396 |     tags = [t for t in (tag or []) if t]\n    |\n\nANN401 Dynamically typed expressions (typing.Any) are disallowed in `review_focus`\n   --> x_legatus_acta_schedae_x\\interface\\cli\\main.py:441:6\n    |\n439 |     include_completed: REVIEW_FOCUS_INCLUDE_COMPLETED_OPTION = False,\n440 |     tag: REVIEW_TAG_OPTION = None,\n441 | ) -> Any:\n    |      ^^^\n442 |     ctx = _ctx()\n443 |     tags = [t for t in (tag or []) if t]\n    |\n\nANN401 Dynamically typed expressions (typing.Any) are disallowed in `review_log`\n   --> x_legatus_acta_schedae_x\\interface\\cli\\main.py:517:6\n    |\n515 |     quality: REVIEW_LOG_QUALITY_OPTION,\n516 |     reviewed_at: REVIEW_LOG_REVIEWED_AT_OPTION = None,\n517 | ) -> Any:\n    |      ^^^\n518 |     ctx = _ctx()\n519 |     reviewed_time = _parse_due(reviewed_at)\n    |\n\nANN401 Dynamically typed expressions (typing.Any) are disallowed in `review_suspend`\n   --> x_legatus_acta_schedae_x\\interface\\cli\\main.py:544:6\n    |\n542 |     *,\n543 |     suspend: REVIEW_SUSPEND_OPTION = True,\n544 | ) -> Any:\n    |      ^^^\n545 |     ctx = _ctx()\n546 |     record = ctx.review_service.suspend(task_id, suspended=suspend)\n    |\n\nANN401 Dynamically typed expressions (typing.Any) are disallowed in `tag_add`\n   --> x_legatus_acta_schedae_x\\interface\\cli\\main.py:560:6\n    |\n558 |     task_id: str,\n559 |     tags: TAG_ADD_ARGUMENT,\n560 | ) -> Any:\n    |      ^^^\n561 |     ctx = _ctx()\n562 |     task = ctx.task_service.add_tags(task_id, tags)\n    |\n\nANN401 Dynamically typed expressions (typing.Any) are disallowed in `tag_remove`\n   --> x_legatus_acta_schedae_x\\interface\\cli\\main.py:571:6\n    |\n569 |     task_id: str,\n570 |     tags: TAG_REMOVE_ARGUMENT,\n571 | ) -> Any:\n    |      ^^^\n572 |     ctx = _ctx()\n573 |     task = ctx.task_service.remove_tags(task_id, tags)\n    |\n\nANN401 Dynamically typed expressions (typing.Any) are disallowed in `tag_set`\n   --> x_legatus_acta_schedae_x\\interface\\cli\\main.py:582:6\n    |\n580 |     task_id: str,\n581 |     tags: TAG_SET_ARGUMENT,\n582 | ) -> Any:\n    |      ^^^\n583 |     ctx = _ctx()\n584 |     task = ctx.task_service.set_tags(task_id, tags)\n    |\n\nANN401 Dynamically typed expressions (typing.Any) are disallowed in `config_show`\n   --> x_legatus_acta_schedae_x\\interface\\cli\\main.py:590:22\n    |\n589 | @config_app.command(\"show\")\n590 | def config_show() -> Any:\n    |                      ^^^\n591 |     ctx = _ctx()\n592 |     cfg = ctx.config\n    |\n\nANN401 Dynamically typed expressions (typing.Any) are disallowed in `config_doctor`\n   --> x_legatus_acta_schedae_x\\interface\\cli\\main.py:614:24\n    |\n613 | @config_app.command(\"doctor\")\n614 | def config_doctor() -> Any:\n    |                        ^^^\n615 |     ctx = _ctx()\n616 |     cfg = ctx.config\n    |\n\nANN401 Dynamically typed expressions (typing.Any) are disallowed in `automation_endpoints`\n   --> x_legatus_acta_schedae_x\\interface\\cli\\main.py:639:31\n    |\n638 | @automation_app.command(\"endpoints\")\n639 | def automation_endpoints() -> Any:\n    |                               ^^^\n640 |     ctx = _ctx()\n641 |     endpoints = ctx.config.automation_webhooks\n    |\n\nFound 21 errors.\n",
                "tool": "ruff_check",
                "tool_module": "ruff",
                "tool_version": "ruff 0.14.2"
            },
            "exit": "exit 1",
            "message": "ruff_check failed for x_legatus_acta_schedae_x (exit 1)\ncwd: C:\\x_runner_x\\x_legatus_acta_schedae_x\ncommand: C:\\x_runner_x\\.venv\\Scripts\\python.exe -m ruff check . --select ALL --ignore D,COM812,ISC001,T20 --line-length 88 --target-version py311\nstarted_at: 2025-10-25T06:30:52.055795+00:00\nduration: 0.298s\ntool_version: ruff 0.14.2\nstdout:\nE501 Line too long (101 > 88)\n  --> x_legatus_acta_schedae_x\\interface\\cli\\main.py:84:89\n   |\n82 | _patch_typer_optional_handling()\n83 |\n\u2026\nstderr:\n<empty>",
            "repo": "x_legatus_acta_schedae_x",
            "repo_path": "C:\\x_runner_x\\x_legatus_acta_schedae_x",
            "stderr_preview": null,
            "stdout_preview": "E501 Line too long (101 > 88)\n  --> x_legatus_acta_schedae_x\\interface\\cli\\main.py:84:89\n   |\n82 | _patch_typer_optional_handling()\n83 |\n\u2026",
            "suggested_action": "Investigate",
            "summary": "ruff_check failed for x_legatus_acta_schedae_x (exit 1) cwd: C:\\x_runner_x\\x_legatus_acta_schedae_x command: C:\\x_runner_x\\.venv\\Scripts\\python.exe -m ruff check . --select ALL --ignore D,COM812,ISC001,T20 --line-length 88 --target-version\u2026",
            "tool": "ruff_check",
            "tool_version": "ruff 0.14.2"
        },
        {
            "captured_at": "2025-10-25T06:30:49.738546+00:00",
            "command": "C:\\x_runner_x\\.venv\\Scripts\\python.exe -m ruff check . --fix --select ALL --ignore D,COM812,ISC001,T20 --line-length 88 --target-version py311",
            "detail": {
                "cached": false,
                "cmd": [
                    "C:\\x_runner_x\\.venv\\Scripts\\python.exe",
                    "-m",
                    "ruff",
                    "check",
                    ".",
                    "--fix",
                    "--select",
                    "ALL",
                    "--ignore",
                    "D,COM812,ISC001,T20",
                    "--line-length",
                    "88",
                    "--target-version",
                    "py311"
                ],
                "cmd_display": "C:\\x_runner_x\\.venv\\Scripts\\python.exe -m ruff check . --fix --select ALL --ignore D,COM812,ISC001,T20 --line-length 88 --target-version py311",
                "cwd": "C:\\x_runner_x\\x_legatus_acta_schedae_x",
                "duration_seconds": 0.21440029999939725,
                "ended_at": "2025-10-25T06:30:49.738546+00:00",
                "exit": 1,
                "failed_files": [],
                "files_checked": [
                    "save.py",
                    "tests/__init__.py",
                    "tests/conftest.py",
                    "tests/test_ai_briefing_service.py",
                    "tests/test_ai_service.py",
                    "tests/test_api.py",
                    "tests/test_automation_service.py",
                    "tests/test_card_action_service.py",
                    "tests/test_cli_ai_briefing.py",
                    "tests/test_cli_collab.py",
                    "tests/test_collaboration_hub.py",
                    "tests/test_collaboration_service.py",
                    "tests/test_plugin_ai_assistant.py",
                    "tests/test_plugin_calendar_sync.py",
                    "tests/test_review_guidance_service.py",
                    "tests/test_review_service.py",
                    "tests/test_scheduler_service.py",
                    "tests/test_search_service.py",
                    "tests/test_task_service.py",
                    "tests/test_tui_controller.py",
                    "x_legatus_acta_schedae_x/__init__.py",
                    "x_legatus_acta_schedae_x/__main__.py",
                    "x_legatus_acta_schedae_x/adapters/__init__.py",
                    "x_legatus_acta_schedae_x/adapters/taskwarrior/__init__.py",
                    "x_legatus_acta_schedae_x/adapters/taskwarrior/tw_repository.py",
                    "x_legatus_acta_schedae_x/app.py",
                    "x_legatus_acta_schedae_x/core/__init__.py",
                    "x_legatus_acta_schedae_x/core/domain/__init__.py",
                    "x_legatus_acta_schedae_x/core/domain/events.py",
                    "x_legatus_acta_schedae_x/core/domain/review.py",
                    "x_legatus_acta_schedae_x/core/domain/task.py",
                    "x_legatus_acta_schedae_x/core/ports/__init__.py",
                    "x_legatus_acta_schedae_x/core/ports/review_repo.py",
                    "x_legatus_acta_schedae_x/core/ports/scheduler.py",
                    "x_legatus_acta_schedae_x/core/ports/search_index.py",
                    "x_legatus_acta_schedae_x/core/ports/task_repo.py",
                    "x_legatus_acta_schedae_x/core/services/__init__.py",
                    "x_legatus_acta_schedae_x/core/services/ai_briefing_service.py",
                    "x_legatus_acta_schedae_x/core/services/ai_service.py",
                    "x_legatus_acta_schedae_x/core/services/automation_service.py",
                    "x_legatus_acta_schedae_x/core/services/card_action_service.py",
                    "x_legatus_acta_schedae_x/core/services/collaboration_service.py",
                    "x_legatus_acta_schedae_x/core/services/plugin_bus.py",
                    "x_legatus_acta_schedae_x/core/services/review_guidance_service.py",
                    "x_legatus_acta_schedae_x/core/services/review_service.py",
                    "x_legatus_acta_schedae_x/core/services/scheduler_service.py",
                    "x_legatus_acta_schedae_x/core/services/search_service.py",
                    "x_legatus_acta_schedae_x/core/services/task_service.py",
                    "x_legatus_acta_schedae_x/cryptography/__init__.py",
                    "x_legatus_acta_schedae_x/cryptography/fernet.py",
                    "x_legatus_acta_schedae_x/cryptography/hazmat/__init__.py",
                    "x_legatus_acta_schedae_x/cryptography/hazmat/primitives/__init__.py",
                    "x_legatus_acta_schedae_x/cryptography/hazmat/primitives/hashes.py",
                    "x_legatus_acta_schedae_x/cryptography/hazmat/primitives/kdf/__init__.py",
                    "x_legatus_acta_schedae_x/cryptography/hazmat/primitives/kdf/pbkdf2.py",
                    "x_legatus_acta_schedae_x/fastapi/__init__.py",
                    "x_legatus_acta_schedae_x/fastapi/__main__.py",
                    "x_legatus_acta_schedae_x/fastapi/cli.py",
                    "x_legatus_acta_schedae_x/fastapi_cli/__init__.py",
                    "x_legatus_acta_schedae_x/fastapi_cli/cli.py",
                    "x_legatus_acta_schedae_x/httpx/__init__.py",
                    "x_legatus_acta_schedae_x/infrastructure/__init__.py",
                    "x_legatus_acta_schedae_x/infrastructure/automation/__init__.py",
                    "x_legatus_acta_schedae_x/infrastructure/automation/webhook_client.py",
                    "x_legatus_acta_schedae_x/infrastructure/collaboration/__init__.py",
                    "x_legatus_acta_schedae_x/infrastructure/collaboration/hub_client.py",
                    "x_legatus_acta_schedae_x/infrastructure/collaboration/store.py",
                    "x_legatus_acta_schedae_x/infrastructure/config.py",
                    "x_legatus_acta_schedae_x/infrastructure/di.py",
                    "x_legatus_acta_schedae_x/infrastructure/logging.py",
                    "x_legatus_acta_schedae_x/infrastructure/review/__init__.py",
                    "x_legatus_acta_schedae_x/infrastructure/review/json_repository.py",
                    "x_legatus_acta_schedae_x/infrastructure/scheduler/__init__.py",
                    "x_legatus_acta_schedae_x/infrastructure/scheduler/apscheduler_adapter.py",
                    "x_legatus_acta_schedae_x/infrastructure/scheduler/null_scheduler.py",
                    "x_legatus_acta_schedae_x/infrastructure/search/__init__.py",
                    "x_legatus_acta_schedae_x/infrastructure/search/memory_index.py",
                    "x_legatus_acta_schedae_x/infrastructure/telemetry.py",
                    "x_legatus_acta_schedae_x/interface/__init__.py",
                    "x_legatus_acta_schedae_x/interface/api/__init__.py",
                    "x_legatus_acta_schedae_x/interface/api/server.py",
                    "x_legatus_acta_schedae_x/interface/cli/__init__.py",
                    "x_legatus_acta_schedae_x/interface/cli/main.py",
                    "x_legatus_acta_schedae_x/interface/tui/__init__.py",
                    "x_legatus_acta_schedae_x/interface/tui/app.py",
                    "x_legatus_acta_schedae_x/interface/tui/controller.py",
                    "x_legatus_acta_schedae_x/plugins/__init__.py",
                    "x_legatus_acta_schedae_x/plugins/ai_assistant.py",
                    "x_legatus_acta_schedae_x/plugins/calendar_sync.py",
                    "x_legatus_acta_schedae_x/plugins/task_scoring.py",
                    "x_legatus_acta_schedae_x/tui/__init__.py",
                    "x_legatus_acta_schedae_x/tui/__main__.py",
                    "x_legatus_acta_schedae_x/typer/__init__.py",
                    "x_legatus_acta_schedae_x/typer/testing.py",
                    "x_legatus_acta_schedae_x/x_cls_legatus_acta_schedae_x.py"
                ],
                "repo": "x_legatus_acta_schedae_x",
                "repo_hash": "63363ea2bbeec7f5028154515d1f330cfde4dd6c204b410086371956f4ffbb60",
                "repo_path": "C:\\x_runner_x\\x_legatus_acta_schedae_x",
                "started_at": "2025-10-25T06:30:49.522205+00:00",
                "stderr": "",
                "stdout": "E501 Line too long (101 > 88)\n  --> x_legatus_acta_schedae_x\\interface\\cli\\main.py:84:89\n   |\n82 | _patch_typer_optional_handling()\n83 |\n84 | app = cast(\"Any\", typer.Typer(name=\"x-legatus-acta\", help=\"Task orchestration CLI over Taskwarrior\"))\n   |                                                                                         ^^^^^^^^^^^^^\n85 | config_app = cast(\"Any\", typer.Typer(name=\"config\", help=\"Inspect and validate configuration\"))\n86 | tags_app = cast(\"Any\", typer.Typer(name=\"tag\", help=\"Manage task tags\"))\n   |\n\nE501 Line too long (95 > 88)\n  --> x_legatus_acta_schedae_x\\interface\\cli\\main.py:85:89\n   |\n84 | app = cast(\"Any\", typer.Typer(name=\"x-legatus-acta\", help=\"Task orchestration CLI over Taskwarrior\"))\n85 | config_app = cast(\"Any\", typer.Typer(name=\"config\", help=\"Inspect and validate configuration\"))\n   |                                                                                         ^^^^^^^\n86 | tags_app = cast(\"Any\", typer.Typer(name=\"tag\", help=\"Manage task tags\"))\n87 | review_app = cast(\"Any\", typer.Typer(name=\"review\", help=\"Spaced repetition reviews for tasks\"))\n   |\n\nE501 Line too long (96 > 88)\n  --> x_legatus_acta_schedae_x\\interface\\cli\\main.py:87:89\n   |\n85 | config_app = cast(\"Any\", typer.Typer(name=\"config\", help=\"Inspect and validate configuration\"))\n86 | tags_app = cast(\"Any\", typer.Typer(name=\"tag\", help=\"Manage task tags\"))\n87 | review_app = cast(\"Any\", typer.Typer(name=\"review\", help=\"Spaced repetition reviews for tasks\"))\n   |                                                                                         ^^^^^^^^\n88 | automation_app = cast(\"Any\", typer.Typer(name=\"automation\", help=\"Automation webhook management\"))\n   |\n\nE501 Line too long (98 > 88)\n  --> x_legatus_acta_schedae_x\\interface\\cli\\main.py:88:89\n   |\n86 | tags_app = cast(\"Any\", typer.Typer(name=\"tag\", help=\"Manage task tags\"))\n87 | review_app = cast(\"Any\", typer.Typer(name=\"review\", help=\"Spaced repetition reviews for tasks\"))\n88 | automation_app = cast(\"Any\", typer.Typer(name=\"automation\", help=\"Automation webhook management\"))\n   |                                                                                         ^^^^^^^^^^\n89 |\n90 | for _cli in (app, config_app, tags_app, review_app, automation_app):\n   |\n\nANN401 Dynamically typed expressions (typing.Any) are disallowed in `add`\n   --> x_legatus_acta_schedae_x\\interface\\cli\\main.py:262:6\n    |\n260 |     tags: ADD_TAGS_OPTION = \"\",\n261 |     priority: ADD_PRIORITY_OPTION = None,\n262 | ) -> Any:\n    |      ^^^\n263 |     ctx = _ctx()\n264 |     due_dt = _parse_due(due)\n    |\n\nANN401 Dynamically typed expressions (typing.Any) are disallowed in `list_tasks`\n   --> x_legatus_acta_schedae_x\\interface\\cli\\main.py:286:6\n    |\n284 |     tag: LIST_TAG_OPTION = None,\n285 |     priority: LIST_PRIORITY_OPTION = None,\n286 | ) -> Any:\n    |      ^^^\n287 |     ctx = _ctx()\n288 |     tasks = list(ctx.task_service.list_tasks(status=status))\n    |\n\nANN401 Dynamically typed expressions (typing.Any) are disallowed in `search`\n   --> x_legatus_acta_schedae_x\\interface\\cli\\main.py:307:6\n    |\n305 |     tag: SEARCH_TAG_OPTION = None,\n306 |     limit: SEARCH_LIMIT_OPTION = 20,\n307 | ) -> Any:\n    |      ^^^\n308 |     ctx = _ctx()\n309 |     tags = [t for t in (tag or []) if t]\n    |\n\nANN401 Dynamically typed expressions (typing.Any) are disallowed in `complete`\n   --> x_legatus_acta_schedae_x\\interface\\cli\\main.py:335:31\n    |\n334 | @app.command()\n335 | def complete(task_id: str) -> Any:\n    |                               ^^^\n336 |     ctx = _ctx()\n337 |     task = ctx.task_service.complete_task(task_id)\n    |\n\nANN401 Dynamically typed expressions (typing.Any) are disallowed in `edit`\n   --> x_legatus_acta_schedae_x\\interface\\cli\\main.py:343:45\n    |\n342 | @app.command()\n343 | def edit(task_id: str, description: str) -> Any:\n    |                                             ^^^\n344 |     ctx = _ctx()\n345 |     task = ctx.task_service.edit_task(task_id, description)\n    |\n\nANN401 Dynamically typed expressions (typing.Any) are disallowed in `defer`\n   --> x_legatus_acta_schedae_x\\interface\\cli\\main.py:356:6\n    |\n354 |     until: DEFER_UNTIL_OPTION = None,\n355 |     days: DEFER_DAYS_OPTION = None,\n356 | ) -> Any:\n    |      ^^^\n357 |     ctx = _ctx()\n358 |     due = _parse_due(until)\n    |\n\nANN401 Dynamically typed expressions (typing.Any) are disallowed in `prioritize`\n   --> x_legatus_acta_schedae_x\\interface\\cli\\main.py:381:6\n    |\n379 |     task_id: str,\n380 |     priority: PRIORITY_ARGUMENT,\n381 | ) -> Any:\n    |      ^^^\n382 |     ctx = _ctx()\n383 |     task = ctx.task_service.prioritize_task(task_id, priority)\n    |\n\nANN401 Dynamically typed expressions (typing.Any) are disallowed in `review_queue`\n   --> x_legatus_acta_schedae_x\\interface\\cli\\main.py:394:6\n    |\n392 |     include_completed: REVIEW_INCLUDE_COMPLETED_OPTION = False,\n393 |     tag: REVIEW_TAG_OPTION = None,\n394 | ) -> Any:\n    |      ^^^\n395 |     ctx = _ctx()\n396 |     tags = [t for t in (tag or []) if t]\n    |\n\nANN401 Dynamically typed expressions (typing.Any) are disallowed in `review_focus`\n   --> x_legatus_acta_schedae_x\\interface\\cli\\main.py:441:6\n    |\n439 |     include_completed: REVIEW_FOCUS_INCLUDE_COMPLETED_OPTION = False,\n440 |     tag: REVIEW_TAG_OPTION = None,\n441 | ) -> Any:\n    |      ^^^\n442 |     ctx = _ctx()\n443 |     tags = [t for t in (tag or []) if t]\n    |\n\nANN401 Dynamically typed expressions (typing.Any) are disallowed in `review_log`\n   --> x_legatus_acta_schedae_x\\interface\\cli\\main.py:517:6\n    |\n515 |     quality: REVIEW_LOG_QUALITY_OPTION,\n516 |     reviewed_at: REVIEW_LOG_REVIEWED_AT_OPTION = None,\n517 | ) -> Any:\n    |      ^^^\n518 |     ctx = _ctx()\n519 |     reviewed_time = _parse_due(reviewed_at)\n    |\n\nANN401 Dynamically typed expressions (typing.Any) are disallowed in `review_suspend`\n   --> x_legatus_acta_schedae_x\\interface\\cli\\main.py:544:6\n    |\n542 |     *,\n543 |     suspend: REVIEW_SUSPEND_OPTION = True,\n544 | ) -> Any:\n    |      ^^^\n545 |     ctx = _ctx()\n546 |     record = ctx.review_service.suspend(task_id, suspended=suspend)\n    |\n\nANN401 Dynamically typed expressions (typing.Any) are disallowed in `tag_add`\n   --> x_legatus_acta_schedae_x\\interface\\cli\\main.py:560:6\n    |\n558 |     task_id: str,\n559 |     tags: TAG_ADD_ARGUMENT,\n560 | ) -> Any:\n    |      ^^^\n561 |     ctx = _ctx()\n562 |     task = ctx.task_service.add_tags(task_id, tags)\n    |\n\nANN401 Dynamically typed expressions (typing.Any) are disallowed in `tag_remove`\n   --> x_legatus_acta_schedae_x\\interface\\cli\\main.py:571:6\n    |\n569 |     task_id: str,\n570 |     tags: TAG_REMOVE_ARGUMENT,\n571 | ) -> Any:\n    |      ^^^\n572 |     ctx = _ctx()\n573 |     task = ctx.task_service.remove_tags(task_id, tags)\n    |\n\nANN401 Dynamically typed expressions (typing.Any) are disallowed in `tag_set`\n   --> x_legatus_acta_schedae_x\\interface\\cli\\main.py:582:6\n    |\n580 |     task_id: str,\n581 |     tags: TAG_SET_ARGUMENT,\n582 | ) -> Any:\n    |      ^^^\n583 |     ctx = _ctx()\n584 |     task = ctx.task_service.set_tags(task_id, tags)\n    |\n\nANN401 Dynamically typed expressions (typing.Any) are disallowed in `config_show`\n   --> x_legatus_acta_schedae_x\\interface\\cli\\main.py:590:22\n    |\n589 | @config_app.command(\"show\")\n590 | def config_show() -> Any:\n    |                      ^^^\n591 |     ctx = _ctx()\n592 |     cfg = ctx.config\n    |\n\nANN401 Dynamically typed expressions (typing.Any) are disallowed in `config_doctor`\n   --> x_legatus_acta_schedae_x\\interface\\cli\\main.py:614:24\n    |\n613 | @config_app.command(\"doctor\")\n614 | def config_doctor() -> Any:\n    |                        ^^^\n615 |     ctx = _ctx()\n616 |     cfg = ctx.config\n    |\n\nANN401 Dynamically typed expressions (typing.Any) are disallowed in `automation_endpoints`\n   --> x_legatus_acta_schedae_x\\interface\\cli\\main.py:639:31\n    |\n638 | @automation_app.command(\"endpoints\")\n639 | def automation_endpoints() -> Any:\n    |                               ^^^\n640 |     ctx = _ctx()\n641 |     endpoints = ctx.config.automation_webhooks\n    |\n\nFound 31 errors (10 fixed, 21 remaining).\n",
                "tool": "ruff_fix",
                "tool_module": "ruff",
                "tool_version": "ruff 0.14.2"
            },
            "exit": "exit 1",
            "message": "ruff_fix failed for x_legatus_acta_schedae_x (exit 1)\ncwd: C:\\x_runner_x\\x_legatus_acta_schedae_x\ncommand: C:\\x_runner_x\\.venv\\Scripts\\python.exe -m ruff check . --fix --select ALL --ignore D,COM812,ISC001,T20 --line-length 88 --target-version py311\nstarted_at: 2025-10-25T06:30:49.522205+00:00\nduration: 0.214s\ntool_version: ruff 0.14.2\nstdout:\nE501 Line too long (101 > 88)\n  --> x_legatus_acta_schedae_x\\interface\\cli\\main.py:84:89\n   |\n82 | _patch_typer_optional_handling()\n83 |\n\u2026\nstderr:\n<empty>",
            "repo": "x_legatus_acta_schedae_x",
            "repo_path": "C:\\x_runner_x\\x_legatus_acta_schedae_x",
            "stderr_preview": null,
            "stdout_preview": "E501 Line too long (101 > 88)\n  --> x_legatus_acta_schedae_x\\interface\\cli\\main.py:84:89\n   |\n82 | _patch_typer_optional_handling()\n83 |\n\u2026",
            "suggested_action": "Investigate",
            "summary": "ruff_fix failed for x_legatus_acta_schedae_x (exit 1) cwd: C:\\x_runner_x\\x_legatus_acta_schedae_x command: C:\\x_runner_x\\.venv\\Scripts\\python.exe -m ruff check . --fix --select ALL --ignore D,COM812,ISC001,T20 --line-length 88 --target-ver\u2026",
            "tool": "ruff_fix",
            "tool_version": "ruff 0.14.2"
        },
        {
            "captured_at": "2025-10-25T06:31:44.402639+00:00",
            "command": "C:\\x_runner_x\\.venv\\Scripts\\python.exe -m mypy --package x_make_github_clones_x --strict --no-warn-unused-configs --show-error-codes --warn-return-any --warn-unreachable --disallow-any-unimported --disallow-any-expr --disallow-any-decorated --disallow-any-explicit",
            "detail": {
                "cached": false,
                "cmd": [
                    "C:\\x_runner_x\\.venv\\Scripts\\python.exe",
                    "-m",
                    "mypy",
                    "--package",
                    "x_make_github_clones_x",
                    "--strict",
                    "--no-warn-unused-configs",
                    "--show-error-codes",
                    "--warn-return-any",
                    "--warn-unreachable",
                    "--disallow-any-unimported",
                    "--disallow-any-expr",
                    "--disallow-any-decorated",
                    "--disallow-any-explicit"
                ],
                "cmd_display": "C:\\x_runner_x\\.venv\\Scripts\\python.exe -m mypy --package x_make_github_clones_x --strict --no-warn-unused-configs --show-error-codes --warn-return-any --warn-unreachable --disallow-any-unimported --disallow-any-expr --disallow-any-decorated --disallow-any-explicit",
                "cwd": "C:\\x_runner_x\\x_make_github_clones_x",
                "duration_seconds": 0.7730709000024945,
                "ended_at": "2025-10-25T06:31:44.402639+00:00",
                "exit": 1,
                "failed_files": [],
                "files_checked": [
                    "__init__.py",
                    "fastapi/__init__.py",
                    "fastapi/__main__.py",
                    "fastapi/cli.py",
                    "fastapi_cli/__init__.py",
                    "fastapi_cli/cli.py",
                    "json_contracts/__init__.py",
                    "json_contracts/_impl.py",
                    "tests/__init__.py",
                    "tests/test_json_contracts.py",
                    "tests/test_make_github_clones.py",
                    "x_cls_make_github_clones_x.py",
                    "x_make_github_clones_x/__init__.py",
                    "x_make_github_clones_x/x_cls_make_github_clones_x.py"
                ],
                "repo": "x_make_github_clones_x",
                "repo_hash": "57e152e22fd1fa23f0c59002dba0924869534eb029d160ecc56ea36b0b528e62",
                "repo_path": "C:\\x_runner_x\\x_make_github_clones_x",
                "started_at": "2025-10-25T06:31:43.629501+00:00",
                "stderr": "",
                "stdout": "x_make_github_clones_x\\x_cls_make_github_clones_x.py:13: error: Module \"x_make_github_clones_x.x_cls_make_github_clones_x\" has no attribute \"RepoRecord\"  [attr-defined]\nx_make_github_clones_x\\x_cls_make_github_clones_x.py:16: error: Module \"x_make_github_clones_x.x_cls_make_github_clones_x\" has no attribute \"main_json\"  [attr-defined]\nx_make_github_clones_x\\x_cls_make_github_clones_x.py:17: error: Module \"x_make_github_clones_x.x_cls_make_github_clones_x\" has no attribute \"resolve_workspace_root\"  [attr-defined]\nx_make_github_clones_x\\x_cls_make_github_clones_x.py:20: error: Module \"x_make_github_clones_x.x_cls_make_github_clones_x\" has no attribute \"synchronize_workspace\"  [attr-defined]\nx_make_github_clones_x\\x_cls_make_github_clones_x.py:23: error: Module \"x_make_github_clones_x.x_cls_make_github_clones_x\" has no attribute \"x_cls_make_github_clones_x\"  [attr-defined]\nx_make_github_clones_x\\x_cls_make_github_clones_x.py:30: error: Expression type contains \"Any\" (has type \"dict[str, Any]\")  [misc]\nx_make_github_clones_x\\x_cls_make_github_clones_x.py:30: error: Expression has type \"Any\"  [misc]\nx_make_github_clones_x\\x_cls_make_github_clones_x.py:31: error: Expression type contains \"Any\" (has type \"dict[str, Any]\")  [misc]\nx_make_github_clones_x\\x_cls_make_github_clones_x.py:31: error: Expression has type \"Any\"  [misc]\nx_make_github_clones_x\\x_cls_make_github_clones_x.py:32: error: Expression type contains \"Any\" (has type \"dict[str, Any]\")  [misc]\nx_make_github_clones_x\\x_cls_make_github_clones_x.py:32: error: Expression has type \"Any\"  [misc]\nx_make_github_clones_x\\x_cls_make_github_clones_x.py:33: error: Expression type contains \"Any\" (has type \"dict[str, Any]\")  [misc]\nx_make_github_clones_x\\x_cls_make_github_clones_x.py:33: error: Expression has type \"Any\"  [misc]\nx_make_github_clones_x\\x_cls_make_github_clones_x.py:34: error: Expression type contains \"Any\" (has type \"dict[str, Any]\")  [misc]\nx_make_github_clones_x\\x_cls_make_github_clones_x.py:34: error: Expression has type \"Any\"  [misc]\nFound 15 errors in 1 file (checked 2 source files)\n",
                "tool": "mypy",
                "tool_module": "mypy",
                "tool_version": "mypy 1.18.2 (compiled: yes)"
            },
            "exit": "exit 1",
            "message": "mypy failed for x_make_github_clones_x (exit 1)\ncwd: C:\\x_runner_x\\x_make_github_clones_x\ncommand: C:\\x_runner_x\\.venv\\Scripts\\python.exe -m mypy --package x_make_github_clones_x --strict --no-warn-unused-configs --show-error-codes --warn-return-any --warn-unreachable --disallow-any-unimported --disallow-any-expr --disallow-any-decorated --disallow-any-explicit\nstarted_at: 2025-10-25T06:31:43.629501+00:00\nduration: 0.773s\ntool_version: mypy 1.18.2 (compiled: yes)\nstdout:\nx_make_github_clones_x\\x_cls_make_github_clones_x.py:13: error: Module \"x_make_github_clones_x.x_cls_make_github_clones_x\" has no attribute \"RepoRecord\"  [attr-defined]\nx_make_github_clones_x\\x_cls_make_github_clones_x.py:16: error: Module \"x_make_github_clones_x.x_cls_make_github_clones_x\" has no attribute \"main_json\"  [attr-defined]\nx_make_github_clones_x\\x_cls_make_github_clones_x.py:17: error: Module \"x_make_github_clones_x.x_cls_make_github_clones_x\" has no attribute \"resolve_workspace_root\"  [attr-defined]\nx_make_github_clones_x\\x_cls_make_github_clones_x.py:20: error: Module \"x_make_github_clones_x.x_cls_make_github_clones_x\" has no attribute \"synchronize_workspace\"  [attr-defined]\nx_make_github_clones_x\\x_cls_make_github_clones_x.py:23: error: Module \"x_make_github_clones_x.x_cls_make_github_clones_x\" has no attribute \"x_cls_make_github_clones_x\"  [attr-defined]\n\u2026\nstderr:\n<empty>",
            "repo": "x_make_github_clones_x",
            "repo_path": "C:\\x_runner_x\\x_make_github_clones_x",
            "stderr_preview": null,
            "stdout_preview": "x_make_github_clones_x\\x_cls_make_github_clones_x.py:13: error: Module \"x_make_github_clones_x.x_cls_make_github_clones_x\" has no attribute \"RepoRecord\"  [attr-defined]\nx_make_github_clones_x\\x_cls_make_github_clones_x.py:16: error: Module \"x_make_github_clones_x.x_cls_make_github_clones_x\" has no attribute \"main_json\"  [attr-defined]\nx_make_github_clones_x\\x_cls_make_github_clones_x.py:17: error: Module \"x_make_github_clones_x.x_cls_make_github_clones_x\" has no attribute \"resolve_workspace_root\"  [attr-defined]\nx_make_github_clones_x\\x_cls_make_github_clones_x.py:20: error: Module \"x_make_github_clones_x.x_cls_make_github_clones_x\" has no attribute \"synchronize_workspace\"  [attr-defined]\nx_make_github_clones_x\\x_cls_make_github_clones_x.py:23: error: Module \"x_make_github_clones_x.x_cls_make_github_clones_x\" has no attribute \"x_cls_make_github_clones_x\"  [attr-defined]\n\u2026",
            "suggested_action": "Investigate",
            "summary": "mypy failed for x_make_github_clones_x (exit 1) cwd: C:\\x_runner_x\\x_make_github_clones_x command: C:\\x_runner_x\\.venv\\Scripts\\python.exe -m mypy --package x_make_github_clones_x --strict --no-warn-unused-configs --show-error-codes --warn-\u2026",
            "tool": "mypy",
            "tool_version": "mypy 1.18.2 (compiled: yes)"
        },
        {
            "captured_at": "2025-10-25T06:31:43.625866+00:00",
            "command": "C:\\x_runner_x\\.venv\\Scripts\\python.exe -m ruff check . --select ALL --ignore D,COM812,ISC001,T20 --line-length 88 --target-version py311",
            "detail": {
                "cached": false,
                "cmd": [
                    "C:\\x_runner_x\\.venv\\Scripts\\python.exe",
                    "-m",
                    "ruff",
                    "check",
                    ".",
                    "--select",
                    "ALL",
                    "--ignore",
                    "D,COM812,ISC001,T20",
                    "--line-length",
                    "88",
                    "--target-version",
                    "py311"
                ],
                "cmd_display": "C:\\x_runner_x\\.venv\\Scripts\\python.exe -m ruff check . --select ALL --ignore D,COM812,ISC001,T20 --line-length 88 --target-version py311",
                "cwd": "C:\\x_runner_x\\x_make_github_clones_x",
                "duration_seconds": 0.1377652999944985,
                "ended_at": "2025-10-25T06:31:43.625866+00:00",
                "exit": 1,
                "failed_files": [],
                "files_checked": [
                    "__init__.py",
                    "fastapi/__init__.py",
                    "fastapi/__main__.py",
                    "fastapi/cli.py",
                    "fastapi_cli/__init__.py",
                    "fastapi_cli/cli.py",
                    "json_contracts/__init__.py",
                    "json_contracts/_impl.py",
                    "tests/__init__.py",
                    "tests/test_json_contracts.py",
                    "tests/test_make_github_clones.py",
                    "x_cls_make_github_clones_x.py",
                    "x_make_github_clones_x/__init__.py",
                    "x_make_github_clones_x/x_cls_make_github_clones_x.py"
                ],
                "repo": "x_make_github_clones_x",
                "repo_hash": "57e152e22fd1fa23f0c59002dba0924869534eb029d160ecc56ea36b0b528e62",
                "repo_path": "C:\\x_runner_x\\x_make_github_clones_x",
                "started_at": "2025-10-25T06:31:43.487349+00:00",
                "stderr": "",
                "stdout": "PLC0414 Import alias does not rename original package\n  --> x_make_github_clones_x\\x_cls_make_github_clones_x.py:14:9\n   |\n12 | if TYPE_CHECKING:  # static type checkers see precise symbols\n13 |     from x_make_github_clones_x.x_cls_make_github_clones_x import (\n14 |         RepoRecord as RepoRecord,\n   |         ^^^^^^^^^^^^^^^^^^^^^^^^\n15 |     )\n16 |     from x_make_github_clones_x.x_cls_make_github_clones_x import main_json as main_json\n   |\nhelp: Remove import alias\n\nTC004 Move import `x_make_github_clones_x.x_cls_make_github_clones_x.RepoRecord` out of type-checking block. Import is used for more than type hinting.\n  --> x_make_github_clones_x\\x_cls_make_github_clones_x.py:14:23\n   |\n12 | if TYPE_CHECKING:  # static type checkers see precise symbols\n13 |     from x_make_github_clones_x.x_cls_make_github_clones_x import (\n14 |         RepoRecord as RepoRecord,\n   |                       ^^^^^^^^^^\n15 |     )\n16 |     from x_make_github_clones_x.x_cls_make_github_clones_x import main_json as main_json\n   |\nhelp: Move out of type-checking block\n\nPLC0414 Import alias does not rename original package\n  --> x_make_github_clones_x\\x_cls_make_github_clones_x.py:16:67\n   |\n14 |         RepoRecord as RepoRecord,\n15 |     )\n16 |     from x_make_github_clones_x.x_cls_make_github_clones_x import main_json as main_json\n   |                                                                   ^^^^^^^^^^^^^^^^^^^^^^\n17 |     from x_make_github_clones_x.x_cls_make_github_clones_x import (\n18 |         resolve_workspace_root as resolve_workspace_root,\n   |\nhelp: Remove import alias\n\nTC004 Move import `x_make_github_clones_x.x_cls_make_github_clones_x.main_json` out of type-checking block. Import is used for more than type hinting.\n  --> x_make_github_clones_x\\x_cls_make_github_clones_x.py:16:80\n   |\n14 |         RepoRecord as RepoRecord,\n15 |     )\n16 |     from x_make_github_clones_x.x_cls_make_github_clones_x import main_json as main_json\n   |                                                                                ^^^^^^^^^\n17 |     from x_make_github_clones_x.x_cls_make_github_clones_x import (\n18 |         resolve_workspace_root as resolve_workspace_root,\n   |\nhelp: Move out of type-checking block\n\nPLC0414 Import alias does not rename original package\n  --> x_make_github_clones_x\\x_cls_make_github_clones_x.py:18:9\n   |\n16 |     from x_make_github_clones_x.x_cls_make_github_clones_x import main_json as main_json\n17 |     from x_make_github_clones_x.x_cls_make_github_clones_x import (\n18 |         resolve_workspace_root as resolve_workspace_root,\n   |         ^^^^^^^^^^^^^^^^^^^^^^^^^^^^^^^^^^^^^^^^^^^^^^^^\n19 |     )\n20 |     from x_make_github_clones_x.x_cls_make_github_clones_x import (\n   |\nhelp: Remove import alias\n\nTC004 Move import `x_make_github_clones_x.x_cls_make_github_clones_x.resolve_workspace_root` out of type-checking block. Import is used for more than type hinting.\n  --> x_make_github_clones_x\\x_cls_make_github_clones_x.py:18:35\n   |\n16 |     from x_make_github_clones_x.x_cls_make_github_clones_x import main_json as main_json\n17 |     from x_make_github_clones_x.x_cls_make_github_clones_x import (\n18 |         resolve_workspace_root as resolve_workspace_root,\n   |                                   ^^^^^^^^^^^^^^^^^^^^^^\n19 |     )\n20 |     from x_make_github_clones_x.x_cls_make_github_clones_x import (\n   |\nhelp: Move out of type-checking block\n\nPLC0414 Import alias does not rename original package\n  --> x_make_github_clones_x\\x_cls_make_github_clones_x.py:21:9\n   |\n19 |     )\n20 |     from x_make_github_clones_x.x_cls_make_github_clones_x import (\n21 |         synchronize_workspace as synchronize_workspace,\n   |         ^^^^^^^^^^^^^^^^^^^^^^^^^^^^^^^^^^^^^^^^^^^^^^\n22 |     )\n23 |     from x_make_github_clones_x.x_cls_make_github_clones_x import (\n   |\nhelp: Remove import alias\n\nTC004 Move import `x_make_github_clones_x.x_cls_make_github_clones_x.synchronize_workspace` out of type-checking block. Import is used for more than type hinting.\n  --> x_make_github_clones_x\\x_cls_make_github_clones_x.py:21:34\n   |\n19 |     )\n20 |     from x_make_github_clones_x.x_cls_make_github_clones_x import (\n21 |         synchronize_workspace as synchronize_workspace,\n   |                                  ^^^^^^^^^^^^^^^^^^^^^\n22 |     )\n23 |     from x_make_github_clones_x.x_cls_make_github_clones_x import (\n   |\nhelp: Move out of type-checking block\n\nPLC0414 Import alias does not rename original package\n  --> x_make_github_clones_x\\x_cls_make_github_clones_x.py:24:9\n   |\n22 |     )\n23 |     from x_make_github_clones_x.x_cls_make_github_clones_x import (\n24 |         x_cls_make_github_clones_x as x_cls_make_github_clones_x,\n   |         ^^^^^^^^^^^^^^^^^^^^^^^^^^^^^^^^^^^^^^^^^^^^^^^^^^^^^^^^\n25 |     )\n   |\nhelp: Remove import alias\n\nTC004 Move import `x_make_github_clones_x.x_cls_make_github_clones_x.x_cls_make_github_clones_x` out of type-checking block. Import is used for more than type hinting.\n  --> x_make_github_clones_x\\x_cls_make_github_clones_x.py:24:39\n   |\n22 |     )\n23 |     from x_make_github_clones_x.x_cls_make_github_clones_x import (\n24 |         x_cls_make_github_clones_x as x_cls_make_github_clones_x,\n   |                                       ^^^^^^^^^^^^^^^^^^^^^^^^^^\n25 |     )\n   |\nhelp: Move out of type-checking block\n\nFound 10 errors.\nNo fixes available (10 hidden fixes can be enabled with the `--unsafe-fixes` option).\n",
                "tool": "ruff_check",
                "tool_module": "ruff",
                "tool_version": "ruff 0.14.2"
            },
            "exit": "exit 1",
            "message": "ruff_check failed for x_make_github_clones_x (exit 1)\ncwd: C:\\x_runner_x\\x_make_github_clones_x\ncommand: C:\\x_runner_x\\.venv\\Scripts\\python.exe -m ruff check . --select ALL --ignore D,COM812,ISC001,T20 --line-length 88 --target-version py311\nstarted_at: 2025-10-25T06:31:43.487349+00:00\nduration: 0.138s\ntool_version: ruff 0.14.2\nstdout:\nPLC0414 Import alias does not rename original package\n  --> x_make_github_clones_x\\x_cls_make_github_clones_x.py:14:9\n   |\n12 | if TYPE_CHECKING:  # static type checkers see precise symbols\n13 |     from x_make_github_clones_x.x_cls_make_github_clones_x import (\n\u2026\nstderr:\n<empty>",
            "repo": "x_make_github_clones_x",
            "repo_path": "C:\\x_runner_x\\x_make_github_clones_x",
            "stderr_preview": null,
            "stdout_preview": "PLC0414 Import alias does not rename original package\n  --> x_make_github_clones_x\\x_cls_make_github_clones_x.py:14:9\n   |\n12 | if TYPE_CHECKING:  # static type checkers see precise symbols\n13 |     from x_make_github_clones_x.x_cls_make_github_clones_x import (\n\u2026",
            "suggested_action": "Investigate",
            "summary": "ruff_check failed for x_make_github_clones_x (exit 1) cwd: C:\\x_runner_x\\x_make_github_clones_x command: C:\\x_runner_x\\.venv\\Scripts\\python.exe -m ruff check . --select ALL --ignore D,COM812,ISC001,T20 --line-length 88 --target-version py3\u2026",
            "tool": "ruff_check",
            "tool_version": "ruff 0.14.2"
        },
        {
            "captured_at": "2025-10-25T06:31:41.898006+00:00",
            "command": "C:\\x_runner_x\\.venv\\Scripts\\python.exe -m ruff check . --fix --select ALL --ignore D,COM812,ISC001,T20 --line-length 88 --target-version py311",
            "detail": {
                "cached": false,
                "cmd": [
                    "C:\\x_runner_x\\.venv\\Scripts\\python.exe",
                    "-m",
                    "ruff",
                    "check",
                    ".",
                    "--fix",
                    "--select",
                    "ALL",
                    "--ignore",
                    "D,COM812,ISC001,T20",
                    "--line-length",
                    "88",
                    "--target-version",
                    "py311"
                ],
                "cmd_display": "C:\\x_runner_x\\.venv\\Scripts\\python.exe -m ruff check . --fix --select ALL --ignore D,COM812,ISC001,T20 --line-length 88 --target-version py311",
                "cwd": "C:\\x_runner_x\\x_make_github_clones_x",
                "duration_seconds": 0.24679020000621676,
                "ended_at": "2025-10-25T06:31:41.898006+00:00",
                "exit": 1,
                "failed_files": [],
                "files_checked": [
                    "__init__.py",
                    "fastapi/__init__.py",
                    "fastapi/__main__.py",
                    "fastapi/cli.py",
                    "fastapi_cli/__init__.py",
                    "fastapi_cli/cli.py",
                    "json_contracts/__init__.py",
                    "json_contracts/_impl.py",
                    "tests/__init__.py",
                    "tests/test_json_contracts.py",
                    "tests/test_make_github_clones.py",
                    "x_cls_make_github_clones_x.py",
                    "x_make_github_clones_x/__init__.py",
                    "x_make_github_clones_x/x_cls_make_github_clones_x.py"
                ],
                "repo": "x_make_github_clones_x",
                "repo_hash": "57e152e22fd1fa23f0c59002dba0924869534eb029d160ecc56ea36b0b528e62",
                "repo_path": "C:\\x_runner_x\\x_make_github_clones_x",
                "started_at": "2025-10-25T06:31:41.649545+00:00",
                "stderr": "",
                "stdout": "PLC0414 Import alias does not rename original package\n  --> x_make_github_clones_x\\x_cls_make_github_clones_x.py:14:9\n   |\n12 | if TYPE_CHECKING:  # static type checkers see precise symbols\n13 |     from x_make_github_clones_x.x_cls_make_github_clones_x import (\n14 |         RepoRecord as RepoRecord,\n   |         ^^^^^^^^^^^^^^^^^^^^^^^^\n15 |     )\n16 |     from x_make_github_clones_x.x_cls_make_github_clones_x import main_json as main_json\n   |\nhelp: Remove import alias\n\nTC004 Move import `x_make_github_clones_x.x_cls_make_github_clones_x.RepoRecord` out of type-checking block. Import is used for more than type hinting.\n  --> x_make_github_clones_x\\x_cls_make_github_clones_x.py:14:23\n   |\n12 | if TYPE_CHECKING:  # static type checkers see precise symbols\n13 |     from x_make_github_clones_x.x_cls_make_github_clones_x import (\n14 |         RepoRecord as RepoRecord,\n   |                       ^^^^^^^^^^\n15 |     )\n16 |     from x_make_github_clones_x.x_cls_make_github_clones_x import main_json as main_json\n   |\nhelp: Move out of type-checking block\n\nPLC0414 Import alias does not rename original package\n  --> x_make_github_clones_x\\x_cls_make_github_clones_x.py:16:67\n   |\n14 |         RepoRecord as RepoRecord,\n15 |     )\n16 |     from x_make_github_clones_x.x_cls_make_github_clones_x import main_json as main_json\n   |                                                                   ^^^^^^^^^^^^^^^^^^^^^^\n17 |     from x_make_github_clones_x.x_cls_make_github_clones_x import (\n18 |         resolve_workspace_root as resolve_workspace_root,\n   |\nhelp: Remove import alias\n\nTC004 Move import `x_make_github_clones_x.x_cls_make_github_clones_x.main_json` out of type-checking block. Import is used for more than type hinting.\n  --> x_make_github_clones_x\\x_cls_make_github_clones_x.py:16:80\n   |\n14 |         RepoRecord as RepoRecord,\n15 |     )\n16 |     from x_make_github_clones_x.x_cls_make_github_clones_x import main_json as main_json\n   |                                                                                ^^^^^^^^^\n17 |     from x_make_github_clones_x.x_cls_make_github_clones_x import (\n18 |         resolve_workspace_root as resolve_workspace_root,\n   |\nhelp: Move out of type-checking block\n\nPLC0414 Import alias does not rename original package\n  --> x_make_github_clones_x\\x_cls_make_github_clones_x.py:18:9\n   |\n16 |     from x_make_github_clones_x.x_cls_make_github_clones_x import main_json as main_json\n17 |     from x_make_github_clones_x.x_cls_make_github_clones_x import (\n18 |         resolve_workspace_root as resolve_workspace_root,\n   |         ^^^^^^^^^^^^^^^^^^^^^^^^^^^^^^^^^^^^^^^^^^^^^^^^\n19 |     )\n20 |     from x_make_github_clones_x.x_cls_make_github_clones_x import (\n   |\nhelp: Remove import alias\n\nTC004 Move import `x_make_github_clones_x.x_cls_make_github_clones_x.resolve_workspace_root` out of type-checking block. Import is used for more than type hinting.\n  --> x_make_github_clones_x\\x_cls_make_github_clones_x.py:18:35\n   |\n16 |     from x_make_github_clones_x.x_cls_make_github_clones_x import main_json as main_json\n17 |     from x_make_github_clones_x.x_cls_make_github_clones_x import (\n18 |         resolve_workspace_root as resolve_workspace_root,\n   |                                   ^^^^^^^^^^^^^^^^^^^^^^\n19 |     )\n20 |     from x_make_github_clones_x.x_cls_make_github_clones_x import (\n   |\nhelp: Move out of type-checking block\n\nPLC0414 Import alias does not rename original package\n  --> x_make_github_clones_x\\x_cls_make_github_clones_x.py:21:9\n   |\n19 |     )\n20 |     from x_make_github_clones_x.x_cls_make_github_clones_x import (\n21 |         synchronize_workspace as synchronize_workspace,\n   |         ^^^^^^^^^^^^^^^^^^^^^^^^^^^^^^^^^^^^^^^^^^^^^^\n22 |     )\n23 |     from x_make_github_clones_x.x_cls_make_github_clones_x import (\n   |\nhelp: Remove import alias\n\nTC004 Move import `x_make_github_clones_x.x_cls_make_github_clones_x.synchronize_workspace` out of type-checking block. Import is used for more than type hinting.\n  --> x_make_github_clones_x\\x_cls_make_github_clones_x.py:21:34\n   |\n19 |     )\n20 |     from x_make_github_clones_x.x_cls_make_github_clones_x import (\n21 |         synchronize_workspace as synchronize_workspace,\n   |                                  ^^^^^^^^^^^^^^^^^^^^^\n22 |     )\n23 |     from x_make_github_clones_x.x_cls_make_github_clones_x import (\n   |\nhelp: Move out of type-checking block\n\nPLC0414 Import alias does not rename original package\n  --> x_make_github_clones_x\\x_cls_make_github_clones_x.py:24:9\n   |\n22 |     )\n23 |     from x_make_github_clones_x.x_cls_make_github_clones_x import (\n24 |         x_cls_make_github_clones_x as x_cls_make_github_clones_x,\n   |         ^^^^^^^^^^^^^^^^^^^^^^^^^^^^^^^^^^^^^^^^^^^^^^^^^^^^^^^^\n25 |     )\n   |\nhelp: Remove import alias\n\nTC004 Move import `x_make_github_clones_x.x_cls_make_github_clones_x.x_cls_make_github_clones_x` out of type-checking block. Import is used for more than type hinting.\n  --> x_make_github_clones_x\\x_cls_make_github_clones_x.py:24:39\n   |\n22 |     )\n23 |     from x_make_github_clones_x.x_cls_make_github_clones_x import (\n24 |         x_cls_make_github_clones_x as x_cls_make_github_clones_x,\n   |                                       ^^^^^^^^^^^^^^^^^^^^^^^^^^\n25 |     )\n   |\nhelp: Move out of type-checking block\n\nFound 10 errors.\nNo fixes available (10 hidden fixes can be enabled with the `--unsafe-fixes` option).\n",
                "tool": "ruff_fix",
                "tool_module": "ruff",
                "tool_version": "ruff 0.14.2"
            },
            "exit": "exit 1",
            "message": "ruff_fix failed for x_make_github_clones_x (exit 1)\ncwd: C:\\x_runner_x\\x_make_github_clones_x\ncommand: C:\\x_runner_x\\.venv\\Scripts\\python.exe -m ruff check . --fix --select ALL --ignore D,COM812,ISC001,T20 --line-length 88 --target-version py311\nstarted_at: 2025-10-25T06:31:41.649545+00:00\nduration: 0.247s\ntool_version: ruff 0.14.2\nstdout:\nPLC0414 Import alias does not rename original package\n  --> x_make_github_clones_x\\x_cls_make_github_clones_x.py:14:9\n   |\n12 | if TYPE_CHECKING:  # static type checkers see precise symbols\n13 |     from x_make_github_clones_x.x_cls_make_github_clones_x import (\n\u2026\nstderr:\n<empty>",
            "repo": "x_make_github_clones_x",
            "repo_path": "C:\\x_runner_x\\x_make_github_clones_x",
            "stderr_preview": null,
            "stdout_preview": "PLC0414 Import alias does not rename original package\n  --> x_make_github_clones_x\\x_cls_make_github_clones_x.py:14:9\n   |\n12 | if TYPE_CHECKING:  # static type checkers see precise symbols\n13 |     from x_make_github_clones_x.x_cls_make_github_clones_x import (\n\u2026",
            "suggested_action": "Investigate",
            "summary": "ruff_fix failed for x_make_github_clones_x (exit 1) cwd: C:\\x_runner_x\\x_make_github_clones_x command: C:\\x_runner_x\\.venv\\Scripts\\python.exe -m ruff check . --fix --select ALL --ignore D,COM812,ISC001,T20 --line-length 88 --target-version\u2026",
            "tool": "ruff_fix",
            "tool_version": "ruff 0.14.2"
        },
        {
            "captured_at": "2025-10-25T06:32:14.307875+00:00",
            "command": "C:\\x_runner_x\\.venv\\Scripts\\python.exe -m mypy --package x_make_github_visitor_x --strict --no-warn-unused-configs --show-error-codes --warn-return-any --warn-unreachable --disallow-any-unimported --disallow-any-expr --disallow-any-decorated --disallow-any-explicit",
            "detail": {
                "cached": false,
                "cmd": [
                    "C:\\x_runner_x\\.venv\\Scripts\\python.exe",
                    "-m",
                    "mypy",
                    "--package",
                    "x_make_github_visitor_x",
                    "--strict",
                    "--no-warn-unused-configs",
                    "--show-error-codes",
                    "--warn-return-any",
                    "--warn-unreachable",
                    "--disallow-any-unimported",
                    "--disallow-any-expr",
                    "--disallow-any-decorated",
                    "--disallow-any-explicit"
                ],
                "cmd_display": "C:\\x_runner_x\\.venv\\Scripts\\python.exe -m mypy --package x_make_github_visitor_x --strict --no-warn-unused-configs --show-error-codes --warn-return-any --warn-unreachable --disallow-any-unimported --disallow-any-expr --disallow-any-decorated --disallow-any-explicit",
                "cwd": "C:\\x_runner_x\\x_make_github_visitor_x",
                "duration_seconds": 1.1737814999651164,
                "ended_at": "2025-10-25T06:32:14.307875+00:00",
                "exit": 1,
                "failed_files": [],
                "files_checked": [
                    "__init__.py",
                    "inspection_flow.py",
                    "json_contracts.py",
                    "run_external.py",
                    "run_visitor_no_cache.py",
                    "runner.py",
                    "tests/__init__.py",
                    "tests/test_github_visitor.py",
                    "tests/test_json_contracts.py",
                    "x_cls_make_github_visitor_x.py"
                ],
                "repo": "x_make_github_visitor_x",
                "repo_hash": "76034a446bd7d0b8c5955f8a0a7a4f0a4d2aac2e8110895e3b3541c920eff109",
                "repo_path": "C:\\x_runner_x\\x_make_github_visitor_x",
                "started_at": "2025-10-25T06:32:13.133396+00:00",
                "stderr": "",
                "stdout": "runner.py:944: error: Redundant cast to \"CompletedProcess[str]\"  [redundant-cast]\nrunner.py:959: error: Expression has type \"Any\"  [misc]\nFound 2 errors in 1 file (checked 13 source files)\n",
                "tool": "mypy",
                "tool_module": "mypy",
                "tool_version": "mypy 1.18.2 (compiled: yes)"
            },
            "exit": "exit 1",
            "message": "mypy failed for x_make_github_visitor_x (exit 1)\ncwd: C:\\x_runner_x\\x_make_github_visitor_x\ncommand: C:\\x_runner_x\\.venv\\Scripts\\python.exe -m mypy --package x_make_github_visitor_x --strict --no-warn-unused-configs --show-error-codes --warn-return-any --warn-unreachable --disallow-any-unimported --disallow-any-expr --disallow-any-decorated --disallow-any-explicit\nstarted_at: 2025-10-25T06:32:13.133396+00:00\nduration: 1.174s\ntool_version: mypy 1.18.2 (compiled: yes)\nstdout:\nrunner.py:944: error: Redundant cast to \"CompletedProcess[str]\"  [redundant-cast]\nrunner.py:959: error: Expression has type \"Any\"  [misc]\nFound 2 errors in 1 file (checked 13 source files)\nstderr:\n<empty>",
            "repo": "x_make_github_visitor_x",
            "repo_path": "C:\\x_runner_x\\x_make_github_visitor_x",
            "stderr_preview": null,
            "stdout_preview": "runner.py:944: error: Redundant cast to \"CompletedProcess[str]\"  [redundant-cast]\nrunner.py:959: error: Expression has type \"Any\"  [misc]\nFound 2 errors in 1 file (checked 13 source files)",
            "suggested_action": "Investigate",
            "summary": "mypy failed for x_make_github_visitor_x (exit 1) cwd: C:\\x_runner_x\\x_make_github_visitor_x command: C:\\x_runner_x\\.venv\\Scripts\\python.exe -m mypy --package x_make_github_visitor_x --strict --no-warn-unused-configs --show-error-codes --wa\u2026",
            "tool": "mypy",
            "tool_version": "mypy 1.18.2 (compiled: yes)"
        },
        {
            "captured_at": "2025-10-25T06:32:51.355000+00:00",
            "command": "C:\\x_runner_x\\.venv\\Scripts\\python.exe -m mypy --package x_make_markdown_x --strict --no-warn-unused-configs --show-error-codes --warn-return-any --warn-unreachable --disallow-any-unimported --disallow-any-expr --disallow-any-decorated --disallow-any-explicit",
            "detail": {
                "cached": false,
                "cmd": [
                    "C:\\x_runner_x\\.venv\\Scripts\\python.exe",
                    "-m",
                    "mypy",
                    "--package",
                    "x_make_markdown_x",
                    "--strict",
                    "--no-warn-unused-configs",
                    "--show-error-codes",
                    "--warn-return-any",
                    "--warn-unreachable",
                    "--disallow-any-unimported",
                    "--disallow-any-expr",
                    "--disallow-any-decorated",
                    "--disallow-any-explicit"
                ],
                "cmd_display": "C:\\x_runner_x\\.venv\\Scripts\\python.exe -m mypy --package x_make_markdown_x --strict --no-warn-unused-configs --show-error-codes --warn-return-any --warn-unreachable --disallow-any-unimported --disallow-any-expr --disallow-any-decorated --disallow-any-explicit",
                "cwd": "C:\\x_runner_x\\x_make_markdown_x",
                "duration_seconds": 0.9224412000039592,
                "ended_at": "2025-10-25T06:32:51.355000+00:00",
                "exit": 1,
                "failed_files": [],
                "files_checked": [
                    "__init__.py",
                    "json_contracts/__init__.py",
                    "tests/__init__.py",
                    "tests/test_json_contracts.py",
                    "tests/test_markdown_builder.py",
                    "x_cls_make_markdown_x.py"
                ],
                "repo": "x_make_markdown_x",
                "repo_hash": "8a418135eec5717fe80e636c524d3d1592d8f21050d84f3b4bbbf7dc1a531092",
                "repo_path": "C:\\x_runner_x\\x_make_markdown_x",
                "started_at": "2025-10-25T06:32:50.445343+00:00",
                "stderr": "",
                "stdout": "tests\\test_json_contracts.py:26: error: Expression has type \"Any\"  [misc]\ntests\\test_json_contracts.py:27: error: Expression has type \"Any\"  [misc]\nFound 2 errors in 1 file (checked 12 source files)\n",
                "tool": "mypy",
                "tool_module": "mypy",
                "tool_version": "mypy 1.18.2 (compiled: yes)"
            },
            "exit": "exit 1",
            "message": "mypy failed for x_make_markdown_x (exit 1)\ncwd: C:\\x_runner_x\\x_make_markdown_x\ncommand: C:\\x_runner_x\\.venv\\Scripts\\python.exe -m mypy --package x_make_markdown_x --strict --no-warn-unused-configs --show-error-codes --warn-return-any --warn-unreachable --disallow-any-unimported --disallow-any-expr --disallow-any-decorated --disallow-any-explicit\nstarted_at: 2025-10-25T06:32:50.445343+00:00\nduration: 0.922s\ntool_version: mypy 1.18.2 (compiled: yes)\nstdout:\ntests\\test_json_contracts.py:26: error: Expression has type \"Any\"  [misc]\ntests\\test_json_contracts.py:27: error: Expression has type \"Any\"  [misc]\nFound 2 errors in 1 file (checked 12 source files)\nstderr:\n<empty>",
            "repo": "x_make_markdown_x",
            "repo_path": "C:\\x_runner_x\\x_make_markdown_x",
            "stderr_preview": null,
            "stdout_preview": "tests\\test_json_contracts.py:26: error: Expression has type \"Any\"  [misc]\ntests\\test_json_contracts.py:27: error: Expression has type \"Any\"  [misc]\nFound 2 errors in 1 file (checked 12 source files)",
            "suggested_action": "Investigate",
            "summary": "mypy failed for x_make_markdown_x (exit 1) cwd: C:\\x_runner_x\\x_make_markdown_x command: C:\\x_runner_x\\.venv\\Scripts\\python.exe -m mypy --package x_make_markdown_x --strict --no-warn-unused-configs --show-error-codes --warn-return-any --wa\u2026",
            "tool": "mypy",
            "tool_version": "mypy 1.18.2 (compiled: yes)"
        },
        {
            "captured_at": "2025-10-25T06:33:11.811403+00:00",
            "command": "C:\\x_runner_x\\.venv\\Scripts\\python.exe -m mypy --package x_make_mermaid_x --strict --no-warn-unused-configs --show-error-codes --warn-return-any --warn-unreachable --disallow-any-unimported --disallow-any-expr --disallow-any-decorated --disallow-any-explicit",
            "detail": {
                "cached": false,
                "cmd": [
                    "C:\\x_runner_x\\.venv\\Scripts\\python.exe",
                    "-m",
                    "mypy",
                    "--package",
                    "x_make_mermaid_x",
                    "--strict",
                    "--no-warn-unused-configs",
                    "--show-error-codes",
                    "--warn-return-any",
                    "--warn-unreachable",
                    "--disallow-any-unimported",
                    "--disallow-any-expr",
                    "--disallow-any-decorated",
                    "--disallow-any-explicit"
                ],
                "cmd_display": "C:\\x_runner_x\\.venv\\Scripts\\python.exe -m mypy --package x_make_mermaid_x --strict --no-warn-unused-configs --show-error-codes --warn-return-any --warn-unreachable --disallow-any-unimported --disallow-any-expr --disallow-any-decorated --disallow-any-explicit",
                "cwd": "C:\\x_runner_x\\x_make_mermaid_x",
                "duration_seconds": 1.0708810000214726,
                "ended_at": "2025-10-25T06:33:11.811403+00:00",
                "exit": 1,
                "failed_files": [],
                "files_checked": [
                    "__init__.py",
                    "json_contracts/__init__.py",
                    "tests/__init__.py",
                    "tests/test_json_contracts.py",
                    "tests/test_mermaid_builder.py",
                    "x_cls_make_mermaid_x.py"
                ],
                "repo": "x_make_mermaid_x",
                "repo_hash": "3ddd27d5ab64fcaa6d685a2a60e43b114fa7e82304ea5a167c511d144014e710",
                "repo_path": "C:\\x_runner_x\\x_make_mermaid_x",
                "started_at": "2025-10-25T06:33:10.743761+00:00",
                "stderr": "",
                "stdout": "x_cls_make_mermaid_x.py:1550: error: Expression has type \"Any\"  [misc]\nx_cls_make_mermaid_x.py:1553: error: Expression has type \"Any\"  [misc]\nx_cls_make_mermaid_x.py:1553: error: Expression type contains \"Any\" (has type \"Any | None\")  [misc]\ntests\\test_json_contracts.py:28: error: Expression has type \"Any\"  [misc]\ntests\\test_json_contracts.py:29: error: Expression has type \"Any\"  [misc]\ntests\\test_json_contracts.py:139: error: Expression type contains \"Any\" (has type \"Any | bool\")  [misc]\ntests\\test_json_contracts.py:140: error: Expression type contains \"Any\" (has type \"Any | bool\")  [misc]\ntests\\test_json_contracts.py:141: error: Expression type contains \"Any\" (has type \"Any | bool\")  [misc]\nFound 8 errors in 2 files (checked 8 source files)\n",
                "tool": "mypy",
                "tool_module": "mypy",
                "tool_version": "mypy 1.18.2 (compiled: yes)"
            },
            "exit": "exit 1",
            "message": "mypy failed for x_make_mermaid_x (exit 1)\ncwd: C:\\x_runner_x\\x_make_mermaid_x\ncommand: C:\\x_runner_x\\.venv\\Scripts\\python.exe -m mypy --package x_make_mermaid_x --strict --no-warn-unused-configs --show-error-codes --warn-return-any --warn-unreachable --disallow-any-unimported --disallow-any-expr --disallow-any-decorated --disallow-any-explicit\nstarted_at: 2025-10-25T06:33:10.743761+00:00\nduration: 1.071s\ntool_version: mypy 1.18.2 (compiled: yes)\nstdout:\nx_cls_make_mermaid_x.py:1550: error: Expression has type \"Any\"  [misc]\nx_cls_make_mermaid_x.py:1553: error: Expression has type \"Any\"  [misc]\nx_cls_make_mermaid_x.py:1553: error: Expression type contains \"Any\" (has type \"Any | None\")  [misc]\ntests\\test_json_contracts.py:28: error: Expression has type \"Any\"  [misc]\ntests\\test_json_contracts.py:29: error: Expression has type \"Any\"  [misc]\n\u2026\nstderr:\n<empty>",
            "repo": "x_make_mermaid_x",
            "repo_path": "C:\\x_runner_x\\x_make_mermaid_x",
            "stderr_preview": null,
            "stdout_preview": "x_cls_make_mermaid_x.py:1550: error: Expression has type \"Any\"  [misc]\nx_cls_make_mermaid_x.py:1553: error: Expression has type \"Any\"  [misc]\nx_cls_make_mermaid_x.py:1553: error: Expression type contains \"Any\" (has type \"Any | None\")  [misc]\ntests\\test_json_contracts.py:28: error: Expression has type \"Any\"  [misc]\ntests\\test_json_contracts.py:29: error: Expression has type \"Any\"  [misc]\n\u2026",
            "suggested_action": "Investigate",
            "summary": "mypy failed for x_make_mermaid_x (exit 1) cwd: C:\\x_runner_x\\x_make_mermaid_x command: C:\\x_runner_x\\.venv\\Scripts\\python.exe -m mypy --package x_make_mermaid_x --strict --no-warn-unused-configs --show-error-codes --warn-return-any --warn-\u2026",
            "tool": "mypy",
            "tool_version": "mypy 1.18.2 (compiled: yes)"
        },
        {
            "captured_at": "2025-10-25T06:33:32.895750+00:00",
            "command": "C:\\x_runner_x\\.venv\\Scripts\\python.exe -m mypy --package x_make_persistent_env_var_x --strict --no-warn-unused-configs --show-error-codes --warn-return-any --warn-unreachable --disallow-any-unimported --disallow-any-expr --disallow-any-decorated --disallow-any-explicit",
            "detail": {
                "cached": false,
                "cmd": [
                    "C:\\x_runner_x\\.venv\\Scripts\\python.exe",
                    "-m",
                    "mypy",
                    "--package",
                    "x_make_persistent_env_var_x",
                    "--strict",
                    "--no-warn-unused-configs",
                    "--show-error-codes",
                    "--warn-return-any",
                    "--warn-unreachable",
                    "--disallow-any-unimported",
                    "--disallow-any-expr",
                    "--disallow-any-decorated",
                    "--disallow-any-explicit"
                ],
                "cmd_display": "C:\\x_runner_x\\.venv\\Scripts\\python.exe -m mypy --package x_make_persistent_env_var_x --strict --no-warn-unused-configs --show-error-codes --warn-return-any --warn-unreachable --disallow-any-unimported --disallow-any-expr --disallow-any-decorated --disallow-any-explicit",
                "cwd": "C:\\x_runner_x\\x_make_persistent_env_var_x",
                "duration_seconds": 1.0503223999985494,
                "ended_at": "2025-10-25T06:33:32.895750+00:00",
                "exit": 1,
                "failed_files": [],
                "files_checked": [
                    "__init__.py",
                    "json_contracts/__init__.py",
                    "tests/__init__.py",
                    "tests/test_json_contracts.py",
                    "tests/test_persistent_env.py",
                    "x_cls_make_persistent_env_var_x.py"
                ],
                "repo": "x_make_persistent_env_var_x",
                "repo_hash": "39345177145e11597274074d3dc3bde694bd582b2c9397738648af1e3a75a927",
                "repo_path": "C:\\x_runner_x\\x_make_persistent_env_var_x",
                "started_at": "2025-10-25T06:33:31.857527+00:00",
                "stderr": "",
                "stdout": "x_cls_make_persistent_env_var_x.py:613: error: Expression type contains \"Any\" (has type \"Any | None\")  [misc]\nx_cls_make_persistent_env_var_x.py:614: error: Expression type contains \"Any\" (has type \"Any | None\")  [misc]\nx_cls_make_persistent_env_var_x.py:615: error: Expression type contains \"Any\" (has type \"Any | None\")  [misc]\nx_cls_make_persistent_env_var_x.py:615: error: Expression has type \"Any\"  [misc]\nx_cls_make_persistent_env_var_x.py:1177: error: Expression has type \"Any\"  [misc]\nx_cls_make_persistent_env_var_x.py:1180: error: Expression has type \"Any\"  [misc]\nx_cls_make_persistent_env_var_x.py:1180: error: Expression type contains \"Any\" (has type \"Any | None\")  [misc]\ntests\\test_json_contracts.py:30: error: Expression has type \"Any\"  [misc]\ntests\\test_json_contracts.py:31: error: Expression has type \"Any\"  [misc]\nFound 9 errors in 2 files (checked 8 source files)\n",
                "tool": "mypy",
                "tool_module": "mypy",
                "tool_version": "mypy 1.18.2 (compiled: yes)"
            },
            "exit": "exit 1",
            "message": "mypy failed for x_make_persistent_env_var_x (exit 1)\ncwd: C:\\x_runner_x\\x_make_persistent_env_var_x\ncommand: C:\\x_runner_x\\.venv\\Scripts\\python.exe -m mypy --package x_make_persistent_env_var_x --strict --no-warn-unused-configs --show-error-codes --warn-return-any --warn-unreachable --disallow-any-unimported --disallow-any-expr --disallow-any-decorated --disallow-any-explicit\nstarted_at: 2025-10-25T06:33:31.857527+00:00\nduration: 1.050s\ntool_version: mypy 1.18.2 (compiled: yes)\nstdout:\nx_cls_make_persistent_env_var_x.py:613: error: Expression type contains \"Any\" (has type \"Any | None\")  [misc]\nx_cls_make_persistent_env_var_x.py:614: error: Expression type contains \"Any\" (has type \"Any | None\")  [misc]\nx_cls_make_persistent_env_var_x.py:615: error: Expression type contains \"Any\" (has type \"Any | None\")  [misc]\nx_cls_make_persistent_env_var_x.py:615: error: Expression has type \"Any\"  [misc]\nx_cls_make_persistent_env_var_x.py:1177: error: Expression has type \"Any\"  [misc]\n\u2026\nstderr:\n<empty>",
            "repo": "x_make_persistent_env_var_x",
            "repo_path": "C:\\x_runner_x\\x_make_persistent_env_var_x",
            "stderr_preview": null,
            "stdout_preview": "x_cls_make_persistent_env_var_x.py:613: error: Expression type contains \"Any\" (has type \"Any | None\")  [misc]\nx_cls_make_persistent_env_var_x.py:614: error: Expression type contains \"Any\" (has type \"Any | None\")  [misc]\nx_cls_make_persistent_env_var_x.py:615: error: Expression type contains \"Any\" (has type \"Any | None\")  [misc]\nx_cls_make_persistent_env_var_x.py:615: error: Expression has type \"Any\"  [misc]\nx_cls_make_persistent_env_var_x.py:1177: error: Expression has type \"Any\"  [misc]\n\u2026",
            "suggested_action": "Investigate",
            "summary": "mypy failed for x_make_persistent_env_var_x (exit 1) cwd: C:\\x_runner_x\\x_make_persistent_env_var_x command: C:\\x_runner_x\\.venv\\Scripts\\python.exe -m mypy --package x_make_persistent_env_var_x --strict --no-warn-unused-configs --show-erro\u2026",
            "tool": "mypy",
            "tool_version": "mypy 1.18.2 (compiled: yes)"
        },
        {
            "captured_at": "2025-10-25T06:33:31.851553+00:00",
            "command": "C:\\x_runner_x\\.venv\\Scripts\\python.exe -m ruff check . --select ALL --ignore D,COM812,ISC001,T20 --line-length 88 --target-version py311",
            "detail": {
                "cached": false,
                "cmd": [
                    "C:\\x_runner_x\\.venv\\Scripts\\python.exe",
                    "-m",
                    "ruff",
                    "check",
                    ".",
                    "--select",
                    "ALL",
                    "--ignore",
                    "D,COM812,ISC001,T20",
                    "--line-length",
                    "88",
                    "--target-version",
                    "py311"
                ],
                "cmd_display": "C:\\x_runner_x\\.venv\\Scripts\\python.exe -m ruff check . --select ALL --ignore D,COM812,ISC001,T20 --line-length 88 --target-version py311",
                "cwd": "C:\\x_runner_x\\x_make_persistent_env_var_x",
                "duration_seconds": 0.15140070003690198,
                "ended_at": "2025-10-25T06:33:31.851553+00:00",
                "exit": 1,
                "failed_files": [],
                "files_checked": [
                    "__init__.py",
                    "json_contracts/__init__.py",
                    "tests/__init__.py",
                    "tests/test_json_contracts.py",
                    "tests/test_persistent_env.py",
                    "x_cls_make_persistent_env_var_x.py"
                ],
                "repo": "x_make_persistent_env_var_x",
                "repo_hash": "39345177145e11597274074d3dc3bde694bd582b2c9397738648af1e3a75a927",
                "repo_path": "C:\\x_runner_x\\x_make_persistent_env_var_x",
                "started_at": "2025-10-25T06:33:31.702624+00:00",
                "stderr": "",
                "stdout": "PLR0915 Too many statements (51 > 50)\n   --> tests\\test_json_contracts.py:179:5\n    |\n179 | def test_main_json_persist_current_handles_missing(\n    |     ^^^^^^^^^^^^^^^^^^^^^^^^^^^^^^^^^^^^^^^^^^^^^^\n180 |     monkeypatch: pytest.MonkeyPatch,\n181 | ) -> None:\n    |\n\nTC003 Move standard library import `types.ModuleType` into a type-checking block\n  --> x_cls_make_persistent_env_var_x.py:18:19\n   |\n16 | from datetime import UTC, datetime\n17 | from pathlib import Path\n18 | from types import ModuleType\n   |                   ^^^^^^^^^^\n19 | from typing import IO, TYPE_CHECKING, Protocol, TypeVar, cast\n   |\nhelp: Move into type-checking block\n\nFound 2 errors.\nNo fixes available (1 hidden fix can be enabled with the `--unsafe-fixes` option).\n",
                "tool": "ruff_check",
                "tool_module": "ruff",
                "tool_version": "ruff 0.14.2"
            },
            "exit": "exit 1",
            "message": "ruff_check failed for x_make_persistent_env_var_x (exit 1)\ncwd: C:\\x_runner_x\\x_make_persistent_env_var_x\ncommand: C:\\x_runner_x\\.venv\\Scripts\\python.exe -m ruff check . --select ALL --ignore D,COM812,ISC001,T20 --line-length 88 --target-version py311\nstarted_at: 2025-10-25T06:33:31.702624+00:00\nduration: 0.151s\ntool_version: ruff 0.14.2\nstdout:\nPLR0915 Too many statements (51 > 50)\n   --> tests\\test_json_contracts.py:179:5\n    |\n179 | def test_main_json_persist_current_handles_missing(\n    |     ^^^^^^^^^^^^^^^^^^^^^^^^^^^^^^^^^^^^^^^^^^^^^^\n\u2026\nstderr:\n<empty>",
            "repo": "x_make_persistent_env_var_x",
            "repo_path": "C:\\x_runner_x\\x_make_persistent_env_var_x",
            "stderr_preview": null,
            "stdout_preview": "PLR0915 Too many statements (51 > 50)\n   --> tests\\test_json_contracts.py:179:5\n    |\n179 | def test_main_json_persist_current_handles_missing(\n    |     ^^^^^^^^^^^^^^^^^^^^^^^^^^^^^^^^^^^^^^^^^^^^^^\n\u2026",
            "suggested_action": "Investigate",
            "summary": "ruff_check failed for x_make_persistent_env_var_x (exit 1) cwd: C:\\x_runner_x\\x_make_persistent_env_var_x command: C:\\x_runner_x\\.venv\\Scripts\\python.exe -m ruff check . --select ALL --ignore D,COM812,ISC001,T20 --line-length 88 --target-v\u2026",
            "tool": "ruff_check",
            "tool_version": "ruff 0.14.2"
        },
        {
            "captured_at": "2025-10-25T06:33:30.373426+00:00",
            "command": "C:\\x_runner_x\\.venv\\Scripts\\python.exe -m ruff check . --fix --select ALL --ignore D,COM812,ISC001,T20 --line-length 88 --target-version py311",
            "detail": {
                "cached": false,
                "cmd": [
                    "C:\\x_runner_x\\.venv\\Scripts\\python.exe",
                    "-m",
                    "ruff",
                    "check",
                    ".",
                    "--fix",
                    "--select",
                    "ALL",
                    "--ignore",
                    "D,COM812,ISC001,T20",
                    "--line-length",
                    "88",
                    "--target-version",
                    "py311"
                ],
                "cmd_display": "C:\\x_runner_x\\.venv\\Scripts\\python.exe -m ruff check . --fix --select ALL --ignore D,COM812,ISC001,T20 --line-length 88 --target-version py311",
                "cwd": "C:\\x_runner_x\\x_make_persistent_env_var_x",
                "duration_seconds": 0.25136450002901256,
                "ended_at": "2025-10-25T06:33:30.373426+00:00",
                "exit": 1,
                "failed_files": [],
                "files_checked": [
                    "__init__.py",
                    "json_contracts/__init__.py",
                    "tests/__init__.py",
                    "tests/test_json_contracts.py",
                    "tests/test_persistent_env.py",
                    "x_cls_make_persistent_env_var_x.py"
                ],
                "repo": "x_make_persistent_env_var_x",
                "repo_hash": "39345177145e11597274074d3dc3bde694bd582b2c9397738648af1e3a75a927",
                "repo_path": "C:\\x_runner_x\\x_make_persistent_env_var_x",
                "started_at": "2025-10-25T06:33:30.125430+00:00",
                "stderr": "",
                "stdout": "PLR0915 Too many statements (51 > 50)\n   --> tests\\test_json_contracts.py:179:5\n    |\n179 | def test_main_json_persist_current_handles_missing(\n    |     ^^^^^^^^^^^^^^^^^^^^^^^^^^^^^^^^^^^^^^^^^^^^^^\n180 |     monkeypatch: pytest.MonkeyPatch,\n181 | ) -> None:\n    |\n\nTC003 Move standard library import `types.ModuleType` into a type-checking block\n  --> x_cls_make_persistent_env_var_x.py:18:19\n   |\n16 | from datetime import UTC, datetime\n17 | from pathlib import Path\n18 | from types import ModuleType\n   |                   ^^^^^^^^^^\n19 | from typing import IO, TYPE_CHECKING, Protocol, TypeVar, cast\n   |\nhelp: Move into type-checking block\n\nFound 2 errors.\nNo fixes available (1 hidden fix can be enabled with the `--unsafe-fixes` option).\n",
                "tool": "ruff_fix",
                "tool_module": "ruff",
                "tool_version": "ruff 0.14.2"
            },
            "exit": "exit 1",
            "message": "ruff_fix failed for x_make_persistent_env_var_x (exit 1)\ncwd: C:\\x_runner_x\\x_make_persistent_env_var_x\ncommand: C:\\x_runner_x\\.venv\\Scripts\\python.exe -m ruff check . --fix --select ALL --ignore D,COM812,ISC001,T20 --line-length 88 --target-version py311\nstarted_at: 2025-10-25T06:33:30.125430+00:00\nduration: 0.251s\ntool_version: ruff 0.14.2\nstdout:\nPLR0915 Too many statements (51 > 50)\n   --> tests\\test_json_contracts.py:179:5\n    |\n179 | def test_main_json_persist_current_handles_missing(\n    |     ^^^^^^^^^^^^^^^^^^^^^^^^^^^^^^^^^^^^^^^^^^^^^^\n\u2026\nstderr:\n<empty>",
            "repo": "x_make_persistent_env_var_x",
            "repo_path": "C:\\x_runner_x\\x_make_persistent_env_var_x",
            "stderr_preview": null,
            "stdout_preview": "PLR0915 Too many statements (51 > 50)\n   --> tests\\test_json_contracts.py:179:5\n    |\n179 | def test_main_json_persist_current_handles_missing(\n    |     ^^^^^^^^^^^^^^^^^^^^^^^^^^^^^^^^^^^^^^^^^^^^^^\n\u2026",
            "suggested_action": "Investigate",
            "summary": "ruff_fix failed for x_make_persistent_env_var_x (exit 1) cwd: C:\\x_runner_x\\x_make_persistent_env_var_x command: C:\\x_runner_x\\.venv\\Scripts\\python.exe -m ruff check . --fix --select ALL --ignore D,COM812,ISC001,T20 --line-length 88 --targ\u2026",
            "tool": "ruff_fix",
            "tool_version": "ruff 0.14.2"
        },
        {
            "captured_at": "2025-10-25T06:34:10.245301+00:00",
            "command": "C:\\x_runner_x\\.venv\\Scripts\\python.exe -m mypy --package x_make_py_mod_sideload_x --strict --no-warn-unused-configs --show-error-codes --warn-return-any --warn-unreachable --disallow-any-unimported --disallow-any-expr --disallow-any-decorated --disallow-any-explicit",
            "detail": {
                "cached": false,
                "cmd": [
                    "C:\\x_runner_x\\.venv\\Scripts\\python.exe",
                    "-m",
                    "mypy",
                    "--package",
                    "x_make_py_mod_sideload_x",
                    "--strict",
                    "--no-warn-unused-configs",
                    "--show-error-codes",
                    "--warn-return-any",
                    "--warn-unreachable",
                    "--disallow-any-unimported",
                    "--disallow-any-expr",
                    "--disallow-any-decorated",
                    "--disallow-any-explicit"
                ],
                "cmd_display": "C:\\x_runner_x\\.venv\\Scripts\\python.exe -m mypy --package x_make_py_mod_sideload_x --strict --no-warn-unused-configs --show-error-codes --warn-return-any --warn-unreachable --disallow-any-unimported --disallow-any-expr --disallow-any-decorated --disallow-any-explicit",
                "cwd": "C:\\x_runner_x\\x_make_py_mod_sideload_x",
                "duration_seconds": 0.9084767000167631,
                "ended_at": "2025-10-25T06:34:10.245301+00:00",
                "exit": 1,
                "failed_files": [],
                "files_checked": [
                    "__init__.py",
                    "json_contracts/__init__.py",
                    "tests/__init__.py",
                    "tests/conftest.py",
                    "tests/test_json_contracts.py",
                    "tests/test_py_module_sideload.py",
                    "x_cls_make_py_mod_sideload_x.py"
                ],
                "repo": "x_make_py_mod_sideload_x",
                "repo_hash": "f013bed92db87109b2067fcf93d4615f1d70ea4210150f16fb8eb1b6df808ab0",
                "repo_path": "C:\\x_runner_x\\x_make_py_mod_sideload_x",
                "started_at": "2025-10-25T06:34:09.336963+00:00",
                "stderr": "",
                "stdout": "x_cls_make_py_mod_sideload_x.py:44: error: Expression has type \"Any\"  [misc]\nx_cls_make_py_mod_sideload_x.py:285: error: Returning Any from function declared to return \"str | None\"  [no-any-return]\nx_cls_make_py_mod_sideload_x.py:285: error: Expression has type \"Any\"  [misc]\nx_cls_make_py_mod_sideload_x.py:453: error: Expression has type \"Any\"  [misc]\nx_cls_make_py_mod_sideload_x.py:456: error: Expression has type \"Any\"  [misc]\nx_cls_make_py_mod_sideload_x.py:456: error: Expression type contains \"Any\" (has type \"Any | None\")  [misc]\ntests\\test_json_contracts.py:26: error: Returning Any from function declared to return \"dict[str, object]\"  [no-any-return]\ntests\\test_json_contracts.py:26: error: Expression has type \"Any\"  [misc]\ntests\\test_json_contracts.py:37: error: Expression has type \"Any\"  [misc]\ntests\\test_json_contracts.py:38: error: Expression has type \"Any\"  [misc]\ntests\\test_json_contracts.py:128: error: Expression type contains \"Any\" (has type \"Any | bool\")  [misc]\nFound 11 errors in 2 files (checked 9 source files)\n",
                "tool": "mypy",
                "tool_module": "mypy",
                "tool_version": "mypy 1.18.2 (compiled: yes)"
            },
            "exit": "exit 1",
            "message": "mypy failed for x_make_py_mod_sideload_x (exit 1)\ncwd: C:\\x_runner_x\\x_make_py_mod_sideload_x\ncommand: C:\\x_runner_x\\.venv\\Scripts\\python.exe -m mypy --package x_make_py_mod_sideload_x --strict --no-warn-unused-configs --show-error-codes --warn-return-any --warn-unreachable --disallow-any-unimported --disallow-any-expr --disallow-any-decorated --disallow-any-explicit\nstarted_at: 2025-10-25T06:34:09.336963+00:00\nduration: 0.908s\ntool_version: mypy 1.18.2 (compiled: yes)\nstdout:\nx_cls_make_py_mod_sideload_x.py:44: error: Expression has type \"Any\"  [misc]\nx_cls_make_py_mod_sideload_x.py:285: error: Returning Any from function declared to return \"str | None\"  [no-any-return]\nx_cls_make_py_mod_sideload_x.py:285: error: Expression has type \"Any\"  [misc]\nx_cls_make_py_mod_sideload_x.py:453: error: Expression has type \"Any\"  [misc]\nx_cls_make_py_mod_sideload_x.py:456: error: Expression has type \"Any\"  [misc]\n\u2026\nstderr:\n<empty>",
            "repo": "x_make_py_mod_sideload_x",
            "repo_path": "C:\\x_runner_x\\x_make_py_mod_sideload_x",
            "stderr_preview": null,
            "stdout_preview": "x_cls_make_py_mod_sideload_x.py:44: error: Expression has type \"Any\"  [misc]\nx_cls_make_py_mod_sideload_x.py:285: error: Returning Any from function declared to return \"str | None\"  [no-any-return]\nx_cls_make_py_mod_sideload_x.py:285: error: Expression has type \"Any\"  [misc]\nx_cls_make_py_mod_sideload_x.py:453: error: Expression has type \"Any\"  [misc]\nx_cls_make_py_mod_sideload_x.py:456: error: Expression has type \"Any\"  [misc]\n\u2026",
            "suggested_action": "Investigate",
            "summary": "mypy failed for x_make_py_mod_sideload_x (exit 1) cwd: C:\\x_runner_x\\x_make_py_mod_sideload_x command: C:\\x_runner_x\\.venv\\Scripts\\python.exe -m mypy --package x_make_py_mod_sideload_x --strict --no-warn-unused-configs --show-error-codes -\u2026",
            "tool": "mypy",
            "tool_version": "mypy 1.18.2 (compiled: yes)"
        },
        {
            "captured_at": "2025-10-25T06:34:19.302804+00:00",
            "command": "C:\\x_runner_x\\.venv\\Scripts\\python.exe -m mypy --package x_make_py_venv_x --strict --no-warn-unused-configs --show-error-codes --warn-return-any --warn-unreachable --disallow-any-unimported --disallow-any-expr --disallow-any-decorated --disallow-any-explicit",
            "detail": {
                "cached": false,
                "cmd": [
                    "C:\\x_runner_x\\.venv\\Scripts\\python.exe",
                    "-m",
                    "mypy",
                    "--package",
                    "x_make_py_venv_x",
                    "--strict",
                    "--no-warn-unused-configs",
                    "--show-error-codes",
                    "--warn-return-any",
                    "--warn-unreachable",
                    "--disallow-any-unimported",
                    "--disallow-any-expr",
                    "--disallow-any-decorated",
                    "--disallow-any-explicit"
                ],
                "cmd_display": "C:\\x_runner_x\\.venv\\Scripts\\python.exe -m mypy --package x_make_py_venv_x --strict --no-warn-unused-configs --show-error-codes --warn-return-any --warn-unreachable --disallow-any-unimported --disallow-any-expr --disallow-any-decorated --disallow-any-explicit",
                "cwd": "C:\\x_runner_x\\x_make_py_venv_x",
                "duration_seconds": 0.9094802999752574,
                "ended_at": "2025-10-25T06:34:19.302804+00:00",
                "exit": 1,
                "failed_files": [],
                "files_checked": [
                    "__init__.py",
                    "x_cls_make_py_venv_x.py"
                ],
                "repo": "x_make_py_venv_x",
                "repo_hash": "7c460748f02445807f96cecbb2d1c5dfad54b50be0c05455c7861edde1ce010f",
                "repo_path": "C:\\x_runner_x\\x_make_py_venv_x",
                "started_at": "2025-10-25T06:34:18.398674+00:00",
                "stderr": "",
                "stdout": "x_cls_make_py_venv_x.py:304: error: Expression has type \"Any\"  [misc]\nx_cls_make_py_venv_x.py:584: error: Expression has type \"Any\"  [misc]\nx_cls_make_py_venv_x.py:585: error: Expression has type \"Any\"  [misc]\nx_cls_make_py_venv_x.py:586: error: Expression has type \"Any\"  [misc]\nx_cls_make_py_venv_x.py:590: error: Expression has type \"Any\"  [misc]\nx_cls_make_py_venv_x.py:591: error: Expression has type \"Any\"  [misc]\nx_cls_make_py_venv_x.py:592: error: Expression has type \"Any\"  [misc]\nx_cls_make_py_venv_x.py:593: error: Expression has type \"Any\"  [misc]\nx_cls_make_py_venv_x.py:594: error: Expression has type \"Any\"  [misc]\nx_cls_make_py_venv_x.py:595: error: Expression has type \"Any\"  [misc]\nx_cls_make_py_venv_x.py:596: error: Expression has type \"Any\"  [misc]\nx_cls_make_py_venv_x.py:597: error: Expression has type \"Any\"  [misc]\nFound 12 errors in 1 file (checked 2 source files)\n",
                "tool": "mypy",
                "tool_module": "mypy",
                "tool_version": "mypy 1.18.2 (compiled: yes)"
            },
            "exit": "exit 1",
            "message": "mypy failed for x_make_py_venv_x (exit 1)\ncwd: C:\\x_runner_x\\x_make_py_venv_x\ncommand: C:\\x_runner_x\\.venv\\Scripts\\python.exe -m mypy --package x_make_py_venv_x --strict --no-warn-unused-configs --show-error-codes --warn-return-any --warn-unreachable --disallow-any-unimported --disallow-any-expr --disallow-any-decorated --disallow-any-explicit\nstarted_at: 2025-10-25T06:34:18.398674+00:00\nduration: 0.909s\ntool_version: mypy 1.18.2 (compiled: yes)\nstdout:\nx_cls_make_py_venv_x.py:304: error: Expression has type \"Any\"  [misc]\nx_cls_make_py_venv_x.py:584: error: Expression has type \"Any\"  [misc]\nx_cls_make_py_venv_x.py:585: error: Expression has type \"Any\"  [misc]\nx_cls_make_py_venv_x.py:586: error: Expression has type \"Any\"  [misc]\nx_cls_make_py_venv_x.py:590: error: Expression has type \"Any\"  [misc]\n\u2026\nstderr:\n<empty>",
            "repo": "x_make_py_venv_x",
            "repo_path": "C:\\x_runner_x\\x_make_py_venv_x",
            "stderr_preview": null,
            "stdout_preview": "x_cls_make_py_venv_x.py:304: error: Expression has type \"Any\"  [misc]\nx_cls_make_py_venv_x.py:584: error: Expression has type \"Any\"  [misc]\nx_cls_make_py_venv_x.py:585: error: Expression has type \"Any\"  [misc]\nx_cls_make_py_venv_x.py:586: error: Expression has type \"Any\"  [misc]\nx_cls_make_py_venv_x.py:590: error: Expression has type \"Any\"  [misc]\n\u2026",
            "suggested_action": "Investigate",
            "summary": "mypy failed for x_make_py_venv_x (exit 1) cwd: C:\\x_runner_x\\x_make_py_venv_x command: C:\\x_runner_x\\.venv\\Scripts\\python.exe -m mypy --package x_make_py_venv_x --strict --no-warn-unused-configs --show-error-codes --warn-return-any --warn-\u2026",
            "tool": "mypy",
            "tool_version": "mypy 1.18.2 (compiled: yes)"
        },
        {
            "captured_at": "2025-10-25T06:34:40.635572+00:00",
            "command": "C:\\x_runner_x\\.venv\\Scripts\\python.exe -m mypy --package x_make_pypi_x --strict --no-warn-unused-configs --show-error-codes --warn-return-any --warn-unreachable --disallow-any-unimported --disallow-any-expr --disallow-any-decorated --disallow-any-explicit",
            "detail": {
                "cached": false,
                "cmd": [
                    "C:\\x_runner_x\\.venv\\Scripts\\python.exe",
                    "-m",
                    "mypy",
                    "--package",
                    "x_make_pypi_x",
                    "--strict",
                    "--no-warn-unused-configs",
                    "--show-error-codes",
                    "--warn-return-any",
                    "--warn-unreachable",
                    "--disallow-any-unimported",
                    "--disallow-any-expr",
                    "--disallow-any-decorated",
                    "--disallow-any-explicit"
                ],
                "cmd_display": "C:\\x_runner_x\\.venv\\Scripts\\python.exe -m mypy --package x_make_pypi_x --strict --no-warn-unused-configs --show-error-codes --warn-return-any --warn-unreachable --disallow-any-unimported --disallow-any-expr --disallow-any-decorated --disallow-any-explicit",
                "cwd": "C:\\x_runner_x\\x_make_pypi_x",
                "duration_seconds": 1.1706300000078045,
                "ended_at": "2025-10-25T06:34:40.635572+00:00",
                "exit": 1,
                "failed_files": [],
                "files_checked": [
                    "__init__.py",
                    "json_contracts.py",
                    "publish_flow.py",
                    "tests/__init__.py",
                    "tests/conftest.py",
                    "tests/test_json_contracts.py",
                    "tests/test_main_json.py",
                    "x_cls_make_pypi_x.py"
                ],
                "repo": "x_make_pypi_x",
                "repo_hash": "d527d4a3fa17964effb56e928aeae9637c8d3886588656a7a62cc476b3f6e3c5",
                "repo_path": "C:\\x_runner_x\\x_make_pypi_x",
                "started_at": "2025-10-25T06:34:39.465248+00:00",
                "stderr": "",
                "stdout": "tests\\test_json_contracts.py:31: error: Expression has type \"Any\"  [misc]\ntests\\test_json_contracts.py:32: error: Expression has type \"Any\"  [misc]\ntests\\test_json_contracts.py:76: error: Expression has type \"Any\"  [misc]\ntests\\test_json_contracts.py:77: error: Expression has type \"Any\"  [misc]\npublish_flow.py:68: error: Expression has type \"Any\"  [misc]\npublish_flow.py:69: error: Expression has type \"Any\"  [misc]\npublish_flow.py:73: error: Expression has type \"Any\"  [misc]\npublish_flow.py:74: error: Expression has type \"Any\"  [misc]\nx_cls_make_pypi_x.py:639: error: Expression has type \"Any\"  [misc]\nx_cls_make_pypi_x.py:640: error: Expression has type \"Any\"  [misc]\nx_cls_make_pypi_x.py:776: error: Expression type contains \"Any\" (has type \"Any | None\")  [misc]\nx_cls_make_pypi_x.py:777: error: Expression type contains \"Any\" (has type \"Any | None\")  [misc]\nx_cls_make_pypi_x.py:783: error: Expression has type \"Any\"  [misc]\nx_cls_make_pypi_x.py:793: error: Expression has type \"Any\"  [misc]\nx_cls_make_pypi_x.py:799: error: Expression type contains \"Any\" (has type \"dict[str, Any]\")  [misc]\nx_cls_make_pypi_x.py:800: error: Expression type contains \"Any\" (has type \"dict[str, Any]\")  [misc]\nx_cls_make_pypi_x.py:800: error: Expression type contains \"Any\" (has type \"list[Any]\")  [misc]\nx_cls_make_pypi_x.py:802: error: Expression type contains \"Any\" (has type \"dict[str, Any]\")  [misc]\nx_cls_make_pypi_x.py:823: error: Expression type contains \"Any\" (has type \"dict[str, Any]\")  [misc]\nx_cls_make_pypi_x.py:824: error: Expression type contains \"Any\" (has type \"dict[str, Any]\")  [misc]\nx_cls_make_pypi_x.py:840: error: Expression has type \"Any\"  [misc]\nx_cls_make_pypi_x.py:843: error: Expression has type \"Any\"  [misc]\nx_cls_make_pypi_x.py:843: error: Expression type contains \"Any\" (has type \"Any | None\")  [misc]\ntests\\test_main_json.py:140: error: Expression type contains \"Any\" (has type \"dict[str, Any]\")  [misc]\ntests\\test_main_json.py:248: error: Expression type contains \"Any\" (has type \"Any | None\")  [misc]\ntests\\test_main_json.py:250: error: Expression type contains \"Any\" (has type \"Any | None\")  [misc]\ntests\\test_main_json.py:253: error: Expression type contains \"Any\" (has type \"Any | None\")  [misc]\ntests\\test_main_json.py:253: error: Expression type contains \"Any\" (has type \"Any | bool\")  [misc]\ntests\\test_main_json.py:257: error: Expression type contains \"Any\" (has type \"type[SimpleNamespace]\")  [misc]\ntests\\test_main_json.py:262: error: Expression type contains \"Any\" (has type \"Any | bool\")  [misc]\ntests\\test_main_json.py:266: error: Expression type contains \"Any\" (has type \"type[SimpleNamespace]\")  [misc]\ntests\\test_main_json.py:278: error: Explicit \"Any\" is not allowed  [explicit-any]\ntests\\test_main_json.py:280: error: Expression type contains \"Any\" (has type \"Callable[..., object]\")  [misc]\ntests\\test_main_json.py:284: error: Expression type contains \"Any\" (has type \"Any | str\")  [misc]\ntests\\test_main_json.py:284: error: Expression type contains \"Any\" (has type \"Any | bool\")  [misc]\ntests\\test_main_json.py:284: error: Expression type contains \"Any\" (has type \"Callable[..., object]\")  [misc]\ntests\\test_main_json.py:301: error: Expression type contains \"Any\" (has type \"dict[str, Any]\")  [misc]\nFound 37 errors in 4 files (checked 11 source files)\n",
                "tool": "mypy",
                "tool_module": "mypy",
                "tool_version": "mypy 1.18.2 (compiled: yes)"
            },
            "exit": "exit 1",
            "message": "mypy failed for x_make_pypi_x (exit 1)\ncwd: C:\\x_runner_x\\x_make_pypi_x\ncommand: C:\\x_runner_x\\.venv\\Scripts\\python.exe -m mypy --package x_make_pypi_x --strict --no-warn-unused-configs --show-error-codes --warn-return-any --warn-unreachable --disallow-any-unimported --disallow-any-expr --disallow-any-decorated --disallow-any-explicit\nstarted_at: 2025-10-25T06:34:39.465248+00:00\nduration: 1.171s\ntool_version: mypy 1.18.2 (compiled: yes)\nstdout:\ntests\\test_json_contracts.py:31: error: Expression has type \"Any\"  [misc]\ntests\\test_json_contracts.py:32: error: Expression has type \"Any\"  [misc]\ntests\\test_json_contracts.py:76: error: Expression has type \"Any\"  [misc]\ntests\\test_json_contracts.py:77: error: Expression has type \"Any\"  [misc]\npublish_flow.py:68: error: Expression has type \"Any\"  [misc]\n\u2026\nstderr:\n<empty>",
            "repo": "x_make_pypi_x",
            "repo_path": "C:\\x_runner_x\\x_make_pypi_x",
            "stderr_preview": null,
            "stdout_preview": "tests\\test_json_contracts.py:31: error: Expression has type \"Any\"  [misc]\ntests\\test_json_contracts.py:32: error: Expression has type \"Any\"  [misc]\ntests\\test_json_contracts.py:76: error: Expression has type \"Any\"  [misc]\ntests\\test_json_contracts.py:77: error: Expression has type \"Any\"  [misc]\npublish_flow.py:68: error: Expression has type \"Any\"  [misc]\n\u2026",
            "suggested_action": "Investigate",
            "summary": "mypy failed for x_make_pypi_x (exit 1) cwd: C:\\x_runner_x\\x_make_pypi_x command: C:\\x_runner_x\\.venv\\Scripts\\python.exe -m mypy --package x_make_pypi_x --strict --no-warn-unused-configs --show-error-codes --warn-return-any --warn-unreachab\u2026",
            "tool": "mypy",
            "tool_version": "mypy 1.18.2 (compiled: yes)"
        },
        {
            "captured_at": "2025-10-25T06:34:39.452929+00:00",
            "command": "C:\\x_runner_x\\.venv\\Scripts\\python.exe -m ruff check . --select ALL --ignore D,COM812,ISC001,T20 --line-length 88 --target-version py311",
            "detail": {
                "cached": false,
                "cmd": [
                    "C:\\x_runner_x\\.venv\\Scripts\\python.exe",
                    "-m",
                    "ruff",
                    "check",
                    ".",
                    "--select",
                    "ALL",
                    "--ignore",
                    "D,COM812,ISC001,T20",
                    "--line-length",
                    "88",
                    "--target-version",
                    "py311"
                ],
                "cmd_display": "C:\\x_runner_x\\.venv\\Scripts\\python.exe -m ruff check . --select ALL --ignore D,COM812,ISC001,T20 --line-length 88 --target-version py311",
                "cwd": "C:\\x_runner_x\\x_make_pypi_x",
                "duration_seconds": 0.1382350000203587,
                "ended_at": "2025-10-25T06:34:39.452929+00:00",
                "exit": 1,
                "failed_files": [],
                "files_checked": [
                    "__init__.py",
                    "json_contracts.py",
                    "publish_flow.py",
                    "tests/__init__.py",
                    "tests/conftest.py",
                    "tests/test_json_contracts.py",
                    "tests/test_main_json.py",
                    "x_cls_make_pypi_x.py"
                ],
                "repo": "x_make_pypi_x",
                "repo_hash": "d527d4a3fa17964effb56e928aeae9637c8d3886588656a7a62cc476b3f6e3c5",
                "repo_path": "C:\\x_runner_x\\x_make_pypi_x",
                "started_at": "2025-10-25T06:34:39.323168+00:00",
                "stderr": "",
                "stdout": "FBT001 Boolean-typed positional argument in function definition\n  --> tests\\test_main_json.py:43:9\n   |\n41 |         name: str,\n42 |         value: object,\n43 |         raising: bool = ...,\n   |         ^^^^^^^\n44 |     ) -> None: ...\n   |\n\nFBT001 Boolean-typed positional argument in function definition\n  --> tests\\test_main_json.py:46:33\n   |\n44 |     ) -> None: ...\n45 |\n46 |     def delenv(self, name: str, raising: bool = ...) -> None: ...\n   |                                 ^^^^^^^\n47 |\n48 |     def setenv(self, name: str, value: str) -> None: ...\n   |\n\nSLF001 Private member accessed: `_prime_twine_credentials`\n  --> tests\\test_main_json.py:70:9\n   |\n68 |     prime_callable = cast(\n69 |         \"_PrimeCredentials\",\n70 |         publish_flow._prime_twine_credentials,\n   |         ^^^^^^^^^^^^^^^^^^^^^^^^^^^^^^^^^^^^^\n71 |     )\n72 |     return prime_callable(token_env)\n   |\n\nFound 3 errors.\n",
                "tool": "ruff_check",
                "tool_module": "ruff",
                "tool_version": "ruff 0.14.2"
            },
            "exit": "exit 1",
            "message": "ruff_check failed for x_make_pypi_x (exit 1)\ncwd: C:\\x_runner_x\\x_make_pypi_x\ncommand: C:\\x_runner_x\\.venv\\Scripts\\python.exe -m ruff check . --select ALL --ignore D,COM812,ISC001,T20 --line-length 88 --target-version py311\nstarted_at: 2025-10-25T06:34:39.323168+00:00\nduration: 0.138s\ntool_version: ruff 0.14.2\nstdout:\nFBT001 Boolean-typed positional argument in function definition\n  --> tests\\test_main_json.py:43:9\n   |\n41 |         name: str,\n42 |         value: object,\n\u2026\nstderr:\n<empty>",
            "repo": "x_make_pypi_x",
            "repo_path": "C:\\x_runner_x\\x_make_pypi_x",
            "stderr_preview": null,
            "stdout_preview": "FBT001 Boolean-typed positional argument in function definition\n  --> tests\\test_main_json.py:43:9\n   |\n41 |         name: str,\n42 |         value: object,\n\u2026",
            "suggested_action": "Investigate",
            "summary": "ruff_check failed for x_make_pypi_x (exit 1) cwd: C:\\x_runner_x\\x_make_pypi_x command: C:\\x_runner_x\\.venv\\Scripts\\python.exe -m ruff check . --select ALL --ignore D,COM812,ISC001,T20 --line-length 88 --target-version py311 started_at: 202\u2026",
            "tool": "ruff_check",
            "tool_version": "ruff 0.14.2"
        },
        {
            "captured_at": "2025-10-25T06:34:37.820099+00:00",
            "command": "C:\\x_runner_x\\.venv\\Scripts\\python.exe -m ruff check . --fix --select ALL --ignore D,COM812,ISC001,T20 --line-length 88 --target-version py311",
            "detail": {
                "cached": false,
                "cmd": [
                    "C:\\x_runner_x\\.venv\\Scripts\\python.exe",
                    "-m",
                    "ruff",
                    "check",
                    ".",
                    "--fix",
                    "--select",
                    "ALL",
                    "--ignore",
                    "D,COM812,ISC001,T20",
                    "--line-length",
                    "88",
                    "--target-version",
                    "py311"
                ],
                "cmd_display": "C:\\x_runner_x\\.venv\\Scripts\\python.exe -m ruff check . --fix --select ALL --ignore D,COM812,ISC001,T20 --line-length 88 --target-version py311",
                "cwd": "C:\\x_runner_x\\x_make_pypi_x",
                "duration_seconds": 0.25437529996270314,
                "ended_at": "2025-10-25T06:34:37.820099+00:00",
                "exit": 1,
                "failed_files": [],
                "files_checked": [
                    "__init__.py",
                    "json_contracts.py",
                    "publish_flow.py",
                    "tests/__init__.py",
                    "tests/conftest.py",
                    "tests/test_json_contracts.py",
                    "tests/test_main_json.py",
                    "x_cls_make_pypi_x.py"
                ],
                "repo": "x_make_pypi_x",
                "repo_hash": "d527d4a3fa17964effb56e928aeae9637c8d3886588656a7a62cc476b3f6e3c5",
                "repo_path": "C:\\x_runner_x\\x_make_pypi_x",
                "started_at": "2025-10-25T06:34:37.569814+00:00",
                "stderr": "",
                "stdout": "FBT001 Boolean-typed positional argument in function definition\n  --> tests\\test_main_json.py:43:9\n   |\n41 |         name: str,\n42 |         value: object,\n43 |         raising: bool = ...,\n   |         ^^^^^^^\n44 |     ) -> None: ...\n   |\n\nFBT001 Boolean-typed positional argument in function definition\n  --> tests\\test_main_json.py:46:33\n   |\n44 |     ) -> None: ...\n45 |\n46 |     def delenv(self, name: str, raising: bool = ...) -> None: ...\n   |                                 ^^^^^^^\n47 |\n48 |     def setenv(self, name: str, value: str) -> None: ...\n   |\n\nSLF001 Private member accessed: `_prime_twine_credentials`\n  --> tests\\test_main_json.py:70:9\n   |\n68 |     prime_callable = cast(\n69 |         \"_PrimeCredentials\",\n70 |         publish_flow._prime_twine_credentials,\n   |         ^^^^^^^^^^^^^^^^^^^^^^^^^^^^^^^^^^^^^\n71 |     )\n72 |     return prime_callable(token_env)\n   |\n\nFound 3 errors.\n",
                "tool": "ruff_fix",
                "tool_module": "ruff",
                "tool_version": "ruff 0.14.2"
            },
            "exit": "exit 1",
            "message": "ruff_fix failed for x_make_pypi_x (exit 1)\ncwd: C:\\x_runner_x\\x_make_pypi_x\ncommand: C:\\x_runner_x\\.venv\\Scripts\\python.exe -m ruff check . --fix --select ALL --ignore D,COM812,ISC001,T20 --line-length 88 --target-version py311\nstarted_at: 2025-10-25T06:34:37.569814+00:00\nduration: 0.254s\ntool_version: ruff 0.14.2\nstdout:\nFBT001 Boolean-typed positional argument in function definition\n  --> tests\\test_main_json.py:43:9\n   |\n41 |         name: str,\n42 |         value: object,\n\u2026\nstderr:\n<empty>",
            "repo": "x_make_pypi_x",
            "repo_path": "C:\\x_runner_x\\x_make_pypi_x",
            "stderr_preview": null,
            "stdout_preview": "FBT001 Boolean-typed positional argument in function definition\n  --> tests\\test_main_json.py:43:9\n   |\n41 |         name: str,\n42 |         value: object,\n\u2026",
            "suggested_action": "Investigate",
            "summary": "ruff_fix failed for x_make_pypi_x (exit 1) cwd: C:\\x_runner_x\\x_make_pypi_x command: C:\\x_runner_x\\.venv\\Scripts\\python.exe -m ruff check . --fix --select ALL --ignore D,COM812,ISC001,T20 --line-length 88 --target-version py311 started_at:\u2026",
            "tool": "ruff_fix",
            "tool_version": "ruff 0.14.2"
        },
        {
            "captured_at": "2025-10-25T06:35:01.307066+00:00",
            "command": "C:\\x_runner_x\\.venv\\Scripts\\python.exe -m mypy --package x_make_yahw_x --strict --no-warn-unused-configs --show-error-codes --warn-return-any --warn-unreachable --disallow-any-unimported --disallow-any-expr --disallow-any-decorated --disallow-any-explicit",
            "detail": {
                "cached": false,
                "cmd": [
                    "C:\\x_runner_x\\.venv\\Scripts\\python.exe",
                    "-m",
                    "mypy",
                    "--package",
                    "x_make_yahw_x",
                    "--strict",
                    "--no-warn-unused-configs",
                    "--show-error-codes",
                    "--warn-return-any",
                    "--warn-unreachable",
                    "--disallow-any-unimported",
                    "--disallow-any-expr",
                    "--disallow-any-decorated",
                    "--disallow-any-explicit"
                ],
                "cmd_display": "C:\\x_runner_x\\.venv\\Scripts\\python.exe -m mypy --package x_make_yahw_x --strict --no-warn-unused-configs --show-error-codes --warn-return-any --warn-unreachable --disallow-any-unimported --disallow-any-expr --disallow-any-decorated --disallow-any-explicit",
                "cwd": "C:\\x_runner_x\\x_make_yahw_x",
                "duration_seconds": 0.7593986999709159,
                "ended_at": "2025-10-25T06:35:01.307066+00:00",
                "exit": 1,
                "failed_files": [],
                "files_checked": [
                    "__init__.py",
                    "json_contracts.py",
                    "tests/__init__.py",
                    "tests/conftest.py",
                    "tests/test_json_contracts.py",
                    "tests/test_main_json.py",
                    "tests/test_yahw.py",
                    "x_cls_make_yahw_x.py"
                ],
                "repo": "x_make_yahw_x",
                "repo_hash": "1ae91a938cd621b5c857d1e3664e152c2690d31bc83972e6c3a03ba932f34b32",
                "repo_path": "C:\\x_runner_x\\x_make_yahw_x",
                "started_at": "2025-10-25T06:35:00.556480+00:00",
                "stderr": "",
                "stdout": "x_cls_make_yahw_x.py:144: error: Expression has type \"Any\"  [misc]\nx_cls_make_yahw_x.py:147: error: Expression has type \"Any\"  [misc]\nx_cls_make_yahw_x.py:147: error: Expression type contains \"Any\" (has type \"Any | None\")  [misc]\ntests\\test_json_contracts.py:24: error: Expression has type \"Any\"  [misc]\ntests\\test_json_contracts.py:26: error: Expression has type \"Any\"  [misc]\ntests\\test_json_contracts.py:28: error: Expression has type \"Any\"  [misc]\ntests\\test_json_contracts.py:30: error: Expression has type \"Any\"  [misc]\ntests\\test_json_contracts.py:31: error: Expression has type \"Any\"  [misc]\ntests\\test_json_contracts.py:32: error: Expression has type \"Any\"  [misc]\ntests\\test_yahw.py:67: error: Expression type contains \"Any\" (has type \"Any | None\")  [misc]\ntests\\test_yahw.py:68: error: Expression type contains \"Any\" (has type \"Any | None\")  [misc]\ntests\\test_main_json.py:72: error: Expression type contains \"Any\" (has type \"type[SimpleNamespace]\")  [misc]\ntests\\test_main_json.py:74: error: Redundant cast to \"SimpleNamespace\"  [redundant-cast]\ntests\\test_main_json.py:76: error: Expression has type \"Any\"  [misc]\ntests\\test_main_json.py:80: error: Expression has type \"Any\"  [misc]\nFound 15 errors in 4 files (checked 10 source files)\n",
                "tool": "mypy",
                "tool_module": "mypy",
                "tool_version": "mypy 1.18.2 (compiled: yes)"
            },
            "exit": "exit 1",
            "message": "mypy failed for x_make_yahw_x (exit 1)\ncwd: C:\\x_runner_x\\x_make_yahw_x\ncommand: C:\\x_runner_x\\.venv\\Scripts\\python.exe -m mypy --package x_make_yahw_x --strict --no-warn-unused-configs --show-error-codes --warn-return-any --warn-unreachable --disallow-any-unimported --disallow-any-expr --disallow-any-decorated --disallow-any-explicit\nstarted_at: 2025-10-25T06:35:00.556480+00:00\nduration: 0.759s\ntool_version: mypy 1.18.2 (compiled: yes)\nstdout:\nx_cls_make_yahw_x.py:144: error: Expression has type \"Any\"  [misc]\nx_cls_make_yahw_x.py:147: error: Expression has type \"Any\"  [misc]\nx_cls_make_yahw_x.py:147: error: Expression type contains \"Any\" (has type \"Any | None\")  [misc]\ntests\\test_json_contracts.py:24: error: Expression has type \"Any\"  [misc]\ntests\\test_json_contracts.py:26: error: Expression has type \"Any\"  [misc]\n\u2026\nstderr:\n<empty>",
            "repo": "x_make_yahw_x",
            "repo_path": "C:\\x_runner_x\\x_make_yahw_x",
            "stderr_preview": null,
            "stdout_preview": "x_cls_make_yahw_x.py:144: error: Expression has type \"Any\"  [misc]\nx_cls_make_yahw_x.py:147: error: Expression has type \"Any\"  [misc]\nx_cls_make_yahw_x.py:147: error: Expression type contains \"Any\" (has type \"Any | None\")  [misc]\ntests\\test_json_contracts.py:24: error: Expression has type \"Any\"  [misc]\ntests\\test_json_contracts.py:26: error: Expression has type \"Any\"  [misc]\n\u2026",
            "suggested_action": "Investigate",
            "summary": "mypy failed for x_make_yahw_x (exit 1) cwd: C:\\x_runner_x\\x_make_yahw_x command: C:\\x_runner_x\\.venv\\Scripts\\python.exe -m mypy --package x_make_yahw_x --strict --no-warn-unused-configs --show-error-codes --warn-return-any --warn-unreachab\u2026",
            "tool": "mypy",
            "tool_version": "mypy 1.18.2 (compiled: yes)"
        },
        {
            "captured_at": "2025-10-25T06:35:00.549779+00:00",
            "command": "C:\\x_runner_x\\.venv\\Scripts\\python.exe -m ruff check . --select ALL --ignore D,COM812,ISC001,T20 --line-length 88 --target-version py311",
            "detail": {
                "cached": false,
                "cmd": [
                    "C:\\x_runner_x\\.venv\\Scripts\\python.exe",
                    "-m",
                    "ruff",
                    "check",
                    ".",
                    "--select",
                    "ALL",
                    "--ignore",
                    "D,COM812,ISC001,T20",
                    "--line-length",
                    "88",
                    "--target-version",
                    "py311"
                ],
                "cmd_display": "C:\\x_runner_x\\.venv\\Scripts\\python.exe -m ruff check . --select ALL --ignore D,COM812,ISC001,T20 --line-length 88 --target-version py311",
                "cwd": "C:\\x_runner_x\\x_make_yahw_x",
                "duration_seconds": 0.13566059997538105,
                "ended_at": "2025-10-25T06:35:00.549779+00:00",
                "exit": 1,
                "failed_files": [],
                "files_checked": [
                    "__init__.py",
                    "json_contracts.py",
                    "tests/__init__.py",
                    "tests/conftest.py",
                    "tests/test_json_contracts.py",
                    "tests/test_main_json.py",
                    "tests/test_yahw.py",
                    "x_cls_make_yahw_x.py"
                ],
                "repo": "x_make_yahw_x",
                "repo_hash": "1ae91a938cd621b5c857d1e3664e152c2690d31bc83972e6c3a03ba932f34b32",
                "repo_path": "C:\\x_runner_x\\x_make_yahw_x",
                "started_at": "2025-10-25T06:35:00.417287+00:00",
                "stderr": "",
                "stdout": "TC003 Move standard library import `collections.abc.Mapping` into a type-checking block\n --> tests\\test_main_json.py:4:29\n  |\n3 | import importlib\n4 | from collections.abc import Mapping\n  |                             ^^^^^^^\n5 | from types import SimpleNamespace\n6 | from typing import NoReturn, cast\n  |\nhelp: Move into type-checking block\n\nTC002 Move third-party import `pytest` into a type-checking block\n --> tests\\test_main_json.py:8:8\n  |\n6 | from typing import NoReturn, cast\n7 |\n8 | import pytest\n  |        ^^^^^^\n9 | from x_make_common_x.json_contracts import validate_payload\n  |\nhelp: Move into type-checking block\n\nFound 2 errors.\nNo fixes available (2 hidden fixes can be enabled with the `--unsafe-fixes` option).\n",
                "tool": "ruff_check",
                "tool_module": "ruff",
                "tool_version": "ruff 0.14.2"
            },
            "exit": "exit 1",
            "message": "ruff_check failed for x_make_yahw_x (exit 1)\ncwd: C:\\x_runner_x\\x_make_yahw_x\ncommand: C:\\x_runner_x\\.venv\\Scripts\\python.exe -m ruff check . --select ALL --ignore D,COM812,ISC001,T20 --line-length 88 --target-version py311\nstarted_at: 2025-10-25T06:35:00.417287+00:00\nduration: 0.136s\ntool_version: ruff 0.14.2\nstdout:\nTC003 Move standard library import `collections.abc.Mapping` into a type-checking block\n --> tests\\test_main_json.py:4:29\n  |\n3 | import importlib\n4 | from collections.abc import Mapping\n\u2026\nstderr:\n<empty>",
            "repo": "x_make_yahw_x",
            "repo_path": "C:\\x_runner_x\\x_make_yahw_x",
            "stderr_preview": null,
            "stdout_preview": "TC003 Move standard library import `collections.abc.Mapping` into a type-checking block\n --> tests\\test_main_json.py:4:29\n  |\n3 | import importlib\n4 | from collections.abc import Mapping\n\u2026",
            "suggested_action": "Investigate",
            "summary": "ruff_check failed for x_make_yahw_x (exit 1) cwd: C:\\x_runner_x\\x_make_yahw_x command: C:\\x_runner_x\\.venv\\Scripts\\python.exe -m ruff check . --select ALL --ignore D,COM812,ISC001,T20 --line-length 88 --target-version py311 started_at: 202\u2026",
            "tool": "ruff_check",
            "tool_version": "ruff 0.14.2"
        },
        {
            "captured_at": "2025-10-25T06:34:59.074271+00:00",
            "command": "C:\\x_runner_x\\.venv\\Scripts\\python.exe -m ruff check . --fix --select ALL --ignore D,COM812,ISC001,T20 --line-length 88 --target-version py311",
            "detail": {
                "cached": false,
                "cmd": [
                    "C:\\x_runner_x\\.venv\\Scripts\\python.exe",
                    "-m",
                    "ruff",
                    "check",
                    ".",
                    "--fix",
                    "--select",
                    "ALL",
                    "--ignore",
                    "D,COM812,ISC001,T20",
                    "--line-length",
                    "88",
                    "--target-version",
                    "py311"
                ],
                "cmd_display": "C:\\x_runner_x\\.venv\\Scripts\\python.exe -m ruff check . --fix --select ALL --ignore D,COM812,ISC001,T20 --line-length 88 --target-version py311",
                "cwd": "C:\\x_runner_x\\x_make_yahw_x",
                "duration_seconds": 0.2516910000122152,
                "ended_at": "2025-10-25T06:34:59.074271+00:00",
                "exit": 1,
                "failed_files": [],
                "files_checked": [
                    "__init__.py",
                    "json_contracts.py",
                    "tests/__init__.py",
                    "tests/conftest.py",
                    "tests/test_json_contracts.py",
                    "tests/test_main_json.py",
                    "tests/test_yahw.py",
                    "x_cls_make_yahw_x.py"
                ],
                "repo": "x_make_yahw_x",
                "repo_hash": "1ae91a938cd621b5c857d1e3664e152c2690d31bc83972e6c3a03ba932f34b32",
                "repo_path": "C:\\x_runner_x\\x_make_yahw_x",
                "started_at": "2025-10-25T06:34:58.823170+00:00",
                "stderr": "",
                "stdout": "TC003 Move standard library import `collections.abc.Mapping` into a type-checking block\n --> tests\\test_main_json.py:4:29\n  |\n3 | import importlib\n4 | from collections.abc import Mapping\n  |                             ^^^^^^^\n5 | from types import SimpleNamespace\n6 | from typing import NoReturn, cast\n  |\nhelp: Move into type-checking block\n\nTC002 Move third-party import `pytest` into a type-checking block\n --> tests\\test_main_json.py:8:8\n  |\n6 | from typing import NoReturn, cast\n7 |\n8 | import pytest\n  |        ^^^^^^\n9 | from x_make_common_x.json_contracts import validate_payload\n  |\nhelp: Move into type-checking block\n\nFound 2 errors.\nNo fixes available (2 hidden fixes can be enabled with the `--unsafe-fixes` option).\n",
                "tool": "ruff_fix",
                "tool_module": "ruff",
                "tool_version": "ruff 0.14.2"
            },
            "exit": "exit 1",
            "message": "ruff_fix failed for x_make_yahw_x (exit 1)\ncwd: C:\\x_runner_x\\x_make_yahw_x\ncommand: C:\\x_runner_x\\.venv\\Scripts\\python.exe -m ruff check . --fix --select ALL --ignore D,COM812,ISC001,T20 --line-length 88 --target-version py311\nstarted_at: 2025-10-25T06:34:58.823170+00:00\nduration: 0.252s\ntool_version: ruff 0.14.2\nstdout:\nTC003 Move standard library import `collections.abc.Mapping` into a type-checking block\n --> tests\\test_main_json.py:4:29\n  |\n3 | import importlib\n4 | from collections.abc import Mapping\n\u2026\nstderr:\n<empty>",
            "repo": "x_make_yahw_x",
            "repo_path": "C:\\x_runner_x\\x_make_yahw_x",
            "stderr_preview": null,
            "stdout_preview": "TC003 Move standard library import `collections.abc.Mapping` into a type-checking block\n --> tests\\test_main_json.py:4:29\n  |\n3 | import importlib\n4 | from collections.abc import Mapping\n\u2026",
            "suggested_action": "Investigate",
            "summary": "ruff_fix failed for x_make_yahw_x (exit 1) cwd: C:\\x_runner_x\\x_make_yahw_x command: C:\\x_runner_x\\.venv\\Scripts\\python.exe -m ruff check . --fix --select ALL --ignore D,COM812,ISC001,T20 --line-length 88 --target-version py311 started_at:\u2026",
            "tool": "ruff_fix",
            "tool_version": "ruff 0.14.2"
        }
    ],
    "generated_at": "2025-10-25T06:35:04.615421+00:00",
    "runtime": {
        "environment": {
            "PATH": "C:\\x_runner_x\\.venv\\Lib\\site-packages\\PySide6;C:\\windows\\system32;C:\\windows;C:\\windows\\System32\\Wbem;C:\\windows\\System32\\WindowsPowerShell\\v1.0\\;C:\\windows\\System32\\OpenSSH\\;C:\\Program Files\\Git\\cmd;C:\\Program Files\\HP\\HP One Agent;C:\\Users\\eye43\\AppData\\Local\\Programs\\Python\\Launcher\\;C:\\Users\\eye43\\AppData\\Local\\Programs\\Microsoft VS Code\\bin;C:\\x_runner_x\\tools\\node-v20.11.1-win-x64\\node-v20.11.1-win-x64;C:\\x_runner_x\\tools\\node-v20.11.1-win-x64\\node-v20.11.1-win-x64\\node_modules\\npm\\bin;C:\\Users\\eye43\\AppData\\Local\\Programs\\Python\\Python314\\Scripts;c:\\Users\\eye43\\.vscode\\extensions\\ms-python.debugpy-2025.14.1-win32-x64\\bundled\\scripts\\noConfigScripts;c:\\Users\\eye43\\AppData\\Roaming\\Code\\User\\globalStorage\\github.copilot-chat\\debugCommand"
        },
        "platform": "Windows-11-10.0.26100-SP0",
        "python_executable": "C:\\x_runner_x\\.venv\\Scripts\\python.exe",
        "python_version": "3.12.6 (main, Sep  9 2024, 20:50:27) [MSC v.1929 64 bit (AMD64)]",
        "run_completed_at": "2025-10-25T06:35:04.615421+00:00",
        "run_started_at": "2025-10-25T06:29:11.442387+00:00",
        "workspace_root": "C:\\x_runner_x"
    },
    "schema_version": "1.0",
    "summary": {
        "overall_stats": {
            "cache_hits": 2,
            "cache_misses": 78,
            "failed_tools": 23,
            "had_failures": true,
            "total_tools_run": 80
        },
        "repos": {
            "x_0_make_all_x": {
                "cached": 0,
                "failed": 0,
                "repo_hash": "aa6588ea53d5489b527eefe757e6fbe5b4a458f6084531f97e88c69c2f079f54",
                "tools": {
                    "black": {
                        "cached": false,
                        "exit": 0,
                        "timed_out": false
                    },
                    "mypy": {
                        "cached": false,
                        "exit": 0,
                        "timed_out": false
                    },
                    "pyright": {
                        "cached": false,
                        "exit": 0,
                        "timed_out": false
                    },
                    "ruff_check": {
                        "cached": false,
                        "exit": 0,
                        "timed_out": false
                    },
                    "ruff_fix": {
                        "cached": false,
                        "exit": 0,
                        "timed_out": false
                    }
                }
            },
            "x_0_make_ppnw_dot_ai_x": {
                "cached": 0,
                "failed": 3,
                "repo_hash": "c8b9a6cb53296de1a817da66daf6a510def227b77578a7bcb3ad0bab93189c4a",
                "tools": {
                    "black": {
                        "cached": false,
                        "exit": 0,
                        "timed_out": false
                    },
                    "mypy": {
                        "cached": false,
                        "exit": 1,
                        "timed_out": false
                    },
                    "pyright": {
                        "cached": false,
                        "exit": 0,
                        "timed_out": false
                    },
                    "ruff_check": {
                        "cached": false,
                        "exit": 1,
                        "timed_out": false
                    },
                    "ruff_fix": {
                        "cached": false,
                        "exit": 1,
                        "timed_out": false
                    }
                }
            },
            "x_legatus_acta_schedae_x": {
                "cached": 0,
                "failed": 3,
                "repo_hash": "63363ea2bbeec7f5028154515d1f330cfde4dd6c204b410086371956f4ffbb60",
                "tools": {
                    "black": {
                        "cached": false,
                        "exit": 1,
                        "timed_out": false
                    },
                    "mypy": {
                        "cached": false,
                        "exit": 0,
                        "timed_out": false
                    },
                    "pyright": {
                        "cached": false,
                        "exit": 0,
                        "timed_out": false
                    },
                    "ruff_check": {
                        "cached": false,
                        "exit": 1,
                        "timed_out": false
                    },
                    "ruff_fix": {
                        "cached": false,
                        "exit": 1,
                        "timed_out": false
                    }
                }
            },
            "x_legatus_tactica_impetus_x": {
                "cached": 2,
                "failed": 0,
                "repo_hash": "9fe8fa5da6bb7971aae3acb28f1cc21b176c9c0916997a30407b350986bb270b",
                "tools": {
                    "black": {
                        "cached": false,
                        "exit": 0,
                        "timed_out": false
                    },
                    "mypy": {
                        "cached": false,
                        "exit": 0,
                        "timed_out": false
                    },
                    "pyright": {
                        "cached": false,
                        "exit": 0,
                        "timed_out": false
                    },
                    "ruff_check": {
                        "cached": true,
                        "exit": 0,
                        "timed_out": false
                    },
                    "ruff_fix": {
                        "cached": true,
                        "exit": 0,
                        "timed_out": false
                    }
                }
            },
            "x_make_common_x": {
                "cached": 0,
                "failed": 0,
                "repo_hash": "bd3192596745591227d452cc9e97194b006c25a74225d7e4fe4666f3dfa4af8c",
                "tools": {
                    "black": {
                        "cached": false,
                        "exit": 0,
                        "timed_out": false
                    },
                    "mypy": {
                        "cached": false,
                        "exit": 0,
                        "timed_out": false
                    },
                    "pyright": {
                        "cached": false,
                        "exit": 0,
                        "timed_out": false
                    },
                    "ruff_check": {
                        "cached": false,
                        "exit": 0,
                        "timed_out": false
                    },
                    "ruff_fix": {
                        "cached": false,
                        "exit": 0,
                        "timed_out": false
                    }
                }
            },
            "x_make_github_clones_x": {
                "cached": 0,
                "failed": 3,
                "repo_hash": "57e152e22fd1fa23f0c59002dba0924869534eb029d160ecc56ea36b0b528e62",
                "tools": {
                    "black": {
                        "cached": false,
                        "exit": 0,
                        "timed_out": false
                    },
                    "mypy": {
                        "cached": false,
                        "exit": 1,
                        "timed_out": false
                    },
                    "pyright": {
                        "cached": false,
                        "exit": 0,
                        "timed_out": false
                    },
                    "ruff_check": {
                        "cached": false,
                        "exit": 1,
                        "timed_out": false
                    },
                    "ruff_fix": {
                        "cached": false,
                        "exit": 1,
                        "timed_out": false
                    }
                }
            },
            "x_make_github_visitor_x": {
                "cached": 0,
                "failed": 1,
                "repo_hash": "76034a446bd7d0b8c5955f8a0a7a4f0a4d2aac2e8110895e3b3541c920eff109",
                "tools": {
                    "black": {
                        "cached": false,
                        "exit": 0,
                        "timed_out": false
                    },
                    "mypy": {
                        "cached": false,
                        "exit": 1,
                        "timed_out": false
                    },
                    "pyright": {
                        "cached": false,
                        "exit": 0,
                        "timed_out": false
                    },
                    "ruff_check": {
                        "cached": false,
                        "exit": 0,
                        "timed_out": false
                    },
                    "ruff_fix": {
                        "cached": false,
                        "exit": 0,
                        "timed_out": false
                    }
                }
            },
            "x_make_graphviz_x": {
                "cached": 0,
                "failed": 0,
                "repo_hash": "3ae084b4c5140fce0b99fc224c94adde1ca545f9b999dd057999091f40b3de81",
                "tools": {
                    "black": {
                        "cached": false,
                        "exit": 0,
                        "timed_out": false
                    },
                    "mypy": {
                        "cached": false,
                        "exit": 0,
                        "timed_out": false
                    },
                    "pyright": {
                        "cached": false,
                        "exit": 0,
                        "timed_out": false
                    },
                    "ruff_check": {
                        "cached": false,
                        "exit": 0,
                        "timed_out": false
                    },
                    "ruff_fix": {
                        "cached": false,
                        "exit": 0,
                        "timed_out": false
                    }
                }
            },
            "x_make_markdown_x": {
                "cached": 0,
                "failed": 1,
                "repo_hash": "8a418135eec5717fe80e636c524d3d1592d8f21050d84f3b4bbbf7dc1a531092",
                "tools": {
                    "black": {
                        "cached": false,
                        "exit": 0,
                        "timed_out": false
                    },
                    "mypy": {
                        "cached": false,
                        "exit": 1,
                        "timed_out": false
                    },
                    "pyright": {
                        "cached": false,
                        "exit": 0,
                        "timed_out": false
                    },
                    "ruff_check": {
                        "cached": false,
                        "exit": 0,
                        "timed_out": false
                    },
                    "ruff_fix": {
                        "cached": false,
                        "exit": 0,
                        "timed_out": false
                    }
                }
            },
            "x_make_mermaid_x": {
                "cached": 0,
                "failed": 1,
                "repo_hash": "3ddd27d5ab64fcaa6d685a2a60e43b114fa7e82304ea5a167c511d144014e710",
                "tools": {
                    "black": {
                        "cached": false,
                        "exit": 0,
                        "timed_out": false
                    },
                    "mypy": {
                        "cached": false,
                        "exit": 1,
                        "timed_out": false
                    },
                    "pyright": {
                        "cached": false,
                        "exit": 0,
                        "timed_out": false
                    },
                    "ruff_check": {
                        "cached": false,
                        "exit": 0,
                        "timed_out": false
                    },
                    "ruff_fix": {
                        "cached": false,
                        "exit": 0,
                        "timed_out": false
                    }
                }
            },
            "x_make_persistent_env_var_x": {
                "cached": 0,
                "failed": 3,
                "repo_hash": "39345177145e11597274074d3dc3bde694bd582b2c9397738648af1e3a75a927",
                "tools": {
                    "black": {
                        "cached": false,
                        "exit": 0,
                        "timed_out": false
                    },
                    "mypy": {
                        "cached": false,
                        "exit": 1,
                        "timed_out": false
                    },
                    "pyright": {
                        "cached": false,
                        "exit": 0,
                        "timed_out": false
                    },
                    "ruff_check": {
                        "cached": false,
                        "exit": 1,
                        "timed_out": false
                    },
                    "ruff_fix": {
                        "cached": false,
                        "exit": 1,
                        "timed_out": false
                    }
                }
            },
            "x_make_pip_updates_x": {
                "cached": 0,
                "failed": 0,
                "repo_hash": "799f8f30af9ee96630ad78f6a53de987c5e4e4b0236c6de9c0749ae7a51f9249",
                "tools": {
                    "black": {
                        "cached": false,
                        "exit": 0,
                        "timed_out": false
                    },
                    "mypy": {
                        "cached": false,
                        "exit": 0,
                        "timed_out": false
                    },
                    "pyright": {
                        "cached": false,
                        "exit": 0,
                        "timed_out": false
                    },
                    "ruff_check": {
                        "cached": false,
                        "exit": 0,
                        "timed_out": false
                    },
                    "ruff_fix": {
                        "cached": false,
                        "exit": 0,
                        "timed_out": false
                    }
                }
            },
            "x_make_py_mod_sideload_x": {
                "cached": 0,
                "failed": 1,
                "repo_hash": "f013bed92db87109b2067fcf93d4615f1d70ea4210150f16fb8eb1b6df808ab0",
                "tools": {
                    "black": {
                        "cached": false,
                        "exit": 0,
                        "timed_out": false
                    },
                    "mypy": {
                        "cached": false,
                        "exit": 1,
                        "timed_out": false
                    },
                    "pyright": {
                        "cached": false,
                        "exit": 0,
                        "timed_out": false
                    },
                    "ruff_check": {
                        "cached": false,
                        "exit": 0,
                        "timed_out": false
                    },
                    "ruff_fix": {
                        "cached": false,
                        "exit": 0,
                        "timed_out": false
                    }
                }
            },
            "x_make_py_venv_x": {
                "cached": 0,
                "failed": 1,
                "repo_hash": "7c460748f02445807f96cecbb2d1c5dfad54b50be0c05455c7861edde1ce010f",
                "tools": {
                    "black": {
                        "cached": false,
                        "exit": 0,
                        "timed_out": false
                    },
                    "mypy": {
                        "cached": false,
                        "exit": 1,
                        "timed_out": false
                    },
                    "pyright": {
                        "cached": false,
                        "exit": 0,
                        "timed_out": false
                    },
                    "ruff_check": {
                        "cached": false,
                        "exit": 0,
                        "timed_out": false
                    },
                    "ruff_fix": {
                        "cached": false,
                        "exit": 0,
                        "timed_out": false
                    }
                }
            },
            "x_make_pypi_x": {
                "cached": 0,
                "failed": 3,
                "repo_hash": "d527d4a3fa17964effb56e928aeae9637c8d3886588656a7a62cc476b3f6e3c5",
                "tools": {
                    "black": {
                        "cached": false,
                        "exit": 0,
                        "timed_out": false
                    },
                    "mypy": {
                        "cached": false,
                        "exit": 1,
                        "timed_out": false
                    },
                    "pyright": {
                        "cached": false,
                        "exit": 0,
                        "timed_out": false
                    },
                    "ruff_check": {
                        "cached": false,
                        "exit": 1,
                        "timed_out": false
                    },
                    "ruff_fix": {
                        "cached": false,
                        "exit": 1,
                        "timed_out": false
                    }
                }
            },
            "x_make_yahw_x": {
                "cached": 0,
                "failed": 3,
                "repo_hash": "1ae91a938cd621b5c857d1e3664e152c2690d31bc83972e6c3a03ba932f34b32",
                "tools": {
                    "black": {
                        "cached": false,
                        "exit": 0,
                        "timed_out": false
                    },
                    "mypy": {
                        "cached": false,
                        "exit": 1,
                        "timed_out": false
                    },
                    "pyright": {
                        "cached": false,
                        "exit": 0,
                        "timed_out": false
                    },
                    "ruff_check": {
                        "cached": false,
                        "exit": 1,
                        "timed_out": false
                    },
                    "ruff_fix": {
                        "cached": false,
                        "exit": 1,
                        "timed_out": false
                    }
                }
            }
        },
        "timestamp": "2025-10-25T06:35:04.615421+00:00",
        "total_repos": 16
    },
    "tool_versions": {
        "black": "python -m black, 25.9.0 (compiled: yes)\nPython (CPython) 3.12.6",
        "mypy": "mypy 1.18.2 (compiled: yes)",
        "pyright": "pyright 1.1.407",
        "ruff": "ruff 0.14.2"
    },
    "workspace_root": "C:\\x_runner_x"
}