{
    "failures": [
        {
            "captured_at": "2025-10-23T01:08:36.772907+00:00",
            "command": "C:\\x_runner_x\\.venvs\\.venv-3.12.6\\Scripts\\python.exe -m pyright . --level error",
            "detail": {
                "cached": false,
                "cmd": [
                    "C:\\x_runner_x\\.venvs\\.venv-3.12.6\\Scripts\\python.exe",
                    "-m",
                    "pyright",
                    ".",
                    "--level",
                    "error"
                ],
                "cmd_display": "C:\\x_runner_x\\.venvs\\.venv-3.12.6\\Scripts\\python.exe -m pyright . --level error",
                "cwd": "C:\\x_runner_x\\x_0_make_all_x",
                "duration_seconds": 3.8190703000000212,
                "ended_at": "2025-10-23T01:08:36.772907+00:00",
                "exit": 3221225786,
                "failed_files": [],
                "files_checked": [
                    "__init__.py",
                    "forceit.py",
                    "interface/__init__.py",
                    "interface/commit.py",
                    "interface/gui/__init__.py",
                    "interface/gui/app.py",
                    "interface/gui/commit.py",
                    "interface/gui/progress_board.py",
                    "interface/gui/prototypes/__init__.py",
                    "interface/gui/prototypes/form_schemas.py",
                    "interface/gui/prototypes/nicegui_control_center.py",
                    "interface/gui/prototypes/shared.py",
                    "interface/gui/prototypes/textual_control_center.py",
                    "interface/gui/tree.py",
                    "interface/tree.py",
                    "manifest.py",
                    "tests/__init__.py",
                    "tests/test_forceit.py",
                    "tests/test_gui_columns.py",
                    "tests/test_gui_commit.py",
                    "tests/test_gui_exit_code.py",
                    "tests/test_gui_tree.py",
                    "tests/test_make_all_commit_cli.py",
                    "tests/test_make_all_kanban.py",
                    "tests/test_make_all_pip_updates.py",
                    "tests/test_orchestrator_clones_stage.py",
                    "tests/test_orchestrator_visitor_stage.py",
                    "tests/test_publish_manifest.py",
                    "x_cls_make_all_x.py"
                ],
                "repo": "x_0_make_all_x",
                "repo_hash": "242bba145501b0a121499b4550a693de049081e0169f59000109605fcd446d63",
                "repo_path": "C:\\x_runner_x\\x_0_make_all_x",
                "started_at": "2025-10-23T01:08:32.959570+00:00",
                "stderr": "Traceback (most recent call last):\n  File \"<frozen runpy>\", line 198, in _run_module_as_main\n  File \"<frozen runpy>\", line 88, in _run_code\n  File \"C:\\x_runner_x\\.venvs\\.venv-3.12.6\\Lib\\site-packages\\pyright\\__main__.py\", line 4, in <module>\n    entrypoint()\n  File \"C:\\x_runner_x\\.venvs\\.venv-3.12.6\\Lib\\site-packages\\pyright\\cli.py\", line 31, in entrypoint\n    sys.exit(main(sys.argv[1:]))\n             ^^^^^^^^^^^^^^^^^^\n  File \"C:\\x_runner_x\\.venvs\\.venv-3.12.6\\Lib\\site-packages\\pyright\\cli.py\", line 18, in main\n    return run(*args, **kwargs).returncode\n           ^^^^^^^^^^^^^^^^^^^^\n  File \"C:\\x_runner_x\\.venvs\\.venv-3.12.6\\Lib\\site-packages\\pyright\\cli.py\", line 27, in run\n    return node.run('node', str(script), *args, **kwargs)\n           ^^^^^^^^^^^^^^^^^^^^^^^^^^^^^^^^^^^^^^^^^^^^^^\n  File \"C:\\x_runner_x\\.venvs\\.venv-3.12.6\\Lib\\site-packages\\pyright\\node.py\", line 144, in run\n    subprocess.run(node_args, **kwargs),\n    ^^^^^^^^^^^^^^^^^^^^^^^^^^^^^^^^^^^\n  File \"C:\\Users\\eye43\\AppData\\Roaming\\uv\\python\\cpython-3.12.6-windows-x86_64-none\\Lib\\subprocess.py\", line 550, in run\n    stdout, stderr = process.communicate(input, timeout=timeout)\n                     ^^^^^^^^^^^^^^^^^^^^^^^^^^^^^^^^^^^^^^^^^^^\n  File \"C:\\Users\\eye43\\AppData\\Roaming\\uv\\python\\cpython-3.12.6-windows-x86_64-none\\Lib\\subprocess.py\", line 1201, in communicate\n    self.wait()\n  File \"C:\\Users\\eye43\\AppData\\Roaming\\uv\\python\\cpython-3.12.6-windows-x86_64-none\\Lib\\subprocess.py\", line 1264, in wait\n    return self._wait(timeout=timeout)\n           ^^^^^^^^^^^^^^^^^^^^^^^^^^^\n  File \"C:\\Users\\eye43\\AppData\\Roaming\\uv\\python\\cpython-3.12.6-windows-x86_64-none\\Lib\\subprocess.py\", line 1590, in _wait\n    result = _winapi.WaitForSingleObject(self._handle,\n             ^^^^^^^^^^^^^^^^^^^^^^^^^^^^^^^^^^^^^^^^^\nKeyboardInterrupt\n",
                "stdout": "",
                "tool": "pyright",
                "tool_module": "pyright",
                "tool_version": "pyright 1.1.406"
            },
            "exit": "exit 3221225786",
            "message": "pyright failed for x_0_make_all_x (exit 3221225786)\ncwd: C:\\x_runner_x\\x_0_make_all_x\ncommand: C:\\x_runner_x\\.venvs\\.venv-3.12.6\\Scripts\\python.exe -m pyright . --level error\nstarted_at: 2025-10-23T01:08:32.959570+00:00\nduration: 3.819s\ntool_version: pyright 1.1.406\nstdout:\n<empty>\nstderr:\nTraceback (most recent call last):\n  File \"<frozen runpy>\", line 198, in _run_module_as_main\n  File \"<frozen runpy>\", line 88, in _run_code\n  File \"C:\\x_runner_x\\.venvs\\.venv-3.12.6\\Lib\\site-packages\\pyright\\__main__.py\", line 4, in <module>\n    entrypoint()\n\u2026",
            "repo": "x_0_make_all_x",
            "repo_path": "C:\\x_runner_x\\x_0_make_all_x",
            "stderr_preview": "Traceback (most recent call last):\n  File \"<frozen runpy>\", line 198, in _run_module_as_main\n  File \"<frozen runpy>\", line 88, in _run_code\n  File \"C:\\x_runner_x\\.venvs\\.venv-3.12.6\\Lib\\site-packages\\pyright\\__main__.py\", line 4, in <module>\n    entrypoint()\n\u2026",
            "stdout_preview": null,
            "suggested_action": "Investigate",
            "summary": "pyright failed for x_0_make_all_x (exit 3221225786) cwd: C:\\x_runner_x\\x_0_make_all_x command: C:\\x_runner_x\\.venvs\\.venv-3.12.6\\Scripts\\python.exe -m pyright . --level error started_at: 2025-10-23T01:08:32.959570+00:00 duration: 3.819s to\u2026",
            "tool": "pyright",
            "tool_version": "pyright 1.1.406"
        },
        {
            "captured_at": "2025-10-23T01:10:00.256215+00:00",
            "command": "C:\\x_runner_x\\.venvs\\.venv-3.12.6\\Scripts\\python.exe -m mypy . --strict --no-warn-unused-configs --show-error-codes --warn-return-any --warn-unreachable --disallow-any-unimported --disallow-any-expr --disallow-any-decorated --disallow-any-explicit",
            "detail": {
                "cached": false,
                "cmd": [
                    "C:\\x_runner_x\\.venvs\\.venv-3.12.6\\Scripts\\python.exe",
                    "-m",
                    "mypy",
                    ".",
                    "--strict",
                    "--no-warn-unused-configs",
                    "--show-error-codes",
                    "--warn-return-any",
                    "--warn-unreachable",
                    "--disallow-any-unimported",
                    "--disallow-any-expr",
                    "--disallow-any-decorated",
                    "--disallow-any-explicit"
                ],
                "cmd_display": "C:\\x_runner_x\\.venvs\\.venv-3.12.6\\Scripts\\python.exe -m mypy . --strict --no-warn-unused-configs --show-error-codes --warn-return-any --warn-unreachable --disallow-any-unimported --disallow-any-expr --disallow-any-decorated --disallow-any-explicit",
                "cwd": "C:\\x_runner_x\\x_make_common_x",
                "duration_seconds": 0.7949197999987518,
                "ended_at": "2025-10-23T01:10:00.256215+00:00",
                "exit": 1,
                "failed_files": [],
                "files_checked": [
                    "__init__.py",
                    "exporters.py",
                    "json_board.py",
                    "json_contracts.py",
                    "progress_snapshot.py",
                    "run_reports.py",
                    "stage_progress.py",
                    "telemetry.py",
                    "tests/__init__.py",
                    "tests/test_exporters.py",
                    "tests/test_json_board.py",
                    "tests/test_json_contracts.py",
                    "tests/test_subprocess_utils.py",
                    "x_cls_make_common_x.py",
                    "x_env_x.py",
                    "x_http_client_x.py",
                    "x_logging_utils_x.py",
                    "x_subprocess_utils_x.py"
                ],
                "repo": "x_make_common_x",
                "repo_hash": "53cb21ff8bd538fc876122f28950871cc7af69d726a72ed7d8684c89924663a4",
                "repo_path": "C:\\x_runner_x\\x_make_common_x",
                "started_at": "2025-10-23T01:09:59.464054+00:00",
                "stderr": "",
                "stdout": "tests\\test_json_board.py:8: error: Cannot find implementation or library stub for module named \"pytest\"  [import-not-found]\ntests\\test_json_board.py:47: error: Expression has type \"Any\"  [misc]\ntests\\test_subprocess_utils.py:8: error: Cannot find implementation or library stub for module named \"pytest\"  [import-not-found]\ntests\\test_subprocess_utils.py:52: error: Expression type contains \"Any\" (has type \"Callable[[Any], list[list[str]]]\")  [misc]\ntests\\test_subprocess_utils.py:53: error: Argument 1 to \"fake_run\" becomes \"Any\" due to an unfollowed import  [no-any-unimported]\ntests\\test_subprocess_utils.py:53: error: Type of decorated function contains type \"Any\" (\"Callable[[Any], list[list[str]]]\")  [misc]\ntests\\test_subprocess_utils.py:63: error: Expression has type \"Any\"  [misc]\ntests\\test_subprocess_utils.py:67: error: Argument 1 to \"test_run_command_echoes_when_explicit_test_mode\" becomes \"Any\" due to an unfollowed import  [no-any-unimported]\ntests\\test_subprocess_utils.py:72: error: Expression has type \"Any\"  [misc]\ntests\\test_subprocess_utils.py:91: error: Argument 1 to \"test_run_command_suppresses_echo_when_explicitly_disabled\" becomes \"Any\" due to an unfollowed import  [no-any-unimported]\ntests\\test_subprocess_utils.py:96: error: Expression has type \"Any\"  [misc]\ntests\\test_json_contracts.py:6: error: Cannot find implementation or library stub for module named \"pytest\"  [import-not-found]\ntests\\test_json_contracts.py:65: error: Expression has type \"Any\"  [misc]\ntests\\test_exporters.py:12: error: Cannot find implementation or library stub for module named \"pytest\"  [import-not-found]\ntests\\test_exporters.py:12: note: See https://mypy.readthedocs.io/en/stable/running_mypy.html#missing-imports\ntests\\test_exporters.py:53: error: Argument 2 to \"test_export_markdown_to_pdf_missing_binary\" becomes \"Any\" due to an unfollowed import  [no-any-unimported]\ntests\\test_exporters.py:56: error: Expression has type \"Any\"  [misc]\ntests\\test_exporters.py:59: error: Expression has type \"Any\"  [misc]\ntests\\test_exporters.py:60: error: Expression has type \"Any\"  [misc]\nFound 18 errors in 4 files (checked 18 source files)\n",
                "tool": "mypy",
                "tool_module": "mypy",
                "tool_version": "mypy 1.18.2 (compiled: yes)"
            },
            "exit": "exit 1",
            "message": "mypy failed for x_make_common_x (exit 1)\ncwd: C:\\x_runner_x\\x_make_common_x\ncommand: C:\\x_runner_x\\.venvs\\.venv-3.12.6\\Scripts\\python.exe -m mypy . --strict --no-warn-unused-configs --show-error-codes --warn-return-any --warn-unreachable --disallow-any-unimported --disallow-any-expr --disallow-any-decorated --disallow-any-explicit\nstarted_at: 2025-10-23T01:09:59.464054+00:00\nduration: 0.795s\ntool_version: mypy 1.18.2 (compiled: yes)\nstdout:\ntests\\test_json_board.py:8: error: Cannot find implementation or library stub for module named \"pytest\"  [import-not-found]\ntests\\test_json_board.py:47: error: Expression has type \"Any\"  [misc]\ntests\\test_subprocess_utils.py:8: error: Cannot find implementation or library stub for module named \"pytest\"  [import-not-found]\ntests\\test_subprocess_utils.py:52: error: Expression type contains \"Any\" (has type \"Callable[[Any], list[list[str]]]\")  [misc]\ntests\\test_subprocess_utils.py:53: error: Argument 1 to \"fake_run\" becomes \"Any\" due to an unfollowed import  [no-any-unimported]\n\u2026\nstderr:\n<empty>",
            "repo": "x_make_common_x",
            "repo_path": "C:\\x_runner_x\\x_make_common_x",
            "stderr_preview": null,
            "stdout_preview": "tests\\test_json_board.py:8: error: Cannot find implementation or library stub for module named \"pytest\"  [import-not-found]\ntests\\test_json_board.py:47: error: Expression has type \"Any\"  [misc]\ntests\\test_subprocess_utils.py:8: error: Cannot find implementation or library stub for module named \"pytest\"  [import-not-found]\ntests\\test_subprocess_utils.py:52: error: Expression type contains \"Any\" (has type \"Callable[[Any], list[list[str]]]\")  [misc]\ntests\\test_subprocess_utils.py:53: error: Argument 1 to \"fake_run\" becomes \"Any\" due to an unfollowed import  [no-any-unimported]\n\u2026",
            "suggested_action": "Investigate",
            "summary": "mypy failed for x_make_common_x (exit 1) cwd: C:\\x_runner_x\\x_make_common_x command: C:\\x_runner_x\\.venvs\\.venv-3.12.6\\Scripts\\python.exe -m mypy . --strict --no-warn-unused-configs --show-error-codes --warn-return-any --warn-unreachable -\u2026",
            "tool": "mypy",
            "tool_version": "mypy 1.18.2 (compiled: yes)"
        },
        {
            "captured_at": "2025-10-23T01:10:17.690913+00:00",
            "command": "C:\\x_runner_x\\.venvs\\.venv-3.12.6\\Scripts\\python.exe -m mypy . --strict --no-warn-unused-configs --show-error-codes --warn-return-any --warn-unreachable --disallow-any-unimported --disallow-any-expr --disallow-any-decorated --disallow-any-explicit",
            "detail": {
                "cached": false,
                "cmd": [
                    "C:\\x_runner_x\\.venvs\\.venv-3.12.6\\Scripts\\python.exe",
                    "-m",
                    "mypy",
                    ".",
                    "--strict",
                    "--no-warn-unused-configs",
                    "--show-error-codes",
                    "--warn-return-any",
                    "--warn-unreachable",
                    "--disallow-any-unimported",
                    "--disallow-any-expr",
                    "--disallow-any-decorated",
                    "--disallow-any-explicit"
                ],
                "cmd_display": "C:\\x_runner_x\\.venvs\\.venv-3.12.6\\Scripts\\python.exe -m mypy . --strict --no-warn-unused-configs --show-error-codes --warn-return-any --warn-unreachable --disallow-any-unimported --disallow-any-expr --disallow-any-decorated --disallow-any-explicit",
                "cwd": "C:\\x_runner_x\\x_make_github_clones_x",
                "duration_seconds": 0.8588152000011178,
                "ended_at": "2025-10-23T01:10:17.690913+00:00",
                "exit": 1,
                "failed_files": [],
                "files_checked": [
                    "__init__.py",
                    "fastapi/__init__.py",
                    "fastapi/__main__.py",
                    "fastapi/cli.py",
                    "fastapi_cli/__init__.py",
                    "fastapi_cli/cli.py",
                    "json_contracts/__init__.py",
                    "json_contracts/_impl.py",
                    "tests/__init__.py",
                    "tests/test_json_contracts.py",
                    "tests/test_make_github_clones.py",
                    "x_cls_make_github_clones_x.py",
                    "x_make_github_clones_x/__init__.py",
                    "x_make_github_clones_x/x_cls_make_github_clones_x.py"
                ],
                "repo": "x_make_github_clones_x",
                "repo_hash": "a356f836d60031bd9c95a0c09cd41ad5afe95a7c078aa5a676a89b9df7765a67",
                "repo_path": "C:\\x_runner_x\\x_make_github_clones_x",
                "started_at": "2025-10-23T01:10:16.834538+00:00",
                "stderr": "",
                "stdout": "x_make_github_clones_x\\__init__.py:3: error: Module \"x_make_github_clones_x.x_cls_make_github_clones_x\" has no attribute \"RepoRecord\"  [attr-defined]\nx_make_github_clones_x\\__init__.py:3: error: Module \"x_make_github_clones_x.x_cls_make_github_clones_x\" has no attribute \"x_cls_make_github_clones_x\"  [attr-defined]\n__init__.py:6: error: Module \"x_make_github_clones_x.x_cls_make_github_clones_x\" has no attribute \"RepoRecord\"  [attr-defined]\n__init__.py:6: error: Module \"x_make_github_clones_x.x_cls_make_github_clones_x\" has no attribute \"main_json\"  [attr-defined]\n__init__.py:6: error: Module \"x_make_github_clones_x.x_cls_make_github_clones_x\" has no attribute \"resolve_workspace_root\"  [attr-defined]\n__init__.py:6: error: Module \"x_make_github_clones_x.x_cls_make_github_clones_x\" has no attribute \"synchronize_workspace\"  [attr-defined]\n__init__.py:6: error: Module \"x_make_github_clones_x.x_cls_make_github_clones_x\" has no attribute \"x_cls_make_github_clones_x\"  [attr-defined]\ntests\\test_make_github_clones.py:8: error: Module \"x_make_github_clones_x.x_cls_make_github_clones_x\" has no attribute \"RepoRecord\"  [attr-defined]\ntests\\test_make_github_clones.py:8: error: Module \"x_make_github_clones_x.x_cls_make_github_clones_x\" has no attribute \"x_cls_make_github_clones_x\"  [attr-defined]\ntests\\test_make_github_clones.py:25: error: Return type becomes \"Any\" due to an unfollowed import  [no-any-unimported]\ntests\\test_make_github_clones.py:26: error: Expression has type \"Any\"  [misc]\ntests\\test_make_github_clones.py:59: error: Expression has type \"Any\"  [misc]\ntests\\test_make_github_clones.py:61: error: Argument 1 to \"fake_request_json\" becomes \"Any\" due to an unfollowed import  [no-any-unimported]\ntests\\test_make_github_clones.py:68: error: Expression has type \"Any\"  [misc]\ntests\\test_make_github_clones.py:85: error: Expression has type \"Any\"  [misc]\ntests\\test_make_github_clones.py:87: error: Expression type contains \"Any\" (has type \"Callable[[Any, str, dict[str, str] | None], list[dict[str, object]]]\")  [misc]\ntests\\test_make_github_clones.py:91: error: Expression has type \"Any\"  [misc]\ntests\\test_make_github_clones.py:92: error: Expression has type \"Any\"  [misc]\ntests\\test_make_github_clones.py:92: error: Expression type contains \"Any\" (has type \"list[Any]\")  [misc]\ntests\\test_make_github_clones.py:99: error: Expression has type \"Any\"  [misc]\ntests\\test_make_github_clones.py:100: error: Expression has type \"Any\"  [misc]\ntests\\test_make_github_clones.py:107: error: Expression has type \"Any\"  [misc]\ntests\\test_make_github_clones.py:108: error: Expression has type \"Any\"  [misc]\ntests\\test_make_github_clones.py:110: error: Return type becomes \"list[Any]\" due to an unfollowed import  [no-any-unimported]\ntests\\test_make_github_clones.py:110: error: Argument 1 to \"fake_fetch\" becomes \"Any\" due to an unfollowed import  [no-any-unimported]\ntests\\test_make_github_clones.py:115: error: Expression type contains \"Any\" (has type \"list[Any]\")  [misc]\ntests\\test_make_github_clones.py:115: error: Expression has type \"Any\"  [misc]\ntests\\test_make_github_clones.py:118: error: Expression has type \"Any\"  [misc]\ntests\\test_make_github_clones.py:120: error: Expression type contains \"Any\" (has type \"Callable[[Any, str | None, KwArg(object)], list[Any]]\")  [misc]\ntests\\test_make_github_clones.py:126: error: Argument 1 to \"fake_attempt\" becomes \"Any\" due to an unfollowed import  [no-any-unimported]\ntests\\test_make_github_clones.py:135: error: Expression has type \"Any\"  [misc]\ntests\\test_make_github_clones.py:137: error: Expression type contains \"Any\" (has type \"Callable[[Any, Path, str], bool]\")  [misc]\ntests\\test_make_github_clones.py:141: error: Expression has type \"Any\"  [misc]\ntests\\test_make_github_clones.py:142: error: Expression has type \"Any\"  [misc]\ntests\\test_make_github_clones.py:143: error: Expression has type \"Any\"  [misc]\ntests\\test_make_github_clones.py:145: error: Expression type contains \"Any\" (has type \"list[tuple[Any, Any]]\")  [misc]\ntests\\test_make_github_clones.py:145: error: Expression type contains \"Any\" (has type \"tuple[Any, Any]\")  [misc]\ntests\\test_make_github_clones.py:145: error: Expression has type \"Any\"  [misc]\ntests\\test_make_github_clones.py:147: error: Expression has type \"Any\"  [misc]\ntests\\test_make_github_clones.py:148: error: Expression has type \"Any\"  [misc]\ntests\\test_make_github_clones.py:149: error: Expression has type \"Any\"  [misc]\ntests\\test_make_github_clones.py:171: error: Expression has type \"Any\"  [misc]\ntests\\test_make_github_clones.py:172: error: Expression has type \"Any\"  [misc]\ntests\\test_make_github_clones.py:173: error: Expression has type \"Any\"  [misc]\ntests\\test_make_github_clones.py:175: error: Return type becomes \"list[Any]\" due to an unfollowed import  [no-any-unimported]\ntests\\test_make_github_clones.py:175: error: Argument 1 to \"fake_fetch\" becomes \"Any\" due to an unfollowed import  [no-any-unimported]\ntests\\test_make_github_clones.py:180: error: Expression type contains \"Any\" (has type \"list[Any]\")  [misc]\ntests\\test_make_github_clones.py:180: error: Expression has type \"Any\"  [misc]\ntests\\test_make_github_clones.py:183: error: Expression has type \"Any\"  [misc]\ntests\\test_make_github_clones.py:185: error: Expression type contains \"Any\" (has type \"Callable[[Any, str | None, KwArg(object)], list[Any]]\")  [misc]\ntests\\test_make_github_clones.py:189: error: Argument 1 to \"fake_attempt\" becomes \"Any\" due to an unfollowed import  [no-any-unimported]\ntests\\test_make_github_clones.py:194: error: Expression has type \"Any\"  [misc]\ntests\\test_make_github_clones.py:195: error: Expression has type \"Any\"  [misc]\ntests\\test_make_github_clones.py:199: error: Expression has type \"Any\"  [misc]\ntests\\test_make_github_clones.py:201: error: Expression type contains \"Any\" (has type \"Callable[[Any, Path, str], bool]\")  [misc]\ntests\\test_make_github_clones.py:205: error: Expression has type \"Any\"  [misc]\ntests\\test_make_github_clones.py:206: error: Expression has type \"Any\"  [misc]\ntests\\test_make_github_clones.py:207: error: Expression has type \"Any\"  [misc]\ntests\\test_make_github_clones.py:209: error: Expression has type \"Any\"  [misc]\ntests\\test_make_github_clones.py:210: error: Expression has type \"Any\"  [misc]\ntests\\test_make_github_clones.py:211: error: Expression has type \"Any\"  [misc]\ntests\\test_make_github_clones.py:228: error: Expression has type \"Any\"  [misc]\ntests\\test_make_github_clones.py:229: error: Expression has type \"Any\"  [misc]\ntests\\test_make_github_clones.py:230: error: Expression has type \"Any\"  [misc]\ntests\\test_make_github_clones.py:235: error: Expression has type \"Any\"  [misc]\ntests\\test_make_github_clones.py:237: error: Return type becomes \"list[Any]\" due to an unfollowed import  [no-any-unimported]\ntests\\test_make_github_clones.py:237: error: Argument 1 to \"fake_fetch\" becomes \"Any\" due to an unfollowed import  [no-any-unimported]\ntests\\test_make_github_clones.py:242: error: Expression type contains \"Any\" (has type \"list[Any]\")  [misc]\ntests\\test_make_github_clones.py:242: error: Expression has type \"Any\"  [misc]\ntests\\test_make_github_clones.py:245: error: Expression has type \"Any\"  [misc]\ntests\\test_make_github_clones.py:247: error: Expression type contains \"Any\" (has type \"Callable[[Any, str | None, KwArg(object)], list[Any]]\")  [misc]\ntests\\test_make_github_clones.py:253: error: Argument 1 to \"fake_attempt\" becomes \"Any\" due to an unfollowed import  [no-any-unimported]\ntests\\test_make_github_clones.py:262: error: Expression has type \"Any\"  [misc]\ntests\\test_make_github_clones.py:264: error: Expression type contains \"Any\" (has type \"Callable[[Any, Path, str], bool]\")  [misc]\ntests\\test_make_github_clones.py:268: error: Expression has type \"Any\"  [misc]\ntests\\test_make_github_clones.py:269: error: Expression has type \"Any\"  [misc]\ntests\\test_make_github_clones.py:273: error: Expression has type \"Any\"  [misc]\ntests\\test_make_github_clones.py:274: error: Expression has type \"Any\"  [misc]\ntests\\test_make_github_clones.py:275: error: Expression has type \"Any\"  [misc]\ntests\\test_make_github_clones.py:293: error: Expression has type \"Any\"  [misc]\ntests\\test_make_github_clones.py:294: error: Expression has type \"Any\"  [misc]\ntests\\test_make_github_clones.py:296: error: Return type becomes \"list[Any]\" due to an unfollowed import  [no-any-unimported]\ntests\\test_make_github_clones.py:296: error: Argument 1 to \"fake_fetch\" becomes \"Any\" due to an unfollowed import  [no-any-unimported]\ntests\\test_make_github_clones.py:305: error: Expression has type \"Any\"  [misc]\ntests\\test_make_github_clones.py:307: error: Expression type contains \"Any\" (has type \"Callable[[Any, str | None, KwArg(object)], list[Any]]\")  [misc]\ntests\\test_make_github_clones.py:311: error: Expression has type \"Any\"  [misc]\ntests\\test_make_github_clones.py:312: error: Expression has type \"Any\"  [misc]\ntests\\test_make_github_clones.py:314: error: Expression has type \"Any\"  [misc]\ntests\\test_make_github_clones.py:315: error: Expression has type \"Any\"  [misc]\ntests\\test_make_github_clones.py:316: error: Expression has type \"Any\"  [misc]\ntests\\test_json_contracts.py:12: error: Cannot find implementation or library stub for module named \"x_make_common_x.json_contracts\"  [import]\ntests\\test_json_contracts.py:12: note: You may be running mypy in a subpackage, mypy should be run on the package root\ntests\\test_json_contracts.py:15: error: Cannot find implementation or library stub for module named \"x_make_github_clones_x.json_contracts\"  [import]\ntests\\test_json_contracts.py:20: error: Module \"x_make_github_clones_x.x_cls_make_github_clones_x\" has no attribute \"RepoRecord\"  [attr-defined]\ntests\\test_json_contracts.py:20: error: Module \"x_make_github_clones_x.x_cls_make_github_clones_x\" has no attribute \"main_json\"  [attr-defined]\ntests\\test_json_contracts.py:34: error: Expression has type \"Any\"  [misc]\ntests\\test_json_contracts.py:38: error: Argument 1 has incompatible type \"Callable[[], dict[str, object]]\"; expected \"Callable[[VarArg(Never), KwArg(Never)], Never]\"  [arg-type]\ntests\\test_json_contracts.py:43: error: Argument 1 has incompatible type \"Callable[[], dict[str, object]]\"; expected \"Callable[[VarArg(Never), KwArg(Never)], Never]\"  [arg-type]\ntests\\test_json_contracts.py:48: error: Argument 1 has incompatible type \"Callable[[], dict[str, object]]\"; expected \"Callable[[VarArg(Never), KwArg(Never)], Never]\"  [arg-type]\ntests\\test_json_contracts.py:54: error: Expression has type \"Any\"  [misc]\ntests\\test_json_contracts.py:54: error: Expression type contains \"Any\" (has type \"tuple[Any, Any, Any]\")  [misc]\ntests\\test_json_contracts.py:55: error: Expression has type \"Any\"  [misc]\ntests\\test_json_contracts.py:63: error: Expression has type \"Any\"  [misc]\ntests\\test_json_contracts.py:64: error: Expression has type \"Any\"  [misc]\ntests\\test_json_contracts.py:65: error: Expression has type \"Any\"  [misc]\ntests\\test_json_contracts.py:73: error: Expression has type \"Any\"  [misc]\ntests\\test_json_contracts.py:75: error: Expression has type \"Any\"  [misc]\ntests\\test_json_contracts.py:76: error: Expression has type \"Any\"  [misc]\ntests\\test_json_contracts.py:77: error: Expression has type \"Any\"  [misc]\ntests\\test_json_contracts.py:79: error: Expression has type \"Any\"  [misc]\ntests\\test_json_contracts.py:87: error: Return type becomes \"list[Any]\" due to an unfollowed import  [no-any-unimported]\ntests\\test_json_contracts.py:94: error: Expression type contains \"Any\" (has type \"list[Any]\")  [misc]\ntests\\test_json_contracts.py:94: error: Expression has type \"Any\"  [misc]\ntests\\test_json_contracts.py:113: error: Expression has type \"Any\"  [misc]\ntests\\test_json_contracts.py:113: error: Expression type contains \"Any\" (has type \"Callable[[object, str | None, DefaultNamedArg(bool | None, 'include_forks')], list[Any]]\")  [misc]\ntests\\test_json_contracts.py:114: error: Expression has type \"Any\"  [misc]\ntests\\test_json_contracts.py:117: error: Expression has type \"Any\"  [misc]\ntests\\test_json_contracts.py:119: error: Expression has type \"Any\"  [misc]\ntests\\test_json_contracts.py:120: error: Expression has type \"Any\"  [misc]\ntests\\test_json_contracts.py:121: error: Expression has type \"Any\"  [misc]\ntests\\test_json_contracts.py:124: error: Expression has type \"Any\"  [misc]\ntests\\test_json_contracts.py:125: error: Expression has type \"Any\"  [misc]\ntests\\test_json_contracts.py:131: error: Expression has type \"Any\"  [misc]\ntests\\test_json_contracts.py:132: error: Expression has type \"Any\"  [misc]\ntests\\test_json_contracts.py:138: error: Expression has type \"Any\"  [misc]\ntests\\test_json_contracts.py:139: error: Expression has type \"Any\"  [misc]\ntests\\test_json_contracts.py:143: error: Expression type contains \"Any\" (has type \"Any | bool\")  [misc]\ntests\\test_json_contracts.py:151: error: Expression has type \"Any\"  [misc]\ntests\\test_json_contracts.py:152: error: Expression has type \"Any\"  [misc]\ntests\\test_json_contracts.py:153: error: Expression has type \"Any\"  [misc]\ntests\\test_json_contracts.py:154: error: Expression has type \"Any\"  [misc]\ntests\\test_json_contracts.py:156: error: Expression has type \"Any\"  [misc]\ntests\\test_json_contracts.py:164: error: Expression has type \"Any\"  [misc]\ntests\\test_json_contracts.py:166: error: Return type becomes \"list[Any]\" due to an unfollowed import  [no-any-unimported]\ntests\\test_json_contracts.py:173: error: Expression type contains \"Any\" (has type \"list[Any]\")  [misc]\ntests\\test_json_contracts.py:173: error: Expression has type \"Any\"  [misc]\ntests\\test_json_contracts.py:192: error: Expression has type \"Any\"  [misc]\ntests\\test_json_contracts.py:192: error: Expression type contains \"Any\" (has type \"Callable[[object, str | None, DefaultNamedArg(bool | None, 'include_forks')], list[Any]]\")  [misc]\ntests\\test_json_contracts.py:193: error: Expression has type \"Any\"  [misc]\ntests\\test_json_contracts.py:196: error: Expression has type \"Any\"  [misc]\ntests\\test_json_contracts.py:198: error: Expression has type \"Any\"  [misc]\ntests\\test_json_contracts.py:199: error: Expression has type \"Any\"  [misc]\ntests\\test_json_contracts.py:200: error: Expression has type \"Any\"  [misc]\ntests\\test_json_contracts.py:204: error: Expression has type \"Any\"  [misc]\ntests\\test_json_contracts.py:210: error: Expression has type \"Any\"  [misc]\ntests\\test_json_contracts.py:212: error: Expression has type \"Any\"  [misc]\ntests\\test_json_contracts.py:213: error: Expression has type \"Any\"  [misc]\ntests\\test_json_contracts.py:214: error: Expression has type \"Any\"  [misc]\ntests\\test_json_contracts.py:215: error: Expression has type \"Any\"  [misc]\ntests\\test_json_contracts.py:216: error: Expression has type \"Any\"  [misc]\nx_cls_make_github_clones_x.py:35: error: Cannot find implementation or library stub for module named \"x_make_common_x.stage_progress\"  [import]\nx_cls_make_github_clones_x.py:38: error: Cannot find implementation or library stub for module named \"x_make_common_x.json_contracts\"  [import]\nx_cls_make_github_clones_x.py:40: error: Cannot find implementation or library stub for module named \"x_make_github_clones_x.json_contracts\"  [import]\nx_cls_make_github_clones_x.py:236: error: Expression has type \"Any\"  [misc]\nx_cls_make_github_clones_x.py:365: error: Type of variable becomes \"Any | None\" due to an unfollowed import  [no-any-unimported]\nx_cls_make_github_clones_x.py:383: error: Argument 2 to \"set_repo_progress_writer\" becomes \"Any | None\" due to an unfollowed import  [no-any-unimported]\nx_cls_make_github_clones_x.py:770: error: Expression type contains \"Any\" (has type \"Any | None\")  [misc]\nx_cls_make_github_clones_x.py:773: error: Expression type contains \"Any\" (has type \"Any | None\")  [misc]\nx_cls_make_github_clones_x.py:779: error: Expression has type \"Any\"  [misc]\nx_cls_make_github_clones_x.py:804: error: Expression type contains \"Any\" (has type \"Any | None\")  [misc]\nx_cls_make_github_clones_x.py:805: error: Expression has type \"Any\"  [misc]\nx_cls_make_github_clones_x.py:843: error: Expression type contains \"Any\" (has type \"Any | None\")  [misc]\nx_cls_make_github_clones_x.py:856: error: Expression has type \"Any\"  [misc]\nx_cls_make_github_clones_x.py:868: error: Expression has type \"Any\"  [misc]\nx_cls_make_github_clones_x.py:875: error: Expression has type \"Any\"  [misc]\nx_cls_make_github_clones_x.py:1073: error: Argument 7 to \"synchronize_workspace\" becomes \"Any | None\" due to an unfollowed import  [no-any-unimported]\nx_cls_make_github_clones_x.py:1093: error: Expression type contains \"Any\" (has type \"Any | None\")  [misc]\nx_cls_make_github_clones_x.py:1094: error: Expression type contains \"Any\" (has type \"Any | None\")  [misc]\nx_cls_make_github_clones_x.py:1095: error: Expression type contains \"Any\" (has type \"Any | None\")  [misc]\nx_cls_make_github_clones_x.py:1096: error: Expression has type \"Any\"  [misc]\nx_cls_make_github_clones_x.py:1154: error: Expression has type \"Any\"  [misc]\nx_cls_make_github_clones_x.py:1238: error: Expression has type \"Any\"  [misc]\nx_cls_make_github_clones_x.py:1282: error: Expression has type \"Any\"  [misc]\nx_cls_make_github_clones_x.py:1285: error: Expression has type \"Any\"  [misc]\nx_cls_make_github_clones_x.py:1285: error: Expression type contains \"Any\" (has type \"Any | None\")  [misc]\nFound 174 errors in 5 files (checked 14 source files)\n",
                "tool": "mypy",
                "tool_module": "mypy",
                "tool_version": "mypy 1.18.2 (compiled: yes)"
            },
            "exit": "exit 1",
            "message": "mypy failed for x_make_github_clones_x (exit 1)\ncwd: C:\\x_runner_x\\x_make_github_clones_x\ncommand: C:\\x_runner_x\\.venvs\\.venv-3.12.6\\Scripts\\python.exe -m mypy . --strict --no-warn-unused-configs --show-error-codes --warn-return-any --warn-unreachable --disallow-any-unimported --disallow-any-expr --disallow-any-decorated --disallow-any-explicit\nstarted_at: 2025-10-23T01:10:16.834538+00:00\nduration: 0.859s\ntool_version: mypy 1.18.2 (compiled: yes)\nstdout:\nx_make_github_clones_x\\__init__.py:3: error: Module \"x_make_github_clones_x.x_cls_make_github_clones_x\" has no attribute \"RepoRecord\"  [attr-defined]\nx_make_github_clones_x\\__init__.py:3: error: Module \"x_make_github_clones_x.x_cls_make_github_clones_x\" has no attribute \"x_cls_make_github_clones_x\"  [attr-defined]\n__init__.py:6: error: Module \"x_make_github_clones_x.x_cls_make_github_clones_x\" has no attribute \"RepoRecord\"  [attr-defined]\n__init__.py:6: error: Module \"x_make_github_clones_x.x_cls_make_github_clones_x\" has no attribute \"main_json\"  [attr-defined]\n__init__.py:6: error: Module \"x_make_github_clones_x.x_cls_make_github_clones_x\" has no attribute \"resolve_workspace_root\"  [attr-defined]\n\u2026\nstderr:\n<empty>",
            "repo": "x_make_github_clones_x",
            "repo_path": "C:\\x_runner_x\\x_make_github_clones_x",
            "stderr_preview": null,
            "stdout_preview": "x_make_github_clones_x\\__init__.py:3: error: Module \"x_make_github_clones_x.x_cls_make_github_clones_x\" has no attribute \"RepoRecord\"  [attr-defined]\nx_make_github_clones_x\\__init__.py:3: error: Module \"x_make_github_clones_x.x_cls_make_github_clones_x\" has no attribute \"x_cls_make_github_clones_x\"  [attr-defined]\n__init__.py:6: error: Module \"x_make_github_clones_x.x_cls_make_github_clones_x\" has no attribute \"RepoRecord\"  [attr-defined]\n__init__.py:6: error: Module \"x_make_github_clones_x.x_cls_make_github_clones_x\" has no attribute \"main_json\"  [attr-defined]\n__init__.py:6: error: Module \"x_make_github_clones_x.x_cls_make_github_clones_x\" has no attribute \"resolve_workspace_root\"  [attr-defined]\n\u2026",
            "suggested_action": "Investigate",
            "summary": "mypy failed for x_make_github_clones_x (exit 1) cwd: C:\\x_runner_x\\x_make_github_clones_x command: C:\\x_runner_x\\.venvs\\.venv-3.12.6\\Scripts\\python.exe -m mypy . --strict --no-warn-unused-configs --show-error-codes --warn-return-any --warn\u2026",
            "tool": "mypy",
            "tool_version": "mypy 1.18.2 (compiled: yes)"
        },
        {
            "captured_at": "2025-10-23T01:10:20.895118+00:00",
            "command": "C:\\x_runner_x\\.venvs\\.venv-3.12.6\\Scripts\\python.exe -m pyright . --level error",
            "detail": {
                "cached": false,
                "cmd": [
                    "C:\\x_runner_x\\.venvs\\.venv-3.12.6\\Scripts\\python.exe",
                    "-m",
                    "pyright",
                    ".",
                    "--level",
                    "error"
                ],
                "cmd_display": "C:\\x_runner_x\\.venvs\\.venv-3.12.6\\Scripts\\python.exe -m pyright . --level error",
                "cwd": "C:\\x_runner_x\\x_make_github_clones_x",
                "duration_seconds": 3.2015412999899127,
                "ended_at": "2025-10-23T01:10:20.895118+00:00",
                "exit": 1,
                "failed_files": [],
                "files_checked": [
                    "__init__.py",
                    "fastapi/__init__.py",
                    "fastapi/__main__.py",
                    "fastapi/cli.py",
                    "fastapi_cli/__init__.py",
                    "fastapi_cli/cli.py",
                    "json_contracts/__init__.py",
                    "json_contracts/_impl.py",
                    "tests/__init__.py",
                    "tests/test_json_contracts.py",
                    "tests/test_make_github_clones.py",
                    "x_cls_make_github_clones_x.py",
                    "x_make_github_clones_x/__init__.py",
                    "x_make_github_clones_x/x_cls_make_github_clones_x.py"
                ],
                "repo": "x_make_github_clones_x",
                "repo_hash": "a356f836d60031bd9c95a0c09cd41ad5afe95a7c078aa5a676a89b9df7765a67",
                "repo_path": "C:\\x_runner_x\\x_make_github_clones_x",
                "started_at": "2025-10-23T01:10:17.697876+00:00",
                "stderr": "",
                "stdout": "c:\\x_runner_x\\x_make_github_clones_x\\__init__.py\n  c:\\x_runner_x\\x_make_github_clones_x\\__init__.py:7:5 - error: \"RepoRecord\" is unknown import symbol (reportAttributeAccessIssue)\n  c:\\x_runner_x\\x_make_github_clones_x\\__init__.py:8:5 - error: \"main_json\" is unknown import symbol (reportAttributeAccessIssue)\n  c:\\x_runner_x\\x_make_github_clones_x\\__init__.py:9:5 - error: \"resolve_workspace_root\" is unknown import symbol (reportAttributeAccessIssue)\n  c:\\x_runner_x\\x_make_github_clones_x\\__init__.py:10:5 - error: \"synchronize_workspace\" is unknown import symbol (reportAttributeAccessIssue)\n  c:\\x_runner_x\\x_make_github_clones_x\\__init__.py:11:5 - error: \"x_cls_make_github_clones_x\" is unknown import symbol (reportAttributeAccessIssue)\nc:\\x_runner_x\\x_make_github_clones_x\\tests\\test_json_contracts.py\n  c:\\x_runner_x\\x_make_github_clones_x\\tests\\test_json_contracts.py:14:36 - error: \"x_cls_make_github_clones_x\" is unknown import symbol (reportAttributeAccessIssue)\n  c:\\x_runner_x\\x_make_github_clones_x\\tests\\test_json_contracts.py:20:63 - error: \"RepoRecord\" is unknown import symbol (reportAttributeAccessIssue)\n  c:\\x_runner_x\\x_make_github_clones_x\\tests\\test_json_contracts.py:20:75 - error: \"main_json\" is unknown import symbol (reportAttributeAccessIssue)\nc:\\x_runner_x\\x_make_github_clones_x\\tests\\test_make_github_clones.py\n  c:\\x_runner_x\\x_make_github_clones_x\\tests\\test_make_github_clones.py:9:5 - error: \"RepoRecord\" is unknown import symbol (reportAttributeAccessIssue)\n  c:\\x_runner_x\\x_make_github_clones_x\\tests\\test_make_github_clones.py:10:5 - error: \"x_cls_make_github_clones_x\" is unknown import symbol (reportAttributeAccessIssue)\nc:\\x_runner_x\\x_make_github_clones_x\\x_make_github_clones_x\\__init__.py\n  c:\\x_runner_x\\x_make_github_clones_x\\x_make_github_clones_x\\__init__.py:4:5 - error: \"RepoRecord\" is unknown import symbol (reportAttributeAccessIssue)\n  c:\\x_runner_x\\x_make_github_clones_x\\x_make_github_clones_x\\__init__.py:5:5 - error: \"x_cls_make_github_clones_x\" is unknown import symbol (reportAttributeAccessIssue)\n12 errors, 0 warnings, 0 informations\n",
                "tool": "pyright",
                "tool_module": "pyright",
                "tool_version": "pyright 1.1.406"
            },
            "exit": "exit 1",
            "message": "pyright failed for x_make_github_clones_x (exit 1)\ncwd: C:\\x_runner_x\\x_make_github_clones_x\ncommand: C:\\x_runner_x\\.venvs\\.venv-3.12.6\\Scripts\\python.exe -m pyright . --level error\nstarted_at: 2025-10-23T01:10:17.697876+00:00\nduration: 3.202s\ntool_version: pyright 1.1.406\nstdout:\nc:\\x_runner_x\\x_make_github_clones_x\\__init__.py\n  c:\\x_runner_x\\x_make_github_clones_x\\__init__.py:7:5 - error: \"RepoRecord\" is unknown import symbol (reportAttributeAccessIssue)\n  c:\\x_runner_x\\x_make_github_clones_x\\__init__.py:8:5 - error: \"main_json\" is unknown import symbol (reportAttributeAccessIssue)\n  c:\\x_runner_x\\x_make_github_clones_x\\__init__.py:9:5 - error: \"resolve_workspace_root\" is unknown import symbol (reportAttributeAccessIssue)\n  c:\\x_runner_x\\x_make_github_clones_x\\__init__.py:10:5 - error: \"synchronize_workspace\" is unknown import symbol (reportAttributeAccessIssue)\n\u2026\nstderr:\n<empty>",
            "repo": "x_make_github_clones_x",
            "repo_path": "C:\\x_runner_x\\x_make_github_clones_x",
            "stderr_preview": null,
            "stdout_preview": "c:\\x_runner_x\\x_make_github_clones_x\\__init__.py\n  c:\\x_runner_x\\x_make_github_clones_x\\__init__.py:7:5 - error: \"RepoRecord\" is unknown import symbol (reportAttributeAccessIssue)\n  c:\\x_runner_x\\x_make_github_clones_x\\__init__.py:8:5 - error: \"main_json\" is unknown import symbol (reportAttributeAccessIssue)\n  c:\\x_runner_x\\x_make_github_clones_x\\__init__.py:9:5 - error: \"resolve_workspace_root\" is unknown import symbol (reportAttributeAccessIssue)\n  c:\\x_runner_x\\x_make_github_clones_x\\__init__.py:10:5 - error: \"synchronize_workspace\" is unknown import symbol (reportAttributeAccessIssue)\n\u2026",
            "suggested_action": "Investigate",
            "summary": "pyright failed for x_make_github_clones_x (exit 1) cwd: C:\\x_runner_x\\x_make_github_clones_x command: C:\\x_runner_x\\.venvs\\.venv-3.12.6\\Scripts\\python.exe -m pyright . --level error started_at: 2025-10-23T01:10:17.697876+00:00 duration: 3.\u2026",
            "tool": "pyright",
            "tool_version": "pyright 1.1.406"
        },
        {
            "captured_at": "2025-10-23T01:10:57.675927+00:00",
            "command": "C:\\x_runner_x\\.venvs\\.venv-3.12.6\\Scripts\\python.exe -m mypy . --strict --no-warn-unused-configs --show-error-codes --warn-return-any --warn-unreachable --disallow-any-unimported --disallow-any-expr --disallow-any-decorated --disallow-any-explicit",
            "detail": {
                "cached": false,
                "cmd": [
                    "C:\\x_runner_x\\.venvs\\.venv-3.12.6\\Scripts\\python.exe",
                    "-m",
                    "mypy",
                    ".",
                    "--strict",
                    "--no-warn-unused-configs",
                    "--show-error-codes",
                    "--warn-return-any",
                    "--warn-unreachable",
                    "--disallow-any-unimported",
                    "--disallow-any-expr",
                    "--disallow-any-decorated",
                    "--disallow-any-explicit"
                ],
                "cmd_display": "C:\\x_runner_x\\.venvs\\.venv-3.12.6\\Scripts\\python.exe -m mypy . --strict --no-warn-unused-configs --show-error-codes --warn-return-any --warn-unreachable --disallow-any-unimported --disallow-any-expr --disallow-any-decorated --disallow-any-explicit",
                "cwd": "C:\\x_runner_x\\x_make_github_visitor_x",
                "duration_seconds": 1.1222453000082169,
                "ended_at": "2025-10-23T01:10:57.675927+00:00",
                "exit": 1,
                "failed_files": [],
                "files_checked": [
                    "__init__.py",
                    "inspection_flow.py",
                    "json_contracts.py",
                    "run_external.py",
                    "run_visitor_no_cache.py",
                    "runner.py",
                    "tests/__init__.py",
                    "tests/test_github_visitor.py",
                    "tests/test_json_contracts.py",
                    "x_cls_make_github_visitor_x.py"
                ],
                "repo": "x_make_github_visitor_x",
                "repo_hash": "e4ff7ce6380be26dacdc138c0757def36dc30a72cda2b50057a98de805d70870",
                "repo_path": "C:\\x_runner_x\\x_make_github_visitor_x",
                "started_at": "2025-10-23T01:10:56.553340+00:00",
                "stderr": "",
                "stdout": "tests\\test_json_contracts.py:10: error: Cannot find implementation or library stub for module named \"pytest\"  [import-not-found]\ntests\\test_json_contracts.py:25: error: Cannot find implementation or library stub for module named \"_pytest.monkeypatch\"  [import-not-found]\ntests\\test_json_contracts.py:25: note: See https://mypy.readthedocs.io/en/stable/running_mypy.html#missing-imports\ntests\\test_json_contracts.py:42: error: Function is untyped after decorator transformation  [misc]\ntests\\test_json_contracts.py:47: error: Function is untyped after decorator transformation  [misc]\ntests\\test_json_contracts.py:52: error: Function is untyped after decorator transformation  [misc]\ntests\\test_json_contracts.py:71: error: Argument 3 to \"test_main_json_runs_successfully\" becomes \"Any\" due to an unfollowed import  [no-any-unimported]\ntests\\test_json_contracts.py:117: error: Expression has type \"Any\"  [misc]\ntests\\test_json_contracts.py:143: error: Argument 3 to \"test_main_json_handles_skip\" becomes \"Any\" due to an unfollowed import  [no-any-unimported]\ntests\\test_json_contracts.py:158: error: Expression has type \"Any\"  [misc]\nFound 9 errors in 1 file (checked 10 source files)\n",
                "tool": "mypy",
                "tool_module": "mypy",
                "tool_version": "mypy 1.18.2 (compiled: yes)"
            },
            "exit": "exit 1",
            "message": "mypy failed for x_make_github_visitor_x (exit 1)\ncwd: C:\\x_runner_x\\x_make_github_visitor_x\ncommand: C:\\x_runner_x\\.venvs\\.venv-3.12.6\\Scripts\\python.exe -m mypy . --strict --no-warn-unused-configs --show-error-codes --warn-return-any --warn-unreachable --disallow-any-unimported --disallow-any-expr --disallow-any-decorated --disallow-any-explicit\nstarted_at: 2025-10-23T01:10:56.553340+00:00\nduration: 1.122s\ntool_version: mypy 1.18.2 (compiled: yes)\nstdout:\ntests\\test_json_contracts.py:10: error: Cannot find implementation or library stub for module named \"pytest\"  [import-not-found]\ntests\\test_json_contracts.py:25: error: Cannot find implementation or library stub for module named \"_pytest.monkeypatch\"  [import-not-found]\ntests\\test_json_contracts.py:25: note: See https://mypy.readthedocs.io/en/stable/running_mypy.html#missing-imports\ntests\\test_json_contracts.py:42: error: Function is untyped after decorator transformation  [misc]\ntests\\test_json_contracts.py:47: error: Function is untyped after decorator transformation  [misc]\n\u2026\nstderr:\n<empty>",
            "repo": "x_make_github_visitor_x",
            "repo_path": "C:\\x_runner_x\\x_make_github_visitor_x",
            "stderr_preview": null,
            "stdout_preview": "tests\\test_json_contracts.py:10: error: Cannot find implementation or library stub for module named \"pytest\"  [import-not-found]\ntests\\test_json_contracts.py:25: error: Cannot find implementation or library stub for module named \"_pytest.monkeypatch\"  [import-not-found]\ntests\\test_json_contracts.py:25: note: See https://mypy.readthedocs.io/en/stable/running_mypy.html#missing-imports\ntests\\test_json_contracts.py:42: error: Function is untyped after decorator transformation  [misc]\ntests\\test_json_contracts.py:47: error: Function is untyped after decorator transformation  [misc]\n\u2026",
            "suggested_action": "Investigate",
            "summary": "mypy failed for x_make_github_visitor_x (exit 1) cwd: C:\\x_runner_x\\x_make_github_visitor_x command: C:\\x_runner_x\\.venvs\\.venv-3.12.6\\Scripts\\python.exe -m mypy . --strict --no-warn-unused-configs --show-error-codes --warn-return-any --wa\u2026",
            "tool": "mypy",
            "tool_version": "mypy 1.18.2 (compiled: yes)"
        },
        {
            "captured_at": "2025-10-23T01:11:18.585721+00:00",
            "command": "C:\\x_runner_x\\.venvs\\.venv-3.12.6\\Scripts\\python.exe -m mypy . --strict --no-warn-unused-configs --show-error-codes --warn-return-any --warn-unreachable --disallow-any-unimported --disallow-any-expr --disallow-any-decorated --disallow-any-explicit",
            "detail": {
                "cached": false,
                "cmd": [
                    "C:\\x_runner_x\\.venvs\\.venv-3.12.6\\Scripts\\python.exe",
                    "-m",
                    "mypy",
                    ".",
                    "--strict",
                    "--no-warn-unused-configs",
                    "--show-error-codes",
                    "--warn-return-any",
                    "--warn-unreachable",
                    "--disallow-any-unimported",
                    "--disallow-any-expr",
                    "--disallow-any-decorated",
                    "--disallow-any-explicit"
                ],
                "cmd_display": "C:\\x_runner_x\\.venvs\\.venv-3.12.6\\Scripts\\python.exe -m mypy . --strict --no-warn-unused-configs --show-error-codes --warn-return-any --warn-unreachable --disallow-any-unimported --disallow-any-expr --disallow-any-decorated --disallow-any-explicit",
                "cwd": "C:\\x_runner_x\\x_make_graphviz_x",
                "duration_seconds": 0.7877737999951933,
                "ended_at": "2025-10-23T01:11:18.585721+00:00",
                "exit": 1,
                "failed_files": [],
                "files_checked": [
                    "__init__.py",
                    "json_contracts/__init__.py",
                    "tests/__init__.py",
                    "tests/conftest.py",
                    "tests/test_graphviz_builder.py",
                    "tests/test_json_contracts.py",
                    "x_cls_make_graphviz_x.py"
                ],
                "repo": "x_make_graphviz_x",
                "repo_hash": "a1f0c5e7b1e00f9628df542c6667bbc9f07ca6f99a2ce6a430e20d5e9e6b18e5",
                "repo_path": "C:\\x_runner_x\\x_make_graphviz_x",
                "started_at": "2025-10-23T01:11:17.797687+00:00",
                "stderr": "",
                "stdout": "__init__.py:5: error: Cannot find implementation or library stub for module named \"x_make_graphviz_x.x_cls_make_graphviz_x\"  [import]\n__init__.py:5: note: You may be running mypy in a subpackage, mypy should be run on the package root\ntests\\test_json_contracts.py:11: error: Cannot find implementation or library stub for module named \"x_make_common_x.json_contracts\"  [import]\ntests\\test_json_contracts.py:13: error: Cannot find implementation or library stub for module named \"x_make_graphviz_x.json_contracts\"  [import]\ntests\\test_json_contracts.py:18: error: Cannot find implementation or library stub for module named \"x_make_graphviz_x.x_cls_make_graphviz_x\"  [import]\ntests\\test_json_contracts.py:24: error: Unused \"type: ignore[misc]\" comment  [unused-ignore]\ntests\\test_json_contracts.py:27: error: Expression has type \"Any\"  [misc]\ntests\\test_json_contracts.py:31: error: Unused \"type: ignore[misc]\" comment  [unused-ignore]\ntests\\test_json_contracts.py:34: error: Expression has type \"Any\"  [misc]\ntests\\test_json_contracts.py:38: error: Unused \"type: ignore[misc]\" comment  [unused-ignore]\ntests\\test_json_contracts.py:41: error: Expression has type \"Any\"  [misc]\ntests\\test_json_contracts.py:46: error: Expression has type \"Any\"  [misc]\ntests\\test_json_contracts.py:46: error: Expression type contains \"Any\" (has type \"tuple[Any, Any, Any]\")  [misc]\ntests\\test_json_contracts.py:47: error: Expression has type \"Any\"  [misc]\ntests\\test_json_contracts.py:55: error: Expression has type \"Any\"  [misc]\ntests\\test_json_contracts.py:56: error: Expression has type \"Any\"  [misc]\ntests\\test_json_contracts.py:57: error: Expression has type \"Any\"  [misc]\ntests\\test_json_contracts.py:68: error: Expression has type \"Any\"  [misc]\ntests\\test_json_contracts.py:69: error: Expression has type \"Any\"  [misc]\ntests\\test_json_contracts.py:70: error: Expression type contains \"Any\" (has type \"dict[Any, Any]\")  [misc]\ntests\\test_json_contracts.py:70: error: Expression has type \"Any\"  [misc]\ntests\\test_json_contracts.py:74: error: Expression has type \"Any\"  [misc]\ntests\\test_json_contracts.py:75: error: Expression has type \"Any\"  [misc]\ntests\\test_json_contracts.py:76: error: Expression has type \"Any\"  [misc]\ntests\\test_json_contracts.py:77: error: Expression has type \"Any\"  [misc]\ntests\\test_json_contracts.py:79: error: Expression has type \"Any\"  [misc]\ntests\\test_json_contracts.py:89: error: Expression has type \"Any\"  [misc]\ntests\\test_json_contracts.py:90: error: Expression has type \"Any\"  [misc]\ntests\\test_json_contracts.py:91: error: Expression has type \"Any\"  [misc]\ntests\\test_json_contracts.py:92: error: Expression has type \"Any\"  [misc]\ntests\\test_graphviz_builder.py:12: error: Cannot find implementation or library stub for module named \"x_make_graphviz_x\"  [import]\ntests\\test_graphviz_builder.py:22: error: Expression has type \"Any\"  [misc]\ntests\\test_graphviz_builder.py:27: error: Expression has type \"Any\"  [misc]\ntests\\test_graphviz_builder.py:28: error: Expression has type \"Any\"  [misc]\ntests\\test_graphviz_builder.py:31: error: Expression has type \"Any\"  [misc]\ntests\\test_graphviz_builder.py:32: error: Expression has type \"Any\"  [misc]\ntests\\test_graphviz_builder.py:45: error: Expression has type \"Any\"  [misc]\ntests\\test_graphviz_builder.py:48: error: Expression has type \"Any\"  [misc]\ntests\\test_graphviz_builder.py:50: error: Expression has type \"Any\"  [misc]\ntests\\test_graphviz_builder.py:54: error: Expression has type \"Any\"  [misc]\ntests\\test_graphviz_builder.py:55: error: Expression has type \"Any\"  [misc]\ntests\\test_graphviz_builder.py:56: error: Expression has type \"Any\"  [misc]\ntests\\test_graphviz_builder.py:67: error: Expression has type \"Any\"  [misc]\ntests\\test_graphviz_builder.py:68: error: Expression has type \"Any\"  [misc]\ntests\\test_graphviz_builder.py:71: error: Expression has type \"Any\"  [misc]\ntests\\test_graphviz_builder.py:73: error: Expression has type \"Any\"  [misc]\ntests\\test_graphviz_builder.py:74: error: Expression has type \"Any\"  [misc]\ntests\\test_graphviz_builder.py:75: error: Expression has type \"Any\"  [misc]\ntests\\test_graphviz_builder.py:77: error: Expression has type \"Any\"  [misc]\ntests\\test_graphviz_builder.py:78: error: Expression has type \"Any\"  [misc]\ntests\\test_graphviz_builder.py:79: error: Expression has type \"Any\"  [misc]\ntests\\test_graphviz_builder.py:86: error: Expression has type \"Any\"  [misc]\ntests\\test_graphviz_builder.py:94: error: Expression has type \"Any\"  [misc]\ntests\\test_graphviz_builder.py:98: error: Expression has type \"Any\"  [misc]\nx_cls_make_graphviz_x.py:22: error: Unused \"type: ignore\" comment  [unused-ignore]\nx_cls_make_graphviz_x.py:28: error: Cannot find implementation or library stub for module named \"x_make_common_x.json_contracts\"  [import]\nx_cls_make_graphviz_x.py:30: error: Cannot find implementation or library stub for module named \"x_make_graphviz_x.json_contracts\"  [import]\nx_cls_make_graphviz_x.py:510: error: Expression has type \"Any\"  [misc]\nx_cls_make_graphviz_x.py:574: error: Expression has type \"Any\"  [misc]\nx_cls_make_graphviz_x.py:602: error: Expression has type \"Any\"  [misc]\nx_cls_make_graphviz_x.py:605: error: Expression has type \"Any\"  [misc]\nx_cls_make_graphviz_x.py:605: error: Expression type contains \"Any\" (has type \"Any | None\")  [misc]\nx_cls_make_graphviz_x.py:624: error: Statement is unreachable  [unreachable]\nFound 62 errors in 4 files (checked 7 source files)\n",
                "tool": "mypy",
                "tool_module": "mypy",
                "tool_version": "mypy 1.18.2 (compiled: yes)"
            },
            "exit": "exit 1",
            "message": "mypy failed for x_make_graphviz_x (exit 1)\ncwd: C:\\x_runner_x\\x_make_graphviz_x\ncommand: C:\\x_runner_x\\.venvs\\.venv-3.12.6\\Scripts\\python.exe -m mypy . --strict --no-warn-unused-configs --show-error-codes --warn-return-any --warn-unreachable --disallow-any-unimported --disallow-any-expr --disallow-any-decorated --disallow-any-explicit\nstarted_at: 2025-10-23T01:11:17.797687+00:00\nduration: 0.788s\ntool_version: mypy 1.18.2 (compiled: yes)\nstdout:\n__init__.py:5: error: Cannot find implementation or library stub for module named \"x_make_graphviz_x.x_cls_make_graphviz_x\"  [import]\n__init__.py:5: note: You may be running mypy in a subpackage, mypy should be run on the package root\ntests\\test_json_contracts.py:11: error: Cannot find implementation or library stub for module named \"x_make_common_x.json_contracts\"  [import]\ntests\\test_json_contracts.py:13: error: Cannot find implementation or library stub for module named \"x_make_graphviz_x.json_contracts\"  [import]\ntests\\test_json_contracts.py:18: error: Cannot find implementation or library stub for module named \"x_make_graphviz_x.x_cls_make_graphviz_x\"  [import]\n\u2026\nstderr:\n<empty>",
            "repo": "x_make_graphviz_x",
            "repo_path": "C:\\x_runner_x\\x_make_graphviz_x",
            "stderr_preview": null,
            "stdout_preview": "__init__.py:5: error: Cannot find implementation or library stub for module named \"x_make_graphviz_x.x_cls_make_graphviz_x\"  [import]\n__init__.py:5: note: You may be running mypy in a subpackage, mypy should be run on the package root\ntests\\test_json_contracts.py:11: error: Cannot find implementation or library stub for module named \"x_make_common_x.json_contracts\"  [import]\ntests\\test_json_contracts.py:13: error: Cannot find implementation or library stub for module named \"x_make_graphviz_x.json_contracts\"  [import]\ntests\\test_json_contracts.py:18: error: Cannot find implementation or library stub for module named \"x_make_graphviz_x.x_cls_make_graphviz_x\"  [import]\n\u2026",
            "suggested_action": "Investigate",
            "summary": "mypy failed for x_make_graphviz_x (exit 1) cwd: C:\\x_runner_x\\x_make_graphviz_x command: C:\\x_runner_x\\.venvs\\.venv-3.12.6\\Scripts\\python.exe -m mypy . --strict --no-warn-unused-configs --show-error-codes --warn-return-any --warn-unreachab\u2026",
            "tool": "mypy",
            "tool_version": "mypy 1.18.2 (compiled: yes)"
        },
        {
            "captured_at": "2025-10-23T01:11:47.395389+00:00",
            "command": "C:\\x_runner_x\\.venvs\\.venv-3.12.6\\Scripts\\python.exe -m mypy . --strict --no-warn-unused-configs --show-error-codes --warn-return-any --warn-unreachable --disallow-any-unimported --disallow-any-expr --disallow-any-decorated --disallow-any-explicit",
            "detail": {
                "cached": false,
                "cmd": [
                    "C:\\x_runner_x\\.venvs\\.venv-3.12.6\\Scripts\\python.exe",
                    "-m",
                    "mypy",
                    ".",
                    "--strict",
                    "--no-warn-unused-configs",
                    "--show-error-codes",
                    "--warn-return-any",
                    "--warn-unreachable",
                    "--disallow-any-unimported",
                    "--disallow-any-expr",
                    "--disallow-any-decorated",
                    "--disallow-any-explicit"
                ],
                "cmd_display": "C:\\x_runner_x\\.venvs\\.venv-3.12.6\\Scripts\\python.exe -m mypy . --strict --no-warn-unused-configs --show-error-codes --warn-return-any --warn-unreachable --disallow-any-unimported --disallow-any-expr --disallow-any-decorated --disallow-any-explicit",
                "cwd": "C:\\x_runner_x\\x_make_markdown_x",
                "duration_seconds": 0.7772828000015579,
                "ended_at": "2025-10-23T01:11:47.395389+00:00",
                "exit": 1,
                "failed_files": [],
                "files_checked": [
                    "__init__.py",
                    "json_contracts/__init__.py",
                    "tests/__init__.py",
                    "tests/test_json_contracts.py",
                    "tests/test_markdown_builder.py",
                    "x_cls_make_markdown_x.py"
                ],
                "repo": "x_make_markdown_x",
                "repo_hash": "418f3794dd82810039ebd05f38a66560cef314e4edbce59b78bc5c0e95702639",
                "repo_path": "C:\\x_runner_x\\x_make_markdown_x",
                "started_at": "2025-10-23T01:11:46.617688+00:00",
                "stderr": "",
                "stdout": "x_cls_make_markdown_x.py:77: error: Expression type contains \"Any\" (has type \"Any | bool\")  [misc]\nx_cls_make_markdown_x.py:78: error: Expression type contains \"Any\" (has type \"Any | bool\")  [misc]\nx_cls_make_markdown_x.py:80: error: Expression has type \"Any\"  [misc]\nx_cls_make_markdown_x.py:295: error: Expression type contains \"Any\" (has type \"Any | bool\")  [misc]\nx_cls_make_markdown_x.py:301: error: Expression type contains \"Any\" (has type \"Any | bool\")  [misc]\nx_cls_make_markdown_x.py:303: error: Expression type contains \"Any\" (has type \"Any | bool\")  [misc]\nx_cls_make_markdown_x.py:308: error: Expression type contains \"Any\" (has type \"Any | bool\")  [misc]\nx_cls_make_markdown_x.py:313: error: Expression type contains \"Any\" (has type \"Any | bool\")  [misc]\nx_cls_make_markdown_x.py:318: error: Expression type contains \"Any\" (has type \"Any | bool\")  [misc]\nx_cls_make_markdown_x.py:336: error: Expression type contains \"Any\" (has type \"type[ValidationError]\")  [misc]\nx_cls_make_markdown_x.py:470: error: Expression type contains \"Any\" (has type \"type[ValidationError]\")  [misc]\nx_cls_make_markdown_x.py:550: error: Expression has type \"Any\"  [misc]\nx_cls_make_markdown_x.py:553: error: Expression has type \"Any\"  [misc]\nx_cls_make_markdown_x.py:553: error: Expression type contains \"Any\" (has type \"Any | None\")  [misc]\ntests\\test_markdown_builder.py:12: error: Cannot find implementation or library stub for module named \"pytest\"  [import-not-found]\ntests\\test_markdown_builder.py:20: error: Cannot find implementation or library stub for module named \"_pytest.monkeypatch\"  [import-not-found]\ntests\\test_markdown_builder.py:48: error: Argument 1 to \"test_to_html_fallback_when_markdown_missing\" becomes \"Any\" due to an unfollowed import  [no-any-unimported]\ntests\\test_markdown_builder.py:56: error: Expression has type \"Any\"  [misc]\ntests\\test_markdown_builder.py:64: error: Argument 1 to \"test_to_pdf_requires_existing_wkhtmltopdf\" becomes \"Any\" due to an unfollowed import  [no-any-unimported]\ntests\\test_markdown_builder.py:72: error: Expression has type \"Any\"  [misc]\ntests\\test_markdown_builder.py:74: error: Expression has type \"Any\"  [misc]\ntests\\test_json_contracts.py:9: error: Cannot find implementation or library stub for module named \"pytest\"  [import-not-found]\ntests\\test_json_contracts.py:9: note: See https://mypy.readthedocs.io/en/stable/running_mypy.html#missing-imports\ntests\\test_json_contracts.py:25: error: Expression has type \"Any\"  [misc]\ntests\\test_json_contracts.py:26: error: Expression has type \"Any\"  [misc]\ntests\\test_json_contracts.py:33: error: Function is untyped after decorator transformation  [misc]\ntests\\test_json_contracts.py:38: error: Function is untyped after decorator transformation  [misc]\ntests\\test_json_contracts.py:43: error: Function is untyped after decorator transformation  [misc]\ntests\\test_json_contracts.py:64: error: Expression has type \"Any\"  [misc]\ntests\\test_json_contracts.py:67: error: Expression has type \"Any\"  [misc]\nFound 29 errors in 3 files (checked 6 source files)\n",
                "tool": "mypy",
                "tool_module": "mypy",
                "tool_version": "mypy 1.18.2 (compiled: yes)"
            },
            "exit": "exit 1",
            "message": "mypy failed for x_make_markdown_x (exit 1)\ncwd: C:\\x_runner_x\\x_make_markdown_x\ncommand: C:\\x_runner_x\\.venvs\\.venv-3.12.6\\Scripts\\python.exe -m mypy . --strict --no-warn-unused-configs --show-error-codes --warn-return-any --warn-unreachable --disallow-any-unimported --disallow-any-expr --disallow-any-decorated --disallow-any-explicit\nstarted_at: 2025-10-23T01:11:46.617688+00:00\nduration: 0.777s\ntool_version: mypy 1.18.2 (compiled: yes)\nstdout:\nx_cls_make_markdown_x.py:77: error: Expression type contains \"Any\" (has type \"Any | bool\")  [misc]\nx_cls_make_markdown_x.py:78: error: Expression type contains \"Any\" (has type \"Any | bool\")  [misc]\nx_cls_make_markdown_x.py:80: error: Expression has type \"Any\"  [misc]\nx_cls_make_markdown_x.py:295: error: Expression type contains \"Any\" (has type \"Any | bool\")  [misc]\nx_cls_make_markdown_x.py:301: error: Expression type contains \"Any\" (has type \"Any | bool\")  [misc]\n\u2026\nstderr:\n<empty>",
            "repo": "x_make_markdown_x",
            "repo_path": "C:\\x_runner_x\\x_make_markdown_x",
            "stderr_preview": null,
            "stdout_preview": "x_cls_make_markdown_x.py:77: error: Expression type contains \"Any\" (has type \"Any | bool\")  [misc]\nx_cls_make_markdown_x.py:78: error: Expression type contains \"Any\" (has type \"Any | bool\")  [misc]\nx_cls_make_markdown_x.py:80: error: Expression has type \"Any\"  [misc]\nx_cls_make_markdown_x.py:295: error: Expression type contains \"Any\" (has type \"Any | bool\")  [misc]\nx_cls_make_markdown_x.py:301: error: Expression type contains \"Any\" (has type \"Any | bool\")  [misc]\n\u2026",
            "suggested_action": "Investigate",
            "summary": "mypy failed for x_make_markdown_x (exit 1) cwd: C:\\x_runner_x\\x_make_markdown_x command: C:\\x_runner_x\\.venvs\\.venv-3.12.6\\Scripts\\python.exe -m mypy . --strict --no-warn-unused-configs --show-error-codes --warn-return-any --warn-unreachab\u2026",
            "tool": "mypy",
            "tool_version": "mypy 1.18.2 (compiled: yes)"
        },
        {
            "captured_at": "2025-10-23T01:12:11.472975+00:00",
            "command": "C:\\x_runner_x\\.venvs\\.venv-3.12.6\\Scripts\\python.exe -m black . --line-length 88 --target-version py311 --check --diff",
            "detail": {
                "cached": false,
                "cmd": [
                    "C:\\x_runner_x\\.venvs\\.venv-3.12.6\\Scripts\\python.exe",
                    "-m",
                    "black",
                    ".",
                    "--line-length",
                    "88",
                    "--target-version",
                    "py311",
                    "--check",
                    "--diff"
                ],
                "cmd_display": "C:\\x_runner_x\\.venvs\\.venv-3.12.6\\Scripts\\python.exe -m black . --line-length 88 --target-version py311 --check --diff",
                "cwd": "C:\\x_runner_x\\x_make_mermaid_x",
                "duration_seconds": 2.3081360000069253,
                "ended_at": "2025-10-23T01:12:11.472975+00:00",
                "exit": 1,
                "failed_files": [],
                "files_checked": [
                    "__init__.py",
                    "json_contracts/__init__.py",
                    "tests/__init__.py",
                    "tests/test_json_contracts.py",
                    "tests/test_mermaid_builder.py",
                    "x_cls_make_mermaid_x.py"
                ],
                "repo": "x_make_mermaid_x",
                "repo_hash": "118248e0effed9df41b7aae94cd7dad01ae18ac06071e651032c64d262efc28f",
                "repo_path": "C:\\x_runner_x\\x_make_mermaid_x",
                "started_at": "2025-10-23T01:12:09.167272+00:00",
                "stderr": "would reformat C:\\x_runner_x\\x_make_mermaid_x\\x_cls_make_mermaid_x.py\n\nOh no! \\U0001f4a5 \\U0001f494 \\U0001f4a5\n1 file would be reformatted, 5 files would be left unchanged.\n",
                "stdout": "--- C:\\x_runner_x\\x_make_mermaid_x\\x_cls_make_mermaid_x.py\t2025-10-22 23:27:19.466485+00:00\n+++ C:\\x_runner_x\\x_make_mermaid_x\\x_cls_make_mermaid_x.py\t2025-10-23 01:12:11.316833+00:00\n@@ -818,11 +818,13 @@\n \n def _extract_export_options(\n     parameters: Mapping[str, object],\n ) -> tuple[bool, str | None, str | None]:\n     export_svg_obj = parameters.get(\"export_svg\")\n-    export_svg = bool(export_svg_obj) if not isinstance(export_svg_obj, bool) else export_svg_obj\n+    export_svg = (\n+        bool(export_svg_obj) if not isinstance(export_svg_obj, bool) else export_svg_obj\n+    )\n     output_svg_obj = parameters.get(\"output_svg\")\n     output_svg: str | None = None\n     if isinstance(output_svg_obj, str) and output_svg_obj:\n         output_svg = output_svg_obj\n     mermaid_cli_obj = parameters.get(\"mermaid_cli_path\")\n",
                "tool": "black",
                "tool_module": "black",
                "tool_version": "python -m black, 25.9.0 (compiled: yes)\nPython (CPython) 3.12.6"
            },
            "exit": "exit 1",
            "message": "black failed for x_make_mermaid_x (exit 1)\ncwd: C:\\x_runner_x\\x_make_mermaid_x\ncommand: C:\\x_runner_x\\.venvs\\.venv-3.12.6\\Scripts\\python.exe -m black . --line-length 88 --target-version py311 --check --diff\nstarted_at: 2025-10-23T01:12:09.167272+00:00\nduration: 2.308s\ntool_version: python -m black, 25.9.0 (compiled: yes)\nPython (CPython) 3.12.6\nstdout:\n--- C:\\x_runner_x\\x_make_mermaid_x\\x_cls_make_mermaid_x.py\t2025-10-22 23:27:19.466485+00:00\n+++ C:\\x_runner_x\\x_make_mermaid_x\\x_cls_make_mermaid_x.py\t2025-10-23 01:12:11.316833+00:00\n@@ -818,11 +818,13 @@\n \n def _extract_export_options(\n\u2026\nstderr:\nwould reformat C:\\x_runner_x\\x_make_mermaid_x\\x_cls_make_mermaid_x.py\n\nOh no! \\U0001f4a5 \\U0001f494 \\U0001f4a5\n1 file would be reformatted, 5 files would be left unchanged.",
            "repo": "x_make_mermaid_x",
            "repo_path": "C:\\x_runner_x\\x_make_mermaid_x",
            "stderr_preview": "would reformat C:\\x_runner_x\\x_make_mermaid_x\\x_cls_make_mermaid_x.py\n\nOh no! \\U0001f4a5 \\U0001f494 \\U0001f4a5\n1 file would be reformatted, 5 files would be left unchanged.",
            "stdout_preview": "--- C:\\x_runner_x\\x_make_mermaid_x\\x_cls_make_mermaid_x.py\t2025-10-22 23:27:19.466485+00:00\n+++ C:\\x_runner_x\\x_make_mermaid_x\\x_cls_make_mermaid_x.py\t2025-10-23 01:12:11.316833+00:00\n@@ -818,11 +818,13 @@\n \n def _extract_export_options(\n\u2026",
            "suggested_action": "Investigate",
            "summary": "black failed for x_make_mermaid_x (exit 1) cwd: C:\\x_runner_x\\x_make_mermaid_x command: C:\\x_runner_x\\.venvs\\.venv-3.12.6\\Scripts\\python.exe -m black . --line-length 88 --target-version py311 --check --diff started_at: 2025-10-23T01:12:09.\u2026",
            "tool": "black",
            "tool_version": "python -m black, 25.9.0 (compiled: yes)\nPython (CPython) 3.12.6"
        },
        {
            "captured_at": "2025-10-23T01:12:12.427818+00:00",
            "command": "C:\\x_runner_x\\.venvs\\.venv-3.12.6\\Scripts\\python.exe -m mypy . --strict --no-warn-unused-configs --show-error-codes --warn-return-any --warn-unreachable --disallow-any-unimported --disallow-any-expr --disallow-any-decorated --disallow-any-explicit",
            "detail": {
                "cached": false,
                "cmd": [
                    "C:\\x_runner_x\\.venvs\\.venv-3.12.6\\Scripts\\python.exe",
                    "-m",
                    "mypy",
                    ".",
                    "--strict",
                    "--no-warn-unused-configs",
                    "--show-error-codes",
                    "--warn-return-any",
                    "--warn-unreachable",
                    "--disallow-any-unimported",
                    "--disallow-any-expr",
                    "--disallow-any-decorated",
                    "--disallow-any-explicit"
                ],
                "cmd_display": "C:\\x_runner_x\\.venvs\\.venv-3.12.6\\Scripts\\python.exe -m mypy . --strict --no-warn-unused-configs --show-error-codes --warn-return-any --warn-unreachable --disallow-any-unimported --disallow-any-expr --disallow-any-decorated --disallow-any-explicit",
                "cwd": "C:\\x_runner_x\\x_make_mermaid_x",
                "duration_seconds": 0.816092099994421,
                "ended_at": "2025-10-23T01:12:12.427818+00:00",
                "exit": 1,
                "failed_files": [],
                "files_checked": [
                    "__init__.py",
                    "json_contracts/__init__.py",
                    "tests/__init__.py",
                    "tests/test_json_contracts.py",
                    "tests/test_mermaid_builder.py",
                    "x_cls_make_mermaid_x.py"
                ],
                "repo": "x_make_mermaid_x",
                "repo_hash": "118248e0effed9df41b7aae94cd7dad01ae18ac06071e651032c64d262efc28f",
                "repo_path": "C:\\x_runner_x\\x_make_mermaid_x",
                "started_at": "2025-10-23T01:12:11.612752+00:00",
                "stderr": "",
                "stdout": "x_cls_make_mermaid_x.py:787: error: Expression type contains \"Any\" (has type \"type[ValidationError]\")  [misc]\nx_cls_make_mermaid_x.py:902: error: Expression type contains \"Any\" (has type \"type[ValidationError]\")  [misc]\nx_cls_make_mermaid_x.py:1530: error: Expression has type \"Any\"  [misc]\nx_cls_make_mermaid_x.py:1533: error: Expression has type \"Any\"  [misc]\nx_cls_make_mermaid_x.py:1533: error: Expression type contains \"Any\" (has type \"Any | None\")  [misc]\ntests\\test_mermaid_builder.py:18: error: Cannot find implementation or library stub for module named \"_pytest.monkeypatch\"  [import-not-found]\ntests\\test_mermaid_builder.py:98: error: Argument 1 to \"test_run_command_returns_completed_process\" becomes \"Any\" due to an unfollowed import  [no-any-unimported]\ntests\\test_mermaid_builder.py:113: error: Expression has type \"Any\"  [misc]\ntests\\test_mermaid_builder.py:123: error: Argument 1 to \"test_run_command_raises_command_error\" becomes \"Any\" due to an unfollowed import  [no-any-unimported]\ntests\\test_mermaid_builder.py:136: error: Expression has type \"Any\"  [misc]\ntests\\test_json_contracts.py:8: error: Cannot find implementation or library stub for module named \"pytest\"  [import-not-found]\ntests\\test_json_contracts.py:16: error: Cannot find implementation or library stub for module named \"_pytest.monkeypatch\"  [import-not-found]\ntests\\test_json_contracts.py:16: note: See https://mypy.readthedocs.io/en/stable/running_mypy.html#missing-imports\ntests\\test_json_contracts.py:26: error: Expression has type \"Any\"  [misc]\ntests\\test_json_contracts.py:27: error: Expression has type \"Any\"  [misc]\ntests\\test_json_contracts.py:34: error: Function is untyped after decorator transformation  [misc]\ntests\\test_json_contracts.py:39: error: Function is untyped after decorator transformation  [misc]\ntests\\test_json_contracts.py:44: error: Function is untyped after decorator transformation  [misc]\ntests\\test_json_contracts.py:65: error: Expression has type \"Any\"  [misc]\ntests\\test_json_contracts.py:68: error: Expression has type \"Any\"  [misc]\ntests\\test_json_contracts.py:75: error: Argument 3 to \"test_main_json_builds_from_document\" becomes \"Any\" due to an unfollowed import  [no-any-unimported]\ntests\\test_json_contracts.py:118: error: Expression has type \"Any\"  [misc]\ntests\\test_json_contracts.py:146: error: Expression type contains \"Any\" (has type \"Any | bool\")  [misc]\ntests\\test_json_contracts.py:147: error: Expression type contains \"Any\" (has type \"Any | bool\")  [misc]\ntests\\test_json_contracts.py:148: error: Expression type contains \"Any\" (has type \"Any | bool\")  [misc]\nFound 24 errors in 3 files (checked 6 source files)\n",
                "tool": "mypy",
                "tool_module": "mypy",
                "tool_version": "mypy 1.18.2 (compiled: yes)"
            },
            "exit": "exit 1",
            "message": "mypy failed for x_make_mermaid_x (exit 1)\ncwd: C:\\x_runner_x\\x_make_mermaid_x\ncommand: C:\\x_runner_x\\.venvs\\.venv-3.12.6\\Scripts\\python.exe -m mypy . --strict --no-warn-unused-configs --show-error-codes --warn-return-any --warn-unreachable --disallow-any-unimported --disallow-any-expr --disallow-any-decorated --disallow-any-explicit\nstarted_at: 2025-10-23T01:12:11.612752+00:00\nduration: 0.816s\ntool_version: mypy 1.18.2 (compiled: yes)\nstdout:\nx_cls_make_mermaid_x.py:787: error: Expression type contains \"Any\" (has type \"type[ValidationError]\")  [misc]\nx_cls_make_mermaid_x.py:902: error: Expression type contains \"Any\" (has type \"type[ValidationError]\")  [misc]\nx_cls_make_mermaid_x.py:1530: error: Expression has type \"Any\"  [misc]\nx_cls_make_mermaid_x.py:1533: error: Expression has type \"Any\"  [misc]\nx_cls_make_mermaid_x.py:1533: error: Expression type contains \"Any\" (has type \"Any | None\")  [misc]\n\u2026\nstderr:\n<empty>",
            "repo": "x_make_mermaid_x",
            "repo_path": "C:\\x_runner_x\\x_make_mermaid_x",
            "stderr_preview": null,
            "stdout_preview": "x_cls_make_mermaid_x.py:787: error: Expression type contains \"Any\" (has type \"type[ValidationError]\")  [misc]\nx_cls_make_mermaid_x.py:902: error: Expression type contains \"Any\" (has type \"type[ValidationError]\")  [misc]\nx_cls_make_mermaid_x.py:1530: error: Expression has type \"Any\"  [misc]\nx_cls_make_mermaid_x.py:1533: error: Expression has type \"Any\"  [misc]\nx_cls_make_mermaid_x.py:1533: error: Expression type contains \"Any\" (has type \"Any | None\")  [misc]\n\u2026",
            "suggested_action": "Investigate",
            "summary": "mypy failed for x_make_mermaid_x (exit 1) cwd: C:\\x_runner_x\\x_make_mermaid_x command: C:\\x_runner_x\\.venvs\\.venv-3.12.6\\Scripts\\python.exe -m mypy . --strict --no-warn-unused-configs --show-error-codes --warn-return-any --warn-unreachable\u2026",
            "tool": "mypy",
            "tool_version": "mypy 1.18.2 (compiled: yes)"
        },
        {
            "captured_at": "2025-10-23T01:12:11.609216+00:00",
            "command": "C:\\x_runner_x\\.venvs\\.venv-3.12.6\\Scripts\\python.exe -m ruff check . --select ALL --ignore D,COM812,ISC001,T20 --line-length 88 --target-version py311",
            "detail": {
                "cached": false,
                "cmd": [
                    "C:\\x_runner_x\\.venvs\\.venv-3.12.6\\Scripts\\python.exe",
                    "-m",
                    "ruff",
                    "check",
                    ".",
                    "--select",
                    "ALL",
                    "--ignore",
                    "D,COM812,ISC001,T20",
                    "--line-length",
                    "88",
                    "--target-version",
                    "py311"
                ],
                "cmd_display": "C:\\x_runner_x\\.venvs\\.venv-3.12.6\\Scripts\\python.exe -m ruff check . --select ALL --ignore D,COM812,ISC001,T20 --line-length 88 --target-version py311",
                "cwd": "C:\\x_runner_x\\x_make_mermaid_x",
                "duration_seconds": 0.1309307999908924,
                "ended_at": "2025-10-23T01:12:11.609216+00:00",
                "exit": 1,
                "failed_files": [],
                "files_checked": [
                    "__init__.py",
                    "json_contracts/__init__.py",
                    "tests/__init__.py",
                    "tests/test_json_contracts.py",
                    "tests/test_mermaid_builder.py",
                    "x_cls_make_mermaid_x.py"
                ],
                "repo": "x_make_mermaid_x",
                "repo_hash": "118248e0effed9df41b7aae94cd7dad01ae18ac06071e651032c64d262efc28f",
                "repo_path": "C:\\x_runner_x\\x_make_mermaid_x",
                "started_at": "2025-10-23T01:12:11.478766+00:00",
                "stderr": "",
                "stdout": "TRY003 Avoid specifying long messages outside the exception class\n  --> tests\\test_json_contracts.py:84:15\n   |\n82 |     parameters_obj = payload.get(\"parameters\")\n83 |     if not isinstance(parameters_obj, dict):\n84 |         raise TypeError(\"sample fixture payload must contain parameters object\")\n   |               ^^^^^^^^^^^^^^^^^^^^^^^^^^^^^^^^^^^^^^^^^^^^^^^^^^^^^^^^^^^^^^^^^^\n85 |     parameters = cast(\"dict[str, object]\", parameters_obj)\n86 |     parameters[\"output_mermaid\"] = str(output_dir / \"diagram.mmd\")\n   |\n\nEM101 Exception must not use a string literal, assign to variable first\n  --> tests\\test_json_contracts.py:84:25\n   |\n82 |     parameters_obj = payload.get(\"parameters\")\n83 |     if not isinstance(parameters_obj, dict):\n84 |         raise TypeError(\"sample fixture payload must contain parameters object\")\n   |                         ^^^^^^^^^^^^^^^^^^^^^^^^^^^^^^^^^^^^^^^^^^^^^^^^^^^^^^^\n85 |     parameters = cast(\"dict[str, object]\", parameters_obj)\n86 |     parameters[\"output_mermaid\"] = str(output_dir / \"diagram.mmd\")\n   |\nhelp: Assign to variable; remove string literal\n\nE501 Line too long (97 > 88)\n   --> x_cls_make_mermaid_x.py:823:89\n    |\n821 | ) -> tuple[bool, str | None, str | None]:\n822 |     export_svg_obj = parameters.get(\"export_svg\")\n823 |     export_svg = bool(export_svg_obj) if not isinstance(export_svg_obj, bool) else export_svg_obj\n    |                                                                                         ^^^^^^^^^\n824 |     output_svg_obj = parameters.get(\"output_svg\")\n825 |     output_svg: str | None = None\n    |\n\nFound 3 errors.\nNo fixes available (1 hidden fix can be enabled with the `--unsafe-fixes` option).\n",
                "tool": "ruff_check",
                "tool_module": "ruff",
                "tool_version": "ruff 0.14.1"
            },
            "exit": "exit 1",
            "message": "ruff_check failed for x_make_mermaid_x (exit 1)\ncwd: C:\\x_runner_x\\x_make_mermaid_x\ncommand: C:\\x_runner_x\\.venvs\\.venv-3.12.6\\Scripts\\python.exe -m ruff check . --select ALL --ignore D,COM812,ISC001,T20 --line-length 88 --target-version py311\nstarted_at: 2025-10-23T01:12:11.478766+00:00\nduration: 0.131s\ntool_version: ruff 0.14.1\nstdout:\nTRY003 Avoid specifying long messages outside the exception class\n  --> tests\\test_json_contracts.py:84:15\n   |\n82 |     parameters_obj = payload.get(\"parameters\")\n83 |     if not isinstance(parameters_obj, dict):\n\u2026\nstderr:\n<empty>",
            "repo": "x_make_mermaid_x",
            "repo_path": "C:\\x_runner_x\\x_make_mermaid_x",
            "stderr_preview": null,
            "stdout_preview": "TRY003 Avoid specifying long messages outside the exception class\n  --> tests\\test_json_contracts.py:84:15\n   |\n82 |     parameters_obj = payload.get(\"parameters\")\n83 |     if not isinstance(parameters_obj, dict):\n\u2026",
            "suggested_action": "Investigate",
            "summary": "ruff_check failed for x_make_mermaid_x (exit 1) cwd: C:\\x_runner_x\\x_make_mermaid_x command: C:\\x_runner_x\\.venvs\\.venv-3.12.6\\Scripts\\python.exe -m ruff check . --select ALL --ignore D,COM812,ISC001,T20 --line-length 88 --target-version p\u2026",
            "tool": "ruff_check",
            "tool_version": "ruff 0.14.1"
        },
        {
            "captured_at": "2025-10-23T01:12:09.164744+00:00",
            "command": "C:\\x_runner_x\\.venvs\\.venv-3.12.6\\Scripts\\python.exe -m ruff check . --fix --select ALL --ignore D,COM812,ISC001,T20 --line-length 88 --target-version py311",
            "detail": {
                "cached": false,
                "cmd": [
                    "C:\\x_runner_x\\.venvs\\.venv-3.12.6\\Scripts\\python.exe",
                    "-m",
                    "ruff",
                    "check",
                    ".",
                    "--fix",
                    "--select",
                    "ALL",
                    "--ignore",
                    "D,COM812,ISC001,T20",
                    "--line-length",
                    "88",
                    "--target-version",
                    "py311"
                ],
                "cmd_display": "C:\\x_runner_x\\.venvs\\.venv-3.12.6\\Scripts\\python.exe -m ruff check . --fix --select ALL --ignore D,COM812,ISC001,T20 --line-length 88 --target-version py311",
                "cwd": "C:\\x_runner_x\\x_make_mermaid_x",
                "duration_seconds": 0.14680820000648964,
                "ended_at": "2025-10-23T01:12:09.164744+00:00",
                "exit": 1,
                "failed_files": [],
                "files_checked": [
                    "__init__.py",
                    "json_contracts/__init__.py",
                    "tests/__init__.py",
                    "tests/test_json_contracts.py",
                    "tests/test_mermaid_builder.py",
                    "x_cls_make_mermaid_x.py"
                ],
                "repo": "x_make_mermaid_x",
                "repo_hash": "118248e0effed9df41b7aae94cd7dad01ae18ac06071e651032c64d262efc28f",
                "repo_path": "C:\\x_runner_x\\x_make_mermaid_x",
                "started_at": "2025-10-23T01:12:09.017591+00:00",
                "stderr": "",
                "stdout": "TRY003 Avoid specifying long messages outside the exception class\n  --> tests\\test_json_contracts.py:84:15\n   |\n82 |     parameters_obj = payload.get(\"parameters\")\n83 |     if not isinstance(parameters_obj, dict):\n84 |         raise TypeError(\"sample fixture payload must contain parameters object\")\n   |               ^^^^^^^^^^^^^^^^^^^^^^^^^^^^^^^^^^^^^^^^^^^^^^^^^^^^^^^^^^^^^^^^^^\n85 |     parameters = cast(\"dict[str, object]\", parameters_obj)\n86 |     parameters[\"output_mermaid\"] = str(output_dir / \"diagram.mmd\")\n   |\n\nEM101 Exception must not use a string literal, assign to variable first\n  --> tests\\test_json_contracts.py:84:25\n   |\n82 |     parameters_obj = payload.get(\"parameters\")\n83 |     if not isinstance(parameters_obj, dict):\n84 |         raise TypeError(\"sample fixture payload must contain parameters object\")\n   |                         ^^^^^^^^^^^^^^^^^^^^^^^^^^^^^^^^^^^^^^^^^^^^^^^^^^^^^^^\n85 |     parameters = cast(\"dict[str, object]\", parameters_obj)\n86 |     parameters[\"output_mermaid\"] = str(output_dir / \"diagram.mmd\")\n   |\nhelp: Assign to variable; remove string literal\n\nE501 Line too long (97 > 88)\n   --> x_cls_make_mermaid_x.py:823:89\n    |\n821 | ) -> tuple[bool, str | None, str | None]:\n822 |     export_svg_obj = parameters.get(\"export_svg\")\n823 |     export_svg = bool(export_svg_obj) if not isinstance(export_svg_obj, bool) else export_svg_obj\n    |                                                                                         ^^^^^^^^^\n824 |     output_svg_obj = parameters.get(\"output_svg\")\n825 |     output_svg: str | None = None\n    |\n\nFound 3 errors.\nNo fixes available (1 hidden fix can be enabled with the `--unsafe-fixes` option).\n",
                "tool": "ruff_fix",
                "tool_module": "ruff",
                "tool_version": "ruff 0.14.1"
            },
            "exit": "exit 1",
            "message": "ruff_fix failed for x_make_mermaid_x (exit 1)\ncwd: C:\\x_runner_x\\x_make_mermaid_x\ncommand: C:\\x_runner_x\\.venvs\\.venv-3.12.6\\Scripts\\python.exe -m ruff check . --fix --select ALL --ignore D,COM812,ISC001,T20 --line-length 88 --target-version py311\nstarted_at: 2025-10-23T01:12:09.017591+00:00\nduration: 0.147s\ntool_version: ruff 0.14.1\nstdout:\nTRY003 Avoid specifying long messages outside the exception class\n  --> tests\\test_json_contracts.py:84:15\n   |\n82 |     parameters_obj = payload.get(\"parameters\")\n83 |     if not isinstance(parameters_obj, dict):\n\u2026\nstderr:\n<empty>",
            "repo": "x_make_mermaid_x",
            "repo_path": "C:\\x_runner_x\\x_make_mermaid_x",
            "stderr_preview": null,
            "stdout_preview": "TRY003 Avoid specifying long messages outside the exception class\n  --> tests\\test_json_contracts.py:84:15\n   |\n82 |     parameters_obj = payload.get(\"parameters\")\n83 |     if not isinstance(parameters_obj, dict):\n\u2026",
            "suggested_action": "Investigate",
            "summary": "ruff_fix failed for x_make_mermaid_x (exit 1) cwd: C:\\x_runner_x\\x_make_mermaid_x command: C:\\x_runner_x\\.venvs\\.venv-3.12.6\\Scripts\\python.exe -m ruff check . --fix --select ALL --ignore D,COM812,ISC001,T20 --line-length 88 --target-versi\u2026",
            "tool": "ruff_fix",
            "tool_version": "ruff 0.14.1"
        },
        {
            "captured_at": "2025-10-23T01:12:41.437825+00:00",
            "command": "C:\\x_runner_x\\.venvs\\.venv-3.12.6\\Scripts\\python.exe -m mypy . --strict --no-warn-unused-configs --show-error-codes --warn-return-any --warn-unreachable --disallow-any-unimported --disallow-any-expr --disallow-any-decorated --disallow-any-explicit",
            "detail": {
                "cached": false,
                "cmd": [
                    "C:\\x_runner_x\\.venvs\\.venv-3.12.6\\Scripts\\python.exe",
                    "-m",
                    "mypy",
                    ".",
                    "--strict",
                    "--no-warn-unused-configs",
                    "--show-error-codes",
                    "--warn-return-any",
                    "--warn-unreachable",
                    "--disallow-any-unimported",
                    "--disallow-any-expr",
                    "--disallow-any-decorated",
                    "--disallow-any-explicit"
                ],
                "cmd_display": "C:\\x_runner_x\\.venvs\\.venv-3.12.6\\Scripts\\python.exe -m mypy . --strict --no-warn-unused-configs --show-error-codes --warn-return-any --warn-unreachable --disallow-any-unimported --disallow-any-expr --disallow-any-decorated --disallow-any-explicit",
                "cwd": "C:\\x_runner_x\\x_make_persistent_env_var_x",
                "duration_seconds": 0.8734759999933885,
                "ended_at": "2025-10-23T01:12:41.437825+00:00",
                "exit": 1,
                "failed_files": [],
                "files_checked": [
                    "__init__.py",
                    "json_contracts/__init__.py",
                    "tests/__init__.py",
                    "tests/test_json_contracts.py",
                    "tests/test_persistent_env.py",
                    "x_cls_make_persistent_env_var_x.py"
                ],
                "repo": "x_make_persistent_env_var_x",
                "repo_hash": "6f7ab471fdddef4bae422b8dd474a00b4a38c80839beb7b8a284320bbc10b1ec",
                "repo_path": "C:\\x_runner_x\\x_make_persistent_env_var_x",
                "started_at": "2025-10-23T01:12:40.565442+00:00",
                "stderr": "",
                "stdout": "x_cls_make_persistent_env_var_x.py:600: error: Expression type contains \"Any\" (has type \"Any | None\")  [misc]\nx_cls_make_persistent_env_var_x.py:601: error: Expression type contains \"Any\" (has type \"Any | None\")  [misc]\nx_cls_make_persistent_env_var_x.py:602: error: Expression type contains \"Any\" (has type \"Callable[[], Any]\")  [misc]\nx_cls_make_persistent_env_var_x.py:602: error: Expression has type \"Any\"  [misc]\nx_cls_make_persistent_env_var_x.py:1018: error: Expression type contains \"Any\" (has type \"type[ValidationError]\")  [misc]\nx_cls_make_persistent_env_var_x.py:1105: error: Expression type contains \"Any\" (has type \"type[ValidationError]\")  [misc]\nx_cls_make_persistent_env_var_x.py:1142: error: Expression has type \"Any\"  [misc]\nx_cls_make_persistent_env_var_x.py:1145: error: Expression has type \"Any\"  [misc]\nx_cls_make_persistent_env_var_x.py:1145: error: Expression type contains \"Any\" (has type \"Any | None\")  [misc]\ntests\\test_json_contracts.py:9: error: Cannot find implementation or library stub for module named \"pytest\"  [import-not-found]\ntests\\test_json_contracts.py:9: note: See https://mypy.readthedocs.io/en/stable/running_mypy.html#missing-imports\ntests\\test_json_contracts.py:29: error: Unused \"type: ignore\" comment  [unused-ignore]\ntests\\test_json_contracts.py:29: error: Expression has type \"Any\"  [misc]\ntests\\test_json_contracts.py:29: note: Error code \"misc\" not covered by \"type: ignore\" comment\ntests\\test_json_contracts.py:29: error: Untyped decorator makes function \"sample_input\" untyped  [misc]\ntests\\test_json_contracts.py:30: error: Function is untyped after decorator transformation  [misc]\ntests\\test_json_contracts.py:32: error: Expression has type \"Any\"  [misc]\ntests\\test_json_contracts.py:35: error: Unused \"type: ignore\" comment  [unused-ignore]\ntests\\test_json_contracts.py:35: error: Expression has type \"Any\"  [misc]\ntests\\test_json_contracts.py:35: note: Error code \"misc\" not covered by \"type: ignore\" comment\ntests\\test_json_contracts.py:35: error: Untyped decorator makes function \"sample_output\" untyped  [misc]\ntests\\test_json_contracts.py:36: error: Function is untyped after decorator transformation  [misc]\ntests\\test_json_contracts.py:38: error: Expression has type \"Any\"  [misc]\ntests\\test_json_contracts.py:41: error: Unused \"type: ignore\" comment  [unused-ignore]\ntests\\test_json_contracts.py:41: error: Expression has type \"Any\"  [misc]\ntests\\test_json_contracts.py:41: note: Error code \"misc\" not covered by \"type: ignore\" comment\ntests\\test_json_contracts.py:41: error: Untyped decorator makes function \"sample_error\" untyped  [misc]\ntests\\test_json_contracts.py:42: error: Function is untyped after decorator transformation  [misc]\ntests\\test_json_contracts.py:44: error: Expression has type \"Any\"  [misc]\ntests\\test_json_contracts.py:121: error: Expression has type \"Any\"  [misc]\ntests\\test_json_contracts.py:124: error: Expression has type \"Any\"  [misc]\ntests\\test_json_contracts.py:127: error: Expression has type \"Any\"  [misc]\ntests\\test_json_contracts.py:128: error: Expression has type \"Any\"  [misc]\ntests\\test_json_contracts.py:131: error: Argument 2 to \"test_main_json_persist_values_success\" becomes \"Any\" due to an unfollowed import  [no-any-unimported]\ntests\\test_json_contracts.py:135: error: Expression has type \"Any\"  [misc]\ntests\\test_json_contracts.py:140: error: Expression has type \"Any\"  [misc]\ntests\\test_json_contracts.py:141: error: Expression has type \"Any\"  [misc]\ntests\\test_json_contracts.py:147: error: Expression has type \"Any\"  [misc]\ntests\\test_json_contracts.py:181: error: Argument 1 to \"test_main_json_persist_current_handles_missing\" becomes \"Any\" due to an unfollowed import  [no-any-unimported]\ntests\\test_json_contracts.py:223: error: Expression has type \"Any\"  [misc]\ntests\\test_json_contracts.py:224: error: Expression has type \"Any\"  [misc]\ntests\\test_json_contracts.py:225: error: Expression has type \"Any\"  [misc]\ntests\\test_json_contracts.py:236: error: Expression type contains \"Any\" (has type \"Any | bool\")  [misc]\ntests\\test_json_contracts.py:237: error: Expression type contains \"Any\" (has type \"Any | bool\")  [misc]\ntests\\test_json_contracts.py:238: error: Expression type contains \"Any\" (has type \"Any | bool\")  [misc]\ntests\\test_json_contracts.py:239: error: Expression type contains \"Any\" (has type \"Any | bool\")  [misc]\nFound 42 errors in 2 files (checked 6 source files)\n",
                "tool": "mypy",
                "tool_module": "mypy",
                "tool_version": "mypy 1.18.2 (compiled: yes)"
            },
            "exit": "exit 1",
            "message": "mypy failed for x_make_persistent_env_var_x (exit 1)\ncwd: C:\\x_runner_x\\x_make_persistent_env_var_x\ncommand: C:\\x_runner_x\\.venvs\\.venv-3.12.6\\Scripts\\python.exe -m mypy . --strict --no-warn-unused-configs --show-error-codes --warn-return-any --warn-unreachable --disallow-any-unimported --disallow-any-expr --disallow-any-decorated --disallow-any-explicit\nstarted_at: 2025-10-23T01:12:40.565442+00:00\nduration: 0.873s\ntool_version: mypy 1.18.2 (compiled: yes)\nstdout:\nx_cls_make_persistent_env_var_x.py:600: error: Expression type contains \"Any\" (has type \"Any | None\")  [misc]\nx_cls_make_persistent_env_var_x.py:601: error: Expression type contains \"Any\" (has type \"Any | None\")  [misc]\nx_cls_make_persistent_env_var_x.py:602: error: Expression type contains \"Any\" (has type \"Callable[[], Any]\")  [misc]\nx_cls_make_persistent_env_var_x.py:602: error: Expression has type \"Any\"  [misc]\nx_cls_make_persistent_env_var_x.py:1018: error: Expression type contains \"Any\" (has type \"type[ValidationError]\")  [misc]\n\u2026\nstderr:\n<empty>",
            "repo": "x_make_persistent_env_var_x",
            "repo_path": "C:\\x_runner_x\\x_make_persistent_env_var_x",
            "stderr_preview": null,
            "stdout_preview": "x_cls_make_persistent_env_var_x.py:600: error: Expression type contains \"Any\" (has type \"Any | None\")  [misc]\nx_cls_make_persistent_env_var_x.py:601: error: Expression type contains \"Any\" (has type \"Any | None\")  [misc]\nx_cls_make_persistent_env_var_x.py:602: error: Expression type contains \"Any\" (has type \"Callable[[], Any]\")  [misc]\nx_cls_make_persistent_env_var_x.py:602: error: Expression has type \"Any\"  [misc]\nx_cls_make_persistent_env_var_x.py:1018: error: Expression type contains \"Any\" (has type \"type[ValidationError]\")  [misc]\n\u2026",
            "suggested_action": "Investigate",
            "summary": "mypy failed for x_make_persistent_env_var_x (exit 1) cwd: C:\\x_runner_x\\x_make_persistent_env_var_x command: C:\\x_runner_x\\.venvs\\.venv-3.12.6\\Scripts\\python.exe -m mypy . --strict --no-warn-unused-configs --show-error-codes --warn-return-\u2026",
            "tool": "mypy",
            "tool_version": "mypy 1.18.2 (compiled: yes)"
        },
        {
            "captured_at": "2025-10-23T01:13:01.962620+00:00",
            "command": "C:\\x_runner_x\\.venvs\\.venv-3.12.6\\Scripts\\python.exe -m black . --line-length 88 --target-version py311 --check --diff",
            "detail": {
                "cached": false,
                "cmd": [
                    "C:\\x_runner_x\\.venvs\\.venv-3.12.6\\Scripts\\python.exe",
                    "-m",
                    "black",
                    ".",
                    "--line-length",
                    "88",
                    "--target-version",
                    "py311",
                    "--check",
                    "--diff"
                ],
                "cmd_display": "C:\\x_runner_x\\.venvs\\.venv-3.12.6\\Scripts\\python.exe -m black . --line-length 88 --target-version py311 --check --diff",
                "cwd": "C:\\x_runner_x\\x_make_pip_updates_x",
                "duration_seconds": 1.3931272000045283,
                "ended_at": "2025-10-23T01:13:01.962620+00:00",
                "exit": 1,
                "failed_files": [],
                "files_checked": [
                    "__init__.py",
                    "json_contracts/__init__.py",
                    "tests/__init__.py",
                    "tests/test_json_contracts.py",
                    "tests/test_pip_updates.py",
                    "update_flow.py",
                    "x_cls_make_pip_updates_x.py"
                ],
                "repo": "x_make_pip_updates_x",
                "repo_hash": "055ed982587b898c6c98e0adc88301fe42c4edb622066908ce9a78c85fa8fad9",
                "repo_path": "C:\\x_runner_x\\x_make_pip_updates_x",
                "started_at": "2025-10-23T01:13:00.570766+00:00",
                "stderr": "would reformat C:\\x_runner_x\\x_make_pip_updates_x\\tests\\test_json_contracts.py\n\nOh no! \\U0001f4a5 \\U0001f494 \\U0001f4a5\n1 file would be reformatted, 6 files would be left unchanged.\n",
                "stdout": "--- C:\\x_runner_x\\x_make_pip_updates_x\\tests\\test_json_contracts.py\t2025-10-22 23:27:23.569468+00:00\n+++ C:\\x_runner_x\\x_make_pip_updates_x\\tests\\test_json_contracts.py\t2025-10-23 01:13:01.672555+00:00\n@@ -21,10 +21,11 @@\n \n \n def _module_fixture(func: FixtureFunc) -> FixtureFunc:\n     decorator: Callable[[FixtureFunc], object] = pytest.fixture(scope=\"module\")\n     return cast(\"FixtureFunc\", decorator(func))\n+\n \n FIXTURE_DIR = Path(__file__).resolve().parent / \"fixtures\" / \"json_contracts\"\n REPORTS_DIR = Path(__file__).resolve().parents[1] / \"reports\"\n \n \n",
                "tool": "black",
                "tool_module": "black",
                "tool_version": "python -m black, 25.9.0 (compiled: yes)\nPython (CPython) 3.12.6"
            },
            "exit": "exit 1",
            "message": "black failed for x_make_pip_updates_x (exit 1)\ncwd: C:\\x_runner_x\\x_make_pip_updates_x\ncommand: C:\\x_runner_x\\.venvs\\.venv-3.12.6\\Scripts\\python.exe -m black . --line-length 88 --target-version py311 --check --diff\nstarted_at: 2025-10-23T01:13:00.570766+00:00\nduration: 1.393s\ntool_version: python -m black, 25.9.0 (compiled: yes)\nPython (CPython) 3.12.6\nstdout:\n--- C:\\x_runner_x\\x_make_pip_updates_x\\tests\\test_json_contracts.py\t2025-10-22 23:27:23.569468+00:00\n+++ C:\\x_runner_x\\x_make_pip_updates_x\\tests\\test_json_contracts.py\t2025-10-23 01:13:01.672555+00:00\n@@ -21,10 +21,11 @@\n \n \n\u2026\nstderr:\nwould reformat C:\\x_runner_x\\x_make_pip_updates_x\\tests\\test_json_contracts.py\n\nOh no! \\U0001f4a5 \\U0001f494 \\U0001f4a5\n1 file would be reformatted, 6 files would be left unchanged.",
            "repo": "x_make_pip_updates_x",
            "repo_path": "C:\\x_runner_x\\x_make_pip_updates_x",
            "stderr_preview": "would reformat C:\\x_runner_x\\x_make_pip_updates_x\\tests\\test_json_contracts.py\n\nOh no! \\U0001f4a5 \\U0001f494 \\U0001f4a5\n1 file would be reformatted, 6 files would be left unchanged.",
            "stdout_preview": "--- C:\\x_runner_x\\x_make_pip_updates_x\\tests\\test_json_contracts.py\t2025-10-22 23:27:23.569468+00:00\n+++ C:\\x_runner_x\\x_make_pip_updates_x\\tests\\test_json_contracts.py\t2025-10-23 01:13:01.672555+00:00\n@@ -21,10 +21,11 @@\n \n \n\u2026",
            "suggested_action": "Investigate",
            "summary": "black failed for x_make_pip_updates_x (exit 1) cwd: C:\\x_runner_x\\x_make_pip_updates_x command: C:\\x_runner_x\\.venvs\\.venv-3.12.6\\Scripts\\python.exe -m black . --line-length 88 --target-version py311 --check --diff started_at: 2025-10-23T0\u2026",
            "tool": "black",
            "tool_version": "python -m black, 25.9.0 (compiled: yes)\nPython (CPython) 3.12.6"
        },
        {
            "captured_at": "2025-10-23T01:13:02.740700+00:00",
            "command": "C:\\x_runner_x\\.venvs\\.venv-3.12.6\\Scripts\\python.exe -m mypy . --strict --no-warn-unused-configs --show-error-codes --warn-return-any --warn-unreachable --disallow-any-unimported --disallow-any-expr --disallow-any-decorated --disallow-any-explicit",
            "detail": {
                "cached": false,
                "cmd": [
                    "C:\\x_runner_x\\.venvs\\.venv-3.12.6\\Scripts\\python.exe",
                    "-m",
                    "mypy",
                    ".",
                    "--strict",
                    "--no-warn-unused-configs",
                    "--show-error-codes",
                    "--warn-return-any",
                    "--warn-unreachable",
                    "--disallow-any-unimported",
                    "--disallow-any-expr",
                    "--disallow-any-decorated",
                    "--disallow-any-explicit"
                ],
                "cmd_display": "C:\\x_runner_x\\.venvs\\.venv-3.12.6\\Scripts\\python.exe -m mypy . --strict --no-warn-unused-configs --show-error-codes --warn-return-any --warn-unreachable --disallow-any-unimported --disallow-any-expr --disallow-any-decorated --disallow-any-explicit",
                "cwd": "C:\\x_runner_x\\x_make_pip_updates_x",
                "duration_seconds": 0.6441072000015993,
                "ended_at": "2025-10-23T01:13:02.740700+00:00",
                "exit": 1,
                "failed_files": [],
                "files_checked": [
                    "__init__.py",
                    "json_contracts/__init__.py",
                    "tests/__init__.py",
                    "tests/test_json_contracts.py",
                    "tests/test_pip_updates.py",
                    "update_flow.py",
                    "x_cls_make_pip_updates_x.py"
                ],
                "repo": "x_make_pip_updates_x",
                "repo_hash": "055ed982587b898c6c98e0adc88301fe42c4edb622066908ce9a78c85fa8fad9",
                "repo_path": "C:\\x_runner_x\\x_make_pip_updates_x",
                "started_at": "2025-10-23T01:13:02.096144+00:00",
                "stderr": "",
                "stdout": "update_flow.py:86: error: Expression has type \"Any\"  [misc]\nupdate_flow.py:558: error: Expression type contains \"Any\" (has type \"dict[Any, Any]\")  [misc]\nupdate_flow.py:581: error: Expression type contains \"Any\" (has type \"Any | None\")  [misc]\nupdate_flow.py:582: error: Expression type contains \"Any\" (has type \"Any | None\")  [misc]\nupdate_flow.py:645: error: Expression type contains \"Any\" (has type \"dict[Any, Any]\")  [misc]\nupdate_flow.py:651: error: Expression type contains \"Any\" (has type \"dict[Any, Any]\")  [misc]\nx_cls_make_pip_updates_x.py:317: error: Expression has type \"Any\"  [misc]\nx_cls_make_pip_updates_x.py:320: error: Expression has type \"Any\"  [misc]\nx_cls_make_pip_updates_x.py:320: error: Expression type contains \"Any\" (has type \"Any | None\")  [misc]\ntests\\test_json_contracts.py:34: error: Expression has type \"Any\"  [misc]\ntests\\test_json_contracts.py:35: error: Expression has type \"Any\"  [misc]\ntests\\test_json_contracts.py:76: error: Expression has type \"Any\"  [misc]\ntests\\test_json_contracts.py:77: error: Expression has type \"Any\"  [misc]\nFound 13 errors in 3 files (checked 7 source files)\n",
                "tool": "mypy",
                "tool_module": "mypy",
                "tool_version": "mypy 1.18.2 (compiled: yes)"
            },
            "exit": "exit 1",
            "message": "mypy failed for x_make_pip_updates_x (exit 1)\ncwd: C:\\x_runner_x\\x_make_pip_updates_x\ncommand: C:\\x_runner_x\\.venvs\\.venv-3.12.6\\Scripts\\python.exe -m mypy . --strict --no-warn-unused-configs --show-error-codes --warn-return-any --warn-unreachable --disallow-any-unimported --disallow-any-expr --disallow-any-decorated --disallow-any-explicit\nstarted_at: 2025-10-23T01:13:02.096144+00:00\nduration: 0.644s\ntool_version: mypy 1.18.2 (compiled: yes)\nstdout:\nupdate_flow.py:86: error: Expression has type \"Any\"  [misc]\nupdate_flow.py:558: error: Expression type contains \"Any\" (has type \"dict[Any, Any]\")  [misc]\nupdate_flow.py:581: error: Expression type contains \"Any\" (has type \"Any | None\")  [misc]\nupdate_flow.py:582: error: Expression type contains \"Any\" (has type \"Any | None\")  [misc]\nupdate_flow.py:645: error: Expression type contains \"Any\" (has type \"dict[Any, Any]\")  [misc]\n\u2026\nstderr:\n<empty>",
            "repo": "x_make_pip_updates_x",
            "repo_path": "C:\\x_runner_x\\x_make_pip_updates_x",
            "stderr_preview": null,
            "stdout_preview": "update_flow.py:86: error: Expression has type \"Any\"  [misc]\nupdate_flow.py:558: error: Expression type contains \"Any\" (has type \"dict[Any, Any]\")  [misc]\nupdate_flow.py:581: error: Expression type contains \"Any\" (has type \"Any | None\")  [misc]\nupdate_flow.py:582: error: Expression type contains \"Any\" (has type \"Any | None\")  [misc]\nupdate_flow.py:645: error: Expression type contains \"Any\" (has type \"dict[Any, Any]\")  [misc]\n\u2026",
            "suggested_action": "Investigate",
            "summary": "mypy failed for x_make_pip_updates_x (exit 1) cwd: C:\\x_runner_x\\x_make_pip_updates_x command: C:\\x_runner_x\\.venvs\\.venv-3.12.6\\Scripts\\python.exe -m mypy . --strict --no-warn-unused-configs --show-error-codes --warn-return-any --warn-unr\u2026",
            "tool": "mypy",
            "tool_version": "mypy 1.18.2 (compiled: yes)"
        },
        {
            "captured_at": "2025-10-23T01:13:02.092462+00:00",
            "command": "C:\\x_runner_x\\.venvs\\.venv-3.12.6\\Scripts\\python.exe -m ruff check . --select ALL --ignore D,COM812,ISC001,T20 --line-length 88 --target-version py311",
            "detail": {
                "cached": false,
                "cmd": [
                    "C:\\x_runner_x\\.venvs\\.venv-3.12.6\\Scripts\\python.exe",
                    "-m",
                    "ruff",
                    "check",
                    ".",
                    "--select",
                    "ALL",
                    "--ignore",
                    "D,COM812,ISC001,T20",
                    "--line-length",
                    "88",
                    "--target-version",
                    "py311"
                ],
                "cmd_display": "C:\\x_runner_x\\.venvs\\.venv-3.12.6\\Scripts\\python.exe -m ruff check . --select ALL --ignore D,COM812,ISC001,T20 --line-length 88 --target-version py311",
                "cwd": "C:\\x_runner_x\\x_make_pip_updates_x",
                "duration_seconds": 0.12560020000091754,
                "ended_at": "2025-10-23T01:13:02.092462+00:00",
                "exit": 1,
                "failed_files": [],
                "files_checked": [
                    "__init__.py",
                    "json_contracts/__init__.py",
                    "tests/__init__.py",
                    "tests/test_json_contracts.py",
                    "tests/test_pip_updates.py",
                    "update_flow.py",
                    "x_cls_make_pip_updates_x.py"
                ],
                "repo": "x_make_pip_updates_x",
                "repo_hash": "055ed982587b898c6c98e0adc88301fe42c4edb622066908ce9a78c85fa8fad9",
                "repo_path": "C:\\x_runner_x\\x_make_pip_updates_x",
                "started_at": "2025-10-23T01:13:01.967367+00:00",
                "stderr": "",
                "stdout": "C901 `main_json` is too complex (16 > 10)\n   --> update_flow.py:655:5\n    |\n655 | def main_json(\n    |     ^^^^^^^^^\n656 |     payload: Mapping[str, object],\n657 |     *,\n    |\n\nPLR0912 Too many branches (13 > 12)\n   --> update_flow.py:655:5\n    |\n655 | def main_json(\n    |     ^^^^^^^^^\n656 |     payload: Mapping[str, object],\n657 |     *,\n    |\n\nTRY301 Abstract `raise` to an inner function\n   --> update_flow.py:740:17\n    |\n738 |             if not isinstance(loaded_obj, Mapping):\n739 |                 message = \"pip updates report must be a mapping\"\n740 |                 raise TypeError(message)\n    |                 ^^^^^^^^^^^^^^^^^^^^^^^^\n741 |             typed_loaded = cast(\"Mapping[str, object]\", loaded_obj)\n742 |             result_payload = dict(typed_loaded)\n    |\n\nFound 3 errors.\n",
                "tool": "ruff_check",
                "tool_module": "ruff",
                "tool_version": "ruff 0.14.1"
            },
            "exit": "exit 1",
            "message": "ruff_check failed for x_make_pip_updates_x (exit 1)\ncwd: C:\\x_runner_x\\x_make_pip_updates_x\ncommand: C:\\x_runner_x\\.venvs\\.venv-3.12.6\\Scripts\\python.exe -m ruff check . --select ALL --ignore D,COM812,ISC001,T20 --line-length 88 --target-version py311\nstarted_at: 2025-10-23T01:13:01.967367+00:00\nduration: 0.126s\ntool_version: ruff 0.14.1\nstdout:\nC901 `main_json` is too complex (16 > 10)\n   --> update_flow.py:655:5\n    |\n655 | def main_json(\n    |     ^^^^^^^^^\n\u2026\nstderr:\n<empty>",
            "repo": "x_make_pip_updates_x",
            "repo_path": "C:\\x_runner_x\\x_make_pip_updates_x",
            "stderr_preview": null,
            "stdout_preview": "C901 `main_json` is too complex (16 > 10)\n   --> update_flow.py:655:5\n    |\n655 | def main_json(\n    |     ^^^^^^^^^\n\u2026",
            "suggested_action": "Investigate",
            "summary": "ruff_check failed for x_make_pip_updates_x (exit 1) cwd: C:\\x_runner_x\\x_make_pip_updates_x command: C:\\x_runner_x\\.venvs\\.venv-3.12.6\\Scripts\\python.exe -m ruff check . --select ALL --ignore D,COM812,ISC001,T20 --line-length 88 --target-v\u2026",
            "tool": "ruff_check",
            "tool_version": "ruff 0.14.1"
        },
        {
            "captured_at": "2025-10-23T01:13:00.557861+00:00",
            "command": "C:\\x_runner_x\\.venvs\\.venv-3.12.6\\Scripts\\python.exe -m ruff check . --fix --select ALL --ignore D,COM812,ISC001,T20 --line-length 88 --target-version py311",
            "detail": {
                "cached": false,
                "cmd": [
                    "C:\\x_runner_x\\.venvs\\.venv-3.12.6\\Scripts\\python.exe",
                    "-m",
                    "ruff",
                    "check",
                    ".",
                    "--fix",
                    "--select",
                    "ALL",
                    "--ignore",
                    "D,COM812,ISC001,T20",
                    "--line-length",
                    "88",
                    "--target-version",
                    "py311"
                ],
                "cmd_display": "C:\\x_runner_x\\.venvs\\.venv-3.12.6\\Scripts\\python.exe -m ruff check . --fix --select ALL --ignore D,COM812,ISC001,T20 --line-length 88 --target-version py311",
                "cwd": "C:\\x_runner_x\\x_make_pip_updates_x",
                "duration_seconds": 0.15059910000127275,
                "ended_at": "2025-10-23T01:13:00.557861+00:00",
                "exit": 1,
                "failed_files": [],
                "files_checked": [
                    "__init__.py",
                    "json_contracts/__init__.py",
                    "tests/__init__.py",
                    "tests/test_json_contracts.py",
                    "tests/test_pip_updates.py",
                    "update_flow.py",
                    "x_cls_make_pip_updates_x.py"
                ],
                "repo": "x_make_pip_updates_x",
                "repo_hash": "055ed982587b898c6c98e0adc88301fe42c4edb622066908ce9a78c85fa8fad9",
                "repo_path": "C:\\x_runner_x\\x_make_pip_updates_x",
                "started_at": "2025-10-23T01:13:00.414950+00:00",
                "stderr": "",
                "stdout": "C901 `main_json` is too complex (16 > 10)\n   --> update_flow.py:655:5\n    |\n655 | def main_json(\n    |     ^^^^^^^^^\n656 |     payload: Mapping[str, object],\n657 |     *,\n    |\n\nPLR0912 Too many branches (13 > 12)\n   --> update_flow.py:655:5\n    |\n655 | def main_json(\n    |     ^^^^^^^^^\n656 |     payload: Mapping[str, object],\n657 |     *,\n    |\n\nTRY301 Abstract `raise` to an inner function\n   --> update_flow.py:740:17\n    |\n738 |             if not isinstance(loaded_obj, Mapping):\n739 |                 message = \"pip updates report must be a mapping\"\n740 |                 raise TypeError(message)\n    |                 ^^^^^^^^^^^^^^^^^^^^^^^^\n741 |             typed_loaded = cast(\"Mapping[str, object]\", loaded_obj)\n742 |             result_payload = dict(typed_loaded)\n    |\n\nFound 3 errors.\n",
                "tool": "ruff_fix",
                "tool_module": "ruff",
                "tool_version": "ruff 0.14.1"
            },
            "exit": "exit 1",
            "message": "ruff_fix failed for x_make_pip_updates_x (exit 1)\ncwd: C:\\x_runner_x\\x_make_pip_updates_x\ncommand: C:\\x_runner_x\\.venvs\\.venv-3.12.6\\Scripts\\python.exe -m ruff check . --fix --select ALL --ignore D,COM812,ISC001,T20 --line-length 88 --target-version py311\nstarted_at: 2025-10-23T01:13:00.414950+00:00\nduration: 0.151s\ntool_version: ruff 0.14.1\nstdout:\nC901 `main_json` is too complex (16 > 10)\n   --> update_flow.py:655:5\n    |\n655 | def main_json(\n    |     ^^^^^^^^^\n\u2026\nstderr:\n<empty>",
            "repo": "x_make_pip_updates_x",
            "repo_path": "C:\\x_runner_x\\x_make_pip_updates_x",
            "stderr_preview": null,
            "stdout_preview": "C901 `main_json` is too complex (16 > 10)\n   --> update_flow.py:655:5\n    |\n655 | def main_json(\n    |     ^^^^^^^^^\n\u2026",
            "suggested_action": "Investigate",
            "summary": "ruff_fix failed for x_make_pip_updates_x (exit 1) cwd: C:\\x_runner_x\\x_make_pip_updates_x command: C:\\x_runner_x\\.venvs\\.venv-3.12.6\\Scripts\\python.exe -m ruff check . --fix --select ALL --ignore D,COM812,ISC001,T20 --line-length 88 --targ\u2026",
            "tool": "ruff_fix",
            "tool_version": "ruff 0.14.1"
        },
        {
            "captured_at": "2025-10-23T01:13:29.665893+00:00",
            "command": "C:\\x_runner_x\\.venvs\\.venv-3.12.6\\Scripts\\python.exe -m black . --line-length 88 --target-version py311 --check --diff",
            "detail": {
                "cached": false,
                "cmd": [
                    "C:\\x_runner_x\\.venvs\\.venv-3.12.6\\Scripts\\python.exe",
                    "-m",
                    "black",
                    ".",
                    "--line-length",
                    "88",
                    "--target-version",
                    "py311",
                    "--check",
                    "--diff"
                ],
                "cmd_display": "C:\\x_runner_x\\.venvs\\.venv-3.12.6\\Scripts\\python.exe -m black . --line-length 88 --target-version py311 --check --diff",
                "cwd": "C:\\x_runner_x\\x_make_py_mod_sideload_x",
                "duration_seconds": 1.6629262000060407,
                "ended_at": "2025-10-23T01:13:29.665893+00:00",
                "exit": 1,
                "failed_files": [],
                "files_checked": [
                    "__init__.py",
                    "json_contracts/__init__.py",
                    "tests/__init__.py",
                    "tests/conftest.py",
                    "tests/test_json_contracts.py",
                    "tests/test_py_module_sideload.py",
                    "x_cls_make_py_mod_sideload_x.py"
                ],
                "repo": "x_make_py_mod_sideload_x",
                "repo_hash": "bd13ae72b09532755015f50e840a0ed8911081ac633167ed46b3c2dafd85542c",
                "repo_path": "C:\\x_runner_x\\x_make_py_mod_sideload_x",
                "started_at": "2025-10-23T01:13:28.002746+00:00",
                "stderr": "would reformat C:\\x_runner_x\\x_make_py_mod_sideload_x\\x_cls_make_py_mod_sideload_x.py\n\nOh no! \\U0001f4a5 \\U0001f494 \\U0001f4a5\n1 file would be reformatted, 6 files would be left unchanged.\n",
                "stdout": "--- C:\\x_runner_x\\x_make_py_mod_sideload_x\\x_cls_make_py_mod_sideload_x.py\t2025-10-22 23:27:27.459838+00:00\n+++ C:\\x_runner_x\\x_make_py_mod_sideload_x\\x_cls_make_py_mod_sideload_x.py\t2025-10-23 01:13:29.406088+00:00\n@@ -249,11 +249,13 @@\n     missing = _validate_required_inputs(base_path, module_name)\n     if missing is not None:\n         field, message = missing\n         return _failure_payload(message, details={\"field\": field})\n \n-    return _CoreInputs(base_path or \"\", module_name or \"\", attribute_name, loader_options)\n+    return _CoreInputs(\n+        base_path or \"\", module_name or \"\", attribute_name, loader_options\n+    )\n \n \n def _module_file_from_module(module_obj: ModuleType) -> str | None:\n     module_file_raw: object | None = getattr(module_obj, \"__file__\", None)\n     if isinstance(module_file_raw, str):\n@@ -295,11 +297,13 @@\n     messages: list[str],\n ) -> str | dict[str, object]:\n     if not attribute_name:\n         return \"module\"\n     try:\n-        attribute_result = runner.module_loader.get_attribute(module_obj, attribute_name)\n+        attribute_result = runner.module_loader.get_attribute(\n+            module_obj, attribute_name\n+        )\n     except AttributeError as exc:\n         return _failure_payload(\n             \"attribute resolution failed\",\n             details={\n                 \"error\": str(exc),\n",
                "tool": "black",
                "tool_module": "black",
                "tool_version": "python -m black, 25.9.0 (compiled: yes)\nPython (CPython) 3.12.6"
            },
            "exit": "exit 1",
            "message": "black failed for x_make_py_mod_sideload_x (exit 1)\ncwd: C:\\x_runner_x\\x_make_py_mod_sideload_x\ncommand: C:\\x_runner_x\\.venvs\\.venv-3.12.6\\Scripts\\python.exe -m black . --line-length 88 --target-version py311 --check --diff\nstarted_at: 2025-10-23T01:13:28.002746+00:00\nduration: 1.663s\ntool_version: python -m black, 25.9.0 (compiled: yes)\nPython (CPython) 3.12.6\nstdout:\n--- C:\\x_runner_x\\x_make_py_mod_sideload_x\\x_cls_make_py_mod_sideload_x.py\t2025-10-22 23:27:27.459838+00:00\n+++ C:\\x_runner_x\\x_make_py_mod_sideload_x\\x_cls_make_py_mod_sideload_x.py\t2025-10-23 01:13:29.406088+00:00\n@@ -249,11 +249,13 @@\n     missing = _validate_required_inputs(base_path, module_name)\n     if missing is not None:\n\u2026\nstderr:\nwould reformat C:\\x_runner_x\\x_make_py_mod_sideload_x\\x_cls_make_py_mod_sideload_x.py\n\nOh no! \\U0001f4a5 \\U0001f494 \\U0001f4a5\n1 file would be reformatted, 6 files would be left unchanged.",
            "repo": "x_make_py_mod_sideload_x",
            "repo_path": "C:\\x_runner_x\\x_make_py_mod_sideload_x",
            "stderr_preview": "would reformat C:\\x_runner_x\\x_make_py_mod_sideload_x\\x_cls_make_py_mod_sideload_x.py\n\nOh no! \\U0001f4a5 \\U0001f494 \\U0001f4a5\n1 file would be reformatted, 6 files would be left unchanged.",
            "stdout_preview": "--- C:\\x_runner_x\\x_make_py_mod_sideload_x\\x_cls_make_py_mod_sideload_x.py\t2025-10-22 23:27:27.459838+00:00\n+++ C:\\x_runner_x\\x_make_py_mod_sideload_x\\x_cls_make_py_mod_sideload_x.py\t2025-10-23 01:13:29.406088+00:00\n@@ -249,11 +249,13 @@\n     missing = _validate_required_inputs(base_path, module_name)\n     if missing is not None:\n\u2026",
            "suggested_action": "Investigate",
            "summary": "black failed for x_make_py_mod_sideload_x (exit 1) cwd: C:\\x_runner_x\\x_make_py_mod_sideload_x command: C:\\x_runner_x\\.venvs\\.venv-3.12.6\\Scripts\\python.exe -m black . --line-length 88 --target-version py311 --check --diff started_at: 2025\u2026",
            "tool": "black",
            "tool_version": "python -m black, 25.9.0 (compiled: yes)\nPython (CPython) 3.12.6"
        },
        {
            "captured_at": "2025-10-23T01:13:31.787373+00:00",
            "command": "C:\\x_runner_x\\.venvs\\.venv-3.12.6\\Scripts\\python.exe -m mypy . --strict --no-warn-unused-configs --show-error-codes --warn-return-any --warn-unreachable --disallow-any-unimported --disallow-any-expr --disallow-any-decorated --disallow-any-explicit",
            "detail": {
                "cached": false,
                "cmd": [
                    "C:\\x_runner_x\\.venvs\\.venv-3.12.6\\Scripts\\python.exe",
                    "-m",
                    "mypy",
                    ".",
                    "--strict",
                    "--no-warn-unused-configs",
                    "--show-error-codes",
                    "--warn-return-any",
                    "--warn-unreachable",
                    "--disallow-any-unimported",
                    "--disallow-any-expr",
                    "--disallow-any-decorated",
                    "--disallow-any-explicit"
                ],
                "cmd_display": "C:\\x_runner_x\\.venvs\\.venv-3.12.6\\Scripts\\python.exe -m mypy . --strict --no-warn-unused-configs --show-error-codes --warn-return-any --warn-unreachable --disallow-any-unimported --disallow-any-expr --disallow-any-decorated --disallow-any-explicit",
                "cwd": "C:\\x_runner_x\\x_make_py_mod_sideload_x",
                "duration_seconds": 1.522115699990536,
                "ended_at": "2025-10-23T01:13:31.787373+00:00",
                "exit": 1,
                "failed_files": [],
                "files_checked": [
                    "__init__.py",
                    "json_contracts/__init__.py",
                    "tests/__init__.py",
                    "tests/conftest.py",
                    "tests/test_json_contracts.py",
                    "tests/test_py_module_sideload.py",
                    "x_cls_make_py_mod_sideload_x.py"
                ],
                "repo": "x_make_py_mod_sideload_x",
                "repo_hash": "bd13ae72b09532755015f50e840a0ed8911081ac633167ed46b3c2dafd85542c",
                "repo_path": "C:\\x_runner_x\\x_make_py_mod_sideload_x",
                "started_at": "2025-10-23T01:13:30.269504+00:00",
                "stderr": "",
                "stdout": "x_cls_make_py_mod_sideload_x.py:230: error: Expression type contains \"Any\" (has type \"type[ValidationError]\")  [misc]\nx_cls_make_py_mod_sideload_x.py:262: error: Returning Any from function declared to return \"str | None\"  [no-any-return]\nx_cls_make_py_mod_sideload_x.py:262: error: Expression has type \"Any\"  [misc]\nx_cls_make_py_mod_sideload_x.py:340: error: Expression type contains \"Any\" (has type \"type[ValidationError]\")  [misc]\nx_cls_make_py_mod_sideload_x.py:426: error: Expression has type \"Any\"  [misc]\nx_cls_make_py_mod_sideload_x.py:429: error: Expression has type \"Any\"  [misc]\nx_cls_make_py_mod_sideload_x.py:429: error: Expression type contains \"Any\" (has type \"Any | None\")  [misc]\ntests\\test_json_contracts.py:10: error: Cannot find implementation or library stub for module named \"pytest\"  [import-not-found]\ntests\\test_json_contracts.py:10: note: See https://mypy.readthedocs.io/en/stable/running_mypy.html#missing-imports\ntests\\test_json_contracts.py:26: error: Returning Any from function declared to return \"dict[str, object]\"  [no-any-return]\ntests\\test_json_contracts.py:26: error: Expression has type \"Any\"  [misc]\ntests\\test_json_contracts.py:30: error: Expression has type \"Any\"  [misc]\ntests\\test_json_contracts.py:37: error: Expression has type \"Any\"  [misc]\ntests\\test_json_contracts.py:38: error: Expression has type \"Any\"  [misc]\ntests\\test_json_contracts.py:128: error: Expression type contains \"Any\" (has type \"Any | bool\")  [misc]\nFound 14 errors in 2 files (checked 7 source files)\n",
                "tool": "mypy",
                "tool_module": "mypy",
                "tool_version": "mypy 1.18.2 (compiled: yes)"
            },
            "exit": "exit 1",
            "message": "mypy failed for x_make_py_mod_sideload_x (exit 1)\ncwd: C:\\x_runner_x\\x_make_py_mod_sideload_x\ncommand: C:\\x_runner_x\\.venvs\\.venv-3.12.6\\Scripts\\python.exe -m mypy . --strict --no-warn-unused-configs --show-error-codes --warn-return-any --warn-unreachable --disallow-any-unimported --disallow-any-expr --disallow-any-decorated --disallow-any-explicit\nstarted_at: 2025-10-23T01:13:30.269504+00:00\nduration: 1.522s\ntool_version: mypy 1.18.2 (compiled: yes)\nstdout:\nx_cls_make_py_mod_sideload_x.py:230: error: Expression type contains \"Any\" (has type \"type[ValidationError]\")  [misc]\nx_cls_make_py_mod_sideload_x.py:262: error: Returning Any from function declared to return \"str | None\"  [no-any-return]\nx_cls_make_py_mod_sideload_x.py:262: error: Expression has type \"Any\"  [misc]\nx_cls_make_py_mod_sideload_x.py:340: error: Expression type contains \"Any\" (has type \"type[ValidationError]\")  [misc]\nx_cls_make_py_mod_sideload_x.py:426: error: Expression has type \"Any\"  [misc]\n\u2026\nstderr:\n<empty>",
            "repo": "x_make_py_mod_sideload_x",
            "repo_path": "C:\\x_runner_x\\x_make_py_mod_sideload_x",
            "stderr_preview": null,
            "stdout_preview": "x_cls_make_py_mod_sideload_x.py:230: error: Expression type contains \"Any\" (has type \"type[ValidationError]\")  [misc]\nx_cls_make_py_mod_sideload_x.py:262: error: Returning Any from function declared to return \"str | None\"  [no-any-return]\nx_cls_make_py_mod_sideload_x.py:262: error: Expression has type \"Any\"  [misc]\nx_cls_make_py_mod_sideload_x.py:340: error: Expression type contains \"Any\" (has type \"type[ValidationError]\")  [misc]\nx_cls_make_py_mod_sideload_x.py:426: error: Expression has type \"Any\"  [misc]\n\u2026",
            "suggested_action": "Investigate",
            "summary": "mypy failed for x_make_py_mod_sideload_x (exit 1) cwd: C:\\x_runner_x\\x_make_py_mod_sideload_x command: C:\\x_runner_x\\.venvs\\.venv-3.12.6\\Scripts\\python.exe -m mypy . --strict --no-warn-unused-configs --show-error-codes --warn-return-any --\u2026",
            "tool": "mypy",
            "tool_version": "mypy 1.18.2 (compiled: yes)"
        },
        {
            "captured_at": "2025-10-23T01:13:30.263722+00:00",
            "command": "C:\\x_runner_x\\.venvs\\.venv-3.12.6\\Scripts\\python.exe -m ruff check . --select ALL --ignore D,COM812,ISC001,T20 --line-length 88 --target-version py311",
            "detail": {
                "cached": false,
                "cmd": [
                    "C:\\x_runner_x\\.venvs\\.venv-3.12.6\\Scripts\\python.exe",
                    "-m",
                    "ruff",
                    "check",
                    ".",
                    "--select",
                    "ALL",
                    "--ignore",
                    "D,COM812,ISC001,T20",
                    "--line-length",
                    "88",
                    "--target-version",
                    "py311"
                ],
                "cmd_display": "C:\\x_runner_x\\.venvs\\.venv-3.12.6\\Scripts\\python.exe -m ruff check . --select ALL --ignore D,COM812,ISC001,T20 --line-length 88 --target-version py311",
                "cwd": "C:\\x_runner_x\\x_make_py_mod_sideload_x",
                "duration_seconds": 0.5935786000045482,
                "ended_at": "2025-10-23T01:13:30.263722+00:00",
                "exit": 1,
                "failed_files": [],
                "files_checked": [
                    "__init__.py",
                    "json_contracts/__init__.py",
                    "tests/__init__.py",
                    "tests/conftest.py",
                    "tests/test_json_contracts.py",
                    "tests/test_py_module_sideload.py",
                    "x_cls_make_py_mod_sideload_x.py"
                ],
                "repo": "x_make_py_mod_sideload_x",
                "repo_hash": "bd13ae72b09532755015f50e840a0ed8911081ac633167ed46b3c2dafd85542c",
                "repo_path": "C:\\x_runner_x\\x_make_py_mod_sideload_x",
                "started_at": "2025-10-23T01:13:29.669496+00:00",
                "stderr": "",
                "stdout": "E501 Line too long (90 > 88)\n   --> x_cls_make_py_mod_sideload_x.py:254:89\n    |\n252 |         return _failure_payload(message, details={\"field\": field})\n253 |\n254 |     return _CoreInputs(base_path or \"\", module_name or \"\", attribute_name, loader_options)\n    |                                                                                         ^^\n    |\n\nPLR0913 Too many arguments in function definition (6 > 5)\n   --> x_cls_make_py_mod_sideload_x.py:288:5\n    |\n288 | def _resolve_attribute_if_requested(\n    |     ^^^^^^^^^^^^^^^^^^^^^^^^^^^^^^^\n289 |     runner: ModuleSideloadRunner,\n290 |     module_obj: ModuleType,\n    |\n\nE501 Line too long (89 > 88)\n   --> x_cls_make_py_mod_sideload_x.py:300:89\n    |\n298 |         return \"module\"\n299 |     try:\n300 |         attribute_result = runner.module_loader.get_attribute(module_obj, attribute_name)\n    |                                                                                         ^\n301 |     except AttributeError as exc:\n302 |         return _failure_payload(\n    |\n\nFound 3 errors.\n",
                "tool": "ruff_check",
                "tool_module": "ruff",
                "tool_version": "ruff 0.14.1"
            },
            "exit": "exit 1",
            "message": "ruff_check failed for x_make_py_mod_sideload_x (exit 1)\ncwd: C:\\x_runner_x\\x_make_py_mod_sideload_x\ncommand: C:\\x_runner_x\\.venvs\\.venv-3.12.6\\Scripts\\python.exe -m ruff check . --select ALL --ignore D,COM812,ISC001,T20 --line-length 88 --target-version py311\nstarted_at: 2025-10-23T01:13:29.669496+00:00\nduration: 0.594s\ntool_version: ruff 0.14.1\nstdout:\nE501 Line too long (90 > 88)\n   --> x_cls_make_py_mod_sideload_x.py:254:89\n    |\n252 |         return _failure_payload(message, details={\"field\": field})\n253 |\n\u2026\nstderr:\n<empty>",
            "repo": "x_make_py_mod_sideload_x",
            "repo_path": "C:\\x_runner_x\\x_make_py_mod_sideload_x",
            "stderr_preview": null,
            "stdout_preview": "E501 Line too long (90 > 88)\n   --> x_cls_make_py_mod_sideload_x.py:254:89\n    |\n252 |         return _failure_payload(message, details={\"field\": field})\n253 |\n\u2026",
            "suggested_action": "Investigate",
            "summary": "ruff_check failed for x_make_py_mod_sideload_x (exit 1) cwd: C:\\x_runner_x\\x_make_py_mod_sideload_x command: C:\\x_runner_x\\.venvs\\.venv-3.12.6\\Scripts\\python.exe -m ruff check . --select ALL --ignore D,COM812,ISC001,T20 --line-length 88 --\u2026",
            "tool": "ruff_check",
            "tool_version": "ruff 0.14.1"
        },
        {
            "captured_at": "2025-10-23T01:13:27.998513+00:00",
            "command": "C:\\x_runner_x\\.venvs\\.venv-3.12.6\\Scripts\\python.exe -m ruff check . --fix --select ALL --ignore D,COM812,ISC001,T20 --line-length 88 --target-version py311",
            "detail": {
                "cached": false,
                "cmd": [
                    "C:\\x_runner_x\\.venvs\\.venv-3.12.6\\Scripts\\python.exe",
                    "-m",
                    "ruff",
                    "check",
                    ".",
                    "--fix",
                    "--select",
                    "ALL",
                    "--ignore",
                    "D,COM812,ISC001,T20",
                    "--line-length",
                    "88",
                    "--target-version",
                    "py311"
                ],
                "cmd_display": "C:\\x_runner_x\\.venvs\\.venv-3.12.6\\Scripts\\python.exe -m ruff check . --fix --select ALL --ignore D,COM812,ISC001,T20 --line-length 88 --target-version py311",
                "cwd": "C:\\x_runner_x\\x_make_py_mod_sideload_x",
                "duration_seconds": 0.13594649999868125,
                "ended_at": "2025-10-23T01:13:27.998513+00:00",
                "exit": 1,
                "failed_files": [],
                "files_checked": [
                    "__init__.py",
                    "json_contracts/__init__.py",
                    "tests/__init__.py",
                    "tests/conftest.py",
                    "tests/test_json_contracts.py",
                    "tests/test_py_module_sideload.py",
                    "x_cls_make_py_mod_sideload_x.py"
                ],
                "repo": "x_make_py_mod_sideload_x",
                "repo_hash": "bd13ae72b09532755015f50e840a0ed8911081ac633167ed46b3c2dafd85542c",
                "repo_path": "C:\\x_runner_x\\x_make_py_mod_sideload_x",
                "started_at": "2025-10-23T01:13:27.864090+00:00",
                "stderr": "",
                "stdout": "E501 Line too long (90 > 88)\n   --> x_cls_make_py_mod_sideload_x.py:254:89\n    |\n252 |         return _failure_payload(message, details={\"field\": field})\n253 |\n254 |     return _CoreInputs(base_path or \"\", module_name or \"\", attribute_name, loader_options)\n    |                                                                                         ^^\n    |\n\nPLR0913 Too many arguments in function definition (6 > 5)\n   --> x_cls_make_py_mod_sideload_x.py:288:5\n    |\n288 | def _resolve_attribute_if_requested(\n    |     ^^^^^^^^^^^^^^^^^^^^^^^^^^^^^^^\n289 |     runner: ModuleSideloadRunner,\n290 |     module_obj: ModuleType,\n    |\n\nE501 Line too long (89 > 88)\n   --> x_cls_make_py_mod_sideload_x.py:300:89\n    |\n298 |         return \"module\"\n299 |     try:\n300 |         attribute_result = runner.module_loader.get_attribute(module_obj, attribute_name)\n    |                                                                                         ^\n301 |     except AttributeError as exc:\n302 |         return _failure_payload(\n    |\n\nFound 3 errors.\n",
                "tool": "ruff_fix",
                "tool_module": "ruff",
                "tool_version": "ruff 0.14.1"
            },
            "exit": "exit 1",
            "message": "ruff_fix failed for x_make_py_mod_sideload_x (exit 1)\ncwd: C:\\x_runner_x\\x_make_py_mod_sideload_x\ncommand: C:\\x_runner_x\\.venvs\\.venv-3.12.6\\Scripts\\python.exe -m ruff check . --fix --select ALL --ignore D,COM812,ISC001,T20 --line-length 88 --target-version py311\nstarted_at: 2025-10-23T01:13:27.864090+00:00\nduration: 0.136s\ntool_version: ruff 0.14.1\nstdout:\nE501 Line too long (90 > 88)\n   --> x_cls_make_py_mod_sideload_x.py:254:89\n    |\n252 |         return _failure_payload(message, details={\"field\": field})\n253 |\n\u2026\nstderr:\n<empty>",
            "repo": "x_make_py_mod_sideload_x",
            "repo_path": "C:\\x_runner_x\\x_make_py_mod_sideload_x",
            "stderr_preview": null,
            "stdout_preview": "E501 Line too long (90 > 88)\n   --> x_cls_make_py_mod_sideload_x.py:254:89\n    |\n252 |         return _failure_payload(message, details={\"field\": field})\n253 |\n\u2026",
            "suggested_action": "Investigate",
            "summary": "ruff_fix failed for x_make_py_mod_sideload_x (exit 1) cwd: C:\\x_runner_x\\x_make_py_mod_sideload_x command: C:\\x_runner_x\\.venvs\\.venv-3.12.6\\Scripts\\python.exe -m ruff check . --fix --select ALL --ignore D,COM812,ISC001,T20 --line-length 8\u2026",
            "tool": "ruff_fix",
            "tool_version": "ruff 0.14.1"
        },
        {
            "captured_at": "2025-10-23T01:13:41.317487+00:00",
            "command": "C:\\x_runner_x\\.venvs\\.venv-3.12.6\\Scripts\\python.exe -m black . --line-length 88 --target-version py311 --check --diff",
            "detail": {
                "cached": false,
                "cmd": [
                    "C:\\x_runner_x\\.venvs\\.venv-3.12.6\\Scripts\\python.exe",
                    "-m",
                    "black",
                    ".",
                    "--line-length",
                    "88",
                    "--target-version",
                    "py311",
                    "--check",
                    "--diff"
                ],
                "cmd_display": "C:\\x_runner_x\\.venvs\\.venv-3.12.6\\Scripts\\python.exe -m black . --line-length 88 --target-version py311 --check --diff",
                "cwd": "C:\\x_runner_x\\x_make_py_venv_x",
                "duration_seconds": 0.8667970999958925,
                "ended_at": "2025-10-23T01:13:41.317487+00:00",
                "exit": 1,
                "failed_files": [],
                "files_checked": [
                    "x_cls_make_py_venv_x.py"
                ],
                "repo": "x_make_py_venv_x",
                "repo_hash": "e0a5ce029bcaee7e282d7e83b574161ecfdf9a4717655efcc685bd6b3b3bb4fc",
                "repo_path": "C:\\x_runner_x\\x_make_py_venv_x",
                "started_at": "2025-10-23T01:13:40.454573+00:00",
                "stderr": "would reformat C:\\x_runner_x\\x_make_py_venv_x\\x_cls_make_py_venv_x.py\n\nOh no! \\U0001f4a5 \\U0001f494 \\U0001f4a5\n1 file would be reformatted.\n",
                "stdout": "--- C:\\x_runner_x\\x_make_py_venv_x\\x_cls_make_py_venv_x.py\t2025-10-22 13:20:22.362540+00:00\n+++ C:\\x_runner_x\\x_make_py_venv_x\\x_cls_make_py_venv_x.py\t2025-10-23 01:13:41.262139+00:00\n@@ -280,11 +280,13 @@\n         LOGGER.debug(\"Command: %s\", \" \".join(command))\n         if self.dry_run:\n             LOGGER.info(\"[dry-run] Skipped execution\")\n             return\n         try:\n-            subprocess.run(command, check=True, env=dict(env) if env else None)  # noqa: S603\n+            subprocess.run(\n+                command, check=True, env=dict(env) if env else None\n+            )  # noqa: S603\n         except subprocess.CalledProcessError as exc:\n             msg = f\"Command failed ({reason}): {exc}\"\n             raise RuntimeError(msg) from exc\n \n \n@@ -510,11 +512,13 @@\n             candidate_path = project_root / candidate_path\n         requirements.append(candidate_path)\n \n     auto_requirement_candidates = list(DEFAULT_AUTO_REQUIREMENT_FILES)\n     if args.default_requirements:\n-        auto_requirement_candidates.extend(str(item) for item in args.default_requirements)\n+        auto_requirement_candidates.extend(\n+            str(item) for item in args.default_requirements\n+        )\n     auto_requirement_candidates = _dedupe_preserve_order(auto_requirement_candidates)\n \n     if not args.no_auto_requirements and not requirements:\n         for candidate in auto_requirement_candidates:\n             candidate_path = Path(candidate)\n",
                "tool": "black",
                "tool_module": "black",
                "tool_version": "python -m black, 25.9.0 (compiled: yes)\nPython (CPython) 3.12.6"
            },
            "exit": "exit 1",
            "message": "black failed for x_make_py_venv_x (exit 1)\ncwd: C:\\x_runner_x\\x_make_py_venv_x\ncommand: C:\\x_runner_x\\.venvs\\.venv-3.12.6\\Scripts\\python.exe -m black . --line-length 88 --target-version py311 --check --diff\nstarted_at: 2025-10-23T01:13:40.454573+00:00\nduration: 0.867s\ntool_version: python -m black, 25.9.0 (compiled: yes)\nPython (CPython) 3.12.6\nstdout:\n--- C:\\x_runner_x\\x_make_py_venv_x\\x_cls_make_py_venv_x.py\t2025-10-22 13:20:22.362540+00:00\n+++ C:\\x_runner_x\\x_make_py_venv_x\\x_cls_make_py_venv_x.py\t2025-10-23 01:13:41.262139+00:00\n@@ -280,11 +280,13 @@\n         LOGGER.debug(\"Command: %s\", \" \".join(command))\n         if self.dry_run:\n\u2026\nstderr:\nwould reformat C:\\x_runner_x\\x_make_py_venv_x\\x_cls_make_py_venv_x.py\n\nOh no! \\U0001f4a5 \\U0001f494 \\U0001f4a5\n1 file would be reformatted.",
            "repo": "x_make_py_venv_x",
            "repo_path": "C:\\x_runner_x\\x_make_py_venv_x",
            "stderr_preview": "would reformat C:\\x_runner_x\\x_make_py_venv_x\\x_cls_make_py_venv_x.py\n\nOh no! \\U0001f4a5 \\U0001f494 \\U0001f4a5\n1 file would be reformatted.",
            "stdout_preview": "--- C:\\x_runner_x\\x_make_py_venv_x\\x_cls_make_py_venv_x.py\t2025-10-22 13:20:22.362540+00:00\n+++ C:\\x_runner_x\\x_make_py_venv_x\\x_cls_make_py_venv_x.py\t2025-10-23 01:13:41.262139+00:00\n@@ -280,11 +280,13 @@\n         LOGGER.debug(\"Command: %s\", \" \".join(command))\n         if self.dry_run:\n\u2026",
            "suggested_action": "Investigate",
            "summary": "black failed for x_make_py_venv_x (exit 1) cwd: C:\\x_runner_x\\x_make_py_venv_x command: C:\\x_runner_x\\.venvs\\.venv-3.12.6\\Scripts\\python.exe -m black . --line-length 88 --target-version py311 --check --diff started_at: 2025-10-23T01:13:40.\u2026",
            "tool": "black",
            "tool_version": "python -m black, 25.9.0 (compiled: yes)\nPython (CPython) 3.12.6"
        },
        {
            "captured_at": "2025-10-23T01:13:42.203821+00:00",
            "command": "C:\\x_runner_x\\.venvs\\.venv-3.12.6\\Scripts\\python.exe -m mypy . --strict --no-warn-unused-configs --show-error-codes --warn-return-any --warn-unreachable --disallow-any-unimported --disallow-any-expr --disallow-any-decorated --disallow-any-explicit",
            "detail": {
                "cached": false,
                "cmd": [
                    "C:\\x_runner_x\\.venvs\\.venv-3.12.6\\Scripts\\python.exe",
                    "-m",
                    "mypy",
                    ".",
                    "--strict",
                    "--no-warn-unused-configs",
                    "--show-error-codes",
                    "--warn-return-any",
                    "--warn-unreachable",
                    "--disallow-any-unimported",
                    "--disallow-any-expr",
                    "--disallow-any-decorated",
                    "--disallow-any-explicit"
                ],
                "cmd_display": "C:\\x_runner_x\\.venvs\\.venv-3.12.6\\Scripts\\python.exe -m mypy . --strict --no-warn-unused-configs --show-error-codes --warn-return-any --warn-unreachable --disallow-any-unimported --disallow-any-expr --disallow-any-decorated --disallow-any-explicit",
                "cwd": "C:\\x_runner_x\\x_make_py_venv_x",
                "duration_seconds": 0.7362243999959901,
                "ended_at": "2025-10-23T01:13:42.203821+00:00",
                "exit": 1,
                "failed_files": [],
                "files_checked": [
                    "x_cls_make_py_venv_x.py"
                ],
                "repo": "x_make_py_venv_x",
                "repo_hash": "e0a5ce029bcaee7e282d7e83b574161ecfdf9a4717655efcc685bd6b3b3bb4fc",
                "repo_path": "C:\\x_runner_x\\x_make_py_venv_x",
                "started_at": "2025-10-23T01:13:41.470057+00:00",
                "stderr": "",
                "stdout": "x_cls_make_py_venv_x.py:302: error: Expression has type \"Any\"  [misc]\nx_cls_make_py_venv_x.py:490: error: Expression has type \"Any\"  [misc]\nx_cls_make_py_venv_x.py:494: error: Expression has type \"Any\"  [misc]\nx_cls_make_py_venv_x.py:496: error: Expression has type \"Any\"  [misc]\nx_cls_make_py_venv_x.py:497: error: Expression has type \"Any\"  [misc]\nx_cls_make_py_venv_x.py:498: error: Expression has type \"Any\"  [misc]\nx_cls_make_py_venv_x.py:500: error: Expression has type \"Any\"  [misc]\nx_cls_make_py_venv_x.py:501: error: Expression has type \"Any\"  [misc]\nx_cls_make_py_venv_x.py:505: error: Expression has type \"Any\"  [misc]\nx_cls_make_py_venv_x.py:505: error: Expression type contains \"Any\" (has type \"Any | list[Any]\")  [misc]\nx_cls_make_py_venv_x.py:505: error: Expression type contains \"Any\" (has type \"list[Any]\")  [misc]\nx_cls_make_py_venv_x.py:514: error: Expression has type \"Any\"  [misc]\nx_cls_make_py_venv_x.py:515: error: Expression has type \"Any\"  [misc]\nx_cls_make_py_venv_x.py:518: error: Expression has type \"Any\"  [misc]\nx_cls_make_py_venv_x.py:531: error: Expression has type \"Any\"  [misc]\nx_cls_make_py_venv_x.py:531: error: Expression type contains \"Any\" (has type \"Any | list[Any]\")  [misc]\nx_cls_make_py_venv_x.py:531: error: Expression type contains \"Any\" (has type \"list[Any]\")  [misc]\nx_cls_make_py_venv_x.py:538: error: Expression has type \"Any\"  [misc]\nx_cls_make_py_venv_x.py:544: error: Expression has type \"Any\"  [misc]\nx_cls_make_py_venv_x.py:547: error: Expression has type \"Any\"  [misc]\nx_cls_make_py_venv_x.py:549: error: Expression has type \"Any\"  [misc]\nx_cls_make_py_venv_x.py:550: error: Expression has type \"Any\"  [misc]\nFound 22 errors in 1 file (checked 1 source file)\n",
                "tool": "mypy",
                "tool_module": "mypy",
                "tool_version": "mypy 1.18.2 (compiled: yes)"
            },
            "exit": "exit 1",
            "message": "mypy failed for x_make_py_venv_x (exit 1)\ncwd: C:\\x_runner_x\\x_make_py_venv_x\ncommand: C:\\x_runner_x\\.venvs\\.venv-3.12.6\\Scripts\\python.exe -m mypy . --strict --no-warn-unused-configs --show-error-codes --warn-return-any --warn-unreachable --disallow-any-unimported --disallow-any-expr --disallow-any-decorated --disallow-any-explicit\nstarted_at: 2025-10-23T01:13:41.470057+00:00\nduration: 0.736s\ntool_version: mypy 1.18.2 (compiled: yes)\nstdout:\nx_cls_make_py_venv_x.py:302: error: Expression has type \"Any\"  [misc]\nx_cls_make_py_venv_x.py:490: error: Expression has type \"Any\"  [misc]\nx_cls_make_py_venv_x.py:494: error: Expression has type \"Any\"  [misc]\nx_cls_make_py_venv_x.py:496: error: Expression has type \"Any\"  [misc]\nx_cls_make_py_venv_x.py:497: error: Expression has type \"Any\"  [misc]\n\u2026\nstderr:\n<empty>",
            "repo": "x_make_py_venv_x",
            "repo_path": "C:\\x_runner_x\\x_make_py_venv_x",
            "stderr_preview": null,
            "stdout_preview": "x_cls_make_py_venv_x.py:302: error: Expression has type \"Any\"  [misc]\nx_cls_make_py_venv_x.py:490: error: Expression has type \"Any\"  [misc]\nx_cls_make_py_venv_x.py:494: error: Expression has type \"Any\"  [misc]\nx_cls_make_py_venv_x.py:496: error: Expression has type \"Any\"  [misc]\nx_cls_make_py_venv_x.py:497: error: Expression has type \"Any\"  [misc]\n\u2026",
            "suggested_action": "Investigate",
            "summary": "mypy failed for x_make_py_venv_x (exit 1) cwd: C:\\x_runner_x\\x_make_py_venv_x command: C:\\x_runner_x\\.venvs\\.venv-3.12.6\\Scripts\\python.exe -m mypy . --strict --no-warn-unused-configs --show-error-codes --warn-return-any --warn-unreachable\u2026",
            "tool": "mypy",
            "tool_version": "mypy 1.18.2 (compiled: yes)"
        },
        {
            "captured_at": "2025-10-23T01:13:41.465807+00:00",
            "command": "C:\\x_runner_x\\.venvs\\.venv-3.12.6\\Scripts\\python.exe -m ruff check . --select ALL --ignore D,COM812,ISC001,T20 --line-length 88 --target-version py311",
            "detail": {
                "cached": false,
                "cmd": [
                    "C:\\x_runner_x\\.venvs\\.venv-3.12.6\\Scripts\\python.exe",
                    "-m",
                    "ruff",
                    "check",
                    ".",
                    "--select",
                    "ALL",
                    "--ignore",
                    "D,COM812,ISC001,T20",
                    "--line-length",
                    "88",
                    "--target-version",
                    "py311"
                ],
                "cmd_display": "C:\\x_runner_x\\.venvs\\.venv-3.12.6\\Scripts\\python.exe -m ruff check . --select ALL --ignore D,COM812,ISC001,T20 --line-length 88 --target-version py311",
                "cwd": "C:\\x_runner_x\\x_make_py_venv_x",
                "duration_seconds": 0.14278379999450408,
                "ended_at": "2025-10-23T01:13:41.465807+00:00",
                "exit": 1,
                "failed_files": [],
                "files_checked": [
                    "x_cls_make_py_venv_x.py"
                ],
                "repo": "x_make_py_venv_x",
                "repo_hash": "e0a5ce029bcaee7e282d7e83b574161ecfdf9a4717655efcc685bd6b3b3bb4fc",
                "repo_path": "C:\\x_runner_x\\x_make_py_venv_x",
                "started_at": "2025-10-23T01:13:41.324471+00:00",
                "stderr": "",
                "stdout": "ARG001 Unused function argument: `project_root`\n   --> x_cls_make_py_venv_x.py:360:5\n    |\n359 | def update_tox_ini(\n360 |     project_root: Path,\n    |     ^^^^^^^^^^^^\n361 |     versions: Sequence[VersionRequest],\n362 |     *,\n    |\n\nC901 `main` is too complex (12 > 10)\n   --> x_cls_make_py_venv_x.py:485:5\n    |\n485 | def main(argv: Sequence[str] | None = None) -> int:\n    |     ^^^^\n486 |     parser = build_parser()\n487 |     args = parser.parse_args(argv)\n    |\n\nE501 Line too long (91 > 88)\n   --> x_cls_make_py_venv_x.py:515:89\n    |\n513 |     auto_requirement_candidates = list(DEFAULT_AUTO_REQUIREMENT_FILES)\n514 |     if args.default_requirements:\n515 |         auto_requirement_candidates.extend(str(item) for item in args.default_requirements)\n    |                                                                                         ^^^\n516 |     auto_requirement_candidates = _dedupe_preserve_order(auto_requirement_candidates)\n    |\n\nFound 3 errors.\n",
                "tool": "ruff_check",
                "tool_module": "ruff",
                "tool_version": "ruff 0.14.1"
            },
            "exit": "exit 1",
            "message": "ruff_check failed for x_make_py_venv_x (exit 1)\ncwd: C:\\x_runner_x\\x_make_py_venv_x\ncommand: C:\\x_runner_x\\.venvs\\.venv-3.12.6\\Scripts\\python.exe -m ruff check . --select ALL --ignore D,COM812,ISC001,T20 --line-length 88 --target-version py311\nstarted_at: 2025-10-23T01:13:41.324471+00:00\nduration: 0.143s\ntool_version: ruff 0.14.1\nstdout:\nARG001 Unused function argument: `project_root`\n   --> x_cls_make_py_venv_x.py:360:5\n    |\n359 | def update_tox_ini(\n360 |     project_root: Path,\n\u2026\nstderr:\n<empty>",
            "repo": "x_make_py_venv_x",
            "repo_path": "C:\\x_runner_x\\x_make_py_venv_x",
            "stderr_preview": null,
            "stdout_preview": "ARG001 Unused function argument: `project_root`\n   --> x_cls_make_py_venv_x.py:360:5\n    |\n359 | def update_tox_ini(\n360 |     project_root: Path,\n\u2026",
            "suggested_action": "Investigate",
            "summary": "ruff_check failed for x_make_py_venv_x (exit 1) cwd: C:\\x_runner_x\\x_make_py_venv_x command: C:\\x_runner_x\\.venvs\\.venv-3.12.6\\Scripts\\python.exe -m ruff check . --select ALL --ignore D,COM812,ISC001,T20 --line-length 88 --target-version p\u2026",
            "tool": "ruff_check",
            "tool_version": "ruff 0.14.1"
        },
        {
            "captured_at": "2025-10-23T01:13:40.446237+00:00",
            "command": "C:\\x_runner_x\\.venvs\\.venv-3.12.6\\Scripts\\python.exe -m ruff check . --fix --select ALL --ignore D,COM812,ISC001,T20 --line-length 88 --target-version py311",
            "detail": {
                "cached": false,
                "cmd": [
                    "C:\\x_runner_x\\.venvs\\.venv-3.12.6\\Scripts\\python.exe",
                    "-m",
                    "ruff",
                    "check",
                    ".",
                    "--fix",
                    "--select",
                    "ALL",
                    "--ignore",
                    "D,COM812,ISC001,T20",
                    "--line-length",
                    "88",
                    "--target-version",
                    "py311"
                ],
                "cmd_display": "C:\\x_runner_x\\.venvs\\.venv-3.12.6\\Scripts\\python.exe -m ruff check . --fix --select ALL --ignore D,COM812,ISC001,T20 --line-length 88 --target-version py311",
                "cwd": "C:\\x_runner_x\\x_make_py_venv_x",
                "duration_seconds": 0.16012240000418387,
                "ended_at": "2025-10-23T01:13:40.446237+00:00",
                "exit": 1,
                "failed_files": [],
                "files_checked": [
                    "x_cls_make_py_venv_x.py"
                ],
                "repo": "x_make_py_venv_x",
                "repo_hash": "e0a5ce029bcaee7e282d7e83b574161ecfdf9a4717655efcc685bd6b3b3bb4fc",
                "repo_path": "C:\\x_runner_x\\x_make_py_venv_x",
                "started_at": "2025-10-23T01:13:40.291239+00:00",
                "stderr": "",
                "stdout": "ARG001 Unused function argument: `project_root`\n   --> x_cls_make_py_venv_x.py:360:5\n    |\n359 | def update_tox_ini(\n360 |     project_root: Path,\n    |     ^^^^^^^^^^^^\n361 |     versions: Sequence[VersionRequest],\n362 |     *,\n    |\n\nC901 `main` is too complex (12 > 10)\n   --> x_cls_make_py_venv_x.py:485:5\n    |\n485 | def main(argv: Sequence[str] | None = None) -> int:\n    |     ^^^^\n486 |     parser = build_parser()\n487 |     args = parser.parse_args(argv)\n    |\n\nE501 Line too long (91 > 88)\n   --> x_cls_make_py_venv_x.py:515:89\n    |\n513 |     auto_requirement_candidates = list(DEFAULT_AUTO_REQUIREMENT_FILES)\n514 |     if args.default_requirements:\n515 |         auto_requirement_candidates.extend(str(item) for item in args.default_requirements)\n    |                                                                                         ^^^\n516 |     auto_requirement_candidates = _dedupe_preserve_order(auto_requirement_candidates)\n    |\n\nFound 3 errors.\n",
                "tool": "ruff_fix",
                "tool_module": "ruff",
                "tool_version": "ruff 0.14.1"
            },
            "exit": "exit 1",
            "message": "ruff_fix failed for x_make_py_venv_x (exit 1)\ncwd: C:\\x_runner_x\\x_make_py_venv_x\ncommand: C:\\x_runner_x\\.venvs\\.venv-3.12.6\\Scripts\\python.exe -m ruff check . --fix --select ALL --ignore D,COM812,ISC001,T20 --line-length 88 --target-version py311\nstarted_at: 2025-10-23T01:13:40.291239+00:00\nduration: 0.160s\ntool_version: ruff 0.14.1\nstdout:\nARG001 Unused function argument: `project_root`\n   --> x_cls_make_py_venv_x.py:360:5\n    |\n359 | def update_tox_ini(\n360 |     project_root: Path,\n\u2026\nstderr:\n<empty>",
            "repo": "x_make_py_venv_x",
            "repo_path": "C:\\x_runner_x\\x_make_py_venv_x",
            "stderr_preview": null,
            "stdout_preview": "ARG001 Unused function argument: `project_root`\n   --> x_cls_make_py_venv_x.py:360:5\n    |\n359 | def update_tox_ini(\n360 |     project_root: Path,\n\u2026",
            "suggested_action": "Investigate",
            "summary": "ruff_fix failed for x_make_py_venv_x (exit 1) cwd: C:\\x_runner_x\\x_make_py_venv_x command: C:\\x_runner_x\\.venvs\\.venv-3.12.6\\Scripts\\python.exe -m ruff check . --fix --select ALL --ignore D,COM812,ISC001,T20 --line-length 88 --target-versi\u2026",
            "tool": "ruff_fix",
            "tool_version": "ruff 0.14.1"
        },
        {
            "captured_at": "2025-10-23T01:14:12.083121+00:00",
            "command": "C:\\x_runner_x\\.venvs\\.venv-3.12.6\\Scripts\\python.exe -m black . --line-length 88 --target-version py311 --check --diff",
            "detail": {
                "cached": false,
                "cmd": [
                    "C:\\x_runner_x\\.venvs\\.venv-3.12.6\\Scripts\\python.exe",
                    "-m",
                    "black",
                    ".",
                    "--line-length",
                    "88",
                    "--target-version",
                    "py311",
                    "--check",
                    "--diff"
                ],
                "cmd_display": "C:\\x_runner_x\\.venvs\\.venv-3.12.6\\Scripts\\python.exe -m black . --line-length 88 --target-version py311 --check --diff",
                "cwd": "C:\\x_runner_x\\x_make_pypi_x",
                "duration_seconds": 2.058486499998253,
                "ended_at": "2025-10-23T01:14:12.083121+00:00",
                "exit": 1,
                "failed_files": [],
                "files_checked": [
                    "__init__.py",
                    "json_contracts.py",
                    "publish_flow.py",
                    "tests/__init__.py",
                    "tests/conftest.py",
                    "tests/test_json_contracts.py",
                    "tests/test_main_json.py",
                    "x_cls_make_pypi_x.py"
                ],
                "repo": "x_make_pypi_x",
                "repo_hash": "3ff100f02e7f245fb22eb9d844ab1fbc1fe1efec085edd97eb97e3b8a4fb72a7",
                "repo_path": "C:\\x_runner_x\\x_make_pypi_x",
                "started_at": "2025-10-23T01:14:10.029812+00:00",
                "stderr": "would reformat C:\\x_runner_x\\x_make_pypi_x\\x_cls_make_pypi_x.py\n\nOh no! \\U0001f4a5 \\U0001f494 \\U0001f4a5\n1 file would be reformatted, 7 files would be left unchanged.\n",
                "stdout": "--- C:\\x_runner_x\\x_make_pypi_x\\x_cls_make_pypi_x.py\t2025-10-22 23:27:25.416216+00:00\n+++ C:\\x_runner_x\\x_make_pypi_x\\x_cls_make_pypi_x.py\t2025-10-23 01:14:11.897602+00:00\n@@ -670,11 +670,13 @@\n \n \n def _parameters_from_payload(payload: Mapping[str, object]) -> Mapping[str, object]:\n     parameters_obj = payload.get(\"parameters\")\n     if isinstance(parameters_obj, Mapping):\n-        return MappingProxyType({str(key): value for key, value in parameters_obj.items()})\n+        return MappingProxyType(\n+            {str(key): value for key, value in parameters_obj.items()}\n+        )\n     return _EMPTY_MAPPING\n \n \n @dataclass(frozen=True)\n class _InputParameters:\n@@ -683,11 +685,13 @@\n     token_env: str\n     publisher_identifier: str | None\n     context_overrides: Mapping[str, object] | None\n \n \n-def _entries_from_parameters(parameters: Mapping[str, object]) -> tuple[ManifestEntry, ...]:\n+def _entries_from_parameters(\n+    parameters: Mapping[str, object],\n+) -> tuple[ManifestEntry, ...]:\n     entries_raw = parameters.get(\"entries\")\n     manifest_entries: list[ManifestEntry] = []\n     if isinstance(entries_raw, Sequence) and not isinstance(\n         entries_raw, (str, bytes, bytearray)\n     ):\n@@ -695,11 +699,13 @@\n             if isinstance(entry_obj, Mapping):\n                 manifest_entries.append(_entry_from_json(entry_obj))\n     return tuple(manifest_entries)\n \n \n-def _extract_inputs(parameters: Mapping[str, object]) -> _InputParameters | dict[str, object]:\n+def _extract_inputs(\n+    parameters: Mapping[str, object],\n+) -> _InputParameters | dict[str, object]:\n     try:\n         manifest_entries = _entries_from_parameters(parameters)\n     except ValueError as exc:\n         return _failure_payload(\n             \"failed to parse manifest entries\",\n",
                "tool": "black",
                "tool_module": "black",
                "tool_version": "python -m black, 25.9.0 (compiled: yes)\nPython (CPython) 3.12.6"
            },
            "exit": "exit 1",
            "message": "black failed for x_make_pypi_x (exit 1)\ncwd: C:\\x_runner_x\\x_make_pypi_x\ncommand: C:\\x_runner_x\\.venvs\\.venv-3.12.6\\Scripts\\python.exe -m black . --line-length 88 --target-version py311 --check --diff\nstarted_at: 2025-10-23T01:14:10.029812+00:00\nduration: 2.058s\ntool_version: python -m black, 25.9.0 (compiled: yes)\nPython (CPython) 3.12.6\nstdout:\n--- C:\\x_runner_x\\x_make_pypi_x\\x_cls_make_pypi_x.py\t2025-10-22 23:27:25.416216+00:00\n+++ C:\\x_runner_x\\x_make_pypi_x\\x_cls_make_pypi_x.py\t2025-10-23 01:14:11.897602+00:00\n@@ -670,11 +670,13 @@\n \n \n\u2026\nstderr:\nwould reformat C:\\x_runner_x\\x_make_pypi_x\\x_cls_make_pypi_x.py\n\nOh no! \\U0001f4a5 \\U0001f494 \\U0001f4a5\n1 file would be reformatted, 7 files would be left unchanged.",
            "repo": "x_make_pypi_x",
            "repo_path": "C:\\x_runner_x\\x_make_pypi_x",
            "stderr_preview": "would reformat C:\\x_runner_x\\x_make_pypi_x\\x_cls_make_pypi_x.py\n\nOh no! \\U0001f4a5 \\U0001f494 \\U0001f4a5\n1 file would be reformatted, 7 files would be left unchanged.",
            "stdout_preview": "--- C:\\x_runner_x\\x_make_pypi_x\\x_cls_make_pypi_x.py\t2025-10-22 23:27:25.416216+00:00\n+++ C:\\x_runner_x\\x_make_pypi_x\\x_cls_make_pypi_x.py\t2025-10-23 01:14:11.897602+00:00\n@@ -670,11 +670,13 @@\n \n \n\u2026",
            "suggested_action": "Investigate",
            "summary": "black failed for x_make_pypi_x (exit 1) cwd: C:\\x_runner_x\\x_make_pypi_x command: C:\\x_runner_x\\.venvs\\.venv-3.12.6\\Scripts\\python.exe -m black . --line-length 88 --target-version py311 --check --diff started_at: 2025-10-23T01:14:10.029812\u2026",
            "tool": "black",
            "tool_version": "python -m black, 25.9.0 (compiled: yes)\nPython (CPython) 3.12.6"
        },
        {
            "captured_at": "2025-10-23T01:14:13.147125+00:00",
            "command": "C:\\x_runner_x\\.venvs\\.venv-3.12.6\\Scripts\\python.exe -m mypy . --strict --no-warn-unused-configs --show-error-codes --warn-return-any --warn-unreachable --disallow-any-unimported --disallow-any-expr --disallow-any-decorated --disallow-any-explicit",
            "detail": {
                "cached": false,
                "cmd": [
                    "C:\\x_runner_x\\.venvs\\.venv-3.12.6\\Scripts\\python.exe",
                    "-m",
                    "mypy",
                    ".",
                    "--strict",
                    "--no-warn-unused-configs",
                    "--show-error-codes",
                    "--warn-return-any",
                    "--warn-unreachable",
                    "--disallow-any-unimported",
                    "--disallow-any-expr",
                    "--disallow-any-decorated",
                    "--disallow-any-explicit"
                ],
                "cmd_display": "C:\\x_runner_x\\.venvs\\.venv-3.12.6\\Scripts\\python.exe -m mypy . --strict --no-warn-unused-configs --show-error-codes --warn-return-any --warn-unreachable --disallow-any-unimported --disallow-any-expr --disallow-any-decorated --disallow-any-explicit",
                "cwd": "C:\\x_runner_x\\x_make_pypi_x",
                "duration_seconds": 0.8893720999913057,
                "ended_at": "2025-10-23T01:14:13.147125+00:00",
                "exit": 1,
                "failed_files": [],
                "files_checked": [
                    "__init__.py",
                    "json_contracts.py",
                    "publish_flow.py",
                    "tests/__init__.py",
                    "tests/conftest.py",
                    "tests/test_json_contracts.py",
                    "tests/test_main_json.py",
                    "x_cls_make_pypi_x.py"
                ],
                "repo": "x_make_pypi_x",
                "repo_hash": "3ff100f02e7f245fb22eb9d844ab1fbc1fe1efec085edd97eb97e3b8a4fb72a7",
                "repo_path": "C:\\x_runner_x\\x_make_pypi_x",
                "started_at": "2025-10-23T01:14:12.268167+00:00",
                "stderr": "",
                "stdout": "tests\\test_json_contracts.py:8: error: Cannot find implementation or library stub for module named \"pytest\"  [import-not-found]\ntests\\test_json_contracts.py:8: note: See https://mypy.readthedocs.io/en/stable/running_mypy.html#missing-imports\ntests\\test_json_contracts.py:24: error: Expression has type \"Any\"  [misc]\ntests\\test_json_contracts.py:31: error: Expression has type \"Any\"  [misc]\ntests\\test_json_contracts.py:32: error: Expression has type \"Any\"  [misc]\ntests\\test_json_contracts.py:70: error: Expression has type \"Any\"  [misc]\ntests\\test_json_contracts.py:73: error: Expression has type \"Any\"  [misc]\ntests\\test_json_contracts.py:76: error: Expression has type \"Any\"  [misc]\ntests\\test_json_contracts.py:77: error: Expression has type \"Any\"  [misc]\npublish_flow.py:66: error: Expression has type \"Any\"  [misc]\npublish_flow.py:67: error: Expression has type \"Any\"  [misc]\npublish_flow.py:71: error: Expression has type \"Any\"  [misc]\npublish_flow.py:72: error: Expression has type \"Any\"  [misc]\nx_cls_make_pypi_x.py:639: error: Expression has type \"Any\"  [misc]\nx_cls_make_pypi_x.py:640: error: Expression has type \"Any\"  [misc]\nx_cls_make_pypi_x.py:660: error: Expression type contains \"Any\" (has type \"type[ValidationError]\")  [misc]\nx_cls_make_pypi_x.py:768: error: Expression type contains \"Any\" (has type \"Any | None\")  [misc]\nx_cls_make_pypi_x.py:769: error: Expression type contains \"Any\" (has type \"Any | None\")  [misc]\nx_cls_make_pypi_x.py:775: error: Expression has type \"Any\"  [misc]\nx_cls_make_pypi_x.py:785: error: Expression has type \"Any\"  [misc]\nx_cls_make_pypi_x.py:791: error: Expression type contains \"Any\" (has type \"dict[str, Any]\")  [misc]\nx_cls_make_pypi_x.py:792: error: Expression type contains \"Any\" (has type \"dict[str, Any]\")  [misc]\nx_cls_make_pypi_x.py:792: error: Expression type contains \"Any\" (has type \"list[Any]\")  [misc]\nx_cls_make_pypi_x.py:794: error: Expression type contains \"Any\" (has type \"dict[str, Any]\")  [misc]\nx_cls_make_pypi_x.py:797: error: Expression type contains \"Any\" (has type \"type[ValidationError]\")  [misc]\nx_cls_make_pypi_x.py:815: error: Expression type contains \"Any\" (has type \"dict[str, Any]\")  [misc]\nx_cls_make_pypi_x.py:816: error: Expression type contains \"Any\" (has type \"dict[str, Any]\")  [misc]\nx_cls_make_pypi_x.py:832: error: Expression has type \"Any\"  [misc]\nx_cls_make_pypi_x.py:835: error: Expression has type \"Any\"  [misc]\nx_cls_make_pypi_x.py:835: error: Expression type contains \"Any\" (has type \"Any | None\")  [misc]\ntests\\test_main_json.py:14: error: Cannot find implementation or library stub for module named \"pytest\"  [import-not-found]\ntests\\test_main_json.py:77: error: Argument 1 to \"_install_fake_publisher\" becomes \"Any\" due to an unfollowed import  [no-any-unimported]\ntests\\test_main_json.py:90: error: Module has no attribute \"FakePublisher\"  [attr-defined]\ntests\\test_main_json.py:91: error: Expression has type \"Any\"  [misc]\ntests\\test_main_json.py:129: error: Argument 1 to \"test_main_json_success\" becomes \"Any\" due to an unfollowed import  [no-any-unimported]\ntests\\test_main_json.py:131: error: Expression has type \"Any\"  [misc]\ntests\\test_main_json.py:164: error: Expression has type \"Any\"  [misc]\ntests\\test_main_json.py:175: error: Expression type contains \"Any\" (has type \"Any | None\")  [misc]\ntests\\test_main_json.py:176: error: Expression type contains \"Any\" (has type \"Any | None\")  [misc]\ntests\\test_main_json.py:179: error: Expression type contains \"Any\" (has type \"type[SimpleNamespace]\")  [misc]\ntests\\test_main_json.py:180: error: Expression type contains \"Any\" (has type \"Any | bool\")  [misc]\ntests\\test_main_json.py:181: error: Expression type contains \"Any\" (has type \"type[SimpleNamespace]\")  [misc]\ntests\\test_main_json.py:184: error: Explicit \"Any\" is not allowed  [explicit-any]\ntests\\test_main_json.py:185: error: Expression type contains \"Any\" (has type \"Callable[..., object]\")  [misc]\ntests\\test_main_json.py:186: error: Expression type contains \"Any\" (has type \"Any | str\")  [misc]\ntests\\test_main_json.py:186: error: Expression type contains \"Any\" (has type \"Any | bool\")  [misc]\ntests\\test_main_json.py:186: error: Expression type contains \"Any\" (has type \"Callable[..., object]\")  [misc]\ntests\\test_main_json.py:192: error: Argument 1 to \"test_main_json_publish_failure\" becomes \"Any\" due to an unfollowed import  [no-any-unimported]\ntests\\test_main_json.py:200: error: Expression type contains \"Any\" (has type \"dict[str, Any]\")  [misc]\ntests\\test_main_json.py:203: error: Expression has type \"Any\"  [misc]\ntests\\test_main_json.py:223: error: Argument 1 to \"test_prime_twine_credentials_sets_username_and_password\" becomes \"Any\" due to an unfollowed import  [no-any-unimported]\ntests\\test_main_json.py:227: error: Expression has type \"Any\"  [misc]\ntests\\test_main_json.py:228: error: Expression has type \"Any\"  [misc]\ntests\\test_main_json.py:229: error: Expression has type \"Any\"  [misc]\ntests\\test_main_json.py:231: error: Expression has type \"Any\"  [misc]\ntests\\test_main_json.py:241: error: Argument 1 to \"test_prime_twine_credentials_preserves_existing_user\" becomes \"Any\" due to an unfollowed import  [no-any-unimported]\ntests\\test_main_json.py:244: error: Expression has type \"Any\"  [misc]\ntests\\test_main_json.py:245: error: Expression has type \"Any\"  [misc]\ntests\\test_main_json.py:246: error: Expression has type \"Any\"  [misc]\nFound 58 errors in 4 files (checked 8 source files)\n",
                "tool": "mypy",
                "tool_module": "mypy",
                "tool_version": "mypy 1.18.2 (compiled: yes)"
            },
            "exit": "exit 1",
            "message": "mypy failed for x_make_pypi_x (exit 1)\ncwd: C:\\x_runner_x\\x_make_pypi_x\ncommand: C:\\x_runner_x\\.venvs\\.venv-3.12.6\\Scripts\\python.exe -m mypy . --strict --no-warn-unused-configs --show-error-codes --warn-return-any --warn-unreachable --disallow-any-unimported --disallow-any-expr --disallow-any-decorated --disallow-any-explicit\nstarted_at: 2025-10-23T01:14:12.268167+00:00\nduration: 0.889s\ntool_version: mypy 1.18.2 (compiled: yes)\nstdout:\ntests\\test_json_contracts.py:8: error: Cannot find implementation or library stub for module named \"pytest\"  [import-not-found]\ntests\\test_json_contracts.py:8: note: See https://mypy.readthedocs.io/en/stable/running_mypy.html#missing-imports\ntests\\test_json_contracts.py:24: error: Expression has type \"Any\"  [misc]\ntests\\test_json_contracts.py:31: error: Expression has type \"Any\"  [misc]\ntests\\test_json_contracts.py:32: error: Expression has type \"Any\"  [misc]\n\u2026\nstderr:\n<empty>",
            "repo": "x_make_pypi_x",
            "repo_path": "C:\\x_runner_x\\x_make_pypi_x",
            "stderr_preview": null,
            "stdout_preview": "tests\\test_json_contracts.py:8: error: Cannot find implementation or library stub for module named \"pytest\"  [import-not-found]\ntests\\test_json_contracts.py:8: note: See https://mypy.readthedocs.io/en/stable/running_mypy.html#missing-imports\ntests\\test_json_contracts.py:24: error: Expression has type \"Any\"  [misc]\ntests\\test_json_contracts.py:31: error: Expression has type \"Any\"  [misc]\ntests\\test_json_contracts.py:32: error: Expression has type \"Any\"  [misc]\n\u2026",
            "suggested_action": "Investigate",
            "summary": "mypy failed for x_make_pypi_x (exit 1) cwd: C:\\x_runner_x\\x_make_pypi_x command: C:\\x_runner_x\\.venvs\\.venv-3.12.6\\Scripts\\python.exe -m mypy . --strict --no-warn-unused-configs --show-error-codes --warn-return-any --warn-unreachable --dis\u2026",
            "tool": "mypy",
            "tool_version": "mypy 1.18.2 (compiled: yes)"
        },
        {
            "captured_at": "2025-10-23T01:14:16.152297+00:00",
            "command": "C:\\x_runner_x\\.venvs\\.venv-3.12.6\\Scripts\\python.exe -m pyright . --level error",
            "detail": {
                "cached": false,
                "cmd": [
                    "C:\\x_runner_x\\.venvs\\.venv-3.12.6\\Scripts\\python.exe",
                    "-m",
                    "pyright",
                    ".",
                    "--level",
                    "error"
                ],
                "cmd_display": "C:\\x_runner_x\\.venvs\\.venv-3.12.6\\Scripts\\python.exe -m pyright . --level error",
                "cwd": "C:\\x_runner_x\\x_make_pypi_x",
                "duration_seconds": 2.990262500010431,
                "ended_at": "2025-10-23T01:14:16.152297+00:00",
                "exit": 1,
                "failed_files": [],
                "files_checked": [
                    "__init__.py",
                    "json_contracts.py",
                    "publish_flow.py",
                    "tests/__init__.py",
                    "tests/conftest.py",
                    "tests/test_json_contracts.py",
                    "tests/test_main_json.py",
                    "x_cls_make_pypi_x.py"
                ],
                "repo": "x_make_pypi_x",
                "repo_hash": "3ff100f02e7f245fb22eb9d844ab1fbc1fe1efec085edd97eb97e3b8a4fb72a7",
                "repo_path": "C:\\x_runner_x\\x_make_pypi_x",
                "started_at": "2025-10-23T01:14:13.161619+00:00",
                "stderr": "",
                "stdout": "c:\\x_runner_x\\x_make_pypi_x\\tests\\test_main_json.py\n  c:\\x_runner_x\\x_make_pypi_x\\tests\\test_main_json.py:90:17 - error: Cannot assign to attribute \"FakePublisher\" for class \"ModuleType\"\n  \u00c2\u00a0\u00c2\u00a0Attribute \"FakePublisher\" is unknown (reportAttributeAccessIssue)\n1 error, 0 warnings, 0 informations\n",
                "tool": "pyright",
                "tool_module": "pyright",
                "tool_version": "pyright 1.1.406"
            },
            "exit": "exit 1",
            "message": "pyright failed for x_make_pypi_x (exit 1)\ncwd: C:\\x_runner_x\\x_make_pypi_x\ncommand: C:\\x_runner_x\\.venvs\\.venv-3.12.6\\Scripts\\python.exe -m pyright . --level error\nstarted_at: 2025-10-23T01:14:13.161619+00:00\nduration: 2.990s\ntool_version: pyright 1.1.406\nstdout:\nc:\\x_runner_x\\x_make_pypi_x\\tests\\test_main_json.py\n  c:\\x_runner_x\\x_make_pypi_x\\tests\\test_main_json.py:90:17 - error: Cannot assign to attribute \"FakePublisher\" for class \"ModuleType\"\n  \u00c2\u00a0\u00c2\u00a0Attribute \"FakePublisher\" is unknown (reportAttributeAccessIssue)\n1 error, 0 warnings, 0 informations\nstderr:\n<empty>",
            "repo": "x_make_pypi_x",
            "repo_path": "C:\\x_runner_x\\x_make_pypi_x",
            "stderr_preview": null,
            "stdout_preview": "c:\\x_runner_x\\x_make_pypi_x\\tests\\test_main_json.py\n  c:\\x_runner_x\\x_make_pypi_x\\tests\\test_main_json.py:90:17 - error: Cannot assign to attribute \"FakePublisher\" for class \"ModuleType\"\n  \u00c2\u00a0\u00c2\u00a0Attribute \"FakePublisher\" is unknown (reportAttributeAccessIssue)\n1 error, 0 warnings, 0 informations",
            "suggested_action": "Investigate",
            "summary": "pyright failed for x_make_pypi_x (exit 1) cwd: C:\\x_runner_x\\x_make_pypi_x command: C:\\x_runner_x\\.venvs\\.venv-3.12.6\\Scripts\\python.exe -m pyright . --level error started_at: 2025-10-23T01:14:13.161619+00:00 duration: 2.990s tool_version:\u2026",
            "tool": "pyright",
            "tool_version": "pyright 1.1.406"
        },
        {
            "captured_at": "2025-10-23T01:14:12.254118+00:00",
            "command": "C:\\x_runner_x\\.venvs\\.venv-3.12.6\\Scripts\\python.exe -m ruff check . --select ALL --ignore D,COM812,ISC001,T20 --line-length 88 --target-version py311",
            "detail": {
                "cached": false,
                "cmd": [
                    "C:\\x_runner_x\\.venvs\\.venv-3.12.6\\Scripts\\python.exe",
                    "-m",
                    "ruff",
                    "check",
                    ".",
                    "--select",
                    "ALL",
                    "--ignore",
                    "D,COM812,ISC001,T20",
                    "--line-length",
                    "88",
                    "--target-version",
                    "py311"
                ],
                "cmd_display": "C:\\x_runner_x\\.venvs\\.venv-3.12.6\\Scripts\\python.exe -m ruff check . --select ALL --ignore D,COM812,ISC001,T20 --line-length 88 --target-version py311",
                "cwd": "C:\\x_runner_x\\x_make_pypi_x",
                "duration_seconds": 0.17247350000252482,
                "ended_at": "2025-10-23T01:14:12.254118+00:00",
                "exit": 1,
                "failed_files": [],
                "files_checked": [
                    "__init__.py",
                    "json_contracts.py",
                    "publish_flow.py",
                    "tests/__init__.py",
                    "tests/conftest.py",
                    "tests/test_json_contracts.py",
                    "tests/test_main_json.py",
                    "x_cls_make_pypi_x.py"
                ],
                "repo": "x_make_pypi_x",
                "repo_hash": "3ff100f02e7f245fb22eb9d844ab1fbc1fe1efec085edd97eb97e3b8a4fb72a7",
                "repo_path": "C:\\x_runner_x\\x_make_pypi_x",
                "started_at": "2025-10-23T01:14:12.091319+00:00",
                "stderr": "",
                "stdout": "TC003 Move standard library import `types.ModuleType` into a type-checking block\n  --> publish_flow.py:14:19\n   |\n12 | from os import PathLike\n13 | from pathlib import Path\n14 | from types import ModuleType\n   |                   ^^^^^^^^^^\n15 | from typing import TYPE_CHECKING, Protocol, cast\n   |\nhelp: Move into type-checking block\n\nC901 `_prime_twine_credentials` is too complex (12 > 10)\n  --> publish_flow.py:88:5\n   |\n88 | def _prime_twine_credentials(token_env: str) -> str | None:\n   |     ^^^^^^^^^^^^^^^^^^^^^^^^\n89 |     token_sources: list[str] = []\n90 |     if token_env:\n   |\n\nS105 Possible hardcoded password assigned to: \"password_env\"\n   --> publish_flow.py:133:24\n    |\n131 |     if token_value:\n132 |         username_env = \"TWINE_USERNAME\"\n133 |         password_env = \"TWINE_PASSWORD\"\n    |                        ^^^^^^^^^^^^^^^^\n134 |         os.environ[username_env] = \"__token__\"\n135 |         os.environ[password_env] = token_value\n    |\n\nSIM102 Use a single `if` statement instead of nested `if` statements\n   --> publish_flow.py:140:5\n    |\n138 |       repository_env = \"TWINE_REPOSITORY_URL\"\n139 |       repo_present = bool(os.environ.get(repository_env, \"\").strip())\n140 | /     if not repo_present and selected_source:\n141 | |         if \"test\" in selected_source.lower():\n    | |_____________________________________________^\n142 |               os.environ[repository_env] = \"https://test.pypi.org/legacy/\"\n143 |               _info(\"Configured Twine repository for TestPyPI uploads.\")\n    |\nhelp: Combine `if` statements using `and`\n\nTC003 Move standard library import `pathlib.Path` into a type-checking block\n  --> tests\\test_main_json.py:11:21\n   |\n 9 | from dataclasses import dataclass\n10 | from datetime import UTC, datetime\n11 | from pathlib import Path\n   |                     ^^^^\n12 | from types import ModuleType, SimpleNamespace\n   |\nhelp: Move into type-checking block\n\nTC002 Move third-party import `pytest` into a type-checking block\n  --> tests\\test_main_json.py:14:8\n   |\n12 | from types import ModuleType, SimpleNamespace\n13 |\n14 | import pytest\n   |        ^^^^^^\n15 | from x_make_common_x.json_contracts import validate_payload\n   |\nhelp: Move into type-checking block\n\nTC001 Move application import `x_make_pypi_x.publish_flow.PublisherFactory` into a type-checking block\n  --> tests\\test_main_json.py:19:40\n   |\n17 | from x_make_pypi_x import publish_flow\n18 | from x_make_pypi_x.json_contracts import ERROR_SCHEMA, OUTPUT_SCHEMA\n19 | from x_make_pypi_x.publish_flow import PublisherFactory\n   |                                        ^^^^^^^^^^^^^^^^\n20 | from x_make_pypi_x.x_cls_make_pypi_x import main_json\n   |\nhelp: Move into type-checking block\n\nPLR0913 Too many arguments in function definition (6 > 5)\n   --> tests\\test_main_json.py:135:9\n    |\n133 |     captured_call: _PublishCall | None = None\n134 |\n135 |     def fake_publish(\n    |         ^^^^^^^^^^^^\n136 |         entries: Sequence[object],\n137 |         *,\n    |\n\nS105 Possible hardcoded password assigned to: \"token_env\"\n   --> tests\\test_main_json.py:183:39\n    |\n181 |     assert isinstance(captured_call.cloner, SimpleNamespace)\n182 |     assert captured_call.repo_parent_root == str(tmp_path)\n183 |     assert captured_call.token_env == \"CUSTOM_ENV\"\n    |                                       ^^^^^^^^^^^^\n184 |     publisher_factory_obj: Callable[..., object] = captured_call.publisher_factory\n185 |     assert callable(publisher_factory_obj)\n    |\n\nSLF001 Private member accessed: `_prime_twine_credentials`\n   --> tests\\test_main_json.py:233:16\n    |\n231 |     monkeypatch.setenv(custom_env, token_value)\n232 |\n233 |     selected = publish_flow._prime_twine_credentials(custom_env)\n    |                ^^^^^^^^^^^^^^^^^^^^^^^^^^^^^^^^^^^^^\n234 |\n235 |     assert selected == custom_env\n    |\n\nSLF001 Private member accessed: `_prime_twine_credentials`\n   --> tests\\test_main_json.py:248:16\n    |\n246 |     monkeypatch.setenv(\"TWINE_PASSWORD\", \"custom-pass\")\n247 |\n248 |     selected = publish_flow._prime_twine_credentials(\"\")\n    |                ^^^^^^^^^^^^^^^^^^^^^^^^^^^^^^^^^^^^^\n249 |\n250 |     assert selected == \"TWINE_API_TOKEN\"\n    |\n\nS105 Possible hardcoded password assigned to: \"TWINE_API_TOKEN\"\n   --> tests\\test_main_json.py:251:45\n    |\n250 |     assert selected == \"TWINE_API_TOKEN\"\n251 |     assert os.environ[\"TWINE_API_TOKEN\"] == \"existing\"\n    |                                             ^^^^^^^^^^\n252 |     assert os.environ[\"TWINE_USERNAME\"] == \"__token__\"\n253 |     assert os.environ[\"TWINE_PASSWORD\"] == \"existing\"\n    |\n\nS105 Possible hardcoded password assigned to: \"TWINE_PASSWORD\"\n   --> tests\\test_main_json.py:253:44\n    |\n251 |     assert os.environ[\"TWINE_API_TOKEN\"] == \"existing\"\n252 |     assert os.environ[\"TWINE_USERNAME\"] == \"__token__\"\n253 |     assert os.environ[\"TWINE_PASSWORD\"] == \"existing\"\n    |                                            ^^^^^^^^^^\n    |\n\nPLR0915 Too many statements (53 > 50)\n   --> x_cls_make_pypi_x.py:438:9\n    |\n436 |                 raise FileNotFoundError(message)\n437 |\n438 |     def publish(  # noqa: C901, PLR0912\n    |         ^^^^^^^\n439 |         self,\n440 |         main_file: str,\n    |\n\nE501 Line too long (91 > 88)\n   --> x_cls_make_pypi_x.py:675:89\n    |\n673 |     parameters_obj = payload.get(\"parameters\")\n674 |     if isinstance(parameters_obj, Mapping):\n675 |         return MappingProxyType({str(key): value for key, value in parameters_obj.items()})\n    |                                                                                         ^^^\n676 |     return _EMPTY_MAPPING\n    |\n\nE501 Line too long (92 > 88)\n   --> x_cls_make_pypi_x.py:688:89\n    |\n688 | def _entries_from_parameters(parameters: Mapping[str, object]) -> tuple[ManifestEntry, ...]:\n    |                                                                                         ^^^^\n689 |     entries_raw = parameters.get(\"entries\")\n690 |     manifest_entries: list[ManifestEntry] = []\n    |\n\nPERF401 Use `list.extend` to create a transformed list\n   --> x_cls_make_pypi_x.py:696:17\n    |\n694 |         for entry_obj in entries_raw:\n695 |             if isinstance(entry_obj, Mapping):\n696 |                 manifest_entries.append(_entry_from_json(entry_obj))\n    |                 ^^^^^^^^^^^^^^^^^^^^^^^^^^^^^^^^^^^^^^^^^^^^^^^^^^^^\n697 |     return tuple(manifest_entries)\n    |\nhelp: Replace for loop with list.extend\n\nE501 Line too long (94 > 88)\n   --> x_cls_make_pypi_x.py:700:89\n    |\n700 | def _extract_inputs(parameters: Mapping[str, object]) -> _InputParameters | dict[str, object]:\n    |                                                                                         ^^^^^^\n701 |     try:\n702 |         manifest_entries = _entries_from_parameters(parameters)\n    |\n\nPLR0911 Too many return statements (8 > 6)\n   --> x_cls_make_pypi_x.py:733:5\n    |\n733 | def main_json(\n    |     ^^^^^^^^^\n734 |     payload: Mapping[str, object], *, ctx: object | None = None\n735 | ) -> dict[str, object]:\n    |\n\nFound 19 errors.\nNo fixes available (5 hidden fixes can be enabled with the `--unsafe-fixes` option).\n",
                "tool": "ruff_check",
                "tool_module": "ruff",
                "tool_version": "ruff 0.14.1"
            },
            "exit": "exit 1",
            "message": "ruff_check failed for x_make_pypi_x (exit 1)\ncwd: C:\\x_runner_x\\x_make_pypi_x\ncommand: C:\\x_runner_x\\.venvs\\.venv-3.12.6\\Scripts\\python.exe -m ruff check . --select ALL --ignore D,COM812,ISC001,T20 --line-length 88 --target-version py311\nstarted_at: 2025-10-23T01:14:12.091319+00:00\nduration: 0.172s\ntool_version: ruff 0.14.1\nstdout:\nTC003 Move standard library import `types.ModuleType` into a type-checking block\n  --> publish_flow.py:14:19\n   |\n12 | from os import PathLike\n13 | from pathlib import Path\n\u2026\nstderr:\n<empty>",
            "repo": "x_make_pypi_x",
            "repo_path": "C:\\x_runner_x\\x_make_pypi_x",
            "stderr_preview": null,
            "stdout_preview": "TC003 Move standard library import `types.ModuleType` into a type-checking block\n  --> publish_flow.py:14:19\n   |\n12 | from os import PathLike\n13 | from pathlib import Path\n\u2026",
            "suggested_action": "Investigate",
            "summary": "ruff_check failed for x_make_pypi_x (exit 1) cwd: C:\\x_runner_x\\x_make_pypi_x command: C:\\x_runner_x\\.venvs\\.venv-3.12.6\\Scripts\\python.exe -m ruff check . --select ALL --ignore D,COM812,ISC001,T20 --line-length 88 --target-version py311 s\u2026",
            "tool": "ruff_check",
            "tool_version": "ruff 0.14.1"
        },
        {
            "captured_at": "2025-10-23T01:14:10.022880+00:00",
            "command": "C:\\x_runner_x\\.venvs\\.venv-3.12.6\\Scripts\\python.exe -m ruff check . --fix --select ALL --ignore D,COM812,ISC001,T20 --line-length 88 --target-version py311",
            "detail": {
                "cached": false,
                "cmd": [
                    "C:\\x_runner_x\\.venvs\\.venv-3.12.6\\Scripts\\python.exe",
                    "-m",
                    "ruff",
                    "check",
                    ".",
                    "--fix",
                    "--select",
                    "ALL",
                    "--ignore",
                    "D,COM812,ISC001,T20",
                    "--line-length",
                    "88",
                    "--target-version",
                    "py311"
                ],
                "cmd_display": "C:\\x_runner_x\\.venvs\\.venv-3.12.6\\Scripts\\python.exe -m ruff check . --fix --select ALL --ignore D,COM812,ISC001,T20 --line-length 88 --target-version py311",
                "cwd": "C:\\x_runner_x\\x_make_pypi_x",
                "duration_seconds": 0.1658846999926027,
                "ended_at": "2025-10-23T01:14:10.022880+00:00",
                "exit": 1,
                "failed_files": [],
                "files_checked": [
                    "__init__.py",
                    "json_contracts.py",
                    "publish_flow.py",
                    "tests/__init__.py",
                    "tests/conftest.py",
                    "tests/test_json_contracts.py",
                    "tests/test_main_json.py",
                    "x_cls_make_pypi_x.py"
                ],
                "repo": "x_make_pypi_x",
                "repo_hash": "3ff100f02e7f245fb22eb9d844ab1fbc1fe1efec085edd97eb97e3b8a4fb72a7",
                "repo_path": "C:\\x_runner_x\\x_make_pypi_x",
                "started_at": "2025-10-23T01:14:09.860447+00:00",
                "stderr": "",
                "stdout": "TC003 Move standard library import `types.ModuleType` into a type-checking block\n  --> publish_flow.py:14:19\n   |\n12 | from os import PathLike\n13 | from pathlib import Path\n14 | from types import ModuleType\n   |                   ^^^^^^^^^^\n15 | from typing import TYPE_CHECKING, Protocol, cast\n   |\nhelp: Move into type-checking block\n\nC901 `_prime_twine_credentials` is too complex (12 > 10)\n  --> publish_flow.py:88:5\n   |\n88 | def _prime_twine_credentials(token_env: str) -> str | None:\n   |     ^^^^^^^^^^^^^^^^^^^^^^^^\n89 |     token_sources: list[str] = []\n90 |     if token_env:\n   |\n\nS105 Possible hardcoded password assigned to: \"password_env\"\n   --> publish_flow.py:133:24\n    |\n131 |     if token_value:\n132 |         username_env = \"TWINE_USERNAME\"\n133 |         password_env = \"TWINE_PASSWORD\"\n    |                        ^^^^^^^^^^^^^^^^\n134 |         os.environ[username_env] = \"__token__\"\n135 |         os.environ[password_env] = token_value\n    |\n\nSIM102 Use a single `if` statement instead of nested `if` statements\n   --> publish_flow.py:140:5\n    |\n138 |       repository_env = \"TWINE_REPOSITORY_URL\"\n139 |       repo_present = bool(os.environ.get(repository_env, \"\").strip())\n140 | /     if not repo_present and selected_source:\n141 | |         if \"test\" in selected_source.lower():\n    | |_____________________________________________^\n142 |               os.environ[repository_env] = \"https://test.pypi.org/legacy/\"\n143 |               _info(\"Configured Twine repository for TestPyPI uploads.\")\n    |\nhelp: Combine `if` statements using `and`\n\nTC003 Move standard library import `pathlib.Path` into a type-checking block\n  --> tests\\test_main_json.py:11:21\n   |\n 9 | from dataclasses import dataclass\n10 | from datetime import UTC, datetime\n11 | from pathlib import Path\n   |                     ^^^^\n12 | from types import ModuleType, SimpleNamespace\n   |\nhelp: Move into type-checking block\n\nTC002 Move third-party import `pytest` into a type-checking block\n  --> tests\\test_main_json.py:14:8\n   |\n12 | from types import ModuleType, SimpleNamespace\n13 |\n14 | import pytest\n   |        ^^^^^^\n15 | from x_make_common_x.json_contracts import validate_payload\n   |\nhelp: Move into type-checking block\n\nTC001 Move application import `x_make_pypi_x.publish_flow.PublisherFactory` into a type-checking block\n  --> tests\\test_main_json.py:19:40\n   |\n17 | from x_make_pypi_x import publish_flow\n18 | from x_make_pypi_x.json_contracts import ERROR_SCHEMA, OUTPUT_SCHEMA\n19 | from x_make_pypi_x.publish_flow import PublisherFactory\n   |                                        ^^^^^^^^^^^^^^^^\n20 | from x_make_pypi_x.x_cls_make_pypi_x import main_json\n   |\nhelp: Move into type-checking block\n\nPLR0913 Too many arguments in function definition (6 > 5)\n   --> tests\\test_main_json.py:135:9\n    |\n133 |     captured_call: _PublishCall | None = None\n134 |\n135 |     def fake_publish(\n    |         ^^^^^^^^^^^^\n136 |         entries: Sequence[object],\n137 |         *,\n    |\n\nS105 Possible hardcoded password assigned to: \"token_env\"\n   --> tests\\test_main_json.py:183:39\n    |\n181 |     assert isinstance(captured_call.cloner, SimpleNamespace)\n182 |     assert captured_call.repo_parent_root == str(tmp_path)\n183 |     assert captured_call.token_env == \"CUSTOM_ENV\"\n    |                                       ^^^^^^^^^^^^\n184 |     publisher_factory_obj: Callable[..., object] = captured_call.publisher_factory\n185 |     assert callable(publisher_factory_obj)\n    |\n\nSLF001 Private member accessed: `_prime_twine_credentials`\n   --> tests\\test_main_json.py:233:16\n    |\n231 |     monkeypatch.setenv(custom_env, token_value)\n232 |\n233 |     selected = publish_flow._prime_twine_credentials(custom_env)\n    |                ^^^^^^^^^^^^^^^^^^^^^^^^^^^^^^^^^^^^^\n234 |\n235 |     assert selected == custom_env\n    |\n\nSLF001 Private member accessed: `_prime_twine_credentials`\n   --> tests\\test_main_json.py:248:16\n    |\n246 |     monkeypatch.setenv(\"TWINE_PASSWORD\", \"custom-pass\")\n247 |\n248 |     selected = publish_flow._prime_twine_credentials(\"\")\n    |                ^^^^^^^^^^^^^^^^^^^^^^^^^^^^^^^^^^^^^\n249 |\n250 |     assert selected == \"TWINE_API_TOKEN\"\n    |\n\nS105 Possible hardcoded password assigned to: \"TWINE_API_TOKEN\"\n   --> tests\\test_main_json.py:251:45\n    |\n250 |     assert selected == \"TWINE_API_TOKEN\"\n251 |     assert os.environ[\"TWINE_API_TOKEN\"] == \"existing\"\n    |                                             ^^^^^^^^^^\n252 |     assert os.environ[\"TWINE_USERNAME\"] == \"__token__\"\n253 |     assert os.environ[\"TWINE_PASSWORD\"] == \"existing\"\n    |\n\nS105 Possible hardcoded password assigned to: \"TWINE_PASSWORD\"\n   --> tests\\test_main_json.py:253:44\n    |\n251 |     assert os.environ[\"TWINE_API_TOKEN\"] == \"existing\"\n252 |     assert os.environ[\"TWINE_USERNAME\"] == \"__token__\"\n253 |     assert os.environ[\"TWINE_PASSWORD\"] == \"existing\"\n    |                                            ^^^^^^^^^^\n    |\n\nPLR0915 Too many statements (53 > 50)\n   --> x_cls_make_pypi_x.py:438:9\n    |\n436 |                 raise FileNotFoundError(message)\n437 |\n438 |     def publish(  # noqa: C901, PLR0912\n    |         ^^^^^^^\n439 |         self,\n440 |         main_file: str,\n    |\n\nE501 Line too long (91 > 88)\n   --> x_cls_make_pypi_x.py:675:89\n    |\n673 |     parameters_obj = payload.get(\"parameters\")\n674 |     if isinstance(parameters_obj, Mapping):\n675 |         return MappingProxyType({str(key): value for key, value in parameters_obj.items()})\n    |                                                                                         ^^^\n676 |     return _EMPTY_MAPPING\n    |\n\nE501 Line too long (92 > 88)\n   --> x_cls_make_pypi_x.py:688:89\n    |\n688 | def _entries_from_parameters(parameters: Mapping[str, object]) -> tuple[ManifestEntry, ...]:\n    |                                                                                         ^^^^\n689 |     entries_raw = parameters.get(\"entries\")\n690 |     manifest_entries: list[ManifestEntry] = []\n    |\n\nPERF401 Use `list.extend` to create a transformed list\n   --> x_cls_make_pypi_x.py:696:17\n    |\n694 |         for entry_obj in entries_raw:\n695 |             if isinstance(entry_obj, Mapping):\n696 |                 manifest_entries.append(_entry_from_json(entry_obj))\n    |                 ^^^^^^^^^^^^^^^^^^^^^^^^^^^^^^^^^^^^^^^^^^^^^^^^^^^^\n697 |     return tuple(manifest_entries)\n    |\nhelp: Replace for loop with list.extend\n\nE501 Line too long (94 > 88)\n   --> x_cls_make_pypi_x.py:700:89\n    |\n700 | def _extract_inputs(parameters: Mapping[str, object]) -> _InputParameters | dict[str, object]:\n    |                                                                                         ^^^^^^\n701 |     try:\n702 |         manifest_entries = _entries_from_parameters(parameters)\n    |\n\nPLR0911 Too many return statements (8 > 6)\n   --> x_cls_make_pypi_x.py:733:5\n    |\n733 | def main_json(\n    |     ^^^^^^^^^\n734 |     payload: Mapping[str, object], *, ctx: object | None = None\n735 | ) -> dict[str, object]:\n    |\n\nFound 19 errors.\nNo fixes available (5 hidden fixes can be enabled with the `--unsafe-fixes` option).\n",
                "tool": "ruff_fix",
                "tool_module": "ruff",
                "tool_version": "ruff 0.14.1"
            },
            "exit": "exit 1",
            "message": "ruff_fix failed for x_make_pypi_x (exit 1)\ncwd: C:\\x_runner_x\\x_make_pypi_x\ncommand: C:\\x_runner_x\\.venvs\\.venv-3.12.6\\Scripts\\python.exe -m ruff check . --fix --select ALL --ignore D,COM812,ISC001,T20 --line-length 88 --target-version py311\nstarted_at: 2025-10-23T01:14:09.860447+00:00\nduration: 0.166s\ntool_version: ruff 0.14.1\nstdout:\nTC003 Move standard library import `types.ModuleType` into a type-checking block\n  --> publish_flow.py:14:19\n   |\n12 | from os import PathLike\n13 | from pathlib import Path\n\u2026\nstderr:\n<empty>",
            "repo": "x_make_pypi_x",
            "repo_path": "C:\\x_runner_x\\x_make_pypi_x",
            "stderr_preview": null,
            "stdout_preview": "TC003 Move standard library import `types.ModuleType` into a type-checking block\n  --> publish_flow.py:14:19\n   |\n12 | from os import PathLike\n13 | from pathlib import Path\n\u2026",
            "suggested_action": "Investigate",
            "summary": "ruff_fix failed for x_make_pypi_x (exit 1) cwd: C:\\x_runner_x\\x_make_pypi_x command: C:\\x_runner_x\\.venvs\\.venv-3.12.6\\Scripts\\python.exe -m ruff check . --fix --select ALL --ignore D,COM812,ISC001,T20 --line-length 88 --target-version py3\u2026",
            "tool": "ruff_fix",
            "tool_version": "ruff 0.14.1"
        },
        {
            "captured_at": "2025-10-23T01:14:40.622892+00:00",
            "command": "C:\\x_runner_x\\.venvs\\.venv-3.12.6\\Scripts\\python.exe -m mypy . --strict --no-warn-unused-configs --show-error-codes --warn-return-any --warn-unreachable --disallow-any-unimported --disallow-any-expr --disallow-any-decorated --disallow-any-explicit",
            "detail": {
                "cached": false,
                "cmd": [
                    "C:\\x_runner_x\\.venvs\\.venv-3.12.6\\Scripts\\python.exe",
                    "-m",
                    "mypy",
                    ".",
                    "--strict",
                    "--no-warn-unused-configs",
                    "--show-error-codes",
                    "--warn-return-any",
                    "--warn-unreachable",
                    "--disallow-any-unimported",
                    "--disallow-any-expr",
                    "--disallow-any-decorated",
                    "--disallow-any-explicit"
                ],
                "cmd_display": "C:\\x_runner_x\\.venvs\\.venv-3.12.6\\Scripts\\python.exe -m mypy . --strict --no-warn-unused-configs --show-error-codes --warn-return-any --warn-unreachable --disallow-any-unimported --disallow-any-expr --disallow-any-decorated --disallow-any-explicit",
                "cwd": "C:\\x_runner_x\\x_make_yahw_x",
                "duration_seconds": 0.7153800999949453,
                "ended_at": "2025-10-23T01:14:40.622892+00:00",
                "exit": 1,
                "failed_files": [],
                "files_checked": [
                    "__init__.py",
                    "json_contracts.py",
                    "tests/__init__.py",
                    "tests/conftest.py",
                    "tests/test_json_contracts.py",
                    "tests/test_main_json.py",
                    "tests/test_yahw.py",
                    "x_cls_make_yahw_x.py"
                ],
                "repo": "x_make_yahw_x",
                "repo_hash": "7bb99479e6cb6138f1a39bff08cd38a88fb166dc85e2399bd2bb2b4f1d47d609",
                "repo_path": "C:\\x_runner_x\\x_make_yahw_x",
                "started_at": "2025-10-23T01:14:39.909071+00:00",
                "stderr": "",
                "stdout": "x_cls_make_yahw_x.py:63: error: Expression type contains \"Any\" (has type \"type[ValidationError]\")  [misc]\nx_cls_make_yahw_x.py:101: error: Argument 1 to \"len\" has incompatible type \"object\"; expected \"Sized\"  [arg-type]\nx_cls_make_yahw_x.py:115: error: Expression type contains \"Any\" (has type \"type[ValidationError]\")  [misc]\nx_cls_make_yahw_x.py:143: error: Expression has type \"Any\"  [misc]\nx_cls_make_yahw_x.py:146: error: Expression has type \"Any\"  [misc]\nx_cls_make_yahw_x.py:146: error: Expression type contains \"Any\" (has type \"Any | None\")  [misc]\ntests\\test_json_contracts.py:24: error: Expression has type \"Any\"  [misc]\ntests\\test_json_contracts.py:26: error: Expression has type \"Any\"  [misc]\ntests\\test_json_contracts.py:28: error: Expression has type \"Any\"  [misc]\ntests\\test_json_contracts.py:30: error: Expression has type \"Any\"  [misc]\ntests\\test_json_contracts.py:31: error: Expression has type \"Any\"  [misc]\ntests\\test_json_contracts.py:32: error: Expression has type \"Any\"  [misc]\ntests\\test_main_json.py:10: error: Cannot find implementation or library stub for module named \"pytest\"  [import-not-found]\ntests\\test_main_json.py:10: note: See https://mypy.readthedocs.io/en/stable/running_mypy.html#missing-imports\ntests\\test_main_json.py:19: error: Argument 1 to \"test_main_json_success\" becomes \"Any\" due to an unfollowed import  [no-any-unimported]\ntests\\test_main_json.py:30: error: Expression has type \"Any\"  [misc]\ntests\\test_main_json.py:51: error: Expression type contains \"Any\" (has type \"type[SimpleNamespace]\")  [misc]\ntests\\test_main_json.py:52: error: Expression has type \"Any\"  [misc]\ntests\\test_main_json.py:53: error: Expression has type \"Any\"  [misc]\ntests\\test_main_json.py:56: error: Argument 1 to \"test_main_json_handles_runner_error\" becomes \"Any\" due to an unfollowed import  [no-any-unimported]\ntests\\test_main_json.py:61: error: Expression has type \"Any\"  [misc]\ntests\\test_yahw.py:11: error: Cannot find implementation or library stub for module named \"pytest\"  [import-not-found]\ntests\\test_yahw.py:17: error: Cannot find implementation or library stub for module named \"_pytest.capture\"  [import-not-found]\ntests\\test_yahw.py:18: error: Cannot find implementation or library stub for module named \"_pytest.monkeypatch\"  [import-not-found]\ntests\\test_yahw.py:29: error: Argument 1 to \"test_main_invokes_runner\" becomes \"Any\" due to an unfollowed import  [no-any-unimported]\ntests\\test_yahw.py:40: error: Expression has type \"Any\"  [misc]\ntests\\test_yahw.py:46: error: Argument 1 to \"test_module_entrypoint_requires_json\" becomes \"Any\" due to an unfollowed import  [no-any-unimported]\ntests\\test_yahw.py:46: error: Argument 2 to \"test_module_entrypoint_requires_json\" becomes \"Any\" due to an unfollowed import  [no-any-unimported]\ntests\\test_yahw.py:50: error: Expression type contains \"Any\" (has type \"Any | None\")  [misc]\ntests\\test_yahw.py:51: error: Expression type contains \"Any\" (has type \"Any | None\")  [misc]\ntests\\test_yahw.py:60: error: Expression has type \"Any\"  [misc]\ntests\\test_yahw.py:62: error: Expression has type \"Any\"  [misc]\ntests\\test_yahw.py:65: error: Expression has type \"Any\"  [misc]\ntests\\test_yahw.py:66: error: Expression has type \"Any\"  [misc]\ntests\\test_yahw.py:67: error: Expression has type \"Any\"  [misc]\nFound 34 errors in 4 files (checked 8 source files)\n",
                "tool": "mypy",
                "tool_module": "mypy",
                "tool_version": "mypy 1.18.2 (compiled: yes)"
            },
            "exit": "exit 1",
            "message": "mypy failed for x_make_yahw_x (exit 1)\ncwd: C:\\x_runner_x\\x_make_yahw_x\ncommand: C:\\x_runner_x\\.venvs\\.venv-3.12.6\\Scripts\\python.exe -m mypy . --strict --no-warn-unused-configs --show-error-codes --warn-return-any --warn-unreachable --disallow-any-unimported --disallow-any-expr --disallow-any-decorated --disallow-any-explicit\nstarted_at: 2025-10-23T01:14:39.909071+00:00\nduration: 0.715s\ntool_version: mypy 1.18.2 (compiled: yes)\nstdout:\nx_cls_make_yahw_x.py:63: error: Expression type contains \"Any\" (has type \"type[ValidationError]\")  [misc]\nx_cls_make_yahw_x.py:101: error: Argument 1 to \"len\" has incompatible type \"object\"; expected \"Sized\"  [arg-type]\nx_cls_make_yahw_x.py:115: error: Expression type contains \"Any\" (has type \"type[ValidationError]\")  [misc]\nx_cls_make_yahw_x.py:143: error: Expression has type \"Any\"  [misc]\nx_cls_make_yahw_x.py:146: error: Expression has type \"Any\"  [misc]\n\u2026\nstderr:\n<empty>",
            "repo": "x_make_yahw_x",
            "repo_path": "C:\\x_runner_x\\x_make_yahw_x",
            "stderr_preview": null,
            "stdout_preview": "x_cls_make_yahw_x.py:63: error: Expression type contains \"Any\" (has type \"type[ValidationError]\")  [misc]\nx_cls_make_yahw_x.py:101: error: Argument 1 to \"len\" has incompatible type \"object\"; expected \"Sized\"  [arg-type]\nx_cls_make_yahw_x.py:115: error: Expression type contains \"Any\" (has type \"type[ValidationError]\")  [misc]\nx_cls_make_yahw_x.py:143: error: Expression has type \"Any\"  [misc]\nx_cls_make_yahw_x.py:146: error: Expression has type \"Any\"  [misc]\n\u2026",
            "suggested_action": "Investigate",
            "summary": "mypy failed for x_make_yahw_x (exit 1) cwd: C:\\x_runner_x\\x_make_yahw_x command: C:\\x_runner_x\\.venvs\\.venv-3.12.6\\Scripts\\python.exe -m mypy . --strict --no-warn-unused-configs --show-error-codes --warn-return-any --warn-unreachable --dis\u2026",
            "tool": "mypy",
            "tool_version": "mypy 1.18.2 (compiled: yes)"
        },
        {
            "captured_at": "2025-10-23T01:14:39.904186+00:00",
            "command": "C:\\x_runner_x\\.venvs\\.venv-3.12.6\\Scripts\\python.exe -m ruff check . --select ALL --ignore D,COM812,ISC001,T20 --line-length 88 --target-version py311",
            "detail": {
                "cached": false,
                "cmd": [
                    "C:\\x_runner_x\\.venvs\\.venv-3.12.6\\Scripts\\python.exe",
                    "-m",
                    "ruff",
                    "check",
                    ".",
                    "--select",
                    "ALL",
                    "--ignore",
                    "D,COM812,ISC001,T20",
                    "--line-length",
                    "88",
                    "--target-version",
                    "py311"
                ],
                "cmd_display": "C:\\x_runner_x\\.venvs\\.venv-3.12.6\\Scripts\\python.exe -m ruff check . --select ALL --ignore D,COM812,ISC001,T20 --line-length 88 --target-version py311",
                "cwd": "C:\\x_runner_x\\x_make_yahw_x",
                "duration_seconds": 0.14573309999832418,
                "ended_at": "2025-10-23T01:14:39.904186+00:00",
                "exit": 1,
                "failed_files": [],
                "files_checked": [
                    "__init__.py",
                    "json_contracts.py",
                    "tests/__init__.py",
                    "tests/conftest.py",
                    "tests/test_json_contracts.py",
                    "tests/test_main_json.py",
                    "tests/test_yahw.py",
                    "x_cls_make_yahw_x.py"
                ],
                "repo": "x_make_yahw_x",
                "repo_hash": "7bb99479e6cb6138f1a39bff08cd38a88fb166dc85e2399bd2bb2b4f1d47d609",
                "repo_path": "C:\\x_runner_x\\x_make_yahw_x",
                "started_at": "2025-10-23T01:14:39.758417+00:00",
                "stderr": "",
                "stdout": "S101 Use of `assert` detected\n  --> tests\\test_main_json.py:45:5\n   |\n43 |     validate_payload(result, OUTPUT_SCHEMA)\n44 |\n45 |     assert result[\"message\"] == \"Hello integration!\"\n   |     ^^^^^^\n46 |     metadata = cast(\"Mapping[str, object]\", result.get(\"metadata\", {}))\n47 |     assert metadata\n   |\n\nS101 Use of `assert` detected\n  --> tests\\test_main_json.py:47:5\n   |\n45 |     assert result[\"message\"] == \"Hello integration!\"\n46 |     metadata = cast(\"Mapping[str, object]\", result.get(\"metadata\", {}))\n47 |     assert metadata\n   |     ^^^^^^\n48 |     assert metadata.get(\"context_entries\") == 2\n49 |     assert metadata.get(\"context_keys\") == [\"attempt\", \"invoked_by\"]\n   |\n\nS101 Use of `assert` detected\n  --> tests\\test_main_json.py:48:5\n   |\n46 |     metadata = cast(\"Mapping[str, object]\", result.get(\"metadata\", {}))\n47 |     assert metadata\n48 |     assert metadata.get(\"context_entries\") == 2\n   |     ^^^^^^\n49 |     assert metadata.get(\"context_keys\") == [\"attempt\", \"invoked_by\"]\n50 |     ctx_obj = captured_context[\"ctx\"]\n   |\n\nPLR2004 Magic value used in comparison, consider replacing `2` with a constant variable\n  --> tests\\test_main_json.py:48:47\n   |\n46 |     metadata = cast(\"Mapping[str, object]\", result.get(\"metadata\", {}))\n47 |     assert metadata\n48 |     assert metadata.get(\"context_entries\") == 2\n   |                                               ^\n49 |     assert metadata.get(\"context_keys\") == [\"attempt\", \"invoked_by\"]\n50 |     ctx_obj = captured_context[\"ctx\"]\n   |\n\nS101 Use of `assert` detected\n  --> tests\\test_main_json.py:49:5\n   |\n47 |     assert metadata\n48 |     assert metadata.get(\"context_entries\") == 2\n49 |     assert metadata.get(\"context_keys\") == [\"attempt\", \"invoked_by\"]\n   |     ^^^^^^\n50 |     ctx_obj = captured_context[\"ctx\"]\n51 |     assert isinstance(ctx_obj, SimpleNamespace)\n   |\n\nS101 Use of `assert` detected\n  --> tests\\test_main_json.py:51:5\n   |\n49 |     assert metadata.get(\"context_keys\") == [\"attempt\", \"invoked_by\"]\n50 |     ctx_obj = captured_context[\"ctx\"]\n51 |     assert isinstance(ctx_obj, SimpleNamespace)\n   |     ^^^^^^\n52 |     assert ctx_obj.invoked_by == \"json-test\"\n53 |     assert ctx_obj.attempt == 3\n   |\n\nS101 Use of `assert` detected\n  --> tests\\test_main_json.py:52:5\n   |\n50 |     ctx_obj = captured_context[\"ctx\"]\n51 |     assert isinstance(ctx_obj, SimpleNamespace)\n52 |     assert ctx_obj.invoked_by == \"json-test\"\n   |     ^^^^^^\n53 |     assert ctx_obj.attempt == 3\n   |\n\nS101 Use of `assert` detected\n  --> tests\\test_main_json.py:53:5\n   |\n51 |     assert isinstance(ctx_obj, SimpleNamespace)\n52 |     assert ctx_obj.invoked_by == \"json-test\"\n53 |     assert ctx_obj.attempt == 3\n   |     ^^^^^^\n   |\n\nPLR2004 Magic value used in comparison, consider replacing `3` with a constant variable\n  --> tests\\test_main_json.py:53:31\n   |\n51 |     assert isinstance(ctx_obj, SimpleNamespace)\n52 |     assert ctx_obj.invoked_by == \"json-test\"\n53 |     assert ctx_obj.attempt == 3\n   |                               ^\n   |\n\nEM101 Exception must not use a string literal, assign to variable first\n  --> tests\\test_main_json.py:59:32\n   |\n57 |     class FailingRunner(XClsMakeYahwX):\n58 |         def run(self) -> str:\n59 |             raise RuntimeError(\"boom\")\n   |                                ^^^^^^\n60 |\n61 |     monkeypatch.setattr(yahw_module, \"XClsMakeYahwX\", FailingRunner)\n   |\nhelp: Assign to variable; remove string literal\n\nS101 Use of `assert` detected\n  --> tests\\test_main_json.py:67:5\n   |\n66 |     validate_payload(result, ERROR_SCHEMA)\n67 |     assert result[\"status\"] == \"failure\"\n   |     ^^^^^^\n68 |     details = cast(\"Mapping[str, object] | None\", result.get(\"details\"))\n69 |     assert details is not None and \"boom\" in str(details.get(\"error\"))\n   |\n\nS101 Use of `assert` detected\n  --> tests\\test_main_json.py:69:5\n   |\n67 |     assert result[\"status\"] == \"failure\"\n68 |     details = cast(\"Mapping[str, object] | None\", result.get(\"details\"))\n69 |     assert details is not None and \"boom\" in str(details.get(\"error\"))\n   |     ^^^^^^\n   |\n\nPT018 Assertion should be broken down into multiple parts\n  --> tests\\test_main_json.py:69:5\n   |\n67 |     assert result[\"status\"] == \"failure\"\n68 |     details = cast(\"Mapping[str, object] | None\", result.get(\"details\"))\n69 |     assert details is not None and \"boom\" in str(details.get(\"error\"))\n   |     ^^^^^^^^^^^^^^^^^^^^^^^^^^^^^^^^^^^^^^^^^^^^^^^^^^^^^^^^^^^^^^^^^^\n   |\nhelp: Break down assertion into multiple parts\n\nS101 Use of `assert` detected\n  --> tests\\test_main_json.py:75:5\n   |\n73 |     result = main_json({})\n74 |     validate_payload(result, ERROR_SCHEMA)\n75 |     assert result[\"status\"] == \"failure\"\n   |     ^^^^^^\n   |\n\nPLR2004 Magic value used in comparison, consider replacing `2` with a constant variable\n  --> tests\\test_yahw.py:65:34\n   |\n63 |         spec.loader.exec_module(module)\n64 |\n65 |     assert excinfo.value.code == 2\n   |                                  ^\n66 |     output = capsys.readouterr()\n67 |     assert \"JSON input required\" in output.err\n   |\n\nSLF001 Private member accessed: `_parent_ctx`\n  --> x_cls_make_yahw_x.py:54:9\n   |\n52 |     namespace = SimpleNamespace(**{str(key): value for key, value in overrides.items()})\n53 |     if ctx is not None:\n54 |         namespace._parent_ctx = ctx\n   |         ^^^^^^^^^^^^^^^^^^^^^\n55 |     return namespace\n   |\n\nSIM118 Use `key in dict` instead of `key in dict.keys()`\n   --> x_cls_make_yahw_x.py:100:56\n    |\n 98 |     metadata: dict[str, object] = {}\n 99 |     if context_mapping:\n100 |         metadata[\"context_keys\"] = sorted(str(key) for key in context_mapping.keys())\n    |                                                        ^^^^^^^^^^^^^^^^^^^^^^^^^^^^^\n101 |         metadata[\"context_entries\"] = len(metadata[\"context_keys\"])\n102 |     if runtime_ctx is not ctx and runtime_ctx is not None and ctx is not None:\n    |\nhelp: Remove `.keys()`\n\nFound 17 errors.\nNo fixes available (3 hidden fixes can be enabled with the `--unsafe-fixes` option).\n",
                "tool": "ruff_check",
                "tool_module": "ruff",
                "tool_version": "ruff 0.14.1"
            },
            "exit": "exit 1",
            "message": "ruff_check failed for x_make_yahw_x (exit 1)\ncwd: C:\\x_runner_x\\x_make_yahw_x\ncommand: C:\\x_runner_x\\.venvs\\.venv-3.12.6\\Scripts\\python.exe -m ruff check . --select ALL --ignore D,COM812,ISC001,T20 --line-length 88 --target-version py311\nstarted_at: 2025-10-23T01:14:39.758417+00:00\nduration: 0.146s\ntool_version: ruff 0.14.1\nstdout:\nS101 Use of `assert` detected\n  --> tests\\test_main_json.py:45:5\n   |\n43 |     validate_payload(result, OUTPUT_SCHEMA)\n44 |\n\u2026\nstderr:\n<empty>",
            "repo": "x_make_yahw_x",
            "repo_path": "C:\\x_runner_x\\x_make_yahw_x",
            "stderr_preview": null,
            "stdout_preview": "S101 Use of `assert` detected\n  --> tests\\test_main_json.py:45:5\n   |\n43 |     validate_payload(result, OUTPUT_SCHEMA)\n44 |\n\u2026",
            "suggested_action": "Investigate",
            "summary": "ruff_check failed for x_make_yahw_x (exit 1) cwd: C:\\x_runner_x\\x_make_yahw_x command: C:\\x_runner_x\\.venvs\\.venv-3.12.6\\Scripts\\python.exe -m ruff check . --select ALL --ignore D,COM812,ISC001,T20 --line-length 88 --target-version py311 s\u2026",
            "tool": "ruff_check",
            "tool_version": "ruff 0.14.1"
        },
        {
            "captured_at": "2025-10-23T01:14:38.436732+00:00",
            "command": "C:\\x_runner_x\\.venvs\\.venv-3.12.6\\Scripts\\python.exe -m ruff check . --fix --select ALL --ignore D,COM812,ISC001,T20 --line-length 88 --target-version py311",
            "detail": {
                "cached": false,
                "cmd": [
                    "C:\\x_runner_x\\.venvs\\.venv-3.12.6\\Scripts\\python.exe",
                    "-m",
                    "ruff",
                    "check",
                    ".",
                    "--fix",
                    "--select",
                    "ALL",
                    "--ignore",
                    "D,COM812,ISC001,T20",
                    "--line-length",
                    "88",
                    "--target-version",
                    "py311"
                ],
                "cmd_display": "C:\\x_runner_x\\.venvs\\.venv-3.12.6\\Scripts\\python.exe -m ruff check . --fix --select ALL --ignore D,COM812,ISC001,T20 --line-length 88 --target-version py311",
                "cwd": "C:\\x_runner_x\\x_make_yahw_x",
                "duration_seconds": 0.14814900000055786,
                "ended_at": "2025-10-23T01:14:38.436732+00:00",
                "exit": 1,
                "failed_files": [],
                "files_checked": [
                    "__init__.py",
                    "json_contracts.py",
                    "tests/__init__.py",
                    "tests/conftest.py",
                    "tests/test_json_contracts.py",
                    "tests/test_main_json.py",
                    "tests/test_yahw.py",
                    "x_cls_make_yahw_x.py"
                ],
                "repo": "x_make_yahw_x",
                "repo_hash": "7bb99479e6cb6138f1a39bff08cd38a88fb166dc85e2399bd2bb2b4f1d47d609",
                "repo_path": "C:\\x_runner_x\\x_make_yahw_x",
                "started_at": "2025-10-23T01:14:38.290748+00:00",
                "stderr": "",
                "stdout": "S101 Use of `assert` detected\n  --> tests\\test_main_json.py:45:5\n   |\n43 |     validate_payload(result, OUTPUT_SCHEMA)\n44 |\n45 |     assert result[\"message\"] == \"Hello integration!\"\n   |     ^^^^^^\n46 |     metadata = cast(\"Mapping[str, object]\", result.get(\"metadata\", {}))\n47 |     assert metadata\n   |\n\nS101 Use of `assert` detected\n  --> tests\\test_main_json.py:47:5\n   |\n45 |     assert result[\"message\"] == \"Hello integration!\"\n46 |     metadata = cast(\"Mapping[str, object]\", result.get(\"metadata\", {}))\n47 |     assert metadata\n   |     ^^^^^^\n48 |     assert metadata.get(\"context_entries\") == 2\n49 |     assert metadata.get(\"context_keys\") == [\"attempt\", \"invoked_by\"]\n   |\n\nS101 Use of `assert` detected\n  --> tests\\test_main_json.py:48:5\n   |\n46 |     metadata = cast(\"Mapping[str, object]\", result.get(\"metadata\", {}))\n47 |     assert metadata\n48 |     assert metadata.get(\"context_entries\") == 2\n   |     ^^^^^^\n49 |     assert metadata.get(\"context_keys\") == [\"attempt\", \"invoked_by\"]\n50 |     ctx_obj = captured_context[\"ctx\"]\n   |\n\nPLR2004 Magic value used in comparison, consider replacing `2` with a constant variable\n  --> tests\\test_main_json.py:48:47\n   |\n46 |     metadata = cast(\"Mapping[str, object]\", result.get(\"metadata\", {}))\n47 |     assert metadata\n48 |     assert metadata.get(\"context_entries\") == 2\n   |                                               ^\n49 |     assert metadata.get(\"context_keys\") == [\"attempt\", \"invoked_by\"]\n50 |     ctx_obj = captured_context[\"ctx\"]\n   |\n\nS101 Use of `assert` detected\n  --> tests\\test_main_json.py:49:5\n   |\n47 |     assert metadata\n48 |     assert metadata.get(\"context_entries\") == 2\n49 |     assert metadata.get(\"context_keys\") == [\"attempt\", \"invoked_by\"]\n   |     ^^^^^^\n50 |     ctx_obj = captured_context[\"ctx\"]\n51 |     assert isinstance(ctx_obj, SimpleNamespace)\n   |\n\nS101 Use of `assert` detected\n  --> tests\\test_main_json.py:51:5\n   |\n49 |     assert metadata.get(\"context_keys\") == [\"attempt\", \"invoked_by\"]\n50 |     ctx_obj = captured_context[\"ctx\"]\n51 |     assert isinstance(ctx_obj, SimpleNamespace)\n   |     ^^^^^^\n52 |     assert ctx_obj.invoked_by == \"json-test\"\n53 |     assert ctx_obj.attempt == 3\n   |\n\nS101 Use of `assert` detected\n  --> tests\\test_main_json.py:52:5\n   |\n50 |     ctx_obj = captured_context[\"ctx\"]\n51 |     assert isinstance(ctx_obj, SimpleNamespace)\n52 |     assert ctx_obj.invoked_by == \"json-test\"\n   |     ^^^^^^\n53 |     assert ctx_obj.attempt == 3\n   |\n\nS101 Use of `assert` detected\n  --> tests\\test_main_json.py:53:5\n   |\n51 |     assert isinstance(ctx_obj, SimpleNamespace)\n52 |     assert ctx_obj.invoked_by == \"json-test\"\n53 |     assert ctx_obj.attempt == 3\n   |     ^^^^^^\n   |\n\nPLR2004 Magic value used in comparison, consider replacing `3` with a constant variable\n  --> tests\\test_main_json.py:53:31\n   |\n51 |     assert isinstance(ctx_obj, SimpleNamespace)\n52 |     assert ctx_obj.invoked_by == \"json-test\"\n53 |     assert ctx_obj.attempt == 3\n   |                               ^\n   |\n\nEM101 Exception must not use a string literal, assign to variable first\n  --> tests\\test_main_json.py:59:32\n   |\n57 |     class FailingRunner(XClsMakeYahwX):\n58 |         def run(self) -> str:\n59 |             raise RuntimeError(\"boom\")\n   |                                ^^^^^^\n60 |\n61 |     monkeypatch.setattr(yahw_module, \"XClsMakeYahwX\", FailingRunner)\n   |\nhelp: Assign to variable; remove string literal\n\nS101 Use of `assert` detected\n  --> tests\\test_main_json.py:67:5\n   |\n66 |     validate_payload(result, ERROR_SCHEMA)\n67 |     assert result[\"status\"] == \"failure\"\n   |     ^^^^^^\n68 |     details = cast(\"Mapping[str, object] | None\", result.get(\"details\"))\n69 |     assert details is not None and \"boom\" in str(details.get(\"error\"))\n   |\n\nS101 Use of `assert` detected\n  --> tests\\test_main_json.py:69:5\n   |\n67 |     assert result[\"status\"] == \"failure\"\n68 |     details = cast(\"Mapping[str, object] | None\", result.get(\"details\"))\n69 |     assert details is not None and \"boom\" in str(details.get(\"error\"))\n   |     ^^^^^^\n   |\n\nPT018 Assertion should be broken down into multiple parts\n  --> tests\\test_main_json.py:69:5\n   |\n67 |     assert result[\"status\"] == \"failure\"\n68 |     details = cast(\"Mapping[str, object] | None\", result.get(\"details\"))\n69 |     assert details is not None and \"boom\" in str(details.get(\"error\"))\n   |     ^^^^^^^^^^^^^^^^^^^^^^^^^^^^^^^^^^^^^^^^^^^^^^^^^^^^^^^^^^^^^^^^^^\n   |\nhelp: Break down assertion into multiple parts\n\nS101 Use of `assert` detected\n  --> tests\\test_main_json.py:75:5\n   |\n73 |     result = main_json({})\n74 |     validate_payload(result, ERROR_SCHEMA)\n75 |     assert result[\"status\"] == \"failure\"\n   |     ^^^^^^\n   |\n\nPLR2004 Magic value used in comparison, consider replacing `2` with a constant variable\n  --> tests\\test_yahw.py:65:34\n   |\n63 |         spec.loader.exec_module(module)\n64 |\n65 |     assert excinfo.value.code == 2\n   |                                  ^\n66 |     output = capsys.readouterr()\n67 |     assert \"JSON input required\" in output.err\n   |\n\nSLF001 Private member accessed: `_parent_ctx`\n  --> x_cls_make_yahw_x.py:54:9\n   |\n52 |     namespace = SimpleNamespace(**{str(key): value for key, value in overrides.items()})\n53 |     if ctx is not None:\n54 |         namespace._parent_ctx = ctx\n   |         ^^^^^^^^^^^^^^^^^^^^^\n55 |     return namespace\n   |\n\nSIM118 Use `key in dict` instead of `key in dict.keys()`\n   --> x_cls_make_yahw_x.py:100:56\n    |\n 98 |     metadata: dict[str, object] = {}\n 99 |     if context_mapping:\n100 |         metadata[\"context_keys\"] = sorted(str(key) for key in context_mapping.keys())\n    |                                                        ^^^^^^^^^^^^^^^^^^^^^^^^^^^^^\n101 |         metadata[\"context_entries\"] = len(metadata[\"context_keys\"])\n102 |     if runtime_ctx is not ctx and runtime_ctx is not None and ctx is not None:\n    |\nhelp: Remove `.keys()`\n\nFound 17 errors.\nNo fixes available (3 hidden fixes can be enabled with the `--unsafe-fixes` option).\n",
                "tool": "ruff_fix",
                "tool_module": "ruff",
                "tool_version": "ruff 0.14.1"
            },
            "exit": "exit 1",
            "message": "ruff_fix failed for x_make_yahw_x (exit 1)\ncwd: C:\\x_runner_x\\x_make_yahw_x\ncommand: C:\\x_runner_x\\.venvs\\.venv-3.12.6\\Scripts\\python.exe -m ruff check . --fix --select ALL --ignore D,COM812,ISC001,T20 --line-length 88 --target-version py311\nstarted_at: 2025-10-23T01:14:38.290748+00:00\nduration: 0.148s\ntool_version: ruff 0.14.1\nstdout:\nS101 Use of `assert` detected\n  --> tests\\test_main_json.py:45:5\n   |\n43 |     validate_payload(result, OUTPUT_SCHEMA)\n44 |\n\u2026\nstderr:\n<empty>",
            "repo": "x_make_yahw_x",
            "repo_path": "C:\\x_runner_x\\x_make_yahw_x",
            "stderr_preview": null,
            "stdout_preview": "S101 Use of `assert` detected\n  --> tests\\test_main_json.py:45:5\n   |\n43 |     validate_payload(result, OUTPUT_SCHEMA)\n44 |\n\u2026",
            "suggested_action": "Investigate",
            "summary": "ruff_fix failed for x_make_yahw_x (exit 1) cwd: C:\\x_runner_x\\x_make_yahw_x command: C:\\x_runner_x\\.venvs\\.venv-3.12.6\\Scripts\\python.exe -m ruff check . --fix --select ALL --ignore D,COM812,ISC001,T20 --line-length 88 --target-version py3\u2026",
            "tool": "ruff_fix",
            "tool_version": "ruff 0.14.1"
        }
    ],
    "generated_at": "2025-10-23T01:14:42.606870+00:00",
    "runtime": {
        "environment": {
            "PATH": "C:\\x_runner_x\\.venvs\\.venv-3.12.6\\Lib\\site-packages\\PySide6;C:\\windows\\system32;C:\\windows;C:\\windows\\System32\\Wbem;C:\\windows\\System32\\WindowsPowerShell\\v1.0\\;C:\\windows\\System32\\OpenSSH\\;C:\\Program Files\\Git\\cmd;C:\\Program Files\\HP\\HP One Agent;C:\\Users\\eye43\\AppData\\Local\\Programs\\Python\\Launcher\\;C:\\Users\\eye43\\AppData\\Local\\Programs\\Microsoft VS Code\\bin;C:\\x_runner_x\\tools\\node-v20.11.1-win-x64\\node-v20.11.1-win-x64;C:\\x_runner_x\\tools\\node-v20.11.1-win-x64\\node-v20.11.1-win-x64\\node_modules\\npm\\bin;C:\\Users\\eye43\\AppData\\Local\\Programs\\Python\\Python314\\Scripts;c:\\Users\\eye43\\.vscode\\extensions\\ms-python.debugpy-2025.14.1-win32-x64\\bundled\\scripts\\noConfigScripts;c:\\Users\\eye43\\AppData\\Roaming\\Code\\User\\globalStorage\\github.copilot-chat\\debugCommand"
        },
        "platform": "Windows-11-10.0.26100-SP0",
        "python_executable": "C:\\x_runner_x\\.venvs\\.venv-3.12.6\\Scripts\\python.exe",
        "python_version": "3.12.6 (main, Sep  9 2024, 20:50:27) [MSC v.1929 64 bit (AMD64)]",
        "run_completed_at": "2025-10-23T01:14:42.606870+00:00",
        "run_started_at": "2025-10-23T01:08:04.734315+00:00",
        "workspace_root": "C:\\x_runner_x"
    },
    "schema_version": "1.0",
    "summary": {
        "overall_stats": {
            "cache_hits": 7,
            "cache_misses": 68,
            "failed_tools": 32,
            "had_failures": true,
            "total_tools_run": 75
        },
        "repos": {
            "x_0_make_all_x": {
                "cached": 0,
                "failed": 1,
                "repo_hash": "242bba145501b0a121499b4550a693de049081e0169f59000109605fcd446d63",
                "tools": {
                    "black": {
                        "cached": false,
                        "exit": 0,
                        "timed_out": false
                    },
                    "mypy": {
                        "cached": false,
                        "exit": 0,
                        "timed_out": false
                    },
                    "pyright": {
                        "cached": false,
                        "exit": 3221225786,
                        "timed_out": false
                    },
                    "ruff_check": {
                        "cached": false,
                        "exit": 0,
                        "timed_out": false
                    },
                    "ruff_fix": {
                        "cached": false,
                        "exit": 0,
                        "timed_out": false
                    }
                }
            },
            "x_legatus_acta_schedae_x": {
                "cached": 5,
                "failed": 0,
                "repo_hash": "5622d533da4173b943e2e6bace9918c28abcbda74ea1631c4552674a1de6d15d",
                "tools": {
                    "black": {
                        "cached": true,
                        "exit": 0,
                        "timed_out": false
                    },
                    "mypy": {
                        "cached": true,
                        "exit": 0,
                        "timed_out": false
                    },
                    "pyright": {
                        "cached": true,
                        "exit": 0,
                        "timed_out": false
                    },
                    "ruff_check": {
                        "cached": true,
                        "exit": 0,
                        "timed_out": false
                    },
                    "ruff_fix": {
                        "cached": true,
                        "exit": 0,
                        "timed_out": false
                    }
                }
            },
            "x_legatus_tactica_impetus_x": {
                "cached": 2,
                "failed": 0,
                "repo_hash": "9fe8fa5da6bb7971aae3acb28f1cc21b176c9c0916997a30407b350986bb270b",
                "tools": {
                    "black": {
                        "cached": false,
                        "exit": 0,
                        "timed_out": false
                    },
                    "mypy": {
                        "cached": false,
                        "exit": 0,
                        "timed_out": false
                    },
                    "pyright": {
                        "cached": false,
                        "exit": 0,
                        "timed_out": false
                    },
                    "ruff_check": {
                        "cached": true,
                        "exit": 0,
                        "timed_out": false
                    },
                    "ruff_fix": {
                        "cached": true,
                        "exit": 0,
                        "timed_out": false
                    }
                }
            },
            "x_make_common_x": {
                "cached": 0,
                "failed": 1,
                "repo_hash": "53cb21ff8bd538fc876122f28950871cc7af69d726a72ed7d8684c89924663a4",
                "tools": {
                    "black": {
                        "cached": false,
                        "exit": 0,
                        "timed_out": false
                    },
                    "mypy": {
                        "cached": false,
                        "exit": 1,
                        "timed_out": false
                    },
                    "pyright": {
                        "cached": false,
                        "exit": 0,
                        "timed_out": false
                    },
                    "ruff_check": {
                        "cached": false,
                        "exit": 0,
                        "timed_out": false
                    },
                    "ruff_fix": {
                        "cached": false,
                        "exit": 0,
                        "timed_out": false
                    }
                }
            },
            "x_make_github_clones_x": {
                "cached": 0,
                "failed": 2,
                "repo_hash": "a356f836d60031bd9c95a0c09cd41ad5afe95a7c078aa5a676a89b9df7765a67",
                "tools": {
                    "black": {
                        "cached": false,
                        "exit": 0,
                        "timed_out": false
                    },
                    "mypy": {
                        "cached": false,
                        "exit": 1,
                        "timed_out": false
                    },
                    "pyright": {
                        "cached": false,
                        "exit": 1,
                        "timed_out": false
                    },
                    "ruff_check": {
                        "cached": false,
                        "exit": 0,
                        "timed_out": false
                    },
                    "ruff_fix": {
                        "cached": false,
                        "exit": 0,
                        "timed_out": false
                    }
                }
            },
            "x_make_github_visitor_x": {
                "cached": 0,
                "failed": 1,
                "repo_hash": "e4ff7ce6380be26dacdc138c0757def36dc30a72cda2b50057a98de805d70870",
                "tools": {
                    "black": {
                        "cached": false,
                        "exit": 0,
                        "timed_out": false
                    },
                    "mypy": {
                        "cached": false,
                        "exit": 1,
                        "timed_out": false
                    },
                    "pyright": {
                        "cached": false,
                        "exit": 0,
                        "timed_out": false
                    },
                    "ruff_check": {
                        "cached": false,
                        "exit": 0,
                        "timed_out": false
                    },
                    "ruff_fix": {
                        "cached": false,
                        "exit": 0,
                        "timed_out": false
                    }
                }
            },
            "x_make_graphviz_x": {
                "cached": 0,
                "failed": 1,
                "repo_hash": "a1f0c5e7b1e00f9628df542c6667bbc9f07ca6f99a2ce6a430e20d5e9e6b18e5",
                "tools": {
                    "black": {
                        "cached": false,
                        "exit": 0,
                        "timed_out": false
                    },
                    "mypy": {
                        "cached": false,
                        "exit": 1,
                        "timed_out": false
                    },
                    "pyright": {
                        "cached": false,
                        "exit": 0,
                        "timed_out": false
                    },
                    "ruff_check": {
                        "cached": false,
                        "exit": 0,
                        "timed_out": false
                    },
                    "ruff_fix": {
                        "cached": false,
                        "exit": 0,
                        "timed_out": false
                    }
                }
            },
            "x_make_markdown_x": {
                "cached": 0,
                "failed": 1,
                "repo_hash": "418f3794dd82810039ebd05f38a66560cef314e4edbce59b78bc5c0e95702639",
                "tools": {
                    "black": {
                        "cached": false,
                        "exit": 0,
                        "timed_out": false
                    },
                    "mypy": {
                        "cached": false,
                        "exit": 1,
                        "timed_out": false
                    },
                    "pyright": {
                        "cached": false,
                        "exit": 0,
                        "timed_out": false
                    },
                    "ruff_check": {
                        "cached": false,
                        "exit": 0,
                        "timed_out": false
                    },
                    "ruff_fix": {
                        "cached": false,
                        "exit": 0,
                        "timed_out": false
                    }
                }
            },
            "x_make_mermaid_x": {
                "cached": 0,
                "failed": 4,
                "repo_hash": "118248e0effed9df41b7aae94cd7dad01ae18ac06071e651032c64d262efc28f",
                "tools": {
                    "black": {
                        "cached": false,
                        "exit": 1,
                        "timed_out": false
                    },
                    "mypy": {
                        "cached": false,
                        "exit": 1,
                        "timed_out": false
                    },
                    "pyright": {
                        "cached": false,
                        "exit": 0,
                        "timed_out": false
                    },
                    "ruff_check": {
                        "cached": false,
                        "exit": 1,
                        "timed_out": false
                    },
                    "ruff_fix": {
                        "cached": false,
                        "exit": 1,
                        "timed_out": false
                    }
                }
            },
            "x_make_persistent_env_var_x": {
                "cached": 0,
                "failed": 1,
                "repo_hash": "6f7ab471fdddef4bae422b8dd474a00b4a38c80839beb7b8a284320bbc10b1ec",
                "tools": {
                    "black": {
                        "cached": false,
                        "exit": 0,
                        "timed_out": false
                    },
                    "mypy": {
                        "cached": false,
                        "exit": 1,
                        "timed_out": false
                    },
                    "pyright": {
                        "cached": false,
                        "exit": 0,
                        "timed_out": false
                    },
                    "ruff_check": {
                        "cached": false,
                        "exit": 0,
                        "timed_out": false
                    },
                    "ruff_fix": {
                        "cached": false,
                        "exit": 0,
                        "timed_out": false
                    }
                }
            },
            "x_make_pip_updates_x": {
                "cached": 0,
                "failed": 4,
                "repo_hash": "055ed982587b898c6c98e0adc88301fe42c4edb622066908ce9a78c85fa8fad9",
                "tools": {
                    "black": {
                        "cached": false,
                        "exit": 1,
                        "timed_out": false
                    },
                    "mypy": {
                        "cached": false,
                        "exit": 1,
                        "timed_out": false
                    },
                    "pyright": {
                        "cached": false,
                        "exit": 0,
                        "timed_out": false
                    },
                    "ruff_check": {
                        "cached": false,
                        "exit": 1,
                        "timed_out": false
                    },
                    "ruff_fix": {
                        "cached": false,
                        "exit": 1,
                        "timed_out": false
                    }
                }
            },
            "x_make_py_mod_sideload_x": {
                "cached": 0,
                "failed": 4,
                "repo_hash": "bd13ae72b09532755015f50e840a0ed8911081ac633167ed46b3c2dafd85542c",
                "tools": {
                    "black": {
                        "cached": false,
                        "exit": 1,
                        "timed_out": false
                    },
                    "mypy": {
                        "cached": false,
                        "exit": 1,
                        "timed_out": false
                    },
                    "pyright": {
                        "cached": false,
                        "exit": 0,
                        "timed_out": false
                    },
                    "ruff_check": {
                        "cached": false,
                        "exit": 1,
                        "timed_out": false
                    },
                    "ruff_fix": {
                        "cached": false,
                        "exit": 1,
                        "timed_out": false
                    }
                }
            },
            "x_make_py_venv_x": {
                "cached": 0,
                "failed": 4,
                "repo_hash": "e0a5ce029bcaee7e282d7e83b574161ecfdf9a4717655efcc685bd6b3b3bb4fc",
                "tools": {
                    "black": {
                        "cached": false,
                        "exit": 1,
                        "timed_out": false
                    },
                    "mypy": {
                        "cached": false,
                        "exit": 1,
                        "timed_out": false
                    },
                    "pyright": {
                        "cached": false,
                        "exit": 0,
                        "timed_out": false
                    },
                    "ruff_check": {
                        "cached": false,
                        "exit": 1,
                        "timed_out": false
                    },
                    "ruff_fix": {
                        "cached": false,
                        "exit": 1,
                        "timed_out": false
                    }
                }
            },
            "x_make_pypi_x": {
                "cached": 0,
                "failed": 5,
                "repo_hash": "3ff100f02e7f245fb22eb9d844ab1fbc1fe1efec085edd97eb97e3b8a4fb72a7",
                "tools": {
                    "black": {
                        "cached": false,
                        "exit": 1,
                        "timed_out": false
                    },
                    "mypy": {
                        "cached": false,
                        "exit": 1,
                        "timed_out": false
                    },
                    "pyright": {
                        "cached": false,
                        "exit": 1,
                        "timed_out": false
                    },
                    "ruff_check": {
                        "cached": false,
                        "exit": 1,
                        "timed_out": false
                    },
                    "ruff_fix": {
                        "cached": false,
                        "exit": 1,
                        "timed_out": false
                    }
                }
            },
            "x_make_yahw_x": {
                "cached": 0,
                "failed": 3,
                "repo_hash": "7bb99479e6cb6138f1a39bff08cd38a88fb166dc85e2399bd2bb2b4f1d47d609",
                "tools": {
                    "black": {
                        "cached": false,
                        "exit": 0,
                        "timed_out": false
                    },
                    "mypy": {
                        "cached": false,
                        "exit": 1,
                        "timed_out": false
                    },
                    "pyright": {
                        "cached": false,
                        "exit": 0,
                        "timed_out": false
                    },
                    "ruff_check": {
                        "cached": false,
                        "exit": 1,
                        "timed_out": false
                    },
                    "ruff_fix": {
                        "cached": false,
                        "exit": 1,
                        "timed_out": false
                    }
                }
            }
        },
        "timestamp": "2025-10-23T01:14:42.606870+00:00",
        "total_repos": 15
    },
    "tool_versions": {
        "black": "python -m black, 25.9.0 (compiled: yes)\nPython (CPython) 3.12.6",
        "mypy": "mypy 1.18.2 (compiled: yes)",
        "pyright": "pyright 1.1.406",
        "ruff": "ruff 0.14.1"
    },
    "workspace_root": "C:\\x_runner_x"
}