{
    "failures": [
        {
            "captured_at": "2025-10-15T00:40:22.953982+00:00",
            "command": "C:\\x_runner_x\\x_make_yahw_x\\.venv\\Scripts\\python.exe -m black . --line-length 88 --target-version py311 --check --diff",
            "detail": {
                "cached": false,
                "cmd": [
                    "C:\\x_runner_x\\x_make_yahw_x\\.venv\\Scripts\\python.exe",
                    "-m",
                    "black",
                    ".",
                    "--line-length",
                    "88",
                    "--target-version",
                    "py311",
                    "--check",
                    "--diff"
                ],
                "cmd_display": "C:\\x_runner_x\\x_make_yahw_x\\.venv\\Scripts\\python.exe -m black . --line-length 88 --target-version py311 --check --diff",
                "cwd": "C:\\x_runner_x\\x_0_make_all_x",
                "duration_seconds": 2.0801551000913605,
                "ended_at": "2025-10-15T00:40:22.953982+00:00",
                "exit": 1,
                "failed_files": [],
                "files_checked": [
                    "__init__.py",
                    "forceit.py",
                    "interface/__init__.py",
                    "interface/gui/__init__.py",
                    "interface/gui/app.py",
                    "interface/gui/commit.py",
                    "interface/gui/tree.py",
                    "manifest.py",
                    "tests/__init__.py",
                    "tests/test_forceit.py",
                    "tests/test_gui_commit.py",
                    "tests/test_gui_exit_code.py",
                    "tests/test_gui_tree.py",
                    "tests/test_publish_manifest.py",
                    "x_cls_make_all_x.py"
                ],
                "repo": "x_0_make_all_x",
                "repo_hash": "c7f280e06b202d48cf55b586f21b87eedf2b3b75ae3ab752db96835b44a7987e",
                "repo_path": "C:\\x_runner_x\\x_0_make_all_x",
                "started_at": "2025-10-15T00:40:20.873832+00:00",
                "stderr": "would reformat C:\\x_runner_x\\x_0_make_all_x\\interface\\gui\\app.py\nwould reformat C:\\x_runner_x\\x_0_make_all_x\\x_cls_make_all_x.py\n\nOh no! \\U0001f4a5 \\U0001f494 \\U0001f4a5\n2 files would be reformatted, 13 files would be left unchanged.\n",
                "stdout": "--- C:\\x_runner_x\\x_0_make_all_x\\interface\\gui\\app.py\t2025-10-15 00:18:43.605911+00:00\n+++ C:\\x_runner_x\\x_0_make_all_x\\interface\\gui\\app.py\t2025-10-15 00:40:22.378814+00:00\n@@ -122,11 +122,10 @@\n class GuiExit:\n     \"\"\"Outcome metadata after the Qt event loop terminates.\"\"\"\n \n     exit_code: int\n     threads_joined: tuple[str, ...]\n-\n \n \n class CommitWorker(QtCore.QThread):\n     \"\"\"Background worker that stages and commits all repositories.\"\"\"\n \n@@ -253,11 +252,14 @@\n         discovered_rows: list[tuple[str, str]] = []\n         for node in nodes:\n             repo_name = node.name\n             repo_path = node.path\n             normalized_name = _normalize_repo_name(repo_name)\n-            if _allowed_repository_names and normalized_name not in _allowed_repository_names:\n+            if (\n+                _allowed_repository_names\n+                and normalized_name not in _allowed_repository_names\n+            ):\n                 continue\n             normalized_key = normalized_name.lower()\n             if normalized_key:\n                 self._normalized_repo_lookup.setdefault(normalized_key, repo_name)\n             self._normalized_repo_lookup.setdefault(repo_name.lower(), repo_name)\n@@ -410,11 +412,13 @@\n         normalized = self._normalize_repo_key(repo_identifier)\n         if not normalized:\n             return None\n         return self._normalized_repo_lookup.get(normalized)\n \n-    def _build_failure_lookup(self, payload: Mapping[str, object]) -> dict[tuple[str, str], str]:\n+    def _build_failure_lookup(\n+        self, payload: Mapping[str, object]\n+    ) -> dict[tuple[str, str], str]:\n         lookup: dict[tuple[str, str], str] = {}\n         failures_obj = payload.get(\"failures\")\n         if not isinstance(failures_obj, list):\n             return lookup\n         for entry in failures_obj:\n@@ -523,11 +527,13 @@\n             self.enqueue_log(\n                 f\"[summary] Applied cached statuses from {report_path.name} for \"\n                 f\"{applied} tool run(s).\"\n             )\n \n-    def _apply_telemetry_event(self, event: dict[str, object]) -> None:  # noqa: C901, PLR0911, PLR0912\n+    def _apply_telemetry_event(\n+        self, event: dict[str, object]\n+    ) -> None:  # noqa: C901, PLR0911, PLR0912\n         source = event.get(\"source\")\n         if source != \"visitor\":\n             return\n         details_obj = event.get(\"details\", {})\n         if not isinstance(details_obj, dict):\n--- C:\\x_runner_x\\x_0_make_all_x\\x_cls_make_all_x.py\t2025-10-14 23:06:48.118792+00:00\n+++ C:\\x_runner_x\\x_0_make_all_x\\x_cls_make_all_x.py\t2025-10-15 00:40:22.572430+00:00\n@@ -446,19 +446,16 @@\n         metadata: Mapping[str, object] | None = None,\n     ) -> None:\n         allowed_statuses = {column_id for column_id, _ in self._KANBAN_COLUMNS}\n         normalized_status = status if status in allowed_statuses else \"attention\"\n         normalized_messages = [\n-            str(msg).strip()\n-            for msg in (messages or [])\n-            if str(msg).strip()\n+            str(msg).strip() for msg in (messages or []) if str(msg).strip()\n         ]\n         metadata_mapping: dict[str, object] = {}\n         if metadata:\n             metadata_mapping = {\n-                str(key): self._json_ready(value)\n-                for key, value in metadata.items()\n+                str(key): self._json_ready(value) for key, value in metadata.items()\n             }\n         self._stage_results[stage_id] = {\n             \"id\": stage_id,\n             \"title\": title,\n             \"status\": normalized_status,\n@@ -855,11 +852,13 @@\n             \"report_path\": (\n                 str(visitor_result.report_path)\n                 if visitor_result and visitor_result.report_path\n                 else None\n             ),\n-            \"had_failures\": bool(visitor_result.had_failures) if visitor_result else False,\n+            \"had_failures\": (\n+                bool(visitor_result.had_failures) if visitor_result else False\n+            ),\n             \"skipped\": bool(visitor_result.skipped) if visitor_result else False,\n         }\n         if visitor_result and visitor_result.failure_messages:\n             metadata[\"failure_preview\"] = list(visitor_result.failure_messages[:5])\n \n@@ -917,13 +916,11 @@\n         publish_messages: list[str] = []\n         wait_results: dict[str, bool] = {}\n         try:\n             published_versions, published_artifacts = self.publish_all(cloner, ctx)\n         except Exception as exc:\n-            message = (\n-                str(exc).strip() or \"Publish step raised an unexpected error.\"\n-            )\n+            message = str(exc).strip() or \"Publish step raised an unexpected error.\"\n             self._record_stage(\n                 \"publishing\",\n                 title=\"Publish to PyPI\",\n                 status=\"blocked\",\n                 messages=[message],\n@@ -947,13 +944,11 @@\n                 if not (pkg_name and pkg_ver):\n                     continue\n                 success = wait_for_pypi_release(pkg_name, pkg_ver, timeout=120)\n                 wait_results[pkg_name] = success\n                 if success:\n-                    publish_messages.append(\n-                        f\"PyPI confirms {pkg_name}=={pkg_ver}.\"\n-                    )\n+                    publish_messages.append(f\"PyPI confirms {pkg_name}=={pkg_ver}.\")\n                 else:\n                     publish_messages.append(\n                         f\"PyPI availability pending for {pkg_name}=={pkg_ver}.\"\n                     )\n \n",
                "tool": "black",
                "tool_module": "black",
                "tool_version": "python -m black, 25.9.0 (compiled: yes)\nPython (CPython) 3.13.7"
            },
            "exit": "exit 1",
            "message": "black failed for x_0_make_all_x (exit 1)\ncwd: C:\\x_runner_x\\x_0_make_all_x\ncommand: C:\\x_runner_x\\x_make_yahw_x\\.venv\\Scripts\\python.exe -m black . --line-length 88 --target-version py311 --check --diff\nstarted_at: 2025-10-15T00:40:20.873832+00:00\nduration: 2.080s\ntool_version: python -m black, 25.9.0 (compiled: yes)\nPython (CPython) 3.13.7\nstdout:\n--- C:\\x_runner_x\\x_0_make_all_x\\interface\\gui\\app.py\t2025-10-15 00:18:43.605911+00:00\n+++ C:\\x_runner_x\\x_0_make_all_x\\interface\\gui\\app.py\t2025-10-15 00:40:22.378814+00:00\n@@ -122,11 +122,10 @@\n class GuiExit:\n     \"\"\"Outcome metadata after the Qt event loop terminates.\"\"\"\n\u2026\nstderr:\nwould reformat C:\\x_runner_x\\x_0_make_all_x\\interface\\gui\\app.py\nwould reformat C:\\x_runner_x\\x_0_make_all_x\\x_cls_make_all_x.py\n\nOh no! \\U0001f4a5 \\U0001f494 \\U0001f4a5\n2 files would be reformatted, 13 files would be left unchanged.",
            "repo": "x_0_make_all_x",
            "repo_path": "C:\\x_runner_x\\x_0_make_all_x",
            "stderr_preview": "would reformat C:\\x_runner_x\\x_0_make_all_x\\interface\\gui\\app.py\nwould reformat C:\\x_runner_x\\x_0_make_all_x\\x_cls_make_all_x.py\n\nOh no! \\U0001f4a5 \\U0001f494 \\U0001f4a5\n2 files would be reformatted, 13 files would be left unchanged.",
            "stdout_preview": "--- C:\\x_runner_x\\x_0_make_all_x\\interface\\gui\\app.py\t2025-10-15 00:18:43.605911+00:00\n+++ C:\\x_runner_x\\x_0_make_all_x\\interface\\gui\\app.py\t2025-10-15 00:40:22.378814+00:00\n@@ -122,11 +122,10 @@\n class GuiExit:\n     \"\"\"Outcome metadata after the Qt event loop terminates.\"\"\"\n\u2026",
            "suggested_action": "Investigate",
            "summary": "black failed for x_0_make_all_x (exit 1) cwd: C:\\x_runner_x\\x_0_make_all_x command: C:\\x_runner_x\\x_make_yahw_x\\.venv\\Scripts\\python.exe -m black . --line-length 88 --target-version py311 --check --diff started_at: 2025-10-15T00:40:20.8738\u2026",
            "tool": "black",
            "tool_version": "python -m black, 25.9.0 (compiled: yes)\nPython (CPython) 3.13.7"
        },
        {
            "captured_at": "2025-10-15T00:40:24.521202+00:00",
            "command": "C:\\x_runner_x\\x_make_yahw_x\\.venv\\Scripts\\python.exe -m mypy . --strict --no-warn-unused-configs --show-error-codes --warn-return-any --warn-unreachable --disallow-any-unimported --disallow-any-expr --disallow-any-decorated --disallow-any-explicit",
            "detail": {
                "cached": false,
                "cmd": [
                    "C:\\x_runner_x\\x_make_yahw_x\\.venv\\Scripts\\python.exe",
                    "-m",
                    "mypy",
                    ".",
                    "--strict",
                    "--no-warn-unused-configs",
                    "--show-error-codes",
                    "--warn-return-any",
                    "--warn-unreachable",
                    "--disallow-any-unimported",
                    "--disallow-any-expr",
                    "--disallow-any-decorated",
                    "--disallow-any-explicit"
                ],
                "cmd_display": "C:\\x_runner_x\\x_make_yahw_x\\.venv\\Scripts\\python.exe -m mypy . --strict --no-warn-unused-configs --show-error-codes --warn-return-any --warn-unreachable --disallow-any-unimported --disallow-any-expr --disallow-any-decorated --disallow-any-explicit",
                "cwd": "C:\\x_runner_x\\x_0_make_all_x",
                "duration_seconds": 1.308009700034745,
                "ended_at": "2025-10-15T00:40:24.521202+00:00",
                "exit": 1,
                "failed_files": [],
                "files_checked": [
                    "__init__.py",
                    "forceit.py",
                    "interface/__init__.py",
                    "interface/gui/__init__.py",
                    "interface/gui/app.py",
                    "interface/gui/commit.py",
                    "interface/gui/tree.py",
                    "manifest.py",
                    "tests/__init__.py",
                    "tests/test_forceit.py",
                    "tests/test_gui_commit.py",
                    "tests/test_gui_exit_code.py",
                    "tests/test_gui_tree.py",
                    "tests/test_publish_manifest.py",
                    "x_cls_make_all_x.py"
                ],
                "repo": "x_0_make_all_x",
                "repo_hash": "c7f280e06b202d48cf55b586f21b87eedf2b3b75ae3ab752db96835b44a7987e",
                "repo_path": "C:\\x_runner_x\\x_0_make_all_x",
                "started_at": "2025-10-15T00:40:23.213193+00:00",
                "stderr": "",
                "stdout": "manifest.py:266: error: Incompatible types in assignment (expression has type \"tuple[str, ...]\", variable has type \"tuple[str]\")  [assignment]\nx_cls_make_all_x.py:540: error: Name \"entry\" already defined on line 512  [no-redef]\nx_cls_make_all_x.py:540: error: Expression type contains \"Any\" (has type \"dict[Any, Any]\")  [misc]\nx_cls_make_all_x.py:547: error: Argument 1 to \"append\" of \"list\" has incompatible type \"dict[str, Collection[str]]\"; expected \"dict[str, object]\"  [arg-type]\nx_cls_make_all_x.py:547: note: \"dict\" is invariant -- see https://mypy.readthedocs.io/en/stable/common_issues.html#variance\nx_cls_make_all_x.py:547: note: Consider using \"Mapping\" instead, which is covariant in the value type\nx_cls_make_all_x.py:557: error: Incompatible types in assignment (expression has type \"dict[str, object]\", variable has type \"dict[str, Collection[str]]\")  [assignment]\nx_cls_make_all_x.py:581: error: Argument 1 to \"append\" of \"list\" has incompatible type \"dict[str, Collection[str]]\"; expected \"dict[str, object]\"  [arg-type]\nx_cls_make_all_x.py:581: note: \"dict\" is invariant -- see https://mypy.readthedocs.io/en/stable/common_issues.html#variance\nx_cls_make_all_x.py:581: note: Consider using \"Mapping\" instead, which is covariant in the value type\nx_cls_make_all_x.py:624: error: Returning Any from function declared to return \"dict[str, object] | None\"  [no-any-return]\nx_cls_make_all_x.py:624: error: Expression has type \"Any\"  [misc]\nFound 8 errors in 2 files (checked 15 source files)\n",
                "tool": "mypy",
                "tool_module": "mypy",
                "tool_version": "mypy 1.18.2 (compiled: yes)"
            },
            "exit": "exit 1",
            "message": "mypy failed for x_0_make_all_x (exit 1)\ncwd: C:\\x_runner_x\\x_0_make_all_x\ncommand: C:\\x_runner_x\\x_make_yahw_x\\.venv\\Scripts\\python.exe -m mypy . --strict --no-warn-unused-configs --show-error-codes --warn-return-any --warn-unreachable --disallow-any-unimported --disallow-any-expr --disallow-any-decorated --disallow-any-explicit\nstarted_at: 2025-10-15T00:40:23.213193+00:00\nduration: 1.308s\ntool_version: mypy 1.18.2 (compiled: yes)\nstdout:\nmanifest.py:266: error: Incompatible types in assignment (expression has type \"tuple[str, ...]\", variable has type \"tuple[str]\")  [assignment]\nx_cls_make_all_x.py:540: error: Name \"entry\" already defined on line 512  [no-redef]\nx_cls_make_all_x.py:540: error: Expression type contains \"Any\" (has type \"dict[Any, Any]\")  [misc]\nx_cls_make_all_x.py:547: error: Argument 1 to \"append\" of \"list\" has incompatible type \"dict[str, Collection[str]]\"; expected \"dict[str, object]\"  [arg-type]\nx_cls_make_all_x.py:547: note: \"dict\" is invariant -- see https://mypy.readthedocs.io/en/stable/common_issues.html#variance\n\u2026\nstderr:\n<empty>",
            "repo": "x_0_make_all_x",
            "repo_path": "C:\\x_runner_x\\x_0_make_all_x",
            "stderr_preview": null,
            "stdout_preview": "manifest.py:266: error: Incompatible types in assignment (expression has type \"tuple[str, ...]\", variable has type \"tuple[str]\")  [assignment]\nx_cls_make_all_x.py:540: error: Name \"entry\" already defined on line 512  [no-redef]\nx_cls_make_all_x.py:540: error: Expression type contains \"Any\" (has type \"dict[Any, Any]\")  [misc]\nx_cls_make_all_x.py:547: error: Argument 1 to \"append\" of \"list\" has incompatible type \"dict[str, Collection[str]]\"; expected \"dict[str, object]\"  [arg-type]\nx_cls_make_all_x.py:547: note: \"dict\" is invariant -- see https://mypy.readthedocs.io/en/stable/common_issues.html#variance\n\u2026",
            "suggested_action": "Investigate",
            "summary": "mypy failed for x_0_make_all_x (exit 1) cwd: C:\\x_runner_x\\x_0_make_all_x command: C:\\x_runner_x\\x_make_yahw_x\\.venv\\Scripts\\python.exe -m mypy . --strict --no-warn-unused-configs --show-error-codes --warn-return-any --warn-unreachable --d\u2026",
            "tool": "mypy",
            "tool_version": "mypy 1.18.2 (compiled: yes)"
        },
        {
            "captured_at": "2025-10-15T00:40:23.208494+00:00",
            "command": "C:\\x_runner_x\\x_make_yahw_x\\.venv\\Scripts\\python.exe -m ruff check . --select ALL --ignore D,COM812,ISC001,T20 --line-length 88 --target-version py311",
            "detail": {
                "cached": false,
                "cmd": [
                    "C:\\x_runner_x\\x_make_yahw_x\\.venv\\Scripts\\python.exe",
                    "-m",
                    "ruff",
                    "check",
                    ".",
                    "--select",
                    "ALL",
                    "--ignore",
                    "D,COM812,ISC001,T20",
                    "--line-length",
                    "88",
                    "--target-version",
                    "py311"
                ],
                "cmd_display": "C:\\x_runner_x\\x_make_yahw_x\\.venv\\Scripts\\python.exe -m ruff check . --select ALL --ignore D,COM812,ISC001,T20 --line-length 88 --target-version py311",
                "cwd": "C:\\x_runner_x\\x_0_make_all_x",
                "duration_seconds": 0.2497894000262022,
                "ended_at": "2025-10-15T00:40:23.208494+00:00",
                "exit": 1,
                "failed_files": [],
                "files_checked": [
                    "__init__.py",
                    "forceit.py",
                    "interface/__init__.py",
                    "interface/gui/__init__.py",
                    "interface/gui/app.py",
                    "interface/gui/commit.py",
                    "interface/gui/tree.py",
                    "manifest.py",
                    "tests/__init__.py",
                    "tests/test_forceit.py",
                    "tests/test_gui_commit.py",
                    "tests/test_gui_exit_code.py",
                    "tests/test_gui_tree.py",
                    "tests/test_publish_manifest.py",
                    "x_cls_make_all_x.py"
                ],
                "repo": "x_0_make_all_x",
                "repo_hash": "c7f280e06b202d48cf55b586f21b87eedf2b3b75ae3ab752db96835b44a7987e",
                "repo_path": "C:\\x_runner_x\\x_0_make_all_x",
                "started_at": "2025-10-15T00:40:22.958706+00:00",
                "stderr": "",
                "stdout": "TID252 Prefer absolute imports over relative imports from parent modules\n  --> interface\\gui\\app.py:18:1\n   |\n16 |   from x_make_common_x import register_listener\n17 |\n18 | / from ...manifest import (\n19 | |     ManifestLoadError,\n20 | |     load_manifest,\n21 | |     manifest_python_allowlist,\n22 | |     manifest_repository_names,\n23 | | )\n   | |_^\n24 |   from .commit import CommitResult, commit_all_repositories\n25 |   from .tree import build_repository_tree\n   |\nhelp: Replace relative imports from parent modules with absolute imports\n\nTID252 Prefer absolute imports over relative imports from parent modules\n  --> interface\\gui\\app.py:18:1\n   |\n16 |   from x_make_common_x import register_listener\n17 |\n18 | / from ...manifest import (\n19 | |     ManifestLoadError,\n20 | |     load_manifest,\n21 | |     manifest_python_allowlist,\n22 | |     manifest_repository_names,\n23 | | )\n   | |_^\n24 |   from .commit import CommitResult, commit_all_repositories\n25 |   from .tree import build_repository_tree\n   |\nhelp: Replace relative imports from parent modules with absolute imports\n\nTID252 Prefer absolute imports over relative imports from parent modules\n  --> interface\\gui\\app.py:18:1\n   |\n16 |   from x_make_common_x import register_listener\n17 |\n18 | / from ...manifest import (\n19 | |     ManifestLoadError,\n20 | |     load_manifest,\n21 | |     manifest_python_allowlist,\n22 | |     manifest_repository_names,\n23 | | )\n   | |_^\n24 |   from .commit import CommitResult, commit_all_repositories\n25 |   from .tree import build_repository_tree\n   |\nhelp: Replace relative imports from parent modules with absolute imports\n\nTID252 Prefer absolute imports over relative imports from parent modules\n  --> interface\\gui\\app.py:18:1\n   |\n16 |   from x_make_common_x import register_listener\n17 |\n18 | / from ...manifest import (\n19 | |     ManifestLoadError,\n20 | |     load_manifest,\n21 | |     manifest_python_allowlist,\n22 | |     manifest_repository_names,\n23 | | )\n   | |_^\n24 |   from .commit import CommitResult, commit_all_repositories\n25 |   from .tree import build_repository_tree\n   |\nhelp: Replace relative imports from parent modules with absolute imports\n\nE501 Line too long (94 > 88)\n   --> interface\\gui\\app.py:258:89\n    |\n256 |             repo_path = node.path\n257 |             normalized_name = _normalize_repo_name(repo_name)\n258 |             if _allowed_repository_names and normalized_name not in _allowed_repository_names:\n    |                                                                                         ^^^^^^\n259 |                 continue\n260 |             normalized_key = normalized_name.lower()\n    |\n\nRET504 Unnecessary assignment to `normalized` before `return` statement\n   --> interface\\gui\\app.py:336:16\n    |\n334 |             return \"\"\n335 |         normalized = _normalize_repo_name(value).lower()\n336 |         return normalized\n    |                ^^^^^^^^^^\n337 |\n338 |     def _set_cell_state(\n    |\nhelp: Remove unnecessary assignment\n\nE501 Line too long (97 > 88)\n   --> interface\\gui\\app.py:415:89\n    |\n413 |         return self._normalized_repo_lookup.get(normalized)\n414 |\n415 |     def _build_failure_lookup(self, payload: Mapping[str, object]) -> dict[tuple[str, str], str]:\n    |                                                                                         ^^^^^^^^^\n416 |         lookup: dict[tuple[str, str], str] = {}\n417 |         failures_obj = payload.get(\"failures\")\n    |\n\nC901 `_apply_summary_backfill` is too complex (25 > 10)\n   --> interface\\gui\\app.py:440:9\n    |\n438 |         return lookup\n439 |\n440 |     def _apply_summary_backfill(self) -> None:\n    |         ^^^^^^^^^^^^^^^^^^^^^^^\n441 |         report_path = self._find_latest_visitor_report()\n442 |         if report_path is None:\n    |\n\nPLR0912 Too many branches (25 > 12)\n   --> interface\\gui\\app.py:440:9\n    |\n438 |         return lookup\n439 |\n440 |     def _apply_summary_backfill(self) -> None:\n    |         ^^^^^^^^^^^^^^^^^^^^^^^\n441 |         report_path = self._find_latest_visitor_report()\n442 |         if report_path is None:\n    |\n\nPLR0915 Too many statements (73 > 50)\n   --> interface\\gui\\app.py:440:9\n    |\n438 |         return lookup\n439 |\n440 |     def _apply_summary_backfill(self) -> None:\n    |         ^^^^^^^^^^^^^^^^^^^^^^^\n441 |         report_path = self._find_latest_visitor_report()\n442 |         if report_path is None:\n    |\n\nC901 `manifest_python_allowlist` is too complex (14 > 10)\n   --> manifest.py:232:5\n    |\n232 | def manifest_python_allowlist(\n    |     ^^^^^^^^^^^^^^^^^^^^^^^^^\n233 |     entries: Sequence[ManifestEntry],\n234 | ) -> dict[str, tuple[str, ...]]:\n    |\n\nC901 `generate_run_summary` is too complex (14 > 10)\n   --> x_cls_make_all_x.py:507:9\n    |\n505 |         return Path(__file__).resolve().parent / \"reports\"\n506 |\n507 |     def generate_run_summary(self) -> dict[str, object]:\n    |         ^^^^^^^^^^^^^^^^^^^^\n508 |         stage_entries: list[dict[str, object]] = []\n509 |         for stage_id, default_title in self._KANBAN_STAGE_TEMPLATES:\n    |\n\nPLR0912 Too many branches (17 > 12)\n   --> x_cls_make_all_x.py:507:9\n    |\n505 |         return Path(__file__).resolve().parent / \"reports\"\n506 |\n507 |     def generate_run_summary(self) -> dict[str, object]:\n    |         ^^^^^^^^^^^^^^^^^^^^\n508 |         stage_entries: list[dict[str, object]] = []\n509 |         for stage_id, default_title in self._KANBAN_STAGE_TEMPLATES:\n    |\n\nC901 `clone_repos` is too complex (15 > 10)\n   --> x_cls_make_all_x.py:666:9\n    |\n665 |     # Step 3: clone repositories (moved logic from freestanding clone_repos)\n666 |     def clone_repos(self, ctx: OrchestratorContext | None) -> object:\n    |         ^^^^^^^^^^^\n667 |         options = self._cloner_options(ctx)\n668 |         metadata: dict[str, object] = {\n    |\n\nPLR0912 Too many branches (17 > 12)\n   --> x_cls_make_all_x.py:666:9\n    |\n665 |     # Step 3: clone repositories (moved logic from freestanding clone_repos)\n666 |     def clone_repos(self, ctx: OrchestratorContext | None) -> object:\n    |         ^^^^^^^^^^^\n667 |         options = self._cloner_options(ctx)\n668 |         metadata: dict[str, object] = {\n    |\n\nPLR0915 Too many statements (69 > 50)\n   --> x_cls_make_all_x.py:666:9\n    |\n665 |     # Step 3: clone repositories (moved logic from freestanding clone_repos)\n666 |     def clone_repos(self, ctx: OrchestratorContext | None) -> object:\n    |         ^^^^^^^^^^^\n667 |         options = self._cloner_options(ctx)\n668 |         metadata: dict[str, object] = {\n    |\n\nE501 Line too long (90 > 88)\n   --> x_cls_make_all_x.py:754:89\n    |\n752 |                         callable_attr()\n753 |                         stage_messages.append(\n754 |                             f\"Invoked cloner.{method_name}() without positional overrides\"\n    |                                                                                         ^^\n755 |                         )\n756 |                     except (\n    |\n\nE501 Line too long (91 > 88)\n   --> x_cls_make_all_x.py:765:89\n    |\n763 |                         _error(\"Cloner run failed:\", err)\n764 |                         stage_messages.append(\n765 |                             f\"cloner.{method_name}() reported an error: {entrypoint_error}\"\n    |                                                                                         ^^^\n766 |                         )\n767 |                     break\n    |\n\nE501 Line too long (91 > 88)\n   --> x_cls_make_all_x.py:860:89\n    |\n858 |                 else None\n859 |             ),\n860 |             \"had_failures\": bool(visitor_result.had_failures) if visitor_result else False,\n    |                                                                                         ^^^\n861 |             \"skipped\": bool(visitor_result.skipped) if visitor_result else False,\n862 |         }\n    |\n\nC901 `_launch_command_center` is too complex (11 > 10)\n    --> x_cls_make_all_x.py:1112:5\n     |\n1112 | def _launch_command_center(orchestrator: MakeAllOrchestrator) -> None:\n     |     ^^^^^^^^^^^^^^^^^^^^^^\n1113 |     summary_path = orchestrator.summary_path\n1114 |     if summary_path is None:\n     |\n\nFound 20 errors.\nNo fixes available (5 hidden fixes can be enabled with the `--unsafe-fixes` option).\n",
                "tool": "ruff_check",
                "tool_module": "ruff",
                "tool_version": "ruff 0.14.0"
            },
            "exit": "exit 1",
            "message": "ruff_check failed for x_0_make_all_x (exit 1)\ncwd: C:\\x_runner_x\\x_0_make_all_x\ncommand: C:\\x_runner_x\\x_make_yahw_x\\.venv\\Scripts\\python.exe -m ruff check . --select ALL --ignore D,COM812,ISC001,T20 --line-length 88 --target-version py311\nstarted_at: 2025-10-15T00:40:22.958706+00:00\nduration: 0.250s\ntool_version: ruff 0.14.0\nstdout:\nTID252 Prefer absolute imports over relative imports from parent modules\n  --> interface\\gui\\app.py:18:1\n   |\n16 |   from x_make_common_x import register_listener\n17 |\n\u2026\nstderr:\n<empty>",
            "repo": "x_0_make_all_x",
            "repo_path": "C:\\x_runner_x\\x_0_make_all_x",
            "stderr_preview": null,
            "stdout_preview": "TID252 Prefer absolute imports over relative imports from parent modules\n  --> interface\\gui\\app.py:18:1\n   |\n16 |   from x_make_common_x import register_listener\n17 |\n\u2026",
            "suggested_action": "Investigate",
            "summary": "ruff_check failed for x_0_make_all_x (exit 1) cwd: C:\\x_runner_x\\x_0_make_all_x command: C:\\x_runner_x\\x_make_yahw_x\\.venv\\Scripts\\python.exe -m ruff check . --select ALL --ignore D,COM812,ISC001,T20 --line-length 88 --target-version py311\u2026",
            "tool": "ruff_check",
            "tool_version": "ruff 0.14.0"
        },
        {
            "captured_at": "2025-10-15T00:40:20.868922+00:00",
            "command": "C:\\x_runner_x\\x_make_yahw_x\\.venv\\Scripts\\python.exe -m ruff check . --fix --select ALL --ignore D,COM812,ISC001,T20 --line-length 88 --target-version py311",
            "detail": {
                "cached": false,
                "cmd": [
                    "C:\\x_runner_x\\x_make_yahw_x\\.venv\\Scripts\\python.exe",
                    "-m",
                    "ruff",
                    "check",
                    ".",
                    "--fix",
                    "--select",
                    "ALL",
                    "--ignore",
                    "D,COM812,ISC001,T20",
                    "--line-length",
                    "88",
                    "--target-version",
                    "py311"
                ],
                "cmd_display": "C:\\x_runner_x\\x_make_yahw_x\\.venv\\Scripts\\python.exe -m ruff check . --fix --select ALL --ignore D,COM812,ISC001,T20 --line-length 88 --target-version py311",
                "cwd": "C:\\x_runner_x\\x_0_make_all_x",
                "duration_seconds": 0.25601099990308285,
                "ended_at": "2025-10-15T00:40:20.868922+00:00",
                "exit": 1,
                "failed_files": [],
                "files_checked": [
                    "__init__.py",
                    "forceit.py",
                    "interface/__init__.py",
                    "interface/gui/__init__.py",
                    "interface/gui/app.py",
                    "interface/gui/commit.py",
                    "interface/gui/tree.py",
                    "manifest.py",
                    "tests/__init__.py",
                    "tests/test_forceit.py",
                    "tests/test_gui_commit.py",
                    "tests/test_gui_exit_code.py",
                    "tests/test_gui_tree.py",
                    "tests/test_publish_manifest.py",
                    "x_cls_make_all_x.py"
                ],
                "repo": "x_0_make_all_x",
                "repo_hash": "c7f280e06b202d48cf55b586f21b87eedf2b3b75ae3ab752db96835b44a7987e",
                "repo_path": "C:\\x_runner_x\\x_0_make_all_x",
                "started_at": "2025-10-15T00:40:20.612912+00:00",
                "stderr": "",
                "stdout": "TID252 Prefer absolute imports over relative imports from parent modules\n  --> interface\\gui\\app.py:18:1\n   |\n16 |   from x_make_common_x import register_listener\n17 |\n18 | / from ...manifest import (\n19 | |     ManifestLoadError,\n20 | |     load_manifest,\n21 | |     manifest_python_allowlist,\n22 | |     manifest_repository_names,\n23 | | )\n   | |_^\n24 |   from .commit import CommitResult, commit_all_repositories\n25 |   from .tree import build_repository_tree\n   |\nhelp: Replace relative imports from parent modules with absolute imports\n\nTID252 Prefer absolute imports over relative imports from parent modules\n  --> interface\\gui\\app.py:18:1\n   |\n16 |   from x_make_common_x import register_listener\n17 |\n18 | / from ...manifest import (\n19 | |     ManifestLoadError,\n20 | |     load_manifest,\n21 | |     manifest_python_allowlist,\n22 | |     manifest_repository_names,\n23 | | )\n   | |_^\n24 |   from .commit import CommitResult, commit_all_repositories\n25 |   from .tree import build_repository_tree\n   |\nhelp: Replace relative imports from parent modules with absolute imports\n\nTID252 Prefer absolute imports over relative imports from parent modules\n  --> interface\\gui\\app.py:18:1\n   |\n16 |   from x_make_common_x import register_listener\n17 |\n18 | / from ...manifest import (\n19 | |     ManifestLoadError,\n20 | |     load_manifest,\n21 | |     manifest_python_allowlist,\n22 | |     manifest_repository_names,\n23 | | )\n   | |_^\n24 |   from .commit import CommitResult, commit_all_repositories\n25 |   from .tree import build_repository_tree\n   |\nhelp: Replace relative imports from parent modules with absolute imports\n\nTID252 Prefer absolute imports over relative imports from parent modules\n  --> interface\\gui\\app.py:18:1\n   |\n16 |   from x_make_common_x import register_listener\n17 |\n18 | / from ...manifest import (\n19 | |     ManifestLoadError,\n20 | |     load_manifest,\n21 | |     manifest_python_allowlist,\n22 | |     manifest_repository_names,\n23 | | )\n   | |_^\n24 |   from .commit import CommitResult, commit_all_repositories\n25 |   from .tree import build_repository_tree\n   |\nhelp: Replace relative imports from parent modules with absolute imports\n\nE501 Line too long (94 > 88)\n   --> interface\\gui\\app.py:258:89\n    |\n256 |             repo_path = node.path\n257 |             normalized_name = _normalize_repo_name(repo_name)\n258 |             if _allowed_repository_names and normalized_name not in _allowed_repository_names:\n    |                                                                                         ^^^^^^\n259 |                 continue\n260 |             normalized_key = normalized_name.lower()\n    |\n\nRET504 Unnecessary assignment to `normalized` before `return` statement\n   --> interface\\gui\\app.py:336:16\n    |\n334 |             return \"\"\n335 |         normalized = _normalize_repo_name(value).lower()\n336 |         return normalized\n    |                ^^^^^^^^^^\n337 |\n338 |     def _set_cell_state(\n    |\nhelp: Remove unnecessary assignment\n\nE501 Line too long (97 > 88)\n   --> interface\\gui\\app.py:415:89\n    |\n413 |         return self._normalized_repo_lookup.get(normalized)\n414 |\n415 |     def _build_failure_lookup(self, payload: Mapping[str, object]) -> dict[tuple[str, str], str]:\n    |                                                                                         ^^^^^^^^^\n416 |         lookup: dict[tuple[str, str], str] = {}\n417 |         failures_obj = payload.get(\"failures\")\n    |\n\nC901 `_apply_summary_backfill` is too complex (25 > 10)\n   --> interface\\gui\\app.py:440:9\n    |\n438 |         return lookup\n439 |\n440 |     def _apply_summary_backfill(self) -> None:\n    |         ^^^^^^^^^^^^^^^^^^^^^^^\n441 |         report_path = self._find_latest_visitor_report()\n442 |         if report_path is None:\n    |\n\nPLR0912 Too many branches (25 > 12)\n   --> interface\\gui\\app.py:440:9\n    |\n438 |         return lookup\n439 |\n440 |     def _apply_summary_backfill(self) -> None:\n    |         ^^^^^^^^^^^^^^^^^^^^^^^\n441 |         report_path = self._find_latest_visitor_report()\n442 |         if report_path is None:\n    |\n\nPLR0915 Too many statements (73 > 50)\n   --> interface\\gui\\app.py:440:9\n    |\n438 |         return lookup\n439 |\n440 |     def _apply_summary_backfill(self) -> None:\n    |         ^^^^^^^^^^^^^^^^^^^^^^^\n441 |         report_path = self._find_latest_visitor_report()\n442 |         if report_path is None:\n    |\n\nC901 `manifest_python_allowlist` is too complex (14 > 10)\n   --> manifest.py:232:5\n    |\n232 | def manifest_python_allowlist(\n    |     ^^^^^^^^^^^^^^^^^^^^^^^^^\n233 |     entries: Sequence[ManifestEntry],\n234 | ) -> dict[str, tuple[str, ...]]:\n    |\n\nC901 `generate_run_summary` is too complex (14 > 10)\n   --> x_cls_make_all_x.py:507:9\n    |\n505 |         return Path(__file__).resolve().parent / \"reports\"\n506 |\n507 |     def generate_run_summary(self) -> dict[str, object]:\n    |         ^^^^^^^^^^^^^^^^^^^^\n508 |         stage_entries: list[dict[str, object]] = []\n509 |         for stage_id, default_title in self._KANBAN_STAGE_TEMPLATES:\n    |\n\nPLR0912 Too many branches (17 > 12)\n   --> x_cls_make_all_x.py:507:9\n    |\n505 |         return Path(__file__).resolve().parent / \"reports\"\n506 |\n507 |     def generate_run_summary(self) -> dict[str, object]:\n    |         ^^^^^^^^^^^^^^^^^^^^\n508 |         stage_entries: list[dict[str, object]] = []\n509 |         for stage_id, default_title in self._KANBAN_STAGE_TEMPLATES:\n    |\n\nC901 `clone_repos` is too complex (15 > 10)\n   --> x_cls_make_all_x.py:666:9\n    |\n665 |     # Step 3: clone repositories (moved logic from freestanding clone_repos)\n666 |     def clone_repos(self, ctx: OrchestratorContext | None) -> object:\n    |         ^^^^^^^^^^^\n667 |         options = self._cloner_options(ctx)\n668 |         metadata: dict[str, object] = {\n    |\n\nPLR0912 Too many branches (17 > 12)\n   --> x_cls_make_all_x.py:666:9\n    |\n665 |     # Step 3: clone repositories (moved logic from freestanding clone_repos)\n666 |     def clone_repos(self, ctx: OrchestratorContext | None) -> object:\n    |         ^^^^^^^^^^^\n667 |         options = self._cloner_options(ctx)\n668 |         metadata: dict[str, object] = {\n    |\n\nPLR0915 Too many statements (69 > 50)\n   --> x_cls_make_all_x.py:666:9\n    |\n665 |     # Step 3: clone repositories (moved logic from freestanding clone_repos)\n666 |     def clone_repos(self, ctx: OrchestratorContext | None) -> object:\n    |         ^^^^^^^^^^^\n667 |         options = self._cloner_options(ctx)\n668 |         metadata: dict[str, object] = {\n    |\n\nE501 Line too long (90 > 88)\n   --> x_cls_make_all_x.py:754:89\n    |\n752 |                         callable_attr()\n753 |                         stage_messages.append(\n754 |                             f\"Invoked cloner.{method_name}() without positional overrides\"\n    |                                                                                         ^^\n755 |                         )\n756 |                     except (\n    |\n\nE501 Line too long (91 > 88)\n   --> x_cls_make_all_x.py:765:89\n    |\n763 |                         _error(\"Cloner run failed:\", err)\n764 |                         stage_messages.append(\n765 |                             f\"cloner.{method_name}() reported an error: {entrypoint_error}\"\n    |                                                                                         ^^^\n766 |                         )\n767 |                     break\n    |\n\nE501 Line too long (91 > 88)\n   --> x_cls_make_all_x.py:860:89\n    |\n858 |                 else None\n859 |             ),\n860 |             \"had_failures\": bool(visitor_result.had_failures) if visitor_result else False,\n    |                                                                                         ^^^\n861 |             \"skipped\": bool(visitor_result.skipped) if visitor_result else False,\n862 |         }\n    |\n\nC901 `_launch_command_center` is too complex (11 > 10)\n    --> x_cls_make_all_x.py:1112:5\n     |\n1112 | def _launch_command_center(orchestrator: MakeAllOrchestrator) -> None:\n     |     ^^^^^^^^^^^^^^^^^^^^^^\n1113 |     summary_path = orchestrator.summary_path\n1114 |     if summary_path is None:\n     |\n\nFound 20 errors.\nNo fixes available (5 hidden fixes can be enabled with the `--unsafe-fixes` option).\n",
                "tool": "ruff_fix",
                "tool_module": "ruff",
                "tool_version": "ruff 0.14.0"
            },
            "exit": "exit 1",
            "message": "ruff_fix failed for x_0_make_all_x (exit 1)\ncwd: C:\\x_runner_x\\x_0_make_all_x\ncommand: C:\\x_runner_x\\x_make_yahw_x\\.venv\\Scripts\\python.exe -m ruff check . --fix --select ALL --ignore D,COM812,ISC001,T20 --line-length 88 --target-version py311\nstarted_at: 2025-10-15T00:40:20.612912+00:00\nduration: 0.256s\ntool_version: ruff 0.14.0\nstdout:\nTID252 Prefer absolute imports over relative imports from parent modules\n  --> interface\\gui\\app.py:18:1\n   |\n16 |   from x_make_common_x import register_listener\n17 |\n\u2026\nstderr:\n<empty>",
            "repo": "x_0_make_all_x",
            "repo_path": "C:\\x_runner_x\\x_0_make_all_x",
            "stderr_preview": null,
            "stdout_preview": "TID252 Prefer absolute imports over relative imports from parent modules\n  --> interface\\gui\\app.py:18:1\n   |\n16 |   from x_make_common_x import register_listener\n17 |\n\u2026",
            "suggested_action": "Investigate",
            "summary": "ruff_fix failed for x_0_make_all_x (exit 1) cwd: C:\\x_runner_x\\x_0_make_all_x command: C:\\x_runner_x\\x_make_yahw_x\\.venv\\Scripts\\python.exe -m ruff check . --fix --select ALL --ignore D,COM812,ISC001,T20 --line-length 88 --target-version p\u2026",
            "tool": "ruff_fix",
            "tool_version": "ruff 0.14.0"
        },
        {
            "captured_at": "2025-10-15T00:40:44.511571+00:00",
            "command": "C:\\x_runner_x\\x_make_yahw_x\\.venv\\Scripts\\python.exe -m mypy . --strict --no-warn-unused-configs --show-error-codes --warn-return-any --warn-unreachable --disallow-any-unimported --disallow-any-expr --disallow-any-decorated --disallow-any-explicit",
            "detail": {
                "cached": false,
                "cmd": [
                    "C:\\x_runner_x\\x_make_yahw_x\\.venv\\Scripts\\python.exe",
                    "-m",
                    "mypy",
                    ".",
                    "--strict",
                    "--no-warn-unused-configs",
                    "--show-error-codes",
                    "--warn-return-any",
                    "--warn-unreachable",
                    "--disallow-any-unimported",
                    "--disallow-any-expr",
                    "--disallow-any-decorated",
                    "--disallow-any-explicit"
                ],
                "cmd_display": "C:\\x_runner_x\\x_make_yahw_x\\.venv\\Scripts\\python.exe -m mypy . --strict --no-warn-unused-configs --show-error-codes --warn-return-any --warn-unreachable --disallow-any-unimported --disallow-any-expr --disallow-any-decorated --disallow-any-explicit",
                "cwd": "C:\\x_runner_x\\x_make_common_x",
                "duration_seconds": 0.8963452000170946,
                "ended_at": "2025-10-15T00:40:44.511571+00:00",
                "exit": 1,
                "failed_files": [],
                "files_checked": [
                    "__init__.py",
                    "json_board.py",
                    "telemetry.py",
                    "tests/__init__.py",
                    "tests/test_json_board.py",
                    "tests/test_subprocess_utils.py",
                    "tests/test_telemetry.py",
                    "x_env_x.py",
                    "x_http_client_x.py",
                    "x_logging_utils_x.py",
                    "x_subprocess_utils_x.py"
                ],
                "repo": "x_make_common_x",
                "repo_hash": "d4fadde820e748b3a0dfb2be7a40c4539b2a53b9230d0acaf3f2176adcfc2abb",
                "repo_path": "C:\\x_runner_x\\x_make_common_x",
                "started_at": "2025-10-15T00:40:43.615228+00:00",
                "stderr": "",
                "stdout": "json_board.py:111: error: Function \"x_make_common_x.json_board.BoardState.list\" is not valid as a type  [valid-type]\njson_board.py:111: note: Perhaps you need \"Callable[...]\" or a callback protocol?\njson_board.py:112: error: Expression type contains \"Any\" (has type \"Callable[[Any], Any]\")  [misc]\njson_board.py:112: error: Expression has type \"Any\"  [misc]\njson_board.py:119: error: Expression has type \"Any\"  [misc]\njson_board.py:120: error: Expression has type \"Any\"  [misc]\nFound 5 errors in 1 file (checked 11 source files)\n",
                "tool": "mypy",
                "tool_module": "mypy",
                "tool_version": "mypy 1.18.2 (compiled: yes)"
            },
            "exit": "exit 1",
            "message": "mypy failed for x_make_common_x (exit 1)\ncwd: C:\\x_runner_x\\x_make_common_x\ncommand: C:\\x_runner_x\\x_make_yahw_x\\.venv\\Scripts\\python.exe -m mypy . --strict --no-warn-unused-configs --show-error-codes --warn-return-any --warn-unreachable --disallow-any-unimported --disallow-any-expr --disallow-any-decorated --disallow-any-explicit\nstarted_at: 2025-10-15T00:40:43.615228+00:00\nduration: 0.896s\ntool_version: mypy 1.18.2 (compiled: yes)\nstdout:\njson_board.py:111: error: Function \"x_make_common_x.json_board.BoardState.list\" is not valid as a type  [valid-type]\njson_board.py:111: note: Perhaps you need \"Callable[...]\" or a callback protocol?\njson_board.py:112: error: Expression type contains \"Any\" (has type \"Callable[[Any], Any]\")  [misc]\njson_board.py:112: error: Expression has type \"Any\"  [misc]\njson_board.py:119: error: Expression has type \"Any\"  [misc]\n\u2026\nstderr:\n<empty>",
            "repo": "x_make_common_x",
            "repo_path": "C:\\x_runner_x\\x_make_common_x",
            "stderr_preview": null,
            "stdout_preview": "json_board.py:111: error: Function \"x_make_common_x.json_board.BoardState.list\" is not valid as a type  [valid-type]\njson_board.py:111: note: Perhaps you need \"Callable[...]\" or a callback protocol?\njson_board.py:112: error: Expression type contains \"Any\" (has type \"Callable[[Any], Any]\")  [misc]\njson_board.py:112: error: Expression has type \"Any\"  [misc]\njson_board.py:119: error: Expression has type \"Any\"  [misc]\n\u2026",
            "suggested_action": "Investigate",
            "summary": "mypy failed for x_make_common_x (exit 1) cwd: C:\\x_runner_x\\x_make_common_x command: C:\\x_runner_x\\x_make_yahw_x\\.venv\\Scripts\\python.exe -m mypy . --strict --no-warn-unused-configs --show-error-codes --warn-return-any --warn-unreachable -\u2026",
            "tool": "mypy",
            "tool_version": "mypy 1.18.2 (compiled: yes)"
        },
        {
            "captured_at": "2025-10-15T00:40:43.611523+00:00",
            "command": "C:\\x_runner_x\\x_make_yahw_x\\.venv\\Scripts\\python.exe -m ruff check . --select ALL --ignore D,COM812,ISC001,T20 --line-length 88 --target-version py311",
            "detail": {
                "cached": false,
                "cmd": [
                    "C:\\x_runner_x\\x_make_yahw_x\\.venv\\Scripts\\python.exe",
                    "-m",
                    "ruff",
                    "check",
                    ".",
                    "--select",
                    "ALL",
                    "--ignore",
                    "D,COM812,ISC001,T20",
                    "--line-length",
                    "88",
                    "--target-version",
                    "py311"
                ],
                "cmd_display": "C:\\x_runner_x\\x_make_yahw_x\\.venv\\Scripts\\python.exe -m ruff check . --select ALL --ignore D,COM812,ISC001,T20 --line-length 88 --target-version py311",
                "cwd": "C:\\x_runner_x\\x_make_common_x",
                "duration_seconds": 0.5915431999601424,
                "ended_at": "2025-10-15T00:40:43.611523+00:00",
                "exit": 1,
                "failed_files": [],
                "files_checked": [
                    "__init__.py",
                    "json_board.py",
                    "telemetry.py",
                    "tests/__init__.py",
                    "tests/test_json_board.py",
                    "tests/test_subprocess_utils.py",
                    "tests/test_telemetry.py",
                    "x_env_x.py",
                    "x_http_client_x.py",
                    "x_logging_utils_x.py",
                    "x_subprocess_utils_x.py"
                ],
                "repo": "x_make_common_x",
                "repo_hash": "d4fadde820e748b3a0dfb2be7a40c4539b2a53b9230d0acaf3f2176adcfc2abb",
                "repo_path": "C:\\x_runner_x\\x_make_common_x",
                "started_at": "2025-10-15T00:40:43.019982+00:00",
                "stderr": "",
                "stdout": "TC003 Move standard library import `pathlib.Path` into a type-checking block\n  --> json_board.py:10:21\n   |\n 8 | from dataclasses import dataclass, field\n 9 | from datetime import UTC, datetime\n10 | from pathlib import Path\n   |                     ^^^^\n11 | from typing import cast\n   |\nhelp: Move into type-checking block\n\nTRY004 Prefer `TypeError` exception for invalid type\n   --> json_board.py:122:9\n    |\n120 |     if not isinstance(payload_obj, list):\n121 |         msg = \"Board JSON must be a list of card objects\"\n122 |         raise ValueError(msg)\n    |         ^^^^^^^^^^^^^^^^^^^^^\n123 |     state = BoardState()\n124 |     payload_list = cast(\"list[object]\", payload_obj)\n    |\n\nTC003 Move standard library import `pathlib.Path` into a type-checking block\n --> tests\\test_json_board.py:4:21\n  |\n3 | from datetime import UTC, datetime\n4 | from pathlib import Path\n  |                     ^^^^\n5 |\n6 | import pytest\n  |\nhelp: Move into type-checking block\n\nS101 Use of `assert` detected\n  --> tests\\test_json_board.py:15:5\n   |\n13 |     record = CardRecord(card_id=\"chem-1\", title=\"Load JSON schema\", status=\"Backlog\")\n14 |     board.add(record)\n15 |     assert len(board.list()) == 1\n   |     ^^^^^^\n16 |\n17 |     updated = CardRecord(\n   |\n\nS101 Use of `assert` detected\n  --> tests\\test_json_board.py:27:5\n   |\n25 |     board.update(updated)\n26 |     stored = board.list()[0]\n27 |     assert stored.status == \"InProgress\"\n   |     ^^^^^^\n28 |     assert stored.description == \"Validating the samples\"\n   |\n\nS101 Use of `assert` detected\n  --> tests\\test_json_board.py:28:5\n   |\n26 |     stored = board.list()[0]\n27 |     assert stored.status == \"InProgress\"\n28 |     assert stored.description == \"Validating the samples\"\n   |     ^^^^^^\n29 |\n30 |     removed = board.remove(\"chem-1\")\n   |\n\nS101 Use of `assert` detected\n  --> tests\\test_json_board.py:31:5\n   |\n30 |     removed = board.remove(\"chem-1\")\n31 |     assert removed.card_id == \"chem-1\"\n   |     ^^^^^^\n32 |     assert board.list() == []\n   |\n\nS101 Use of `assert` detected\n  --> tests\\test_json_board.py:32:5\n   |\n30 |     removed = board.remove(\"chem-1\")\n31 |     assert removed.card_id == \"chem-1\"\n32 |     assert board.list() == []\n   |     ^^^^^^\n33 |\n34 |     save_board(tmp_path / \"board.json\", board)\n   |\n\nS101 Use of `assert` detected\n  --> tests\\test_json_board.py:36:5\n   |\n34 |     save_board(tmp_path / \"board.json\", board)\n35 |     reloaded = load_board(tmp_path / \"board.json\")\n36 |     assert reloaded.list() == []\n   |     ^^^^^^\n   |\n\nPT011 `pytest.raises(ValueError)` is too broad, set the `match` parameter or use a more specific exception\n  --> tests\\test_json_board.py:42:24\n   |\n40 |     path = tmp_path / \"broken.json\"\n41 |     path.write_text(\"{}\", encoding=\"utf-8\")\n42 |     with pytest.raises(ValueError):\n   |                        ^^^^^^^^^^\n43 |         load_board(path)\n   |\n\nFound 10 errors.\nNo fixes available (2 hidden fixes can be enabled with the `--unsafe-fixes` option).\n",
                "tool": "ruff_check",
                "tool_module": "ruff",
                "tool_version": "ruff 0.14.0"
            },
            "exit": "exit 1",
            "message": "ruff_check failed for x_make_common_x (exit 1)\ncwd: C:\\x_runner_x\\x_make_common_x\ncommand: C:\\x_runner_x\\x_make_yahw_x\\.venv\\Scripts\\python.exe -m ruff check . --select ALL --ignore D,COM812,ISC001,T20 --line-length 88 --target-version py311\nstarted_at: 2025-10-15T00:40:43.019982+00:00\nduration: 0.592s\ntool_version: ruff 0.14.0\nstdout:\nTC003 Move standard library import `pathlib.Path` into a type-checking block\n  --> json_board.py:10:21\n   |\n 8 | from dataclasses import dataclass, field\n 9 | from datetime import UTC, datetime\n\u2026\nstderr:\n<empty>",
            "repo": "x_make_common_x",
            "repo_path": "C:\\x_runner_x\\x_make_common_x",
            "stderr_preview": null,
            "stdout_preview": "TC003 Move standard library import `pathlib.Path` into a type-checking block\n  --> json_board.py:10:21\n   |\n 8 | from dataclasses import dataclass, field\n 9 | from datetime import UTC, datetime\n\u2026",
            "suggested_action": "Investigate",
            "summary": "ruff_check failed for x_make_common_x (exit 1) cwd: C:\\x_runner_x\\x_make_common_x command: C:\\x_runner_x\\x_make_yahw_x\\.venv\\Scripts\\python.exe -m ruff check . --select ALL --ignore D,COM812,ISC001,T20 --line-length 88 --target-version py3\u2026",
            "tool": "ruff_check",
            "tool_version": "ruff 0.14.0"
        },
        {
            "captured_at": "2025-10-15T00:40:41.567586+00:00",
            "command": "C:\\x_runner_x\\x_make_yahw_x\\.venv\\Scripts\\python.exe -m ruff check . --fix --select ALL --ignore D,COM812,ISC001,T20 --line-length 88 --target-version py311",
            "detail": {
                "cached": false,
                "cmd": [
                    "C:\\x_runner_x\\x_make_yahw_x\\.venv\\Scripts\\python.exe",
                    "-m",
                    "ruff",
                    "check",
                    ".",
                    "--fix",
                    "--select",
                    "ALL",
                    "--ignore",
                    "D,COM812,ISC001,T20",
                    "--line-length",
                    "88",
                    "--target-version",
                    "py311"
                ],
                "cmd_display": "C:\\x_runner_x\\x_make_yahw_x\\.venv\\Scripts\\python.exe -m ruff check . --fix --select ALL --ignore D,COM812,ISC001,T20 --line-length 88 --target-version py311",
                "cwd": "C:\\x_runner_x\\x_make_common_x",
                "duration_seconds": 0.26058120001107454,
                "ended_at": "2025-10-15T00:40:41.567586+00:00",
                "exit": 1,
                "failed_files": [],
                "files_checked": [
                    "__init__.py",
                    "json_board.py",
                    "telemetry.py",
                    "tests/__init__.py",
                    "tests/test_json_board.py",
                    "tests/test_subprocess_utils.py",
                    "tests/test_telemetry.py",
                    "x_env_x.py",
                    "x_http_client_x.py",
                    "x_logging_utils_x.py",
                    "x_subprocess_utils_x.py"
                ],
                "repo": "x_make_common_x",
                "repo_hash": "d4fadde820e748b3a0dfb2be7a40c4539b2a53b9230d0acaf3f2176adcfc2abb",
                "repo_path": "C:\\x_runner_x\\x_make_common_x",
                "started_at": "2025-10-15T00:40:41.307005+00:00",
                "stderr": "",
                "stdout": "TC003 Move standard library import `pathlib.Path` into a type-checking block\n  --> json_board.py:10:21\n   |\n 8 | from dataclasses import dataclass, field\n 9 | from datetime import UTC, datetime\n10 | from pathlib import Path\n   |                     ^^^^\n11 | from typing import cast\n   |\nhelp: Move into type-checking block\n\nTRY004 Prefer `TypeError` exception for invalid type\n   --> json_board.py:122:9\n    |\n120 |     if not isinstance(payload_obj, list):\n121 |         msg = \"Board JSON must be a list of card objects\"\n122 |         raise ValueError(msg)\n    |         ^^^^^^^^^^^^^^^^^^^^^\n123 |     state = BoardState()\n124 |     payload_list = cast(\"list[object]\", payload_obj)\n    |\n\nTC003 Move standard library import `pathlib.Path` into a type-checking block\n --> tests\\test_json_board.py:4:21\n  |\n3 | from datetime import UTC, datetime\n4 | from pathlib import Path\n  |                     ^^^^\n5 |\n6 | import pytest\n  |\nhelp: Move into type-checking block\n\nS101 Use of `assert` detected\n  --> tests\\test_json_board.py:15:5\n   |\n13 |     record = CardRecord(card_id=\"chem-1\", title=\"Load JSON schema\", status=\"Backlog\")\n14 |     board.add(record)\n15 |     assert len(board.list()) == 1\n   |     ^^^^^^\n16 |\n17 |     updated = CardRecord(\n   |\n\nS101 Use of `assert` detected\n  --> tests\\test_json_board.py:27:5\n   |\n25 |     board.update(updated)\n26 |     stored = board.list()[0]\n27 |     assert stored.status == \"InProgress\"\n   |     ^^^^^^\n28 |     assert stored.description == \"Validating the samples\"\n   |\n\nS101 Use of `assert` detected\n  --> tests\\test_json_board.py:28:5\n   |\n26 |     stored = board.list()[0]\n27 |     assert stored.status == \"InProgress\"\n28 |     assert stored.description == \"Validating the samples\"\n   |     ^^^^^^\n29 |\n30 |     removed = board.remove(\"chem-1\")\n   |\n\nS101 Use of `assert` detected\n  --> tests\\test_json_board.py:31:5\n   |\n30 |     removed = board.remove(\"chem-1\")\n31 |     assert removed.card_id == \"chem-1\"\n   |     ^^^^^^\n32 |     assert board.list() == []\n   |\n\nS101 Use of `assert` detected\n  --> tests\\test_json_board.py:32:5\n   |\n30 |     removed = board.remove(\"chem-1\")\n31 |     assert removed.card_id == \"chem-1\"\n32 |     assert board.list() == []\n   |     ^^^^^^\n33 |\n34 |     save_board(tmp_path / \"board.json\", board)\n   |\n\nS101 Use of `assert` detected\n  --> tests\\test_json_board.py:36:5\n   |\n34 |     save_board(tmp_path / \"board.json\", board)\n35 |     reloaded = load_board(tmp_path / \"board.json\")\n36 |     assert reloaded.list() == []\n   |     ^^^^^^\n   |\n\nPT011 `pytest.raises(ValueError)` is too broad, set the `match` parameter or use a more specific exception\n  --> tests\\test_json_board.py:42:24\n   |\n40 |     path = tmp_path / \"broken.json\"\n41 |     path.write_text(\"{}\", encoding=\"utf-8\")\n42 |     with pytest.raises(ValueError):\n   |                        ^^^^^^^^^^\n43 |         load_board(path)\n   |\n\nFound 10 errors.\nNo fixes available (2 hidden fixes can be enabled with the `--unsafe-fixes` option).\n",
                "tool": "ruff_fix",
                "tool_module": "ruff",
                "tool_version": "ruff 0.14.0"
            },
            "exit": "exit 1",
            "message": "ruff_fix failed for x_make_common_x (exit 1)\ncwd: C:\\x_runner_x\\x_make_common_x\ncommand: C:\\x_runner_x\\x_make_yahw_x\\.venv\\Scripts\\python.exe -m ruff check . --fix --select ALL --ignore D,COM812,ISC001,T20 --line-length 88 --target-version py311\nstarted_at: 2025-10-15T00:40:41.307005+00:00\nduration: 0.261s\ntool_version: ruff 0.14.0\nstdout:\nTC003 Move standard library import `pathlib.Path` into a type-checking block\n  --> json_board.py:10:21\n   |\n 8 | from dataclasses import dataclass, field\n 9 | from datetime import UTC, datetime\n\u2026\nstderr:\n<empty>",
            "repo": "x_make_common_x",
            "repo_path": "C:\\x_runner_x\\x_make_common_x",
            "stderr_preview": null,
            "stdout_preview": "TC003 Move standard library import `pathlib.Path` into a type-checking block\n  --> json_board.py:10:21\n   |\n 8 | from dataclasses import dataclass, field\n 9 | from datetime import UTC, datetime\n\u2026",
            "suggested_action": "Investigate",
            "summary": "ruff_fix failed for x_make_common_x (exit 1) cwd: C:\\x_runner_x\\x_make_common_x command: C:\\x_runner_x\\x_make_yahw_x\\.venv\\Scripts\\python.exe -m ruff check . --fix --select ALL --ignore D,COM812,ISC001,T20 --line-length 88 --target-version\u2026",
            "tool": "ruff_fix",
            "tool_version": "ruff 0.14.0"
        },
        {
            "captured_at": "2025-10-15T00:40:55.061800+00:00",
            "command": "C:\\x_runner_x\\x_make_yahw_x\\.venv\\Scripts\\python.exe -m black . --line-length 88 --target-version py311 --check --diff",
            "detail": {
                "cached": false,
                "cmd": [
                    "C:\\x_runner_x\\x_make_yahw_x\\.venv\\Scripts\\python.exe",
                    "-m",
                    "black",
                    ".",
                    "--line-length",
                    "88",
                    "--target-version",
                    "py311",
                    "--check",
                    "--diff"
                ],
                "cmd_display": "C:\\x_runner_x\\x_make_yahw_x\\.venv\\Scripts\\python.exe -m black . --line-length 88 --target-version py311 --check --diff",
                "cwd": "C:\\x_runner_x\\x_make_github_visitor_x",
                "duration_seconds": 2.2584639000706375,
                "ended_at": "2025-10-15T00:40:55.061800+00:00",
                "exit": 1,
                "failed_files": [],
                "files_checked": [
                    "inspection_flow.py",
                    "run_external.py",
                    "run_visitor_no_cache.py",
                    "tests/__init__.py",
                    "tests/test_github_visitor.py",
                    "x_cls_make_github_visitor_x.py"
                ],
                "repo": "x_make_github_visitor_x",
                "repo_hash": "92e9e6060aa2a54967b41eb6c62f0728a7fe0bdc1743da24e0e39778cc084287",
                "repo_path": "C:\\x_runner_x\\x_make_github_visitor_x",
                "started_at": "2025-10-15T00:40:52.803338+00:00",
                "stderr": "would reformat C:\\x_runner_x\\x_make_github_visitor_x\\x_cls_make_github_visitor_x.py\n\nOh no! \\U0001f4a5 \\U0001f494 \\U0001f4a5\n1 file would be reformatted, 5 files would be left unchanged.\n",
                "stdout": "--- C:\\x_runner_x\\x_make_github_visitor_x\\x_cls_make_github_visitor_x.py\t2025-10-15 00:35:11.860904+00:00\n+++ C:\\x_runner_x\\x_make_github_visitor_x\\x_cls_make_github_visitor_x.py\t2025-10-15 00:40:54.659132+00:00\n@@ -328,11 +328,14 @@\n                 # hidden or dunder directories (including caches)\n                 continue\n             if name in COMMON_CACHE_NAMES:\n                 continue\n             normalized_name = _normalize_repo_name(name)\n-            if self._allowed_repositories and normalized_name not in self._allowed_repositories:\n+            if (\n+                self._allowed_repositories\n+                and normalized_name not in self._allowed_repositories\n+            ):\n                 continue\n             # Only include directories that look like git clones (contain .git)\n             if not (p / \".git\").exists():\n                 # skip non-repo helper folders\n                 continue\n@@ -643,11 +646,13 @@\n                 if isinstance(file_name_obj, str) and file_name_obj:\n                     failed_files_for_event.append(file_name_obj)\n                     failure_entries.append(\n                         {\n                             \"file\": file_name_obj,\n-                            \"message\": message_obj if isinstance(message_obj, str) else \"\",\n+                            \"message\": (\n+                                message_obj if isinstance(message_obj, str) else \"\"\n+                            ),\n                         }\n                     )\n \n         files_for_event = list(files_checked)\n         if payload.status == \"failed\" and failed_files_for_event:\n",
                "tool": "black",
                "tool_module": "black",
                "tool_version": "python -m black, 25.9.0 (compiled: yes)\nPython (CPython) 3.13.7"
            },
            "exit": "exit 1",
            "message": "black failed for x_make_github_visitor_x (exit 1)\ncwd: C:\\x_runner_x\\x_make_github_visitor_x\ncommand: C:\\x_runner_x\\x_make_yahw_x\\.venv\\Scripts\\python.exe -m black . --line-length 88 --target-version py311 --check --diff\nstarted_at: 2025-10-15T00:40:52.803338+00:00\nduration: 2.258s\ntool_version: python -m black, 25.9.0 (compiled: yes)\nPython (CPython) 3.13.7\nstdout:\n--- C:\\x_runner_x\\x_make_github_visitor_x\\x_cls_make_github_visitor_x.py\t2025-10-15 00:35:11.860904+00:00\n+++ C:\\x_runner_x\\x_make_github_visitor_x\\x_cls_make_github_visitor_x.py\t2025-10-15 00:40:54.659132+00:00\n@@ -328,11 +328,14 @@\n                 # hidden or dunder directories (including caches)\n                 continue\n\u2026\nstderr:\nwould reformat C:\\x_runner_x\\x_make_github_visitor_x\\x_cls_make_github_visitor_x.py\n\nOh no! \\U0001f4a5 \\U0001f494 \\U0001f4a5\n1 file would be reformatted, 5 files would be left unchanged.",
            "repo": "x_make_github_visitor_x",
            "repo_path": "C:\\x_runner_x\\x_make_github_visitor_x",
            "stderr_preview": "would reformat C:\\x_runner_x\\x_make_github_visitor_x\\x_cls_make_github_visitor_x.py\n\nOh no! \\U0001f4a5 \\U0001f494 \\U0001f4a5\n1 file would be reformatted, 5 files would be left unchanged.",
            "stdout_preview": "--- C:\\x_runner_x\\x_make_github_visitor_x\\x_cls_make_github_visitor_x.py\t2025-10-15 00:35:11.860904+00:00\n+++ C:\\x_runner_x\\x_make_github_visitor_x\\x_cls_make_github_visitor_x.py\t2025-10-15 00:40:54.659132+00:00\n@@ -328,11 +328,14 @@\n                 # hidden or dunder directories (including caches)\n                 continue\n\u2026",
            "suggested_action": "Investigate",
            "summary": "black failed for x_make_github_visitor_x (exit 1) cwd: C:\\x_runner_x\\x_make_github_visitor_x command: C:\\x_runner_x\\x_make_yahw_x\\.venv\\Scripts\\python.exe -m black . --line-length 88 --target-version py311 --check --diff started_at: 2025-1\u2026",
            "tool": "black",
            "tool_version": "python -m black, 25.9.0 (compiled: yes)\nPython (CPython) 3.13.7"
        },
        {
            "captured_at": "2025-10-15T00:40:55.709066+00:00",
            "command": "C:\\x_runner_x\\x_make_yahw_x\\.venv\\Scripts\\python.exe -m mypy . --strict --no-warn-unused-configs --show-error-codes --warn-return-any --warn-unreachable --disallow-any-unimported --disallow-any-expr --disallow-any-decorated --disallow-any-explicit",
            "detail": {
                "cached": false,
                "cmd": [
                    "C:\\x_runner_x\\x_make_yahw_x\\.venv\\Scripts\\python.exe",
                    "-m",
                    "mypy",
                    ".",
                    "--strict",
                    "--no-warn-unused-configs",
                    "--show-error-codes",
                    "--warn-return-any",
                    "--warn-unreachable",
                    "--disallow-any-unimported",
                    "--disallow-any-expr",
                    "--disallow-any-decorated",
                    "--disallow-any-explicit"
                ],
                "cmd_display": "C:\\x_runner_x\\x_make_yahw_x\\.venv\\Scripts\\python.exe -m mypy . --strict --no-warn-unused-configs --show-error-codes --warn-return-any --warn-unreachable --disallow-any-unimported --disallow-any-expr --disallow-any-decorated --disallow-any-explicit",
                "cwd": "C:\\x_runner_x\\x_make_github_visitor_x",
                "duration_seconds": 0.3629160999553278,
                "ended_at": "2025-10-15T00:40:55.709066+00:00",
                "exit": 2,
                "failed_files": [],
                "files_checked": [
                    "inspection_flow.py",
                    "run_external.py",
                    "run_visitor_no_cache.py",
                    "tests/__init__.py",
                    "tests/test_github_visitor.py",
                    "x_cls_make_github_visitor_x.py"
                ],
                "repo": "x_make_github_visitor_x",
                "repo_hash": "92e9e6060aa2a54967b41eb6c62f0728a7fe0bdc1743da24e0e39778cc084287",
                "repo_path": "C:\\x_runner_x\\x_make_github_visitor_x",
                "started_at": "2025-10-15T00:40:55.346152+00:00",
                "stderr": "",
                "stdout": "x_cls_make_github_visitor_x.py: error: Source file found twice under different module names: \"x_cls_make_github_visitor_x\" and \"x_make_github_visitor_x.x_cls_make_github_visitor_x\"\nFound 1 error in 1 file (errors prevented further checking)\n",
                "tool": "mypy",
                "tool_module": "mypy",
                "tool_version": "mypy 1.18.2 (compiled: yes)"
            },
            "exit": "exit 2",
            "message": "mypy failed for x_make_github_visitor_x (exit 2)\ncwd: C:\\x_runner_x\\x_make_github_visitor_x\ncommand: C:\\x_runner_x\\x_make_yahw_x\\.venv\\Scripts\\python.exe -m mypy . --strict --no-warn-unused-configs --show-error-codes --warn-return-any --warn-unreachable --disallow-any-unimported --disallow-any-expr --disallow-any-decorated --disallow-any-explicit\nstarted_at: 2025-10-15T00:40:55.346152+00:00\nduration: 0.363s\ntool_version: mypy 1.18.2 (compiled: yes)\nstdout:\nx_cls_make_github_visitor_x.py: error: Source file found twice under different module names: \"x_cls_make_github_visitor_x\" and \"x_make_github_visitor_x.x_cls_make_github_visitor_x\"\nFound 1 error in 1 file (errors prevented further checking)\nstderr:\n<empty>",
            "repo": "x_make_github_visitor_x",
            "repo_path": "C:\\x_runner_x\\x_make_github_visitor_x",
            "stderr_preview": null,
            "stdout_preview": "x_cls_make_github_visitor_x.py: error: Source file found twice under different module names: \"x_cls_make_github_visitor_x\" and \"x_make_github_visitor_x.x_cls_make_github_visitor_x\"\nFound 1 error in 1 file (errors prevented further checking)",
            "suggested_action": "Investigate",
            "summary": "mypy failed for x_make_github_visitor_x (exit 2) cwd: C:\\x_runner_x\\x_make_github_visitor_x command: C:\\x_runner_x\\x_make_yahw_x\\.venv\\Scripts\\python.exe -m mypy . --strict --no-warn-unused-configs --show-error-codes --warn-return-any --wa\u2026",
            "tool": "mypy",
            "tool_version": "mypy 1.18.2 (compiled: yes)"
        },
        {
            "captured_at": "2025-10-15T00:40:55.342695+00:00",
            "command": "C:\\x_runner_x\\x_make_yahw_x\\.venv\\Scripts\\python.exe -m ruff check . --select ALL --ignore D,COM812,ISC001,T20 --line-length 88 --target-version py311",
            "detail": {
                "cached": false,
                "cmd": [
                    "C:\\x_runner_x\\x_make_yahw_x\\.venv\\Scripts\\python.exe",
                    "-m",
                    "ruff",
                    "check",
                    ".",
                    "--select",
                    "ALL",
                    "--ignore",
                    "D,COM812,ISC001,T20",
                    "--line-length",
                    "88",
                    "--target-version",
                    "py311"
                ],
                "cmd_display": "C:\\x_runner_x\\x_make_yahw_x\\.venv\\Scripts\\python.exe -m ruff check . --select ALL --ignore D,COM812,ISC001,T20 --line-length 88 --target-version py311",
                "cwd": "C:\\x_runner_x\\x_make_github_visitor_x",
                "duration_seconds": 0.27772020001430064,
                "ended_at": "2025-10-15T00:40:55.342695+00:00",
                "exit": 1,
                "failed_files": [],
                "files_checked": [
                    "inspection_flow.py",
                    "run_external.py",
                    "run_visitor_no_cache.py",
                    "tests/__init__.py",
                    "tests/test_github_visitor.py",
                    "x_cls_make_github_visitor_x.py"
                ],
                "repo": "x_make_github_visitor_x",
                "repo_hash": "92e9e6060aa2a54967b41eb6c62f0728a7fe0bdc1743da24e0e39778cc084287",
                "repo_path": "C:\\x_runner_x\\x_make_github_visitor_x",
                "started_at": "2025-10-15T00:40:55.064976+00:00",
                "stderr": "",
                "stdout": "E402 Module level import not at top of file\n  --> x_cls_make_github_visitor_x.py:35:1\n   |\n33 |         )\n34 |\n35 | from x_make_github_visitor_x.inspection_flow import VisitorRunResult\n   | ^^^^^^^^^^^^^^^^^^^^^^^^^^^^^^^^^^^^^^^^^^^^^^^^^^^^^^^^^^^^^^^^^^^^\n36 |\n37 | if TYPE_CHECKING:\n   |\n\nTC002 Move third-party import `x_4357_make_common_x.telemetry.JSONValue` into a type-checking block\n  --> x_cls_make_github_visitor_x.py:44:13\n   |\n42 |     except ModuleNotFoundError:  # pragma: no cover - only hit when using PyPI build\n43 |         from x_4357_make_common_x.telemetry import (\n44 |             JSONValue,  # type: ignore[attr-defined]\n   |             ^^^^^^^^^\n45 |         )\n   |\nhelp: Move into type-checking block\n\nPLR0913 Too many arguments in function definition (6 > 5)\n   --> x_cls_make_github_visitor_x.py:231:9\n    |\n230 | class x_cls_make_github_visitor_x:  # noqa: N801 - legacy naming retained for compatibility\n231 |     def __init__(\n    |         ^^^^^^^^\n232 |         self,\n233 |         root_dir: str | Path,\n    |\n\nC408 Unnecessary `tuple()` call (rewrite as a literal)\n   --> x_cls_make_github_visitor_x.py:291:50\n    |\n289 |         normalized_allowed = {\n290 |             normalized\n291 |             for repo in (allowed_repositories or tuple())\n    |                                                  ^^^^^^^\n292 |             for normalized in (_normalize_repo_name(repo),)\n293 |             if normalized\n    |\nhelp: Rewrite as a literal\n\nE501 Line too long (96 > 88)\n   --> x_cls_make_github_visitor_x.py:333:89\n    |\n331 |                 continue\n332 |             normalized_name = _normalize_repo_name(name)\n333 |             if self._allowed_repositories and normalized_name not in self._allowed_repositories:\n    |                                                                                         ^^^^^^^^\n334 |                 continue\n335 |             # Only include directories that look like git clones (contain .git)\n    |\n\nC901 `_emit_tool_event` is too complex (18 > 10)\n   --> x_cls_make_github_visitor_x.py:594:9\n    |\n592 |         return entries\n593 |\n594 |     def _emit_tool_event(self, payload: _ToolEventPayload) -> None:\n    |         ^^^^^^^^^^^^^^^^\n595 |         result = payload.result\n596 |         duration_value = result.get(\"duration_seconds\")\n    |\n\nPLR0912 Too many branches (19 > 12)\n   --> x_cls_make_github_visitor_x.py:594:9\n    |\n592 |         return entries\n593 |\n594 |     def _emit_tool_event(self, payload: _ToolEventPayload) -> None:\n    |         ^^^^^^^^^^^^^^^^\n595 |         result = payload.result\n596 |         duration_value = result.get(\"duration_seconds\")\n    |\n\nPLR0915 Too many statements (52 > 50)\n   --> x_cls_make_github_visitor_x.py:594:9\n    |\n592 |         return entries\n593 |\n594 |     def _emit_tool_event(self, payload: _ToolEventPayload) -> None:\n    |         ^^^^^^^^^^^^^^^^\n595 |         result = payload.result\n596 |         duration_value = result.get(\"duration_seconds\")\n    |\n\nPERF401 Use a list comprehension to create a transformed list\n   --> x_cls_make_github_visitor_x.py:609:21\n    |\n607 |             for candidate in candidate_entries:\n608 |                 if isinstance(candidate, str):\n609 |                     collected.append(candidate)\n    |                     ^^^^^^^^^^^^^^^^^^^^^^^^^^^\n610 |             files_checked = collected\n611 |         if not files_checked:\n    |\nhelp: Replace for loop with list comprehension\n\nPERF401 Use a list comprehension to create a transformed list\n   --> x_cls_make_github_visitor_x.py:638:25\n    |\n636 |                 for entry_obj in cast(\"Sequence[object]\", failed_files_obj):\n637 |                     if isinstance(entry_obj, Mapping):\n638 |                         filtered.append(cast(\"Mapping[str, object]\", entry_obj))\n    |                         ^^^^^^^^^^^^^^^^^^^^^^^^^^^^^^^^^^^^^^^^^^^^^^^^^^^^^^^^\n639 |                 failed_files_iter = tuple(filtered)\n640 |             for entry in failed_files_iter:\n    |\nhelp: Replace for loop with list comprehension\n\nE501 Line too long (91 > 88)\n   --> x_cls_make_github_visitor_x.py:648:89\n    |\n646 |                         {\n647 |                             \"file\": file_name_obj,\n648 |                             \"message\": message_obj if isinstance(message_obj, str) else \"\",\n    |                                                                                         ^^^\n649 |                         }\n650 |                     )\n    |\n\nFound 11 errors.\nNo fixes available (2 hidden fixes can be enabled with the `--unsafe-fixes` option).\n",
                "tool": "ruff_check",
                "tool_module": "ruff",
                "tool_version": "ruff 0.14.0"
            },
            "exit": "exit 1",
            "message": "ruff_check failed for x_make_github_visitor_x (exit 1)\ncwd: C:\\x_runner_x\\x_make_github_visitor_x\ncommand: C:\\x_runner_x\\x_make_yahw_x\\.venv\\Scripts\\python.exe -m ruff check . --select ALL --ignore D,COM812,ISC001,T20 --line-length 88 --target-version py311\nstarted_at: 2025-10-15T00:40:55.064976+00:00\nduration: 0.278s\ntool_version: ruff 0.14.0\nstdout:\nE402 Module level import not at top of file\n  --> x_cls_make_github_visitor_x.py:35:1\n   |\n33 |         )\n34 |\n\u2026\nstderr:\n<empty>",
            "repo": "x_make_github_visitor_x",
            "repo_path": "C:\\x_runner_x\\x_make_github_visitor_x",
            "stderr_preview": null,
            "stdout_preview": "E402 Module level import not at top of file\n  --> x_cls_make_github_visitor_x.py:35:1\n   |\n33 |         )\n34 |\n\u2026",
            "suggested_action": "Investigate",
            "summary": "ruff_check failed for x_make_github_visitor_x (exit 1) cwd: C:\\x_runner_x\\x_make_github_visitor_x command: C:\\x_runner_x\\x_make_yahw_x\\.venv\\Scripts\\python.exe -m ruff check . --select ALL --ignore D,COM812,ISC001,T20 --line-length 88 --ta\u2026",
            "tool": "ruff_check",
            "tool_version": "ruff 0.14.0"
        },
        {
            "captured_at": "2025-10-15T00:40:52.799987+00:00",
            "command": "C:\\x_runner_x\\x_make_yahw_x\\.venv\\Scripts\\python.exe -m ruff check . --fix --select ALL --ignore D,COM812,ISC001,T20 --line-length 88 --target-version py311",
            "detail": {
                "cached": false,
                "cmd": [
                    "C:\\x_runner_x\\x_make_yahw_x\\.venv\\Scripts\\python.exe",
                    "-m",
                    "ruff",
                    "check",
                    ".",
                    "--fix",
                    "--select",
                    "ALL",
                    "--ignore",
                    "D,COM812,ISC001,T20",
                    "--line-length",
                    "88",
                    "--target-version",
                    "py311"
                ],
                "cmd_display": "C:\\x_runner_x\\x_make_yahw_x\\.venv\\Scripts\\python.exe -m ruff check . --fix --select ALL --ignore D,COM812,ISC001,T20 --line-length 88 --target-version py311",
                "cwd": "C:\\x_runner_x\\x_make_github_visitor_x",
                "duration_seconds": 0.26680659991689026,
                "ended_at": "2025-10-15T00:40:52.799987+00:00",
                "exit": 1,
                "failed_files": [],
                "files_checked": [
                    "inspection_flow.py",
                    "run_external.py",
                    "run_visitor_no_cache.py",
                    "tests/__init__.py",
                    "tests/test_github_visitor.py",
                    "x_cls_make_github_visitor_x.py"
                ],
                "repo": "x_make_github_visitor_x",
                "repo_hash": "92e9e6060aa2a54967b41eb6c62f0728a7fe0bdc1743da24e0e39778cc084287",
                "repo_path": "C:\\x_runner_x\\x_make_github_visitor_x",
                "started_at": "2025-10-15T00:40:52.533182+00:00",
                "stderr": "",
                "stdout": "E402 Module level import not at top of file\n  --> x_cls_make_github_visitor_x.py:35:1\n   |\n33 |         )\n34 |\n35 | from x_make_github_visitor_x.inspection_flow import VisitorRunResult\n   | ^^^^^^^^^^^^^^^^^^^^^^^^^^^^^^^^^^^^^^^^^^^^^^^^^^^^^^^^^^^^^^^^^^^^\n36 |\n37 | if TYPE_CHECKING:\n   |\n\nTC002 Move third-party import `x_4357_make_common_x.telemetry.JSONValue` into a type-checking block\n  --> x_cls_make_github_visitor_x.py:44:13\n   |\n42 |     except ModuleNotFoundError:  # pragma: no cover - only hit when using PyPI build\n43 |         from x_4357_make_common_x.telemetry import (\n44 |             JSONValue,  # type: ignore[attr-defined]\n   |             ^^^^^^^^^\n45 |         )\n   |\nhelp: Move into type-checking block\n\nPLR0913 Too many arguments in function definition (6 > 5)\n   --> x_cls_make_github_visitor_x.py:231:9\n    |\n230 | class x_cls_make_github_visitor_x:  # noqa: N801 - legacy naming retained for compatibility\n231 |     def __init__(\n    |         ^^^^^^^^\n232 |         self,\n233 |         root_dir: str | Path,\n    |\n\nC408 Unnecessary `tuple()` call (rewrite as a literal)\n   --> x_cls_make_github_visitor_x.py:291:50\n    |\n289 |         normalized_allowed = {\n290 |             normalized\n291 |             for repo in (allowed_repositories or tuple())\n    |                                                  ^^^^^^^\n292 |             for normalized in (_normalize_repo_name(repo),)\n293 |             if normalized\n    |\nhelp: Rewrite as a literal\n\nE501 Line too long (96 > 88)\n   --> x_cls_make_github_visitor_x.py:333:89\n    |\n331 |                 continue\n332 |             normalized_name = _normalize_repo_name(name)\n333 |             if self._allowed_repositories and normalized_name not in self._allowed_repositories:\n    |                                                                                         ^^^^^^^^\n334 |                 continue\n335 |             # Only include directories that look like git clones (contain .git)\n    |\n\nC901 `_emit_tool_event` is too complex (18 > 10)\n   --> x_cls_make_github_visitor_x.py:594:9\n    |\n592 |         return entries\n593 |\n594 |     def _emit_tool_event(self, payload: _ToolEventPayload) -> None:\n    |         ^^^^^^^^^^^^^^^^\n595 |         result = payload.result\n596 |         duration_value = result.get(\"duration_seconds\")\n    |\n\nPLR0912 Too many branches (19 > 12)\n   --> x_cls_make_github_visitor_x.py:594:9\n    |\n592 |         return entries\n593 |\n594 |     def _emit_tool_event(self, payload: _ToolEventPayload) -> None:\n    |         ^^^^^^^^^^^^^^^^\n595 |         result = payload.result\n596 |         duration_value = result.get(\"duration_seconds\")\n    |\n\nPLR0915 Too many statements (52 > 50)\n   --> x_cls_make_github_visitor_x.py:594:9\n    |\n592 |         return entries\n593 |\n594 |     def _emit_tool_event(self, payload: _ToolEventPayload) -> None:\n    |         ^^^^^^^^^^^^^^^^\n595 |         result = payload.result\n596 |         duration_value = result.get(\"duration_seconds\")\n    |\n\nPERF401 Use a list comprehension to create a transformed list\n   --> x_cls_make_github_visitor_x.py:609:21\n    |\n607 |             for candidate in candidate_entries:\n608 |                 if isinstance(candidate, str):\n609 |                     collected.append(candidate)\n    |                     ^^^^^^^^^^^^^^^^^^^^^^^^^^^\n610 |             files_checked = collected\n611 |         if not files_checked:\n    |\nhelp: Replace for loop with list comprehension\n\nPERF401 Use a list comprehension to create a transformed list\n   --> x_cls_make_github_visitor_x.py:638:25\n    |\n636 |                 for entry_obj in cast(\"Sequence[object]\", failed_files_obj):\n637 |                     if isinstance(entry_obj, Mapping):\n638 |                         filtered.append(cast(\"Mapping[str, object]\", entry_obj))\n    |                         ^^^^^^^^^^^^^^^^^^^^^^^^^^^^^^^^^^^^^^^^^^^^^^^^^^^^^^^^\n639 |                 failed_files_iter = tuple(filtered)\n640 |             for entry in failed_files_iter:\n    |\nhelp: Replace for loop with list comprehension\n\nE501 Line too long (91 > 88)\n   --> x_cls_make_github_visitor_x.py:648:89\n    |\n646 |                         {\n647 |                             \"file\": file_name_obj,\n648 |                             \"message\": message_obj if isinstance(message_obj, str) else \"\",\n    |                                                                                         ^^^\n649 |                         }\n650 |                     )\n    |\n\nFound 11 errors.\nNo fixes available (2 hidden fixes can be enabled with the `--unsafe-fixes` option).\n",
                "tool": "ruff_fix",
                "tool_module": "ruff",
                "tool_version": "ruff 0.14.0"
            },
            "exit": "exit 1",
            "message": "ruff_fix failed for x_make_github_visitor_x (exit 1)\ncwd: C:\\x_runner_x\\x_make_github_visitor_x\ncommand: C:\\x_runner_x\\x_make_yahw_x\\.venv\\Scripts\\python.exe -m ruff check . --fix --select ALL --ignore D,COM812,ISC001,T20 --line-length 88 --target-version py311\nstarted_at: 2025-10-15T00:40:52.533182+00:00\nduration: 0.267s\ntool_version: ruff 0.14.0\nstdout:\nE402 Module level import not at top of file\n  --> x_cls_make_github_visitor_x.py:35:1\n   |\n33 |         )\n34 |\n\u2026\nstderr:\n<empty>",
            "repo": "x_make_github_visitor_x",
            "repo_path": "C:\\x_runner_x\\x_make_github_visitor_x",
            "stderr_preview": null,
            "stdout_preview": "E402 Module level import not at top of file\n  --> x_cls_make_github_visitor_x.py:35:1\n   |\n33 |         )\n34 |\n\u2026",
            "suggested_action": "Investigate",
            "summary": "ruff_fix failed for x_make_github_visitor_x (exit 1) cwd: C:\\x_runner_x\\x_make_github_visitor_x command: C:\\x_runner_x\\x_make_yahw_x\\.venv\\Scripts\\python.exe -m ruff check . --fix --select ALL --ignore D,COM812,ISC001,T20 --line-length 88 \u2026",
            "tool": "ruff_fix",
            "tool_version": "ruff 0.14.0"
        }
    ],
    "generated_at": "2025-10-15T00:41:47.491631+00:00",
    "runtime": {
        "environment": {
            "PATH": "C:\\WINDOWS\\system32;C:\\WINDOWS;C:\\WINDOWS\\System32\\Wbem;C:\\WINDOWS\\System32\\WindowsPowerShell\\v1.0\\;C:\\WINDOWS\\System32\\OpenSSH\\;C:\\Program Files\\Git\\cmd;C:\\Users\\eye43\\AppData\\Local\\Programs\\Python\\Python313\\Scripts\\;C:\\Users\\eye43\\AppData\\Local\\Programs\\Python\\Python313\\;C:\\Users\\eye43\\AppData\\Local\\Microsoft\\WindowsApps;C:\\Users\\eye43\\AppData\\Local\\Programs\\Microsoft VS Code\\bin;c:\\Users\\eye43\\.vscode\\extensions\\ms-python.debugpy-2025.14.0-win32-x64\\bundled\\scripts\\noConfigScripts;c:\\Users\\eye43\\AppData\\Roaming\\Code\\User\\globalStorage\\github.copilot-chat\\debugCommand"
        },
        "platform": "Windows-11-10.0.22631-SP0",
        "python_executable": "C:\\x_runner_x\\x_make_yahw_x\\.venv\\Scripts\\python.exe",
        "python_version": "3.13.7 (tags/v3.13.7:bcee1c3, Aug 14 2025, 14:15:11) [MSC v.1944 64 bit (AMD64)]",
        "run_completed_at": "2025-10-15T00:41:47.491487+00:00",
        "run_started_at": "2025-10-15T00:40:11.873784+00:00",
        "workspace_root": "C:\\x_runner_x"
    },
    "schema_version": "1.0",
    "summary": {
        "overall_stats": {
            "cache_hits": 2,
            "cache_misses": 73,
            "failed_tools": 11,
            "had_failures": true,
            "total_tools_run": 75
        },
        "repos": {
            "x_0_make_all_x": {
                "cached": 0,
                "failed": 4,
                "repo_hash": "c7f280e06b202d48cf55b586f21b87eedf2b3b75ae3ab752db96835b44a7987e",
                "tools": {
                    "black": {
                        "cached": false,
                        "exit": 1,
                        "timed_out": false
                    },
                    "mypy": {
                        "cached": false,
                        "exit": 1,
                        "timed_out": false
                    },
                    "pyright": {
                        "cached": false,
                        "exit": 0,
                        "timed_out": false
                    },
                    "ruff_check": {
                        "cached": false,
                        "exit": 1,
                        "timed_out": false
                    },
                    "ruff_fix": {
                        "cached": false,
                        "exit": 1,
                        "timed_out": false
                    }
                }
            },
            "x_legatus_acta_schedae_x": {
                "cached": 0,
                "failed": 0,
                "repo_hash": "a50b758ca4fffb88a61bec9f3a973781adc3471272b02674abc3e217c43c0452",
                "tools": {
                    "black": {
                        "cached": false,
                        "exit": 0,
                        "timed_out": false
                    },
                    "mypy": {
                        "cached": false,
                        "exit": 0,
                        "timed_out": false
                    },
                    "pyright": {
                        "cached": false,
                        "exit": 0,
                        "timed_out": false
                    },
                    "ruff_check": {
                        "cached": false,
                        "exit": 0,
                        "timed_out": false
                    },
                    "ruff_fix": {
                        "cached": false,
                        "exit": 0,
                        "timed_out": false
                    }
                }
            },
            "x_legatus_tabula_opus_x": {
                "cached": 0,
                "failed": 0,
                "repo_hash": "e3b0c44298fc1c149afbf4c8996fb92427ae41e4649b934ca495991b7852b855",
                "tools": {
                    "black": {
                        "cached": false,
                        "exit": 0,
                        "timed_out": false
                    },
                    "mypy": {
                        "cached": false,
                        "exit": 0,
                        "timed_out": false
                    },
                    "pyright": {
                        "cached": false,
                        "exit": 0,
                        "timed_out": false
                    },
                    "ruff_check": {
                        "cached": false,
                        "exit": 0,
                        "timed_out": false
                    },
                    "ruff_fix": {
                        "cached": false,
                        "exit": 0,
                        "timed_out": false
                    }
                }
            },
            "x_legatus_tactica_impetus_x": {
                "cached": 2,
                "failed": 0,
                "repo_hash": "cc97fafbcc480da07f5da6f3bf95b20b6477a3877b19257bb492c37a976161aa",
                "tools": {
                    "black": {
                        "cached": false,
                        "exit": 0,
                        "timed_out": false
                    },
                    "mypy": {
                        "cached": false,
                        "exit": 0,
                        "timed_out": false
                    },
                    "pyright": {
                        "cached": false,
                        "exit": 0,
                        "timed_out": false
                    },
                    "ruff_check": {
                        "cached": true,
                        "exit": 0,
                        "timed_out": false
                    },
                    "ruff_fix": {
                        "cached": true,
                        "exit": 0,
                        "timed_out": false
                    }
                }
            },
            "x_make_common_x": {
                "cached": 0,
                "failed": 3,
                "repo_hash": "d4fadde820e748b3a0dfb2be7a40c4539b2a53b9230d0acaf3f2176adcfc2abb",
                "tools": {
                    "black": {
                        "cached": false,
                        "exit": 0,
                        "timed_out": false
                    },
                    "mypy": {
                        "cached": false,
                        "exit": 1,
                        "timed_out": false
                    },
                    "pyright": {
                        "cached": false,
                        "exit": 0,
                        "timed_out": false
                    },
                    "ruff_check": {
                        "cached": false,
                        "exit": 1,
                        "timed_out": false
                    },
                    "ruff_fix": {
                        "cached": false,
                        "exit": 1,
                        "timed_out": false
                    }
                }
            },
            "x_make_github_clones_x": {
                "cached": 0,
                "failed": 0,
                "repo_hash": "2d716c5708d21bccdd5040e74accd1557ab942f8d1b377eb013740a64ab89a01",
                "tools": {
                    "black": {
                        "cached": false,
                        "exit": 0,
                        "timed_out": false
                    },
                    "mypy": {
                        "cached": false,
                        "exit": 0,
                        "timed_out": false
                    },
                    "pyright": {
                        "cached": false,
                        "exit": 0,
                        "timed_out": false
                    },
                    "ruff_check": {
                        "cached": false,
                        "exit": 0,
                        "timed_out": false
                    },
                    "ruff_fix": {
                        "cached": false,
                        "exit": 0,
                        "timed_out": false
                    }
                }
            },
            "x_make_github_visitor_x": {
                "cached": 0,
                "failed": 4,
                "repo_hash": "92e9e6060aa2a54967b41eb6c62f0728a7fe0bdc1743da24e0e39778cc084287",
                "tools": {
                    "black": {
                        "cached": false,
                        "exit": 1,
                        "timed_out": false
                    },
                    "mypy": {
                        "cached": false,
                        "exit": 2,
                        "timed_out": false
                    },
                    "pyright": {
                        "cached": false,
                        "exit": 0,
                        "timed_out": false
                    },
                    "ruff_check": {
                        "cached": false,
                        "exit": 1,
                        "timed_out": false
                    },
                    "ruff_fix": {
                        "cached": false,
                        "exit": 1,
                        "timed_out": false
                    }
                }
            },
            "x_make_graphviz_x": {
                "cached": 0,
                "failed": 0,
                "repo_hash": "8f06960592b12bcdf458cf7dbe69b19d53229e766ab372de159904cd40caa059",
                "tools": {
                    "black": {
                        "cached": false,
                        "exit": 0,
                        "timed_out": false
                    },
                    "mypy": {
                        "cached": false,
                        "exit": 0,
                        "timed_out": false
                    },
                    "pyright": {
                        "cached": false,
                        "exit": 0,
                        "timed_out": false
                    },
                    "ruff_check": {
                        "cached": false,
                        "exit": 0,
                        "timed_out": false
                    },
                    "ruff_fix": {
                        "cached": false,
                        "exit": 0,
                        "timed_out": false
                    }
                }
            },
            "x_make_markdown_x": {
                "cached": 0,
                "failed": 0,
                "repo_hash": "773e88a773208c3dd9189a57080561a83f907ac0165ae56029f437eb86656c7a",
                "tools": {
                    "black": {
                        "cached": false,
                        "exit": 0,
                        "timed_out": false
                    },
                    "mypy": {
                        "cached": false,
                        "exit": 0,
                        "timed_out": false
                    },
                    "pyright": {
                        "cached": false,
                        "exit": 0,
                        "timed_out": false
                    },
                    "ruff_check": {
                        "cached": false,
                        "exit": 0,
                        "timed_out": false
                    },
                    "ruff_fix": {
                        "cached": false,
                        "exit": 0,
                        "timed_out": false
                    }
                }
            },
            "x_make_mermaid_x": {
                "cached": 0,
                "failed": 0,
                "repo_hash": "3843d549f19170c40a64435274f6332c13501800727ad80b004774ffbc46d01a",
                "tools": {
                    "black": {
                        "cached": false,
                        "exit": 0,
                        "timed_out": false
                    },
                    "mypy": {
                        "cached": false,
                        "exit": 0,
                        "timed_out": false
                    },
                    "pyright": {
                        "cached": false,
                        "exit": 0,
                        "timed_out": false
                    },
                    "ruff_check": {
                        "cached": false,
                        "exit": 0,
                        "timed_out": false
                    },
                    "ruff_fix": {
                        "cached": false,
                        "exit": 0,
                        "timed_out": false
                    }
                }
            },
            "x_make_persistent_env_var_x": {
                "cached": 0,
                "failed": 0,
                "repo_hash": "38624500e50d648701b39572aca2c5d8cd0420bb6d1e9513e212e3aa11078fe0",
                "tools": {
                    "black": {
                        "cached": false,
                        "exit": 0,
                        "timed_out": false
                    },
                    "mypy": {
                        "cached": false,
                        "exit": 0,
                        "timed_out": false
                    },
                    "pyright": {
                        "cached": false,
                        "exit": 0,
                        "timed_out": false
                    },
                    "ruff_check": {
                        "cached": false,
                        "exit": 0,
                        "timed_out": false
                    },
                    "ruff_fix": {
                        "cached": false,
                        "exit": 0,
                        "timed_out": false
                    }
                }
            },
            "x_make_pip_updates_x": {
                "cached": 0,
                "failed": 0,
                "repo_hash": "9c1ceca9f9b482dd02c0f4687716a1cd5fe198d06e6c0e65a5456098de7f1358",
                "tools": {
                    "black": {
                        "cached": false,
                        "exit": 0,
                        "timed_out": false
                    },
                    "mypy": {
                        "cached": false,
                        "exit": 0,
                        "timed_out": false
                    },
                    "pyright": {
                        "cached": false,
                        "exit": 0,
                        "timed_out": false
                    },
                    "ruff_check": {
                        "cached": false,
                        "exit": 0,
                        "timed_out": false
                    },
                    "ruff_fix": {
                        "cached": false,
                        "exit": 0,
                        "timed_out": false
                    }
                }
            },
            "x_make_py_mod_sideload_x": {
                "cached": 0,
                "failed": 0,
                "repo_hash": "69ac171dd36d6f8621439bba6bbda0288c09f653e7c678ee9a0e834fe3609e6c",
                "tools": {
                    "black": {
                        "cached": false,
                        "exit": 0,
                        "timed_out": false
                    },
                    "mypy": {
                        "cached": false,
                        "exit": 0,
                        "timed_out": false
                    },
                    "pyright": {
                        "cached": false,
                        "exit": 0,
                        "timed_out": false
                    },
                    "ruff_check": {
                        "cached": false,
                        "exit": 0,
                        "timed_out": false
                    },
                    "ruff_fix": {
                        "cached": false,
                        "exit": 0,
                        "timed_out": false
                    }
                }
            },
            "x_make_pypi_x": {
                "cached": 0,
                "failed": 0,
                "repo_hash": "1ecbf01063ad5fae8c6817bdc5503a85a44fb97d7ee8e05c6347c947038b5398",
                "tools": {
                    "black": {
                        "cached": false,
                        "exit": 0,
                        "timed_out": false
                    },
                    "mypy": {
                        "cached": false,
                        "exit": 0,
                        "timed_out": false
                    },
                    "pyright": {
                        "cached": false,
                        "exit": 0,
                        "timed_out": false
                    },
                    "ruff_check": {
                        "cached": false,
                        "exit": 0,
                        "timed_out": false
                    },
                    "ruff_fix": {
                        "cached": false,
                        "exit": 0,
                        "timed_out": false
                    }
                }
            },
            "x_make_yahw_x": {
                "cached": 0,
                "failed": 0,
                "repo_hash": "d5b6324c3c161764524c550422f1e31cacffc452454eb0900e0d52ddd4106018",
                "tools": {
                    "black": {
                        "cached": false,
                        "exit": 0,
                        "timed_out": false
                    },
                    "mypy": {
                        "cached": false,
                        "exit": 0,
                        "timed_out": false
                    },
                    "pyright": {
                        "cached": false,
                        "exit": 0,
                        "timed_out": false
                    },
                    "ruff_check": {
                        "cached": false,
                        "exit": 0,
                        "timed_out": false
                    },
                    "ruff_fix": {
                        "cached": false,
                        "exit": 0,
                        "timed_out": false
                    }
                }
            }
        },
        "timestamp": "2025-10-15T00:41:47.491663+00:00",
        "total_repos": 15
    },
    "tool_versions": {
        "black": "python -m black, 25.9.0 (compiled: yes)\nPython (CPython) 3.13.7",
        "mypy": "mypy 1.18.2 (compiled: yes)",
        "pyright": "pyright 1.1.406",
        "ruff": "ruff 0.14.0"
    },
    "workspace_root": "C:\\x_runner_x"
}