{
    "failures": [
        {
            "captured_at": "2025-10-14T15:28:52.459673+00:00",
            "command": "C:\\x_runner_x\\x_make_yahw_x\\.venv\\Scripts\\python.exe -m black . --line-length 88 --target-version py311 --check --diff",
            "detail": {
                "cached": false,
                "cmd": [
                    "C:\\x_runner_x\\x_make_yahw_x\\.venv\\Scripts\\python.exe",
                    "-m",
                    "black",
                    ".",
                    "--line-length",
                    "88",
                    "--target-version",
                    "py311",
                    "--check",
                    "--diff"
                ],
                "cmd_display": "C:\\x_runner_x\\x_make_yahw_x\\.venv\\Scripts\\python.exe -m black . --line-length 88 --target-version py311 --check --diff",
                "cwd": "C:\\x_runner_x\\x_0_make_all_x",
                "duration_seconds": 2.881512499996461,
                "ended_at": "2025-10-14T15:28:52.459673+00:00",
                "exit": 1,
                "repo": "x_0_make_all_x",
                "repo_hash": "7044bf8b5bba7c11df8460be4ecd3efb26c85f03d31097399e0af5be8dff7121",
                "repo_path": "C:\\x_runner_x\\x_0_make_all_x",
                "started_at": "2025-10-14T15:28:49.578158+00:00",
                "stderr": "would reformat C:\\x_runner_x\\x_0_make_all_x\\runtime_benchmark.py\nwould reformat C:\\x_runner_x\\x_0_make_all_x\\tests\\test_legatus_integration.py\nwould reformat C:\\x_runner_x\\x_0_make_all_x\\tests\\test_visitor_runtime.py\nwould reformat C:\\x_runner_x\\x_0_make_all_x\\interface\\gui\\app.py\nwould reformat C:\\x_runner_x\\x_0_make_all_x\\x_cls_make_all_x.py\n\nOh no! \\U0001f4a5 \\U0001f494 \\U0001f4a5\n5 files would be reformatted, 16 files would be left unchanged.\n",
                "stdout": "--- C:\\x_runner_x\\x_0_make_all_x\\runtime_benchmark.py\t2025-10-14 15:27:58.676338+00:00\n+++ C:\\x_runner_x\\x_0_make_all_x\\runtime_benchmark.py\t2025-10-14 15:28:50.998115+00:00\n@@ -97,14 +97,15 @@\n \n     results: list[BenchmarkResult] = []\n     for label, command in commands:\n         for round_index in range(rounds):\n             orchestrator = MakeAllOrchestrator(\n-                runtime_config=\n-                VisitorRuntimeConfig(command=command, disable_cache=disable_cache)\n-                if command\n-                else None\n+                runtime_config=(\n+                    VisitorRuntimeConfig(command=command, disable_cache=disable_cache)\n+                    if command\n+                    else None\n+                )\n             )\n             start = perf_counter()\n             failure: str | None = None\n             status: str\n             artifact: str | None\n--- C:\\x_runner_x\\x_0_make_all_x\\tests\\test_legatus_integration.py\t2025-10-14 15:27:59.102002+00:00\n+++ C:\\x_runner_x\\x_0_make_all_x\\tests\\test_legatus_integration.py\t2025-10-14 15:28:51.009085+00:00\n@@ -21,15 +21,19 @@\n \n def _noop_mypy(self: MakeAllOrchestrator) -> None:  # pragma: no cover - test helper\n     return None\n \n \n-def _noop_build_context(self: MakeAllOrchestrator) -> None:  # pragma: no cover - test helper\n+def _noop_build_context(\n+    self: MakeAllOrchestrator,\n+) -> None:  # pragma: no cover - test helper\n     return None\n \n \n-def _noop_orchestrator_run(self: MakeAllOrchestrator, _ctx: object) -> None:  # pragma: no cover - test helper\n+def _noop_orchestrator_run(\n+    self: MakeAllOrchestrator, _ctx: object\n+) -> None:  # pragma: no cover - test helper\n     return None\n \n \n def _patch_noop_run(monkeypatch: pytest.MonkeyPatch) -> None:\n     monkeypatch.setattr(MakeAllOrchestrator, \"_ensure_mypy_entrypoint\", _noop_mypy)\n@@ -44,11 +48,13 @@\n             if typed_payload.get(\"source\") == \"legatus\":\n                 return typed_payload\n     raise AssertionError(\"Legatus telemetry event not found\")\n \n \n-def test_legatus_config_env_overrides(monkeypatch: pytest.MonkeyPatch, tmp_path: Path) -> None:\n+def test_legatus_config_env_overrides(\n+    monkeypatch: pytest.MonkeyPatch, tmp_path: Path\n+) -> None:\n     monkeypatch.setenv(\"MAKE_WITH_LEGATUS\", \"1\")\n     monkeypatch.setenv(\"MAKE_LEGATUS_PROFILE\", \"prod\")\n     monkeypatch.setenv(\"MAKE_LEGATUS_ROOT\", str(tmp_path))\n     args = _namespace(with_legatus=None, legatus_profile=None)\n \n@@ -57,11 +63,13 @@\n     assert config.enabled is True\n     assert config.profile == \"prod\"\n     assert config.root == tmp_path.resolve()\n \n \n-def test_legatus_config_cli_disables_env(monkeypatch: pytest.MonkeyPatch, tmp_path: Path) -> None:\n+def test_legatus_config_cli_disables_env(\n+    monkeypatch: pytest.MonkeyPatch, tmp_path: Path\n+) -> None:\n     monkeypatch.setenv(\"MAKE_WITH_LEGATUS\", \"1\")\n     monkeypatch.setenv(\"MAKE_LEGATUS_ROOT\", str(tmp_path))\n     args = _namespace(with_legatus=False, legatus_profile=\"qa\")\n \n     config = legatus_config_from_args(args)\n@@ -69,11 +77,13 @@\n     assert config.enabled is False\n     assert config.profile == \"qa\"\n     assert config.root == tmp_path.resolve()\n \n \n-def test_bootstrap_legatus_ready(monkeypatch: pytest.MonkeyPatch, tmp_path: Path) -> None:\n+def test_bootstrap_legatus_ready(\n+    monkeypatch: pytest.MonkeyPatch, tmp_path: Path\n+) -> None:\n     events: list[object] = []\n     monkeypatch.setattr(orchestrator_module, \"emit_event\", events.append)\n \n     _patch_noop_run(monkeypatch)\n \n@@ -92,11 +102,13 @@\n     assert events, \"expected telemetry event for legatus bootstrap\"\n     payload_map = _latest_legatus_event(events)\n     assert payload_map[\"status\"] == \"succeeded\"\n \n \n-def test_bootstrap_legatus_missing_reports_error(monkeypatch: pytest.MonkeyPatch, tmp_path: Path) -> None:\n+def test_bootstrap_legatus_missing_reports_error(\n+    monkeypatch: pytest.MonkeyPatch, tmp_path: Path\n+) -> None:\n     events: list[object] = []\n     monkeypatch.setattr(orchestrator_module, \"emit_event\", events.append)\n \n     _patch_noop_run(monkeypatch)\n \n--- C:\\x_runner_x\\x_0_make_all_x\\tests\\test_visitor_runtime.py\t2025-10-14 15:28:31.083962+00:00\n+++ C:\\x_runner_x\\x_0_make_all_x\\tests\\test_visitor_runtime.py\t2025-10-14 15:28:51.046019+00:00\n@@ -13,23 +13,36 @@\n @pytest.fixture(autouse=True)\n def _silence_events(monkeypatch: pytest.MonkeyPatch) -> None:\n     monkeypatch.setattr(orchestrator_module, \"emit_event\", lambda _event: None)\n \n \n-def test_run_visitor_uses_subprocess_runtime(monkeypatch: pytest.MonkeyPatch, tmp_path: Path) -> None:\n+def test_run_visitor_uses_subprocess_runtime(\n+    monkeypatch: pytest.MonkeyPatch, tmp_path: Path\n+) -> None:\n     command_invocations: list[list[str]] = []\n     env_snapshots: list[dict[str, str]] = []\n     report_path = tmp_path / \"reports\" / \"visitor.json\"\n     report_path.parent.mkdir(parents=True, exist_ok=True)\n     report_path.write_text(\"{}\", encoding=\"utf-8\")\n \n-    def _fake_detect_clones_root(self: MakeAllOrchestrator, fallback: str | None = None) -> str:\n+    def _fake_detect_clones_root(\n+        self: MakeAllOrchestrator, fallback: str | None = None\n+    ) -> str:\n         return str(tmp_path)\n \n-    monkeypatch.setattr(MakeAllOrchestrator, \"detect_clones_root\", _fake_detect_clones_root)\n+    monkeypatch.setattr(\n+        MakeAllOrchestrator, \"detect_clones_root\", _fake_detect_clones_root\n+    )\n \n-    def _fake_run(command: list[str], *, capture_output: bool, text: bool, env: dict[str, str], check: bool):\n+    def _fake_run(\n+        command: list[str],\n+        *,\n+        capture_output: bool,\n+        text: bool,\n+        env: dict[str, str],\n+        check: bool,\n+    ):\n         command_invocations.append(command)\n         env_snapshots.append(env)\n         payload = {\"status\": \"ok\", \"report_path\": str(report_path)}\n \n         class _Result:\n@@ -61,15 +74,21 @@\n     pythonpath = env_snapshot.get(\"PYTHONPATH\", \"\")\n     expected_workspace_root = Path(orchestrator_module.__file__).resolve().parent.parent\n     assert pythonpath.split(os.pathsep)[0] == str(expected_workspace_root)\n \n \n-def test_run_visitor_runtime_failure_sets_status(monkeypatch: pytest.MonkeyPatch, tmp_path: Path) -> None:\n-    def _fake_detect_clones_root(self: MakeAllOrchestrator, fallback: str | None = None) -> str:\n+def test_run_visitor_runtime_failure_sets_status(\n+    monkeypatch: pytest.MonkeyPatch, tmp_path: Path\n+) -> None:\n+    def _fake_detect_clones_root(\n+        self: MakeAllOrchestrator, fallback: str | None = None\n+    ) -> str:\n         return str(tmp_path)\n \n-    monkeypatch.setattr(MakeAllOrchestrator, \"detect_clones_root\", _fake_detect_clones_root)\n+    monkeypatch.setattr(\n+        MakeAllOrchestrator, \"detect_clones_root\", _fake_detect_clones_root\n+    )\n \n     payload: dict[str, object] = {\n         \"status\": \"error\",\n         \"message\": \"runtime boom\",\n         \"report_path\": None,\n@@ -119,11 +138,13 @@\n     should_launch_gui = orchestrator_module._should_launch_gui\n \n     assert should_launch_gui(cli_flag=True) is True\n \n \n-def test_launch_command_center_missing_gui_raises(monkeypatch: pytest.MonkeyPatch) -> None:\n+def test_launch_command_center_missing_gui_raises(\n+    monkeypatch: pytest.MonkeyPatch,\n+) -> None:\n     orchestrator = MakeAllOrchestrator()\n     original_import = orchestrator_module.importlib.import_module\n \n     def _fake_import(name: str, package: str | None = None):\n         if name == \"x_0_make_all_x.interface.gui.app\":\n--- C:\\x_runner_x\\x_0_make_all_x\\interface\\gui\\app.py\t2025-10-14 15:27:58.672831+00:00\n+++ C:\\x_runner_x\\x_0_make_all_x\\interface\\gui\\app.py\t2025-10-14 15:28:51.656918+00:00\n@@ -351,13 +351,11 @@\n         if at_top:\n             self._status_table.insertRow(0)\n             self._row_lookup = {\n                 key: index + 1 for key, index in self._row_lookup.items()\n             }\n-            self._row_keys = {\n-                index + 1: key for index, key in self._row_keys.items()\n-            }\n+            self._row_keys = {index + 1: key for index, key in self._row_keys.items()}\n             row = 0\n         else:\n             row = self._status_table.rowCount()\n             self._status_table.insertRow(row)\n         repo_item = QtWidgets.QTableWidgetItem(repo)\n@@ -646,22 +644,30 @@\n         if disable_cache:\n             history_bits.append(\"cache off\")\n         history_entry = f\"{timestamp} \u00e2\u20ac\u201d {' | '.join(history_bits)}\"\n         self._runtime_history.append(history_entry)\n         if len(self._runtime_history) > self._runtime_history_limit:\n-            self._runtime_history = self._runtime_history[-self._runtime_history_limit :]\n+            self._runtime_history = self._runtime_history[\n+                -self._runtime_history_limit :\n+            ]\n         self._update_summary_label()\n \n     def _maybe_update_legatus_context(self, event: Mapping[str, object]) -> None:\n         if event.get(\"source\") != \"legatus\" or event.get(\"phase\") != \"bootstrap\":\n             return\n         details_obj = event.get(\"details\")\n-        details = cast(\"Mapping[str, object]\", details_obj) if isinstance(details_obj, Mapping) else {}\n+        details = (\n+            cast(\"Mapping[str, object]\", details_obj)\n+            if isinstance(details_obj, Mapping)\n+            else {}\n+        )\n         status_val = event.get(\"status\")\n         status = status_val if isinstance(status_val, str) else \"unknown\"\n         profile_val = details.get(\"profile\")\n-        profile = profile_val if isinstance(profile_val, str) and profile_val else \"default\"\n+        profile = (\n+            profile_val if isinstance(profile_val, str) and profile_val else \"default\"\n+        )\n         enabled_val = details.get(\"enabled\")\n         enabled = bool(enabled_val) if isinstance(enabled_val, bool) else False\n         root_val = details.get(\"project_root\")\n         root = root_val if isinstance(root_val, str) else \"\"\n         message_val = event.get(\"message\")\n@@ -786,11 +792,11 @@\n                 f\"Tracking {repo_count} repositories / {file_count} Python files \"\n                 f\"rooted at {self._workspace_root}\"\n             )\n         lines = [label, self._runtime_status_line, self._legatus_status_line]\n         if self._runtime_history:\n-            recent = \" \\u00B7 \".join(self._runtime_history[-3:])\n+            recent = \" \\u00b7 \".join(self._runtime_history[-3:])\n             lines.append(f\"Recent runtimes: {recent}\")\n         self._summary_label.setText(\"\\n\".join(lines))\n         self._commit_button.setEnabled(repo_count > 0)\n \n     # --- Commit workflow -----------------------------------------------\n--- C:\\x_runner_x\\x_0_make_all_x\\x_cls_make_all_x.py\t2025-10-14 15:28:31.095215+00:00\n+++ C:\\x_runner_x\\x_0_make_all_x\\x_cls_make_all_x.py\t2025-10-14 15:28:51.912831+00:00\n@@ -833,13 +833,11 @@\n                 details[\"failure_count\"] = failure_count\n                 if failure_count:\n                     details[\"failure_preview\"] = list(run_result.failure_messages[:3])\n                 details[\"continued\"] = True\n                 status = \"failed\"\n-                message = (\n-                    \"Visitor inspection completed with failures; see JSON report\"\n-                )\n+                message = \"Visitor inspection completed with failures; see JSON report\"\n                 self._visitor_failure_message = (\n                     run_result.failure_messages[0]\n                     if failure_count == 1\n                     else f\"{failure_count} tool failures recorded\"\n                 )\n@@ -850,11 +848,13 @@\n                 self._visitor_failure_message = None\n                 self._visitor_status = \"succeeded\"\n             self._visitor_report_path = run_result.report_path\n         finally:\n             duration_ms = int((perf_counter() - start) * 1000)\n-            if (run_result is None or run_result.report_path is None) and status == \"succeeded\":\n+            if (\n+                run_result is None or run_result.report_path is None\n+            ) and status == \"succeeded\":\n                 details[\"artifact_path\"] = None\n             self._emit_stage_event(\n                 source=\"visitor\",\n                 phase=\"inspection\",\n                 status=status,\n@@ -942,11 +942,12 @@\n                 candidate = json.loads(line)\n             except json.JSONDecodeError:\n                 continue\n             if isinstance(candidate, Mapping) and \"status\" in candidate:\n                 payload = {\n-                    str(key): value for key, value in cast(\"Mapping[object, object]\", candidate).items()\n+                    str(key): value\n+                    for key, value in cast(\"Mapping[object, object]\", candidate).items()\n                 }\n                 break\n \n         if result.returncode != 0:\n             message = None\n@@ -1111,11 +1112,13 @@\n                 ctx=ctx,\n                 repo_parent_root=repo_root,\n                 publisher_factory=x_cls_make_pypi_x,\n             )\n             published_versions_result = result[0]\n-            published_count = sum(1 for version in published_versions_result.values() if version)\n+            published_count = sum(\n+                1 for version in published_versions_result.values() if version\n+            )\n             if published_count:\n                 message = f\"Published {published_count} package(s)\"\n             elif entry_count:\n                 message = \"Publish stage completed without uploads\"\n         except Exception as exc:\n@@ -1126,11 +1129,15 @@\n         finally:\n             duration_ms = int((perf_counter() - start) * 1000)\n             detail_payload: dict[str, JSONValue] = {\n                 \"entry_count\": entry_count,\n                 \"published_packages\": len(\n-                    [version for version in published_versions_result.values() if version]\n+                    [\n+                        version\n+                        for version in published_versions_result.values()\n+                        if version\n+                    ]\n                 ),\n             }\n             if error_kind:\n                 detail_payload[\"error_kind\"] = error_kind\n             self._emit_stage_event(\n@@ -1247,29 +1254,23 @@\n     )\n     parser.add_argument(\n         \"--visitor-runtime-disable-cache\",\n         dest=\"visitor_runtime_disable_cache\",\n         action=\"store_true\",\n-        help=(\n-            \"Disable the visitor cache when running via the subprocess runtime.\"\n-        ),\n+        help=(\"Disable the visitor cache when running via the subprocess runtime.\"),\n     )\n     parser.add_argument(\n         \"--with-legatus\",\n         dest=\"with_legatus\",\n         action=\"store_true\",\n-        help=(\n-            f\"Enable {LEGATUS_DISPLAY_NAME} bootstrap before the run.\"\n-        ),\n+        help=(f\"Enable {LEGATUS_DISPLAY_NAME} bootstrap before the run.\"),\n     )\n     parser.add_argument(\n         \"--no-legatus\",\n         dest=\"with_legatus\",\n         action=\"store_false\",\n-        help=(\n-            f\"Disable {LEGATUS_DISPLAY_NAME} even if MAKE_WITH_LEGATUS is set.\"\n-        ),\n+        help=(f\"Disable {LEGATUS_DISPLAY_NAME} even if MAKE_WITH_LEGATUS is set.\"),\n     )\n     parser.add_argument(\n         \"--legatus-profile\",\n         dest=\"legatus_profile\",\n         help=(f\"Select {LEGATUS_DISPLAY_NAME} profile (e.g., dev, prod).\"),\n@@ -1277,11 +1278,15 @@\n     return parser.parse_args(list(argv))\n \n \n def _runtime_config_from_args(args: argparse.Namespace) -> _VisitorRuntimeConfig | None:\n     cli_command = getattr(args, \"visitor_runtime\", None)\n-    command_source = cli_command if cli_command is not None else os.environ.get(\"MAKE_VISITOR_RUNTIME\")\n+    command_source = (\n+        cli_command\n+        if cli_command is not None\n+        else os.environ.get(\"MAKE_VISITOR_RUNTIME\")\n+    )\n     command = _split_command(command_source)\n     if not command:\n         return None\n \n     disable_cache = bool(getattr(args, \"visitor_runtime_disable_cache\", False))\n@@ -1301,15 +1306,11 @@\n         enabled = _env_truthy(\"MAKE_WITH_LEGATUS\")\n     else:\n         enabled = bool(cli_flag)\n \n     cli_profile = getattr(args, \"legatus_profile\", None)\n-    profile = (\n-        cli_profile\n-        or os.environ.get(\"MAKE_LEGATUS_PROFILE\")\n-        or base.profile\n-    )\n+    profile = cli_profile or os.environ.get(\"MAKE_LEGATUS_PROFILE\") or base.profile\n     return LegatusConfig(root=root_path, enabled=enabled, profile=profile)\n \n \n def _env_flag(name: str) -> bool:\n     raw = os.environ.get(name)\n",
                "tool": "black",
                "tool_module": "black",
                "tool_version": "python -m black, 25.9.0 (compiled: yes)\nPython (CPython) 3.13.7"
            },
            "exit": "exit 1",
            "message": "black failed for x_0_make_all_x (exit 1)\ncwd: C:\\x_runner_x\\x_0_make_all_x\ncommand: C:\\x_runner_x\\x_make_yahw_x\\.venv\\Scripts\\python.exe -m black . --line-length 88 --target-version py311 --check --diff\nstarted_at: 2025-10-14T15:28:49.578158+00:00\nduration: 2.882s\ntool_version: python -m black, 25.9.0 (compiled: yes)\nPython (CPython) 3.13.7\nstdout:\n--- C:\\x_runner_x\\x_0_make_all_x\\runtime_benchmark.py\t2025-10-14 15:27:58.676338+00:00\n+++ C:\\x_runner_x\\x_0_make_all_x\\runtime_benchmark.py\t2025-10-14 15:28:50.998115+00:00\n@@ -97,14 +97,15 @@\n \n     results: list[BenchmarkResult] = []\n\u2026\nstderr:\nwould reformat C:\\x_runner_x\\x_0_make_all_x\\runtime_benchmark.py\nwould reformat C:\\x_runner_x\\x_0_make_all_x\\tests\\test_legatus_integration.py\nwould reformat C:\\x_runner_x\\x_0_make_all_x\\tests\\test_visitor_runtime.py\nwould reformat C:\\x_runner_x\\x_0_make_all_x\\interface\\gui\\app.py\nwould reformat C:\\x_runner_x\\x_0_make_all_x\\x_cls_make_all_x.py\n\u2026",
            "repo": "x_0_make_all_x",
            "repo_path": "C:\\x_runner_x\\x_0_make_all_x",
            "stderr_preview": "would reformat C:\\x_runner_x\\x_0_make_all_x\\runtime_benchmark.py\nwould reformat C:\\x_runner_x\\x_0_make_all_x\\tests\\test_legatus_integration.py\nwould reformat C:\\x_runner_x\\x_0_make_all_x\\tests\\test_visitor_runtime.py\nwould reformat C:\\x_runner_x\\x_0_make_all_x\\interface\\gui\\app.py\nwould reformat C:\\x_runner_x\\x_0_make_all_x\\x_cls_make_all_x.py\n\u2026",
            "stdout_preview": "--- C:\\x_runner_x\\x_0_make_all_x\\runtime_benchmark.py\t2025-10-14 15:27:58.676338+00:00\n+++ C:\\x_runner_x\\x_0_make_all_x\\runtime_benchmark.py\t2025-10-14 15:28:50.998115+00:00\n@@ -97,14 +97,15 @@\n \n     results: list[BenchmarkResult] = []\n\u2026",
            "suggested_action": "Investigate",
            "summary": "black failed for x_0_make_all_x (exit 1) cwd: C:\\x_runner_x\\x_0_make_all_x command: C:\\x_runner_x\\x_make_yahw_x\\.venv\\Scripts\\python.exe -m black . --line-length 88 --target-version py311 --check --diff started_at: 2025-10-14T15:28:49.5781\u2026",
            "tool": "black",
            "tool_version": "python -m black, 25.9.0 (compiled: yes)\nPython (CPython) 3.13.7"
        },
        {
            "captured_at": "2025-10-14T15:29:18.165665+00:00",
            "command": "C:\\x_runner_x\\x_make_yahw_x\\.venv\\Scripts\\python.exe -m mypy . --strict --no-warn-unused-configs --show-error-codes --warn-return-any --warn-unreachable --disallow-any-unimported --disallow-any-expr --disallow-any-decorated --disallow-any-explicit",
            "detail": {
                "cached": false,
                "cmd": [
                    "C:\\x_runner_x\\x_make_yahw_x\\.venv\\Scripts\\python.exe",
                    "-m",
                    "mypy",
                    ".",
                    "--strict",
                    "--no-warn-unused-configs",
                    "--show-error-codes",
                    "--warn-return-any",
                    "--warn-unreachable",
                    "--disallow-any-unimported",
                    "--disallow-any-expr",
                    "--disallow-any-decorated",
                    "--disallow-any-explicit"
                ],
                "cmd_display": "C:\\x_runner_x\\x_make_yahw_x\\.venv\\Scripts\\python.exe -m mypy . --strict --no-warn-unused-configs --show-error-codes --warn-return-any --warn-unreachable --disallow-any-unimported --disallow-any-expr --disallow-any-decorated --disallow-any-explicit",
                "cwd": "C:\\x_runner_x\\x_0_make_all_x",
                "duration_seconds": 2.1675885999575257,
                "ended_at": "2025-10-14T15:29:18.165665+00:00",
                "exit": 1,
                "repo": "x_0_make_all_x",
                "repo_hash": "7044bf8b5bba7c11df8460be4ecd3efb26c85f03d31097399e0af5be8dff7121",
                "repo_path": "C:\\x_runner_x\\x_0_make_all_x",
                "started_at": "2025-10-14T15:29:15.998078+00:00",
                "stderr": "",
                "stdout": "x_cls_make_all_x.py:633: error: Expression type contains \"Any\" (has type \"Any | None\")  [misc]\nx_cls_make_all_x.py:636: error: Expression type contains \"Any\" (has type \"Any | str\")  [misc]\nx_cls_make_all_x.py:637: error: Expression type contains \"Any\" (has type \"Any | str\")  [misc]\nx_cls_make_all_x.py:637: error: Expression type contains \"Any\" (has type \"Any | None\")  [misc]\nx_cls_make_all_x.py:646: error: Expression type contains \"Any\" (has type \"Any | None\")  [misc]\nx_cls_make_all_x.py:942: error: Expression has type \"Any\"  [misc]\nx_cls_make_all_x.py:945: error: Expression has type \"Any\"  [misc]\nx_cls_make_all_x.py:1281: error: Expression type contains \"Any\" (has type \"Any | None\")  [misc]\nx_cls_make_all_x.py:1282: error: Expression has type \"Any\"  [misc]\nx_cls_make_all_x.py:1282: error: Expression type contains \"Any\" (has type \"Any | str | None\")  [misc]\nx_cls_make_all_x.py:1282: error: Expression type contains \"Any\" (has type \"Any | None\")  [misc]\nx_cls_make_all_x.py:1283: error: Expression type contains \"Any\" (has type \"Any | str | None\")  [misc]\nx_cls_make_all_x.py:1287: error: Expression type contains \"Any\" (has type \"Any | bool\")  [misc]\nx_cls_make_all_x.py:1299: error: Expression type contains \"Any\" (has type \"Any | None\")  [misc]\nx_cls_make_all_x.py:1300: error: Expression type contains \"Any\" (has type \"Any | None\")  [misc]\nx_cls_make_all_x.py:1303: error: Expression has type \"Any\"  [misc]\nx_cls_make_all_x.py:1305: error: Expression type contains \"Any\" (has type \"Any | None\")  [misc]\nx_cls_make_all_x.py:1307: error: Expression type contains \"Any\" (has type \"Any | None\")  [misc]\nx_cls_make_all_x.py:1307: error: Expression type contains \"Any\" (has type \"Any | str\")  [misc]\nx_cls_make_all_x.py:1311: error: Expression type contains \"Any\" (has type \"Any | str\")  [misc]\nruntime_benchmark.py:154: error: Expression type contains \"Any\" (has type \"list[Any]\")  [misc]\nruntime_benchmark.py:185: error: Expression has type \"Any\"  [misc]\nruntime_benchmark.py:186: error: Expression has type \"Any\"  [misc]\nruntime_benchmark.py:187: error: Expression has type \"Any\"  [misc]\nruntime_benchmark.py:188: error: Expression has type \"Any\"  [misc]\nruntime_benchmark.py:190: error: Expression has type \"Any\"  [misc]\nruntime_benchmark.py:191: error: Expression has type \"Any\"  [misc]\ntests\\test_visitor_runtime.py:15: error: Expression type contains \"Any\" (has type \"Callable[[Any], None]\")  [misc]\ntests\\test_visitor_runtime.py:30: error: Function is missing a return type annotation  [no-untyped-def]\ntests\\test_visitor_runtime.py:42: error: Module \"x_0_make_all_x.x_cls_make_all_x\" does not explicitly export attribute \"subprocess\"  [attr-defined]\ntests\\test_visitor_runtime.py:42: error: Expression type contains \"Any\" (has type \"Callable[[list[str], NamedArg(bool, 'capture_output'), NamedArg(bool, 'text'), NamedArg(dict[str, str], 'env'), NamedArg(bool, 'check')], Any]\")  [misc]\ntests\\test_visitor_runtime.py:86: error: Module \"x_0_make_all_x.x_cls_make_all_x\" does not explicitly export attribute \"subprocess\"  [attr-defined]\ntests\\test_visitor_runtime.py:104: error: Module \"x_0_make_all_x.x_cls_make_all_x\" does not explicitly export attribute \"os\"  [attr-defined]\ntests\\test_visitor_runtime.py:111: error: Module \"x_0_make_all_x.x_cls_make_all_x\" does not explicitly export attribute \"os\"  [attr-defined]\ntests\\test_visitor_runtime.py:118: error: Module \"x_0_make_all_x.x_cls_make_all_x\" does not explicitly export attribute \"os\"  [attr-defined]\ntests\\test_visitor_runtime.py:126: error: Module \"x_0_make_all_x.x_cls_make_all_x\" does not explicitly export attribute \"importlib\"  [attr-defined]\ntests\\test_visitor_runtime.py:126: error: Expression has type \"Any\"  [misc]\ntests\\test_visitor_runtime.py:128: error: Function is missing a return type annotation  [no-untyped-def]\ntests\\test_visitor_runtime.py:131: error: Expression has type \"Any\"  [misc]\ntests\\test_visitor_runtime.py:133: error: Module \"x_0_make_all_x.x_cls_make_all_x\" does not explicitly export attribute \"importlib\"  [attr-defined]\ntests\\test_visitor_runtime.py:133: error: Expression type contains \"Any\" (has type \"Callable[[str, str | None], Any]\")  [misc]\ntests\\test_orchestrator_visitor.py:116: error: Expression type contains \"Any\" (has type \"tuple[str, str]\")  [misc]\nFound 42 errors in 4 files (checked 21 source files)\n",
                "tool": "mypy",
                "tool_module": "mypy",
                "tool_version": "mypy 1.18.2 (compiled: yes)"
            },
            "exit": "exit 1",
            "message": "mypy failed for x_0_make_all_x (exit 1)\ncwd: C:\\x_runner_x\\x_0_make_all_x\ncommand: C:\\x_runner_x\\x_make_yahw_x\\.venv\\Scripts\\python.exe -m mypy . --strict --no-warn-unused-configs --show-error-codes --warn-return-any --warn-unreachable --disallow-any-unimported --disallow-any-expr --disallow-any-decorated --disallow-any-explicit\nstarted_at: 2025-10-14T15:29:15.998078+00:00\nduration: 2.168s\ntool_version: mypy 1.18.2 (compiled: yes)\nstdout:\nx_cls_make_all_x.py:633: error: Expression type contains \"Any\" (has type \"Any | None\")  [misc]\nx_cls_make_all_x.py:636: error: Expression type contains \"Any\" (has type \"Any | str\")  [misc]\nx_cls_make_all_x.py:637: error: Expression type contains \"Any\" (has type \"Any | str\")  [misc]\nx_cls_make_all_x.py:637: error: Expression type contains \"Any\" (has type \"Any | None\")  [misc]\nx_cls_make_all_x.py:646: error: Expression type contains \"Any\" (has type \"Any | None\")  [misc]\n\u2026\nstderr:\n<empty>",
            "repo": "x_0_make_all_x",
            "repo_path": "C:\\x_runner_x\\x_0_make_all_x",
            "stderr_preview": null,
            "stdout_preview": "x_cls_make_all_x.py:633: error: Expression type contains \"Any\" (has type \"Any | None\")  [misc]\nx_cls_make_all_x.py:636: error: Expression type contains \"Any\" (has type \"Any | str\")  [misc]\nx_cls_make_all_x.py:637: error: Expression type contains \"Any\" (has type \"Any | str\")  [misc]\nx_cls_make_all_x.py:637: error: Expression type contains \"Any\" (has type \"Any | None\")  [misc]\nx_cls_make_all_x.py:646: error: Expression type contains \"Any\" (has type \"Any | None\")  [misc]\n\u2026",
            "suggested_action": "Investigate",
            "summary": "mypy failed for x_0_make_all_x (exit 1) cwd: C:\\x_runner_x\\x_0_make_all_x command: C:\\x_runner_x\\x_make_yahw_x\\.venv\\Scripts\\python.exe -m mypy . --strict --no-warn-unused-configs --show-error-codes --warn-return-any --warn-unreachable --d\u2026",
            "tool": "mypy",
            "tool_version": "mypy 1.18.2 (compiled: yes)"
        },
        {
            "captured_at": "2025-10-14T15:28:58.002991+00:00",
            "command": "C:\\x_runner_x\\x_make_yahw_x\\.venv\\Scripts\\python.exe -m ruff check . --select ALL --ignore D,COM812,ISC001,T20 --line-length 88 --target-version py311",
            "detail": {
                "cached": false,
                "cmd": [
                    "C:\\x_runner_x\\x_make_yahw_x\\.venv\\Scripts\\python.exe",
                    "-m",
                    "ruff",
                    "check",
                    ".",
                    "--select",
                    "ALL",
                    "--ignore",
                    "D,COM812,ISC001,T20",
                    "--line-length",
                    "88",
                    "--target-version",
                    "py311"
                ],
                "cmd_display": "C:\\x_runner_x\\x_make_yahw_x\\.venv\\Scripts\\python.exe -m ruff check . --select ALL --ignore D,COM812,ISC001,T20 --line-length 88 --target-version py311",
                "cwd": "C:\\x_runner_x\\x_0_make_all_x",
                "duration_seconds": 0.36425049998797476,
                "ended_at": "2025-10-14T15:28:58.002991+00:00",
                "exit": 1,
                "repo": "x_0_make_all_x",
                "repo_hash": "7044bf8b5bba7c11df8460be4ecd3efb26c85f03d31097399e0af5be8dff7121",
                "repo_path": "C:\\x_runner_x\\x_0_make_all_x",
                "started_at": "2025-10-14T15:28:57.638740+00:00",
                "stderr": "",
                "stdout": "F404 `from __future__` imports must occur at the beginning of the file\n  --> dynamo_bridge.py:8:1\n   |\n 6 | \"\"\"\n 7 |\n 8 | from __future__ import annotations\n   | ^^^^^^^^^^^^^^^^^^^^^^^^^^^^^^^^^^\n 9 |\n10 | from x_0_make_all_x.legatus_bridge import (\n   |\n\nE402 Module level import not at top of file\n  --> dynamo_bridge.py:8:1\n   |\n 6 | \"\"\"\n 7 |\n 8 | from __future__ import annotations\n   | ^^^^^^^^^^^^^^^^^^^^^^^^^^^^^^^^^^\n 9 |\n10 | from x_0_make_all_x.legatus_bridge import (\n   |\n\nE402 Module level import not at top of file\n  --> dynamo_bridge.py:10:1\n   |\n 8 |   from __future__ import annotations\n 9 |\n10 | / from x_0_make_all_x.legatus_bridge import (\n11 | |     LegatusBootstrapResult,\n12 | |     LegatusConfig,\n13 | |     bootstrap,\n14 | | )\n   | |_^\n15 |\n16 |   __all__ = [\n   |\n\nPLR0915 Too many statements (75 > 50)\n   --> interface\\gui\\app.py:122:9\n    |\n120 |     telemetry_event = QtCore.Signal(object)\n121 |\n122 |     def __init__(\n    |         ^^^^^^^^\n123 |         self,\n124 |         workspace_root: Path | str,\n    |\n\nFBT001 Boolean-typed positional argument in function definition\n   --> interface\\gui\\app.py:248:37\n    |\n246 |         self._update_summary_label()\n247 |\n248 |     def _handle_order_toggled(self, checked: bool) -> None:\n    |                                     ^^^^^^^\n249 |         self._newest_first = not checked\n250 |         if self._newest_first:\n    |\n\nC901 `_log_activity_from_event` is too complex (22 > 10)\n   --> interface\\gui\\app.py:511:9\n    |\n509 |         return tuple(failures)\n510 |\n511 |     def _log_activity_from_event(self, event: Mapping[str, object]) -> None:\n    |         ^^^^^^^^^^^^^^^^^^^^^^^^\n512 |         source_value = event.get(\"source\")\n513 |         if not isinstance(source_value, str):\n    |\n\nPLR0912 Too many branches (23 > 12)\n   --> interface\\gui\\app.py:511:9\n    |\n509 |         return tuple(failures)\n510 |\n511 |     def _log_activity_from_event(self, event: Mapping[str, object]) -> None:\n    |         ^^^^^^^^^^^^^^^^^^^^^^^^\n512 |         source_value = event.get(\"source\")\n513 |         if not isinstance(source_value, str):\n    |\n\nPLR0915 Too many statements (69 > 50)\n   --> interface\\gui\\app.py:511:9\n    |\n509 |         return tuple(failures)\n510 |\n511 |     def _log_activity_from_event(self, event: Mapping[str, object]) -> None:\n    |         ^^^^^^^^^^^^^^^^^^^^^^^^\n512 |         source_value = event.get(\"source\")\n513 |         if not isinstance(source_value, str):\n    |\n\nE501 Line too long (89 > 88)\n   --> interface\\gui\\app.py:651:89\n    |\n649 |         self._runtime_history.append(history_entry)\n650 |         if len(self._runtime_history) > self._runtime_history_limit:\n651 |             self._runtime_history = self._runtime_history[-self._runtime_history_limit :]\n    |                                                                                         ^\n652 |         self._update_summary_label()\n    |\n\nE501 Line too long (103 > 88)\n   --> interface\\gui\\app.py:658:89\n    |\n656 |             return\n657 |         details_obj = event.get(\"details\")\n658 |         details = cast(\"Mapping[str, object]\", details_obj) if isinstance(details_obj, Mapping) else {}\n    |                                                                                         ^^^^^^^^^^^^^^^\n659 |         status_val = event.get(\"status\")\n660 |         status = status_val if isinstance(status_val, str) else \"unknown\"\n    |\n\nE501 Line too long (92 > 88)\n   --> interface\\gui\\app.py:662:89\n    |\n660 |         status = status_val if isinstance(status_val, str) else \"unknown\"\n661 |         profile_val = details.get(\"profile\")\n662 |         profile = profile_val if isinstance(profile_val, str) and profile_val else \"default\"\n    |                                                                                         ^^^^\n663 |         enabled_val = details.get(\"enabled\")\n664 |         enabled = bool(enabled_val) if isinstance(enabled_val, bool) else False\n    |\n\nTC003 Move standard library import `collections.abc.Mapping` into a type-checking block\n --> legatus_bridge.py:3:29\n  |\n1 | from __future__ import annotations\n2 |\n3 | from collections.abc import Mapping\n  |                             ^^^^^^^\n4 | from dataclasses import dataclass\n5 | from pathlib import Path\n  |\nhelp: Move into type-checking block\n\nTC003 Move standard library import `collections.abc.Iterable` into a type-checking block\n --> runtime_benchmark.py:6:29\n  |\n4 | import json\n5 | import statistics\n6 | from collections.abc import Iterable, Sequence\n  |                             ^^^^^^^^\n7 | from dataclasses import dataclass\n8 | from datetime import UTC, datetime\n  |\nhelp: Move into type-checking block\n\nTC003 Move standard library import `collections.abc.Sequence` into a type-checking block\n --> runtime_benchmark.py:6:39\n  |\n4 | import json\n5 | import statistics\n6 | from collections.abc import Iterable, Sequence\n  |                                       ^^^^^^^^\n7 | from dataclasses import dataclass\n8 | from datetime import UTC, datetime\n  |\nhelp: Move into type-checking block\n\nRET504 Unnecessary assignment to `summary` before `return` statement\n   --> runtime_benchmark.py:142:12\n    |\n140 |         results=results,\n141 |     )\n142 |     return summary\n    |            ^^^^^^^\n    |\nhelp: Remove unnecessary assignment\n\nTC003 Move standard library import `pathlib.Path` into a type-checking block\n --> tests\\test_legatus_integration.py:5:21\n  |\n3 | import argparse\n4 | from collections.abc import Mapping, Sequence\n5 | from pathlib import Path\n  |                     ^^^^\n6 | from typing import cast\n  |\nhelp: Move into type-checking block\n\nTC002 Move third-party import `pytest` into a type-checking block\n  --> tests\\test_legatus_integration.py:8:8\n   |\n 6 | from typing import cast\n 7 |\n 8 | import pytest\n   |        ^^^^^^\n 9 |\n10 | import x_0_make_all_x.x_cls_make_all_x as orchestrator_module\n   |\nhelp: Move into type-checking block\n\nARG001 Unused function argument: `self`\n  --> tests\\test_legatus_integration.py:22:16\n   |\n22 | def _noop_mypy(self: MakeAllOrchestrator) -> None:  # pragma: no cover - test helper\n   |                ^^^^\n23 |     return None\n   |\n\nARG001 Unused function argument: `self`\n  --> tests\\test_legatus_integration.py:26:25\n   |\n26 | def _noop_build_context(self: MakeAllOrchestrator) -> None:  # pragma: no cover - test helper\n   |                         ^^^^\n27 |     return None\n   |\n\nE501 Line too long (93 > 88)\n  --> tests\\test_legatus_integration.py:26:89\n   |\n26 | def _noop_build_context(self: MakeAllOrchestrator) -> None:  # pragma: no cover - test helper\n   |                                                                                         ^^^^^\n27 |     return None\n   |\n\nARG001 Unused function argument: `self`\n  --> tests\\test_legatus_integration.py:30:28\n   |\n30 | def _noop_orchestrator_run(self: MakeAllOrchestrator, _ctx: object) -> None:  # pragma: no cover - test helper\n   |                            ^^^^\n31 |     return None\n   |\n\nE501 Line too long (110 > 88)\n  --> tests\\test_legatus_integration.py:30:89\n   |\n30 | def _noop_orchestrator_run(self: MakeAllOrchestrator, _ctx: object) -> None:  # pragma: no cover - test helper\n   |                                                                                         ^^^^^^^^^^^^^^^^^^^^^^\n31 |     return None\n   |\n\nTRY003 Avoid specifying long messages outside the exception class\n  --> tests\\test_legatus_integration.py:46:11\n   |\n44 |             if typed_payload.get(\"source\") == \"legatus\":\n45 |                 return typed_payload\n46 |     raise AssertionError(\"Legatus telemetry event not found\")\n   |           ^^^^^^^^^^^^^^^^^^^^^^^^^^^^^^^^^^^^^^^^^^^^^^^^^^^\n   |\n\nEM101 Exception must not use a string literal, assign to variable first\n  --> tests\\test_legatus_integration.py:46:26\n   |\n44 |             if typed_payload.get(\"source\") == \"legatus\":\n45 |                 return typed_payload\n46 |     raise AssertionError(\"Legatus telemetry event not found\")\n   |                          ^^^^^^^^^^^^^^^^^^^^^^^^^^^^^^^^^^^\n   |\nhelp: Assign to variable; remove string literal\n\nE501 Line too long (95 > 88)\n  --> tests\\test_legatus_integration.py:49:89\n   |\n49 | def test_legatus_config_env_overrides(monkeypatch: pytest.MonkeyPatch, tmp_path: Path) -> None:\n   |                                                                                         ^^^^^^^\n50 |     monkeypatch.setenv(\"MAKE_WITH_LEGATUS\", \"1\")\n51 |     monkeypatch.setenv(\"MAKE_LEGATUS_PROFILE\", \"prod\")\n   |\n\nS101 Use of `assert` detected\n  --> tests\\test_legatus_integration.py:57:5\n   |\n55 |     config = legatus_config_from_args(args)\n56 |\n57 |     assert config.enabled is True\n   |     ^^^^^^\n58 |     assert config.profile == \"prod\"\n59 |     assert config.root == tmp_path.resolve()\n   |\n\nS101 Use of `assert` detected\n  --> tests\\test_legatus_integration.py:58:5\n   |\n57 |     assert config.enabled is True\n58 |     assert config.profile == \"prod\"\n   |     ^^^^^^\n59 |     assert config.root == tmp_path.resolve()\n   |\n\nS101 Use of `assert` detected\n  --> tests\\test_legatus_integration.py:59:5\n   |\n57 |     assert config.enabled is True\n58 |     assert config.profile == \"prod\"\n59 |     assert config.root == tmp_path.resolve()\n   |     ^^^^^^\n   |\n\nE501 Line too long (98 > 88)\n  --> tests\\test_legatus_integration.py:62:89\n   |\n62 | def test_legatus_config_cli_disables_env(monkeypatch: pytest.MonkeyPatch, tmp_path: Path) -> None:\n   |                                                                                         ^^^^^^^^^^\n63 |     monkeypatch.setenv(\"MAKE_WITH_LEGATUS\", \"1\")\n64 |     monkeypatch.setenv(\"MAKE_LEGATUS_ROOT\", str(tmp_path))\n   |\n\nS101 Use of `assert` detected\n  --> tests\\test_legatus_integration.py:69:5\n   |\n67 |     config = legatus_config_from_args(args)\n68 |\n69 |     assert config.enabled is False\n   |     ^^^^^^\n70 |     assert config.profile == \"qa\"\n71 |     assert config.root == tmp_path.resolve()\n   |\n\nS101 Use of `assert` detected\n  --> tests\\test_legatus_integration.py:70:5\n   |\n69 |     assert config.enabled is False\n70 |     assert config.profile == \"qa\"\n   |     ^^^^^^\n71 |     assert config.root == tmp_path.resolve()\n   |\n\nS101 Use of `assert` detected\n  --> tests\\test_legatus_integration.py:71:5\n   |\n69 |     assert config.enabled is False\n70 |     assert config.profile == \"qa\"\n71 |     assert config.root == tmp_path.resolve()\n   |     ^^^^^^\n   |\n\nE501 Line too long (90 > 88)\n  --> tests\\test_legatus_integration.py:74:89\n   |\n74 | def test_bootstrap_legatus_ready(monkeypatch: pytest.MonkeyPatch, tmp_path: Path) -> None:\n   |                                                                                         ^^\n75 |     events: list[object] = []\n76 |     monkeypatch.setattr(orchestrator_module, \"emit_event\", events.append)\n   |\n\nS101 Use of `assert` detected\n  --> tests\\test_legatus_integration.py:90:5\n   |\n89 |     result = orchestrator.legatus_bootstrap\n90 |     assert result is not None\n   |     ^^^^^^\n91 |     assert result.status == \"ready\"\n92 |     assert events, \"expected telemetry event for legatus bootstrap\"\n   |\n\nS101 Use of `assert` detected\n  --> tests\\test_legatus_integration.py:91:5\n   |\n89 |     result = orchestrator.legatus_bootstrap\n90 |     assert result is not None\n91 |     assert result.status == \"ready\"\n   |     ^^^^^^\n92 |     assert events, \"expected telemetry event for legatus bootstrap\"\n93 |     payload_map = _latest_legatus_event(events)\n   |\n\nS101 Use of `assert` detected\n  --> tests\\test_legatus_integration.py:92:5\n   |\n90 |     assert result is not None\n91 |     assert result.status == \"ready\"\n92 |     assert events, \"expected telemetry event for legatus bootstrap\"\n   |     ^^^^^^\n93 |     payload_map = _latest_legatus_event(events)\n94 |     assert payload_map[\"status\"] == \"succeeded\"\n   |\n\nS101 Use of `assert` detected\n  --> tests\\test_legatus_integration.py:94:5\n   |\n92 |     assert events, \"expected telemetry event for legatus bootstrap\"\n93 |     payload_map = _latest_legatus_event(events)\n94 |     assert payload_map[\"status\"] == \"succeeded\"\n   |     ^^^^^^\n   |\n\nE501 Line too long (106 > 88)\n  --> tests\\test_legatus_integration.py:97:89\n   |\n97 | def test_bootstrap_legatus_missing_reports_error(monkeypatch: pytest.MonkeyPatch, tmp_path: Path) -> None:\n   |                                                                                         ^^^^^^^^^^^^^^^^^^\n98 |     events: list[object] = []\n99 |     monkeypatch.setattr(orchestrator_module, \"emit_event\", events.append)\n   |\n\nS101 Use of `assert` detected\n   --> tests\\test_legatus_integration.py:110:5\n    |\n109 |     result = orchestrator.legatus_bootstrap\n110 |     assert result is not None\n    |     ^^^^^^\n111 |     assert result.status in {\"error\", \"failed\"}\n112 |     assert events, \"expected telemetry event for missing legatus bootstrap\"\n    |\n\nS101 Use of `assert` detected\n   --> tests\\test_legatus_integration.py:111:5\n    |\n109 |     result = orchestrator.legatus_bootstrap\n110 |     assert result is not None\n111 |     assert result.status in {\"error\", \"failed\"}\n    |     ^^^^^^\n112 |     assert events, \"expected telemetry event for missing legatus bootstrap\"\n113 |     payload_map = _latest_legatus_event(events)\n    |\n\nS101 Use of `assert` detected\n   --> tests\\test_legatus_integration.py:112:5\n    |\n110 |     assert result is not None\n111 |     assert result.status in {\"error\", \"failed\"}\n112 |     assert events, \"expected telemetry event for missing legatus bootstrap\"\n    |     ^^^^^^\n113 |     payload_map = _latest_legatus_event(events)\n114 |     assert payload_map[\"status\"] == \"failed\"\n    |\n\nS101 Use of `assert` detected\n   --> tests\\test_legatus_integration.py:114:5\n    |\n112 |     assert events, \"expected telemetry event for missing legatus bootstrap\"\n113 |     payload_map = _latest_legatus_event(events)\n114 |     assert payload_map[\"status\"] == \"failed\"\n    |     ^^^^^^\n115 |     details_obj = payload_map.get(\"details\")\n116 |     assert isinstance(details_obj, Mapping)\n    |\n\nS101 Use of `assert` detected\n   --> tests\\test_legatus_integration.py:116:5\n    |\n114 |     assert payload_map[\"status\"] == \"failed\"\n115 |     details_obj = payload_map.get(\"details\")\n116 |     assert isinstance(details_obj, Mapping)\n    |     ^^^^^^\n117 |     details_map = cast(\"Mapping[str, object]\", details_obj)\n118 |     project_root_value = details_map.get(\"project_root\")\n    |\n\nS101 Use of `assert` detected\n   --> tests\\test_legatus_integration.py:119:5\n    |\n117 |     details_map = cast(\"Mapping[str, object]\", details_obj)\n118 |     project_root_value = details_map.get(\"project_root\")\n119 |     assert isinstance(project_root_value, str)\n    |     ^^^^^^\n120 |     assert project_root_value.endswith(\"nope\")\n    |\n\nS101 Use of `assert` detected\n   --> tests\\test_legatus_integration.py:120:5\n    |\n118 |     project_root_value = details_map.get(\"project_root\")\n119 |     assert isinstance(project_root_value, str)\n120 |     assert project_root_value.endswith(\"nope\")\n    |     ^^^^^^\n    |\n\nTC003 Move standard library import `pathlib.Path` into a type-checking block\n --> tests\\test_orchestrator_visitor.py:3:21\n  |\n1 | from __future__ import annotations\n2 |\n3 | from pathlib import Path\n  |                     ^^^^\n4 |\n5 | import pytest\n  |\nhelp: Move into type-checking block\n\nTC002 Move third-party import `pytest` into a type-checking block\n --> tests\\test_orchestrator_visitor.py:5:8\n  |\n3 | from pathlib import Path\n4 |\n5 | import pytest\n  |        ^^^^^^\n6 | from x_make_common_x.telemetry import TelemetryEvent\n7 | from x_make_github_visitor_x.inspection_flow import VisitorRunResult\n  |\nhelp: Move into type-checking block\n\nTC002 Move third-party import `x_make_common_x.telemetry.TelemetryEvent` into a type-checking block\n --> tests\\test_orchestrator_visitor.py:6:39\n  |\n5 | import pytest\n6 | from x_make_common_x.telemetry import TelemetryEvent\n  |                                       ^^^^^^^^^^^^^^\n7 | from x_make_github_visitor_x.inspection_flow import VisitorRunResult\n  |\nhelp: Move into type-checking block\n\nTRY003 Avoid specifying long messages outside the exception class\n  --> tests\\test_orchestrator_visitor.py:21:15\n   |\n20 |     def _raise_assertion(**_kwargs: object) -> None:\n21 |         raise AssertionError(\"toolchain failures detected\")\n   |               ^^^^^^^^^^^^^^^^^^^^^^^^^^^^^^^^^^^^^^^^^^^^^\n22 |\n23 |     monkeypatch.setattr(orchestrator_module, \"run_inspection\", _raise_assertion)\n   |\n\nEM101 Exception must not use a string literal, assign to variable first\n  --> tests\\test_orchestrator_visitor.py:21:30\n   |\n20 |     def _raise_assertion(**_kwargs: object) -> None:\n21 |         raise AssertionError(\"toolchain failures detected\")\n   |                              ^^^^^^^^^^^^^^^^^^^^^^^^^^^^^\n22 |\n23 |     monkeypatch.setattr(orchestrator_module, \"run_inspection\", _raise_assertion)\n   |\nhelp: Assign to variable; remove string literal\n\nS101 Use of `assert` detected\n  --> tests\\test_orchestrator_visitor.py:27:5\n   |\n25 |     orchestrator.run_visitor(cloner=object(), ctx=None)\n26 |\n27 |     assert orchestrator.visitor_status == \"failed\"\n   |     ^^^^^^\n28 |     assert orchestrator.visitor_report_path is None\n29 |     assert orchestrator.visitor_failure_message == \"toolchain failures detected\"\n   |\n\nS101 Use of `assert` detected\n  --> tests\\test_orchestrator_visitor.py:28:5\n   |\n27 |     assert orchestrator.visitor_status == \"failed\"\n28 |     assert orchestrator.visitor_report_path is None\n   |     ^^^^^^\n29 |     assert orchestrator.visitor_failure_message == \"toolchain failures detected\"\n30 |     snapshot = orchestrator.visitor_runtime_snapshot\n   |\n\nS101 Use of `assert` detected\n  --> tests\\test_orchestrator_visitor.py:29:5\n   |\n27 |     assert orchestrator.visitor_status == \"failed\"\n28 |     assert orchestrator.visitor_report_path is None\n29 |     assert orchestrator.visitor_failure_message == \"toolchain failures detected\"\n   |     ^^^^^^\n30 |     snapshot = orchestrator.visitor_runtime_snapshot\n31 |     assert snapshot.mode == \"in-process\"\n   |\n\nS101 Use of `assert` detected\n  --> tests\\test_orchestrator_visitor.py:31:5\n   |\n29 |     assert orchestrator.visitor_failure_message == \"toolchain failures detected\"\n30 |     snapshot = orchestrator.visitor_runtime_snapshot\n31 |     assert snapshot.mode == \"in-process\"\n   |     ^^^^^^\n32 |     assert snapshot.command == ()\n33 |     assert snapshot.disable_cache is False\n   |\n\nS101 Use of `assert` detected\n  --> tests\\test_orchestrator_visitor.py:32:5\n   |\n30 |     snapshot = orchestrator.visitor_runtime_snapshot\n31 |     assert snapshot.mode == \"in-process\"\n32 |     assert snapshot.command == ()\n   |     ^^^^^^\n33 |     assert snapshot.disable_cache is False\n34 |     assert orchestrator.visitor_runtime_summary == \"in-process (default interpreter)\"\n   |\n\nS101 Use of `assert` detected\n  --> tests\\test_orchestrator_visitor.py:33:5\n   |\n31 |     assert snapshot.mode == \"in-process\"\n32 |     assert snapshot.command == ()\n33 |     assert snapshot.disable_cache is False\n   |     ^^^^^^\n34 |     assert orchestrator.visitor_runtime_summary == \"in-process (default interpreter)\"\n35 |     assert captured_events[-1][\"status\"] == \"failed\"\n   |\n\nS101 Use of `assert` detected\n  --> tests\\test_orchestrator_visitor.py:34:5\n   |\n32 |     assert snapshot.command == ()\n33 |     assert snapshot.disable_cache is False\n34 |     assert orchestrator.visitor_runtime_summary == \"in-process (default interpreter)\"\n   |     ^^^^^^\n35 |     assert captured_events[-1][\"status\"] == \"failed\"\n36 |     details = captured_events[-1][\"details\"]\n   |\n\nS101 Use of `assert` detected\n  --> tests\\test_orchestrator_visitor.py:35:5\n   |\n33 |     assert snapshot.disable_cache is False\n34 |     assert orchestrator.visitor_runtime_summary == \"in-process (default interpreter)\"\n35 |     assert captured_events[-1][\"status\"] == \"failed\"\n   |     ^^^^^^\n36 |     details = captured_events[-1][\"details\"]\n37 |     assert isinstance(details, dict)\n   |\n\nS101 Use of `assert` detected\n  --> tests\\test_orchestrator_visitor.py:37:5\n   |\n35 |     assert captured_events[-1][\"status\"] == \"failed\"\n36 |     details = captured_events[-1][\"details\"]\n37 |     assert isinstance(details, dict)\n   |     ^^^^^^\n38 |     assert details.get(\"continued\") is True\n39 |     assert details.get(\"runtime_mode\") == \"in-process\"\n   |\n\nS101 Use of `assert` detected\n  --> tests\\test_orchestrator_visitor.py:38:5\n   |\n36 |     details = captured_events[-1][\"details\"]\n37 |     assert isinstance(details, dict)\n38 |     assert details.get(\"continued\") is True\n   |     ^^^^^^\n39 |     assert details.get(\"runtime_mode\") == \"in-process\"\n40 |     assert details.get(\"runtime_disable_cache\") is False\n   |\n\nS101 Use of `assert` detected\n  --> tests\\test_orchestrator_visitor.py:39:5\n   |\n37 |     assert isinstance(details, dict)\n38 |     assert details.get(\"continued\") is True\n39 |     assert details.get(\"runtime_mode\") == \"in-process\"\n   |     ^^^^^^\n40 |     assert details.get(\"runtime_disable_cache\") is False\n   |\n\nS101 Use of `assert` detected\n  --> tests\\test_orchestrator_visitor.py:40:5\n   |\n38 |     assert details.get(\"continued\") is True\n39 |     assert details.get(\"runtime_mode\") == \"in-process\"\n40 |     assert details.get(\"runtime_disable_cache\") is False\n   |     ^^^^^^\n   |\n\nS101 Use of `assert` detected\n  --> tests\\test_orchestrator_visitor.py:65:5\n   |\n63 |     orchestrator.run_visitor(cloner=object(), ctx=None)\n64 |\n65 |     assert orchestrator.visitor_status == \"succeeded\"\n   |     ^^^^^^\n66 |     assert orchestrator.visitor_report_path == report_path\n67 |     assert orchestrator.visitor_failure_message is None\n   |\n\nS101 Use of `assert` detected\n  --> tests\\test_orchestrator_visitor.py:66:5\n   |\n65 |     assert orchestrator.visitor_status == \"succeeded\"\n66 |     assert orchestrator.visitor_report_path == report_path\n   |     ^^^^^^\n67 |     assert orchestrator.visitor_failure_message is None\n68 |     snapshot = orchestrator.visitor_runtime_snapshot\n   |\n\nS101 Use of `assert` detected\n  --> tests\\test_orchestrator_visitor.py:67:5\n   |\n65 |     assert orchestrator.visitor_status == \"succeeded\"\n66 |     assert orchestrator.visitor_report_path == report_path\n67 |     assert orchestrator.visitor_failure_message is None\n   |     ^^^^^^\n68 |     snapshot = orchestrator.visitor_runtime_snapshot\n69 |     assert snapshot.mode == \"in-process\"\n   |\n\nS101 Use of `assert` detected\n  --> tests\\test_orchestrator_visitor.py:69:5\n   |\n67 |     assert orchestrator.visitor_failure_message is None\n68 |     snapshot = orchestrator.visitor_runtime_snapshot\n69 |     assert snapshot.mode == \"in-process\"\n   |     ^^^^^^\n70 |     assert snapshot.command == ()\n71 |     assert snapshot.disable_cache is False\n   |\n\nS101 Use of `assert` detected\n  --> tests\\test_orchestrator_visitor.py:70:5\n   |\n68 |     snapshot = orchestrator.visitor_runtime_snapshot\n69 |     assert snapshot.mode == \"in-process\"\n70 |     assert snapshot.command == ()\n   |     ^^^^^^\n71 |     assert snapshot.disable_cache is False\n72 |     assert orchestrator.visitor_runtime_summary == \"in-process (default interpreter)\"\n   |\n\nS101 Use of `assert` detected\n  --> tests\\test_orchestrator_visitor.py:71:5\n   |\n69 |     assert snapshot.mode == \"in-process\"\n70 |     assert snapshot.command == ()\n71 |     assert snapshot.disable_cache is False\n   |     ^^^^^^\n72 |     assert orchestrator.visitor_runtime_summary == \"in-process (default interpreter)\"\n73 |     assert captured_events[-1][\"status\"] == \"succeeded\"\n   |\n\nS101 Use of `assert` detected\n  --> tests\\test_orchestrator_visitor.py:72:5\n   |\n70 |     assert snapshot.command == ()\n71 |     assert snapshot.disable_cache is False\n72 |     assert orchestrator.visitor_runtime_summary == \"in-process (default interpreter)\"\n   |     ^^^^^^\n73 |     assert captured_events[-1][\"status\"] == \"succeeded\"\n74 |     details = captured_events[-1][\"details\"]\n   |\n\nS101 Use of `assert` detected\n  --> tests\\test_orchestrator_visitor.py:73:5\n   |\n71 |     assert snapshot.disable_cache is False\n72 |     assert orchestrator.visitor_runtime_summary == \"in-process (default interpreter)\"\n73 |     assert captured_events[-1][\"status\"] == \"succeeded\"\n   |     ^^^^^^\n74 |     details = captured_events[-1][\"details\"]\n75 |     assert isinstance(details, dict)\n   |\n\nS101 Use of `assert` detected\n  --> tests\\test_orchestrator_visitor.py:75:5\n   |\n73 |     assert captured_events[-1][\"status\"] == \"succeeded\"\n74 |     details = captured_events[-1][\"details\"]\n75 |     assert isinstance(details, dict)\n   |     ^^^^^^\n76 |     assert details.get(\"artifact_path\") == str(report_path)\n77 |     assert details.get(\"runtime_mode\") == \"in-process\"\n   |\n\nS101 Use of `assert` detected\n  --> tests\\test_orchestrator_visitor.py:76:5\n   |\n74 |     details = captured_events[-1][\"details\"]\n75 |     assert isinstance(details, dict)\n76 |     assert details.get(\"artifact_path\") == str(report_path)\n   |     ^^^^^^\n77 |     assert details.get(\"runtime_mode\") == \"in-process\"\n78 |     assert details.get(\"runtime_disable_cache\") is False\n   |\n\nS101 Use of `assert` detected\n  --> tests\\test_orchestrator_visitor.py:77:5\n   |\n75 |     assert isinstance(details, dict)\n76 |     assert details.get(\"artifact_path\") == str(report_path)\n77 |     assert details.get(\"runtime_mode\") == \"in-process\"\n   |     ^^^^^^\n78 |     assert details.get(\"runtime_disable_cache\") is False\n   |\n\nS101 Use of `assert` detected\n  --> tests\\test_orchestrator_visitor.py:78:5\n   |\n76 |     assert details.get(\"artifact_path\") == str(report_path)\n77 |     assert details.get(\"runtime_mode\") == \"in-process\"\n78 |     assert details.get(\"runtime_disable_cache\") is False\n   |     ^^^^^^\n   |\n\nS101 Use of `assert` detected\n   --> tests\\test_orchestrator_visitor.py:104:5\n    |\n102 |     orchestrator.run_visitor(cloner=object(), ctx=None)\n103 |\n104 |     assert orchestrator.visitor_status == \"failed\"\n    |     ^^^^^^\n105 |     assert orchestrator.visitor_report_path == report_path\n106 |     assert orchestrator.visitor_failure_message == (\n    |\n\nS101 Use of `assert` detected\n   --> tests\\test_orchestrator_visitor.py:105:5\n    |\n104 |     assert orchestrator.visitor_status == \"failed\"\n105 |     assert orchestrator.visitor_report_path == report_path\n    |     ^^^^^^\n106 |     assert orchestrator.visitor_failure_message == (\n107 |         f\"{len(failure_messages)} tool failures recorded\"\n    |\n\nS101 Use of `assert` detected\n   --> tests\\test_orchestrator_visitor.py:106:5\n    |\n104 |     assert orchestrator.visitor_status == \"failed\"\n105 |     assert orchestrator.visitor_report_path == report_path\n106 |     assert orchestrator.visitor_failure_message == (\n    |     ^^^^^^\n107 |         f\"{len(failure_messages)} tool failures recorded\"\n108 |     )\n    |\n\nS101 Use of `assert` detected\n   --> tests\\test_orchestrator_visitor.py:110:5\n    |\n108 |     )\n109 |     snapshot = orchestrator.visitor_runtime_snapshot\n110 |     assert snapshot.mode == \"in-process\"\n    |     ^^^^^^\n111 |     details = captured_events[-1][\"details\"]\n112 |     assert isinstance(details, dict)\n    |\n\nS101 Use of `assert` detected\n   --> tests\\test_orchestrator_visitor.py:112:5\n    |\n110 |     assert snapshot.mode == \"in-process\"\n111 |     details = captured_events[-1][\"details\"]\n112 |     assert isinstance(details, dict)\n    |     ^^^^^^\n113 |     assert details.get(\"artifact_path\") == str(report_path)\n114 |     assert details.get(\"failure_count\") == len(failure_messages)\n    |\n\nS101 Use of `assert` detected\n   --> tests\\test_orchestrator_visitor.py:113:5\n    |\n111 |     details = captured_events[-1][\"details\"]\n112 |     assert isinstance(details, dict)\n113 |     assert details.get(\"artifact_path\") == str(report_path)\n    |     ^^^^^^\n114 |     assert details.get(\"failure_count\") == len(failure_messages)\n115 |     assert details.get(\"continued\") is True\n    |\n\nS101 Use of `assert` detected\n   --> tests\\test_orchestrator_visitor.py:114:5\n    |\n112 |     assert isinstance(details, dict)\n113 |     assert details.get(\"artifact_path\") == str(report_path)\n114 |     assert details.get(\"failure_count\") == len(failure_messages)\n    |     ^^^^^^\n115 |     assert details.get(\"continued\") is True\n116 |     assert details.get(\"failure_preview\") == list(failure_messages[:3])\n    |\n\nS101 Use of `assert` detected\n   --> tests\\test_orchestrator_visitor.py:115:5\n    |\n113 |     assert details.get(\"artifact_path\") == str(report_path)\n114 |     assert details.get(\"failure_count\") == len(failure_messages)\n115 |     assert details.get(\"continued\") is True\n    |     ^^^^^^\n116 |     assert details.get(\"failure_preview\") == list(failure_messages[:3])\n117 |     assert captured_events[-1][\"status\"] == \"failed\"\n    |\n\nS101 Use of `assert` detected\n   --> tests\\test_orchestrator_visitor.py:116:5\n    |\n114 |     assert details.get(\"failure_count\") == len(failure_messages)\n115 |     assert details.get(\"continued\") is True\n116 |     assert details.get(\"failure_preview\") == list(failure_messages[:3])\n    |     ^^^^^^\n117 |     assert captured_events[-1][\"status\"] == \"failed\"\n    |\n\nS101 Use of `assert` detected\n   --> tests\\test_orchestrator_visitor.py:117:5\n    |\n115 |     assert details.get(\"continued\") is True\n116 |     assert details.get(\"failure_preview\") == list(failure_messages[:3])\n117 |     assert captured_events[-1][\"status\"] == \"failed\"\n    |     ^^^^^^\n    |\n\nE501 Line too long (102 > 88)\n  --> tests\\test_visitor_runtime.py:18:89\n   |\n18 | def test_run_visitor_uses_subprocess_runtime(monkeypatch: pytest.MonkeyPatch, tmp_path: Path) -> None:\n   |                                                                                         ^^^^^^^^^^^^^^\n19 |     command_invocations: list[list[str]] = []\n20 |     env_snapshots: list[dict[str, str]] = []\n   |\n\nARG001 Unused function argument: `self`\n  --> tests\\test_visitor_runtime.py:25:34\n   |\n23 |     report_path.write_text(\"{}\", encoding=\"utf-8\")\n24 |\n25 |     def _fake_detect_clones_root(self: MakeAllOrchestrator, fallback: str | None = None) -> str:\n   |                                  ^^^^\n26 |         return str(tmp_path)\n   |\n\nARG001 Unused function argument: `fallback`\n  --> tests\\test_visitor_runtime.py:25:61\n   |\n23 |     report_path.write_text(\"{}\", encoding=\"utf-8\")\n24 |\n25 |     def _fake_detect_clones_root(self: MakeAllOrchestrator, fallback: str | None = None) -> str:\n   |                                                             ^^^^^^^^\n26 |         return str(tmp_path)\n   |\n\nE501 Line too long (96 > 88)\n  --> tests\\test_visitor_runtime.py:25:89\n   |\n23 |     report_path.write_text(\"{}\", encoding=\"utf-8\")\n24 |\n25 |     def _fake_detect_clones_root(self: MakeAllOrchestrator, fallback: str | None = None) -> str:\n   |                                                                                         ^^^^^^^^\n26 |         return str(tmp_path)\n   |\n\nE501 Line too long (92 > 88)\n  --> tests\\test_visitor_runtime.py:28:89\n   |\n26 |         return str(tmp_path)\n27 |\n28 |     monkeypatch.setattr(MakeAllOrchestrator, \"detect_clones_root\", _fake_detect_clones_root)\n   |                                                                                         ^^^^\n29 |\n30 |     def _fake_run(command: list[str], *, capture_output: bool, text: bool, env: dict[str, str], check: bool):\n   |\n\nANN202 Missing return type annotation for private function `_fake_run`\n  --> tests\\test_visitor_runtime.py:30:9\n   |\n28 |     monkeypatch.setattr(MakeAllOrchestrator, \"detect_clones_root\", _fake_detect_clones_root)\n29 |\n30 |     def _fake_run(command: list[str], *, capture_output: bool, text: bool, env: dict[str, str], check: bool):\n   |         ^^^^^^^^^\n31 |         command_invocations.append(command)\n32 |         env_snapshots.append(env)\n   |\nhelp: Add return type annotation\n\nARG001 Unused function argument: `capture_output`\n  --> tests\\test_visitor_runtime.py:30:42\n   |\n28 |     monkeypatch.setattr(MakeAllOrchestrator, \"detect_clones_root\", _fake_detect_clones_root)\n29 |\n30 |     def _fake_run(command: list[str], *, capture_output: bool, text: bool, env: dict[str, str], check: bool):\n   |                                          ^^^^^^^^^^^^^^\n31 |         command_invocations.append(command)\n32 |         env_snapshots.append(env)\n   |\n\nARG001 Unused function argument: `text`\n  --> tests\\test_visitor_runtime.py:30:64\n   |\n28 |     monkeypatch.setattr(MakeAllOrchestrator, \"detect_clones_root\", _fake_detect_clones_root)\n29 |\n30 |     def _fake_run(command: list[str], *, capture_output: bool, text: bool, env: dict[str, str], check: bool):\n   |                                                                ^^^^\n31 |         command_invocations.append(command)\n32 |         env_snapshots.append(env)\n   |\n\nE501 Line too long (109 > 88)\n  --> tests\\test_visitor_runtime.py:30:89\n   |\n28 |     monkeypatch.setattr(MakeAllOrchestrator, \"detect_clones_root\", _fake_detect_clones_root)\n29 |\n30 |     def _fake_run(command: list[str], *, capture_output: bool, text: bool, env: dict[str, str], check: bool):\n   |                                                                                         ^^^^^^^^^^^^^^^^^^^^^\n31 |         command_invocations.append(command)\n32 |         env_snapshots.append(env)\n   |\n\nARG001 Unused function argument: `check`\n  --> tests\\test_visitor_runtime.py:30:97\n   |\n28 |     monkeypatch.setattr(MakeAllOrchestrator, \"detect_clones_root\", _fake_detect_clones_root)\n29 |\n30 |     def _fake_run(command: list[str], *, capture_output: bool, text: bool, env: dict[str, str], check: bool):\n   |                                                                                                 ^^^^^\n31 |         command_invocations.append(command)\n32 |         env_snapshots.append(env)\n   |\n\nS101 Use of `assert` detected\n  --> tests\\test_visitor_runtime.py:49:5\n   |\n47 |     orchestrator.run_visitor(cloner=object(), ctx=None)\n48 |\n49 |     assert orchestrator.visitor_status == \"succeeded\"\n   |     ^^^^^^\n50 |     assert orchestrator.visitor_report_path == report_path\n51 |     assert orchestrator.visitor_failure_message is None\n   |\n\nS101 Use of `assert` detected\n  --> tests\\test_visitor_runtime.py:50:5\n   |\n49 |     assert orchestrator.visitor_status == \"succeeded\"\n50 |     assert orchestrator.visitor_report_path == report_path\n   |     ^^^^^^\n51 |     assert orchestrator.visitor_failure_message is None\n52 |     snapshot = orchestrator.visitor_runtime_snapshot\n   |\n\nS101 Use of `assert` detected\n  --> tests\\test_visitor_runtime.py:51:5\n   |\n49 |     assert orchestrator.visitor_status == \"succeeded\"\n50 |     assert orchestrator.visitor_report_path == report_path\n51 |     assert orchestrator.visitor_failure_message is None\n   |     ^^^^^^\n52 |     snapshot = orchestrator.visitor_runtime_snapshot\n53 |     assert snapshot.mode == \"subprocess\"\n   |\n\nS101 Use of `assert` detected\n  --> tests\\test_visitor_runtime.py:53:5\n   |\n51 |     assert orchestrator.visitor_failure_message is None\n52 |     snapshot = orchestrator.visitor_runtime_snapshot\n53 |     assert snapshot.mode == \"subprocess\"\n   |     ^^^^^^\n54 |     assert snapshot.command == (\"pypy3\",)\n55 |     assert snapshot.disable_cache is False\n   |\n\nS101 Use of `assert` detected\n  --> tests\\test_visitor_runtime.py:54:5\n   |\n52 |     snapshot = orchestrator.visitor_runtime_snapshot\n53 |     assert snapshot.mode == \"subprocess\"\n54 |     assert snapshot.command == (\"pypy3\",)\n   |     ^^^^^^\n55 |     assert snapshot.disable_cache is False\n56 |     assert orchestrator.visitor_runtime_summary == \"subprocess [pypy3]\"\n   |\n\nS101 Use of `assert` detected\n  --> tests\\test_visitor_runtime.py:55:5\n   |\n53 |     assert snapshot.mode == \"subprocess\"\n54 |     assert snapshot.command == (\"pypy3\",)\n55 |     assert snapshot.disable_cache is False\n   |     ^^^^^^\n56 |     assert orchestrator.visitor_runtime_summary == \"subprocess [pypy3]\"\n57 |     assert command_invocations, \"subprocess runtime command not invoked\"\n   |\n\nS101 Use of `assert` detected\n  --> tests\\test_visitor_runtime.py:56:5\n   |\n54 |     assert snapshot.command == (\"pypy3\",)\n55 |     assert snapshot.disable_cache is False\n56 |     assert orchestrator.visitor_runtime_summary == \"subprocess [pypy3]\"\n   |     ^^^^^^\n57 |     assert command_invocations, \"subprocess runtime command not invoked\"\n58 |     first_command = command_invocations[0]\n   |\n\nS101 Use of `assert` detected\n  --> tests\\test_visitor_runtime.py:57:5\n   |\n55 |     assert snapshot.disable_cache is False\n56 |     assert orchestrator.visitor_runtime_summary == \"subprocess [pypy3]\"\n57 |     assert command_invocations, \"subprocess runtime command not invoked\"\n   |     ^^^^^^\n58 |     first_command = command_invocations[0]\n59 |     assert \"x_make_github_visitor_x.run_external\" in first_command\n   |\n\nS101 Use of `assert` detected\n  --> tests\\test_visitor_runtime.py:59:5\n   |\n57 |     assert command_invocations, \"subprocess runtime command not invoked\"\n58 |     first_command = command_invocations[0]\n59 |     assert \"x_make_github_visitor_x.run_external\" in first_command\n   |     ^^^^^^\n60 |     env_snapshot = env_snapshots[0]\n61 |     pythonpath = env_snapshot.get(\"PYTHONPATH\", \"\")\n   |\n\nS101 Use of `assert` detected\n  --> tests\\test_visitor_runtime.py:63:5\n   |\n61 |     pythonpath = env_snapshot.get(\"PYTHONPATH\", \"\")\n62 |     expected_workspace_root = Path(orchestrator_module.__file__).resolve().parent.parent\n63 |     assert pythonpath.split(os.pathsep)[0] == str(expected_workspace_root)\n   |     ^^^^^^\n   |\n\nE501 Line too long (106 > 88)\n  --> tests\\test_visitor_runtime.py:66:89\n   |\n66 | def test_run_visitor_runtime_failure_sets_status(monkeypatch: pytest.MonkeyPatch, tmp_path: Path) -> None:\n   |                                                                                         ^^^^^^^^^^^^^^^^^^\n67 |     def _fake_detect_clones_root(self: MakeAllOrchestrator, fallback: str | None = None) -> str:\n68 |         return str(tmp_path)\n   |\n\nARG001 Unused function argument: `self`\n  --> tests\\test_visitor_runtime.py:67:34\n   |\n66 | def test_run_visitor_runtime_failure_sets_status(monkeypatch: pytest.MonkeyPatch, tmp_path: Path) -> None:\n67 |     def _fake_detect_clones_root(self: MakeAllOrchestrator, fallback: str | None = None) -> str:\n   |                                  ^^^^\n68 |         return str(tmp_path)\n   |\n\nARG001 Unused function argument: `fallback`\n  --> tests\\test_visitor_runtime.py:67:61\n   |\n66 | def test_run_visitor_runtime_failure_sets_status(monkeypatch: pytest.MonkeyPatch, tmp_path: Path) -> None:\n67 |     def _fake_detect_clones_root(self: MakeAllOrchestrator, fallback: str | None = None) -> str:\n   |                                                             ^^^^^^^^\n68 |         return str(tmp_path)\n   |\n\nE501 Line too long (96 > 88)\n  --> tests\\test_visitor_runtime.py:67:89\n   |\n66 | def test_run_visitor_runtime_failure_sets_status(monkeypatch: pytest.MonkeyPatch, tmp_path: Path) -> None:\n67 |     def _fake_detect_clones_root(self: MakeAllOrchestrator, fallback: str | None = None) -> str:\n   |                                                                                         ^^^^^^^^\n68 |         return str(tmp_path)\n   |\n\nE501 Line too long (92 > 88)\n  --> tests\\test_visitor_runtime.py:70:89\n   |\n68 |         return str(tmp_path)\n69 |\n70 |     monkeypatch.setattr(MakeAllOrchestrator, \"detect_clones_root\", _fake_detect_clones_root)\n   |                                                                                         ^^^^\n71 |\n72 |     payload: dict[str, object] = {\n   |\n\nS101 Use of `assert` detected\n  --> tests\\test_visitor_runtime.py:93:5\n   |\n91 |     orchestrator.run_visitor(cloner=object(), ctx=None)\n92 |\n93 |     assert orchestrator.visitor_status == \"failed\"\n   |     ^^^^^^\n94 |     assert orchestrator.visitor_report_path is None\n95 |     assert orchestrator.visitor_failure_message == \"runtime boom\"\n   |\n\nS101 Use of `assert` detected\n  --> tests\\test_visitor_runtime.py:94:5\n   |\n93 |     assert orchestrator.visitor_status == \"failed\"\n94 |     assert orchestrator.visitor_report_path is None\n   |     ^^^^^^\n95 |     assert orchestrator.visitor_failure_message == \"runtime boom\"\n96 |     snapshot = orchestrator.visitor_runtime_snapshot\n   |\n\nS101 Use of `assert` detected\n  --> tests\\test_visitor_runtime.py:95:5\n   |\n93 |     assert orchestrator.visitor_status == \"failed\"\n94 |     assert orchestrator.visitor_report_path is None\n95 |     assert orchestrator.visitor_failure_message == \"runtime boom\"\n   |     ^^^^^^\n96 |     snapshot = orchestrator.visitor_runtime_snapshot\n97 |     assert snapshot.mode == \"subprocess\"\n   |\n\nS101 Use of `assert` detected\n  --> tests\\test_visitor_runtime.py:97:5\n   |\n95 |     assert orchestrator.visitor_failure_message == \"runtime boom\"\n96 |     snapshot = orchestrator.visitor_runtime_snapshot\n97 |     assert snapshot.mode == \"subprocess\"\n   |     ^^^^^^\n98 |     assert snapshot.command == (\"pypy3\",)\n99 |     assert snapshot.disable_cache is False\n   |\n\nS101 Use of `assert` detected\n   --> tests\\test_visitor_runtime.py:98:5\n    |\n 96 |     snapshot = orchestrator.visitor_runtime_snapshot\n 97 |     assert snapshot.mode == \"subprocess\"\n 98 |     assert snapshot.command == (\"pypy3\",)\n    |     ^^^^^^\n 99 |     assert snapshot.disable_cache is False\n100 |     assert orchestrator.visitor_runtime_summary == \"subprocess [pypy3]\"\n    |\n\nS101 Use of `assert` detected\n   --> tests\\test_visitor_runtime.py:99:5\n    |\n 97 |     assert snapshot.mode == \"subprocess\"\n 98 |     assert snapshot.command == (\"pypy3\",)\n 99 |     assert snapshot.disable_cache is False\n    |     ^^^^^^\n100 |     assert orchestrator.visitor_runtime_summary == \"subprocess [pypy3]\"\n    |\n\nS101 Use of `assert` detected\n   --> tests\\test_visitor_runtime.py:100:5\n    |\n 98 |     assert snapshot.command == (\"pypy3\",)\n 99 |     assert snapshot.disable_cache is False\n100 |     assert orchestrator.visitor_runtime_summary == \"subprocess [pypy3]\"\n    |     ^^^^^^\n    |\n\nSLF001 Private member accessed: `_should_launch_gui`\n   --> tests\\test_visitor_runtime.py:105:25\n    |\n103 | def test_should_launch_gui_defaults_to_true(monkeypatch: pytest.MonkeyPatch) -> None:\n104 |     monkeypatch.setattr(orchestrator_module.os, \"environ\", {})\n105 |     should_launch_gui = orchestrator_module._should_launch_gui\n    |                         ^^^^^^^^^^^^^^^^^^^^^^^^^^^^^^^^^^^^^^\n106 |\n107 |     assert should_launch_gui(cli_flag=None) is True\n    |\n\nS101 Use of `assert` detected\n   --> tests\\test_visitor_runtime.py:107:5\n    |\n105 |     should_launch_gui = orchestrator_module._should_launch_gui\n106 |\n107 |     assert should_launch_gui(cli_flag=None) is True\n    |     ^^^^^^\n    |\n\nSLF001 Private member accessed: `_should_launch_gui`\n   --> tests\\test_visitor_runtime.py:112:25\n    |\n110 | def test_should_launch_gui_respects_env_flag(monkeypatch: pytest.MonkeyPatch) -> None:\n111 |     monkeypatch.setattr(orchestrator_module.os, \"environ\", {\"MAKE_GUI\": \"0\"})\n112 |     should_launch_gui = orchestrator_module._should_launch_gui\n    |                         ^^^^^^^^^^^^^^^^^^^^^^^^^^^^^^^^^^^^^^\n113 |\n114 |     assert should_launch_gui(cli_flag=None) is False\n    |\n\nS101 Use of `assert` detected\n   --> tests\\test_visitor_runtime.py:114:5\n    |\n112 |     should_launch_gui = orchestrator_module._should_launch_gui\n113 |\n114 |     assert should_launch_gui(cli_flag=None) is False\n    |     ^^^^^^\n    |\n\nSLF001 Private member accessed: `_should_launch_gui`\n   --> tests\\test_visitor_runtime.py:119:25\n    |\n117 | def test_should_launch_gui_cli_override(monkeypatch: pytest.MonkeyPatch) -> None:\n118 |     monkeypatch.setattr(orchestrator_module.os, \"environ\", {\"MAKE_GUI\": \"0\"})\n119 |     should_launch_gui = orchestrator_module._should_launch_gui\n    |                         ^^^^^^^^^^^^^^^^^^^^^^^^^^^^^^^^^^^^^^\n120 |\n121 |     assert should_launch_gui(cli_flag=True) is True\n    |\n\nS101 Use of `assert` detected\n   --> tests\\test_visitor_runtime.py:121:5\n    |\n119 |     should_launch_gui = orchestrator_module._should_launch_gui\n120 |\n121 |     assert should_launch_gui(cli_flag=True) is True\n    |     ^^^^^^\n    |\n\nE501 Line too long (91 > 88)\n   --> tests\\test_visitor_runtime.py:124:89\n    |\n124 | def test_launch_command_center_missing_gui_raises(monkeypatch: pytest.MonkeyPatch) -> None:\n    |                                                                                         ^^^\n125 |     orchestrator = MakeAllOrchestrator()\n126 |     original_import = orchestrator_module.importlib.import_module\n    |\n\nANN202 Missing return type annotation for private function `_fake_import`\n   --> tests\\test_visitor_runtime.py:128:9\n    |\n126 |     original_import = orchestrator_module.importlib.import_module\n127 |\n128 |     def _fake_import(name: str, package: str | None = None):\n    |         ^^^^^^^^^^^^\n129 |         if name == \"x_0_make_all_x.interface.gui.app\":\n130 |             raise ImportError(\"PySide6 not installed\")\n    |\nhelp: Add return type annotation\n\nTRY003 Avoid specifying long messages outside the exception class\n   --> tests\\test_visitor_runtime.py:130:19\n    |\n128 |     def _fake_import(name: str, package: str | None = None):\n129 |         if name == \"x_0_make_all_x.interface.gui.app\":\n130 |             raise ImportError(\"PySide6 not installed\")\n    |                   ^^^^^^^^^^^^^^^^^^^^^^^^^^^^^^^^^^^^\n131 |         return original_import(name, package)\n    |\n\nEM101 Exception must not use a string literal, assign to variable first\n   --> tests\\test_visitor_runtime.py:130:31\n    |\n128 |     def _fake_import(name: str, package: str | None = None):\n129 |         if name == \"x_0_make_all_x.interface.gui.app\":\n130 |             raise ImportError(\"PySide6 not installed\")\n    |                               ^^^^^^^^^^^^^^^^^^^^^^^\n131 |         return original_import(name, package)\n    |\nhelp: Assign to variable; remove string literal\n\nSLF001 Private member accessed: `_launch_command_center`\n   --> tests\\test_visitor_runtime.py:135:29\n    |\n133 |     monkeypatch.setattr(orchestrator_module.importlib, \"import_module\", _fake_import)\n134 |\n135 |     launch_command_center = orchestrator_module._launch_command_center\n    |                             ^^^^^^^^^^^^^^^^^^^^^^^^^^^^^^^^^^^^^^^^^^\n136 |\n137 |     with pytest.raises(RuntimeError, match=\"GUI unavailable\"):\n    |\n\nE402 Module level import not at top of file\n  --> x_cls_make_all_x.py:62:1\n   |\n60 |       LegatusConfig,\n61 |   )\n62 | / from x_0_make_all_x.legatus_bridge import (\n63 | |     bootstrap as bootstrap_legatus,\n64 | | )\n   | |_^\n65 |   from x_0_make_all_x.manifest import (  # noqa: E402\n66 |       ManifestEntry,\n   |\n\nPLR0913 Too many arguments in function definition (7 > 5)\n   --> x_cls_make_all_x.py:496:9\n    |\n494 |         )\n495 |\n496 |     def _emit_stage_event(\n    |         ^^^^^^^^^^^^^^^^^\n497 |         self,\n498 |         *,\n    |\n\nPERF403 Use a dictionary comprehension instead of a for-loop\n   --> x_cls_make_all_x.py:548:13\n    |\n546 |         }\n547 |         for key, value in result.details.items():\n548 |             detail_payload[key] = value\n    |             ^^^^^^^^^^^^^^^^^^^^^^^^^^^\n549 |\n550 |         status_map = {\n    |\nhelp: Replace for loop with dict comprehension\n\nC901 `clone_repos` is too complex (16 > 10)\n   --> x_cls_make_all_x.py:607:9\n    |\n606 |     # Step 3: clone repositories (moved logic from freestanding clone_repos)\n607 |     def clone_repos(self, ctx: OrchestratorContext | None) -> object:\n    |         ^^^^^^^^^^^\n608 |         options = self._cloner_options(ctx)\n609 |         common_details: dict[str, JSONValue] = {\n    |\n\nPLR0912 Too many branches (19 > 12)\n   --> x_cls_make_all_x.py:607:9\n    |\n606 |     # Step 3: clone repositories (moved logic from freestanding clone_repos)\n607 |     def clone_repos(self, ctx: OrchestratorContext | None) -> object:\n    |         ^^^^^^^^^^^\n608 |         options = self._cloner_options(ctx)\n609 |         common_details: dict[str, JSONValue] = {\n    |\n\nPLR0915 Too many statements (76 > 50)\n   --> x_cls_make_all_x.py:607:9\n    |\n606 |     # Step 3: clone repositories (moved logic from freestanding clone_repos)\n607 |     def clone_repos(self, ctx: OrchestratorContext | None) -> object:\n    |         ^^^^^^^^^^^\n608 |         options = self._cloner_options(ctx)\n609 |         common_details: dict[str, JSONValue] = {\n    |\n\nTRY003 Avoid specifying long messages outside the exception class\n   --> x_cls_make_all_x.py:743:19\n    |\n742 |         if cloner is None:\n743 |             raise RuntimeError(\"Cloner could not be instantiated\")\n    |                   ^^^^^^^^^^^^^^^^^^^^^^^^^^^^^^^^^^^^^^^^^^^^^^^^\n744 |         return cloner\n    |\n\nEM101 Exception must not use a string literal, assign to variable first\n   --> x_cls_make_all_x.py:743:32\n    |\n742 |         if cloner is None:\n743 |             raise RuntimeError(\"Cloner could not be instantiated\")\n    |                                ^^^^^^^^^^^^^^^^^^^^^^^^^^^^^^^^^^\n744 |         return cloner\n    |\nhelp: Assign to variable; remove string literal\n\nC901 `run_visitor` is too complex (14 > 10)\n   --> x_cls_make_all_x.py:747:9\n    |\n746 |     # Step 4: run visitor (delegated to x_make_github_visitor_x)\n747 |     def run_visitor(self, cloner: object, ctx: OrchestratorContext | None) -> None:\n    |         ^^^^^^^^^^^\n748 |         start = perf_counter()\n749 |         self._visitor_status = \"running\"\n    |\n\nPLR0912 Too many branches (16 > 12)\n   --> x_cls_make_all_x.py:747:9\n    |\n746 |     # Step 4: run visitor (delegated to x_make_github_visitor_x)\n747 |     def run_visitor(self, cloner: object, ctx: OrchestratorContext | None) -> None:\n    |         ^^^^^^^^^^^\n748 |         start = perf_counter()\n749 |         self._visitor_status = \"running\"\n    |\n\nPLR0915 Too many statements (77 > 50)\n   --> x_cls_make_all_x.py:747:9\n    |\n746 |     # Step 4: run visitor (delegated to x_make_github_visitor_x)\n747 |     def run_visitor(self, cloner: object, ctx: OrchestratorContext | None) -> None:\n    |         ^^^^^^^^^^^\n748 |         start = perf_counter()\n749 |         self._visitor_status = \"running\"\n    |\n\nS101 Use of `assert` detected\n   --> x_cls_make_all_x.py:823:13\n    |\n821 |             raise\n822 |         else:\n823 |             assert run_result is not None\n    |             ^^^^^^\n824 |\n825 |             if run_result.report_path is not None:\n    |\n\nE501 Line too long (96 > 88)\n   --> x_cls_make_all_x.py:855:89\n    |\n853 |         finally:\n854 |             duration_ms = int((perf_counter() - start) * 1000)\n855 |             if (run_result is None or run_result.report_path is None) and status == \"succeeded\":\n    |                                                                                         ^^^^^^^^\n856 |                 details[\"artifact_path\"] = None\n857 |             self._emit_stage_event(\n    |\n\nC901 `_run_visitor_subprocess` is too complex (22 > 10)\n   --> x_cls_make_all_x.py:898:9\n    |\n896 |         return self._legatus_bootstrap\n897 |\n898 |     def _run_visitor_subprocess(\n    |         ^^^^^^^^^^^^^^^^^^^^^^^\n899 |         self,\n900 |         *,\n    |\n\nPLR0912 Too many branches (23 > 12)\n   --> x_cls_make_all_x.py:898:9\n    |\n896 |         return self._legatus_bootstrap\n897 |\n898 |     def _run_visitor_subprocess(\n    |         ^^^^^^^^^^^^^^^^^^^^^^^\n899 |         self,\n900 |         *,\n    |\n\nPLR0915 Too many statements (69 > 50)\n   --> x_cls_make_all_x.py:898:9\n    |\n896 |         return self._legatus_bootstrap\n897 |\n898 |     def _run_visitor_subprocess(\n    |         ^^^^^^^^^^^^^^^^^^^^^^^\n899 |         self,\n900 |         *,\n    |\n\nTRY003 Avoid specifying long messages outside the exception class\n   --> x_cls_make_all_x.py:905:19\n    |\n903 |     ) -> VisitorRunResult:\n904 |         if not runtime_command:\n905 |             raise AssertionError(\"Visitor runtime command is empty\")\n    |                   ^^^^^^^^^^^^^^^^^^^^^^^^^^^^^^^^^^^^^^^^^^^^^^^^^^\n906 |\n907 |         root_str = self.detect_clones_root()\n    |\n\nEM101 Exception must not use a string literal, assign to variable first\n   --> x_cls_make_all_x.py:905:34\n    |\n903 |     ) -> VisitorRunResult:\n904 |         if not runtime_command:\n905 |             raise AssertionError(\"Visitor runtime command is empty\")\n    |                                  ^^^^^^^^^^^^^^^^^^^^^^^^^^^^^^^^^^\n906 |\n907 |         root_str = self.detect_clones_root()\n    |\nhelp: Assign to variable; remove string literal\n\nRUF005 Consider iterable unpacking instead of concatenation\n   --> x_cls_make_all_x.py:909:30\n    |\n907 |           root_str = self.detect_clones_root()\n908 |           root_path = Path(root_str).resolve()\n909 |           command: list[str] = list(runtime_command) + [\n    |  ______________________________^\n910 | |             \"-m\",\n911 | |             \"x_make_github_visitor_x.run_external\",\n912 | |             \"--root\",\n913 | |             str(root_path),\n914 | |         ]\n    | |_________^\n915 |           if disable_cache:\n916 |               command.append(\"--disable-cache\")\n    |\nhelp: Replace with iterable unpacking\n\nS603 `subprocess` call: check for execution of untrusted input\n   --> x_cls_make_all_x.py:930:18\n    |\n928 |             env[\"PYTHONPATH\"] = workspace_root\n929 |\n930 |         result = subprocess.run(\n    |                  ^^^^^^^^^^^^^^\n931 |             command,\n932 |             capture_output=True,\n    |\n\nE501 Line too long (104 > 88)\n   --> x_cls_make_all_x.py:947:89\n    |\n945 |             if isinstance(candidate, Mapping) and \"status\" in candidate:\n946 |                 payload = {\n947 |                     str(key): value for key, value in cast(\"Mapping[object, object]\", candidate).items()\n    |                                                                                         ^^^^^^^^^^^^^^^^\n948 |                 }\n949 |                 break\n    |\n\nTRY003 Avoid specifying long messages outside the exception class\n   --> x_cls_make_all_x.py:983:19\n    |\n981 |             raise AssertionError(message)\n982 |         if status_value != \"ok\":\n983 |             raise AssertionError(\"Visitor subprocess returned unexpected payload\")\n    |                   ^^^^^^^^^^^^^^^^^^^^^^^^^^^^^^^^^^^^^^^^^^^^^^^^^^^^^^^^^^^^^^^^\n984 |\n985 |         report_path_value = payload.get(\"report_path\")\n    |\n\nEM101 Exception must not use a string literal, assign to variable first\n   --> x_cls_make_all_x.py:983:34\n    |\n981 |             raise AssertionError(message)\n982 |         if status_value != \"ok\":\n983 |             raise AssertionError(\"Visitor subprocess returned unexpected payload\")\n    |                                  ^^^^^^^^^^^^^^^^^^^^^^^^^^^^^^^^^^^^^^^^^^^^^^^^\n984 |\n985 |         report_path_value = payload.get(\"report_path\")\n    |\nhelp: Assign to variable; remove string literal\n\nE501 Line too long (97 > 88)\n    --> x_cls_make_all_x.py:1116:89\n     |\n1114 |             )\n1115 |             published_versions_result = result[0]\n1116 |             published_count = sum(1 for version in published_versions_result.values() if version)\n     |                                                                                         ^^^^^^^^^\n1117 |             if published_count:\n1118 |                 message = f\"Published {published_count} package(s)\"\n     |\n\nE501 Line too long (90 > 88)\n    --> x_cls_make_all_x.py:1131:89\n     |\n1129 |                 \"entry_count\": entry_count,\n1130 |                 \"published_packages\": len(\n1131 |                     [version for version in published_versions_result.values() if version]\n     |                                                                                         ^^\n1132 |                 ),\n1133 |             }\n     |\n\nS101 Use of `assert` detected\n    --> x_cls_make_all_x.py:1145:9\n     |\n1143 |                 details=detail_payload,\n1144 |             )\n1145 |         assert result is not None\n     |         ^^^^^^\n1146 |         return result\n     |\n\nE501 Line too long (103 > 88)\n    --> x_cls_make_all_x.py:1282:89\n     |\n1280 | def _runtime_config_from_args(args: argparse.Namespace) -> _VisitorRuntimeConfig | None:\n1281 |     cli_command = getattr(args, \"visitor_runtime\", None)\n1282 |     command_source = cli_command if cli_command is not None else os.environ.get(\"MAKE_VISITOR_RUNTIME\")\n     |                                                                                         ^^^^^^^^^^^^^^^\n1283 |     command = _split_command(command_source)\n1284 |     if not command:\n     |\n\nSIM108 Use ternary operator `enabled = _env_truthy(\"MAKE_WITH_LEGATUS\") if cli_flag is None else bool(cli_flag)` instead of `if`-`else`-block\n    --> x_cls_make_all_x.py:1300:5\n     |\n1299 |       cli_flag = getattr(args, \"with_legatus\", None)\n1300 | /     if cli_flag is None:\n1301 | |         enabled = _env_truthy(\"MAKE_WITH_LEGATUS\")\n1302 | |     else:\n1303 | |         enabled = bool(cli_flag)\n     | |________________________________^\n1304 |\n1305 |       cli_profile = getattr(args, \"legatus_profile\", None)\n     |\nhelp: Replace `if`-`else`-block with `enabled = _env_truthy(\"MAKE_WITH_LEGATUS\") if cli_flag is None else bool(cli_flag)`\n\nB904 Within an `except` clause, raise exceptions with `raise ... from err` or `raise ... from None` to distinguish them from errors in exception handling\n    --> x_cls_make_all_x.py:1346:9\n     |\n1344 |         message = \"GUI unavailable; launch_gui entrypoint missing\"\n1345 |         _error(message)\n1346 |         raise RuntimeError(message)\n     |         ^^^^^^^^^^^^^^^^^^^^^^^^^^^\n1347 |     if not callable(launch_attr):\n1348 |         message = \"GUI unavailable; launch_gui is not callable\"\n     |\n\nTRY004 Prefer `TypeError` exception for invalid type\n    --> x_cls_make_all_x.py:1350:9\n     |\n1348 |         message = \"GUI unavailable; launch_gui is not callable\"\n1349 |         _error(message)\n1350 |         raise RuntimeError(message)\n     |         ^^^^^^^^^^^^^^^^^^^^^^^^^^^\n1351 |     launcher = cast(\"_LaunchGuiCallable\", launch_attr)\n     |\n\nFound 157 errors.\nNo fixes available (17 hidden fixes can be enabled with the `--unsafe-fixes` option).\n",
                "tool": "ruff_check",
                "tool_module": "ruff",
                "tool_version": "ruff 0.14.0"
            },
            "exit": "exit 1",
            "message": "ruff_check failed for x_0_make_all_x (exit 1)\ncwd: C:\\x_runner_x\\x_0_make_all_x\ncommand: C:\\x_runner_x\\x_make_yahw_x\\.venv\\Scripts\\python.exe -m ruff check . --select ALL --ignore D,COM812,ISC001,T20 --line-length 88 --target-version py311\nstarted_at: 2025-10-14T15:28:57.638740+00:00\nduration: 0.364s\ntool_version: ruff 0.14.0\nstdout:\nF404 `from __future__` imports must occur at the beginning of the file\n  --> dynamo_bridge.py:8:1\n   |\n 6 | \"\"\"\n 7 |\n\u2026\nstderr:\n<empty>",
            "repo": "x_0_make_all_x",
            "repo_path": "C:\\x_runner_x\\x_0_make_all_x",
            "stderr_preview": null,
            "stdout_preview": "F404 `from __future__` imports must occur at the beginning of the file\n  --> dynamo_bridge.py:8:1\n   |\n 6 | \"\"\"\n 7 |\n\u2026",
            "suggested_action": "Investigate",
            "summary": "ruff_check failed for x_0_make_all_x (exit 1) cwd: C:\\x_runner_x\\x_0_make_all_x command: C:\\x_runner_x\\x_make_yahw_x\\.venv\\Scripts\\python.exe -m ruff check . --select ALL --ignore D,COM812,ISC001,T20 --line-length 88 --target-version py311\u2026",
            "tool": "ruff_check",
            "tool_version": "ruff 0.14.0"
        },
        {
            "captured_at": "2025-10-14T15:28:31.157209+00:00",
            "command": "C:\\x_runner_x\\x_make_yahw_x\\.venv\\Scripts\\python.exe -m ruff check . --fix --select ALL --ignore D,COM812,ISC001,T20 --line-length 88 --target-version py311",
            "detail": {
                "cached": false,
                "cmd": [
                    "C:\\x_runner_x\\x_make_yahw_x\\.venv\\Scripts\\python.exe",
                    "-m",
                    "ruff",
                    "check",
                    ".",
                    "--fix",
                    "--select",
                    "ALL",
                    "--ignore",
                    "D,COM812,ISC001,T20",
                    "--line-length",
                    "88",
                    "--target-version",
                    "py311"
                ],
                "cmd_display": "C:\\x_runner_x\\x_make_yahw_x\\.venv\\Scripts\\python.exe -m ruff check . --fix --select ALL --ignore D,COM812,ISC001,T20 --line-length 88 --target-version py311",
                "cwd": "C:\\x_runner_x\\x_0_make_all_x",
                "duration_seconds": 0.3779662000015378,
                "ended_at": "2025-10-14T15:28:31.157209+00:00",
                "exit": 1,
                "repo": "x_0_make_all_x",
                "repo_hash": "7044bf8b5bba7c11df8460be4ecd3efb26c85f03d31097399e0af5be8dff7121",
                "repo_path": "C:\\x_runner_x\\x_0_make_all_x",
                "started_at": "2025-10-14T15:28:30.779245+00:00",
                "stderr": "",
                "stdout": "F404 `from __future__` imports must occur at the beginning of the file\n  --> dynamo_bridge.py:8:1\n   |\n 6 | \"\"\"\n 7 |\n 8 | from __future__ import annotations\n   | ^^^^^^^^^^^^^^^^^^^^^^^^^^^^^^^^^^\n 9 |\n10 | from x_0_make_all_x.legatus_bridge import (\n   |\n\nE402 Module level import not at top of file\n  --> dynamo_bridge.py:8:1\n   |\n 6 | \"\"\"\n 7 |\n 8 | from __future__ import annotations\n   | ^^^^^^^^^^^^^^^^^^^^^^^^^^^^^^^^^^\n 9 |\n10 | from x_0_make_all_x.legatus_bridge import (\n   |\n\nE402 Module level import not at top of file\n  --> dynamo_bridge.py:10:1\n   |\n 8 |   from __future__ import annotations\n 9 |\n10 | / from x_0_make_all_x.legatus_bridge import (\n11 | |     LegatusBootstrapResult,\n12 | |     LegatusConfig,\n13 | |     bootstrap,\n14 | | )\n   | |_^\n15 |\n16 |   __all__ = [\n   |\n\nPLR0915 Too many statements (75 > 50)\n   --> interface\\gui\\app.py:122:9\n    |\n120 |     telemetry_event = QtCore.Signal(object)\n121 |\n122 |     def __init__(\n    |         ^^^^^^^^\n123 |         self,\n124 |         workspace_root: Path | str,\n    |\n\nFBT001 Boolean-typed positional argument in function definition\n   --> interface\\gui\\app.py:248:37\n    |\n246 |         self._update_summary_label()\n247 |\n248 |     def _handle_order_toggled(self, checked: bool) -> None:\n    |                                     ^^^^^^^\n249 |         self._newest_first = not checked\n250 |         if self._newest_first:\n    |\n\nC901 `_log_activity_from_event` is too complex (22 > 10)\n   --> interface\\gui\\app.py:511:9\n    |\n509 |         return tuple(failures)\n510 |\n511 |     def _log_activity_from_event(self, event: Mapping[str, object]) -> None:\n    |         ^^^^^^^^^^^^^^^^^^^^^^^^\n512 |         source_value = event.get(\"source\")\n513 |         if not isinstance(source_value, str):\n    |\n\nPLR0912 Too many branches (23 > 12)\n   --> interface\\gui\\app.py:511:9\n    |\n509 |         return tuple(failures)\n510 |\n511 |     def _log_activity_from_event(self, event: Mapping[str, object]) -> None:\n    |         ^^^^^^^^^^^^^^^^^^^^^^^^\n512 |         source_value = event.get(\"source\")\n513 |         if not isinstance(source_value, str):\n    |\n\nPLR0915 Too many statements (69 > 50)\n   --> interface\\gui\\app.py:511:9\n    |\n509 |         return tuple(failures)\n510 |\n511 |     def _log_activity_from_event(self, event: Mapping[str, object]) -> None:\n    |         ^^^^^^^^^^^^^^^^^^^^^^^^\n512 |         source_value = event.get(\"source\")\n513 |         if not isinstance(source_value, str):\n    |\n\nE501 Line too long (89 > 88)\n   --> interface\\gui\\app.py:651:89\n    |\n649 |         self._runtime_history.append(history_entry)\n650 |         if len(self._runtime_history) > self._runtime_history_limit:\n651 |             self._runtime_history = self._runtime_history[-self._runtime_history_limit :]\n    |                                                                                         ^\n652 |         self._update_summary_label()\n    |\n\nE501 Line too long (103 > 88)\n   --> interface\\gui\\app.py:658:89\n    |\n656 |             return\n657 |         details_obj = event.get(\"details\")\n658 |         details = cast(\"Mapping[str, object]\", details_obj) if isinstance(details_obj, Mapping) else {}\n    |                                                                                         ^^^^^^^^^^^^^^^\n659 |         status_val = event.get(\"status\")\n660 |         status = status_val if isinstance(status_val, str) else \"unknown\"\n    |\n\nE501 Line too long (92 > 88)\n   --> interface\\gui\\app.py:662:89\n    |\n660 |         status = status_val if isinstance(status_val, str) else \"unknown\"\n661 |         profile_val = details.get(\"profile\")\n662 |         profile = profile_val if isinstance(profile_val, str) and profile_val else \"default\"\n    |                                                                                         ^^^^\n663 |         enabled_val = details.get(\"enabled\")\n664 |         enabled = bool(enabled_val) if isinstance(enabled_val, bool) else False\n    |\n\nTC003 Move standard library import `collections.abc.Mapping` into a type-checking block\n --> legatus_bridge.py:3:29\n  |\n1 | from __future__ import annotations\n2 |\n3 | from collections.abc import Mapping\n  |                             ^^^^^^^\n4 | from dataclasses import dataclass\n5 | from pathlib import Path\n  |\nhelp: Move into type-checking block\n\nTC003 Move standard library import `collections.abc.Iterable` into a type-checking block\n --> runtime_benchmark.py:6:29\n  |\n4 | import json\n5 | import statistics\n6 | from collections.abc import Iterable, Sequence\n  |                             ^^^^^^^^\n7 | from dataclasses import dataclass\n8 | from datetime import UTC, datetime\n  |\nhelp: Move into type-checking block\n\nTC003 Move standard library import `collections.abc.Sequence` into a type-checking block\n --> runtime_benchmark.py:6:39\n  |\n4 | import json\n5 | import statistics\n6 | from collections.abc import Iterable, Sequence\n  |                                       ^^^^^^^^\n7 | from dataclasses import dataclass\n8 | from datetime import UTC, datetime\n  |\nhelp: Move into type-checking block\n\nRET504 Unnecessary assignment to `summary` before `return` statement\n   --> runtime_benchmark.py:142:12\n    |\n140 |         results=results,\n141 |     )\n142 |     return summary\n    |            ^^^^^^^\n    |\nhelp: Remove unnecessary assignment\n\nTC003 Move standard library import `pathlib.Path` into a type-checking block\n --> tests\\test_legatus_integration.py:5:21\n  |\n3 | import argparse\n4 | from collections.abc import Mapping, Sequence\n5 | from pathlib import Path\n  |                     ^^^^\n6 | from typing import cast\n  |\nhelp: Move into type-checking block\n\nTC002 Move third-party import `pytest` into a type-checking block\n  --> tests\\test_legatus_integration.py:8:8\n   |\n 6 | from typing import cast\n 7 |\n 8 | import pytest\n   |        ^^^^^^\n 9 |\n10 | import x_0_make_all_x.x_cls_make_all_x as orchestrator_module\n   |\nhelp: Move into type-checking block\n\nARG001 Unused function argument: `self`\n  --> tests\\test_legatus_integration.py:22:16\n   |\n22 | def _noop_mypy(self: MakeAllOrchestrator) -> None:  # pragma: no cover - test helper\n   |                ^^^^\n23 |     return None\n   |\n\nARG001 Unused function argument: `self`\n  --> tests\\test_legatus_integration.py:26:25\n   |\n26 | def _noop_build_context(self: MakeAllOrchestrator) -> None:  # pragma: no cover - test helper\n   |                         ^^^^\n27 |     return None\n   |\n\nE501 Line too long (93 > 88)\n  --> tests\\test_legatus_integration.py:26:89\n   |\n26 | def _noop_build_context(self: MakeAllOrchestrator) -> None:  # pragma: no cover - test helper\n   |                                                                                         ^^^^^\n27 |     return None\n   |\n\nARG001 Unused function argument: `self`\n  --> tests\\test_legatus_integration.py:30:28\n   |\n30 | def _noop_orchestrator_run(self: MakeAllOrchestrator, _ctx: object) -> None:  # pragma: no cover - test helper\n   |                            ^^^^\n31 |     return None\n   |\n\nE501 Line too long (110 > 88)\n  --> tests\\test_legatus_integration.py:30:89\n   |\n30 | def _noop_orchestrator_run(self: MakeAllOrchestrator, _ctx: object) -> None:  # pragma: no cover - test helper\n   |                                                                                         ^^^^^^^^^^^^^^^^^^^^^^\n31 |     return None\n   |\n\nTRY003 Avoid specifying long messages outside the exception class\n  --> tests\\test_legatus_integration.py:46:11\n   |\n44 |             if typed_payload.get(\"source\") == \"legatus\":\n45 |                 return typed_payload\n46 |     raise AssertionError(\"Legatus telemetry event not found\")\n   |           ^^^^^^^^^^^^^^^^^^^^^^^^^^^^^^^^^^^^^^^^^^^^^^^^^^^\n   |\n\nEM101 Exception must not use a string literal, assign to variable first\n  --> tests\\test_legatus_integration.py:46:26\n   |\n44 |             if typed_payload.get(\"source\") == \"legatus\":\n45 |                 return typed_payload\n46 |     raise AssertionError(\"Legatus telemetry event not found\")\n   |                          ^^^^^^^^^^^^^^^^^^^^^^^^^^^^^^^^^^^\n   |\nhelp: Assign to variable; remove string literal\n\nE501 Line too long (95 > 88)\n  --> tests\\test_legatus_integration.py:49:89\n   |\n49 | def test_legatus_config_env_overrides(monkeypatch: pytest.MonkeyPatch, tmp_path: Path) -> None:\n   |                                                                                         ^^^^^^^\n50 |     monkeypatch.setenv(\"MAKE_WITH_LEGATUS\", \"1\")\n51 |     monkeypatch.setenv(\"MAKE_LEGATUS_PROFILE\", \"prod\")\n   |\n\nS101 Use of `assert` detected\n  --> tests\\test_legatus_integration.py:57:5\n   |\n55 |     config = legatus_config_from_args(args)\n56 |\n57 |     assert config.enabled is True\n   |     ^^^^^^\n58 |     assert config.profile == \"prod\"\n59 |     assert config.root == tmp_path.resolve()\n   |\n\nS101 Use of `assert` detected\n  --> tests\\test_legatus_integration.py:58:5\n   |\n57 |     assert config.enabled is True\n58 |     assert config.profile == \"prod\"\n   |     ^^^^^^\n59 |     assert config.root == tmp_path.resolve()\n   |\n\nS101 Use of `assert` detected\n  --> tests\\test_legatus_integration.py:59:5\n   |\n57 |     assert config.enabled is True\n58 |     assert config.profile == \"prod\"\n59 |     assert config.root == tmp_path.resolve()\n   |     ^^^^^^\n   |\n\nE501 Line too long (98 > 88)\n  --> tests\\test_legatus_integration.py:62:89\n   |\n62 | def test_legatus_config_cli_disables_env(monkeypatch: pytest.MonkeyPatch, tmp_path: Path) -> None:\n   |                                                                                         ^^^^^^^^^^\n63 |     monkeypatch.setenv(\"MAKE_WITH_LEGATUS\", \"1\")\n64 |     monkeypatch.setenv(\"MAKE_LEGATUS_ROOT\", str(tmp_path))\n   |\n\nS101 Use of `assert` detected\n  --> tests\\test_legatus_integration.py:69:5\n   |\n67 |     config = legatus_config_from_args(args)\n68 |\n69 |     assert config.enabled is False\n   |     ^^^^^^\n70 |     assert config.profile == \"qa\"\n71 |     assert config.root == tmp_path.resolve()\n   |\n\nS101 Use of `assert` detected\n  --> tests\\test_legatus_integration.py:70:5\n   |\n69 |     assert config.enabled is False\n70 |     assert config.profile == \"qa\"\n   |     ^^^^^^\n71 |     assert config.root == tmp_path.resolve()\n   |\n\nS101 Use of `assert` detected\n  --> tests\\test_legatus_integration.py:71:5\n   |\n69 |     assert config.enabled is False\n70 |     assert config.profile == \"qa\"\n71 |     assert config.root == tmp_path.resolve()\n   |     ^^^^^^\n   |\n\nE501 Line too long (90 > 88)\n  --> tests\\test_legatus_integration.py:74:89\n   |\n74 | def test_bootstrap_legatus_ready(monkeypatch: pytest.MonkeyPatch, tmp_path: Path) -> None:\n   |                                                                                         ^^\n75 |     events: list[object] = []\n76 |     monkeypatch.setattr(orchestrator_module, \"emit_event\", events.append)\n   |\n\nS101 Use of `assert` detected\n  --> tests\\test_legatus_integration.py:90:5\n   |\n89 |     result = orchestrator.legatus_bootstrap\n90 |     assert result is not None\n   |     ^^^^^^\n91 |     assert result.status == \"ready\"\n92 |     assert events, \"expected telemetry event for legatus bootstrap\"\n   |\n\nS101 Use of `assert` detected\n  --> tests\\test_legatus_integration.py:91:5\n   |\n89 |     result = orchestrator.legatus_bootstrap\n90 |     assert result is not None\n91 |     assert result.status == \"ready\"\n   |     ^^^^^^\n92 |     assert events, \"expected telemetry event for legatus bootstrap\"\n93 |     payload_map = _latest_legatus_event(events)\n   |\n\nS101 Use of `assert` detected\n  --> tests\\test_legatus_integration.py:92:5\n   |\n90 |     assert result is not None\n91 |     assert result.status == \"ready\"\n92 |     assert events, \"expected telemetry event for legatus bootstrap\"\n   |     ^^^^^^\n93 |     payload_map = _latest_legatus_event(events)\n94 |     assert payload_map[\"status\"] == \"succeeded\"\n   |\n\nS101 Use of `assert` detected\n  --> tests\\test_legatus_integration.py:94:5\n   |\n92 |     assert events, \"expected telemetry event for legatus bootstrap\"\n93 |     payload_map = _latest_legatus_event(events)\n94 |     assert payload_map[\"status\"] == \"succeeded\"\n   |     ^^^^^^\n   |\n\nE501 Line too long (106 > 88)\n  --> tests\\test_legatus_integration.py:97:89\n   |\n97 | def test_bootstrap_legatus_missing_reports_error(monkeypatch: pytest.MonkeyPatch, tmp_path: Path) -> None:\n   |                                                                                         ^^^^^^^^^^^^^^^^^^\n98 |     events: list[object] = []\n99 |     monkeypatch.setattr(orchestrator_module, \"emit_event\", events.append)\n   |\n\nS101 Use of `assert` detected\n   --> tests\\test_legatus_integration.py:110:5\n    |\n109 |     result = orchestrator.legatus_bootstrap\n110 |     assert result is not None\n    |     ^^^^^^\n111 |     assert result.status in {\"error\", \"failed\"}\n112 |     assert events, \"expected telemetry event for missing legatus bootstrap\"\n    |\n\nS101 Use of `assert` detected\n   --> tests\\test_legatus_integration.py:111:5\n    |\n109 |     result = orchestrator.legatus_bootstrap\n110 |     assert result is not None\n111 |     assert result.status in {\"error\", \"failed\"}\n    |     ^^^^^^\n112 |     assert events, \"expected telemetry event for missing legatus bootstrap\"\n113 |     payload_map = _latest_legatus_event(events)\n    |\n\nS101 Use of `assert` detected\n   --> tests\\test_legatus_integration.py:112:5\n    |\n110 |     assert result is not None\n111 |     assert result.status in {\"error\", \"failed\"}\n112 |     assert events, \"expected telemetry event for missing legatus bootstrap\"\n    |     ^^^^^^\n113 |     payload_map = _latest_legatus_event(events)\n114 |     assert payload_map[\"status\"] == \"failed\"\n    |\n\nS101 Use of `assert` detected\n   --> tests\\test_legatus_integration.py:114:5\n    |\n112 |     assert events, \"expected telemetry event for missing legatus bootstrap\"\n113 |     payload_map = _latest_legatus_event(events)\n114 |     assert payload_map[\"status\"] == \"failed\"\n    |     ^^^^^^\n115 |     details_obj = payload_map.get(\"details\")\n116 |     assert isinstance(details_obj, Mapping)\n    |\n\nS101 Use of `assert` detected\n   --> tests\\test_legatus_integration.py:116:5\n    |\n114 |     assert payload_map[\"status\"] == \"failed\"\n115 |     details_obj = payload_map.get(\"details\")\n116 |     assert isinstance(details_obj, Mapping)\n    |     ^^^^^^\n117 |     details_map = cast(\"Mapping[str, object]\", details_obj)\n118 |     project_root_value = details_map.get(\"project_root\")\n    |\n\nS101 Use of `assert` detected\n   --> tests\\test_legatus_integration.py:119:5\n    |\n117 |     details_map = cast(\"Mapping[str, object]\", details_obj)\n118 |     project_root_value = details_map.get(\"project_root\")\n119 |     assert isinstance(project_root_value, str)\n    |     ^^^^^^\n120 |     assert project_root_value.endswith(\"nope\")\n    |\n\nS101 Use of `assert` detected\n   --> tests\\test_legatus_integration.py:120:5\n    |\n118 |     project_root_value = details_map.get(\"project_root\")\n119 |     assert isinstance(project_root_value, str)\n120 |     assert project_root_value.endswith(\"nope\")\n    |     ^^^^^^\n    |\n\nTC003 Move standard library import `pathlib.Path` into a type-checking block\n --> tests\\test_orchestrator_visitor.py:3:21\n  |\n1 | from __future__ import annotations\n2 |\n3 | from pathlib import Path\n  |                     ^^^^\n4 |\n5 | import pytest\n  |\nhelp: Move into type-checking block\n\nTC002 Move third-party import `pytest` into a type-checking block\n --> tests\\test_orchestrator_visitor.py:5:8\n  |\n3 | from pathlib import Path\n4 |\n5 | import pytest\n  |        ^^^^^^\n6 | from x_make_common_x.telemetry import TelemetryEvent\n7 | from x_make_github_visitor_x.inspection_flow import VisitorRunResult\n  |\nhelp: Move into type-checking block\n\nTC002 Move third-party import `x_make_common_x.telemetry.TelemetryEvent` into a type-checking block\n --> tests\\test_orchestrator_visitor.py:6:39\n  |\n5 | import pytest\n6 | from x_make_common_x.telemetry import TelemetryEvent\n  |                                       ^^^^^^^^^^^^^^\n7 | from x_make_github_visitor_x.inspection_flow import VisitorRunResult\n  |\nhelp: Move into type-checking block\n\nTRY003 Avoid specifying long messages outside the exception class\n  --> tests\\test_orchestrator_visitor.py:21:15\n   |\n20 |     def _raise_assertion(**_kwargs: object) -> None:\n21 |         raise AssertionError(\"toolchain failures detected\")\n   |               ^^^^^^^^^^^^^^^^^^^^^^^^^^^^^^^^^^^^^^^^^^^^^\n22 |\n23 |     monkeypatch.setattr(orchestrator_module, \"run_inspection\", _raise_assertion)\n   |\n\nEM101 Exception must not use a string literal, assign to variable first\n  --> tests\\test_orchestrator_visitor.py:21:30\n   |\n20 |     def _raise_assertion(**_kwargs: object) -> None:\n21 |         raise AssertionError(\"toolchain failures detected\")\n   |                              ^^^^^^^^^^^^^^^^^^^^^^^^^^^^^\n22 |\n23 |     monkeypatch.setattr(orchestrator_module, \"run_inspection\", _raise_assertion)\n   |\nhelp: Assign to variable; remove string literal\n\nS101 Use of `assert` detected\n  --> tests\\test_orchestrator_visitor.py:27:5\n   |\n25 |     orchestrator.run_visitor(cloner=object(), ctx=None)\n26 |\n27 |     assert orchestrator.visitor_status == \"failed\"\n   |     ^^^^^^\n28 |     assert orchestrator.visitor_report_path is None\n29 |     assert orchestrator.visitor_failure_message == \"toolchain failures detected\"\n   |\n\nS101 Use of `assert` detected\n  --> tests\\test_orchestrator_visitor.py:28:5\n   |\n27 |     assert orchestrator.visitor_status == \"failed\"\n28 |     assert orchestrator.visitor_report_path is None\n   |     ^^^^^^\n29 |     assert orchestrator.visitor_failure_message == \"toolchain failures detected\"\n30 |     snapshot = orchestrator.visitor_runtime_snapshot\n   |\n\nS101 Use of `assert` detected\n  --> tests\\test_orchestrator_visitor.py:29:5\n   |\n27 |     assert orchestrator.visitor_status == \"failed\"\n28 |     assert orchestrator.visitor_report_path is None\n29 |     assert orchestrator.visitor_failure_message == \"toolchain failures detected\"\n   |     ^^^^^^\n30 |     snapshot = orchestrator.visitor_runtime_snapshot\n31 |     assert snapshot.mode == \"in-process\"\n   |\n\nS101 Use of `assert` detected\n  --> tests\\test_orchestrator_visitor.py:31:5\n   |\n29 |     assert orchestrator.visitor_failure_message == \"toolchain failures detected\"\n30 |     snapshot = orchestrator.visitor_runtime_snapshot\n31 |     assert snapshot.mode == \"in-process\"\n   |     ^^^^^^\n32 |     assert snapshot.command == ()\n33 |     assert snapshot.disable_cache is False\n   |\n\nS101 Use of `assert` detected\n  --> tests\\test_orchestrator_visitor.py:32:5\n   |\n30 |     snapshot = orchestrator.visitor_runtime_snapshot\n31 |     assert snapshot.mode == \"in-process\"\n32 |     assert snapshot.command == ()\n   |     ^^^^^^\n33 |     assert snapshot.disable_cache is False\n34 |     assert orchestrator.visitor_runtime_summary == \"in-process (default interpreter)\"\n   |\n\nS101 Use of `assert` detected\n  --> tests\\test_orchestrator_visitor.py:33:5\n   |\n31 |     assert snapshot.mode == \"in-process\"\n32 |     assert snapshot.command == ()\n33 |     assert snapshot.disable_cache is False\n   |     ^^^^^^\n34 |     assert orchestrator.visitor_runtime_summary == \"in-process (default interpreter)\"\n35 |     assert captured_events[-1][\"status\"] == \"failed\"\n   |\n\nS101 Use of `assert` detected\n  --> tests\\test_orchestrator_visitor.py:34:5\n   |\n32 |     assert snapshot.command == ()\n33 |     assert snapshot.disable_cache is False\n34 |     assert orchestrator.visitor_runtime_summary == \"in-process (default interpreter)\"\n   |     ^^^^^^\n35 |     assert captured_events[-1][\"status\"] == \"failed\"\n36 |     details = captured_events[-1][\"details\"]\n   |\n\nS101 Use of `assert` detected\n  --> tests\\test_orchestrator_visitor.py:35:5\n   |\n33 |     assert snapshot.disable_cache is False\n34 |     assert orchestrator.visitor_runtime_summary == \"in-process (default interpreter)\"\n35 |     assert captured_events[-1][\"status\"] == \"failed\"\n   |     ^^^^^^\n36 |     details = captured_events[-1][\"details\"]\n37 |     assert isinstance(details, dict)\n   |\n\nS101 Use of `assert` detected\n  --> tests\\test_orchestrator_visitor.py:37:5\n   |\n35 |     assert captured_events[-1][\"status\"] == \"failed\"\n36 |     details = captured_events[-1][\"details\"]\n37 |     assert isinstance(details, dict)\n   |     ^^^^^^\n38 |     assert details.get(\"continued\") is True\n39 |     assert details.get(\"runtime_mode\") == \"in-process\"\n   |\n\nS101 Use of `assert` detected\n  --> tests\\test_orchestrator_visitor.py:38:5\n   |\n36 |     details = captured_events[-1][\"details\"]\n37 |     assert isinstance(details, dict)\n38 |     assert details.get(\"continued\") is True\n   |     ^^^^^^\n39 |     assert details.get(\"runtime_mode\") == \"in-process\"\n40 |     assert details.get(\"runtime_disable_cache\") is False\n   |\n\nS101 Use of `assert` detected\n  --> tests\\test_orchestrator_visitor.py:39:5\n   |\n37 |     assert isinstance(details, dict)\n38 |     assert details.get(\"continued\") is True\n39 |     assert details.get(\"runtime_mode\") == \"in-process\"\n   |     ^^^^^^\n40 |     assert details.get(\"runtime_disable_cache\") is False\n   |\n\nS101 Use of `assert` detected\n  --> tests\\test_orchestrator_visitor.py:40:5\n   |\n38 |     assert details.get(\"continued\") is True\n39 |     assert details.get(\"runtime_mode\") == \"in-process\"\n40 |     assert details.get(\"runtime_disable_cache\") is False\n   |     ^^^^^^\n   |\n\nS101 Use of `assert` detected\n  --> tests\\test_orchestrator_visitor.py:65:5\n   |\n63 |     orchestrator.run_visitor(cloner=object(), ctx=None)\n64 |\n65 |     assert orchestrator.visitor_status == \"succeeded\"\n   |     ^^^^^^\n66 |     assert orchestrator.visitor_report_path == report_path\n67 |     assert orchestrator.visitor_failure_message is None\n   |\n\nS101 Use of `assert` detected\n  --> tests\\test_orchestrator_visitor.py:66:5\n   |\n65 |     assert orchestrator.visitor_status == \"succeeded\"\n66 |     assert orchestrator.visitor_report_path == report_path\n   |     ^^^^^^\n67 |     assert orchestrator.visitor_failure_message is None\n68 |     snapshot = orchestrator.visitor_runtime_snapshot\n   |\n\nS101 Use of `assert` detected\n  --> tests\\test_orchestrator_visitor.py:67:5\n   |\n65 |     assert orchestrator.visitor_status == \"succeeded\"\n66 |     assert orchestrator.visitor_report_path == report_path\n67 |     assert orchestrator.visitor_failure_message is None\n   |     ^^^^^^\n68 |     snapshot = orchestrator.visitor_runtime_snapshot\n69 |     assert snapshot.mode == \"in-process\"\n   |\n\nS101 Use of `assert` detected\n  --> tests\\test_orchestrator_visitor.py:69:5\n   |\n67 |     assert orchestrator.visitor_failure_message is None\n68 |     snapshot = orchestrator.visitor_runtime_snapshot\n69 |     assert snapshot.mode == \"in-process\"\n   |     ^^^^^^\n70 |     assert snapshot.command == ()\n71 |     assert snapshot.disable_cache is False\n   |\n\nS101 Use of `assert` detected\n  --> tests\\test_orchestrator_visitor.py:70:5\n   |\n68 |     snapshot = orchestrator.visitor_runtime_snapshot\n69 |     assert snapshot.mode == \"in-process\"\n70 |     assert snapshot.command == ()\n   |     ^^^^^^\n71 |     assert snapshot.disable_cache is False\n72 |     assert orchestrator.visitor_runtime_summary == \"in-process (default interpreter)\"\n   |\n\nS101 Use of `assert` detected\n  --> tests\\test_orchestrator_visitor.py:71:5\n   |\n69 |     assert snapshot.mode == \"in-process\"\n70 |     assert snapshot.command == ()\n71 |     assert snapshot.disable_cache is False\n   |     ^^^^^^\n72 |     assert orchestrator.visitor_runtime_summary == \"in-process (default interpreter)\"\n73 |     assert captured_events[-1][\"status\"] == \"succeeded\"\n   |\n\nS101 Use of `assert` detected\n  --> tests\\test_orchestrator_visitor.py:72:5\n   |\n70 |     assert snapshot.command == ()\n71 |     assert snapshot.disable_cache is False\n72 |     assert orchestrator.visitor_runtime_summary == \"in-process (default interpreter)\"\n   |     ^^^^^^\n73 |     assert captured_events[-1][\"status\"] == \"succeeded\"\n74 |     details = captured_events[-1][\"details\"]\n   |\n\nS101 Use of `assert` detected\n  --> tests\\test_orchestrator_visitor.py:73:5\n   |\n71 |     assert snapshot.disable_cache is False\n72 |     assert orchestrator.visitor_runtime_summary == \"in-process (default interpreter)\"\n73 |     assert captured_events[-1][\"status\"] == \"succeeded\"\n   |     ^^^^^^\n74 |     details = captured_events[-1][\"details\"]\n75 |     assert isinstance(details, dict)\n   |\n\nS101 Use of `assert` detected\n  --> tests\\test_orchestrator_visitor.py:75:5\n   |\n73 |     assert captured_events[-1][\"status\"] == \"succeeded\"\n74 |     details = captured_events[-1][\"details\"]\n75 |     assert isinstance(details, dict)\n   |     ^^^^^^\n76 |     assert details.get(\"artifact_path\") == str(report_path)\n77 |     assert details.get(\"runtime_mode\") == \"in-process\"\n   |\n\nS101 Use of `assert` detected\n  --> tests\\test_orchestrator_visitor.py:76:5\n   |\n74 |     details = captured_events[-1][\"details\"]\n75 |     assert isinstance(details, dict)\n76 |     assert details.get(\"artifact_path\") == str(report_path)\n   |     ^^^^^^\n77 |     assert details.get(\"runtime_mode\") == \"in-process\"\n78 |     assert details.get(\"runtime_disable_cache\") is False\n   |\n\nS101 Use of `assert` detected\n  --> tests\\test_orchestrator_visitor.py:77:5\n   |\n75 |     assert isinstance(details, dict)\n76 |     assert details.get(\"artifact_path\") == str(report_path)\n77 |     assert details.get(\"runtime_mode\") == \"in-process\"\n   |     ^^^^^^\n78 |     assert details.get(\"runtime_disable_cache\") is False\n   |\n\nS101 Use of `assert` detected\n  --> tests\\test_orchestrator_visitor.py:78:5\n   |\n76 |     assert details.get(\"artifact_path\") == str(report_path)\n77 |     assert details.get(\"runtime_mode\") == \"in-process\"\n78 |     assert details.get(\"runtime_disable_cache\") is False\n   |     ^^^^^^\n   |\n\nS101 Use of `assert` detected\n   --> tests\\test_orchestrator_visitor.py:104:5\n    |\n102 |     orchestrator.run_visitor(cloner=object(), ctx=None)\n103 |\n104 |     assert orchestrator.visitor_status == \"failed\"\n    |     ^^^^^^\n105 |     assert orchestrator.visitor_report_path == report_path\n106 |     assert orchestrator.visitor_failure_message == (\n    |\n\nS101 Use of `assert` detected\n   --> tests\\test_orchestrator_visitor.py:105:5\n    |\n104 |     assert orchestrator.visitor_status == \"failed\"\n105 |     assert orchestrator.visitor_report_path == report_path\n    |     ^^^^^^\n106 |     assert orchestrator.visitor_failure_message == (\n107 |         f\"{len(failure_messages)} tool failures recorded\"\n    |\n\nS101 Use of `assert` detected\n   --> tests\\test_orchestrator_visitor.py:106:5\n    |\n104 |     assert orchestrator.visitor_status == \"failed\"\n105 |     assert orchestrator.visitor_report_path == report_path\n106 |     assert orchestrator.visitor_failure_message == (\n    |     ^^^^^^\n107 |         f\"{len(failure_messages)} tool failures recorded\"\n108 |     )\n    |\n\nS101 Use of `assert` detected\n   --> tests\\test_orchestrator_visitor.py:110:5\n    |\n108 |     )\n109 |     snapshot = orchestrator.visitor_runtime_snapshot\n110 |     assert snapshot.mode == \"in-process\"\n    |     ^^^^^^\n111 |     details = captured_events[-1][\"details\"]\n112 |     assert isinstance(details, dict)\n    |\n\nS101 Use of `assert` detected\n   --> tests\\test_orchestrator_visitor.py:112:5\n    |\n110 |     assert snapshot.mode == \"in-process\"\n111 |     details = captured_events[-1][\"details\"]\n112 |     assert isinstance(details, dict)\n    |     ^^^^^^\n113 |     assert details.get(\"artifact_path\") == str(report_path)\n114 |     assert details.get(\"failure_count\") == len(failure_messages)\n    |\n\nS101 Use of `assert` detected\n   --> tests\\test_orchestrator_visitor.py:113:5\n    |\n111 |     details = captured_events[-1][\"details\"]\n112 |     assert isinstance(details, dict)\n113 |     assert details.get(\"artifact_path\") == str(report_path)\n    |     ^^^^^^\n114 |     assert details.get(\"failure_count\") == len(failure_messages)\n115 |     assert details.get(\"continued\") is True\n    |\n\nS101 Use of `assert` detected\n   --> tests\\test_orchestrator_visitor.py:114:5\n    |\n112 |     assert isinstance(details, dict)\n113 |     assert details.get(\"artifact_path\") == str(report_path)\n114 |     assert details.get(\"failure_count\") == len(failure_messages)\n    |     ^^^^^^\n115 |     assert details.get(\"continued\") is True\n116 |     assert details.get(\"failure_preview\") == list(failure_messages[:3])\n    |\n\nS101 Use of `assert` detected\n   --> tests\\test_orchestrator_visitor.py:115:5\n    |\n113 |     assert details.get(\"artifact_path\") == str(report_path)\n114 |     assert details.get(\"failure_count\") == len(failure_messages)\n115 |     assert details.get(\"continued\") is True\n    |     ^^^^^^\n116 |     assert details.get(\"failure_preview\") == list(failure_messages[:3])\n117 |     assert captured_events[-1][\"status\"] == \"failed\"\n    |\n\nS101 Use of `assert` detected\n   --> tests\\test_orchestrator_visitor.py:116:5\n    |\n114 |     assert details.get(\"failure_count\") == len(failure_messages)\n115 |     assert details.get(\"continued\") is True\n116 |     assert details.get(\"failure_preview\") == list(failure_messages[:3])\n    |     ^^^^^^\n117 |     assert captured_events[-1][\"status\"] == \"failed\"\n    |\n\nS101 Use of `assert` detected\n   --> tests\\test_orchestrator_visitor.py:117:5\n    |\n115 |     assert details.get(\"continued\") is True\n116 |     assert details.get(\"failure_preview\") == list(failure_messages[:3])\n117 |     assert captured_events[-1][\"status\"] == \"failed\"\n    |     ^^^^^^\n    |\n\nE501 Line too long (102 > 88)\n  --> tests\\test_visitor_runtime.py:18:89\n   |\n18 | def test_run_visitor_uses_subprocess_runtime(monkeypatch: pytest.MonkeyPatch, tmp_path: Path) -> None:\n   |                                                                                         ^^^^^^^^^^^^^^\n19 |     command_invocations: list[list[str]] = []\n20 |     env_snapshots: list[dict[str, str]] = []\n   |\n\nARG001 Unused function argument: `self`\n  --> tests\\test_visitor_runtime.py:25:34\n   |\n23 |     report_path.write_text(\"{}\", encoding=\"utf-8\")\n24 |\n25 |     def _fake_detect_clones_root(self: MakeAllOrchestrator, fallback: str | None = None) -> str:\n   |                                  ^^^^\n26 |         return str(tmp_path)\n   |\n\nARG001 Unused function argument: `fallback`\n  --> tests\\test_visitor_runtime.py:25:61\n   |\n23 |     report_path.write_text(\"{}\", encoding=\"utf-8\")\n24 |\n25 |     def _fake_detect_clones_root(self: MakeAllOrchestrator, fallback: str | None = None) -> str:\n   |                                                             ^^^^^^^^\n26 |         return str(tmp_path)\n   |\n\nE501 Line too long (96 > 88)\n  --> tests\\test_visitor_runtime.py:25:89\n   |\n23 |     report_path.write_text(\"{}\", encoding=\"utf-8\")\n24 |\n25 |     def _fake_detect_clones_root(self: MakeAllOrchestrator, fallback: str | None = None) -> str:\n   |                                                                                         ^^^^^^^^\n26 |         return str(tmp_path)\n   |\n\nE501 Line too long (92 > 88)\n  --> tests\\test_visitor_runtime.py:28:89\n   |\n26 |         return str(tmp_path)\n27 |\n28 |     monkeypatch.setattr(MakeAllOrchestrator, \"detect_clones_root\", _fake_detect_clones_root)\n   |                                                                                         ^^^^\n29 |\n30 |     def _fake_run(command: list[str], *, capture_output: bool, text: bool, env: dict[str, str], check: bool):\n   |\n\nANN202 Missing return type annotation for private function `_fake_run`\n  --> tests\\test_visitor_runtime.py:30:9\n   |\n28 |     monkeypatch.setattr(MakeAllOrchestrator, \"detect_clones_root\", _fake_detect_clones_root)\n29 |\n30 |     def _fake_run(command: list[str], *, capture_output: bool, text: bool, env: dict[str, str], check: bool):\n   |         ^^^^^^^^^\n31 |         command_invocations.append(command)\n32 |         env_snapshots.append(env)\n   |\nhelp: Add return type annotation\n\nARG001 Unused function argument: `capture_output`\n  --> tests\\test_visitor_runtime.py:30:42\n   |\n28 |     monkeypatch.setattr(MakeAllOrchestrator, \"detect_clones_root\", _fake_detect_clones_root)\n29 |\n30 |     def _fake_run(command: list[str], *, capture_output: bool, text: bool, env: dict[str, str], check: bool):\n   |                                          ^^^^^^^^^^^^^^\n31 |         command_invocations.append(command)\n32 |         env_snapshots.append(env)\n   |\n\nARG001 Unused function argument: `text`\n  --> tests\\test_visitor_runtime.py:30:64\n   |\n28 |     monkeypatch.setattr(MakeAllOrchestrator, \"detect_clones_root\", _fake_detect_clones_root)\n29 |\n30 |     def _fake_run(command: list[str], *, capture_output: bool, text: bool, env: dict[str, str], check: bool):\n   |                                                                ^^^^\n31 |         command_invocations.append(command)\n32 |         env_snapshots.append(env)\n   |\n\nE501 Line too long (109 > 88)\n  --> tests\\test_visitor_runtime.py:30:89\n   |\n28 |     monkeypatch.setattr(MakeAllOrchestrator, \"detect_clones_root\", _fake_detect_clones_root)\n29 |\n30 |     def _fake_run(command: list[str], *, capture_output: bool, text: bool, env: dict[str, str], check: bool):\n   |                                                                                         ^^^^^^^^^^^^^^^^^^^^^\n31 |         command_invocations.append(command)\n32 |         env_snapshots.append(env)\n   |\n\nARG001 Unused function argument: `check`\n  --> tests\\test_visitor_runtime.py:30:97\n   |\n28 |     monkeypatch.setattr(MakeAllOrchestrator, \"detect_clones_root\", _fake_detect_clones_root)\n29 |\n30 |     def _fake_run(command: list[str], *, capture_output: bool, text: bool, env: dict[str, str], check: bool):\n   |                                                                                                 ^^^^^\n31 |         command_invocations.append(command)\n32 |         env_snapshots.append(env)\n   |\n\nS101 Use of `assert` detected\n  --> tests\\test_visitor_runtime.py:49:5\n   |\n47 |     orchestrator.run_visitor(cloner=object(), ctx=None)\n48 |\n49 |     assert orchestrator.visitor_status == \"succeeded\"\n   |     ^^^^^^\n50 |     assert orchestrator.visitor_report_path == report_path\n51 |     assert orchestrator.visitor_failure_message is None\n   |\n\nS101 Use of `assert` detected\n  --> tests\\test_visitor_runtime.py:50:5\n   |\n49 |     assert orchestrator.visitor_status == \"succeeded\"\n50 |     assert orchestrator.visitor_report_path == report_path\n   |     ^^^^^^\n51 |     assert orchestrator.visitor_failure_message is None\n52 |     snapshot = orchestrator.visitor_runtime_snapshot\n   |\n\nS101 Use of `assert` detected\n  --> tests\\test_visitor_runtime.py:51:5\n   |\n49 |     assert orchestrator.visitor_status == \"succeeded\"\n50 |     assert orchestrator.visitor_report_path == report_path\n51 |     assert orchestrator.visitor_failure_message is None\n   |     ^^^^^^\n52 |     snapshot = orchestrator.visitor_runtime_snapshot\n53 |     assert snapshot.mode == \"subprocess\"\n   |\n\nS101 Use of `assert` detected\n  --> tests\\test_visitor_runtime.py:53:5\n   |\n51 |     assert orchestrator.visitor_failure_message is None\n52 |     snapshot = orchestrator.visitor_runtime_snapshot\n53 |     assert snapshot.mode == \"subprocess\"\n   |     ^^^^^^\n54 |     assert snapshot.command == (\"pypy3\",)\n55 |     assert snapshot.disable_cache is False\n   |\n\nS101 Use of `assert` detected\n  --> tests\\test_visitor_runtime.py:54:5\n   |\n52 |     snapshot = orchestrator.visitor_runtime_snapshot\n53 |     assert snapshot.mode == \"subprocess\"\n54 |     assert snapshot.command == (\"pypy3\",)\n   |     ^^^^^^\n55 |     assert snapshot.disable_cache is False\n56 |     assert orchestrator.visitor_runtime_summary == \"subprocess [pypy3]\"\n   |\n\nS101 Use of `assert` detected\n  --> tests\\test_visitor_runtime.py:55:5\n   |\n53 |     assert snapshot.mode == \"subprocess\"\n54 |     assert snapshot.command == (\"pypy3\",)\n55 |     assert snapshot.disable_cache is False\n   |     ^^^^^^\n56 |     assert orchestrator.visitor_runtime_summary == \"subprocess [pypy3]\"\n57 |     assert command_invocations, \"subprocess runtime command not invoked\"\n   |\n\nS101 Use of `assert` detected\n  --> tests\\test_visitor_runtime.py:56:5\n   |\n54 |     assert snapshot.command == (\"pypy3\",)\n55 |     assert snapshot.disable_cache is False\n56 |     assert orchestrator.visitor_runtime_summary == \"subprocess [pypy3]\"\n   |     ^^^^^^\n57 |     assert command_invocations, \"subprocess runtime command not invoked\"\n58 |     first_command = command_invocations[0]\n   |\n\nS101 Use of `assert` detected\n  --> tests\\test_visitor_runtime.py:57:5\n   |\n55 |     assert snapshot.disable_cache is False\n56 |     assert orchestrator.visitor_runtime_summary == \"subprocess [pypy3]\"\n57 |     assert command_invocations, \"subprocess runtime command not invoked\"\n   |     ^^^^^^\n58 |     first_command = command_invocations[0]\n59 |     assert \"x_make_github_visitor_x.run_external\" in first_command\n   |\n\nS101 Use of `assert` detected\n  --> tests\\test_visitor_runtime.py:59:5\n   |\n57 |     assert command_invocations, \"subprocess runtime command not invoked\"\n58 |     first_command = command_invocations[0]\n59 |     assert \"x_make_github_visitor_x.run_external\" in first_command\n   |     ^^^^^^\n60 |     env_snapshot = env_snapshots[0]\n61 |     pythonpath = env_snapshot.get(\"PYTHONPATH\", \"\")\n   |\n\nS101 Use of `assert` detected\n  --> tests\\test_visitor_runtime.py:63:5\n   |\n61 |     pythonpath = env_snapshot.get(\"PYTHONPATH\", \"\")\n62 |     expected_workspace_root = Path(orchestrator_module.__file__).resolve().parent.parent\n63 |     assert pythonpath.split(os.pathsep)[0] == str(expected_workspace_root)\n   |     ^^^^^^\n   |\n\nE501 Line too long (106 > 88)\n  --> tests\\test_visitor_runtime.py:66:89\n   |\n66 | def test_run_visitor_runtime_failure_sets_status(monkeypatch: pytest.MonkeyPatch, tmp_path: Path) -> None:\n   |                                                                                         ^^^^^^^^^^^^^^^^^^\n67 |     def _fake_detect_clones_root(self: MakeAllOrchestrator, fallback: str | None = None) -> str:\n68 |         return str(tmp_path)\n   |\n\nARG001 Unused function argument: `self`\n  --> tests\\test_visitor_runtime.py:67:34\n   |\n66 | def test_run_visitor_runtime_failure_sets_status(monkeypatch: pytest.MonkeyPatch, tmp_path: Path) -> None:\n67 |     def _fake_detect_clones_root(self: MakeAllOrchestrator, fallback: str | None = None) -> str:\n   |                                  ^^^^\n68 |         return str(tmp_path)\n   |\n\nARG001 Unused function argument: `fallback`\n  --> tests\\test_visitor_runtime.py:67:61\n   |\n66 | def test_run_visitor_runtime_failure_sets_status(monkeypatch: pytest.MonkeyPatch, tmp_path: Path) -> None:\n67 |     def _fake_detect_clones_root(self: MakeAllOrchestrator, fallback: str | None = None) -> str:\n   |                                                             ^^^^^^^^\n68 |         return str(tmp_path)\n   |\n\nE501 Line too long (96 > 88)\n  --> tests\\test_visitor_runtime.py:67:89\n   |\n66 | def test_run_visitor_runtime_failure_sets_status(monkeypatch: pytest.MonkeyPatch, tmp_path: Path) -> None:\n67 |     def _fake_detect_clones_root(self: MakeAllOrchestrator, fallback: str | None = None) -> str:\n   |                                                                                         ^^^^^^^^\n68 |         return str(tmp_path)\n   |\n\nE501 Line too long (92 > 88)\n  --> tests\\test_visitor_runtime.py:70:89\n   |\n68 |         return str(tmp_path)\n69 |\n70 |     monkeypatch.setattr(MakeAllOrchestrator, \"detect_clones_root\", _fake_detect_clones_root)\n   |                                                                                         ^^^^\n71 |\n72 |     payload: dict[str, object] = {\n   |\n\nS101 Use of `assert` detected\n  --> tests\\test_visitor_runtime.py:93:5\n   |\n91 |     orchestrator.run_visitor(cloner=object(), ctx=None)\n92 |\n93 |     assert orchestrator.visitor_status == \"failed\"\n   |     ^^^^^^\n94 |     assert orchestrator.visitor_report_path is None\n95 |     assert orchestrator.visitor_failure_message == \"runtime boom\"\n   |\n\nS101 Use of `assert` detected\n  --> tests\\test_visitor_runtime.py:94:5\n   |\n93 |     assert orchestrator.visitor_status == \"failed\"\n94 |     assert orchestrator.visitor_report_path is None\n   |     ^^^^^^\n95 |     assert orchestrator.visitor_failure_message == \"runtime boom\"\n96 |     snapshot = orchestrator.visitor_runtime_snapshot\n   |\n\nS101 Use of `assert` detected\n  --> tests\\test_visitor_runtime.py:95:5\n   |\n93 |     assert orchestrator.visitor_status == \"failed\"\n94 |     assert orchestrator.visitor_report_path is None\n95 |     assert orchestrator.visitor_failure_message == \"runtime boom\"\n   |     ^^^^^^\n96 |     snapshot = orchestrator.visitor_runtime_snapshot\n97 |     assert snapshot.mode == \"subprocess\"\n   |\n\nS101 Use of `assert` detected\n  --> tests\\test_visitor_runtime.py:97:5\n   |\n95 |     assert orchestrator.visitor_failure_message == \"runtime boom\"\n96 |     snapshot = orchestrator.visitor_runtime_snapshot\n97 |     assert snapshot.mode == \"subprocess\"\n   |     ^^^^^^\n98 |     assert snapshot.command == (\"pypy3\",)\n99 |     assert snapshot.disable_cache is False\n   |\n\nS101 Use of `assert` detected\n   --> tests\\test_visitor_runtime.py:98:5\n    |\n 96 |     snapshot = orchestrator.visitor_runtime_snapshot\n 97 |     assert snapshot.mode == \"subprocess\"\n 98 |     assert snapshot.command == (\"pypy3\",)\n    |     ^^^^^^\n 99 |     assert snapshot.disable_cache is False\n100 |     assert orchestrator.visitor_runtime_summary == \"subprocess [pypy3]\"\n    |\n\nS101 Use of `assert` detected\n   --> tests\\test_visitor_runtime.py:99:5\n    |\n 97 |     assert snapshot.mode == \"subprocess\"\n 98 |     assert snapshot.command == (\"pypy3\",)\n 99 |     assert snapshot.disable_cache is False\n    |     ^^^^^^\n100 |     assert orchestrator.visitor_runtime_summary == \"subprocess [pypy3]\"\n    |\n\nS101 Use of `assert` detected\n   --> tests\\test_visitor_runtime.py:100:5\n    |\n 98 |     assert snapshot.command == (\"pypy3\",)\n 99 |     assert snapshot.disable_cache is False\n100 |     assert orchestrator.visitor_runtime_summary == \"subprocess [pypy3]\"\n    |     ^^^^^^\n    |\n\nSLF001 Private member accessed: `_should_launch_gui`\n   --> tests\\test_visitor_runtime.py:105:25\n    |\n103 | def test_should_launch_gui_defaults_to_true(monkeypatch: pytest.MonkeyPatch) -> None:\n104 |     monkeypatch.setattr(orchestrator_module.os, \"environ\", {})\n105 |     should_launch_gui = orchestrator_module._should_launch_gui\n    |                         ^^^^^^^^^^^^^^^^^^^^^^^^^^^^^^^^^^^^^^\n106 |\n107 |     assert should_launch_gui(cli_flag=None) is True\n    |\n\nS101 Use of `assert` detected\n   --> tests\\test_visitor_runtime.py:107:5\n    |\n105 |     should_launch_gui = orchestrator_module._should_launch_gui\n106 |\n107 |     assert should_launch_gui(cli_flag=None) is True\n    |     ^^^^^^\n    |\n\nSLF001 Private member accessed: `_should_launch_gui`\n   --> tests\\test_visitor_runtime.py:112:25\n    |\n110 | def test_should_launch_gui_respects_env_flag(monkeypatch: pytest.MonkeyPatch) -> None:\n111 |     monkeypatch.setattr(orchestrator_module.os, \"environ\", {\"MAKE_GUI\": \"0\"})\n112 |     should_launch_gui = orchestrator_module._should_launch_gui\n    |                         ^^^^^^^^^^^^^^^^^^^^^^^^^^^^^^^^^^^^^^\n113 |\n114 |     assert should_launch_gui(cli_flag=None) is False\n    |\n\nS101 Use of `assert` detected\n   --> tests\\test_visitor_runtime.py:114:5\n    |\n112 |     should_launch_gui = orchestrator_module._should_launch_gui\n113 |\n114 |     assert should_launch_gui(cli_flag=None) is False\n    |     ^^^^^^\n    |\n\nSLF001 Private member accessed: `_should_launch_gui`\n   --> tests\\test_visitor_runtime.py:119:25\n    |\n117 | def test_should_launch_gui_cli_override(monkeypatch: pytest.MonkeyPatch) -> None:\n118 |     monkeypatch.setattr(orchestrator_module.os, \"environ\", {\"MAKE_GUI\": \"0\"})\n119 |     should_launch_gui = orchestrator_module._should_launch_gui\n    |                         ^^^^^^^^^^^^^^^^^^^^^^^^^^^^^^^^^^^^^^\n120 |\n121 |     assert should_launch_gui(cli_flag=True) is True\n    |\n\nS101 Use of `assert` detected\n   --> tests\\test_visitor_runtime.py:121:5\n    |\n119 |     should_launch_gui = orchestrator_module._should_launch_gui\n120 |\n121 |     assert should_launch_gui(cli_flag=True) is True\n    |     ^^^^^^\n    |\n\nE501 Line too long (91 > 88)\n   --> tests\\test_visitor_runtime.py:124:89\n    |\n124 | def test_launch_command_center_missing_gui_raises(monkeypatch: pytest.MonkeyPatch) -> None:\n    |                                                                                         ^^^\n125 |     orchestrator = MakeAllOrchestrator()\n126 |     original_import = orchestrator_module.importlib.import_module\n    |\n\nANN202 Missing return type annotation for private function `_fake_import`\n   --> tests\\test_visitor_runtime.py:128:9\n    |\n126 |     original_import = orchestrator_module.importlib.import_module\n127 |\n128 |     def _fake_import(name: str, package: str | None = None):\n    |         ^^^^^^^^^^^^\n129 |         if name == \"x_0_make_all_x.interface.gui.app\":\n130 |             raise ImportError(\"PySide6 not installed\")\n    |\nhelp: Add return type annotation\n\nTRY003 Avoid specifying long messages outside the exception class\n   --> tests\\test_visitor_runtime.py:130:19\n    |\n128 |     def _fake_import(name: str, package: str | None = None):\n129 |         if name == \"x_0_make_all_x.interface.gui.app\":\n130 |             raise ImportError(\"PySide6 not installed\")\n    |                   ^^^^^^^^^^^^^^^^^^^^^^^^^^^^^^^^^^^^\n131 |         return original_import(name, package)\n    |\n\nEM101 Exception must not use a string literal, assign to variable first\n   --> tests\\test_visitor_runtime.py:130:31\n    |\n128 |     def _fake_import(name: str, package: str | None = None):\n129 |         if name == \"x_0_make_all_x.interface.gui.app\":\n130 |             raise ImportError(\"PySide6 not installed\")\n    |                               ^^^^^^^^^^^^^^^^^^^^^^^\n131 |         return original_import(name, package)\n    |\nhelp: Assign to variable; remove string literal\n\nSLF001 Private member accessed: `_launch_command_center`\n   --> tests\\test_visitor_runtime.py:135:29\n    |\n133 |     monkeypatch.setattr(orchestrator_module.importlib, \"import_module\", _fake_import)\n134 |\n135 |     launch_command_center = orchestrator_module._launch_command_center\n    |                             ^^^^^^^^^^^^^^^^^^^^^^^^^^^^^^^^^^^^^^^^^^\n136 |\n137 |     with pytest.raises(RuntimeError, match=\"GUI unavailable\"):\n    |\n\nE402 Module level import not at top of file\n  --> x_cls_make_all_x.py:62:1\n   |\n60 |       LegatusConfig,\n61 |   )\n62 | / from x_0_make_all_x.legatus_bridge import (\n63 | |     bootstrap as bootstrap_legatus,\n64 | | )\n   | |_^\n65 |   from x_0_make_all_x.manifest import (  # noqa: E402\n66 |       ManifestEntry,\n   |\n\nPLR0913 Too many arguments in function definition (7 > 5)\n   --> x_cls_make_all_x.py:496:9\n    |\n494 |         )\n495 |\n496 |     def _emit_stage_event(\n    |         ^^^^^^^^^^^^^^^^^\n497 |         self,\n498 |         *,\n    |\n\nPERF403 Use a dictionary comprehension instead of a for-loop\n   --> x_cls_make_all_x.py:548:13\n    |\n546 |         }\n547 |         for key, value in result.details.items():\n548 |             detail_payload[key] = value\n    |             ^^^^^^^^^^^^^^^^^^^^^^^^^^^\n549 |\n550 |         status_map = {\n    |\nhelp: Replace for loop with dict comprehension\n\nC901 `clone_repos` is too complex (16 > 10)\n   --> x_cls_make_all_x.py:607:9\n    |\n606 |     # Step 3: clone repositories (moved logic from freestanding clone_repos)\n607 |     def clone_repos(self, ctx: OrchestratorContext | None) -> object:\n    |         ^^^^^^^^^^^\n608 |         options = self._cloner_options(ctx)\n609 |         common_details: dict[str, JSONValue] = {\n    |\n\nPLR0912 Too many branches (19 > 12)\n   --> x_cls_make_all_x.py:607:9\n    |\n606 |     # Step 3: clone repositories (moved logic from freestanding clone_repos)\n607 |     def clone_repos(self, ctx: OrchestratorContext | None) -> object:\n    |         ^^^^^^^^^^^\n608 |         options = self._cloner_options(ctx)\n609 |         common_details: dict[str, JSONValue] = {\n    |\n\nPLR0915 Too many statements (76 > 50)\n   --> x_cls_make_all_x.py:607:9\n    |\n606 |     # Step 3: clone repositories (moved logic from freestanding clone_repos)\n607 |     def clone_repos(self, ctx: OrchestratorContext | None) -> object:\n    |         ^^^^^^^^^^^\n608 |         options = self._cloner_options(ctx)\n609 |         common_details: dict[str, JSONValue] = {\n    |\n\nTRY003 Avoid specifying long messages outside the exception class\n   --> x_cls_make_all_x.py:743:19\n    |\n742 |         if cloner is None:\n743 |             raise RuntimeError(\"Cloner could not be instantiated\")\n    |                   ^^^^^^^^^^^^^^^^^^^^^^^^^^^^^^^^^^^^^^^^^^^^^^^^\n744 |         return cloner\n    |\n\nEM101 Exception must not use a string literal, assign to variable first\n   --> x_cls_make_all_x.py:743:32\n    |\n742 |         if cloner is None:\n743 |             raise RuntimeError(\"Cloner could not be instantiated\")\n    |                                ^^^^^^^^^^^^^^^^^^^^^^^^^^^^^^^^^^\n744 |         return cloner\n    |\nhelp: Assign to variable; remove string literal\n\nC901 `run_visitor` is too complex (14 > 10)\n   --> x_cls_make_all_x.py:747:9\n    |\n746 |     # Step 4: run visitor (delegated to x_make_github_visitor_x)\n747 |     def run_visitor(self, cloner: object, ctx: OrchestratorContext | None) -> None:\n    |         ^^^^^^^^^^^\n748 |         start = perf_counter()\n749 |         self._visitor_status = \"running\"\n    |\n\nPLR0912 Too many branches (16 > 12)\n   --> x_cls_make_all_x.py:747:9\n    |\n746 |     # Step 4: run visitor (delegated to x_make_github_visitor_x)\n747 |     def run_visitor(self, cloner: object, ctx: OrchestratorContext | None) -> None:\n    |         ^^^^^^^^^^^\n748 |         start = perf_counter()\n749 |         self._visitor_status = \"running\"\n    |\n\nPLR0915 Too many statements (77 > 50)\n   --> x_cls_make_all_x.py:747:9\n    |\n746 |     # Step 4: run visitor (delegated to x_make_github_visitor_x)\n747 |     def run_visitor(self, cloner: object, ctx: OrchestratorContext | None) -> None:\n    |         ^^^^^^^^^^^\n748 |         start = perf_counter()\n749 |         self._visitor_status = \"running\"\n    |\n\nS101 Use of `assert` detected\n   --> x_cls_make_all_x.py:823:13\n    |\n821 |             raise\n822 |         else:\n823 |             assert run_result is not None\n    |             ^^^^^^\n824 |\n825 |             if run_result.report_path is not None:\n    |\n\nE501 Line too long (96 > 88)\n   --> x_cls_make_all_x.py:855:89\n    |\n853 |         finally:\n854 |             duration_ms = int((perf_counter() - start) * 1000)\n855 |             if (run_result is None or run_result.report_path is None) and status == \"succeeded\":\n    |                                                                                         ^^^^^^^^\n856 |                 details[\"artifact_path\"] = None\n857 |             self._emit_stage_event(\n    |\n\nC901 `_run_visitor_subprocess` is too complex (22 > 10)\n   --> x_cls_make_all_x.py:898:9\n    |\n896 |         return self._legatus_bootstrap\n897 |\n898 |     def _run_visitor_subprocess(\n    |         ^^^^^^^^^^^^^^^^^^^^^^^\n899 |         self,\n900 |         *,\n    |\n\nPLR0912 Too many branches (23 > 12)\n   --> x_cls_make_all_x.py:898:9\n    |\n896 |         return self._legatus_bootstrap\n897 |\n898 |     def _run_visitor_subprocess(\n    |         ^^^^^^^^^^^^^^^^^^^^^^^\n899 |         self,\n900 |         *,\n    |\n\nPLR0915 Too many statements (69 > 50)\n   --> x_cls_make_all_x.py:898:9\n    |\n896 |         return self._legatus_bootstrap\n897 |\n898 |     def _run_visitor_subprocess(\n    |         ^^^^^^^^^^^^^^^^^^^^^^^\n899 |         self,\n900 |         *,\n    |\n\nTRY003 Avoid specifying long messages outside the exception class\n   --> x_cls_make_all_x.py:905:19\n    |\n903 |     ) -> VisitorRunResult:\n904 |         if not runtime_command:\n905 |             raise AssertionError(\"Visitor runtime command is empty\")\n    |                   ^^^^^^^^^^^^^^^^^^^^^^^^^^^^^^^^^^^^^^^^^^^^^^^^^^\n906 |\n907 |         root_str = self.detect_clones_root()\n    |\n\nEM101 Exception must not use a string literal, assign to variable first\n   --> x_cls_make_all_x.py:905:34\n    |\n903 |     ) -> VisitorRunResult:\n904 |         if not runtime_command:\n905 |             raise AssertionError(\"Visitor runtime command is empty\")\n    |                                  ^^^^^^^^^^^^^^^^^^^^^^^^^^^^^^^^^^\n906 |\n907 |         root_str = self.detect_clones_root()\n    |\nhelp: Assign to variable; remove string literal\n\nRUF005 Consider iterable unpacking instead of concatenation\n   --> x_cls_make_all_x.py:909:30\n    |\n907 |           root_str = self.detect_clones_root()\n908 |           root_path = Path(root_str).resolve()\n909 |           command: list[str] = list(runtime_command) + [\n    |  ______________________________^\n910 | |             \"-m\",\n911 | |             \"x_make_github_visitor_x.run_external\",\n912 | |             \"--root\",\n913 | |             str(root_path),\n914 | |         ]\n    | |_________^\n915 |           if disable_cache:\n916 |               command.append(\"--disable-cache\")\n    |\nhelp: Replace with iterable unpacking\n\nS603 `subprocess` call: check for execution of untrusted input\n   --> x_cls_make_all_x.py:930:18\n    |\n928 |             env[\"PYTHONPATH\"] = workspace_root\n929 |\n930 |         result = subprocess.run(\n    |                  ^^^^^^^^^^^^^^\n931 |             command,\n932 |             capture_output=True,\n    |\n\nE501 Line too long (104 > 88)\n   --> x_cls_make_all_x.py:947:89\n    |\n945 |             if isinstance(candidate, Mapping) and \"status\" in candidate:\n946 |                 payload = {\n947 |                     str(key): value for key, value in cast(\"Mapping[object, object]\", candidate).items()\n    |                                                                                         ^^^^^^^^^^^^^^^^\n948 |                 }\n949 |                 break\n    |\n\nTRY003 Avoid specifying long messages outside the exception class\n   --> x_cls_make_all_x.py:983:19\n    |\n981 |             raise AssertionError(message)\n982 |         if status_value != \"ok\":\n983 |             raise AssertionError(\"Visitor subprocess returned unexpected payload\")\n    |                   ^^^^^^^^^^^^^^^^^^^^^^^^^^^^^^^^^^^^^^^^^^^^^^^^^^^^^^^^^^^^^^^^\n984 |\n985 |         report_path_value = payload.get(\"report_path\")\n    |\n\nEM101 Exception must not use a string literal, assign to variable first\n   --> x_cls_make_all_x.py:983:34\n    |\n981 |             raise AssertionError(message)\n982 |         if status_value != \"ok\":\n983 |             raise AssertionError(\"Visitor subprocess returned unexpected payload\")\n    |                                  ^^^^^^^^^^^^^^^^^^^^^^^^^^^^^^^^^^^^^^^^^^^^^^^^\n984 |\n985 |         report_path_value = payload.get(\"report_path\")\n    |\nhelp: Assign to variable; remove string literal\n\nE501 Line too long (97 > 88)\n    --> x_cls_make_all_x.py:1116:89\n     |\n1114 |             )\n1115 |             published_versions_result = result[0]\n1116 |             published_count = sum(1 for version in published_versions_result.values() if version)\n     |                                                                                         ^^^^^^^^^\n1117 |             if published_count:\n1118 |                 message = f\"Published {published_count} package(s)\"\n     |\n\nE501 Line too long (90 > 88)\n    --> x_cls_make_all_x.py:1131:89\n     |\n1129 |                 \"entry_count\": entry_count,\n1130 |                 \"published_packages\": len(\n1131 |                     [version for version in published_versions_result.values() if version]\n     |                                                                                         ^^\n1132 |                 ),\n1133 |             }\n     |\n\nS101 Use of `assert` detected\n    --> x_cls_make_all_x.py:1145:9\n     |\n1143 |                 details=detail_payload,\n1144 |             )\n1145 |         assert result is not None\n     |         ^^^^^^\n1146 |         return result\n     |\n\nE501 Line too long (103 > 88)\n    --> x_cls_make_all_x.py:1282:89\n     |\n1280 | def _runtime_config_from_args(args: argparse.Namespace) -> _VisitorRuntimeConfig | None:\n1281 |     cli_command = getattr(args, \"visitor_runtime\", None)\n1282 |     command_source = cli_command if cli_command is not None else os.environ.get(\"MAKE_VISITOR_RUNTIME\")\n     |                                                                                         ^^^^^^^^^^^^^^^\n1283 |     command = _split_command(command_source)\n1284 |     if not command:\n     |\n\nSIM108 Use ternary operator `enabled = _env_truthy(\"MAKE_WITH_LEGATUS\") if cli_flag is None else bool(cli_flag)` instead of `if`-`else`-block\n    --> x_cls_make_all_x.py:1300:5\n     |\n1299 |       cli_flag = getattr(args, \"with_legatus\", None)\n1300 | /     if cli_flag is None:\n1301 | |         enabled = _env_truthy(\"MAKE_WITH_LEGATUS\")\n1302 | |     else:\n1303 | |         enabled = bool(cli_flag)\n     | |________________________________^\n1304 |\n1305 |       cli_profile = getattr(args, \"legatus_profile\", None)\n     |\nhelp: Replace `if`-`else`-block with `enabled = _env_truthy(\"MAKE_WITH_LEGATUS\") if cli_flag is None else bool(cli_flag)`\n\nB904 Within an `except` clause, raise exceptions with `raise ... from err` or `raise ... from None` to distinguish them from errors in exception handling\n    --> x_cls_make_all_x.py:1346:9\n     |\n1344 |         message = \"GUI unavailable; launch_gui entrypoint missing\"\n1345 |         _error(message)\n1346 |         raise RuntimeError(message)\n     |         ^^^^^^^^^^^^^^^^^^^^^^^^^^^\n1347 |     if not callable(launch_attr):\n1348 |         message = \"GUI unavailable; launch_gui is not callable\"\n     |\n\nTRY004 Prefer `TypeError` exception for invalid type\n    --> x_cls_make_all_x.py:1350:9\n     |\n1348 |         message = \"GUI unavailable; launch_gui is not callable\"\n1349 |         _error(message)\n1350 |         raise RuntimeError(message)\n     |         ^^^^^^^^^^^^^^^^^^^^^^^^^^^\n1351 |     launcher = cast(\"_LaunchGuiCallable\", launch_attr)\n     |\n\nFound 162 errors (5 fixed, 157 remaining).\nNo fixes available (17 hidden fixes can be enabled with the `--unsafe-fixes` option).\n",
                "tool": "ruff_fix",
                "tool_module": "ruff",
                "tool_version": "ruff 0.14.0"
            },
            "exit": "exit 1",
            "message": "ruff_fix failed for x_0_make_all_x (exit 1)\ncwd: C:\\x_runner_x\\x_0_make_all_x\ncommand: C:\\x_runner_x\\x_make_yahw_x\\.venv\\Scripts\\python.exe -m ruff check . --fix --select ALL --ignore D,COM812,ISC001,T20 --line-length 88 --target-version py311\nstarted_at: 2025-10-14T15:28:30.779245+00:00\nduration: 0.378s\ntool_version: ruff 0.14.0\nstdout:\nF404 `from __future__` imports must occur at the beginning of the file\n  --> dynamo_bridge.py:8:1\n   |\n 6 | \"\"\"\n 7 |\n\u2026\nstderr:\n<empty>",
            "repo": "x_0_make_all_x",
            "repo_path": "C:\\x_runner_x\\x_0_make_all_x",
            "stderr_preview": null,
            "stdout_preview": "F404 `from __future__` imports must occur at the beginning of the file\n  --> dynamo_bridge.py:8:1\n   |\n 6 | \"\"\"\n 7 |\n\u2026",
            "suggested_action": "Investigate",
            "summary": "ruff_fix failed for x_0_make_all_x (exit 1) cwd: C:\\x_runner_x\\x_0_make_all_x command: C:\\x_runner_x\\x_make_yahw_x\\.venv\\Scripts\\python.exe -m ruff check . --fix --select ALL --ignore D,COM812,ISC001,T20 --line-length 88 --target-version p\u2026",
            "tool": "ruff_fix",
            "tool_version": "ruff 0.14.0"
        },
        {
            "captured_at": "2025-10-14T15:29:50.156380+00:00",
            "command": "C:\\x_runner_x\\x_make_yahw_x\\.venv\\Scripts\\python.exe -m black . --line-length 88 --target-version py311 --check --diff",
            "detail": {
                "cached": false,
                "cmd": [
                    "C:\\x_runner_x\\x_make_yahw_x\\.venv\\Scripts\\python.exe",
                    "-m",
                    "black",
                    ".",
                    "--line-length",
                    "88",
                    "--target-version",
                    "py311",
                    "--check",
                    "--diff"
                ],
                "cmd_display": "C:\\x_runner_x\\x_make_yahw_x\\.venv\\Scripts\\python.exe -m black . --line-length 88 --target-version py311 --check --diff",
                "cwd": "C:\\x_runner_x\\x_make_common_x",
                "duration_seconds": 1.6964641999220476,
                "ended_at": "2025-10-14T15:29:50.156380+00:00",
                "exit": 1,
                "repo": "x_make_common_x",
                "repo_hash": "6e2f8d11b9d46686cf0085270ed024fae0a9bce4e356ef590e2a3b9f56d82039",
                "repo_path": "C:\\x_runner_x\\x_make_common_x",
                "started_at": "2025-10-14T15:29:48.459916+00:00",
                "stderr": "would reformat C:\\x_runner_x\\x_make_common_x\\telemetry.py\n\nOh no! \\U0001f4a5 \\U0001f494 \\U0001f4a5\n1 file would be reformatted, 8 files would be left unchanged.\n",
                "stdout": "--- C:\\x_runner_x\\x_make_common_x\\telemetry.py\t2025-10-14 15:27:42.352422+00:00\n+++ C:\\x_runner_x\\x_make_common_x\\telemetry.py\t2025-10-14 15:29:49.869972+00:00\n@@ -11,13 +11,15 @@\n from typing import TYPE_CHECKING, Final, Protocol, TextIO, TypedDict, cast\n \n from jsonschema import Draft202012Validator  # type: ignore[import-untyped]\n \n if TYPE_CHECKING:\n+\n     class ValidationError(Exception):\n         path: Sequence[object]\n         message: str\n+\n else:\n     from jsonschema import ValidationError  # type: ignore[import-untyped]\n \n if TYPE_CHECKING:\n     from collections.abc import Callable, Mapping, Sequence\n",
                "tool": "black",
                "tool_module": "black",
                "tool_version": "python -m black, 25.9.0 (compiled: yes)\nPython (CPython) 3.13.7"
            },
            "exit": "exit 1",
            "message": "black failed for x_make_common_x (exit 1)\ncwd: C:\\x_runner_x\\x_make_common_x\ncommand: C:\\x_runner_x\\x_make_yahw_x\\.venv\\Scripts\\python.exe -m black . --line-length 88 --target-version py311 --check --diff\nstarted_at: 2025-10-14T15:29:48.459916+00:00\nduration: 1.696s\ntool_version: python -m black, 25.9.0 (compiled: yes)\nPython (CPython) 3.13.7\nstdout:\n--- C:\\x_runner_x\\x_make_common_x\\telemetry.py\t2025-10-14 15:27:42.352422+00:00\n+++ C:\\x_runner_x\\x_make_common_x\\telemetry.py\t2025-10-14 15:29:49.869972+00:00\n@@ -11,13 +11,15 @@\n from typing import TYPE_CHECKING, Final, Protocol, TextIO, TypedDict, cast\n \n\u2026\nstderr:\nwould reformat C:\\x_runner_x\\x_make_common_x\\telemetry.py\n\nOh no! \\U0001f4a5 \\U0001f494 \\U0001f4a5\n1 file would be reformatted, 8 files would be left unchanged.",
            "repo": "x_make_common_x",
            "repo_path": "C:\\x_runner_x\\x_make_common_x",
            "stderr_preview": "would reformat C:\\x_runner_x\\x_make_common_x\\telemetry.py\n\nOh no! \\U0001f4a5 \\U0001f494 \\U0001f4a5\n1 file would be reformatted, 8 files would be left unchanged.",
            "stdout_preview": "--- C:\\x_runner_x\\x_make_common_x\\telemetry.py\t2025-10-14 15:27:42.352422+00:00\n+++ C:\\x_runner_x\\x_make_common_x\\telemetry.py\t2025-10-14 15:29:49.869972+00:00\n@@ -11,13 +11,15 @@\n from typing import TYPE_CHECKING, Final, Protocol, TextIO, TypedDict, cast\n \n\u2026",
            "suggested_action": "Investigate",
            "summary": "black failed for x_make_common_x (exit 1) cwd: C:\\x_runner_x\\x_make_common_x command: C:\\x_runner_x\\x_make_yahw_x\\.venv\\Scripts\\python.exe -m black . --line-length 88 --target-version py311 --check --diff started_at: 2025-10-14T15:29:48.45\u2026",
            "tool": "black",
            "tool_version": "python -m black, 25.9.0 (compiled: yes)\nPython (CPython) 3.13.7"
        },
        {
            "captured_at": "2025-10-14T15:29:59.626127+00:00",
            "command": "C:\\x_runner_x\\x_make_yahw_x\\.venv\\Scripts\\python.exe -m black . --line-length 88 --target-version py311 --check --diff",
            "detail": {
                "cached": false,
                "cmd": [
                    "C:\\x_runner_x\\x_make_yahw_x\\.venv\\Scripts\\python.exe",
                    "-m",
                    "black",
                    ".",
                    "--line-length",
                    "88",
                    "--target-version",
                    "py311",
                    "--check",
                    "--diff"
                ],
                "cmd_display": "C:\\x_runner_x\\x_make_yahw_x\\.venv\\Scripts\\python.exe -m black . --line-length 88 --target-version py311 --check --diff",
                "cwd": "C:\\x_runner_x\\x_make_github_visitor_x",
                "duration_seconds": 2.7433970000129193,
                "ended_at": "2025-10-14T15:29:59.626127+00:00",
                "exit": 1,
                "repo": "x_make_github_visitor_x",
                "repo_hash": "0ca8125cb18d3ec2f82a5673f154fe3a0e8f19bc68271283c5e783bfd5126d49",
                "repo_path": "C:\\x_runner_x\\x_make_github_visitor_x",
                "started_at": "2025-10-14T15:29:56.882727+00:00",
                "stderr": "would reformat C:\\x_runner_x\\x_make_github_visitor_x\\inspection_flow.py\nwould reformat C:\\x_runner_x\\x_make_github_visitor_x\\x_cls_make_github_visitor_x.py\n\nOh no! \\U0001f4a5 \\U0001f494 \\U0001f4a5\n2 files would be reformatted, 4 files would be left unchanged.\n",
                "stdout": "--- C:\\x_runner_x\\x_make_github_visitor_x\\inspection_flow.py\t2025-10-14 15:29:56.824229+00:00\n+++ C:\\x_runner_x\\x_make_github_visitor_x\\inspection_flow.py\t2025-10-14 15:29:58.486808+00:00\n@@ -208,11 +208,13 @@\n                         if isinstance(run_result.report_path, Path)\n                         else None\n                     ),\n                     \"had_failures\": run_result.had_failures,\n                     \"failure_messages\": list(run_result.failure_messages),\n-                    \"failure_details\": [dict(entry) for entry in run_result.failure_details],\n+                    \"failure_details\": [\n+                        dict(entry) for entry in run_result.failure_details\n+                    ],\n                     \"skipped\": run_result.skipped,\n                 },\n                 block=True,\n             )\n     finally:\n@@ -625,11 +627,13 @@\n     if run_result.had_failures:\n         details[\"failure_count\"] = len(run_result.failure_messages)\n         if run_result.failure_messages:\n             details[\"failure_preview\"] = run_result.failure_messages[:3]\n     if run_result.failure_details:\n-        details[\"failure_details\"] = [dict(entry) for entry in run_result.failure_details]\n+        details[\"failure_details\"] = [\n+            dict(entry) for entry in run_result.failure_details\n+        ]\n     typed_details = cast(\"dict[str, JSONValue]\", details)\n     emit_event(\n         make_event(\n             source=\"visitor\",\n             phase=\"inspection\",\n--- C:\\x_runner_x\\x_make_github_visitor_x\\x_cls_make_github_visitor_x.py\t2025-10-14 15:27:44.967345+00:00\n+++ C:\\x_runner_x\\x_make_github_visitor_x\\x_cls_make_github_visitor_x.py\t2025-10-14 15:29:59.146784+00:00\n@@ -170,14 +170,11 @@\n def _json_ready(value: object) -> JSONValue:\n     if value is None or isinstance(value, (str, int, float, bool)):\n         return value\n     if isinstance(value, Mapping):\n         typed_mapping = cast(\"Mapping[object, object]\", value)\n-        return {\n-            str(key): _json_ready(val)\n-            for key, val in typed_mapping.items()\n-        }\n+        return {str(key): _json_ready(val) for key, val in typed_mapping.items()}\n     if isinstance(value, Sequence) and not isinstance(value, (str, bytes, bytearray)):\n         typed_sequence = cast(\"Sequence[object]\", value)\n         return [_json_ready(entry) for entry in typed_sequence]\n     return str(value)\n \n@@ -935,10 +932,11 @@\n         return f\"exit {exit_code}\"\n \n     def _preview_output(self, detail: Mapping[str, object], key: str) -> str:\n         text = self._ensure_text(detail.get(key, \"\"))\n         return _preview_lines(text.splitlines(), OUTPUT_PREVIEW_LIMIT)\n+\n     def _serialize_failures(\n         self,\n         detail_pairs: Sequence[tuple[Mapping[str, object], str]],\n     ) -> list[dict[str, JSONValue]]:\n         entries: list[dict[str, JSONValue]] = []\n@@ -947,18 +945,19 @@\n             tool = self._detail_value(detail, \"tool\", \"tool_module\", default=\"\")\n             preview = self._summarize_failure_message(message)\n             command_display = self._command_display(detail)\n             exit_display = self._exit_display(detail)\n             repo_path = self._detail_value(detail, \"repo_path\", \"cwd\") or None\n-            suggestion = self._detail_value(\n-                detail,\n-                \"next_action\",\n-                default=\"Investigate\",\n-            ) or None\n-            captured_at = (\n-                self._detail_value(detail, \"ended_at\", \"started_at\") or None\n-            )\n+            suggestion = (\n+                self._detail_value(\n+                    detail,\n+                    \"next_action\",\n+                    default=\"Investigate\",\n+                )\n+                or None\n+            )\n+            captured_at = self._detail_value(detail, \"ended_at\", \"started_at\") or None\n             tool_version = self._detail_value(detail, \"tool_version\") or None\n             stdout_preview = self._preview_output(detail, \"stdout\") or None\n             stderr_preview = self._preview_output(detail, \"stderr\") or None\n             entries.append(\n                 {\n",
                "tool": "black",
                "tool_module": "black",
                "tool_version": "python -m black, 25.9.0 (compiled: yes)\nPython (CPython) 3.13.7"
            },
            "exit": "exit 1",
            "message": "black failed for x_make_github_visitor_x (exit 1)\ncwd: C:\\x_runner_x\\x_make_github_visitor_x\ncommand: C:\\x_runner_x\\x_make_yahw_x\\.venv\\Scripts\\python.exe -m black . --line-length 88 --target-version py311 --check --diff\nstarted_at: 2025-10-14T15:29:56.882727+00:00\nduration: 2.743s\ntool_version: python -m black, 25.9.0 (compiled: yes)\nPython (CPython) 3.13.7\nstdout:\n--- C:\\x_runner_x\\x_make_github_visitor_x\\inspection_flow.py\t2025-10-14 15:29:56.824229+00:00\n+++ C:\\x_runner_x\\x_make_github_visitor_x\\inspection_flow.py\t2025-10-14 15:29:58.486808+00:00\n@@ -208,11 +208,13 @@\n                         if isinstance(run_result.report_path, Path)\n                         else None\n\u2026\nstderr:\nwould reformat C:\\x_runner_x\\x_make_github_visitor_x\\inspection_flow.py\nwould reformat C:\\x_runner_x\\x_make_github_visitor_x\\x_cls_make_github_visitor_x.py\n\nOh no! \\U0001f4a5 \\U0001f494 \\U0001f4a5\n2 files would be reformatted, 4 files would be left unchanged.",
            "repo": "x_make_github_visitor_x",
            "repo_path": "C:\\x_runner_x\\x_make_github_visitor_x",
            "stderr_preview": "would reformat C:\\x_runner_x\\x_make_github_visitor_x\\inspection_flow.py\nwould reformat C:\\x_runner_x\\x_make_github_visitor_x\\x_cls_make_github_visitor_x.py\n\nOh no! \\U0001f4a5 \\U0001f494 \\U0001f4a5\n2 files would be reformatted, 4 files would be left unchanged.",
            "stdout_preview": "--- C:\\x_runner_x\\x_make_github_visitor_x\\inspection_flow.py\t2025-10-14 15:29:56.824229+00:00\n+++ C:\\x_runner_x\\x_make_github_visitor_x\\inspection_flow.py\t2025-10-14 15:29:58.486808+00:00\n@@ -208,11 +208,13 @@\n                         if isinstance(run_result.report_path, Path)\n                         else None\n\u2026",
            "suggested_action": "Investigate",
            "summary": "black failed for x_make_github_visitor_x (exit 1) cwd: C:\\x_runner_x\\x_make_github_visitor_x command: C:\\x_runner_x\\x_make_yahw_x\\.venv\\Scripts\\python.exe -m black . --line-length 88 --target-version py311 --check --diff started_at: 2025-1\u2026",
            "tool": "black",
            "tool_version": "python -m black, 25.9.0 (compiled: yes)\nPython (CPython) 3.13.7"
        },
        {
            "captured_at": "2025-10-14T15:30:01.210728+00:00",
            "command": "C:\\x_runner_x\\x_make_yahw_x\\.venv\\Scripts\\python.exe -m mypy . --strict --no-warn-unused-configs --show-error-codes --warn-return-any --warn-unreachable --disallow-any-unimported --disallow-any-expr --disallow-any-decorated --disallow-any-explicit",
            "detail": {
                "cached": false,
                "cmd": [
                    "C:\\x_runner_x\\x_make_yahw_x\\.venv\\Scripts\\python.exe",
                    "-m",
                    "mypy",
                    ".",
                    "--strict",
                    "--no-warn-unused-configs",
                    "--show-error-codes",
                    "--warn-return-any",
                    "--warn-unreachable",
                    "--disallow-any-unimported",
                    "--disallow-any-expr",
                    "--disallow-any-decorated",
                    "--disallow-any-explicit"
                ],
                "cmd_display": "C:\\x_runner_x\\x_make_yahw_x\\.venv\\Scripts\\python.exe -m mypy . --strict --no-warn-unused-configs --show-error-codes --warn-return-any --warn-unreachable --disallow-any-unimported --disallow-any-expr --disallow-any-decorated --disallow-any-explicit",
                "cwd": "C:\\x_runner_x\\x_make_github_visitor_x",
                "duration_seconds": 1.2031027000630274,
                "ended_at": "2025-10-14T15:30:01.210728+00:00",
                "exit": 1,
                "repo": "x_make_github_visitor_x",
                "repo_hash": "0ca8125cb18d3ec2f82a5673f154fe3a0e8f19bc68271283c5e783bfd5126d49",
                "repo_path": "C:\\x_runner_x\\x_make_github_visitor_x",
                "started_at": "2025-10-14T15:30:00.007625+00:00",
                "stderr": "",
                "stdout": "run_external.py:9: error: Skipping analyzing \"x_make_github_visitor_x.x_cls_make_github_visitor_x\": module is installed, but missing library stubs or py.typed marker  [import-untyped]\nrun_external.py:9: note: See https://mypy.readthedocs.io/en/stable/running_mypy.html#missing-imports\nrun_external.py:33: error: Explicit \"Any\" is not allowed  [explicit-any]\nrun_external.py:34: error: Expression type contains \"Any\" (has type \"dict[str, Any]\")  [misc]\nrun_external.py:43: error: Expression has type \"Any\"  [misc]\nrun_external.py:44: error: Expression type contains \"Any\" (has type \"Any | bool\")  [misc]\nrun_external.py:47: error: Expression has type \"Any\"  [misc]\nrun_external.py:50: error: Expression type contains \"Any\" (has type \"dict[str, Any]\")  [misc]\nrun_external.py:59: error: Expression type contains \"Any\" (has type \"dict[str, Any]\")  [misc]\nrun_external.py:67: error: Explicit \"Any\" is not allowed  [explicit-any]\nrun_external.py:70: error: Expression has type \"Any\"  [misc]\nrun_external.py:72: error: Expression type contains \"Any\" (has type \"tuple[str, Any]\")  [misc]\nrun_external.py:72: error: Expression has type \"Any\"  [misc]\nrun_external.py:73: error: Expression type contains \"Any\" (has type \"tuple[str, list[Any]]\")  [misc]\nrun_external.py:73: error: Expression type contains \"Any\" (has type \"list[Any]\")  [misc]\nrun_external.py:73: error: Expression has type \"Any\"  [misc]\nrun_external.py:74: error: Expression type contains \"Any\" (has type \"tuple[str, list[Any]]\")  [misc]\nrun_external.py:74: error: Expression has type \"Any\"  [misc]\nrun_external.py:74: error: Expression type contains \"Any\" (has type \"list[Any]\")  [misc]\nrun_external.py:74: error: Expression type contains \"Any\" (has type \"dict[Any, Any]\")  [misc]\nrun_external.py:75: error: Expression type contains \"Any\" (has type \"tuple[str, Any]\")  [misc]\nrun_external.py:75: error: Expression has type \"Any\"  [misc]\nrun_external.py:77: error: Expression type contains \"Any\" (has type \"dict[str, Any]\")  [misc]\nx_cls_make_github_visitor_x.py:19: error: Skipping analyzing \"x_make_github_visitor_x.inspection_flow\": module is installed, but missing library stubs or py.typed marker  [import-untyped]\nx_cls_make_github_visitor_x.py:234: error: Type of variable becomes \"Any | None\" due to an unfollowed import  [no-any-unimported]\nx_cls_make_github_visitor_x.py:1015: error: Return type becomes \"Any\" due to an unfollowed import  [no-any-unimported]\nx_cls_make_github_visitor_x.py:1034: error: Expression has type \"Any\"  [misc]\nx_cls_make_github_visitor_x.py:1042: error: Expression has type \"Any\"  [misc]\nx_cls_make_github_visitor_x.py:1270: error: Return type becomes \"Any | None\" due to an unfollowed import  [no-any-unimported]\nx_cls_make_github_visitor_x.py:1271: error: Expression type contains \"Any\" (has type \"Any | None\")  [misc]\nx_cls_make_github_visitor_x.py:1313: error: Return type becomes \"Any\" due to an unfollowed import  [no-any-unimported]\nx_cls_make_github_visitor_x.py:1347: error: Expression has type \"Any\"  [misc]\nx_cls_make_github_visitor_x.py:1357: error: Expression type contains \"Any\" (has type \"Any | None\")  [misc]\nx_cls_make_github_visitor_x.py:1358: error: Expression type contains \"Any\" (has type \"Any | None\")  [misc]\nx_cls_make_github_visitor_x.py:1358: error: Expression has type \"Any\"  [misc]\nx_cls_make_github_visitor_x.py:1359: error: Expression has type \"Any\"  [misc]\nx_cls_make_github_visitor_x.py:1362: error: Expression has type \"Any\"  [misc]\ninspection_flow.py:508: error: Expression type contains \"Any\" (has type \"Any | None\")  [misc]\ninspection_flow.py:509: error: Expression type contains \"Any\" (has type \"Any | None\")  [misc]\ntests\\test_github_visitor.py:139: error: Expression has type \"Any\"  [misc]\ntests\\test_github_visitor.py:141: error: Expression has type \"Any\"  [misc]\ntests\\test_github_visitor.py:142: error: Expression has type \"Any\"  [misc]\ntests\\test_github_visitor.py:142: error: Expression type contains \"Any\" (has type \"list[tuple[Any, Any]]\")  [misc]\ntests\\test_github_visitor.py:142: error: Expression type contains \"Any\" (has type \"tuple[Any, Any]\")  [misc]\ntests\\test_github_visitor.py:146: error: Expression has type \"Any\"  [misc]\ntests\\test_github_visitor.py:147: error: Expression has type \"Any\"  [misc]\ntests\\test_github_visitor.py:148: error: Expression has type \"Any\"  [misc]\ntests\\test_github_visitor.py:149: error: Expression has type \"Any\"  [misc]\ntests\\test_github_visitor.py:150: error: Expression has type \"Any\"  [misc]\ntests\\test_github_visitor.py:193: error: Expression has type \"Any\"  [misc]\ntests\\test_github_visitor.py:194: error: Expression has type \"Any\"  [misc]\ntests\\test_github_visitor.py:195: error: Expression has type \"Any\"  [misc]\ntests\\test_github_visitor.py:196: error: Expression has type \"Any\"  [misc]\nFound 52 errors in 4 files (checked 6 source files)\n",
                "tool": "mypy",
                "tool_module": "mypy",
                "tool_version": "mypy 1.18.2 (compiled: yes)"
            },
            "exit": "exit 1",
            "message": "mypy failed for x_make_github_visitor_x (exit 1)\ncwd: C:\\x_runner_x\\x_make_github_visitor_x\ncommand: C:\\x_runner_x\\x_make_yahw_x\\.venv\\Scripts\\python.exe -m mypy . --strict --no-warn-unused-configs --show-error-codes --warn-return-any --warn-unreachable --disallow-any-unimported --disallow-any-expr --disallow-any-decorated --disallow-any-explicit\nstarted_at: 2025-10-14T15:30:00.007625+00:00\nduration: 1.203s\ntool_version: mypy 1.18.2 (compiled: yes)\nstdout:\nrun_external.py:9: error: Skipping analyzing \"x_make_github_visitor_x.x_cls_make_github_visitor_x\": module is installed, but missing library stubs or py.typed marker  [import-untyped]\nrun_external.py:9: note: See https://mypy.readthedocs.io/en/stable/running_mypy.html#missing-imports\nrun_external.py:33: error: Explicit \"Any\" is not allowed  [explicit-any]\nrun_external.py:34: error: Expression type contains \"Any\" (has type \"dict[str, Any]\")  [misc]\nrun_external.py:43: error: Expression has type \"Any\"  [misc]\n\u2026\nstderr:\n<empty>",
            "repo": "x_make_github_visitor_x",
            "repo_path": "C:\\x_runner_x\\x_make_github_visitor_x",
            "stderr_preview": null,
            "stdout_preview": "run_external.py:9: error: Skipping analyzing \"x_make_github_visitor_x.x_cls_make_github_visitor_x\": module is installed, but missing library stubs or py.typed marker  [import-untyped]\nrun_external.py:9: note: See https://mypy.readthedocs.io/en/stable/running_mypy.html#missing-imports\nrun_external.py:33: error: Explicit \"Any\" is not allowed  [explicit-any]\nrun_external.py:34: error: Expression type contains \"Any\" (has type \"dict[str, Any]\")  [misc]\nrun_external.py:43: error: Expression has type \"Any\"  [misc]\n\u2026",
            "suggested_action": "Investigate",
            "summary": "mypy failed for x_make_github_visitor_x (exit 1) cwd: C:\\x_runner_x\\x_make_github_visitor_x command: C:\\x_runner_x\\x_make_yahw_x\\.venv\\Scripts\\python.exe -m mypy . --strict --no-warn-unused-configs --show-error-codes --warn-return-any --wa\u2026",
            "tool": "mypy",
            "tool_version": "mypy 1.18.2 (compiled: yes)"
        },
        {
            "captured_at": "2025-10-14T15:29:59.998306+00:00",
            "command": "C:\\x_runner_x\\x_make_yahw_x\\.venv\\Scripts\\python.exe -m ruff check . --select ALL --ignore D,COM812,ISC001,T20 --line-length 88 --target-version py311",
            "detail": {
                "cached": false,
                "cmd": [
                    "C:\\x_runner_x\\x_make_yahw_x\\.venv\\Scripts\\python.exe",
                    "-m",
                    "ruff",
                    "check",
                    ".",
                    "--select",
                    "ALL",
                    "--ignore",
                    "D,COM812,ISC001,T20",
                    "--line-length",
                    "88",
                    "--target-version",
                    "py311"
                ],
                "cmd_display": "C:\\x_runner_x\\x_make_yahw_x\\.venv\\Scripts\\python.exe -m ruff check . --select ALL --ignore D,COM812,ISC001,T20 --line-length 88 --target-version py311",
                "cwd": "C:\\x_runner_x\\x_make_github_visitor_x",
                "duration_seconds": 0.3637782000005245,
                "ended_at": "2025-10-14T15:29:59.998306+00:00",
                "exit": 1,
                "repo": "x_make_github_visitor_x",
                "repo_hash": "0ca8125cb18d3ec2f82a5673f154fe3a0e8f19bc68271283c5e783bfd5126d49",
                "repo_path": "C:\\x_runner_x\\x_make_github_visitor_x",
                "started_at": "2025-10-14T15:29:59.634529+00:00",
                "stderr": "",
                "stdout": "TC003 Move standard library import `collections.abc.Sequence` into a type-checking block\n  --> inspection_flow.py:8:29\n   |\n 6 | import pickle\n 7 | import queue\n 8 | from collections.abc import Sequence\n   |                             ^^^^^^^^\n 9 | from contextlib import suppress\n10 | from dataclasses import dataclass\n   |\nhelp: Move into type-checking block\n\nE501 Line too long (93 > 88)\n   --> inspection_flow.py:213:89\n    |\n211 |                     \"had_failures\": run_result.had_failures,\n212 |                     \"failure_messages\": list(run_result.failure_messages),\n213 |                     \"failure_details\": [dict(entry) for entry in run_result.failure_details],\n    |                                                                                         ^^^^^\n214 |                     \"skipped\": run_result.skipped,\n215 |                 },\n    |\n\nPLR0915 Too many statements (92 > 50)\n   --> inspection_flow.py:225:5\n    |\n225 | def _run_visitor_in_subprocess(  # noqa: C901, PLR0912\n    |     ^^^^^^^^^^^^^^^^^^^^^^^^^^\n226 |     root_path: Path,\n227 |     ctx: object | None,\n    |\n\nE501 Line too long (90 > 88)\n   --> inspection_flow.py:630:89\n    |\n628 |             details[\"failure_preview\"] = run_result.failure_messages[:3]\n629 |     if run_result.failure_details:\n630 |         details[\"failure_details\"] = [dict(entry) for entry in run_result.failure_details]\n    |                                                                                         ^^\n631 |     typed_details = cast(\"dict[str, JSONValue]\", details)\n632 |     emit_event(\n    |\n\nBLE001 Do not catch blind exception: `Exception`\n  --> run_external.py:57:12\n   |\n55 |         )\n56 |         return 1\n57 |     except Exception as err:  # pragma: no cover - defensive\n   |            ^^^^^^^^^\n58 |         _emit_payload(\n59 |             {\n   |\n\nSLF001 Private member accessed: `_root_is_git_repo`\n   --> tests\\test_github_visitor.py:208:12\n    |\n206 |     visitor = x_cls_make_github_visitor_x(workspace)\n207 |\n208 |     assert visitor._root_is_git_repo is True\n    |            ^^^^^^^^^^^^^^^^^^^^^^^^^\n    |\n\nFound 6 errors.\nNo fixes available (1 hidden fix can be enabled with the `--unsafe-fixes` option).\n",
                "tool": "ruff_check",
                "tool_module": "ruff",
                "tool_version": "ruff 0.14.0"
            },
            "exit": "exit 1",
            "message": "ruff_check failed for x_make_github_visitor_x (exit 1)\ncwd: C:\\x_runner_x\\x_make_github_visitor_x\ncommand: C:\\x_runner_x\\x_make_yahw_x\\.venv\\Scripts\\python.exe -m ruff check . --select ALL --ignore D,COM812,ISC001,T20 --line-length 88 --target-version py311\nstarted_at: 2025-10-14T15:29:59.634529+00:00\nduration: 0.364s\ntool_version: ruff 0.14.0\nstdout:\nTC003 Move standard library import `collections.abc.Sequence` into a type-checking block\n  --> inspection_flow.py:8:29\n   |\n 6 | import pickle\n 7 | import queue\n\u2026\nstderr:\n<empty>",
            "repo": "x_make_github_visitor_x",
            "repo_path": "C:\\x_runner_x\\x_make_github_visitor_x",
            "stderr_preview": null,
            "stdout_preview": "TC003 Move standard library import `collections.abc.Sequence` into a type-checking block\n  --> inspection_flow.py:8:29\n   |\n 6 | import pickle\n 7 | import queue\n\u2026",
            "suggested_action": "Investigate",
            "summary": "ruff_check failed for x_make_github_visitor_x (exit 1) cwd: C:\\x_runner_x\\x_make_github_visitor_x command: C:\\x_runner_x\\x_make_yahw_x\\.venv\\Scripts\\python.exe -m ruff check . --select ALL --ignore D,COM812,ISC001,T20 --line-length 88 --ta\u2026",
            "tool": "ruff_check",
            "tool_version": "ruff 0.14.0"
        },
        {
            "captured_at": "2025-10-14T15:29:56.876226+00:00",
            "command": "C:\\x_runner_x\\x_make_yahw_x\\.venv\\Scripts\\python.exe -m ruff check . --fix --select ALL --ignore D,COM812,ISC001,T20 --line-length 88 --target-version py311",
            "detail": {
                "cached": false,
                "cmd": [
                    "C:\\x_runner_x\\x_make_yahw_x\\.venv\\Scripts\\python.exe",
                    "-m",
                    "ruff",
                    "check",
                    ".",
                    "--fix",
                    "--select",
                    "ALL",
                    "--ignore",
                    "D,COM812,ISC001,T20",
                    "--line-length",
                    "88",
                    "--target-version",
                    "py311"
                ],
                "cmd_display": "C:\\x_runner_x\\x_make_yahw_x\\.venv\\Scripts\\python.exe -m ruff check . --fix --select ALL --ignore D,COM812,ISC001,T20 --line-length 88 --target-version py311",
                "cwd": "C:\\x_runner_x\\x_make_github_visitor_x",
                "duration_seconds": 0.31606250000186265,
                "ended_at": "2025-10-14T15:29:56.876226+00:00",
                "exit": 1,
                "repo": "x_make_github_visitor_x",
                "repo_hash": "0ca8125cb18d3ec2f82a5673f154fe3a0e8f19bc68271283c5e783bfd5126d49",
                "repo_path": "C:\\x_runner_x\\x_make_github_visitor_x",
                "started_at": "2025-10-14T15:29:56.560164+00:00",
                "stderr": "",
                "stdout": "TC003 Move standard library import `collections.abc.Sequence` into a type-checking block\n  --> inspection_flow.py:8:29\n   |\n 6 | import pickle\n 7 | import queue\n 8 | from collections.abc import Sequence\n   |                             ^^^^^^^^\n 9 | from contextlib import suppress\n10 | from dataclasses import dataclass\n   |\nhelp: Move into type-checking block\n\nE501 Line too long (93 > 88)\n   --> inspection_flow.py:213:89\n    |\n211 |                     \"had_failures\": run_result.had_failures,\n212 |                     \"failure_messages\": list(run_result.failure_messages),\n213 |                     \"failure_details\": [dict(entry) for entry in run_result.failure_details],\n    |                                                                                         ^^^^^\n214 |                     \"skipped\": run_result.skipped,\n215 |                 },\n    |\n\nPLR0915 Too many statements (92 > 50)\n   --> inspection_flow.py:225:5\n    |\n225 | def _run_visitor_in_subprocess(  # noqa: C901, PLR0912\n    |     ^^^^^^^^^^^^^^^^^^^^^^^^^^\n226 |     root_path: Path,\n227 |     ctx: object | None,\n    |\n\nE501 Line too long (90 > 88)\n   --> inspection_flow.py:630:89\n    |\n628 |             details[\"failure_preview\"] = run_result.failure_messages[:3]\n629 |     if run_result.failure_details:\n630 |         details[\"failure_details\"] = [dict(entry) for entry in run_result.failure_details]\n    |                                                                                         ^^\n631 |     typed_details = cast(\"dict[str, JSONValue]\", details)\n632 |     emit_event(\n    |\n\nBLE001 Do not catch blind exception: `Exception`\n  --> run_external.py:57:12\n   |\n55 |         )\n56 |         return 1\n57 |     except Exception as err:  # pragma: no cover - defensive\n   |            ^^^^^^^^^\n58 |         _emit_payload(\n59 |             {\n   |\n\nSLF001 Private member accessed: `_root_is_git_repo`\n   --> tests\\test_github_visitor.py:208:12\n    |\n206 |     visitor = x_cls_make_github_visitor_x(workspace)\n207 |\n208 |     assert visitor._root_is_git_repo is True\n    |            ^^^^^^^^^^^^^^^^^^^^^^^^^\n    |\n\nFound 8 errors (2 fixed, 6 remaining).\nNo fixes available (1 hidden fix can be enabled with the `--unsafe-fixes` option).\n",
                "tool": "ruff_fix",
                "tool_module": "ruff",
                "tool_version": "ruff 0.14.0"
            },
            "exit": "exit 1",
            "message": "ruff_fix failed for x_make_github_visitor_x (exit 1)\ncwd: C:\\x_runner_x\\x_make_github_visitor_x\ncommand: C:\\x_runner_x\\x_make_yahw_x\\.venv\\Scripts\\python.exe -m ruff check . --fix --select ALL --ignore D,COM812,ISC001,T20 --line-length 88 --target-version py311\nstarted_at: 2025-10-14T15:29:56.560164+00:00\nduration: 0.316s\ntool_version: ruff 0.14.0\nstdout:\nTC003 Move standard library import `collections.abc.Sequence` into a type-checking block\n  --> inspection_flow.py:8:29\n   |\n 6 | import pickle\n 7 | import queue\n\u2026\nstderr:\n<empty>",
            "repo": "x_make_github_visitor_x",
            "repo_path": "C:\\x_runner_x\\x_make_github_visitor_x",
            "stderr_preview": null,
            "stdout_preview": "TC003 Move standard library import `collections.abc.Sequence` into a type-checking block\n  --> inspection_flow.py:8:29\n   |\n 6 | import pickle\n 7 | import queue\n\u2026",
            "suggested_action": "Investigate",
            "summary": "ruff_fix failed for x_make_github_visitor_x (exit 1) cwd: C:\\x_runner_x\\x_make_github_visitor_x command: C:\\x_runner_x\\x_make_yahw_x\\.venv\\Scripts\\python.exe -m ruff check . --fix --select ALL --ignore D,COM812,ISC001,T20 --line-length 88 \u2026",
            "tool": "ruff_fix",
            "tool_version": "ruff 0.14.0"
        }
    ],
    "generated_at": "2025-10-14T15:31:26.630827+00:00",
    "runtime": {
        "environment": {
            "PATH": "C:\\x_runner_x\\x_make_yahw_x\\.venv\\Lib\\site-packages\\PySide6;C:\\WINDOWS\\system32;C:\\WINDOWS;C:\\WINDOWS\\System32\\Wbem;C:\\WINDOWS\\System32\\WindowsPowerShell\\v1.0\\;C:\\WINDOWS\\System32\\OpenSSH\\;C:\\Program Files\\Git\\cmd;C:\\Users\\eye43\\AppData\\Local\\Programs\\Python\\Python313\\Scripts\\;C:\\Users\\eye43\\AppData\\Local\\Programs\\Python\\Python313\\;C:\\Users\\eye43\\AppData\\Local\\Microsoft\\WindowsApps;C:\\Users\\eye43\\AppData\\Local\\Programs\\Microsoft VS Code\\bin;c:\\Users\\eye43\\.vscode\\extensions\\ms-python.debugpy-2025.14.0-win32-x64\\bundled\\scripts\\noConfigScripts;c:\\Users\\eye43\\AppData\\Roaming\\Code\\User\\globalStorage\\github.copilot-chat\\debugCommand"
        },
        "platform": "Windows-11-10.0.22631-SP0",
        "python_executable": "C:\\x_runner_x\\x_make_yahw_x\\.venv\\Scripts\\python.exe",
        "python_version": "3.13.7 (tags/v3.13.7:bcee1c3, Aug 14 2025, 14:15:11) [MSC v.1944 64 bit (AMD64)]",
        "run_completed_at": "2025-10-14T15:31:26.630287+00:00",
        "run_started_at": "2025-10-14T15:28:12.793167+00:00",
        "workspace_root": "C:\\x_runner_x"
    },
    "schema_version": "1.0",
    "summary": {
        "overall_stats": {
            "cache_hits": 34,
            "cache_misses": 41,
            "failed_tools": 9,
            "had_failures": true,
            "total_tools_run": 75
        },
        "repos": {
            "x_0_make_all_x": {
                "cached": 0,
                "failed": 4,
                "repo_hash": "7044bf8b5bba7c11df8460be4ecd3efb26c85f03d31097399e0af5be8dff7121",
                "tools": {
                    "black": {
                        "cached": false,
                        "exit": 1,
                        "timed_out": false
                    },
                    "mypy": {
                        "cached": false,
                        "exit": 1,
                        "timed_out": false
                    },
                    "pyright": {
                        "cached": false,
                        "exit": 0,
                        "timed_out": false
                    },
                    "ruff_check": {
                        "cached": false,
                        "exit": 1,
                        "timed_out": false
                    },
                    "ruff_fix": {
                        "cached": false,
                        "exit": 1,
                        "timed_out": false
                    }
                }
            },
            "x_legatus_acta_schedae_x": {
                "cached": 0,
                "failed": 0,
                "repo_hash": "a6d188d6aba7d7056b1f04856890e05654277e41114ea8898a33713759aa6416",
                "tools": {
                    "black": {
                        "cached": false,
                        "exit": 0,
                        "timed_out": false
                    },
                    "mypy": {
                        "cached": false,
                        "exit": 0,
                        "timed_out": false
                    },
                    "pyright": {
                        "cached": false,
                        "exit": 0,
                        "timed_out": false
                    },
                    "ruff_check": {
                        "cached": false,
                        "exit": 0,
                        "timed_out": false
                    },
                    "ruff_fix": {
                        "cached": false,
                        "exit": 0,
                        "timed_out": false
                    }
                }
            },
            "x_legatus_tabula_opus_x": {
                "cached": 2,
                "failed": 0,
                "repo_hash": "4c68673816c92fb45eaa304acd3aafe13e84c67a3bfb6bcde3f8e34b5d8cd8c7",
                "tools": {
                    "black": {
                        "cached": false,
                        "exit": 0,
                        "timed_out": false
                    },
                    "mypy": {
                        "cached": false,
                        "exit": 0,
                        "timed_out": false
                    },
                    "pyright": {
                        "cached": false,
                        "exit": 0,
                        "timed_out": false
                    },
                    "ruff_check": {
                        "cached": true,
                        "exit": 0,
                        "timed_out": false
                    },
                    "ruff_fix": {
                        "cached": true,
                        "exit": 0,
                        "timed_out": false
                    }
                }
            },
            "x_legatus_tactica_impetus_x": {
                "cached": 2,
                "failed": 0,
                "repo_hash": "cc97fafbcc480da07f5da6f3bf95b20b6477a3877b19257bb492c37a976161aa",
                "tools": {
                    "black": {
                        "cached": false,
                        "exit": 0,
                        "timed_out": false
                    },
                    "mypy": {
                        "cached": false,
                        "exit": 0,
                        "timed_out": false
                    },
                    "pyright": {
                        "cached": false,
                        "exit": 0,
                        "timed_out": false
                    },
                    "ruff_check": {
                        "cached": true,
                        "exit": 0,
                        "timed_out": false
                    },
                    "ruff_fix": {
                        "cached": true,
                        "exit": 0,
                        "timed_out": false
                    }
                }
            },
            "x_make_common_x": {
                "cached": 0,
                "failed": 1,
                "repo_hash": "6e2f8d11b9d46686cf0085270ed024fae0a9bce4e356ef590e2a3b9f56d82039",
                "tools": {
                    "black": {
                        "cached": false,
                        "exit": 1,
                        "timed_out": false
                    },
                    "mypy": {
                        "cached": false,
                        "exit": 0,
                        "timed_out": false
                    },
                    "pyright": {
                        "cached": false,
                        "exit": 0,
                        "timed_out": false
                    },
                    "ruff_check": {
                        "cached": false,
                        "exit": 0,
                        "timed_out": false
                    },
                    "ruff_fix": {
                        "cached": false,
                        "exit": 0,
                        "timed_out": false
                    }
                }
            },
            "x_make_github_clones_x": {
                "cached": 5,
                "failed": 0,
                "repo_hash": "5f1c4037b899542ba442042ba042e48556fc019d2fa2a2c66020898d692abdfb",
                "tools": {
                    "black": {
                        "cached": true,
                        "exit": 0,
                        "timed_out": false
                    },
                    "mypy": {
                        "cached": true,
                        "exit": 0,
                        "timed_out": false
                    },
                    "pyright": {
                        "cached": true,
                        "exit": 0,
                        "timed_out": false
                    },
                    "ruff_check": {
                        "cached": true,
                        "exit": 0,
                        "timed_out": false
                    },
                    "ruff_fix": {
                        "cached": true,
                        "exit": 0,
                        "timed_out": false
                    }
                }
            },
            "x_make_github_visitor_x": {
                "cached": 0,
                "failed": 4,
                "repo_hash": "0ca8125cb18d3ec2f82a5673f154fe3a0e8f19bc68271283c5e783bfd5126d49",
                "tools": {
                    "black": {
                        "cached": false,
                        "exit": 1,
                        "timed_out": false
                    },
                    "mypy": {
                        "cached": false,
                        "exit": 1,
                        "timed_out": false
                    },
                    "pyright": {
                        "cached": false,
                        "exit": 0,
                        "timed_out": false
                    },
                    "ruff_check": {
                        "cached": false,
                        "exit": 1,
                        "timed_out": false
                    },
                    "ruff_fix": {
                        "cached": false,
                        "exit": 1,
                        "timed_out": false
                    }
                }
            },
            "x_make_graphviz_x": {
                "cached": 5,
                "failed": 0,
                "repo_hash": "4e98d42bf69c1c0e7077c37dbab3351afe73144e36e35eea6d92844887f7e9e9",
                "tools": {
                    "black": {
                        "cached": true,
                        "exit": 0,
                        "timed_out": false
                    },
                    "mypy": {
                        "cached": true,
                        "exit": 0,
                        "timed_out": false
                    },
                    "pyright": {
                        "cached": true,
                        "exit": 0,
                        "timed_out": false
                    },
                    "ruff_check": {
                        "cached": true,
                        "exit": 0,
                        "timed_out": false
                    },
                    "ruff_fix": {
                        "cached": true,
                        "exit": 0,
                        "timed_out": false
                    }
                }
            },
            "x_make_markdown_x": {
                "cached": 5,
                "failed": 0,
                "repo_hash": "0634e764feda18bf1202aac62871c55dbc57522733d4b6e5e48d35229324e5fa",
                "tools": {
                    "black": {
                        "cached": true,
                        "exit": 0,
                        "timed_out": false
                    },
                    "mypy": {
                        "cached": true,
                        "exit": 0,
                        "timed_out": false
                    },
                    "pyright": {
                        "cached": true,
                        "exit": 0,
                        "timed_out": false
                    },
                    "ruff_check": {
                        "cached": true,
                        "exit": 0,
                        "timed_out": false
                    },
                    "ruff_fix": {
                        "cached": true,
                        "exit": 0,
                        "timed_out": false
                    }
                }
            },
            "x_make_mermaid_x": {
                "cached": 5,
                "failed": 0,
                "repo_hash": "896b5881250edb42972d6cfe02d83b40eaefa8cefa5571a520921409c1542001",
                "tools": {
                    "black": {
                        "cached": true,
                        "exit": 0,
                        "timed_out": false
                    },
                    "mypy": {
                        "cached": true,
                        "exit": 0,
                        "timed_out": false
                    },
                    "pyright": {
                        "cached": true,
                        "exit": 0,
                        "timed_out": false
                    },
                    "ruff_check": {
                        "cached": true,
                        "exit": 0,
                        "timed_out": false
                    },
                    "ruff_fix": {
                        "cached": true,
                        "exit": 0,
                        "timed_out": false
                    }
                }
            },
            "x_make_persistent_env_var_x": {
                "cached": 5,
                "failed": 0,
                "repo_hash": "60badf502308026fe99ba7de71422f01bd84643e336742ec554b7e8e567bf894",
                "tools": {
                    "black": {
                        "cached": true,
                        "exit": 0,
                        "timed_out": false
                    },
                    "mypy": {
                        "cached": true,
                        "exit": 0,
                        "timed_out": false
                    },
                    "pyright": {
                        "cached": true,
                        "exit": 0,
                        "timed_out": false
                    },
                    "ruff_check": {
                        "cached": true,
                        "exit": 0,
                        "timed_out": false
                    },
                    "ruff_fix": {
                        "cached": true,
                        "exit": 0,
                        "timed_out": false
                    }
                }
            },
            "x_make_pip_updates_x": {
                "cached": 0,
                "failed": 0,
                "repo_hash": "14b368da499764e6fc66cd3dde76dad1bef956039cbb18d00bb751fe8ae66c8a",
                "tools": {
                    "black": {
                        "cached": false,
                        "exit": 0,
                        "timed_out": false
                    },
                    "mypy": {
                        "cached": false,
                        "exit": 0,
                        "timed_out": false
                    },
                    "pyright": {
                        "cached": false,
                        "exit": 0,
                        "timed_out": false
                    },
                    "ruff_check": {
                        "cached": false,
                        "exit": 0,
                        "timed_out": false
                    },
                    "ruff_fix": {
                        "cached": false,
                        "exit": 0,
                        "timed_out": false
                    }
                }
            },
            "x_make_py_mod_sideload_x": {
                "cached": 5,
                "failed": 0,
                "repo_hash": "0f81979e95fbdb9acbd9d15265f7c26703c4514e9b86168904127040d09166d8",
                "tools": {
                    "black": {
                        "cached": true,
                        "exit": 0,
                        "timed_out": false
                    },
                    "mypy": {
                        "cached": true,
                        "exit": 0,
                        "timed_out": false
                    },
                    "pyright": {
                        "cached": true,
                        "exit": 0,
                        "timed_out": false
                    },
                    "ruff_check": {
                        "cached": true,
                        "exit": 0,
                        "timed_out": false
                    },
                    "ruff_fix": {
                        "cached": true,
                        "exit": 0,
                        "timed_out": false
                    }
                }
            },
            "x_make_pypi_x": {
                "cached": 0,
                "failed": 0,
                "repo_hash": "a2edcc482b8d6ae807bab2850f90ff12338daa36d0553b405f7b43aee48b9f14",
                "tools": {
                    "black": {
                        "cached": false,
                        "exit": 0,
                        "timed_out": false
                    },
                    "mypy": {
                        "cached": false,
                        "exit": 0,
                        "timed_out": false
                    },
                    "pyright": {
                        "cached": false,
                        "exit": 0,
                        "timed_out": false
                    },
                    "ruff_check": {
                        "cached": false,
                        "exit": 0,
                        "timed_out": false
                    },
                    "ruff_fix": {
                        "cached": false,
                        "exit": 0,
                        "timed_out": false
                    }
                }
            },
            "x_make_yahw_x": {
                "cached": 0,
                "failed": 0,
                "repo_hash": "d659632e092d5a7f7c413558349a2c3b6898a676fb92ae80da8dac4867bbe994",
                "tools": {
                    "black": {
                        "cached": false,
                        "exit": 0,
                        "timed_out": false
                    },
                    "mypy": {
                        "cached": false,
                        "exit": 0,
                        "timed_out": false
                    },
                    "pyright": {
                        "cached": false,
                        "exit": 0,
                        "timed_out": false
                    },
                    "ruff_check": {
                        "cached": false,
                        "exit": 0,
                        "timed_out": false
                    },
                    "ruff_fix": {
                        "cached": false,
                        "exit": 0,
                        "timed_out": false
                    }
                }
            }
        },
        "timestamp": "2025-10-14T15:31:26.630922+00:00",
        "total_repos": 15
    },
    "tool_versions": {
        "black": "python -m black, 25.9.0 (compiled: yes)\nPython (CPython) 3.13.7",
        "mypy": "mypy 1.18.2 (compiled: yes)",
        "pyright": "pyright 1.1.406",
        "ruff": "ruff 0.14.0"
    },
    "workspace_root": "C:\\x_runner_x"
}