{
    "failures": [
        {
            "captured_at": "2025-10-15T19:16:24.195649+00:00",
            "command": "C:\\x_runner_x\\.venv\\Scripts\\python.exe -m black . --line-length 88 --target-version py311 --check --diff",
            "detail": {
                "cached": false,
                "cmd": [
                    "C:\\x_runner_x\\.venv\\Scripts\\python.exe",
                    "-m",
                    "black",
                    ".",
                    "--line-length",
                    "88",
                    "--target-version",
                    "py311",
                    "--check",
                    "--diff"
                ],
                "cmd_display": "C:\\x_runner_x\\.venv\\Scripts\\python.exe -m black . --line-length 88 --target-version py311 --check --diff",
                "cwd": "C:\\x_runner_x\\x_0_make_all_x",
                "duration_seconds": 2.617716600001586,
                "ended_at": "2025-10-15T19:16:24.195649+00:00",
                "exit": 1,
                "failed_files": [],
                "files_checked": [
                    "__init__.py",
                    "forceit.py",
                    "interface/__init__.py",
                    "interface/gui/__init__.py",
                    "interface/gui/app.py",
                    "interface/gui/commit.py",
                    "interface/gui/tree.py",
                    "manifest.py",
                    "tests/__init__.py",
                    "tests/test_forceit.py",
                    "tests/test_gui_columns.py",
                    "tests/test_gui_commit.py",
                    "tests/test_gui_exit_code.py",
                    "tests/test_gui_tree.py",
                    "tests/test_make_all_kanban.py",
                    "tests/test_orchestrator_clones_stage.py",
                    "tests/test_publish_manifest.py",
                    "x_cls_make_all_x.py"
                ],
                "repo": "x_0_make_all_x",
                "repo_hash": "4a29c866c13514a0ba15f2488b0e664f64fdaf89c822567f2b766ac247ff2de1",
                "repo_path": "C:\\x_runner_x\\x_0_make_all_x",
                "started_at": "2025-10-15T19:16:21.577934+00:00",
                "stderr": "would reformat C:\\x_runner_x\\x_0_make_all_x\\tests\\test_orchestrator_clones_stage.py\nwould reformat C:\\x_runner_x\\x_0_make_all_x\\x_cls_make_all_x.py\n\nOh no! \\U0001f4a5 \\U0001f494 \\U0001f4a5\n2 files would be reformatted, 16 files would be left unchanged.\n",
                "stdout": "--- C:\\x_runner_x\\x_0_make_all_x\\tests\\test_orchestrator_clones_stage.py\t2025-10-15 03:51:44.186921+00:00\n+++ C:\\x_runner_x\\x_0_make_all_x\\tests\\test_orchestrator_clones_stage.py\t2025-10-15 19:16:22.679242+00:00\n@@ -20,10 +20,11 @@\n         target_dir=str(tmp_path / \"workspace\"),\n         shallow=False,\n         include_forks=False,\n         force_reclone=False,\n     )\n+\n     def _options_override(self: object, ctx: object) -> SimpleNamespace:\n         return options\n \n     def _delegate_override(self: object) -> None:\n         return None\n@@ -72,11 +73,13 @@\n     summary = orchestrator.generate_run_summary()\n     assert isinstance(summary, dict)\n     stages = summary.get(\"stages\")\n     assert isinstance(stages, list)\n     typed_stages = cast(\"list[dict[str, Any]]\", stages)\n-    cloning_stage = next(stage for stage in typed_stages if stage.get(\"id\") == \"cloning\")\n+    cloning_stage = next(\n+        stage for stage in typed_stages if stage.get(\"id\") == \"cloning\"\n+    )\n     metadata = cast(\"dict[str, Any]\", cloning_stage.get(\"metadata\"))\n     assert metadata is not None\n     assert metadata[\"report_path\"].endswith(\"clones_run.json\")\n     assert metadata[\"report_summary\"] == report_summary\n     assert any(\n--- C:\\x_runner_x\\x_0_make_all_x\\x_cls_make_all_x.py\t2025-10-15 19:16:02.573778+00:00\n+++ C:\\x_runner_x\\x_0_make_all_x\\x_cls_make_all_x.py\t2025-10-15 19:16:23.706883+00:00\n@@ -714,10 +714,11 @@\n             if isinstance(existing, list):\n                 error_list = cast(\"list[str]\", existing)\n                 error_list.append(message)\n             else:\n                 artifacts[\"errors\"] = [message]\n+\n         if not columns:\n             self._kanban_artifacts = artifacts\n             return\n \n         target_dir = output_dir / \"kanban\"\n@@ -823,13 +824,11 @@\n             [[column.title, str(len(column.cards))] for column in columns],\n         )\n         for column in columns:\n             builder.add_header(column.title, 2)\n             if column.cards:\n-                labels = [\n-                    f\"{card.title} \u00e2\u20ac\u201d {card.status}\" for card in column.cards\n-                ]\n+                labels = [f\"{card.title} \u00e2\u20ac\u201d {card.status}\" for card in column.cards]\n                 builder.add_list(labels, ordered=False)\n             else:\n                 builder.add_paragraph(\"No cards currently in this column.\")\n         builder.add_toc()\n         markdown_path = output_dir / \"kanban_board.md\"\n@@ -1024,39 +1023,33 @@\n                 continue\n             entrypoint_invoked = method_name\n             try:\n                 if method_name == \"sync\":\n                     callable_attr(options.username, options.target_dir)\n-                    messages.append(\n-                        \"Invoked cloner.sync(username, target_dir)\"\n-                    )\n+                    messages.append(\"Invoked cloner.sync(username, target_dir)\")\n                 else:\n                     callable_attr()\n                     messages.append(f\"Invoked cloner.{method_name}()\")\n             except TypeError:\n                 callable_attr()\n                 messages.append(\n-                    \"Invoked cloner.\"\n-                    f\"{method_name}() without positional overrides\"\n+                    \"Invoked cloner.\" f\"{method_name}() without positional overrides\"\n                 )\n             except (\n                 RuntimeError,\n                 OSError,\n                 ValueError,\n                 subprocess.SubprocessError,\n             ) as err:\n                 entrypoint_error = str(err).strip() or repr(err)\n                 _error(\"Cloner run failed:\", err)\n                 messages.append(\n-                    \"cloner.\"\n-                    f\"{method_name}() reported an error: {entrypoint_error}\"\n+                    \"cloner.\" f\"{method_name}() reported an error: {entrypoint_error}\"\n                 )\n             break\n         else:\n-            messages.append(\n-                \"No recognized cloner entrypoint found; skipping run\"\n-            )\n+            messages.append(\"No recognized cloner entrypoint found; skipping run\")\n         return entrypoint_invoked, entrypoint_error, messages\n \n     def _capture_clone_report(\n         self,\n         cloner: object | None,\n@@ -1123,13 +1116,11 @@\n                         entrypoint_error,\n                         entrypoint_messages,\n                     ) = self._invoke_cloner_entrypoint(cloner, options)\n                     stage_messages.extend(entrypoint_messages)\n                 else:\n-                    stage_messages.append(\n-                        \"Factory did not return a cloner instance.\"\n-                    )\n+                    stage_messages.append(\"Factory did not return a cloner instance.\")\n         except Exception as err:\n             message = str(err).strip() or (\n                 \"Clone stage encountered an unexpected error.\"\n             )\n             metadata[\"delegate_used\"] = delegate_used\n",
                "tool": "black",
                "tool_module": "black",
                "tool_version": "python -m black, 25.9.0 (compiled: yes)\nPython (CPython) 3.13.7"
            },
            "exit": "exit 1",
            "message": "black failed for x_0_make_all_x (exit 1)\ncwd: C:\\x_runner_x\\x_0_make_all_x\ncommand: C:\\x_runner_x\\.venv\\Scripts\\python.exe -m black . --line-length 88 --target-version py311 --check --diff\nstarted_at: 2025-10-15T19:16:21.577934+00:00\nduration: 2.618s\ntool_version: python -m black, 25.9.0 (compiled: yes)\nPython (CPython) 3.13.7\nstdout:\n--- C:\\x_runner_x\\x_0_make_all_x\\tests\\test_orchestrator_clones_stage.py\t2025-10-15 03:51:44.186921+00:00\n+++ C:\\x_runner_x\\x_0_make_all_x\\tests\\test_orchestrator_clones_stage.py\t2025-10-15 19:16:22.679242+00:00\n@@ -20,10 +20,11 @@\n         target_dir=str(tmp_path / \"workspace\"),\n         shallow=False,\n\u2026\nstderr:\nwould reformat C:\\x_runner_x\\x_0_make_all_x\\tests\\test_orchestrator_clones_stage.py\nwould reformat C:\\x_runner_x\\x_0_make_all_x\\x_cls_make_all_x.py\n\nOh no! \\U0001f4a5 \\U0001f494 \\U0001f4a5\n2 files would be reformatted, 16 files would be left unchanged.",
            "repo": "x_0_make_all_x",
            "repo_path": "C:\\x_runner_x\\x_0_make_all_x",
            "stderr_preview": "would reformat C:\\x_runner_x\\x_0_make_all_x\\tests\\test_orchestrator_clones_stage.py\nwould reformat C:\\x_runner_x\\x_0_make_all_x\\x_cls_make_all_x.py\n\nOh no! \\U0001f4a5 \\U0001f494 \\U0001f4a5\n2 files would be reformatted, 16 files would be left unchanged.",
            "stdout_preview": "--- C:\\x_runner_x\\x_0_make_all_x\\tests\\test_orchestrator_clones_stage.py\t2025-10-15 03:51:44.186921+00:00\n+++ C:\\x_runner_x\\x_0_make_all_x\\tests\\test_orchestrator_clones_stage.py\t2025-10-15 19:16:22.679242+00:00\n@@ -20,10 +20,11 @@\n         target_dir=str(tmp_path / \"workspace\"),\n         shallow=False,\n\u2026",
            "suggested_action": "Investigate",
            "summary": "black failed for x_0_make_all_x (exit 1) cwd: C:\\x_runner_x\\x_0_make_all_x command: C:\\x_runner_x\\.venv\\Scripts\\python.exe -m black . --line-length 88 --target-version py311 --check --diff started_at: 2025-10-15T19:16:21.577934+00:00 durat\u2026",
            "tool": "black",
            "tool_version": "python -m black, 25.9.0 (compiled: yes)\nPython (CPython) 3.13.7"
        },
        {
            "captured_at": "2025-10-15T19:16:25.831398+00:00",
            "command": "C:\\x_runner_x\\.venv\\Scripts\\python.exe -m mypy . --strict --no-warn-unused-configs --show-error-codes --warn-return-any --warn-unreachable --disallow-any-unimported --disallow-any-expr --disallow-any-decorated --disallow-any-explicit",
            "detail": {
                "cached": false,
                "cmd": [
                    "C:\\x_runner_x\\.venv\\Scripts\\python.exe",
                    "-m",
                    "mypy",
                    ".",
                    "--strict",
                    "--no-warn-unused-configs",
                    "--show-error-codes",
                    "--warn-return-any",
                    "--warn-unreachable",
                    "--disallow-any-unimported",
                    "--disallow-any-expr",
                    "--disallow-any-decorated",
                    "--disallow-any-explicit"
                ],
                "cmd_display": "C:\\x_runner_x\\.venv\\Scripts\\python.exe -m mypy . --strict --no-warn-unused-configs --show-error-codes --warn-return-any --warn-unreachable --disallow-any-unimported --disallow-any-expr --disallow-any-decorated --disallow-any-explicit",
                "cwd": "C:\\x_runner_x\\x_0_make_all_x",
                "duration_seconds": 1.3603836000002048,
                "ended_at": "2025-10-15T19:16:25.831398+00:00",
                "exit": 1,
                "failed_files": [],
                "files_checked": [
                    "__init__.py",
                    "forceit.py",
                    "interface/__init__.py",
                    "interface/gui/__init__.py",
                    "interface/gui/app.py",
                    "interface/gui/commit.py",
                    "interface/gui/tree.py",
                    "manifest.py",
                    "tests/__init__.py",
                    "tests/test_forceit.py",
                    "tests/test_gui_columns.py",
                    "tests/test_gui_commit.py",
                    "tests/test_gui_exit_code.py",
                    "tests/test_gui_tree.py",
                    "tests/test_make_all_kanban.py",
                    "tests/test_orchestrator_clones_stage.py",
                    "tests/test_publish_manifest.py",
                    "x_cls_make_all_x.py"
                ],
                "repo": "x_0_make_all_x",
                "repo_hash": "4a29c866c13514a0ba15f2488b0e664f64fdaf89c822567f2b766ac247ff2de1",
                "repo_path": "C:\\x_runner_x\\x_0_make_all_x",
                "started_at": "2025-10-15T19:16:24.471015+00:00",
                "stderr": "",
                "stdout": "x_cls_make_all_x.py:901: error: Returning Any from function declared to return \"dict[str, object] | None\"  [no-any-return]\nx_cls_make_all_x.py:901: error: Expression has type \"Any\"  [misc]\nx_cls_make_all_x.py:1069: error: Expression type contains \"Any\" (has type \"Any | None\")  [misc]\nx_cls_make_all_x.py:1070: error: Expression type contains \"Any\" (has type \"Any | None\")  [misc]\nx_cls_make_all_x.py:1072: error: Expression type contains \"Any\" (has type \"Any | None\")  [misc]\nx_cls_make_all_x.py:1076: error: Expression type contains \"Any\" (has type \"Any | None\")  [misc]\nx_cls_make_all_x.py:1077: error: Expression type contains \"Any\" (has type \"Any | None\")  [misc]\nx_cls_make_all_x.py:1079: error: Expression has type \"Any\"  [misc]\nx_cls_make_all_x.py:1082: error: Expression has type \"Any\"  [misc]\nx_cls_make_all_x.py:1305: error: Expression type contains \"Any\" (has type \"Any | None\")  [misc]\nx_cls_make_all_x.py:1306: error: Expression type contains \"Any\" (has type \"Any | None\")  [misc]\nx_cls_make_all_x.py:1307: error: Expression has type \"Any\"  [misc]\nx_cls_make_all_x.py:1310: error: Expression has type \"Any\"  [misc]\nx_cls_make_all_x.py:1441: error: Expression type contains \"Any\" (has type \"Any | None\")  [misc]\nx_cls_make_all_x.py:1442: error: Expression type contains \"Any\" (has type \"Any | None\")  [misc]\nx_cls_make_all_x.py:1443: error: Expression has type \"Any\"  [misc]\nx_cls_make_all_x.py:1446: error: Expression has type \"Any\"  [misc]\nx_cls_make_all_x.py:1536: error: Expression type contains \"Any\" (has type \"Any | None\")  [misc]\nx_cls_make_all_x.py:1537: error: Expression type contains \"Any\" (has type \"Any | None\")  [misc]\nx_cls_make_all_x.py:1540: error: Expression has type \"Any\"  [misc]\ntests\\test_orchestrator_clones_stage.py:76: error: Explicit \"Any\" is not allowed  [explicit-any]\ntests\\test_orchestrator_clones_stage.py:76: error: Expression type contains \"Any\" (has type \"list[dict[str, Any]]\")  [misc]\ntests\\test_orchestrator_clones_stage.py:77: error: Expression type contains \"Any\" (has type \"dict[str, Any]\")  [misc]\ntests\\test_orchestrator_clones_stage.py:77: error: Expression type contains \"Any\" (has type \"Generator[dict[str, Any], None, None]\")  [misc]\ntests\\test_orchestrator_clones_stage.py:77: error: Expression type contains \"Any\" (has type \"list[dict[str, Any]]\")  [misc]\ntests\\test_orchestrator_clones_stage.py:77: error: Expression type contains \"Any\" (has type \"Any | None\")  [misc]\ntests\\test_orchestrator_clones_stage.py:77: error: Expression type contains \"Any\" (has type \"Any | bool\")  [misc]\ntests\\test_orchestrator_clones_stage.py:78: error: Explicit \"Any\" is not allowed  [explicit-any]\ntests\\test_orchestrator_clones_stage.py:78: error: Expression type contains \"Any\" (has type \"dict[str, Any]\")  [misc]\ntests\\test_orchestrator_clones_stage.py:79: error: Expression type contains \"Any\" (has type \"dict[str, Any]\")  [misc]\ntests\\test_orchestrator_clones_stage.py:80: error: Expression type contains \"Any\" (has type \"dict[str, Any]\")  [misc]\ntests\\test_orchestrator_clones_stage.py:80: error: Expression has type \"Any\"  [misc]\ntests\\test_orchestrator_clones_stage.py:81: error: Expression type contains \"Any\" (has type \"dict[str, Any]\")  [misc]\ntests\\test_orchestrator_clones_stage.py:81: error: Expression has type \"Any\"  [misc]\ntests\\test_orchestrator_clones_stage.py:84: error: Expression type contains \"Any\" (has type \"dict[str, Any]\")  [misc]\ntests\\test_orchestrator_clones_stage.py:84: error: Expression type contains \"Any\" (has type \"list[Any]\")  [misc]\ntests\\test_orchestrator_clones_stage.py:87: error: Explicit \"Any\" is not allowed  [explicit-any]\ntests\\test_orchestrator_clones_stage.py:87: error: Expression type contains \"Any\" (has type \"dict[str, Any]\")  [misc]\ntests\\test_orchestrator_clones_stage.py:88: error: Expression type contains \"Any\" (has type \"dict[str, Any]\")  [misc]\ntests\\test_orchestrator_clones_stage.py:89: error: Expression type contains \"Any\" (has type \"dict[str, Any]\")  [misc]\ntests\\test_orchestrator_clones_stage.py:89: error: Expression has type \"Any\"  [misc]\ntests\\test_orchestrator_clones_stage.py:90: error: Expression type contains \"Any\" (has type \"dict[str, Any]\")  [misc]\ntests\\test_orchestrator_clones_stage.py:90: error: Expression has type \"Any\"  [misc]\ntests\\test_gui_columns.py:26: error: Expression has type \"Any\"  [misc]\ntests\\test_gui_columns.py:28: error: Expression has type \"Any\"  [misc]\ntests\\test_gui_columns.py:29: error: Expression has type \"Any\"  [misc]\ntests\\test_gui_columns.py:35: error: Expression type contains \"Any\" (has type \"dict[str, Any | None]\")  [misc]\ntests\\test_gui_columns.py:96: error: Expression has type \"Any\"  [misc]\ntests\\test_gui_columns.py:100: error: Expression has type \"Any\"  [misc]\ntests\\test_gui_columns.py:101: error: Expression has type \"Any\"  [misc]\ntests\\test_gui_columns.py:102: error: Expression has type \"Any\"  [misc]\ntests\\test_gui_columns.py:102: error: \"type[Qt]\" has no attribute \"UserRole\"  [attr-defined]\nFound 52 errors in 3 files (checked 18 source files)\n",
                "tool": "mypy",
                "tool_module": "mypy",
                "tool_version": "mypy 1.18.2 (compiled: yes)"
            },
            "exit": "exit 1",
            "message": "mypy failed for x_0_make_all_x (exit 1)\ncwd: C:\\x_runner_x\\x_0_make_all_x\ncommand: C:\\x_runner_x\\.venv\\Scripts\\python.exe -m mypy . --strict --no-warn-unused-configs --show-error-codes --warn-return-any --warn-unreachable --disallow-any-unimported --disallow-any-expr --disallow-any-decorated --disallow-any-explicit\nstarted_at: 2025-10-15T19:16:24.471015+00:00\nduration: 1.360s\ntool_version: mypy 1.18.2 (compiled: yes)\nstdout:\nx_cls_make_all_x.py:901: error: Returning Any from function declared to return \"dict[str, object] | None\"  [no-any-return]\nx_cls_make_all_x.py:901: error: Expression has type \"Any\"  [misc]\nx_cls_make_all_x.py:1069: error: Expression type contains \"Any\" (has type \"Any | None\")  [misc]\nx_cls_make_all_x.py:1070: error: Expression type contains \"Any\" (has type \"Any | None\")  [misc]\nx_cls_make_all_x.py:1072: error: Expression type contains \"Any\" (has type \"Any | None\")  [misc]\n\u2026\nstderr:\n<empty>",
            "repo": "x_0_make_all_x",
            "repo_path": "C:\\x_runner_x\\x_0_make_all_x",
            "stderr_preview": null,
            "stdout_preview": "x_cls_make_all_x.py:901: error: Returning Any from function declared to return \"dict[str, object] | None\"  [no-any-return]\nx_cls_make_all_x.py:901: error: Expression has type \"Any\"  [misc]\nx_cls_make_all_x.py:1069: error: Expression type contains \"Any\" (has type \"Any | None\")  [misc]\nx_cls_make_all_x.py:1070: error: Expression type contains \"Any\" (has type \"Any | None\")  [misc]\nx_cls_make_all_x.py:1072: error: Expression type contains \"Any\" (has type \"Any | None\")  [misc]\n\u2026",
            "suggested_action": "Investigate",
            "summary": "mypy failed for x_0_make_all_x (exit 1) cwd: C:\\x_runner_x\\x_0_make_all_x command: C:\\x_runner_x\\.venv\\Scripts\\python.exe -m mypy . --strict --no-warn-unused-configs --show-error-codes --warn-return-any --warn-unreachable --disallow-any-un\u2026",
            "tool": "mypy",
            "tool_version": "mypy 1.18.2 (compiled: yes)"
        },
        {
            "captured_at": "2025-10-15T19:16:24.464042+00:00",
            "command": "C:\\x_runner_x\\.venv\\Scripts\\python.exe -m ruff check . --select ALL --ignore D,COM812,ISC001,T20 --line-length 88 --target-version py311",
            "detail": {
                "cached": false,
                "cmd": [
                    "C:\\x_runner_x\\.venv\\Scripts\\python.exe",
                    "-m",
                    "ruff",
                    "check",
                    ".",
                    "--select",
                    "ALL",
                    "--ignore",
                    "D,COM812,ISC001,T20",
                    "--line-length",
                    "88",
                    "--target-version",
                    "py311"
                ],
                "cmd_display": "C:\\x_runner_x\\.venv\\Scripts\\python.exe -m ruff check . --select ALL --ignore D,COM812,ISC001,T20 --line-length 88 --target-version py311",
                "cwd": "C:\\x_runner_x\\x_0_make_all_x",
                "duration_seconds": 0.2634226999980456,
                "ended_at": "2025-10-15T19:16:24.464042+00:00",
                "exit": 1,
                "failed_files": [],
                "files_checked": [
                    "__init__.py",
                    "forceit.py",
                    "interface/__init__.py",
                    "interface/gui/__init__.py",
                    "interface/gui/app.py",
                    "interface/gui/commit.py",
                    "interface/gui/tree.py",
                    "manifest.py",
                    "tests/__init__.py",
                    "tests/test_forceit.py",
                    "tests/test_gui_columns.py",
                    "tests/test_gui_commit.py",
                    "tests/test_gui_exit_code.py",
                    "tests/test_gui_tree.py",
                    "tests/test_make_all_kanban.py",
                    "tests/test_orchestrator_clones_stage.py",
                    "tests/test_publish_manifest.py",
                    "x_cls_make_all_x.py"
                ],
                "repo": "x_0_make_all_x",
                "repo_hash": "4a29c866c13514a0ba15f2488b0e664f64fdaf89c822567f2b766ac247ff2de1",
                "repo_path": "C:\\x_runner_x\\x_0_make_all_x",
                "started_at": "2025-10-15T19:16:24.200625+00:00",
                "stderr": "",
                "stdout": "C901 `manifest_python_allowlist` is too complex (14 > 10)\n   --> manifest.py:232:5\n    |\n232 | def manifest_python_allowlist(\n    |     ^^^^^^^^^^^^^^^^^^^^^^^^^\n233 |     entries: Sequence[ManifestEntry],\n234 | ) -> dict[str, tuple[str, ...]]:\n    |\n\nSLF001 Private member accessed: `_row_lookup`\n  --> tests\\test_gui_columns.py:93:18\n   |\n91 |     repo_key = \"x_make_common_x\"\n92 |     rel_path = \"sample.py\"\n93 |     row_lookup = window._row_lookup\n   |                  ^^^^^^^^^^^^^^^^^^\n94 |     row_index = row_lookup[(repo_key, rel_path)]\n95 |     column_map = window._column_key_to_index\n   |\n\nSLF001 Private member accessed: `_column_key_to_index`\n  --> tests\\test_gui_columns.py:95:18\n   |\n93 |     row_lookup = window._row_lookup\n94 |     row_index = row_lookup[(repo_key, rel_path)]\n95 |     column_map = window._column_key_to_index\n   |                  ^^^^^^^^^^^^^^^^^^^^^^^^^^^\n96 |     status_table = window._status_table\n   |\n\nSLF001 Private member accessed: `_status_table`\n  --> tests\\test_gui_columns.py:96:20\n   |\n94 |     row_index = row_lookup[(repo_key, rel_path)]\n95 |     column_map = window._column_key_to_index\n96 |     status_table = window._status_table\n   |                    ^^^^^^^^^^^^^^^^^^^^\n97 |\n98 |     def _state(column_key: str) -> str:\n   |\n\nTC003 Move standard library import `pathlib.Path` into a type-checking block\n --> tests\\test_make_all_kanban.py:3:21\n  |\n1 | from __future__ import annotations\n2 |\n3 | from pathlib import Path\n  |                     ^^^^\n4 | from typing import cast\n  |\nhelp: Move into type-checking block\n\nSLF001 Private member accessed: `_summary_output_dir`\n  --> tests\\test_make_all_kanban.py:27:5\n   |\n25 |     )\n26 |\n27 |     orchestrator._summary_output_dir = lambda: tmp_path  # type: ignore[method-assign]\n   |     ^^^^^^^^^^^^^^^^^^^^^^^^^^^^^^^^\n28 |\n29 |     summary, path = orchestrator.write_run_summary()\n   |\n\nS101 Use of `assert` detected\n  --> tests\\test_make_all_kanban.py:31:5\n   |\n29 |     summary, path = orchestrator.write_run_summary()\n30 |\n31 |     assert path is not None\n   |     ^^^^^^\n32 |     assert path.exists()\n33 |     artifacts_obj = summary.get(\"artifacts\")\n   |\n\nS101 Use of `assert` detected\n  --> tests\\test_make_all_kanban.py:32:5\n   |\n31 |     assert path is not None\n32 |     assert path.exists()\n   |     ^^^^^^\n33 |     artifacts_obj = summary.get(\"artifacts\")\n34 |     assert isinstance(artifacts_obj, dict)\n   |\n\nS101 Use of `assert` detected\n  --> tests\\test_make_all_kanban.py:34:5\n   |\n32 |     assert path.exists()\n33 |     artifacts_obj = summary.get(\"artifacts\")\n34 |     assert isinstance(artifacts_obj, dict)\n   |     ^^^^^^\n35 |     artifacts_dict = cast(\"dict[str, object]\", artifacts_obj)\n36 |     kanban_meta_obj = artifacts_dict.get(\"kanban\")\n   |\n\nS101 Use of `assert` detected\n  --> tests\\test_make_all_kanban.py:37:5\n   |\n35 |     artifacts_dict = cast(\"dict[str, object]\", artifacts_obj)\n36 |     kanban_meta_obj = artifacts_dict.get(\"kanban\")\n37 |     assert isinstance(kanban_meta_obj, dict)\n   |     ^^^^^^\n38 |     kanban_meta = cast(\"dict[str, object]\", kanban_meta_obj)\n39 |     observed_raw = kanban_meta.get(\"columns_observed\", 0)\n   |\n\nSIM108 Use ternary operator `observed_int = int(observed_raw) if isinstance(observed_raw, (int, float)) else 0` instead of `if`-`else`-block\n  --> tests\\test_make_all_kanban.py:40:5\n   |\n38 |       kanban_meta = cast(\"dict[str, object]\", kanban_meta_obj)\n39 |       observed_raw = kanban_meta.get(\"columns_observed\", 0)\n40 | /     if isinstance(observed_raw, (int, float)):\n41 | |         observed_int = int(observed_raw)\n42 | |     else:\n43 | |         observed_int = 0\n   | |________________________^\n44 |       assert observed_int >= 1\n   |\nhelp: Replace `if`-`else`-block with `observed_int = int(observed_raw) if isinstance(observed_raw, (int, float)) else 0`\n\nS101 Use of `assert` detected\n  --> tests\\test_make_all_kanban.py:44:5\n   |\n42 |     else:\n43 |         observed_int = 0\n44 |     assert observed_int >= 1\n   |     ^^^^^^\n45 |\n46 |     kanban_dir = tmp_path / \"kanban\"\n   |\n\nS101 Use of `assert` detected\n  --> tests\\test_make_all_kanban.py:47:5\n   |\n46 |     kanban_dir = tmp_path / \"kanban\"\n47 |     assert (kanban_dir / \"kanban_board.md\").exists()\n   |     ^^^^^^\n48 |\n49 |     artifacts = orchestrator._kanban_artifacts  # noqa: SLF001 - test visibility\n   |\n\nS101 Use of `assert` detected\n  --> tests\\test_make_all_kanban.py:50:5\n   |\n49 |     artifacts = orchestrator._kanban_artifacts  # noqa: SLF001 - test visibility\n50 |     assert \"markdown\" in artifacts\n   |     ^^^^^^\n51 |     markdown_meta_obj = artifacts[\"markdown\"]\n52 |     assert isinstance(markdown_meta_obj, dict)\n   |\n\nS101 Use of `assert` detected\n  --> tests\\test_make_all_kanban.py:52:5\n   |\n50 |     assert \"markdown\" in artifacts\n51 |     markdown_meta_obj = artifacts[\"markdown\"]\n52 |     assert isinstance(markdown_meta_obj, dict)\n   |     ^^^^^^\n53 |     markdown_meta = cast(\"dict[str, object]\", markdown_meta_obj)\n54 |     path_value = markdown_meta.get(\"path\")\n   |\n\nS101 Use of `assert` detected\n  --> tests\\test_make_all_kanban.py:55:5\n   |\n53 |     markdown_meta = cast(\"dict[str, object]\", markdown_meta_obj)\n54 |     path_value = markdown_meta.get(\"path\")\n55 |     assert isinstance(path_value, str)\n   |     ^^^^^^\n56 |     assert path_value.endswith(\"kanban_board.md\")\n   |\n\nS101 Use of `assert` detected\n  --> tests\\test_make_all_kanban.py:56:5\n   |\n54 |     path_value = markdown_meta.get(\"path\")\n55 |     assert isinstance(path_value, str)\n56 |     assert path_value.endswith(\"kanban_board.md\")\n   |     ^^^^^^\n   |\n\nTC003 Move standard library import `pathlib.Path` into a type-checking block\n --> tests\\test_orchestrator_clones_stage.py:3:21\n  |\n1 | from __future__ import annotations\n2 |\n3 | from pathlib import Path\n  |                     ^^^^\n4 | from types import SimpleNamespace\n5 | from typing import Any, cast\n  |\nhelp: Move into type-checking block\n\nTC002 Move third-party import `_pytest.monkeypatch.MonkeyPatch` into a type-checking block\n --> tests\\test_orchestrator_clones_stage.py:7:33\n  |\n5 | from typing import Any, cast\n6 |\n7 | from _pytest.monkeypatch import MonkeyPatch\n  |                                 ^^^^^^^^^^^\n8 |\n9 | import x_0_make_all_x.x_cls_make_all_x as orchestrator_module\n  |\nhelp: Move into type-checking block\n\nARG001 Unused function argument: `self`\n  --> tests\\test_orchestrator_clones_stage.py:25:27\n   |\n23 |         force_reclone=False,\n24 |     )\n25 |     def _options_override(self: object, ctx: object) -> SimpleNamespace:\n   |                           ^^^^\n26 |         return options\n   |\n\nARG001 Unused function argument: `ctx`\n  --> tests\\test_orchestrator_clones_stage.py:25:41\n   |\n23 |         force_reclone=False,\n24 |     )\n25 |     def _options_override(self: object, ctx: object) -> SimpleNamespace:\n   |                                         ^^^\n26 |         return options\n   |\n\nARG001 Unused function argument: `self`\n  --> tests\\test_orchestrator_clones_stage.py:28:28\n   |\n26 |         return options\n27 |\n28 |     def _delegate_override(self: object) -> None:\n   |                            ^^^^\n29 |         return None\n   |\n\nS101 Use of `assert` detected\n  --> tests\\test_orchestrator_clones_stage.py:70:5\n   |\n69 |     cloner = orchestrator.clone_repos(ctx=None)\n70 |     assert isinstance(cloner, StubCloner)\n   |     ^^^^^^\n71 |\n72 |     summary = orchestrator.generate_run_summary()\n   |\n\nS101 Use of `assert` detected\n  --> tests\\test_orchestrator_clones_stage.py:73:5\n   |\n72 |     summary = orchestrator.generate_run_summary()\n73 |     assert isinstance(summary, dict)\n   |     ^^^^^^\n74 |     stages = summary.get(\"stages\")\n75 |     assert isinstance(stages, list)\n   |\n\nS101 Use of `assert` detected\n  --> tests\\test_orchestrator_clones_stage.py:75:5\n   |\n73 |     assert isinstance(summary, dict)\n74 |     stages = summary.get(\"stages\")\n75 |     assert isinstance(stages, list)\n   |     ^^^^^^\n76 |     typed_stages = cast(\"list[dict[str, Any]]\", stages)\n77 |     cloning_stage = next(stage for stage in typed_stages if stage.get(\"id\") == \"cloning\")\n   |\n\nE501 Line too long (89 > 88)\n  --> tests\\test_orchestrator_clones_stage.py:77:89\n   |\n75 |     assert isinstance(stages, list)\n76 |     typed_stages = cast(\"list[dict[str, Any]]\", stages)\n77 |     cloning_stage = next(stage for stage in typed_stages if stage.get(\"id\") == \"cloning\")\n   |                                                                                         ^\n78 |     metadata = cast(\"dict[str, Any]\", cloning_stage.get(\"metadata\"))\n79 |     assert metadata is not None\n   |\n\nS101 Use of `assert` detected\n  --> tests\\test_orchestrator_clones_stage.py:79:5\n   |\n77 |     cloning_stage = next(stage for stage in typed_stages if stage.get(\"id\") == \"cloning\")\n78 |     metadata = cast(\"dict[str, Any]\", cloning_stage.get(\"metadata\"))\n79 |     assert metadata is not None\n   |     ^^^^^^\n80 |     assert metadata[\"report_path\"].endswith(\"clones_run.json\")\n81 |     assert metadata[\"report_summary\"] == report_summary\n   |\n\nS101 Use of `assert` detected\n  --> tests\\test_orchestrator_clones_stage.py:80:5\n   |\n78 |     metadata = cast(\"dict[str, Any]\", cloning_stage.get(\"metadata\"))\n79 |     assert metadata is not None\n80 |     assert metadata[\"report_path\"].endswith(\"clones_run.json\")\n   |     ^^^^^^\n81 |     assert metadata[\"report_summary\"] == report_summary\n82 |     assert any(\n   |\n\nS101 Use of `assert` detected\n  --> tests\\test_orchestrator_clones_stage.py:81:5\n   |\n79 |     assert metadata is not None\n80 |     assert metadata[\"report_path\"].endswith(\"clones_run.json\")\n81 |     assert metadata[\"report_summary\"] == report_summary\n   |     ^^^^^^\n82 |     assert any(\n83 |         \"Recorded clones JSON report\" in message\n   |\n\nS101 Use of `assert` detected\n  --> tests\\test_orchestrator_clones_stage.py:82:5\n   |\n80 |     assert metadata[\"report_path\"].endswith(\"clones_run.json\")\n81 |     assert metadata[\"report_summary\"] == report_summary\n82 |     assert any(\n   |     ^^^^^^\n83 |         \"Recorded clones JSON report\" in message\n84 |         for message in cast(\"list[str]\", cloning_stage.get(\"messages\", []))\n   |\n\nS101 Use of `assert` detected\n  --> tests\\test_orchestrator_clones_stage.py:88:5\n   |\n87 |     artifacts = cast(\"dict[str, Any]\", summary.get(\"artifacts\"))\n88 |     assert artifacts is not None\n   |     ^^^^^^\n89 |     assert artifacts[\"clones_report_path\"].endswith(\"clones_run.json\")\n90 |     assert artifacts[\"clones_report_summary\"] == report_summary\n   |\n\nS101 Use of `assert` detected\n  --> tests\\test_orchestrator_clones_stage.py:89:5\n   |\n87 |     artifacts = cast(\"dict[str, Any]\", summary.get(\"artifacts\"))\n88 |     assert artifacts is not None\n89 |     assert artifacts[\"clones_report_path\"].endswith(\"clones_run.json\")\n   |     ^^^^^^\n90 |     assert artifacts[\"clones_report_summary\"] == report_summary\n   |\n\nS101 Use of `assert` detected\n  --> tests\\test_orchestrator_clones_stage.py:90:5\n   |\n88 |     assert artifacts is not None\n89 |     assert artifacts[\"clones_report_path\"].endswith(\"clones_run.json\")\n90 |     assert artifacts[\"clones_report_summary\"] == report_summary\n   |     ^^^^^^\n   |\n\nC901 `clone_repos` is too complex (11 > 10)\n    --> x_cls_make_all_x.py:1095:9\n     |\n1094 |     # Step 3: clone repositories (moved logic from freestanding clone_repos)\n1095 |     def clone_repos(self, ctx: OrchestratorContext | None) -> object:\n     |         ^^^^^^^^^^^\n1096 |         options = self._cloner_options(ctx)\n1097 |         metadata: dict[str, object] = {\n     |\n\nFound 34 errors.\nNo fixes available (4 hidden fixes can be enabled with the `--unsafe-fixes` option).\n",
                "tool": "ruff_check",
                "tool_module": "ruff",
                "tool_version": "ruff 0.14.0"
            },
            "exit": "exit 1",
            "message": "ruff_check failed for x_0_make_all_x (exit 1)\ncwd: C:\\x_runner_x\\x_0_make_all_x\ncommand: C:\\x_runner_x\\.venv\\Scripts\\python.exe -m ruff check . --select ALL --ignore D,COM812,ISC001,T20 --line-length 88 --target-version py311\nstarted_at: 2025-10-15T19:16:24.200625+00:00\nduration: 0.263s\ntool_version: ruff 0.14.0\nstdout:\nC901 `manifest_python_allowlist` is too complex (14 > 10)\n   --> manifest.py:232:5\n    |\n232 | def manifest_python_allowlist(\n    |     ^^^^^^^^^^^^^^^^^^^^^^^^^\n\u2026\nstderr:\n<empty>",
            "repo": "x_0_make_all_x",
            "repo_path": "C:\\x_runner_x\\x_0_make_all_x",
            "stderr_preview": null,
            "stdout_preview": "C901 `manifest_python_allowlist` is too complex (14 > 10)\n   --> manifest.py:232:5\n    |\n232 | def manifest_python_allowlist(\n    |     ^^^^^^^^^^^^^^^^^^^^^^^^^\n\u2026",
            "suggested_action": "Investigate",
            "summary": "ruff_check failed for x_0_make_all_x (exit 1) cwd: C:\\x_runner_x\\x_0_make_all_x command: C:\\x_runner_x\\.venv\\Scripts\\python.exe -m ruff check . --select ALL --ignore D,COM812,ISC001,T20 --line-length 88 --target-version py311 started_at: 2\u2026",
            "tool": "ruff_check",
            "tool_version": "ruff 0.14.0"
        },
        {
            "captured_at": "2025-10-15T19:16:21.571118+00:00",
            "command": "C:\\x_runner_x\\.venv\\Scripts\\python.exe -m ruff check . --fix --select ALL --ignore D,COM812,ISC001,T20 --line-length 88 --target-version py311",
            "detail": {
                "cached": false,
                "cmd": [
                    "C:\\x_runner_x\\.venv\\Scripts\\python.exe",
                    "-m",
                    "ruff",
                    "check",
                    ".",
                    "--fix",
                    "--select",
                    "ALL",
                    "--ignore",
                    "D,COM812,ISC001,T20",
                    "--line-length",
                    "88",
                    "--target-version",
                    "py311"
                ],
                "cmd_display": "C:\\x_runner_x\\.venv\\Scripts\\python.exe -m ruff check . --fix --select ALL --ignore D,COM812,ISC001,T20 --line-length 88 --target-version py311",
                "cwd": "C:\\x_runner_x\\x_0_make_all_x",
                "duration_seconds": 0.26939930000298773,
                "ended_at": "2025-10-15T19:16:21.571118+00:00",
                "exit": 1,
                "failed_files": [],
                "files_checked": [
                    "__init__.py",
                    "forceit.py",
                    "interface/__init__.py",
                    "interface/gui/__init__.py",
                    "interface/gui/app.py",
                    "interface/gui/commit.py",
                    "interface/gui/tree.py",
                    "manifest.py",
                    "tests/__init__.py",
                    "tests/test_forceit.py",
                    "tests/test_gui_columns.py",
                    "tests/test_gui_commit.py",
                    "tests/test_gui_exit_code.py",
                    "tests/test_gui_tree.py",
                    "tests/test_make_all_kanban.py",
                    "tests/test_orchestrator_clones_stage.py",
                    "tests/test_publish_manifest.py",
                    "x_cls_make_all_x.py"
                ],
                "repo": "x_0_make_all_x",
                "repo_hash": "4a29c866c13514a0ba15f2488b0e664f64fdaf89c822567f2b766ac247ff2de1",
                "repo_path": "C:\\x_runner_x\\x_0_make_all_x",
                "started_at": "2025-10-15T19:16:21.301719+00:00",
                "stderr": "",
                "stdout": "C901 `manifest_python_allowlist` is too complex (14 > 10)\n   --> manifest.py:232:5\n    |\n232 | def manifest_python_allowlist(\n    |     ^^^^^^^^^^^^^^^^^^^^^^^^^\n233 |     entries: Sequence[ManifestEntry],\n234 | ) -> dict[str, tuple[str, ...]]:\n    |\n\nSLF001 Private member accessed: `_row_lookup`\n  --> tests\\test_gui_columns.py:93:18\n   |\n91 |     repo_key = \"x_make_common_x\"\n92 |     rel_path = \"sample.py\"\n93 |     row_lookup = window._row_lookup\n   |                  ^^^^^^^^^^^^^^^^^^\n94 |     row_index = row_lookup[(repo_key, rel_path)]\n95 |     column_map = window._column_key_to_index\n   |\n\nSLF001 Private member accessed: `_column_key_to_index`\n  --> tests\\test_gui_columns.py:95:18\n   |\n93 |     row_lookup = window._row_lookup\n94 |     row_index = row_lookup[(repo_key, rel_path)]\n95 |     column_map = window._column_key_to_index\n   |                  ^^^^^^^^^^^^^^^^^^^^^^^^^^^\n96 |     status_table = window._status_table\n   |\n\nSLF001 Private member accessed: `_status_table`\n  --> tests\\test_gui_columns.py:96:20\n   |\n94 |     row_index = row_lookup[(repo_key, rel_path)]\n95 |     column_map = window._column_key_to_index\n96 |     status_table = window._status_table\n   |                    ^^^^^^^^^^^^^^^^^^^^\n97 |\n98 |     def _state(column_key: str) -> str:\n   |\n\nTC003 Move standard library import `pathlib.Path` into a type-checking block\n --> tests\\test_make_all_kanban.py:3:21\n  |\n1 | from __future__ import annotations\n2 |\n3 | from pathlib import Path\n  |                     ^^^^\n4 | from typing import cast\n  |\nhelp: Move into type-checking block\n\nSLF001 Private member accessed: `_summary_output_dir`\n  --> tests\\test_make_all_kanban.py:27:5\n   |\n25 |     )\n26 |\n27 |     orchestrator._summary_output_dir = lambda: tmp_path  # type: ignore[method-assign]\n   |     ^^^^^^^^^^^^^^^^^^^^^^^^^^^^^^^^\n28 |\n29 |     summary, path = orchestrator.write_run_summary()\n   |\n\nS101 Use of `assert` detected\n  --> tests\\test_make_all_kanban.py:31:5\n   |\n29 |     summary, path = orchestrator.write_run_summary()\n30 |\n31 |     assert path is not None\n   |     ^^^^^^\n32 |     assert path.exists()\n33 |     artifacts_obj = summary.get(\"artifacts\")\n   |\n\nS101 Use of `assert` detected\n  --> tests\\test_make_all_kanban.py:32:5\n   |\n31 |     assert path is not None\n32 |     assert path.exists()\n   |     ^^^^^^\n33 |     artifacts_obj = summary.get(\"artifacts\")\n34 |     assert isinstance(artifacts_obj, dict)\n   |\n\nS101 Use of `assert` detected\n  --> tests\\test_make_all_kanban.py:34:5\n   |\n32 |     assert path.exists()\n33 |     artifacts_obj = summary.get(\"artifacts\")\n34 |     assert isinstance(artifacts_obj, dict)\n   |     ^^^^^^\n35 |     artifacts_dict = cast(\"dict[str, object]\", artifacts_obj)\n36 |     kanban_meta_obj = artifacts_dict.get(\"kanban\")\n   |\n\nS101 Use of `assert` detected\n  --> tests\\test_make_all_kanban.py:37:5\n   |\n35 |     artifacts_dict = cast(\"dict[str, object]\", artifacts_obj)\n36 |     kanban_meta_obj = artifacts_dict.get(\"kanban\")\n37 |     assert isinstance(kanban_meta_obj, dict)\n   |     ^^^^^^\n38 |     kanban_meta = cast(\"dict[str, object]\", kanban_meta_obj)\n39 |     observed_raw = kanban_meta.get(\"columns_observed\", 0)\n   |\n\nSIM108 Use ternary operator `observed_int = int(observed_raw) if isinstance(observed_raw, (int, float)) else 0` instead of `if`-`else`-block\n  --> tests\\test_make_all_kanban.py:40:5\n   |\n38 |       kanban_meta = cast(\"dict[str, object]\", kanban_meta_obj)\n39 |       observed_raw = kanban_meta.get(\"columns_observed\", 0)\n40 | /     if isinstance(observed_raw, (int, float)):\n41 | |         observed_int = int(observed_raw)\n42 | |     else:\n43 | |         observed_int = 0\n   | |________________________^\n44 |       assert observed_int >= 1\n   |\nhelp: Replace `if`-`else`-block with `observed_int = int(observed_raw) if isinstance(observed_raw, (int, float)) else 0`\n\nS101 Use of `assert` detected\n  --> tests\\test_make_all_kanban.py:44:5\n   |\n42 |     else:\n43 |         observed_int = 0\n44 |     assert observed_int >= 1\n   |     ^^^^^^\n45 |\n46 |     kanban_dir = tmp_path / \"kanban\"\n   |\n\nS101 Use of `assert` detected\n  --> tests\\test_make_all_kanban.py:47:5\n   |\n46 |     kanban_dir = tmp_path / \"kanban\"\n47 |     assert (kanban_dir / \"kanban_board.md\").exists()\n   |     ^^^^^^\n48 |\n49 |     artifacts = orchestrator._kanban_artifacts  # noqa: SLF001 - test visibility\n   |\n\nS101 Use of `assert` detected\n  --> tests\\test_make_all_kanban.py:50:5\n   |\n49 |     artifacts = orchestrator._kanban_artifacts  # noqa: SLF001 - test visibility\n50 |     assert \"markdown\" in artifacts\n   |     ^^^^^^\n51 |     markdown_meta_obj = artifacts[\"markdown\"]\n52 |     assert isinstance(markdown_meta_obj, dict)\n   |\n\nS101 Use of `assert` detected\n  --> tests\\test_make_all_kanban.py:52:5\n   |\n50 |     assert \"markdown\" in artifacts\n51 |     markdown_meta_obj = artifacts[\"markdown\"]\n52 |     assert isinstance(markdown_meta_obj, dict)\n   |     ^^^^^^\n53 |     markdown_meta = cast(\"dict[str, object]\", markdown_meta_obj)\n54 |     path_value = markdown_meta.get(\"path\")\n   |\n\nS101 Use of `assert` detected\n  --> tests\\test_make_all_kanban.py:55:5\n   |\n53 |     markdown_meta = cast(\"dict[str, object]\", markdown_meta_obj)\n54 |     path_value = markdown_meta.get(\"path\")\n55 |     assert isinstance(path_value, str)\n   |     ^^^^^^\n56 |     assert path_value.endswith(\"kanban_board.md\")\n   |\n\nS101 Use of `assert` detected\n  --> tests\\test_make_all_kanban.py:56:5\n   |\n54 |     path_value = markdown_meta.get(\"path\")\n55 |     assert isinstance(path_value, str)\n56 |     assert path_value.endswith(\"kanban_board.md\")\n   |     ^^^^^^\n   |\n\nTC003 Move standard library import `pathlib.Path` into a type-checking block\n --> tests\\test_orchestrator_clones_stage.py:3:21\n  |\n1 | from __future__ import annotations\n2 |\n3 | from pathlib import Path\n  |                     ^^^^\n4 | from types import SimpleNamespace\n5 | from typing import Any, cast\n  |\nhelp: Move into type-checking block\n\nTC002 Move third-party import `_pytest.monkeypatch.MonkeyPatch` into a type-checking block\n --> tests\\test_orchestrator_clones_stage.py:7:33\n  |\n5 | from typing import Any, cast\n6 |\n7 | from _pytest.monkeypatch import MonkeyPatch\n  |                                 ^^^^^^^^^^^\n8 |\n9 | import x_0_make_all_x.x_cls_make_all_x as orchestrator_module\n  |\nhelp: Move into type-checking block\n\nARG001 Unused function argument: `self`\n  --> tests\\test_orchestrator_clones_stage.py:25:27\n   |\n23 |         force_reclone=False,\n24 |     )\n25 |     def _options_override(self: object, ctx: object) -> SimpleNamespace:\n   |                           ^^^^\n26 |         return options\n   |\n\nARG001 Unused function argument: `ctx`\n  --> tests\\test_orchestrator_clones_stage.py:25:41\n   |\n23 |         force_reclone=False,\n24 |     )\n25 |     def _options_override(self: object, ctx: object) -> SimpleNamespace:\n   |                                         ^^^\n26 |         return options\n   |\n\nARG001 Unused function argument: `self`\n  --> tests\\test_orchestrator_clones_stage.py:28:28\n   |\n26 |         return options\n27 |\n28 |     def _delegate_override(self: object) -> None:\n   |                            ^^^^\n29 |         return None\n   |\n\nS101 Use of `assert` detected\n  --> tests\\test_orchestrator_clones_stage.py:70:5\n   |\n69 |     cloner = orchestrator.clone_repos(ctx=None)\n70 |     assert isinstance(cloner, StubCloner)\n   |     ^^^^^^\n71 |\n72 |     summary = orchestrator.generate_run_summary()\n   |\n\nS101 Use of `assert` detected\n  --> tests\\test_orchestrator_clones_stage.py:73:5\n   |\n72 |     summary = orchestrator.generate_run_summary()\n73 |     assert isinstance(summary, dict)\n   |     ^^^^^^\n74 |     stages = summary.get(\"stages\")\n75 |     assert isinstance(stages, list)\n   |\n\nS101 Use of `assert` detected\n  --> tests\\test_orchestrator_clones_stage.py:75:5\n   |\n73 |     assert isinstance(summary, dict)\n74 |     stages = summary.get(\"stages\")\n75 |     assert isinstance(stages, list)\n   |     ^^^^^^\n76 |     typed_stages = cast(\"list[dict[str, Any]]\", stages)\n77 |     cloning_stage = next(stage for stage in typed_stages if stage.get(\"id\") == \"cloning\")\n   |\n\nE501 Line too long (89 > 88)\n  --> tests\\test_orchestrator_clones_stage.py:77:89\n   |\n75 |     assert isinstance(stages, list)\n76 |     typed_stages = cast(\"list[dict[str, Any]]\", stages)\n77 |     cloning_stage = next(stage for stage in typed_stages if stage.get(\"id\") == \"cloning\")\n   |                                                                                         ^\n78 |     metadata = cast(\"dict[str, Any]\", cloning_stage.get(\"metadata\"))\n79 |     assert metadata is not None\n   |\n\nS101 Use of `assert` detected\n  --> tests\\test_orchestrator_clones_stage.py:79:5\n   |\n77 |     cloning_stage = next(stage for stage in typed_stages if stage.get(\"id\") == \"cloning\")\n78 |     metadata = cast(\"dict[str, Any]\", cloning_stage.get(\"metadata\"))\n79 |     assert metadata is not None\n   |     ^^^^^^\n80 |     assert metadata[\"report_path\"].endswith(\"clones_run.json\")\n81 |     assert metadata[\"report_summary\"] == report_summary\n   |\n\nS101 Use of `assert` detected\n  --> tests\\test_orchestrator_clones_stage.py:80:5\n   |\n78 |     metadata = cast(\"dict[str, Any]\", cloning_stage.get(\"metadata\"))\n79 |     assert metadata is not None\n80 |     assert metadata[\"report_path\"].endswith(\"clones_run.json\")\n   |     ^^^^^^\n81 |     assert metadata[\"report_summary\"] == report_summary\n82 |     assert any(\n   |\n\nS101 Use of `assert` detected\n  --> tests\\test_orchestrator_clones_stage.py:81:5\n   |\n79 |     assert metadata is not None\n80 |     assert metadata[\"report_path\"].endswith(\"clones_run.json\")\n81 |     assert metadata[\"report_summary\"] == report_summary\n   |     ^^^^^^\n82 |     assert any(\n83 |         \"Recorded clones JSON report\" in message\n   |\n\nS101 Use of `assert` detected\n  --> tests\\test_orchestrator_clones_stage.py:82:5\n   |\n80 |     assert metadata[\"report_path\"].endswith(\"clones_run.json\")\n81 |     assert metadata[\"report_summary\"] == report_summary\n82 |     assert any(\n   |     ^^^^^^\n83 |         \"Recorded clones JSON report\" in message\n84 |         for message in cast(\"list[str]\", cloning_stage.get(\"messages\", []))\n   |\n\nS101 Use of `assert` detected\n  --> tests\\test_orchestrator_clones_stage.py:88:5\n   |\n87 |     artifacts = cast(\"dict[str, Any]\", summary.get(\"artifacts\"))\n88 |     assert artifacts is not None\n   |     ^^^^^^\n89 |     assert artifacts[\"clones_report_path\"].endswith(\"clones_run.json\")\n90 |     assert artifacts[\"clones_report_summary\"] == report_summary\n   |\n\nS101 Use of `assert` detected\n  --> tests\\test_orchestrator_clones_stage.py:89:5\n   |\n87 |     artifacts = cast(\"dict[str, Any]\", summary.get(\"artifacts\"))\n88 |     assert artifacts is not None\n89 |     assert artifacts[\"clones_report_path\"].endswith(\"clones_run.json\")\n   |     ^^^^^^\n90 |     assert artifacts[\"clones_report_summary\"] == report_summary\n   |\n\nS101 Use of `assert` detected\n  --> tests\\test_orchestrator_clones_stage.py:90:5\n   |\n88 |     assert artifacts is not None\n89 |     assert artifacts[\"clones_report_path\"].endswith(\"clones_run.json\")\n90 |     assert artifacts[\"clones_report_summary\"] == report_summary\n   |     ^^^^^^\n   |\n\nC901 `clone_repos` is too complex (11 > 10)\n    --> x_cls_make_all_x.py:1095:9\n     |\n1094 |     # Step 3: clone repositories (moved logic from freestanding clone_repos)\n1095 |     def clone_repos(self, ctx: OrchestratorContext | None) -> object:\n     |         ^^^^^^^^^^^\n1096 |         options = self._cloner_options(ctx)\n1097 |         metadata: dict[str, object] = {\n     |\n\nFound 34 errors.\nNo fixes available (4 hidden fixes can be enabled with the `--unsafe-fixes` option).\n",
                "tool": "ruff_fix",
                "tool_module": "ruff",
                "tool_version": "ruff 0.14.0"
            },
            "exit": "exit 1",
            "message": "ruff_fix failed for x_0_make_all_x (exit 1)\ncwd: C:\\x_runner_x\\x_0_make_all_x\ncommand: C:\\x_runner_x\\.venv\\Scripts\\python.exe -m ruff check . --fix --select ALL --ignore D,COM812,ISC001,T20 --line-length 88 --target-version py311\nstarted_at: 2025-10-15T19:16:21.301719+00:00\nduration: 0.269s\ntool_version: ruff 0.14.0\nstdout:\nC901 `manifest_python_allowlist` is too complex (14 > 10)\n   --> manifest.py:232:5\n    |\n232 | def manifest_python_allowlist(\n    |     ^^^^^^^^^^^^^^^^^^^^^^^^^\n\u2026\nstderr:\n<empty>",
            "repo": "x_0_make_all_x",
            "repo_path": "C:\\x_runner_x\\x_0_make_all_x",
            "stderr_preview": null,
            "stdout_preview": "C901 `manifest_python_allowlist` is too complex (14 > 10)\n   --> manifest.py:232:5\n    |\n232 | def manifest_python_allowlist(\n    |     ^^^^^^^^^^^^^^^^^^^^^^^^^\n\u2026",
            "suggested_action": "Investigate",
            "summary": "ruff_fix failed for x_0_make_all_x (exit 1) cwd: C:\\x_runner_x\\x_0_make_all_x command: C:\\x_runner_x\\.venv\\Scripts\\python.exe -m ruff check . --fix --select ALL --ignore D,COM812,ISC001,T20 --line-length 88 --target-version py311 started_a\u2026",
            "tool": "ruff_fix",
            "tool_version": "ruff 0.14.0"
        },
        {
            "captured_at": "2025-10-15T19:16:37.410082+00:00",
            "command": "C:\\x_runner_x\\.venv\\Scripts\\python.exe -m black . --line-length 88 --target-version py311 --check --diff",
            "detail": {
                "cached": false,
                "cmd": [
                    "C:\\x_runner_x\\.venv\\Scripts\\python.exe",
                    "-m",
                    "black",
                    ".",
                    "--line-length",
                    "88",
                    "--target-version",
                    "py311",
                    "--check",
                    "--diff"
                ],
                "cmd_display": "C:\\x_runner_x\\.venv\\Scripts\\python.exe -m black . --line-length 88 --target-version py311 --check --diff",
                "cwd": "C:\\x_runner_x\\x_make_common_x",
                "duration_seconds": 1.4938031999990926,
                "ended_at": "2025-10-15T19:16:37.410082+00:00",
                "exit": 1,
                "failed_files": [],
                "files_checked": [
                    "__init__.py",
                    "exporters.py",
                    "json_board.py",
                    "run_reports.py",
                    "telemetry.py",
                    "tests/__init__.py",
                    "tests/test_exporters.py",
                    "tests/test_json_board.py",
                    "tests/test_subprocess_utils.py",
                    "tests/test_telemetry.py",
                    "x_cls_make_common_x.py",
                    "x_env_x.py",
                    "x_http_client_x.py",
                    "x_logging_utils_x.py",
                    "x_subprocess_utils_x.py"
                ],
                "repo": "x_make_common_x",
                "repo_hash": "d5c260a29cd2b7fe9f5f06c2807c4e70e146d96c9967ad3dbcfe1dc68f9bfeb5",
                "repo_path": "C:\\x_runner_x\\x_make_common_x",
                "started_at": "2025-10-15T19:16:35.916299+00:00",
                "stderr": "would reformat C:\\x_runner_x\\x_make_common_x\\run_reports.py\nwould reformat C:\\x_runner_x\\x_make_common_x\\tests\\test_exporters.py\nwould reformat C:\\x_runner_x\\x_make_common_x\\exporters.py\n\nOh no! \\U0001f4a5 \\U0001f494 \\U0001f4a5\n3 files would be reformatted, 12 files would be left unchanged.\n",
                "stdout": "--- C:\\x_runner_x\\x_make_common_x\\run_reports.py\t2025-10-15 03:09:05.151004+00:00\n+++ C:\\x_runner_x\\x_make_common_x\\run_reports.py\t2025-10-15 19:16:36.984465+00:00\n@@ -40,11 +40,13 @@\n def isoformat_timestamp(moment: datetime | None = None) -> str:\n     current = (moment or datetime.now(UTC)).replace(microsecond=0)\n     return current.isoformat().replace(\"+00:00\", \"Z\")\n \n \n-def _ensure_mapping(payload: Mapping[str, Any] | MutableMapping[str, Any]) -> dict[str, Any]:\n+def _ensure_mapping(\n+    payload: Mapping[str, Any] | MutableMapping[str, Any],\n+) -> dict[str, Any]:\n     if isinstance(payload, dict):\n         return dict(payload)\n     return {str(key): value for key, value in payload.items()}\n \n \n--- C:\\x_runner_x\\x_make_common_x\\tests\\test_exporters.py\t2025-10-15 19:15:45.471032+00:00\n+++ C:\\x_runner_x\\x_make_common_x\\tests\\test_exporters.py\t2025-10-15 19:16:37.058845+00:00\n@@ -70,12 +70,14 @@\n     def runner(command: Sequence[str]) -> CompletedProcess[str]:\n         _write_from_command(command)\n         return _completed(command, stdout=\"ok\")\n \n     result = export_markdown_to_pdf(\n-        \"# Heading\", output_dir=tmp_path, stem=\"report\", wkhtmltopdf_path=tmp_path\n-        / \"wkhtmltopdf.exe\",\n+        \"# Heading\",\n+        output_dir=tmp_path,\n+        stem=\"report\",\n+        wkhtmltopdf_path=tmp_path / \"wkhtmltopdf.exe\",\n         runner=runner,\n     )\n \n     assert result.succeeded is True\n     assert result.output_path == tmp_path / \"report.pdf\"\n--- C:\\x_runner_x\\x_make_common_x\\exporters.py\t2025-10-15 19:15:45.454977+00:00\n+++ C:\\x_runner_x\\x_make_common_x\\exporters.py\t2025-10-15 19:16:37.155592+00:00\n@@ -312,13 +312,11 @@\n         render = getattr(module, \"markdown\", None)\n         if callable(render):\n             rendered = render(markdown_text or \"\")\n             return str(rendered)\n     except Exception:  # noqa: BLE001 - fall through to minimal HTML\n-        log_info(\n-            \"python-markdown unavailable; falling back to <pre> wrapper for HTML\"\n-        )\n+        log_info(\"python-markdown unavailable; falling back to <pre> wrapper for HTML\")\n     escaped = (markdown_text or \"\").replace(\"<\", \"&lt;\").replace(\">\", \"&gt;\")\n     return f\"<pre>{escaped}</pre>\"\n \n \n def _run_wkhtmltopdf(\n",
                "tool": "black",
                "tool_module": "black",
                "tool_version": "python -m black, 25.9.0 (compiled: yes)\nPython (CPython) 3.13.7"
            },
            "exit": "exit 1",
            "message": "black failed for x_make_common_x (exit 1)\ncwd: C:\\x_runner_x\\x_make_common_x\ncommand: C:\\x_runner_x\\.venv\\Scripts\\python.exe -m black . --line-length 88 --target-version py311 --check --diff\nstarted_at: 2025-10-15T19:16:35.916299+00:00\nduration: 1.494s\ntool_version: python -m black, 25.9.0 (compiled: yes)\nPython (CPython) 3.13.7\nstdout:\n--- C:\\x_runner_x\\x_make_common_x\\run_reports.py\t2025-10-15 03:09:05.151004+00:00\n+++ C:\\x_runner_x\\x_make_common_x\\run_reports.py\t2025-10-15 19:16:36.984465+00:00\n@@ -40,11 +40,13 @@\n def isoformat_timestamp(moment: datetime | None = None) -> str:\n     current = (moment or datetime.now(UTC)).replace(microsecond=0)\n\u2026\nstderr:\nwould reformat C:\\x_runner_x\\x_make_common_x\\run_reports.py\nwould reformat C:\\x_runner_x\\x_make_common_x\\tests\\test_exporters.py\nwould reformat C:\\x_runner_x\\x_make_common_x\\exporters.py\n\nOh no! \\U0001f4a5 \\U0001f494 \\U0001f4a5\n\u2026",
            "repo": "x_make_common_x",
            "repo_path": "C:\\x_runner_x\\x_make_common_x",
            "stderr_preview": "would reformat C:\\x_runner_x\\x_make_common_x\\run_reports.py\nwould reformat C:\\x_runner_x\\x_make_common_x\\tests\\test_exporters.py\nwould reformat C:\\x_runner_x\\x_make_common_x\\exporters.py\n\nOh no! \\U0001f4a5 \\U0001f494 \\U0001f4a5\n\u2026",
            "stdout_preview": "--- C:\\x_runner_x\\x_make_common_x\\run_reports.py\t2025-10-15 03:09:05.151004+00:00\n+++ C:\\x_runner_x\\x_make_common_x\\run_reports.py\t2025-10-15 19:16:36.984465+00:00\n@@ -40,11 +40,13 @@\n def isoformat_timestamp(moment: datetime | None = None) -> str:\n     current = (moment or datetime.now(UTC)).replace(microsecond=0)\n\u2026",
            "suggested_action": "Investigate",
            "summary": "black failed for x_make_common_x (exit 1) cwd: C:\\x_runner_x\\x_make_common_x command: C:\\x_runner_x\\.venv\\Scripts\\python.exe -m black . --line-length 88 --target-version py311 --check --diff started_at: 2025-10-15T19:16:35.916299+00:00 dur\u2026",
            "tool": "black",
            "tool_version": "python -m black, 25.9.0 (compiled: yes)\nPython (CPython) 3.13.7"
        },
        {
            "captured_at": "2025-10-15T19:16:38.604047+00:00",
            "command": "C:\\x_runner_x\\.venv\\Scripts\\python.exe -m mypy . --strict --no-warn-unused-configs --show-error-codes --warn-return-any --warn-unreachable --disallow-any-unimported --disallow-any-expr --disallow-any-decorated --disallow-any-explicit",
            "detail": {
                "cached": false,
                "cmd": [
                    "C:\\x_runner_x\\.venv\\Scripts\\python.exe",
                    "-m",
                    "mypy",
                    ".",
                    "--strict",
                    "--no-warn-unused-configs",
                    "--show-error-codes",
                    "--warn-return-any",
                    "--warn-unreachable",
                    "--disallow-any-unimported",
                    "--disallow-any-expr",
                    "--disallow-any-decorated",
                    "--disallow-any-explicit"
                ],
                "cmd_display": "C:\\x_runner_x\\.venv\\Scripts\\python.exe -m mypy . --strict --no-warn-unused-configs --show-error-codes --warn-return-any --warn-unreachable --disallow-any-unimported --disallow-any-expr --disallow-any-decorated --disallow-any-explicit",
                "cwd": "C:\\x_runner_x\\x_make_common_x",
                "duration_seconds": 0.922486100000242,
                "ended_at": "2025-10-15T19:16:38.604047+00:00",
                "exit": 1,
                "failed_files": [],
                "files_checked": [
                    "__init__.py",
                    "exporters.py",
                    "json_board.py",
                    "run_reports.py",
                    "telemetry.py",
                    "tests/__init__.py",
                    "tests/test_exporters.py",
                    "tests/test_json_board.py",
                    "tests/test_subprocess_utils.py",
                    "tests/test_telemetry.py",
                    "x_cls_make_common_x.py",
                    "x_env_x.py",
                    "x_http_client_x.py",
                    "x_logging_utils_x.py",
                    "x_subprocess_utils_x.py"
                ],
                "repo": "x_make_common_x",
                "repo_hash": "d5c260a29cd2b7fe9f5f06c2807c4e70e146d96c9967ad3dbcfe1dc68f9bfeb5",
                "repo_path": "C:\\x_runner_x\\x_make_common_x",
                "started_at": "2025-10-15T19:16:37.681563+00:00",
                "stderr": "",
                "stdout": "run_reports.py:45: error: Explicit \"Any\" is not allowed  [explicit-any]\nrun_reports.py:46: error: Expression type contains \"Any\" (has type \"Mapping[str, Any] | MutableMapping[str, Any]\")  [misc]\nrun_reports.py:47: error: Expression type contains \"Any\" (has type \"dict[str, Any]\")  [misc]\nrun_reports.py:48: error: Expression type contains \"Any\" (has type \"tuple[str, Any]\")  [misc]\nrun_reports.py:48: error: Expression has type \"Any\"  [misc]\nrun_reports.py:48: error: Expression type contains \"Any\" (has type \"dict[str, Any]\")  [misc]\nrun_reports.py:48: error: Expression type contains \"Any\" (has type \"Mapping[str, Any] | MutableMapping[str, Any]\")  [misc]\nrun_reports.py:48: error: Expression type contains \"Any\" (has type \"ItemsView[str, Any]\")  [misc]\nrun_reports.py:51: error: Explicit \"Any\" is not allowed  [explicit-any]\nrun_reports.py:66: error: Expression type contains \"Any\" (has type \"dict[str, Any]\")  [misc]\nrun_reports.py:66: error: Expression type contains \"Any\" (has type \"Mapping[str, Any] | MutableMapping[str, Any]\")  [misc]\nrun_reports.py:67: error: Expression type contains \"Any\" (has type \"dict[str, Any]\")  [misc]\nrun_reports.py:68: error: Expression type contains \"Any\" (has type \"dict[str, Any]\")  [misc]\nrun_reports.py:71: error: Expression type contains \"Any\" (has type \"dict[str, Any]\")  [misc]\njson_board.py:113: error: Expression type contains \"Any\" (has type \"Callable[[Any], Any]\")  [misc]\njson_board.py:113: error: Expression has type \"Any\"  [misc]\njson_board.py:121: error: Expression has type \"Any\"  [misc]\njson_board.py:122: error: Expression has type \"Any\"  [misc]\ntelemetry.py:13: error: Library stubs not installed for \"jsonschema\"  [import-untyped]\ntelemetry.py:13: note: Hint: \"python3 -m pip install types-jsonschema\"\ntelemetry.py:13: note: (or run \"mypy --install-types\" to install all missing stub packages)\ntelemetry.py:13: note: See https://mypy.readthedocs.io/en/stable/running_mypy.html#missing-imports\nx_cls_make_common_x.py:95: error: Expression type contains \"Any\" (has type \"dict[str, Any]\")  [misc]\nexporters.py:312: error: Expression type contains \"Any\" (has type \"Any | None\")  [misc]\nexporters.py:313: error: Expression type contains \"Any\" (has type \"Any | None\")  [misc]\nexporters.py:314: error: Expression has type \"Any\"  [misc]\nexporters.py:315: error: Expression has type \"Any\"  [misc]\ntests\\test_exporters.py:48: error: Expression type contains \"Any\" (has type \"Callable[[Any], None]\")  [misc]\nFound 25 errors in 6 files (checked 15 source files)\n",
                "tool": "mypy",
                "tool_module": "mypy",
                "tool_version": "mypy 1.18.2 (compiled: yes)"
            },
            "exit": "exit 1",
            "message": "mypy failed for x_make_common_x (exit 1)\ncwd: C:\\x_runner_x\\x_make_common_x\ncommand: C:\\x_runner_x\\.venv\\Scripts\\python.exe -m mypy . --strict --no-warn-unused-configs --show-error-codes --warn-return-any --warn-unreachable --disallow-any-unimported --disallow-any-expr --disallow-any-decorated --disallow-any-explicit\nstarted_at: 2025-10-15T19:16:37.681563+00:00\nduration: 0.922s\ntool_version: mypy 1.18.2 (compiled: yes)\nstdout:\nrun_reports.py:45: error: Explicit \"Any\" is not allowed  [explicit-any]\nrun_reports.py:46: error: Expression type contains \"Any\" (has type \"Mapping[str, Any] | MutableMapping[str, Any]\")  [misc]\nrun_reports.py:47: error: Expression type contains \"Any\" (has type \"dict[str, Any]\")  [misc]\nrun_reports.py:48: error: Expression type contains \"Any\" (has type \"tuple[str, Any]\")  [misc]\nrun_reports.py:48: error: Expression has type \"Any\"  [misc]\n\u2026\nstderr:\n<empty>",
            "repo": "x_make_common_x",
            "repo_path": "C:\\x_runner_x\\x_make_common_x",
            "stderr_preview": null,
            "stdout_preview": "run_reports.py:45: error: Explicit \"Any\" is not allowed  [explicit-any]\nrun_reports.py:46: error: Expression type contains \"Any\" (has type \"Mapping[str, Any] | MutableMapping[str, Any]\")  [misc]\nrun_reports.py:47: error: Expression type contains \"Any\" (has type \"dict[str, Any]\")  [misc]\nrun_reports.py:48: error: Expression type contains \"Any\" (has type \"tuple[str, Any]\")  [misc]\nrun_reports.py:48: error: Expression has type \"Any\"  [misc]\n\u2026",
            "suggested_action": "Investigate",
            "summary": "mypy failed for x_make_common_x (exit 1) cwd: C:\\x_runner_x\\x_make_common_x command: C:\\x_runner_x\\.venv\\Scripts\\python.exe -m mypy . --strict --no-warn-unused-configs --show-error-codes --warn-return-any --warn-unreachable --disallow-any-\u2026",
            "tool": "mypy",
            "tool_version": "mypy 1.18.2 (compiled: yes)"
        },
        {
            "captured_at": "2025-10-15T19:16:37.675234+00:00",
            "command": "C:\\x_runner_x\\.venv\\Scripts\\python.exe -m ruff check . --select ALL --ignore D,COM812,ISC001,T20 --line-length 88 --target-version py311",
            "detail": {
                "cached": false,
                "cmd": [
                    "C:\\x_runner_x\\.venv\\Scripts\\python.exe",
                    "-m",
                    "ruff",
                    "check",
                    ".",
                    "--select",
                    "ALL",
                    "--ignore",
                    "D,COM812,ISC001,T20",
                    "--line-length",
                    "88",
                    "--target-version",
                    "py311"
                ],
                "cmd_display": "C:\\x_runner_x\\.venv\\Scripts\\python.exe -m ruff check . --select ALL --ignore D,COM812,ISC001,T20 --line-length 88 --target-version py311",
                "cwd": "C:\\x_runner_x\\x_make_common_x",
                "duration_seconds": 0.260224500001641,
                "ended_at": "2025-10-15T19:16:37.675234+00:00",
                "exit": 1,
                "failed_files": [],
                "files_checked": [
                    "__init__.py",
                    "exporters.py",
                    "json_board.py",
                    "run_reports.py",
                    "telemetry.py",
                    "tests/__init__.py",
                    "tests/test_exporters.py",
                    "tests/test_json_board.py",
                    "tests/test_subprocess_utils.py",
                    "tests/test_telemetry.py",
                    "x_cls_make_common_x.py",
                    "x_env_x.py",
                    "x_http_client_x.py",
                    "x_logging_utils_x.py",
                    "x_subprocess_utils_x.py"
                ],
                "repo": "x_make_common_x",
                "repo_hash": "d5c260a29cd2b7fe9f5f06c2807c4e70e146d96c9967ad3dbcfe1dc68f9bfeb5",
                "repo_path": "C:\\x_runner_x\\x_make_common_x",
                "started_at": "2025-10-15T19:16:37.415011+00:00",
                "stderr": "",
                "stdout": "RET504 Unnecessary assignment to `result` before `return` statement\n   --> exporters.py:149:12\n    |\n147 |         keep_html=keep_html,\n148 |     )\n149 |     return result\n    |            ^^^^^^\n    |\nhelp: Remove unnecessary assignment\n\nRET504 Unnecessary assignment to `result` before `return` statement\n   --> exporters.py:184:12\n    |\n182 |         keep_html=keep_html,\n183 |     )\n184 |     return result\n    |            ^^^^^^\n    |\nhelp: Remove unnecessary assignment\n\nPLR0913 Too many arguments in function definition (8 > 5)\n   --> exporters.py:324:5\n    |\n324 | def _run_wkhtmltopdf(\n    |     ^^^^^^^^^^^^^^^^\n325 |     *,\n326 |     exporter: str,\n    |\n\nTC003 Move standard library import `builtins` into a type-checking block\n --> json_board.py:5:8\n  |\n3 | from __future__ import annotations\n4 |\n5 | import builtins\n  |        ^^^^^^^^\n6 | import contextlib\n7 | import json\n  |\nhelp: Move into type-checking block\n\nTC003 Move standard library import `collections.abc.Mapping` into a type-checking block\n --> run_reports.py:4:29\n  |\n3 | import json\n4 | from collections.abc import Mapping, MutableMapping\n  |                             ^^^^^^^\n5 | from datetime import UTC, datetime\n6 | from pathlib import Path\n  |\nhelp: Move into type-checking block\n\nTC003 Move standard library import `collections.abc.MutableMapping` into a type-checking block\n --> run_reports.py:4:38\n  |\n3 | import json\n4 | from collections.abc import Mapping, MutableMapping\n  |                                      ^^^^^^^^^^^^^^\n5 | from datetime import UTC, datetime\n6 | from pathlib import Path\n  |\nhelp: Move into type-checking block\n\nE501 Line too long (93 > 88)\n  --> run_reports.py:45:89\n   |\n45 | def _ensure_mapping(payload: Mapping[str, Any] | MutableMapping[str, Any]) -> dict[str, Any]:\n   |                                                                                         ^^^^^\n46 |     if isinstance(payload, dict):\n47 |         return dict(payload)\n   |\n\nPLR0913 Too many arguments in function definition (6 > 5)\n  --> run_reports.py:51:5\n   |\n51 | def write_run_report(\n   |     ^^^^^^^^^^^^^^^^\n52 |     tool_slug: str,\n53 |     payload: Mapping[str, Any] | MutableMapping[str, Any],\n   |\n\nTC003 Move standard library import `collections.abc.Sequence` into a type-checking block\n --> tests\\test_exporters.py:3:29\n  |\n1 | from __future__ import annotations\n2 |\n3 | from collections.abc import Sequence\n  |                             ^^^^^^^^\n4 | from pathlib import Path\n5 | from subprocess import CompletedProcess\n  |\nhelp: Move into type-checking block\n\nB904 Within an `except` clause, raise exceptions with `raise ... from err` or `raise ... from None` to distinguish them from errors in exception handling\n  --> tests\\test_exporters.py:37:13\n   |\n35 |             idx = cmd.index(flag)\n36 |         except ValueError:\n37 |             raise AssertionError(f\"flag {flag!r} not found in command {cmd!r}\")\n   |             ^^^^^^^^^^^^^^^^^^^^^^^^^^^^^^^^^^^^^^^^^^^^^^^^^^^^^^^^^^^^^^^^^^^\n38 |         target = Path(cmd[idx + 1])\n39 |     target.parent.mkdir(parents=True, exist_ok=True)\n   |\n\nTRY003 Avoid specifying long messages outside the exception class\n  --> tests\\test_exporters.py:37:19\n   |\n35 |             idx = cmd.index(flag)\n36 |         except ValueError:\n37 |             raise AssertionError(f\"flag {flag!r} not found in command {cmd!r}\")\n   |                   ^^^^^^^^^^^^^^^^^^^^^^^^^^^^^^^^^^^^^^^^^^^^^^^^^^^^^^^^^^^^^\n38 |         target = Path(cmd[idx + 1])\n39 |     target.parent.mkdir(parents=True, exist_ok=True)\n   |\n\nEM102 Exception must not use an f-string literal, assign to variable first\n  --> tests\\test_exporters.py:37:34\n   |\n35 |             idx = cmd.index(flag)\n36 |         except ValueError:\n37 |             raise AssertionError(f\"flag {flag!r} not found in command {cmd!r}\")\n   |                                  ^^^^^^^^^^^^^^^^^^^^^^^^^^^^^^^^^^^^^^^^^^^^^\n38 |         target = Path(cmd[idx + 1])\n39 |     target.parent.mkdir(parents=True, exist_ok=True)\n   |\nhelp: Assign to variable; remove f-string literal\n\nS101 Use of `assert` detected\n  --> tests\\test_exporters.py:62:5\n   |\n60 |     )\n61 |\n62 |     assert result.succeeded is False\n   |     ^^^^^^\n63 |     assert result.output_path is None\n64 |     assert \"wkhtmltopdf\" in (result.detail or \"\")\n   |\n\nS101 Use of `assert` detected\n  --> tests\\test_exporters.py:63:5\n   |\n62 |     assert result.succeeded is False\n63 |     assert result.output_path is None\n   |     ^^^^^^\n64 |     assert \"wkhtmltopdf\" in (result.detail or \"\")\n65 |     assert result.inputs[\"markdown\"].exists()\n   |\n\nS101 Use of `assert` detected\n  --> tests\\test_exporters.py:64:5\n   |\n62 |     assert result.succeeded is False\n63 |     assert result.output_path is None\n64 |     assert \"wkhtmltopdf\" in (result.detail or \"\")\n   |     ^^^^^^\n65 |     assert result.inputs[\"markdown\"].exists()\n66 |     assert result.inputs[\"html\"].exists()\n   |\n\nS101 Use of `assert` detected\n  --> tests\\test_exporters.py:65:5\n   |\n63 |     assert result.output_path is None\n64 |     assert \"wkhtmltopdf\" in (result.detail or \"\")\n65 |     assert result.inputs[\"markdown\"].exists()\n   |     ^^^^^^\n66 |     assert result.inputs[\"html\"].exists()\n   |\n\nS101 Use of `assert` detected\n  --> tests\\test_exporters.py:66:5\n   |\n64 |     assert \"wkhtmltopdf\" in (result.detail or \"\")\n65 |     assert result.inputs[\"markdown\"].exists()\n66 |     assert result.inputs[\"html\"].exists()\n   |     ^^^^^^\n   |\n\nS101 Use of `assert` detected\n  --> tests\\test_exporters.py:80:5\n   |\n78 |     )\n79 |\n80 |     assert result.succeeded is True\n   |     ^^^^^^\n81 |     assert result.output_path == tmp_path / \"report.pdf\"\n82 |     assert result.command[-1].endswith(\"report.pdf\")\n   |\n\nS101 Use of `assert` detected\n  --> tests\\test_exporters.py:81:5\n   |\n80 |     assert result.succeeded is True\n81 |     assert result.output_path == tmp_path / \"report.pdf\"\n   |     ^^^^^^\n82 |     assert result.command[-1].endswith(\"report.pdf\")\n83 |     assert result.stdout == \"ok\"\n   |\n\nS101 Use of `assert` detected\n  --> tests\\test_exporters.py:82:5\n   |\n80 |     assert result.succeeded is True\n81 |     assert result.output_path == tmp_path / \"report.pdf\"\n82 |     assert result.command[-1].endswith(\"report.pdf\")\n   |     ^^^^^^\n83 |     assert result.stdout == \"ok\"\n   |\n\nS101 Use of `assert` detected\n  --> tests\\test_exporters.py:83:5\n   |\n81 |     assert result.output_path == tmp_path / \"report.pdf\"\n82 |     assert result.command[-1].endswith(\"report.pdf\")\n83 |     assert result.stdout == \"ok\"\n   |     ^^^^^^\n   |\n\nS101 Use of `assert` detected\n  --> tests\\test_exporters.py:89:5\n   |\n87 |     result = export_graphviz_to_svg(\"digraph { A -> B }\", output_dir=tmp_path, stem=\"g\")\n88 |\n89 |     assert result.succeeded is False\n   |     ^^^^^^\n90 |     assert result.output_path is None\n91 |     assert \"graphviz\" in (result.detail or \"\")\n   |\n\nS101 Use of `assert` detected\n  --> tests\\test_exporters.py:90:5\n   |\n89 |     assert result.succeeded is False\n90 |     assert result.output_path is None\n   |     ^^^^^^\n91 |     assert \"graphviz\" in (result.detail or \"\")\n92 |     assert result.inputs[\"dot\"].exists()\n   |\n\nS101 Use of `assert` detected\n  --> tests\\test_exporters.py:91:5\n   |\n89 |     assert result.succeeded is False\n90 |     assert result.output_path is None\n91 |     assert \"graphviz\" in (result.detail or \"\")\n   |     ^^^^^^\n92 |     assert result.inputs[\"dot\"].exists()\n   |\n\nS101 Use of `assert` detected\n  --> tests\\test_exporters.py:92:5\n   |\n90 |     assert result.output_path is None\n91 |     assert \"graphviz\" in (result.detail or \"\")\n92 |     assert result.inputs[\"dot\"].exists()\n   |     ^^^^^^\n   |\n\nS101 Use of `assert` detected\n   --> tests\\test_exporters.py:111:5\n    |\n109 |     )\n110 |\n111 |     assert result.succeeded is True\n    |     ^^^^^^\n112 |     assert result.output_path == tmp_path / \"graph.svg\"\n113 |     assert \"graph.svg\" in result.command[-1]\n    |\n\nS101 Use of `assert` detected\n   --> tests\\test_exporters.py:112:5\n    |\n111 |     assert result.succeeded is True\n112 |     assert result.output_path == tmp_path / \"graph.svg\"\n    |     ^^^^^^\n113 |     assert \"graph.svg\" in result.command[-1]\n114 |     assert result.stdout == \"svg ok\"\n    |\n\nS101 Use of `assert` detected\n   --> tests\\test_exporters.py:113:5\n    |\n111 |     assert result.succeeded is True\n112 |     assert result.output_path == tmp_path / \"graph.svg\"\n113 |     assert \"graph.svg\" in result.command[-1]\n    |     ^^^^^^\n114 |     assert result.stdout == \"svg ok\"\n    |\n\nS101 Use of `assert` detected\n   --> tests\\test_exporters.py:114:5\n    |\n112 |     assert result.output_path == tmp_path / \"graph.svg\"\n113 |     assert \"graph.svg\" in result.command[-1]\n114 |     assert result.stdout == \"svg ok\"\n    |     ^^^^^^\n    |\n\nS101 Use of `assert` detected\n   --> tests\\test_exporters.py:130:5\n    |\n128 |     )\n129 |\n130 |     assert result.succeeded is True\n    |     ^^^^^^\n131 |     assert result.output_path == tmp_path / \"report.pdf\"\n    |\n\nS101 Use of `assert` detected\n   --> tests\\test_exporters.py:131:5\n    |\n130 |     assert result.succeeded is True\n131 |     assert result.output_path == tmp_path / \"report.pdf\"\n    |     ^^^^^^\n    |\n\nS101 Use of `assert` detected\n   --> tests\\test_exporters.py:137:5\n    |\n135 |     result = export_mermaid_to_svg(\"graph TD; A-->B;\", output_dir=tmp_path, stem=\"m\")\n136 |\n137 |     assert result.succeeded is False\n    |     ^^^^^^\n138 |     assert result.output_path is None\n139 |     assert \"mermaid\" in (result.detail or \"\")\n    |\n\nS101 Use of `assert` detected\n   --> tests\\test_exporters.py:138:5\n    |\n137 |     assert result.succeeded is False\n138 |     assert result.output_path is None\n    |     ^^^^^^\n139 |     assert \"mermaid\" in (result.detail or \"\")\n140 |     assert result.inputs[\"mermaid\"].exists()\n    |\n\nS101 Use of `assert` detected\n   --> tests\\test_exporters.py:139:5\n    |\n137 |     assert result.succeeded is False\n138 |     assert result.output_path is None\n139 |     assert \"mermaid\" in (result.detail or \"\")\n    |     ^^^^^^\n140 |     assert result.inputs[\"mermaid\"].exists()\n    |\n\nS101 Use of `assert` detected\n   --> tests\\test_exporters.py:140:5\n    |\n138 |     assert result.output_path is None\n139 |     assert \"mermaid\" in (result.detail or \"\")\n140 |     assert result.inputs[\"mermaid\"].exists()\n    |     ^^^^^^\n    |\n\nS101 Use of `assert` detected\n   --> tests\\test_exporters.py:159:5\n    |\n157 |     )\n158 |\n159 |     assert result.succeeded is True\n    |     ^^^^^^\n160 |     assert result.output_path == tmp_path / \"flow.svg\"\n161 |     assert result.command[-1].endswith(\"flow.svg\")\n    |\n\nS101 Use of `assert` detected\n   --> tests\\test_exporters.py:160:5\n    |\n159 |     assert result.succeeded is True\n160 |     assert result.output_path == tmp_path / \"flow.svg\"\n    |     ^^^^^^\n161 |     assert result.command[-1].endswith(\"flow.svg\")\n162 |     assert result.stdout == \"mmd ok\"\n    |\n\nS101 Use of `assert` detected\n   --> tests\\test_exporters.py:161:5\n    |\n159 |     assert result.succeeded is True\n160 |     assert result.output_path == tmp_path / \"flow.svg\"\n161 |     assert result.command[-1].endswith(\"flow.svg\")\n    |     ^^^^^^\n162 |     assert result.stdout == \"mmd ok\"\n    |\n\nS101 Use of `assert` detected\n   --> tests\\test_exporters.py:162:5\n    |\n160 |     assert result.output_path == tmp_path / \"flow.svg\"\n161 |     assert result.command[-1].endswith(\"flow.svg\")\n162 |     assert result.stdout == \"mmd ok\"\n    |     ^^^^^^\n    |\n\nB904 Within an `except` clause, raise exceptions with `raise ... from err` or `raise ... from None` to distinguish them from errors in exception handling\n  --> x_cls_make_common_x.py:99:9\n   |\n97 |     except Exception as exc:  # noqa: BLE001 - surface failure for operators\n98 |         _error(\"x_make_common_x diagnostics failed:\", exc)\n99 |         raise SystemExit(1)\n   |         ^^^^^^^^^^^^^^^^^^^\n   |\n\nFound 40 errors.\nNo fixes available (7 hidden fixes can be enabled with the `--unsafe-fixes` option).\n",
                "tool": "ruff_check",
                "tool_module": "ruff",
                "tool_version": "ruff 0.14.0"
            },
            "exit": "exit 1",
            "message": "ruff_check failed for x_make_common_x (exit 1)\ncwd: C:\\x_runner_x\\x_make_common_x\ncommand: C:\\x_runner_x\\.venv\\Scripts\\python.exe -m ruff check . --select ALL --ignore D,COM812,ISC001,T20 --line-length 88 --target-version py311\nstarted_at: 2025-10-15T19:16:37.415011+00:00\nduration: 0.260s\ntool_version: ruff 0.14.0\nstdout:\nRET504 Unnecessary assignment to `result` before `return` statement\n   --> exporters.py:149:12\n    |\n147 |         keep_html=keep_html,\n148 |     )\n\u2026\nstderr:\n<empty>",
            "repo": "x_make_common_x",
            "repo_path": "C:\\x_runner_x\\x_make_common_x",
            "stderr_preview": null,
            "stdout_preview": "RET504 Unnecessary assignment to `result` before `return` statement\n   --> exporters.py:149:12\n    |\n147 |         keep_html=keep_html,\n148 |     )\n\u2026",
            "suggested_action": "Investigate",
            "summary": "ruff_check failed for x_make_common_x (exit 1) cwd: C:\\x_runner_x\\x_make_common_x command: C:\\x_runner_x\\.venv\\Scripts\\python.exe -m ruff check . --select ALL --ignore D,COM812,ISC001,T20 --line-length 88 --target-version py311 started_at:\u2026",
            "tool": "ruff_check",
            "tool_version": "ruff 0.14.0"
        },
        {
            "captured_at": "2025-10-15T19:16:35.909395+00:00",
            "command": "C:\\x_runner_x\\.venv\\Scripts\\python.exe -m ruff check . --fix --select ALL --ignore D,COM812,ISC001,T20 --line-length 88 --target-version py311",
            "detail": {
                "cached": false,
                "cmd": [
                    "C:\\x_runner_x\\.venv\\Scripts\\python.exe",
                    "-m",
                    "ruff",
                    "check",
                    ".",
                    "--fix",
                    "--select",
                    "ALL",
                    "--ignore",
                    "D,COM812,ISC001,T20",
                    "--line-length",
                    "88",
                    "--target-version",
                    "py311"
                ],
                "cmd_display": "C:\\x_runner_x\\.venv\\Scripts\\python.exe -m ruff check . --fix --select ALL --ignore D,COM812,ISC001,T20 --line-length 88 --target-version py311",
                "cwd": "C:\\x_runner_x\\x_make_common_x",
                "duration_seconds": 0.24838140000065323,
                "ended_at": "2025-10-15T19:16:35.909395+00:00",
                "exit": 1,
                "failed_files": [],
                "files_checked": [
                    "__init__.py",
                    "exporters.py",
                    "json_board.py",
                    "run_reports.py",
                    "telemetry.py",
                    "tests/__init__.py",
                    "tests/test_exporters.py",
                    "tests/test_json_board.py",
                    "tests/test_subprocess_utils.py",
                    "tests/test_telemetry.py",
                    "x_cls_make_common_x.py",
                    "x_env_x.py",
                    "x_http_client_x.py",
                    "x_logging_utils_x.py",
                    "x_subprocess_utils_x.py"
                ],
                "repo": "x_make_common_x",
                "repo_hash": "d5c260a29cd2b7fe9f5f06c2807c4e70e146d96c9967ad3dbcfe1dc68f9bfeb5",
                "repo_path": "C:\\x_runner_x\\x_make_common_x",
                "started_at": "2025-10-15T19:16:35.661013+00:00",
                "stderr": "",
                "stdout": "RET504 Unnecessary assignment to `result` before `return` statement\n   --> exporters.py:149:12\n    |\n147 |         keep_html=keep_html,\n148 |     )\n149 |     return result\n    |            ^^^^^^\n    |\nhelp: Remove unnecessary assignment\n\nRET504 Unnecessary assignment to `result` before `return` statement\n   --> exporters.py:184:12\n    |\n182 |         keep_html=keep_html,\n183 |     )\n184 |     return result\n    |            ^^^^^^\n    |\nhelp: Remove unnecessary assignment\n\nPLR0913 Too many arguments in function definition (8 > 5)\n   --> exporters.py:324:5\n    |\n324 | def _run_wkhtmltopdf(\n    |     ^^^^^^^^^^^^^^^^\n325 |     *,\n326 |     exporter: str,\n    |\n\nTC003 Move standard library import `builtins` into a type-checking block\n --> json_board.py:5:8\n  |\n3 | from __future__ import annotations\n4 |\n5 | import builtins\n  |        ^^^^^^^^\n6 | import contextlib\n7 | import json\n  |\nhelp: Move into type-checking block\n\nTC003 Move standard library import `collections.abc.Mapping` into a type-checking block\n --> run_reports.py:4:29\n  |\n3 | import json\n4 | from collections.abc import Mapping, MutableMapping\n  |                             ^^^^^^^\n5 | from datetime import UTC, datetime\n6 | from pathlib import Path\n  |\nhelp: Move into type-checking block\n\nTC003 Move standard library import `collections.abc.MutableMapping` into a type-checking block\n --> run_reports.py:4:38\n  |\n3 | import json\n4 | from collections.abc import Mapping, MutableMapping\n  |                                      ^^^^^^^^^^^^^^\n5 | from datetime import UTC, datetime\n6 | from pathlib import Path\n  |\nhelp: Move into type-checking block\n\nE501 Line too long (93 > 88)\n  --> run_reports.py:45:89\n   |\n45 | def _ensure_mapping(payload: Mapping[str, Any] | MutableMapping[str, Any]) -> dict[str, Any]:\n   |                                                                                         ^^^^^\n46 |     if isinstance(payload, dict):\n47 |         return dict(payload)\n   |\n\nPLR0913 Too many arguments in function definition (6 > 5)\n  --> run_reports.py:51:5\n   |\n51 | def write_run_report(\n   |     ^^^^^^^^^^^^^^^^\n52 |     tool_slug: str,\n53 |     payload: Mapping[str, Any] | MutableMapping[str, Any],\n   |\n\nTC003 Move standard library import `collections.abc.Sequence` into a type-checking block\n --> tests\\test_exporters.py:3:29\n  |\n1 | from __future__ import annotations\n2 |\n3 | from collections.abc import Sequence\n  |                             ^^^^^^^^\n4 | from pathlib import Path\n5 | from subprocess import CompletedProcess\n  |\nhelp: Move into type-checking block\n\nB904 Within an `except` clause, raise exceptions with `raise ... from err` or `raise ... from None` to distinguish them from errors in exception handling\n  --> tests\\test_exporters.py:37:13\n   |\n35 |             idx = cmd.index(flag)\n36 |         except ValueError:\n37 |             raise AssertionError(f\"flag {flag!r} not found in command {cmd!r}\")\n   |             ^^^^^^^^^^^^^^^^^^^^^^^^^^^^^^^^^^^^^^^^^^^^^^^^^^^^^^^^^^^^^^^^^^^\n38 |         target = Path(cmd[idx + 1])\n39 |     target.parent.mkdir(parents=True, exist_ok=True)\n   |\n\nTRY003 Avoid specifying long messages outside the exception class\n  --> tests\\test_exporters.py:37:19\n   |\n35 |             idx = cmd.index(flag)\n36 |         except ValueError:\n37 |             raise AssertionError(f\"flag {flag!r} not found in command {cmd!r}\")\n   |                   ^^^^^^^^^^^^^^^^^^^^^^^^^^^^^^^^^^^^^^^^^^^^^^^^^^^^^^^^^^^^^\n38 |         target = Path(cmd[idx + 1])\n39 |     target.parent.mkdir(parents=True, exist_ok=True)\n   |\n\nEM102 Exception must not use an f-string literal, assign to variable first\n  --> tests\\test_exporters.py:37:34\n   |\n35 |             idx = cmd.index(flag)\n36 |         except ValueError:\n37 |             raise AssertionError(f\"flag {flag!r} not found in command {cmd!r}\")\n   |                                  ^^^^^^^^^^^^^^^^^^^^^^^^^^^^^^^^^^^^^^^^^^^^^\n38 |         target = Path(cmd[idx + 1])\n39 |     target.parent.mkdir(parents=True, exist_ok=True)\n   |\nhelp: Assign to variable; remove f-string literal\n\nS101 Use of `assert` detected\n  --> tests\\test_exporters.py:62:5\n   |\n60 |     )\n61 |\n62 |     assert result.succeeded is False\n   |     ^^^^^^\n63 |     assert result.output_path is None\n64 |     assert \"wkhtmltopdf\" in (result.detail or \"\")\n   |\n\nS101 Use of `assert` detected\n  --> tests\\test_exporters.py:63:5\n   |\n62 |     assert result.succeeded is False\n63 |     assert result.output_path is None\n   |     ^^^^^^\n64 |     assert \"wkhtmltopdf\" in (result.detail or \"\")\n65 |     assert result.inputs[\"markdown\"].exists()\n   |\n\nS101 Use of `assert` detected\n  --> tests\\test_exporters.py:64:5\n   |\n62 |     assert result.succeeded is False\n63 |     assert result.output_path is None\n64 |     assert \"wkhtmltopdf\" in (result.detail or \"\")\n   |     ^^^^^^\n65 |     assert result.inputs[\"markdown\"].exists()\n66 |     assert result.inputs[\"html\"].exists()\n   |\n\nS101 Use of `assert` detected\n  --> tests\\test_exporters.py:65:5\n   |\n63 |     assert result.output_path is None\n64 |     assert \"wkhtmltopdf\" in (result.detail or \"\")\n65 |     assert result.inputs[\"markdown\"].exists()\n   |     ^^^^^^\n66 |     assert result.inputs[\"html\"].exists()\n   |\n\nS101 Use of `assert` detected\n  --> tests\\test_exporters.py:66:5\n   |\n64 |     assert \"wkhtmltopdf\" in (result.detail or \"\")\n65 |     assert result.inputs[\"markdown\"].exists()\n66 |     assert result.inputs[\"html\"].exists()\n   |     ^^^^^^\n   |\n\nS101 Use of `assert` detected\n  --> tests\\test_exporters.py:80:5\n   |\n78 |     )\n79 |\n80 |     assert result.succeeded is True\n   |     ^^^^^^\n81 |     assert result.output_path == tmp_path / \"report.pdf\"\n82 |     assert result.command[-1].endswith(\"report.pdf\")\n   |\n\nS101 Use of `assert` detected\n  --> tests\\test_exporters.py:81:5\n   |\n80 |     assert result.succeeded is True\n81 |     assert result.output_path == tmp_path / \"report.pdf\"\n   |     ^^^^^^\n82 |     assert result.command[-1].endswith(\"report.pdf\")\n83 |     assert result.stdout == \"ok\"\n   |\n\nS101 Use of `assert` detected\n  --> tests\\test_exporters.py:82:5\n   |\n80 |     assert result.succeeded is True\n81 |     assert result.output_path == tmp_path / \"report.pdf\"\n82 |     assert result.command[-1].endswith(\"report.pdf\")\n   |     ^^^^^^\n83 |     assert result.stdout == \"ok\"\n   |\n\nS101 Use of `assert` detected\n  --> tests\\test_exporters.py:83:5\n   |\n81 |     assert result.output_path == tmp_path / \"report.pdf\"\n82 |     assert result.command[-1].endswith(\"report.pdf\")\n83 |     assert result.stdout == \"ok\"\n   |     ^^^^^^\n   |\n\nS101 Use of `assert` detected\n  --> tests\\test_exporters.py:89:5\n   |\n87 |     result = export_graphviz_to_svg(\"digraph { A -> B }\", output_dir=tmp_path, stem=\"g\")\n88 |\n89 |     assert result.succeeded is False\n   |     ^^^^^^\n90 |     assert result.output_path is None\n91 |     assert \"graphviz\" in (result.detail or \"\")\n   |\n\nS101 Use of `assert` detected\n  --> tests\\test_exporters.py:90:5\n   |\n89 |     assert result.succeeded is False\n90 |     assert result.output_path is None\n   |     ^^^^^^\n91 |     assert \"graphviz\" in (result.detail or \"\")\n92 |     assert result.inputs[\"dot\"].exists()\n   |\n\nS101 Use of `assert` detected\n  --> tests\\test_exporters.py:91:5\n   |\n89 |     assert result.succeeded is False\n90 |     assert result.output_path is None\n91 |     assert \"graphviz\" in (result.detail or \"\")\n   |     ^^^^^^\n92 |     assert result.inputs[\"dot\"].exists()\n   |\n\nS101 Use of `assert` detected\n  --> tests\\test_exporters.py:92:5\n   |\n90 |     assert result.output_path is None\n91 |     assert \"graphviz\" in (result.detail or \"\")\n92 |     assert result.inputs[\"dot\"].exists()\n   |     ^^^^^^\n   |\n\nS101 Use of `assert` detected\n   --> tests\\test_exporters.py:111:5\n    |\n109 |     )\n110 |\n111 |     assert result.succeeded is True\n    |     ^^^^^^\n112 |     assert result.output_path == tmp_path / \"graph.svg\"\n113 |     assert \"graph.svg\" in result.command[-1]\n    |\n\nS101 Use of `assert` detected\n   --> tests\\test_exporters.py:112:5\n    |\n111 |     assert result.succeeded is True\n112 |     assert result.output_path == tmp_path / \"graph.svg\"\n    |     ^^^^^^\n113 |     assert \"graph.svg\" in result.command[-1]\n114 |     assert result.stdout == \"svg ok\"\n    |\n\nS101 Use of `assert` detected\n   --> tests\\test_exporters.py:113:5\n    |\n111 |     assert result.succeeded is True\n112 |     assert result.output_path == tmp_path / \"graph.svg\"\n113 |     assert \"graph.svg\" in result.command[-1]\n    |     ^^^^^^\n114 |     assert result.stdout == \"svg ok\"\n    |\n\nS101 Use of `assert` detected\n   --> tests\\test_exporters.py:114:5\n    |\n112 |     assert result.output_path == tmp_path / \"graph.svg\"\n113 |     assert \"graph.svg\" in result.command[-1]\n114 |     assert result.stdout == \"svg ok\"\n    |     ^^^^^^\n    |\n\nS101 Use of `assert` detected\n   --> tests\\test_exporters.py:130:5\n    |\n128 |     )\n129 |\n130 |     assert result.succeeded is True\n    |     ^^^^^^\n131 |     assert result.output_path == tmp_path / \"report.pdf\"\n    |\n\nS101 Use of `assert` detected\n   --> tests\\test_exporters.py:131:5\n    |\n130 |     assert result.succeeded is True\n131 |     assert result.output_path == tmp_path / \"report.pdf\"\n    |     ^^^^^^\n    |\n\nS101 Use of `assert` detected\n   --> tests\\test_exporters.py:137:5\n    |\n135 |     result = export_mermaid_to_svg(\"graph TD; A-->B;\", output_dir=tmp_path, stem=\"m\")\n136 |\n137 |     assert result.succeeded is False\n    |     ^^^^^^\n138 |     assert result.output_path is None\n139 |     assert \"mermaid\" in (result.detail or \"\")\n    |\n\nS101 Use of `assert` detected\n   --> tests\\test_exporters.py:138:5\n    |\n137 |     assert result.succeeded is False\n138 |     assert result.output_path is None\n    |     ^^^^^^\n139 |     assert \"mermaid\" in (result.detail or \"\")\n140 |     assert result.inputs[\"mermaid\"].exists()\n    |\n\nS101 Use of `assert` detected\n   --> tests\\test_exporters.py:139:5\n    |\n137 |     assert result.succeeded is False\n138 |     assert result.output_path is None\n139 |     assert \"mermaid\" in (result.detail or \"\")\n    |     ^^^^^^\n140 |     assert result.inputs[\"mermaid\"].exists()\n    |\n\nS101 Use of `assert` detected\n   --> tests\\test_exporters.py:140:5\n    |\n138 |     assert result.output_path is None\n139 |     assert \"mermaid\" in (result.detail or \"\")\n140 |     assert result.inputs[\"mermaid\"].exists()\n    |     ^^^^^^\n    |\n\nS101 Use of `assert` detected\n   --> tests\\test_exporters.py:159:5\n    |\n157 |     )\n158 |\n159 |     assert result.succeeded is True\n    |     ^^^^^^\n160 |     assert result.output_path == tmp_path / \"flow.svg\"\n161 |     assert result.command[-1].endswith(\"flow.svg\")\n    |\n\nS101 Use of `assert` detected\n   --> tests\\test_exporters.py:160:5\n    |\n159 |     assert result.succeeded is True\n160 |     assert result.output_path == tmp_path / \"flow.svg\"\n    |     ^^^^^^\n161 |     assert result.command[-1].endswith(\"flow.svg\")\n162 |     assert result.stdout == \"mmd ok\"\n    |\n\nS101 Use of `assert` detected\n   --> tests\\test_exporters.py:161:5\n    |\n159 |     assert result.succeeded is True\n160 |     assert result.output_path == tmp_path / \"flow.svg\"\n161 |     assert result.command[-1].endswith(\"flow.svg\")\n    |     ^^^^^^\n162 |     assert result.stdout == \"mmd ok\"\n    |\n\nS101 Use of `assert` detected\n   --> tests\\test_exporters.py:162:5\n    |\n160 |     assert result.output_path == tmp_path / \"flow.svg\"\n161 |     assert result.command[-1].endswith(\"flow.svg\")\n162 |     assert result.stdout == \"mmd ok\"\n    |     ^^^^^^\n    |\n\nB904 Within an `except` clause, raise exceptions with `raise ... from err` or `raise ... from None` to distinguish them from errors in exception handling\n  --> x_cls_make_common_x.py:99:9\n   |\n97 |     except Exception as exc:  # noqa: BLE001 - surface failure for operators\n98 |         _error(\"x_make_common_x diagnostics failed:\", exc)\n99 |         raise SystemExit(1)\n   |         ^^^^^^^^^^^^^^^^^^^\n   |\n\nFound 40 errors.\nNo fixes available (7 hidden fixes can be enabled with the `--unsafe-fixes` option).\n",
                "tool": "ruff_fix",
                "tool_module": "ruff",
                "tool_version": "ruff 0.14.0"
            },
            "exit": "exit 1",
            "message": "ruff_fix failed for x_make_common_x (exit 1)\ncwd: C:\\x_runner_x\\x_make_common_x\ncommand: C:\\x_runner_x\\.venv\\Scripts\\python.exe -m ruff check . --fix --select ALL --ignore D,COM812,ISC001,T20 --line-length 88 --target-version py311\nstarted_at: 2025-10-15T19:16:35.661013+00:00\nduration: 0.248s\ntool_version: ruff 0.14.0\nstdout:\nRET504 Unnecessary assignment to `result` before `return` statement\n   --> exporters.py:149:12\n    |\n147 |         keep_html=keep_html,\n148 |     )\n\u2026\nstderr:\n<empty>",
            "repo": "x_make_common_x",
            "repo_path": "C:\\x_runner_x\\x_make_common_x",
            "stderr_preview": null,
            "stdout_preview": "RET504 Unnecessary assignment to `result` before `return` statement\n   --> exporters.py:149:12\n    |\n147 |         keep_html=keep_html,\n148 |     )\n\u2026",
            "suggested_action": "Investigate",
            "summary": "ruff_fix failed for x_make_common_x (exit 1) cwd: C:\\x_runner_x\\x_make_common_x command: C:\\x_runner_x\\.venv\\Scripts\\python.exe -m ruff check . --fix --select ALL --ignore D,COM812,ISC001,T20 --line-length 88 --target-version py311 started\u2026",
            "tool": "ruff_fix",
            "tool_version": "ruff 0.14.0"
        },
        {
            "captured_at": "2025-10-15T19:16:44.051289+00:00",
            "command": "C:\\x_runner_x\\.venv\\Scripts\\python.exe -m black . --line-length 88 --target-version py311 --check --diff",
            "detail": {
                "cached": false,
                "cmd": [
                    "C:\\x_runner_x\\.venv\\Scripts\\python.exe",
                    "-m",
                    "black",
                    ".",
                    "--line-length",
                    "88",
                    "--target-version",
                    "py311",
                    "--check",
                    "--diff"
                ],
                "cmd_display": "C:\\x_runner_x\\.venv\\Scripts\\python.exe -m black . --line-length 88 --target-version py311 --check --diff",
                "cwd": "C:\\x_runner_x\\x_make_github_clones_x",
                "duration_seconds": 2.604079000000638,
                "ended_at": "2025-10-15T19:16:44.051289+00:00",
                "exit": 1,
                "failed_files": [],
                "files_checked": [
                    "__init__.py",
                    "fastapi/__init__.py",
                    "fastapi/__main__.py",
                    "fastapi/cli.py",
                    "fastapi_cli/__init__.py",
                    "fastapi_cli/cli.py",
                    "tests/__init__.py",
                    "tests/test_make_github_clones.py",
                    "x_cls_make_github_clones_x.py",
                    "x_make_github_clones_x/__init__.py",
                    "x_make_github_clones_x/x_cls_make_github_clones_x.py"
                ],
                "repo": "x_make_github_clones_x",
                "repo_hash": "f166df4eb625823191c0bfa89e9371670a339457db7e08fe41ad64fb0133324b",
                "repo_path": "C:\\x_runner_x\\x_make_github_clones_x",
                "started_at": "2025-10-15T19:16:41.447211+00:00",
                "stderr": "would reformat C:\\x_runner_x\\x_make_github_clones_x\\x_cls_make_github_clones_x.py\n\nOh no! \\U0001f4a5 \\U0001f494 \\U0001f4a5\n1 file would be reformatted, 10 files would be left unchanged.\n",
                "stdout": "--- C:\\x_runner_x\\x_make_github_clones_x\\x_cls_make_github_clones_x.py\t2025-10-15 19:15:46.783225+00:00\n+++ C:\\x_runner_x\\x_make_github_clones_x\\x_cls_make_github_clones_x.py\t2025-10-15 19:16:43.695056+00:00\n@@ -67,11 +67,13 @@\n     resolved_filename = filename or f\"{tool_slug}_run_{stamp}.json\"\n     data = dict(payload)\n     data.setdefault(\"tool\", tool_slug)\n     data.setdefault(\"generated_at\", _fallback_isoformat_timestamp(moment))\n     report_path = reports_dir / resolved_filename\n-    report_path.write_text(json.dumps(data, indent=2, sort_keys=False), encoding=\"utf-8\")\n+    report_path.write_text(\n+        json.dumps(data, indent=2, sort_keys=False), encoding=\"utf-8\"\n+    )\n     return report_path\n \n \n def _isoformat_timestamp(moment: datetime | None = None) -> str:\n     if _common_isoformat_timestamp is not None:\n@@ -97,10 +99,11 @@\n         \"x_make_github_clones_x\",\n         payload,\n         base_dir=base_dir,\n         timestamp=moment,\n     )\n+\n \n JsonDict = dict[str, object]\n \n T_co = TypeVar(\"T_co\", covariant=True)\n \n",
                "tool": "black",
                "tool_module": "black",
                "tool_version": "python -m black, 25.9.0 (compiled: yes)\nPython (CPython) 3.13.7"
            },
            "exit": "exit 1",
            "message": "black failed for x_make_github_clones_x (exit 1)\ncwd: C:\\x_runner_x\\x_make_github_clones_x\ncommand: C:\\x_runner_x\\.venv\\Scripts\\python.exe -m black . --line-length 88 --target-version py311 --check --diff\nstarted_at: 2025-10-15T19:16:41.447211+00:00\nduration: 2.604s\ntool_version: python -m black, 25.9.0 (compiled: yes)\nPython (CPython) 3.13.7\nstdout:\n--- C:\\x_runner_x\\x_make_github_clones_x\\x_cls_make_github_clones_x.py\t2025-10-15 19:15:46.783225+00:00\n+++ C:\\x_runner_x\\x_make_github_clones_x\\x_cls_make_github_clones_x.py\t2025-10-15 19:16:43.695056+00:00\n@@ -67,11 +67,13 @@\n     resolved_filename = filename or f\"{tool_slug}_run_{stamp}.json\"\n     data = dict(payload)\n\u2026\nstderr:\nwould reformat C:\\x_runner_x\\x_make_github_clones_x\\x_cls_make_github_clones_x.py\n\nOh no! \\U0001f4a5 \\U0001f494 \\U0001f4a5\n1 file would be reformatted, 10 files would be left unchanged.",
            "repo": "x_make_github_clones_x",
            "repo_path": "C:\\x_runner_x\\x_make_github_clones_x",
            "stderr_preview": "would reformat C:\\x_runner_x\\x_make_github_clones_x\\x_cls_make_github_clones_x.py\n\nOh no! \\U0001f4a5 \\U0001f494 \\U0001f4a5\n1 file would be reformatted, 10 files would be left unchanged.",
            "stdout_preview": "--- C:\\x_runner_x\\x_make_github_clones_x\\x_cls_make_github_clones_x.py\t2025-10-15 19:15:46.783225+00:00\n+++ C:\\x_runner_x\\x_make_github_clones_x\\x_cls_make_github_clones_x.py\t2025-10-15 19:16:43.695056+00:00\n@@ -67,11 +67,13 @@\n     resolved_filename = filename or f\"{tool_slug}_run_{stamp}.json\"\n     data = dict(payload)\n\u2026",
            "suggested_action": "Investigate",
            "summary": "black failed for x_make_github_clones_x (exit 1) cwd: C:\\x_runner_x\\x_make_github_clones_x command: C:\\x_runner_x\\.venv\\Scripts\\python.exe -m black . --line-length 88 --target-version py311 --check --diff started_at: 2025-10-15T19:16:41.44\u2026",
            "tool": "black",
            "tool_version": "python -m black, 25.9.0 (compiled: yes)\nPython (CPython) 3.13.7"
        },
        {
            "captured_at": "2025-10-15T19:16:45.311721+00:00",
            "command": "C:\\x_runner_x\\.venv\\Scripts\\python.exe -m mypy . --strict --no-warn-unused-configs --show-error-codes --warn-return-any --warn-unreachable --disallow-any-unimported --disallow-any-expr --disallow-any-decorated --disallow-any-explicit",
            "detail": {
                "cached": false,
                "cmd": [
                    "C:\\x_runner_x\\.venv\\Scripts\\python.exe",
                    "-m",
                    "mypy",
                    ".",
                    "--strict",
                    "--no-warn-unused-configs",
                    "--show-error-codes",
                    "--warn-return-any",
                    "--warn-unreachable",
                    "--disallow-any-unimported",
                    "--disallow-any-expr",
                    "--disallow-any-decorated",
                    "--disallow-any-explicit"
                ],
                "cmd_display": "C:\\x_runner_x\\.venv\\Scripts\\python.exe -m mypy . --strict --no-warn-unused-configs --show-error-codes --warn-return-any --warn-unreachable --disallow-any-unimported --disallow-any-expr --disallow-any-decorated --disallow-any-explicit",
                "cwd": "C:\\x_runner_x\\x_make_github_clones_x",
                "duration_seconds": 0.9797732000006363,
                "ended_at": "2025-10-15T19:16:45.311721+00:00",
                "exit": 1,
                "failed_files": [],
                "files_checked": [
                    "__init__.py",
                    "fastapi/__init__.py",
                    "fastapi/__main__.py",
                    "fastapi/cli.py",
                    "fastapi_cli/__init__.py",
                    "fastapi_cli/cli.py",
                    "tests/__init__.py",
                    "tests/test_make_github_clones.py",
                    "x_cls_make_github_clones_x.py",
                    "x_make_github_clones_x/__init__.py",
                    "x_make_github_clones_x/x_cls_make_github_clones_x.py"
                ],
                "repo": "x_make_github_clones_x",
                "repo_hash": "f166df4eb625823191c0bfa89e9371670a339457db7e08fe41ad64fb0133324b",
                "repo_path": "C:\\x_runner_x\\x_make_github_clones_x",
                "started_at": "2025-10-15T19:16:44.331949+00:00",
                "stderr": "",
                "stdout": "x_cls_make_github_clones_x.py:43: error: Incompatible types in assignment (expression has type \"None\", variable has type \"Callable[[datetime | None], str]\")  [assignment]\nx_cls_make_github_clones_x.py:44: error: Incompatible types in assignment (expression has type \"None\", variable has type \"Callable[[str, Mapping[str, Any] | MutableMapping[str, Any], DefaultNamedArg(Path | str | None, 'base_dir'), DefaultNamedArg(str | None, 'filename'), DefaultNamedArg(datetime | None, 'timestamp'), DefaultNamedArg(str, 'reports_name')], Path]\")  [assignment]\nx_cls_make_github_clones_x.py:79: error: Statement is unreachable  [unreachable]\nx_cls_make_github_clones_x.py:89: error: Expression type contains \"Any\" (has type \"Callable[[str, Mapping[str, Any] | MutableMapping[str, Any], DefaultNamedArg(Path | str | None, 'base_dir'), DefaultNamedArg(str | None, 'filename'), DefaultNamedArg(datetime | None, 'timestamp'), DefaultNamedArg(str, 'reports_name')], Path]\")  [misc]\nx_cls_make_github_clones_x.py:96: error: Statement is unreachable  [unreachable]\nx_cls_make_github_clones_x.py:280: error: Returning Any from function declared to return \"dict[str, object] | None\"  [no-any-return]\nx_cls_make_github_clones_x.py:280: error: Expression has type \"Any\"  [misc]\nx_cls_make_github_clones_x.py:750: error: Expression has type \"Any\"  [misc]\ntests\\test_make_github_clones.py:125: error: Expression has type \"Any\"  [misc]\ntests\\test_make_github_clones.py:126: error: Expression has type \"Any\"  [misc]\ntests\\test_make_github_clones.py:127: error: Expression has type \"Any\"  [misc]\ntests\\test_make_github_clones.py:128: error: Expression has type \"Any\"  [misc]\ntests\\test_make_github_clones.py:129: error: Expression has type \"Any\"  [misc]\ntests\\test_make_github_clones.py:176: error: Expression has type \"Any\"  [misc]\ntests\\test_make_github_clones.py:177: error: Expression has type \"Any\"  [misc]\ntests\\test_make_github_clones.py:178: error: Expression has type \"Any\"  [misc]\ntests\\test_make_github_clones.py:232: error: Expression has type \"Any\"  [misc]\ntests\\test_make_github_clones.py:233: error: Expression has type \"Any\"  [misc]\ntests\\test_make_github_clones.py:234: error: Expression has type \"Any\"  [misc]\ntests\\test_make_github_clones.py:235: error: Expression has type \"Any\"  [misc]\ntests\\test_make_github_clones.py:236: error: Expression has type \"Any\"  [misc]\ntests\\test_make_github_clones.py:262: error: Expression has type \"Any\"  [misc]\ntests\\test_make_github_clones.py:263: error: Expression has type \"Any\"  [misc]\ntests\\test_make_github_clones.py:264: error: Expression has type \"Any\"  [misc]\ntests\\test_make_github_clones.py:265: error: Expression has type \"Any\"  [misc]\nFound 25 errors in 2 files (checked 11 source files)\n",
                "tool": "mypy",
                "tool_module": "mypy",
                "tool_version": "mypy 1.18.2 (compiled: yes)"
            },
            "exit": "exit 1",
            "message": "mypy failed for x_make_github_clones_x (exit 1)\ncwd: C:\\x_runner_x\\x_make_github_clones_x\ncommand: C:\\x_runner_x\\.venv\\Scripts\\python.exe -m mypy . --strict --no-warn-unused-configs --show-error-codes --warn-return-any --warn-unreachable --disallow-any-unimported --disallow-any-expr --disallow-any-decorated --disallow-any-explicit\nstarted_at: 2025-10-15T19:16:44.331949+00:00\nduration: 0.980s\ntool_version: mypy 1.18.2 (compiled: yes)\nstdout:\nx_cls_make_github_clones_x.py:43: error: Incompatible types in assignment (expression has type \"None\", variable has type \"Callable[[datetime | None], str]\")  [assignment]\nx_cls_make_github_clones_x.py:44: error: Incompatible types in assignment (expression has type \"None\", variable has type \"Callable[[str, Mapping[str, Any] | MutableMapping[str, Any], DefaultNamedArg(Path | str | None, 'base_dir'), DefaultNamedArg(str | None, 'filename'), DefaultNamedArg(datetime | None, 'timestamp'), DefaultNamedArg(str, 'reports_name')], Path]\")  [assignment]\nx_cls_make_github_clones_x.py:79: error: Statement is unreachable  [unreachable]\nx_cls_make_github_clones_x.py:89: error: Expression type contains \"Any\" (has type \"Callable[[str, Mapping[str, Any] | MutableMapping[str, Any], DefaultNamedArg(Path | str | None, 'base_dir'), DefaultNamedArg(str | None, 'filename'), DefaultNamedArg(datetime | None, 'timestamp'), DefaultNamedArg(str, 'reports_name')], Path]\")  [misc]\nx_cls_make_github_clones_x.py:96: error: Statement is unreachable  [unreachable]\n\u2026\nstderr:\n<empty>",
            "repo": "x_make_github_clones_x",
            "repo_path": "C:\\x_runner_x\\x_make_github_clones_x",
            "stderr_preview": null,
            "stdout_preview": "x_cls_make_github_clones_x.py:43: error: Incompatible types in assignment (expression has type \"None\", variable has type \"Callable[[datetime | None], str]\")  [assignment]\nx_cls_make_github_clones_x.py:44: error: Incompatible types in assignment (expression has type \"None\", variable has type \"Callable[[str, Mapping[str, Any] | MutableMapping[str, Any], DefaultNamedArg(Path | str | None, 'base_dir'), DefaultNamedArg(str | None, 'filename'), DefaultNamedArg(datetime | None, 'timestamp'), DefaultNamedArg(str, 'reports_name')], Path]\")  [assignment]\nx_cls_make_github_clones_x.py:79: error: Statement is unreachable  [unreachable]\nx_cls_make_github_clones_x.py:89: error: Expression type contains \"Any\" (has type \"Callable[[str, Mapping[str, Any] | MutableMapping[str, Any], DefaultNamedArg(Path | str | None, 'base_dir'), DefaultNamedArg(str | None, 'filename'), DefaultNamedArg(datetime | None, 'timestamp'), DefaultNamedArg(str, 'reports_name')], Path]\")  [misc]\nx_cls_make_github_clones_x.py:96: error: Statement is unreachable  [unreachable]\n\u2026",
            "suggested_action": "Investigate",
            "summary": "mypy failed for x_make_github_clones_x (exit 1) cwd: C:\\x_runner_x\\x_make_github_clones_x command: C:\\x_runner_x\\.venv\\Scripts\\python.exe -m mypy . --strict --no-warn-unused-configs --show-error-codes --warn-return-any --warn-unreachable -\u2026",
            "tool": "mypy",
            "tool_version": "mypy 1.18.2 (compiled: yes)"
        },
        {
            "captured_at": "2025-10-15T19:16:47.025104+00:00",
            "command": "C:\\x_runner_x\\.venv\\Scripts\\python.exe -m pyright . --level error",
            "detail": {
                "cached": false,
                "cmd": [
                    "C:\\x_runner_x\\.venv\\Scripts\\python.exe",
                    "-m",
                    "pyright",
                    ".",
                    "--level",
                    "error"
                ],
                "cmd_display": "C:\\x_runner_x\\.venv\\Scripts\\python.exe -m pyright . --level error",
                "cwd": "C:\\x_runner_x\\x_make_github_clones_x",
                "duration_seconds": 1.7095047000002523,
                "ended_at": "2025-10-15T19:16:47.025104+00:00",
                "exit": 1,
                "failed_files": [],
                "files_checked": [
                    "__init__.py",
                    "fastapi/__init__.py",
                    "fastapi/__main__.py",
                    "fastapi/cli.py",
                    "fastapi_cli/__init__.py",
                    "fastapi_cli/cli.py",
                    "tests/__init__.py",
                    "tests/test_make_github_clones.py",
                    "x_cls_make_github_clones_x.py",
                    "x_make_github_clones_x/__init__.py",
                    "x_make_github_clones_x/x_cls_make_github_clones_x.py"
                ],
                "repo": "x_make_github_clones_x",
                "repo_hash": "f166df4eb625823191c0bfa89e9371670a339457db7e08fe41ad64fb0133324b",
                "repo_path": "C:\\x_runner_x\\x_make_github_clones_x",
                "started_at": "2025-10-15T19:16:45.315601+00:00",
                "stderr": "",
                "stdout": "c:\\x_runner_x\\x_make_github_clones_x\\x_cls_make_github_clones_x.py\n  c:\\x_runner_x\\x_make_github_clones_x\\x_cls_make_github_clones_x.py:40:10 - error: Import \"x_make_common_x\" could not be resolved (reportMissingImports)\n  c:\\x_runner_x\\x_make_github_clones_x\\x_cls_make_github_clones_x.py:41:10 - error: Import \"x_make_common_x\" could not be resolved (reportMissingImports)\n2 errors, 0 warnings, 0 informations\n",
                "tool": "pyright",
                "tool_module": "pyright",
                "tool_version": "pyright 1.1.406"
            },
            "exit": "exit 1",
            "message": "pyright failed for x_make_github_clones_x (exit 1)\ncwd: C:\\x_runner_x\\x_make_github_clones_x\ncommand: C:\\x_runner_x\\.venv\\Scripts\\python.exe -m pyright . --level error\nstarted_at: 2025-10-15T19:16:45.315601+00:00\nduration: 1.710s\ntool_version: pyright 1.1.406\nstdout:\nc:\\x_runner_x\\x_make_github_clones_x\\x_cls_make_github_clones_x.py\n  c:\\x_runner_x\\x_make_github_clones_x\\x_cls_make_github_clones_x.py:40:10 - error: Import \"x_make_common_x\" could not be resolved (reportMissingImports)\n  c:\\x_runner_x\\x_make_github_clones_x\\x_cls_make_github_clones_x.py:41:10 - error: Import \"x_make_common_x\" could not be resolved (reportMissingImports)\n2 errors, 0 warnings, 0 informations\nstderr:\n<empty>",
            "repo": "x_make_github_clones_x",
            "repo_path": "C:\\x_runner_x\\x_make_github_clones_x",
            "stderr_preview": null,
            "stdout_preview": "c:\\x_runner_x\\x_make_github_clones_x\\x_cls_make_github_clones_x.py\n  c:\\x_runner_x\\x_make_github_clones_x\\x_cls_make_github_clones_x.py:40:10 - error: Import \"x_make_common_x\" could not be resolved (reportMissingImports)\n  c:\\x_runner_x\\x_make_github_clones_x\\x_cls_make_github_clones_x.py:41:10 - error: Import \"x_make_common_x\" could not be resolved (reportMissingImports)\n2 errors, 0 warnings, 0 informations",
            "suggested_action": "Investigate",
            "summary": "pyright failed for x_make_github_clones_x (exit 1) cwd: C:\\x_runner_x\\x_make_github_clones_x command: C:\\x_runner_x\\.venv\\Scripts\\python.exe -m pyright . --level error started_at: 2025-10-15T19:16:45.315601+00:00 duration: 1.710s tool_vers\u2026",
            "tool": "pyright",
            "tool_version": "pyright 1.1.406"
        },
        {
            "captured_at": "2025-10-15T19:16:44.327827+00:00",
            "command": "C:\\x_runner_x\\.venv\\Scripts\\python.exe -m ruff check . --select ALL --ignore D,COM812,ISC001,T20 --line-length 88 --target-version py311",
            "detail": {
                "cached": false,
                "cmd": [
                    "C:\\x_runner_x\\.venv\\Scripts\\python.exe",
                    "-m",
                    "ruff",
                    "check",
                    ".",
                    "--select",
                    "ALL",
                    "--ignore",
                    "D,COM812,ISC001,T20",
                    "--line-length",
                    "88",
                    "--target-version",
                    "py311"
                ],
                "cmd_display": "C:\\x_runner_x\\.venv\\Scripts\\python.exe -m ruff check . --select ALL --ignore D,COM812,ISC001,T20 --line-length 88 --target-version py311",
                "cwd": "C:\\x_runner_x\\x_make_github_clones_x",
                "duration_seconds": 0.2718715000009979,
                "ended_at": "2025-10-15T19:16:44.327827+00:00",
                "exit": 1,
                "failed_files": [],
                "files_checked": [
                    "__init__.py",
                    "fastapi/__init__.py",
                    "fastapi/__main__.py",
                    "fastapi/cli.py",
                    "fastapi_cli/__init__.py",
                    "fastapi_cli/cli.py",
                    "tests/__init__.py",
                    "tests/test_make_github_clones.py",
                    "x_cls_make_github_clones_x.py",
                    "x_make_github_clones_x/__init__.py",
                    "x_make_github_clones_x/x_cls_make_github_clones_x.py"
                ],
                "repo": "x_make_github_clones_x",
                "repo_hash": "f166df4eb625823191c0bfa89e9371670a339457db7e08fe41ad64fb0133324b",
                "repo_path": "C:\\x_runner_x\\x_make_github_clones_x",
                "started_at": "2025-10-15T19:16:44.055960+00:00",
                "stderr": "",
                "stdout": "EM101 Exception must not use a string literal, assign to variable first\n   --> tests\\test_make_github_clones.py:248:28\n    |\n246 |         **_kwargs: object,\n247 |     ) -> list[RepoRecord]:\n248 |         raise RuntimeError(\"boom\")\n    |                            ^^^^^^\n249 |\n250 |     monkeypatch.setattr(\n    |\nhelp: Assign to variable; remove string literal\n\nPLR2004 Magic value used in comparison, consider replacing `2` with a constant variable\n   --> tests\\test_make_github_clones.py:258:25\n    |\n257 |     exit_code = client.sync()\n258 |     assert exit_code == 2\n    |                         ^\n259 |\n260 |     report_path = client.last_run_report_path\n    |\n\nPLR2004 Magic value used in comparison, consider replacing `2` with a constant variable\n   --> tests\\test_make_github_clones.py:263:36\n    |\n261 |     assert report_path is not None\n262 |     payload = json.loads(report_path.read_text(encoding=\"utf-8\"))\n263 |     assert payload[\"exit_code\"] == 2\n    |                                    ^\n264 |     assert payload[\"summary\"][\"fetch_error\"] == \"boom\"\n265 |     assert payload[\"repos\"] == []\n    |\n\nTC003 Move standard library import `collections.abc.Mapping` into a type-checking block\n  --> x_cls_make_github_clones_x.py:20:29\n   |\n18 | import urllib.request\n19 | import uuid\n20 | from collections.abc import Mapping, MutableMapping\n   |                             ^^^^^^^\n21 | from contextlib import suppress\n22 | from dataclasses import dataclass\n   |\nhelp: Move into type-checking block\n\nTC003 Move standard library import `collections.abc.MutableMapping` into a type-checking block\n  --> x_cls_make_github_clones_x.py:20:38\n   |\n18 | import urllib.request\n19 | import uuid\n20 | from collections.abc import Mapping, MutableMapping\n   |                                      ^^^^^^^^^^^^^^\n21 | from contextlib import suppress\n22 | from dataclasses import dataclass\n   |\nhelp: Move into type-checking block\n\nE501 Line too long (89 > 88)\n  --> x_cls_make_github_clones_x.py:72:89\n   |\n70 |     data.setdefault(\"generated_at\", _fallback_isoformat_timestamp(moment))\n71 |     report_path = reports_dir / resolved_filename\n72 |     report_path.write_text(json.dumps(data, indent=2, sort_keys=False), encoding=\"utf-8\")\n   |                                                                                         ^\n73 |     return report_path\n   |\n\nC901 `sync` is too complex (15 > 10)\n   --> x_cls_make_github_clones_x.py:634:9\n    |\n632 |         )\n633 |\n634 |     def sync(self, username: str | None = None, dest: str | None = None) -> int:\n    |         ^^^^\n635 |         username = username or self.username\n636 |         dest_candidate = dest or self.target_dir or self.DEFAULT_TARGET_DIR\n    |\n\nPLR0912 Too many branches (16 > 12)\n   --> x_cls_make_github_clones_x.py:634:9\n    |\n632 |         )\n633 |\n634 |     def sync(self, username: str | None = None, dest: str | None = None) -> int:\n    |         ^^^^\n635 |         username = username or self.username\n636 |         dest_candidate = dest or self.target_dir or self.DEFAULT_TARGET_DIR\n    |\n\nPLR0915 Too many statements (76 > 50)\n   --> x_cls_make_github_clones_x.py:634:9\n    |\n632 |         )\n633 |\n634 |     def sync(self, username: str | None = None, dest: str | None = None) -> int:\n    |         ^^^^\n635 |         username = username or self.username\n636 |         dest_candidate = dest or self.target_dir or self.DEFAULT_TARGET_DIR\n    |\n\nFound 9 errors.\nNo fixes available (3 hidden fixes can be enabled with the `--unsafe-fixes` option).\n",
                "tool": "ruff_check",
                "tool_module": "ruff",
                "tool_version": "ruff 0.14.0"
            },
            "exit": "exit 1",
            "message": "ruff_check failed for x_make_github_clones_x (exit 1)\ncwd: C:\\x_runner_x\\x_make_github_clones_x\ncommand: C:\\x_runner_x\\.venv\\Scripts\\python.exe -m ruff check . --select ALL --ignore D,COM812,ISC001,T20 --line-length 88 --target-version py311\nstarted_at: 2025-10-15T19:16:44.055960+00:00\nduration: 0.272s\ntool_version: ruff 0.14.0\nstdout:\nEM101 Exception must not use a string literal, assign to variable first\n   --> tests\\test_make_github_clones.py:248:28\n    |\n246 |         **_kwargs: object,\n247 |     ) -> list[RepoRecord]:\n\u2026\nstderr:\n<empty>",
            "repo": "x_make_github_clones_x",
            "repo_path": "C:\\x_runner_x\\x_make_github_clones_x",
            "stderr_preview": null,
            "stdout_preview": "EM101 Exception must not use a string literal, assign to variable first\n   --> tests\\test_make_github_clones.py:248:28\n    |\n246 |         **_kwargs: object,\n247 |     ) -> list[RepoRecord]:\n\u2026",
            "suggested_action": "Investigate",
            "summary": "ruff_check failed for x_make_github_clones_x (exit 1) cwd: C:\\x_runner_x\\x_make_github_clones_x command: C:\\x_runner_x\\.venv\\Scripts\\python.exe -m ruff check . --select ALL --ignore D,COM812,ISC001,T20 --line-length 88 --target-version py3\u2026",
            "tool": "ruff_check",
            "tool_version": "ruff 0.14.0"
        },
        {
            "captured_at": "2025-10-15T19:16:41.442689+00:00",
            "command": "C:\\x_runner_x\\.venv\\Scripts\\python.exe -m ruff check . --fix --select ALL --ignore D,COM812,ISC001,T20 --line-length 88 --target-version py311",
            "detail": {
                "cached": false,
                "cmd": [
                    "C:\\x_runner_x\\.venv\\Scripts\\python.exe",
                    "-m",
                    "ruff",
                    "check",
                    ".",
                    "--fix",
                    "--select",
                    "ALL",
                    "--ignore",
                    "D,COM812,ISC001,T20",
                    "--line-length",
                    "88",
                    "--target-version",
                    "py311"
                ],
                "cmd_display": "C:\\x_runner_x\\.venv\\Scripts\\python.exe -m ruff check . --fix --select ALL --ignore D,COM812,ISC001,T20 --line-length 88 --target-version py311",
                "cwd": "C:\\x_runner_x\\x_make_github_clones_x",
                "duration_seconds": 0.2519646000000648,
                "ended_at": "2025-10-15T19:16:41.442689+00:00",
                "exit": 1,
                "failed_files": [],
                "files_checked": [
                    "__init__.py",
                    "fastapi/__init__.py",
                    "fastapi/__main__.py",
                    "fastapi/cli.py",
                    "fastapi_cli/__init__.py",
                    "fastapi_cli/cli.py",
                    "tests/__init__.py",
                    "tests/test_make_github_clones.py",
                    "x_cls_make_github_clones_x.py",
                    "x_make_github_clones_x/__init__.py",
                    "x_make_github_clones_x/x_cls_make_github_clones_x.py"
                ],
                "repo": "x_make_github_clones_x",
                "repo_hash": "f166df4eb625823191c0bfa89e9371670a339457db7e08fe41ad64fb0133324b",
                "repo_path": "C:\\x_runner_x\\x_make_github_clones_x",
                "started_at": "2025-10-15T19:16:41.190726+00:00",
                "stderr": "",
                "stdout": "EM101 Exception must not use a string literal, assign to variable first\n   --> tests\\test_make_github_clones.py:248:28\n    |\n246 |         **_kwargs: object,\n247 |     ) -> list[RepoRecord]:\n248 |         raise RuntimeError(\"boom\")\n    |                            ^^^^^^\n249 |\n250 |     monkeypatch.setattr(\n    |\nhelp: Assign to variable; remove string literal\n\nPLR2004 Magic value used in comparison, consider replacing `2` with a constant variable\n   --> tests\\test_make_github_clones.py:258:25\n    |\n257 |     exit_code = client.sync()\n258 |     assert exit_code == 2\n    |                         ^\n259 |\n260 |     report_path = client.last_run_report_path\n    |\n\nPLR2004 Magic value used in comparison, consider replacing `2` with a constant variable\n   --> tests\\test_make_github_clones.py:263:36\n    |\n261 |     assert report_path is not None\n262 |     payload = json.loads(report_path.read_text(encoding=\"utf-8\"))\n263 |     assert payload[\"exit_code\"] == 2\n    |                                    ^\n264 |     assert payload[\"summary\"][\"fetch_error\"] == \"boom\"\n265 |     assert payload[\"repos\"] == []\n    |\n\nTC003 Move standard library import `collections.abc.Mapping` into a type-checking block\n  --> x_cls_make_github_clones_x.py:20:29\n   |\n18 | import urllib.request\n19 | import uuid\n20 | from collections.abc import Mapping, MutableMapping\n   |                             ^^^^^^^\n21 | from contextlib import suppress\n22 | from dataclasses import dataclass\n   |\nhelp: Move into type-checking block\n\nTC003 Move standard library import `collections.abc.MutableMapping` into a type-checking block\n  --> x_cls_make_github_clones_x.py:20:38\n   |\n18 | import urllib.request\n19 | import uuid\n20 | from collections.abc import Mapping, MutableMapping\n   |                                      ^^^^^^^^^^^^^^\n21 | from contextlib import suppress\n22 | from dataclasses import dataclass\n   |\nhelp: Move into type-checking block\n\nE501 Line too long (89 > 88)\n  --> x_cls_make_github_clones_x.py:72:89\n   |\n70 |     data.setdefault(\"generated_at\", _fallback_isoformat_timestamp(moment))\n71 |     report_path = reports_dir / resolved_filename\n72 |     report_path.write_text(json.dumps(data, indent=2, sort_keys=False), encoding=\"utf-8\")\n   |                                                                                         ^\n73 |     return report_path\n   |\n\nC901 `sync` is too complex (15 > 10)\n   --> x_cls_make_github_clones_x.py:634:9\n    |\n632 |         )\n633 |\n634 |     def sync(self, username: str | None = None, dest: str | None = None) -> int:\n    |         ^^^^\n635 |         username = username or self.username\n636 |         dest_candidate = dest or self.target_dir or self.DEFAULT_TARGET_DIR\n    |\n\nPLR0912 Too many branches (16 > 12)\n   --> x_cls_make_github_clones_x.py:634:9\n    |\n632 |         )\n633 |\n634 |     def sync(self, username: str | None = None, dest: str | None = None) -> int:\n    |         ^^^^\n635 |         username = username or self.username\n636 |         dest_candidate = dest or self.target_dir or self.DEFAULT_TARGET_DIR\n    |\n\nPLR0915 Too many statements (76 > 50)\n   --> x_cls_make_github_clones_x.py:634:9\n    |\n632 |         )\n633 |\n634 |     def sync(self, username: str | None = None, dest: str | None = None) -> int:\n    |         ^^^^\n635 |         username = username or self.username\n636 |         dest_candidate = dest or self.target_dir or self.DEFAULT_TARGET_DIR\n    |\n\nFound 9 errors.\nNo fixes available (3 hidden fixes can be enabled with the `--unsafe-fixes` option).\n",
                "tool": "ruff_fix",
                "tool_module": "ruff",
                "tool_version": "ruff 0.14.0"
            },
            "exit": "exit 1",
            "message": "ruff_fix failed for x_make_github_clones_x (exit 1)\ncwd: C:\\x_runner_x\\x_make_github_clones_x\ncommand: C:\\x_runner_x\\.venv\\Scripts\\python.exe -m ruff check . --fix --select ALL --ignore D,COM812,ISC001,T20 --line-length 88 --target-version py311\nstarted_at: 2025-10-15T19:16:41.190726+00:00\nduration: 0.252s\ntool_version: ruff 0.14.0\nstdout:\nEM101 Exception must not use a string literal, assign to variable first\n   --> tests\\test_make_github_clones.py:248:28\n    |\n246 |         **_kwargs: object,\n247 |     ) -> list[RepoRecord]:\n\u2026\nstderr:\n<empty>",
            "repo": "x_make_github_clones_x",
            "repo_path": "C:\\x_runner_x\\x_make_github_clones_x",
            "stderr_preview": null,
            "stdout_preview": "EM101 Exception must not use a string literal, assign to variable first\n   --> tests\\test_make_github_clones.py:248:28\n    |\n246 |         **_kwargs: object,\n247 |     ) -> list[RepoRecord]:\n\u2026",
            "suggested_action": "Investigate",
            "summary": "ruff_fix failed for x_make_github_clones_x (exit 1) cwd: C:\\x_runner_x\\x_make_github_clones_x command: C:\\x_runner_x\\.venv\\Scripts\\python.exe -m ruff check . --fix --select ALL --ignore D,COM812,ISC001,T20 --line-length 88 --target-version\u2026",
            "tool": "ruff_fix",
            "tool_version": "ruff 0.14.0"
        },
        {
            "captured_at": "2025-10-15T19:16:52.312333+00:00",
            "command": "C:\\x_runner_x\\.venv\\Scripts\\python.exe -m black . --line-length 88 --target-version py311 --check --diff",
            "detail": {
                "cached": false,
                "cmd": [
                    "C:\\x_runner_x\\.venv\\Scripts\\python.exe",
                    "-m",
                    "black",
                    ".",
                    "--line-length",
                    "88",
                    "--target-version",
                    "py311",
                    "--check",
                    "--diff"
                ],
                "cmd_display": "C:\\x_runner_x\\.venv\\Scripts\\python.exe -m black . --line-length 88 --target-version py311 --check --diff",
                "cwd": "C:\\x_runner_x\\x_make_github_visitor_x",
                "duration_seconds": 3.248842400000285,
                "ended_at": "2025-10-15T19:16:52.312333+00:00",
                "exit": 1,
                "failed_files": [],
                "files_checked": [
                    "__init__.py",
                    "inspection_flow.py",
                    "run_external.py",
                    "run_visitor_no_cache.py",
                    "runner.py",
                    "tests/__init__.py",
                    "tests/test_github_visitor.py",
                    "x_cls_make_github_visitor_x.py"
                ],
                "repo": "x_make_github_visitor_x",
                "repo_hash": "0658a610e4f4d02294c79eb52e3a376a027389d4422f3f03828e89aec669f9b7",
                "repo_path": "C:\\x_runner_x\\x_make_github_visitor_x",
                "started_at": "2025-10-15T19:16:49.063491+00:00",
                "stderr": "would reformat C:\\x_runner_x\\x_make_github_visitor_x\\runner.py\nwould reformat C:\\x_runner_x\\x_make_github_visitor_x\\x_cls_make_github_visitor_x.py\n\nOh no! \\U0001f4a5 \\U0001f494 \\U0001f4a5\n2 files would be reformatted, 6 files would be left unchanged.\n",
                "stdout": "--- C:\\x_runner_x\\x_make_github_visitor_x\\runner.py\t2025-10-15 19:15:48.204193+00:00\n+++ C:\\x_runner_x\\x_make_github_visitor_x\\runner.py\t2025-10-15 19:16:51.774386+00:00\n@@ -690,13 +690,11 @@\n         return details\n \n     def _emit_tool_event(self, payload: _ToolEventPayload) -> None:\n         duration_ms = self._event_duration_ms(payload.result)\n         files_checked = self._collect_files_checked(payload)\n-        failure_entries, failed_files_for_event = self._collect_failure_entries(\n-            payload\n-        )\n+        failure_entries, failed_files_for_event = self._collect_failure_entries(payload)\n         files_for_event = self._resolve_files_for_event(\n             status=payload.status,\n             files_checked=files_checked,\n             failed_files=failed_files_for_event,\n         )\n--- C:\\x_runner_x\\x_make_github_visitor_x\\x_cls_make_github_visitor_x.py\t2025-10-15 19:15:48.206292+00:00\n+++ C:\\x_runner_x\\x_make_github_visitor_x\\x_cls_make_github_visitor_x.py\t2025-10-15 19:16:51.791338+00:00\n@@ -690,13 +690,11 @@\n         return details\n \n     def _emit_tool_event(self, payload: _ToolEventPayload) -> None:\n         duration_ms = self._event_duration_ms(payload.result)\n         files_checked = self._collect_files_checked(payload)\n-        failure_entries, failed_files_for_event = self._collect_failure_entries(\n-            payload\n-        )\n+        failure_entries, failed_files_for_event = self._collect_failure_entries(payload)\n         files_for_event = self._resolve_files_for_event(\n             status=payload.status,\n             files_checked=files_checked,\n             failed_files=failed_files_for_event,\n         )\n",
                "tool": "black",
                "tool_module": "black",
                "tool_version": "python -m black, 25.9.0 (compiled: yes)\nPython (CPython) 3.13.7"
            },
            "exit": "exit 1",
            "message": "black failed for x_make_github_visitor_x (exit 1)\ncwd: C:\\x_runner_x\\x_make_github_visitor_x\ncommand: C:\\x_runner_x\\.venv\\Scripts\\python.exe -m black . --line-length 88 --target-version py311 --check --diff\nstarted_at: 2025-10-15T19:16:49.063491+00:00\nduration: 3.249s\ntool_version: python -m black, 25.9.0 (compiled: yes)\nPython (CPython) 3.13.7\nstdout:\n--- C:\\x_runner_x\\x_make_github_visitor_x\\runner.py\t2025-10-15 19:15:48.204193+00:00\n+++ C:\\x_runner_x\\x_make_github_visitor_x\\runner.py\t2025-10-15 19:16:51.774386+00:00\n@@ -690,13 +690,11 @@\n         return details\n \n\u2026\nstderr:\nwould reformat C:\\x_runner_x\\x_make_github_visitor_x\\runner.py\nwould reformat C:\\x_runner_x\\x_make_github_visitor_x\\x_cls_make_github_visitor_x.py\n\nOh no! \\U0001f4a5 \\U0001f494 \\U0001f4a5\n2 files would be reformatted, 6 files would be left unchanged.",
            "repo": "x_make_github_visitor_x",
            "repo_path": "C:\\x_runner_x\\x_make_github_visitor_x",
            "stderr_preview": "would reformat C:\\x_runner_x\\x_make_github_visitor_x\\runner.py\nwould reformat C:\\x_runner_x\\x_make_github_visitor_x\\x_cls_make_github_visitor_x.py\n\nOh no! \\U0001f4a5 \\U0001f494 \\U0001f4a5\n2 files would be reformatted, 6 files would be left unchanged.",
            "stdout_preview": "--- C:\\x_runner_x\\x_make_github_visitor_x\\runner.py\t2025-10-15 19:15:48.204193+00:00\n+++ C:\\x_runner_x\\x_make_github_visitor_x\\runner.py\t2025-10-15 19:16:51.774386+00:00\n@@ -690,13 +690,11 @@\n         return details\n \n\u2026",
            "suggested_action": "Investigate",
            "summary": "black failed for x_make_github_visitor_x (exit 1) cwd: C:\\x_runner_x\\x_make_github_visitor_x command: C:\\x_runner_x\\.venv\\Scripts\\python.exe -m black . --line-length 88 --target-version py311 --check --diff started_at: 2025-10-15T19:16:49.\u2026",
            "tool": "black",
            "tool_version": "python -m black, 25.9.0 (compiled: yes)\nPython (CPython) 3.13.7"
        },
        {
            "captured_at": "2025-10-15T19:16:53.442700+00:00",
            "command": "C:\\x_runner_x\\.venv\\Scripts\\python.exe -m mypy . --strict --no-warn-unused-configs --show-error-codes --warn-return-any --warn-unreachable --disallow-any-unimported --disallow-any-expr --disallow-any-decorated --disallow-any-explicit",
            "detail": {
                "cached": false,
                "cmd": [
                    "C:\\x_runner_x\\.venv\\Scripts\\python.exe",
                    "-m",
                    "mypy",
                    ".",
                    "--strict",
                    "--no-warn-unused-configs",
                    "--show-error-codes",
                    "--warn-return-any",
                    "--warn-unreachable",
                    "--disallow-any-unimported",
                    "--disallow-any-expr",
                    "--disallow-any-decorated",
                    "--disallow-any-explicit"
                ],
                "cmd_display": "C:\\x_runner_x\\.venv\\Scripts\\python.exe -m mypy . --strict --no-warn-unused-configs --show-error-codes --warn-return-any --warn-unreachable --disallow-any-unimported --disallow-any-expr --disallow-any-decorated --disallow-any-explicit",
                "cwd": "C:\\x_runner_x\\x_make_github_visitor_x",
                "duration_seconds": 0.8262614000013855,
                "ended_at": "2025-10-15T19:16:53.442700+00:00",
                "exit": 1,
                "failed_files": [],
                "files_checked": [
                    "__init__.py",
                    "inspection_flow.py",
                    "run_external.py",
                    "run_visitor_no_cache.py",
                    "runner.py",
                    "tests/__init__.py",
                    "tests/test_github_visitor.py",
                    "x_cls_make_github_visitor_x.py"
                ],
                "repo": "x_make_github_visitor_x",
                "repo_hash": "0658a610e4f4d02294c79eb52e3a376a027389d4422f3f03828e89aec669f9b7",
                "repo_path": "C:\\x_runner_x\\x_make_github_visitor_x",
                "started_at": "2025-10-15T19:16:52.616441+00:00",
                "stderr": "",
                "stdout": "x_cls_make_github_visitor_x.py:661: error: Expression type contains \"Any\" (has type \"dict[str, Any | None]\")  [misc]\nrunner.py:661: error: Expression type contains \"Any\" (has type \"dict[str, Any | None]\")  [misc]\nFound 2 errors in 2 files (checked 8 source files)\n",
                "tool": "mypy",
                "tool_module": "mypy",
                "tool_version": "mypy 1.18.2 (compiled: yes)"
            },
            "exit": "exit 1",
            "message": "mypy failed for x_make_github_visitor_x (exit 1)\ncwd: C:\\x_runner_x\\x_make_github_visitor_x\ncommand: C:\\x_runner_x\\.venv\\Scripts\\python.exe -m mypy . --strict --no-warn-unused-configs --show-error-codes --warn-return-any --warn-unreachable --disallow-any-unimported --disallow-any-expr --disallow-any-decorated --disallow-any-explicit\nstarted_at: 2025-10-15T19:16:52.616441+00:00\nduration: 0.826s\ntool_version: mypy 1.18.2 (compiled: yes)\nstdout:\nx_cls_make_github_visitor_x.py:661: error: Expression type contains \"Any\" (has type \"dict[str, Any | None]\")  [misc]\nrunner.py:661: error: Expression type contains \"Any\" (has type \"dict[str, Any | None]\")  [misc]\nFound 2 errors in 2 files (checked 8 source files)\nstderr:\n<empty>",
            "repo": "x_make_github_visitor_x",
            "repo_path": "C:\\x_runner_x\\x_make_github_visitor_x",
            "stderr_preview": null,
            "stdout_preview": "x_cls_make_github_visitor_x.py:661: error: Expression type contains \"Any\" (has type \"dict[str, Any | None]\")  [misc]\nrunner.py:661: error: Expression type contains \"Any\" (has type \"dict[str, Any | None]\")  [misc]\nFound 2 errors in 2 files (checked 8 source files)",
            "suggested_action": "Investigate",
            "summary": "mypy failed for x_make_github_visitor_x (exit 1) cwd: C:\\x_runner_x\\x_make_github_visitor_x command: C:\\x_runner_x\\.venv\\Scripts\\python.exe -m mypy . --strict --no-warn-unused-configs --show-error-codes --warn-return-any --warn-unreachable\u2026",
            "tool": "mypy",
            "tool_version": "mypy 1.18.2 (compiled: yes)"
        },
        {
            "captured_at": "2025-10-15T19:17:02.452037+00:00",
            "command": "C:\\x_runner_x\\.venv\\Scripts\\python.exe -m pyright . --level error",
            "detail": {
                "cached": false,
                "cmd": [
                    "C:\\x_runner_x\\.venv\\Scripts\\python.exe",
                    "-m",
                    "pyright",
                    ".",
                    "--level",
                    "error"
                ],
                "cmd_display": "C:\\x_runner_x\\.venv\\Scripts\\python.exe -m pyright . --level error",
                "cwd": "C:\\x_runner_x\\x_make_graphviz_x",
                "duration_seconds": 1.35998169999948,
                "ended_at": "2025-10-15T19:17:02.452037+00:00",
                "exit": 1,
                "failed_files": [],
                "files_checked": [
                    "tests/__init__.py",
                    "tests/test_graphviz_builder.py",
                    "x_cls_make_graphviz_x.py"
                ],
                "repo": "x_make_graphviz_x",
                "repo_hash": "edec351e0eddf321022472a00d281f5ac5b567a5428fdeed31689d9e65e07161",
                "repo_path": "C:\\x_runner_x\\x_make_graphviz_x",
                "started_at": "2025-10-15T19:17:01.092056+00:00",
                "stderr": "",
                "stdout": "c:\\x_runner_x\\x_make_graphviz_x\\x_cls_make_graphviz_x.py\n  c:\\x_runner_x\\x_make_graphviz_x\\x_cls_make_graphviz_x.py:19:6 - error: Import \"x_make_common_x.exporters\" could not be resolved (reportMissingImports)\n1 error, 0 warnings, 0 informations\n",
                "tool": "pyright",
                "tool_module": "pyright",
                "tool_version": "pyright 1.1.406"
            },
            "exit": "exit 1",
            "message": "pyright failed for x_make_graphviz_x (exit 1)\ncwd: C:\\x_runner_x\\x_make_graphviz_x\ncommand: C:\\x_runner_x\\.venv\\Scripts\\python.exe -m pyright . --level error\nstarted_at: 2025-10-15T19:17:01.092056+00:00\nduration: 1.360s\ntool_version: pyright 1.1.406\nstdout:\nc:\\x_runner_x\\x_make_graphviz_x\\x_cls_make_graphviz_x.py\n  c:\\x_runner_x\\x_make_graphviz_x\\x_cls_make_graphviz_x.py:19:6 - error: Import \"x_make_common_x.exporters\" could not be resolved (reportMissingImports)\n1 error, 0 warnings, 0 informations\nstderr:\n<empty>",
            "repo": "x_make_graphviz_x",
            "repo_path": "C:\\x_runner_x\\x_make_graphviz_x",
            "stderr_preview": null,
            "stdout_preview": "c:\\x_runner_x\\x_make_graphviz_x\\x_cls_make_graphviz_x.py\n  c:\\x_runner_x\\x_make_graphviz_x\\x_cls_make_graphviz_x.py:19:6 - error: Import \"x_make_common_x.exporters\" could not be resolved (reportMissingImports)\n1 error, 0 warnings, 0 informations",
            "suggested_action": "Investigate",
            "summary": "pyright failed for x_make_graphviz_x (exit 1) cwd: C:\\x_runner_x\\x_make_graphviz_x command: C:\\x_runner_x\\.venv\\Scripts\\python.exe -m pyright . --level error started_at: 2025-10-15T19:17:01.092056+00:00 duration: 1.360s tool_version: pyrig\u2026",
            "tool": "pyright",
            "tool_version": "pyright 1.1.406"
        },
        {
            "captured_at": "2025-10-15T19:17:00.550190+00:00",
            "command": "C:\\x_runner_x\\.venv\\Scripts\\python.exe -m ruff check . --select ALL --ignore D,COM812,ISC001,T20 --line-length 88 --target-version py311",
            "detail": {
                "cached": false,
                "cmd": [
                    "C:\\x_runner_x\\.venv\\Scripts\\python.exe",
                    "-m",
                    "ruff",
                    "check",
                    ".",
                    "--select",
                    "ALL",
                    "--ignore",
                    "D,COM812,ISC001,T20",
                    "--line-length",
                    "88",
                    "--target-version",
                    "py311"
                ],
                "cmd_display": "C:\\x_runner_x\\.venv\\Scripts\\python.exe -m ruff check . --select ALL --ignore D,COM812,ISC001,T20 --line-length 88 --target-version py311",
                "cwd": "C:\\x_runner_x\\x_make_graphviz_x",
                "duration_seconds": 0.34661419999974896,
                "ended_at": "2025-10-15T19:17:00.550190+00:00",
                "exit": 1,
                "failed_files": [],
                "files_checked": [
                    "tests/__init__.py",
                    "tests/test_graphviz_builder.py",
                    "x_cls_make_graphviz_x.py"
                ],
                "repo": "x_make_graphviz_x",
                "repo_hash": "edec351e0eddf321022472a00d281f5ac5b567a5428fdeed31689d9e65e07161",
                "repo_path": "C:\\x_runner_x\\x_make_graphviz_x",
                "started_at": "2025-10-15T19:17:00.203529+00:00",
                "stderr": "",
                "stdout": "TC003 Move standard library import `collections.abc.Sequence` into a type-checking block\n  --> tests\\test_graphviz_builder.py:8:29\n   |\n 7 | import importlib\n 8 | from collections.abc import Sequence\n   |                             ^^^^^^^^\n 9 | from pathlib import Path\n10 | from subprocess import CompletedProcess\n   |\nhelp: Move into type-checking block\n\nPT018 Assertion should be broken down into multiple parts\n  --> tests\\test_graphviz_builder.py:55:5\n   |\n53 |     assert builder.get_last_export_result() is not None\n54 |     last = builder.get_last_export_result()\n55 |     assert last and last.succeeded is False\n   |     ^^^^^^^^^^^^^^^^^^^^^^^^^^^^^^^^^^^^^^^\n   |\nhelp: Break down assertion into multiple parts\n\nPT018 Assertion should be broken down into multiple parts\n  --> tests\\test_graphviz_builder.py:77:5\n   |\n75 |     assert svg_path.exists()\n76 |     last = builder.get_last_export_result()\n77 |     assert last and last.succeeded is True\n   |     ^^^^^^^^^^^^^^^^^^^^^^^^^^^^^^^^^^^^^^\n   |\nhelp: Break down assertion into multiple parts\n\nFound 3 errors.\nNo fixes available (3 hidden fixes can be enabled with the `--unsafe-fixes` option).\n",
                "tool": "ruff_check",
                "tool_module": "ruff",
                "tool_version": "ruff 0.14.0"
            },
            "exit": "exit 1",
            "message": "ruff_check failed for x_make_graphviz_x (exit 1)\ncwd: C:\\x_runner_x\\x_make_graphviz_x\ncommand: C:\\x_runner_x\\.venv\\Scripts\\python.exe -m ruff check . --select ALL --ignore D,COM812,ISC001,T20 --line-length 88 --target-version py311\nstarted_at: 2025-10-15T19:17:00.203529+00:00\nduration: 0.347s\ntool_version: ruff 0.14.0\nstdout:\nTC003 Move standard library import `collections.abc.Sequence` into a type-checking block\n  --> tests\\test_graphviz_builder.py:8:29\n   |\n 7 | import importlib\n 8 | from collections.abc import Sequence\n\u2026\nstderr:\n<empty>",
            "repo": "x_make_graphviz_x",
            "repo_path": "C:\\x_runner_x\\x_make_graphviz_x",
            "stderr_preview": null,
            "stdout_preview": "TC003 Move standard library import `collections.abc.Sequence` into a type-checking block\n  --> tests\\test_graphviz_builder.py:8:29\n   |\n 7 | import importlib\n 8 | from collections.abc import Sequence\n\u2026",
            "suggested_action": "Investigate",
            "summary": "ruff_check failed for x_make_graphviz_x (exit 1) cwd: C:\\x_runner_x\\x_make_graphviz_x command: C:\\x_runner_x\\.venv\\Scripts\\python.exe -m ruff check . --select ALL --ignore D,COM812,ISC001,T20 --line-length 88 --target-version py311 started\u2026",
            "tool": "ruff_check",
            "tool_version": "ruff 0.14.0"
        },
        {
            "captured_at": "2025-10-15T19:16:58.885238+00:00",
            "command": "C:\\x_runner_x\\.venv\\Scripts\\python.exe -m ruff check . --fix --select ALL --ignore D,COM812,ISC001,T20 --line-length 88 --target-version py311",
            "detail": {
                "cached": false,
                "cmd": [
                    "C:\\x_runner_x\\.venv\\Scripts\\python.exe",
                    "-m",
                    "ruff",
                    "check",
                    ".",
                    "--fix",
                    "--select",
                    "ALL",
                    "--ignore",
                    "D,COM812,ISC001,T20",
                    "--line-length",
                    "88",
                    "--target-version",
                    "py311"
                ],
                "cmd_display": "C:\\x_runner_x\\.venv\\Scripts\\python.exe -m ruff check . --fix --select ALL --ignore D,COM812,ISC001,T20 --line-length 88 --target-version py311",
                "cwd": "C:\\x_runner_x\\x_make_graphviz_x",
                "duration_seconds": 0.28987190000043483,
                "ended_at": "2025-10-15T19:16:58.885238+00:00",
                "exit": 1,
                "failed_files": [],
                "files_checked": [
                    "tests/__init__.py",
                    "tests/test_graphviz_builder.py",
                    "x_cls_make_graphviz_x.py"
                ],
                "repo": "x_make_graphviz_x",
                "repo_hash": "edec351e0eddf321022472a00d281f5ac5b567a5428fdeed31689d9e65e07161",
                "repo_path": "C:\\x_runner_x\\x_make_graphviz_x",
                "started_at": "2025-10-15T19:16:58.595369+00:00",
                "stderr": "",
                "stdout": "TC003 Move standard library import `collections.abc.Sequence` into a type-checking block\n  --> tests\\test_graphviz_builder.py:8:29\n   |\n 7 | import importlib\n 8 | from collections.abc import Sequence\n   |                             ^^^^^^^^\n 9 | from pathlib import Path\n10 | from subprocess import CompletedProcess\n   |\nhelp: Move into type-checking block\n\nPT018 Assertion should be broken down into multiple parts\n  --> tests\\test_graphviz_builder.py:55:5\n   |\n53 |     assert builder.get_last_export_result() is not None\n54 |     last = builder.get_last_export_result()\n55 |     assert last and last.succeeded is False\n   |     ^^^^^^^^^^^^^^^^^^^^^^^^^^^^^^^^^^^^^^^\n   |\nhelp: Break down assertion into multiple parts\n\nPT018 Assertion should be broken down into multiple parts\n  --> tests\\test_graphviz_builder.py:77:5\n   |\n75 |     assert svg_path.exists()\n76 |     last = builder.get_last_export_result()\n77 |     assert last and last.succeeded is True\n   |     ^^^^^^^^^^^^^^^^^^^^^^^^^^^^^^^^^^^^^^\n   |\nhelp: Break down assertion into multiple parts\n\nFound 3 errors.\nNo fixes available (3 hidden fixes can be enabled with the `--unsafe-fixes` option).\n",
                "tool": "ruff_fix",
                "tool_module": "ruff",
                "tool_version": "ruff 0.14.0"
            },
            "exit": "exit 1",
            "message": "ruff_fix failed for x_make_graphviz_x (exit 1)\ncwd: C:\\x_runner_x\\x_make_graphviz_x\ncommand: C:\\x_runner_x\\.venv\\Scripts\\python.exe -m ruff check . --fix --select ALL --ignore D,COM812,ISC001,T20 --line-length 88 --target-version py311\nstarted_at: 2025-10-15T19:16:58.595369+00:00\nduration: 0.290s\ntool_version: ruff 0.14.0\nstdout:\nTC003 Move standard library import `collections.abc.Sequence` into a type-checking block\n  --> tests\\test_graphviz_builder.py:8:29\n   |\n 7 | import importlib\n 8 | from collections.abc import Sequence\n\u2026\nstderr:\n<empty>",
            "repo": "x_make_graphviz_x",
            "repo_path": "C:\\x_runner_x\\x_make_graphviz_x",
            "stderr_preview": null,
            "stdout_preview": "TC003 Move standard library import `collections.abc.Sequence` into a type-checking block\n  --> tests\\test_graphviz_builder.py:8:29\n   |\n 7 | import importlib\n 8 | from collections.abc import Sequence\n\u2026",
            "suggested_action": "Investigate",
            "summary": "ruff_fix failed for x_make_graphviz_x (exit 1) cwd: C:\\x_runner_x\\x_make_graphviz_x command: C:\\x_runner_x\\.venv\\Scripts\\python.exe -m ruff check . --fix --select ALL --ignore D,COM812,ISC001,T20 --line-length 88 --target-version py311 sta\u2026",
            "tool": "ruff_fix",
            "tool_version": "ruff 0.14.0"
        },
        {
            "captured_at": "2025-10-15T19:17:05.521330+00:00",
            "command": "C:\\x_runner_x\\.venv\\Scripts\\python.exe -m black . --line-length 88 --target-version py311 --check --diff",
            "detail": {
                "cached": false,
                "cmd": [
                    "C:\\x_runner_x\\.venv\\Scripts\\python.exe",
                    "-m",
                    "black",
                    ".",
                    "--line-length",
                    "88",
                    "--target-version",
                    "py311",
                    "--check",
                    "--diff"
                ],
                "cmd_display": "C:\\x_runner_x\\.venv\\Scripts\\python.exe -m black . --line-length 88 --target-version py311 --check --diff",
                "cwd": "C:\\x_runner_x\\x_make_markdown_x",
                "duration_seconds": 1.1064627000014298,
                "ended_at": "2025-10-15T19:17:05.521330+00:00",
                "exit": 1,
                "failed_files": [],
                "files_checked": [
                    "__init__.py",
                    "tests/__init__.py",
                    "tests/test_markdown_builder.py",
                    "x_cls_make_markdown_x.py"
                ],
                "repo": "x_make_markdown_x",
                "repo_hash": "7c0be717037415602824613973fe1c1d084136ec65b2e9a507e139709118bb48",
                "repo_path": "C:\\x_runner_x\\x_make_markdown_x",
                "started_at": "2025-10-15T19:17:04.414869+00:00",
                "stderr": "would reformat C:\\x_runner_x\\x_make_markdown_x\\tests\\test_markdown_builder.py\n\nOh no! \\U0001f4a5 \\U0001f494 \\U0001f4a5\n1 file would be reformatted, 3 files would be left unchanged.\n",
                "stdout": "--- C:\\x_runner_x\\x_make_markdown_x\\tests\\test_markdown_builder.py\t2025-10-15 19:15:51.160943+00:00\n+++ C:\\x_runner_x\\x_make_markdown_x\\tests\\test_markdown_builder.py\t2025-10-15 19:17:05.319580+00:00\n@@ -71,10 +71,11 @@\n     monkeypatch.setattr(exporters, \"_resolve_binary\", _no_binary)\n \n     with pytest.raises(RuntimeError, match=\"binary not found\"):\n         builder.to_pdf(\"<html></html>\", str(tmp_path / \"out.pdf\"))\n \n+\n def test_to_pdf_invokes_shared_exporter(tmp_path: Path) -> None:\n     wkhtmltopdf = tmp_path / \"wkhtmltopdf.exe\"\n     wkhtmltopdf.write_text(\"binary\", encoding=\"utf-8\")\n \n     captured: dict[str, Sequence[str]] = {}\n",
                "tool": "black",
                "tool_module": "black",
                "tool_version": "python -m black, 25.9.0 (compiled: yes)\nPython (CPython) 3.13.7"
            },
            "exit": "exit 1",
            "message": "black failed for x_make_markdown_x (exit 1)\ncwd: C:\\x_runner_x\\x_make_markdown_x\ncommand: C:\\x_runner_x\\.venv\\Scripts\\python.exe -m black . --line-length 88 --target-version py311 --check --diff\nstarted_at: 2025-10-15T19:17:04.414869+00:00\nduration: 1.106s\ntool_version: python -m black, 25.9.0 (compiled: yes)\nPython (CPython) 3.13.7\nstdout:\n--- C:\\x_runner_x\\x_make_markdown_x\\tests\\test_markdown_builder.py\t2025-10-15 19:15:51.160943+00:00\n+++ C:\\x_runner_x\\x_make_markdown_x\\tests\\test_markdown_builder.py\t2025-10-15 19:17:05.319580+00:00\n@@ -71,10 +71,11 @@\n     monkeypatch.setattr(exporters, \"_resolve_binary\", _no_binary)\n \n\u2026\nstderr:\nwould reformat C:\\x_runner_x\\x_make_markdown_x\\tests\\test_markdown_builder.py\n\nOh no! \\U0001f4a5 \\U0001f494 \\U0001f4a5\n1 file would be reformatted, 3 files would be left unchanged.",
            "repo": "x_make_markdown_x",
            "repo_path": "C:\\x_runner_x\\x_make_markdown_x",
            "stderr_preview": "would reformat C:\\x_runner_x\\x_make_markdown_x\\tests\\test_markdown_builder.py\n\nOh no! \\U0001f4a5 \\U0001f494 \\U0001f4a5\n1 file would be reformatted, 3 files would be left unchanged.",
            "stdout_preview": "--- C:\\x_runner_x\\x_make_markdown_x\\tests\\test_markdown_builder.py\t2025-10-15 19:15:51.160943+00:00\n+++ C:\\x_runner_x\\x_make_markdown_x\\tests\\test_markdown_builder.py\t2025-10-15 19:17:05.319580+00:00\n@@ -71,10 +71,11 @@\n     monkeypatch.setattr(exporters, \"_resolve_binary\", _no_binary)\n \n\u2026",
            "suggested_action": "Investigate",
            "summary": "black failed for x_make_markdown_x (exit 1) cwd: C:\\x_runner_x\\x_make_markdown_x command: C:\\x_runner_x\\.venv\\Scripts\\python.exe -m black . --line-length 88 --target-version py311 --check --diff started_at: 2025-10-15T19:17:04.414869+00:00\u2026",
            "tool": "black",
            "tool_version": "python -m black, 25.9.0 (compiled: yes)\nPython (CPython) 3.13.7"
        },
        {
            "captured_at": "2025-10-15T19:17:05.857955+00:00",
            "command": "C:\\x_runner_x\\.venv\\Scripts\\python.exe -m ruff check . --select ALL --ignore D,COM812,ISC001,T20 --line-length 88 --target-version py311",
            "detail": {
                "cached": false,
                "cmd": [
                    "C:\\x_runner_x\\.venv\\Scripts\\python.exe",
                    "-m",
                    "ruff",
                    "check",
                    ".",
                    "--select",
                    "ALL",
                    "--ignore",
                    "D,COM812,ISC001,T20",
                    "--line-length",
                    "88",
                    "--target-version",
                    "py311"
                ],
                "cmd_display": "C:\\x_runner_x\\.venv\\Scripts\\python.exe -m ruff check . --select ALL --ignore D,COM812,ISC001,T20 --line-length 88 --target-version py311",
                "cwd": "C:\\x_runner_x\\x_make_markdown_x",
                "duration_seconds": 0.33305489999838755,
                "ended_at": "2025-10-15T19:17:05.857955+00:00",
                "exit": 1,
                "failed_files": [],
                "files_checked": [
                    "__init__.py",
                    "tests/__init__.py",
                    "tests/test_markdown_builder.py",
                    "x_cls_make_markdown_x.py"
                ],
                "repo": "x_make_markdown_x",
                "repo_hash": "7c0be717037415602824613973fe1c1d084136ec65b2e9a507e139709118bb48",
                "repo_path": "C:\\x_runner_x\\x_make_markdown_x",
                "started_at": "2025-10-15T19:17:05.524902+00:00",
                "stderr": "",
                "stdout": "TC003 Move standard library import `collections.abc.Sequence` into a type-checking block\n  --> tests\\test_markdown_builder.py:8:29\n   |\n 7 | import importlib\n 8 | from collections.abc import Sequence\n   |                             ^^^^^^^^\n 9 | from pathlib import Path\n10 | from subprocess import CompletedProcess\n   |\nhelp: Move into type-checking block\n\nPT018 Assertion should be broken down into multiple parts\n  --> tests\\test_markdown_builder.py:98:5\n   |\n96 |     assert builder.get_last_export_result() is not None\n97 |     last_result = builder.get_last_export_result()\n98 |     assert last_result and last_result.succeeded is True\n   |     ^^^^^^^^^^^^^^^^^^^^^^^^^^^^^^^^^^^^^^^^^^^^^^^^^^^^\n99 |     assert captured[\"command\"][-1].endswith(\"out.pdf\")\n   |\nhelp: Break down assertion into multiple parts\n\nFound 2 errors.\nNo fixes available (2 hidden fixes can be enabled with the `--unsafe-fixes` option).\n",
                "tool": "ruff_check",
                "tool_module": "ruff",
                "tool_version": "ruff 0.14.0"
            },
            "exit": "exit 1",
            "message": "ruff_check failed for x_make_markdown_x (exit 1)\ncwd: C:\\x_runner_x\\x_make_markdown_x\ncommand: C:\\x_runner_x\\.venv\\Scripts\\python.exe -m ruff check . --select ALL --ignore D,COM812,ISC001,T20 --line-length 88 --target-version py311\nstarted_at: 2025-10-15T19:17:05.524902+00:00\nduration: 0.333s\ntool_version: ruff 0.14.0\nstdout:\nTC003 Move standard library import `collections.abc.Sequence` into a type-checking block\n  --> tests\\test_markdown_builder.py:8:29\n   |\n 7 | import importlib\n 8 | from collections.abc import Sequence\n\u2026\nstderr:\n<empty>",
            "repo": "x_make_markdown_x",
            "repo_path": "C:\\x_runner_x\\x_make_markdown_x",
            "stderr_preview": null,
            "stdout_preview": "TC003 Move standard library import `collections.abc.Sequence` into a type-checking block\n  --> tests\\test_markdown_builder.py:8:29\n   |\n 7 | import importlib\n 8 | from collections.abc import Sequence\n\u2026",
            "suggested_action": "Investigate",
            "summary": "ruff_check failed for x_make_markdown_x (exit 1) cwd: C:\\x_runner_x\\x_make_markdown_x command: C:\\x_runner_x\\.venv\\Scripts\\python.exe -m ruff check . --select ALL --ignore D,COM812,ISC001,T20 --line-length 88 --target-version py311 started\u2026",
            "tool": "ruff_check",
            "tool_version": "ruff 0.14.0"
        },
        {
            "captured_at": "2025-10-15T19:17:04.411319+00:00",
            "command": "C:\\x_runner_x\\.venv\\Scripts\\python.exe -m ruff check . --fix --select ALL --ignore D,COM812,ISC001,T20 --line-length 88 --target-version py311",
            "detail": {
                "cached": false,
                "cmd": [
                    "C:\\x_runner_x\\.venv\\Scripts\\python.exe",
                    "-m",
                    "ruff",
                    "check",
                    ".",
                    "--fix",
                    "--select",
                    "ALL",
                    "--ignore",
                    "D,COM812,ISC001,T20",
                    "--line-length",
                    "88",
                    "--target-version",
                    "py311"
                ],
                "cmd_display": "C:\\x_runner_x\\.venv\\Scripts\\python.exe -m ruff check . --fix --select ALL --ignore D,COM812,ISC001,T20 --line-length 88 --target-version py311",
                "cwd": "C:\\x_runner_x\\x_make_markdown_x",
                "duration_seconds": 0.2463763999985531,
                "ended_at": "2025-10-15T19:17:04.411319+00:00",
                "exit": 1,
                "failed_files": [],
                "files_checked": [
                    "__init__.py",
                    "tests/__init__.py",
                    "tests/test_markdown_builder.py",
                    "x_cls_make_markdown_x.py"
                ],
                "repo": "x_make_markdown_x",
                "repo_hash": "7c0be717037415602824613973fe1c1d084136ec65b2e9a507e139709118bb48",
                "repo_path": "C:\\x_runner_x\\x_make_markdown_x",
                "started_at": "2025-10-15T19:17:04.164946+00:00",
                "stderr": "",
                "stdout": "TC003 Move standard library import `collections.abc.Sequence` into a type-checking block\n  --> tests\\test_markdown_builder.py:8:29\n   |\n 7 | import importlib\n 8 | from collections.abc import Sequence\n   |                             ^^^^^^^^\n 9 | from pathlib import Path\n10 | from subprocess import CompletedProcess\n   |\nhelp: Move into type-checking block\n\nPT018 Assertion should be broken down into multiple parts\n  --> tests\\test_markdown_builder.py:98:5\n   |\n96 |     assert builder.get_last_export_result() is not None\n97 |     last_result = builder.get_last_export_result()\n98 |     assert last_result and last_result.succeeded is True\n   |     ^^^^^^^^^^^^^^^^^^^^^^^^^^^^^^^^^^^^^^^^^^^^^^^^^^^^\n99 |     assert captured[\"command\"][-1].endswith(\"out.pdf\")\n   |\nhelp: Break down assertion into multiple parts\n\nFound 2 errors.\nNo fixes available (2 hidden fixes can be enabled with the `--unsafe-fixes` option).\n",
                "tool": "ruff_fix",
                "tool_module": "ruff",
                "tool_version": "ruff 0.14.0"
            },
            "exit": "exit 1",
            "message": "ruff_fix failed for x_make_markdown_x (exit 1)\ncwd: C:\\x_runner_x\\x_make_markdown_x\ncommand: C:\\x_runner_x\\.venv\\Scripts\\python.exe -m ruff check . --fix --select ALL --ignore D,COM812,ISC001,T20 --line-length 88 --target-version py311\nstarted_at: 2025-10-15T19:17:04.164946+00:00\nduration: 0.246s\ntool_version: ruff 0.14.0\nstdout:\nTC003 Move standard library import `collections.abc.Sequence` into a type-checking block\n  --> tests\\test_markdown_builder.py:8:29\n   |\n 7 | import importlib\n 8 | from collections.abc import Sequence\n\u2026\nstderr:\n<empty>",
            "repo": "x_make_markdown_x",
            "repo_path": "C:\\x_runner_x\\x_make_markdown_x",
            "stderr_preview": null,
            "stdout_preview": "TC003 Move standard library import `collections.abc.Sequence` into a type-checking block\n  --> tests\\test_markdown_builder.py:8:29\n   |\n 7 | import importlib\n 8 | from collections.abc import Sequence\n\u2026",
            "suggested_action": "Investigate",
            "summary": "ruff_fix failed for x_make_markdown_x (exit 1) cwd: C:\\x_runner_x\\x_make_markdown_x command: C:\\x_runner_x\\.venv\\Scripts\\python.exe -m ruff check . --fix --select ALL --ignore D,COM812,ISC001,T20 --line-length 88 --target-version py311 sta\u2026",
            "tool": "ruff_fix",
            "tool_version": "ruff 0.14.0"
        },
        {
            "captured_at": "2025-10-15T19:17:11.131067+00:00",
            "command": "C:\\x_runner_x\\.venv\\Scripts\\python.exe -m black . --line-length 88 --target-version py311 --check --diff",
            "detail": {
                "cached": false,
                "cmd": [
                    "C:\\x_runner_x\\.venv\\Scripts\\python.exe",
                    "-m",
                    "black",
                    ".",
                    "--line-length",
                    "88",
                    "--target-version",
                    "py311",
                    "--check",
                    "--diff"
                ],
                "cmd_display": "C:\\x_runner_x\\.venv\\Scripts\\python.exe -m black . --line-length 88 --target-version py311 --check --diff",
                "cwd": "C:\\x_runner_x\\x_make_mermaid_x",
                "duration_seconds": 1.2125292999990052,
                "ended_at": "2025-10-15T19:17:11.131067+00:00",
                "exit": 1,
                "failed_files": [],
                "files_checked": [
                    "__init__.py",
                    "tests/__init__.py",
                    "tests/test_mermaid_builder.py",
                    "x_cls_make_mermaid_x.py"
                ],
                "repo": "x_make_mermaid_x",
                "repo_hash": "0124de4f106cf07e3bbe714951cbbac0c7277c566f4c31b357761a24e7132b27",
                "repo_path": "C:\\x_runner_x\\x_make_mermaid_x",
                "started_at": "2025-10-15T19:17:09.918535+00:00",
                "stderr": "would reformat C:\\x_runner_x\\x_make_mermaid_x\\tests\\test_mermaid_builder.py\n\nOh no! \\U0001f4a5 \\U0001f494 \\U0001f4a5\n1 file would be reformatted, 3 files would be left unchanged.\n",
                "stdout": "--- C:\\x_runner_x\\x_make_mermaid_x\\tests\\test_mermaid_builder.py\t2025-10-15 19:15:52.626578+00:00\n+++ C:\\x_runner_x\\x_make_mermaid_x\\tests\\test_mermaid_builder.py\t2025-10-15 19:17:10.849492+00:00\n@@ -68,14 +68,18 @@\n         return CompletedProcess(list(command), 0, stdout=\"done\", stderr=\"\")\n \n     fake_cli = tmp_path / \"mmdc.exe\"\n     fake_cli.write_text(\"binary\", encoding=\"utf-8\")\n \n-    builder = MermaidBuilder(\n-        runner=runner,\n-        mermaid_cli=str(fake_cli),\n-    ).flowchart(\"LR\").node(\"A\", \"Start\")\n+    builder = (\n+        MermaidBuilder(\n+            runner=runner,\n+            mermaid_cli=str(fake_cli),\n+        )\n+        .flowchart(\"LR\")\n+        .node(\"A\", \"Start\")\n+    )\n     mmd_path = tmp_path / \"diagram.mmd\"\n     svg_path = tmp_path / \"diagram.svg\"\n \n     result = builder.to_svg(mmd_path=str(mmd_path), svg_path=str(svg_path))\n \n",
                "tool": "black",
                "tool_module": "black",
                "tool_version": "python -m black, 25.9.0 (compiled: yes)\nPython (CPython) 3.13.7"
            },
            "exit": "exit 1",
            "message": "black failed for x_make_mermaid_x (exit 1)\ncwd: C:\\x_runner_x\\x_make_mermaid_x\ncommand: C:\\x_runner_x\\.venv\\Scripts\\python.exe -m black . --line-length 88 --target-version py311 --check --diff\nstarted_at: 2025-10-15T19:17:09.918535+00:00\nduration: 1.213s\ntool_version: python -m black, 25.9.0 (compiled: yes)\nPython (CPython) 3.13.7\nstdout:\n--- C:\\x_runner_x\\x_make_mermaid_x\\tests\\test_mermaid_builder.py\t2025-10-15 19:15:52.626578+00:00\n+++ C:\\x_runner_x\\x_make_mermaid_x\\tests\\test_mermaid_builder.py\t2025-10-15 19:17:10.849492+00:00\n@@ -68,14 +68,18 @@\n         return CompletedProcess(list(command), 0, stdout=\"done\", stderr=\"\")\n \n\u2026\nstderr:\nwould reformat C:\\x_runner_x\\x_make_mermaid_x\\tests\\test_mermaid_builder.py\n\nOh no! \\U0001f4a5 \\U0001f494 \\U0001f4a5\n1 file would be reformatted, 3 files would be left unchanged.",
            "repo": "x_make_mermaid_x",
            "repo_path": "C:\\x_runner_x\\x_make_mermaid_x",
            "stderr_preview": "would reformat C:\\x_runner_x\\x_make_mermaid_x\\tests\\test_mermaid_builder.py\n\nOh no! \\U0001f4a5 \\U0001f494 \\U0001f4a5\n1 file would be reformatted, 3 files would be left unchanged.",
            "stdout_preview": "--- C:\\x_runner_x\\x_make_mermaid_x\\tests\\test_mermaid_builder.py\t2025-10-15 19:15:52.626578+00:00\n+++ C:\\x_runner_x\\x_make_mermaid_x\\tests\\test_mermaid_builder.py\t2025-10-15 19:17:10.849492+00:00\n@@ -68,14 +68,18 @@\n         return CompletedProcess(list(command), 0, stdout=\"done\", stderr=\"\")\n \n\u2026",
            "suggested_action": "Investigate",
            "summary": "black failed for x_make_mermaid_x (exit 1) cwd: C:\\x_runner_x\\x_make_mermaid_x command: C:\\x_runner_x\\.venv\\Scripts\\python.exe -m black . --line-length 88 --target-version py311 --check --diff started_at: 2025-10-15T19:17:09.918535+00:00 d\u2026",
            "tool": "black",
            "tool_version": "python -m black, 25.9.0 (compiled: yes)\nPython (CPython) 3.13.7"
        },
        {
            "captured_at": "2025-10-15T19:17:11.426250+00:00",
            "command": "C:\\x_runner_x\\.venv\\Scripts\\python.exe -m ruff check . --select ALL --ignore D,COM812,ISC001,T20 --line-length 88 --target-version py311",
            "detail": {
                "cached": false,
                "cmd": [
                    "C:\\x_runner_x\\.venv\\Scripts\\python.exe",
                    "-m",
                    "ruff",
                    "check",
                    ".",
                    "--select",
                    "ALL",
                    "--ignore",
                    "D,COM812,ISC001,T20",
                    "--line-length",
                    "88",
                    "--target-version",
                    "py311"
                ],
                "cmd_display": "C:\\x_runner_x\\.venv\\Scripts\\python.exe -m ruff check . --select ALL --ignore D,COM812,ISC001,T20 --line-length 88 --target-version py311",
                "cwd": "C:\\x_runner_x\\x_make_mermaid_x",
                "duration_seconds": 0.2863961000002746,
                "ended_at": "2025-10-15T19:17:11.426250+00:00",
                "exit": 1,
                "failed_files": [],
                "files_checked": [
                    "__init__.py",
                    "tests/__init__.py",
                    "tests/test_mermaid_builder.py",
                    "x_cls_make_mermaid_x.py"
                ],
                "repo": "x_make_mermaid_x",
                "repo_hash": "0124de4f106cf07e3bbe714951cbbac0c7277c566f4c31b357761a24e7132b27",
                "repo_path": "C:\\x_runner_x\\x_make_mermaid_x",
                "started_at": "2025-10-15T19:17:11.139853+00:00",
                "stderr": "",
                "stdout": "TC003 Move standard library import `collections.abc.Sequence` into a type-checking block\n  --> tests\\test_mermaid_builder.py:8:29\n   |\n 7 | import subprocess\n 8 | from collections.abc import Sequence\n   |                             ^^^^^^^^\n 9 | from pathlib import Path\n10 | from subprocess import CompletedProcess\n   |\nhelp: Move into type-checking block\n\nB904 Within an `except` clause, raise exceptions with `raise ... from err` or `raise ... from None` to distinguish them from errors in exception handling\n  --> tests\\test_mermaid_builder.py:65:13\n   |\n63 |             out_index = command.index(\"-o\") + 1\n64 |         except ValueError:  # pragma: no cover - defensive guard\n65 |             raise AssertionError(\"-o flag missing from command\")\n   |             ^^^^^^^^^^^^^^^^^^^^^^^^^^^^^^^^^^^^^^^^^^^^^^^^^^^^\n66 |         svg_target = Path(command[out_index])\n67 |         svg_target.write_text(\"<svg />\", encoding=\"utf-8\")\n   |\n\nTRY003 Avoid specifying long messages outside the exception class\n  --> tests\\test_mermaid_builder.py:65:19\n   |\n63 |             out_index = command.index(\"-o\") + 1\n64 |         except ValueError:  # pragma: no cover - defensive guard\n65 |             raise AssertionError(\"-o flag missing from command\")\n   |                   ^^^^^^^^^^^^^^^^^^^^^^^^^^^^^^^^^^^^^^^^^^^^^^\n66 |         svg_target = Path(command[out_index])\n67 |         svg_target.write_text(\"<svg />\", encoding=\"utf-8\")\n   |\n\nEM101 Exception must not use a string literal, assign to variable first\n  --> tests\\test_mermaid_builder.py:65:34\n   |\n63 |             out_index = command.index(\"-o\") + 1\n64 |         except ValueError:  # pragma: no cover - defensive guard\n65 |             raise AssertionError(\"-o flag missing from command\")\n   |                                  ^^^^^^^^^^^^^^^^^^^^^^^^^^^^^^\n66 |         svg_target = Path(command[out_index])\n67 |         svg_target.write_text(\"<svg />\", encoding=\"utf-8\")\n   |\nhelp: Assign to variable; remove string literal\n\nPT018 Assertion should be broken down into multiple parts\n  --> tests\\test_mermaid_builder.py:88:5\n   |\n86 |     assert command[0] == str(fake_cli)\n87 |     last_result = builder.get_last_export_result()\n88 |     assert last_result and last_result.succeeded is True\n   |     ^^^^^^^^^^^^^^^^^^^^^^^^^^^^^^^^^^^^^^^^^^^^^^^^^^^^\n   |\nhelp: Break down assertion into multiple parts\n\nFound 5 errors.\nNo fixes available (3 hidden fixes can be enabled with the `--unsafe-fixes` option).\n",
                "tool": "ruff_check",
                "tool_module": "ruff",
                "tool_version": "ruff 0.14.0"
            },
            "exit": "exit 1",
            "message": "ruff_check failed for x_make_mermaid_x (exit 1)\ncwd: C:\\x_runner_x\\x_make_mermaid_x\ncommand: C:\\x_runner_x\\.venv\\Scripts\\python.exe -m ruff check . --select ALL --ignore D,COM812,ISC001,T20 --line-length 88 --target-version py311\nstarted_at: 2025-10-15T19:17:11.139853+00:00\nduration: 0.286s\ntool_version: ruff 0.14.0\nstdout:\nTC003 Move standard library import `collections.abc.Sequence` into a type-checking block\n  --> tests\\test_mermaid_builder.py:8:29\n   |\n 7 | import subprocess\n 8 | from collections.abc import Sequence\n\u2026\nstderr:\n<empty>",
            "repo": "x_make_mermaid_x",
            "repo_path": "C:\\x_runner_x\\x_make_mermaid_x",
            "stderr_preview": null,
            "stdout_preview": "TC003 Move standard library import `collections.abc.Sequence` into a type-checking block\n  --> tests\\test_mermaid_builder.py:8:29\n   |\n 7 | import subprocess\n 8 | from collections.abc import Sequence\n\u2026",
            "suggested_action": "Investigate",
            "summary": "ruff_check failed for x_make_mermaid_x (exit 1) cwd: C:\\x_runner_x\\x_make_mermaid_x command: C:\\x_runner_x\\.venv\\Scripts\\python.exe -m ruff check . --select ALL --ignore D,COM812,ISC001,T20 --line-length 88 --target-version py311 started_a\u2026",
            "tool": "ruff_check",
            "tool_version": "ruff 0.14.0"
        },
        {
            "captured_at": "2025-10-15T19:17:09.914929+00:00",
            "command": "C:\\x_runner_x\\.venv\\Scripts\\python.exe -m ruff check . --fix --select ALL --ignore D,COM812,ISC001,T20 --line-length 88 --target-version py311",
            "detail": {
                "cached": false,
                "cmd": [
                    "C:\\x_runner_x\\.venv\\Scripts\\python.exe",
                    "-m",
                    "ruff",
                    "check",
                    ".",
                    "--fix",
                    "--select",
                    "ALL",
                    "--ignore",
                    "D,COM812,ISC001,T20",
                    "--line-length",
                    "88",
                    "--target-version",
                    "py311"
                ],
                "cmd_display": "C:\\x_runner_x\\.venv\\Scripts\\python.exe -m ruff check . --fix --select ALL --ignore D,COM812,ISC001,T20 --line-length 88 --target-version py311",
                "cwd": "C:\\x_runner_x\\x_make_mermaid_x",
                "duration_seconds": 0.2580248999984178,
                "ended_at": "2025-10-15T19:17:09.914929+00:00",
                "exit": 1,
                "failed_files": [],
                "files_checked": [
                    "__init__.py",
                    "tests/__init__.py",
                    "tests/test_mermaid_builder.py",
                    "x_cls_make_mermaid_x.py"
                ],
                "repo": "x_make_mermaid_x",
                "repo_hash": "0124de4f106cf07e3bbe714951cbbac0c7277c566f4c31b357761a24e7132b27",
                "repo_path": "C:\\x_runner_x\\x_make_mermaid_x",
                "started_at": "2025-10-15T19:17:09.656889+00:00",
                "stderr": "",
                "stdout": "TC003 Move standard library import `collections.abc.Sequence` into a type-checking block\n  --> tests\\test_mermaid_builder.py:8:29\n   |\n 7 | import subprocess\n 8 | from collections.abc import Sequence\n   |                             ^^^^^^^^\n 9 | from pathlib import Path\n10 | from subprocess import CompletedProcess\n   |\nhelp: Move into type-checking block\n\nB904 Within an `except` clause, raise exceptions with `raise ... from err` or `raise ... from None` to distinguish them from errors in exception handling\n  --> tests\\test_mermaid_builder.py:65:13\n   |\n63 |             out_index = command.index(\"-o\") + 1\n64 |         except ValueError:  # pragma: no cover - defensive guard\n65 |             raise AssertionError(\"-o flag missing from command\")\n   |             ^^^^^^^^^^^^^^^^^^^^^^^^^^^^^^^^^^^^^^^^^^^^^^^^^^^^\n66 |         svg_target = Path(command[out_index])\n67 |         svg_target.write_text(\"<svg />\", encoding=\"utf-8\")\n   |\n\nTRY003 Avoid specifying long messages outside the exception class\n  --> tests\\test_mermaid_builder.py:65:19\n   |\n63 |             out_index = command.index(\"-o\") + 1\n64 |         except ValueError:  # pragma: no cover - defensive guard\n65 |             raise AssertionError(\"-o flag missing from command\")\n   |                   ^^^^^^^^^^^^^^^^^^^^^^^^^^^^^^^^^^^^^^^^^^^^^^\n66 |         svg_target = Path(command[out_index])\n67 |         svg_target.write_text(\"<svg />\", encoding=\"utf-8\")\n   |\n\nEM101 Exception must not use a string literal, assign to variable first\n  --> tests\\test_mermaid_builder.py:65:34\n   |\n63 |             out_index = command.index(\"-o\") + 1\n64 |         except ValueError:  # pragma: no cover - defensive guard\n65 |             raise AssertionError(\"-o flag missing from command\")\n   |                                  ^^^^^^^^^^^^^^^^^^^^^^^^^^^^^^\n66 |         svg_target = Path(command[out_index])\n67 |         svg_target.write_text(\"<svg />\", encoding=\"utf-8\")\n   |\nhelp: Assign to variable; remove string literal\n\nPT018 Assertion should be broken down into multiple parts\n  --> tests\\test_mermaid_builder.py:88:5\n   |\n86 |     assert command[0] == str(fake_cli)\n87 |     last_result = builder.get_last_export_result()\n88 |     assert last_result and last_result.succeeded is True\n   |     ^^^^^^^^^^^^^^^^^^^^^^^^^^^^^^^^^^^^^^^^^^^^^^^^^^^^\n   |\nhelp: Break down assertion into multiple parts\n\nFound 5 errors.\nNo fixes available (3 hidden fixes can be enabled with the `--unsafe-fixes` option).\n",
                "tool": "ruff_fix",
                "tool_module": "ruff",
                "tool_version": "ruff 0.14.0"
            },
            "exit": "exit 1",
            "message": "ruff_fix failed for x_make_mermaid_x (exit 1)\ncwd: C:\\x_runner_x\\x_make_mermaid_x\ncommand: C:\\x_runner_x\\.venv\\Scripts\\python.exe -m ruff check . --fix --select ALL --ignore D,COM812,ISC001,T20 --line-length 88 --target-version py311\nstarted_at: 2025-10-15T19:17:09.656889+00:00\nduration: 0.258s\ntool_version: ruff 0.14.0\nstdout:\nTC003 Move standard library import `collections.abc.Sequence` into a type-checking block\n  --> tests\\test_mermaid_builder.py:8:29\n   |\n 7 | import subprocess\n 8 | from collections.abc import Sequence\n\u2026\nstderr:\n<empty>",
            "repo": "x_make_mermaid_x",
            "repo_path": "C:\\x_runner_x\\x_make_mermaid_x",
            "stderr_preview": null,
            "stdout_preview": "TC003 Move standard library import `collections.abc.Sequence` into a type-checking block\n  --> tests\\test_mermaid_builder.py:8:29\n   |\n 7 | import subprocess\n 8 | from collections.abc import Sequence\n\u2026",
            "suggested_action": "Investigate",
            "summary": "ruff_fix failed for x_make_mermaid_x (exit 1) cwd: C:\\x_runner_x\\x_make_mermaid_x command: C:\\x_runner_x\\.venv\\Scripts\\python.exe -m ruff check . --fix --select ALL --ignore D,COM812,ISC001,T20 --line-length 88 --target-version py311 start\u2026",
            "tool": "ruff_fix",
            "tool_version": "ruff 0.14.0"
        },
        {
            "captured_at": "2025-10-15T19:17:19.132468+00:00",
            "command": "C:\\x_runner_x\\.venv\\Scripts\\python.exe -m black . --line-length 88 --target-version py311 --check --diff",
            "detail": {
                "cached": false,
                "cmd": [
                    "C:\\x_runner_x\\.venv\\Scripts\\python.exe",
                    "-m",
                    "black",
                    ".",
                    "--line-length",
                    "88",
                    "--target-version",
                    "py311",
                    "--check",
                    "--diff"
                ],
                "cmd_display": "C:\\x_runner_x\\.venv\\Scripts\\python.exe -m black . --line-length 88 --target-version py311 --check --diff",
                "cwd": "C:\\x_runner_x\\x_make_pip_updates_x",
                "duration_seconds": 1.6483955000003334,
                "ended_at": "2025-10-15T19:17:19.132468+00:00",
                "exit": 1,
                "failed_files": [],
                "files_checked": [
                    "__init__.py",
                    "tests/__init__.py",
                    "tests/test_pip_updates.py",
                    "update_flow.py",
                    "x_cls_make_pip_updates_x.py"
                ],
                "repo": "x_make_pip_updates_x",
                "repo_hash": "ef4e1e885cdc6158b1a5e7228e54cc9c9bc78bbd76df4d89e7da848421306b04",
                "repo_path": "C:\\x_runner_x\\x_make_pip_updates_x",
                "started_at": "2025-10-15T19:17:17.484074+00:00",
                "stderr": "would reformat C:\\x_runner_x\\x_make_pip_updates_x\\update_flow.py\n\nOh no! \\U0001f4a5 \\U0001f494 \\U0001f4a5\n1 file would be reformatted, 4 files would be left unchanged.\n",
                "stdout": "--- C:\\x_runner_x\\x_make_pip_updates_x\\update_flow.py\t2025-10-15 19:07:29.960775+00:00\n+++ C:\\x_runner_x\\x_make_pip_updates_x\\update_flow.py\t2025-10-15 19:17:18.894167+00:00\n@@ -55,13 +55,11 @@\n     if isinstance(value, Path):\n         return str(value)\n     if isinstance(value, Mapping):\n         typed = cast(\"Mapping[object, object]\", value)\n         return {str(key): _json_ready(val) for key, val in typed.items()}\n-    if isinstance(value, Sequence) and not isinstance(\n-        value, (str, bytes, bytearray)\n-    ):\n+    if isinstance(value, Sequence) and not isinstance(value, (str, bytes, bytearray)):\n         typed_seq = cast(\"Sequence[object]\", value)\n         return [_json_ready(entry) for entry in typed_seq]\n     return str(value)\n \n \n@@ -411,11 +409,13 @@\n                 script_detail = {\n                     \"invoked\": used_script,\n                     \"return_code\": script_rc,\n                 }\n             else:\n-                _info(\"pip-updates script not found; using direct pip fallback installation\")\n+                _info(\n+                    \"pip-updates script not found; using direct pip fallback installation\"\n+                )\n             execution_detail[\"script_attempt\"] = script_detail\n \n             pinned = [\n                 f\"{pkg}=={published_versions[pkg]}\"\n                 for pkg in package_list\n",
                "tool": "black",
                "tool_module": "black",
                "tool_version": "python -m black, 25.9.0 (compiled: yes)\nPython (CPython) 3.13.7"
            },
            "exit": "exit 1",
            "message": "black failed for x_make_pip_updates_x (exit 1)\ncwd: C:\\x_runner_x\\x_make_pip_updates_x\ncommand: C:\\x_runner_x\\.venv\\Scripts\\python.exe -m black . --line-length 88 --target-version py311 --check --diff\nstarted_at: 2025-10-15T19:17:17.484074+00:00\nduration: 1.648s\ntool_version: python -m black, 25.9.0 (compiled: yes)\nPython (CPython) 3.13.7\nstdout:\n--- C:\\x_runner_x\\x_make_pip_updates_x\\update_flow.py\t2025-10-15 19:07:29.960775+00:00\n+++ C:\\x_runner_x\\x_make_pip_updates_x\\update_flow.py\t2025-10-15 19:17:18.894167+00:00\n@@ -55,13 +55,11 @@\n     if isinstance(value, Path):\n         return str(value)\n\u2026\nstderr:\nwould reformat C:\\x_runner_x\\x_make_pip_updates_x\\update_flow.py\n\nOh no! \\U0001f4a5 \\U0001f494 \\U0001f4a5\n1 file would be reformatted, 4 files would be left unchanged.",
            "repo": "x_make_pip_updates_x",
            "repo_path": "C:\\x_runner_x\\x_make_pip_updates_x",
            "stderr_preview": "would reformat C:\\x_runner_x\\x_make_pip_updates_x\\update_flow.py\n\nOh no! \\U0001f4a5 \\U0001f494 \\U0001f4a5\n1 file would be reformatted, 4 files would be left unchanged.",
            "stdout_preview": "--- C:\\x_runner_x\\x_make_pip_updates_x\\update_flow.py\t2025-10-15 19:07:29.960775+00:00\n+++ C:\\x_runner_x\\x_make_pip_updates_x\\update_flow.py\t2025-10-15 19:17:18.894167+00:00\n@@ -55,13 +55,11 @@\n     if isinstance(value, Path):\n         return str(value)\n\u2026",
            "suggested_action": "Investigate",
            "summary": "black failed for x_make_pip_updates_x (exit 1) cwd: C:\\x_runner_x\\x_make_pip_updates_x command: C:\\x_runner_x\\.venv\\Scripts\\python.exe -m black . --line-length 88 --target-version py311 --check --diff started_at: 2025-10-15T19:17:17.484074\u2026",
            "tool": "black",
            "tool_version": "python -m black, 25.9.0 (compiled: yes)\nPython (CPython) 3.13.7"
        },
        {
            "captured_at": "2025-10-15T19:17:20.517148+00:00",
            "command": "C:\\x_runner_x\\.venv\\Scripts\\python.exe -m mypy . --strict --no-warn-unused-configs --show-error-codes --warn-return-any --warn-unreachable --disallow-any-unimported --disallow-any-expr --disallow-any-decorated --disallow-any-explicit",
            "detail": {
                "cached": false,
                "cmd": [
                    "C:\\x_runner_x\\.venv\\Scripts\\python.exe",
                    "-m",
                    "mypy",
                    ".",
                    "--strict",
                    "--no-warn-unused-configs",
                    "--show-error-codes",
                    "--warn-return-any",
                    "--warn-unreachable",
                    "--disallow-any-unimported",
                    "--disallow-any-expr",
                    "--disallow-any-decorated",
                    "--disallow-any-explicit"
                ],
                "cmd_display": "C:\\x_runner_x\\.venv\\Scripts\\python.exe -m mypy . --strict --no-warn-unused-configs --show-error-codes --warn-return-any --warn-unreachable --disallow-any-unimported --disallow-any-expr --disallow-any-decorated --disallow-any-explicit",
                "cwd": "C:\\x_runner_x\\x_make_pip_updates_x",
                "duration_seconds": 1.1003788000016357,
                "ended_at": "2025-10-15T19:17:20.517148+00:00",
                "exit": 1,
                "failed_files": [],
                "files_checked": [
                    "__init__.py",
                    "tests/__init__.py",
                    "tests/test_pip_updates.py",
                    "update_flow.py",
                    "x_cls_make_pip_updates_x.py"
                ],
                "repo": "x_make_pip_updates_x",
                "repo_hash": "ef4e1e885cdc6158b1a5e7228e54cc9c9bc78bbd76df4d89e7da848421306b04",
                "repo_path": "C:\\x_runner_x\\x_make_pip_updates_x",
                "started_at": "2025-10-15T19:17:19.416771+00:00",
                "stderr": "",
                "stdout": "x_cls_make_pip_updates_x.py:310: error: Expression type contains \"Any\" (has type \"dict[str, Any | None]\")  [misc]\nupdate_flow.py:532: error: \"Exception\" has no attribute \"run_report_path\"  [attr-defined]\nFound 2 errors in 2 files (checked 5 source files)\n",
                "tool": "mypy",
                "tool_module": "mypy",
                "tool_version": "mypy 1.18.2 (compiled: yes)"
            },
            "exit": "exit 1",
            "message": "mypy failed for x_make_pip_updates_x (exit 1)\ncwd: C:\\x_runner_x\\x_make_pip_updates_x\ncommand: C:\\x_runner_x\\.venv\\Scripts\\python.exe -m mypy . --strict --no-warn-unused-configs --show-error-codes --warn-return-any --warn-unreachable --disallow-any-unimported --disallow-any-expr --disallow-any-decorated --disallow-any-explicit\nstarted_at: 2025-10-15T19:17:19.416771+00:00\nduration: 1.100s\ntool_version: mypy 1.18.2 (compiled: yes)\nstdout:\nx_cls_make_pip_updates_x.py:310: error: Expression type contains \"Any\" (has type \"dict[str, Any | None]\")  [misc]\nupdate_flow.py:532: error: \"Exception\" has no attribute \"run_report_path\"  [attr-defined]\nFound 2 errors in 2 files (checked 5 source files)\nstderr:\n<empty>",
            "repo": "x_make_pip_updates_x",
            "repo_path": "C:\\x_runner_x\\x_make_pip_updates_x",
            "stderr_preview": null,
            "stdout_preview": "x_cls_make_pip_updates_x.py:310: error: Expression type contains \"Any\" (has type \"dict[str, Any | None]\")  [misc]\nupdate_flow.py:532: error: \"Exception\" has no attribute \"run_report_path\"  [attr-defined]\nFound 2 errors in 2 files (checked 5 source files)",
            "suggested_action": "Investigate",
            "summary": "mypy failed for x_make_pip_updates_x (exit 1) cwd: C:\\x_runner_x\\x_make_pip_updates_x command: C:\\x_runner_x\\.venv\\Scripts\\python.exe -m mypy . --strict --no-warn-unused-configs --show-error-codes --warn-return-any --warn-unreachable --dis\u2026",
            "tool": "mypy",
            "tool_version": "mypy 1.18.2 (compiled: yes)"
        },
        {
            "captured_at": "2025-10-15T19:17:22.142657+00:00",
            "command": "C:\\x_runner_x\\.venv\\Scripts\\python.exe -m pyright . --level error",
            "detail": {
                "cached": false,
                "cmd": [
                    "C:\\x_runner_x\\.venv\\Scripts\\python.exe",
                    "-m",
                    "pyright",
                    ".",
                    "--level",
                    "error"
                ],
                "cmd_display": "C:\\x_runner_x\\.venv\\Scripts\\python.exe -m pyright . --level error",
                "cwd": "C:\\x_runner_x\\x_make_pip_updates_x",
                "duration_seconds": 1.6218044999986887,
                "ended_at": "2025-10-15T19:17:22.142657+00:00",
                "exit": 1,
                "failed_files": [],
                "files_checked": [
                    "__init__.py",
                    "tests/__init__.py",
                    "tests/test_pip_updates.py",
                    "update_flow.py",
                    "x_cls_make_pip_updates_x.py"
                ],
                "repo": "x_make_pip_updates_x",
                "repo_hash": "ef4e1e885cdc6158b1a5e7228e54cc9c9bc78bbd76df4d89e7da848421306b04",
                "repo_path": "C:\\x_runner_x\\x_make_pip_updates_x",
                "started_at": "2025-10-15T19:17:20.520855+00:00",
                "stderr": "",
                "stdout": "c:\\x_runner_x\\x_make_pip_updates_x\\update_flow.py\n  c:\\x_runner_x\\x_make_pip_updates_x\\update_flow.py:532:24 - error: Cannot assign to attribute \"run_report_path\" for class \"Exception\"\n  \u00c2\u00a0\u00c2\u00a0Attribute \"run_report_path\" is unknown (reportAttributeAccessIssue)\n1 error, 0 warnings, 0 informations\n",
                "tool": "pyright",
                "tool_module": "pyright",
                "tool_version": "pyright 1.1.406"
            },
            "exit": "exit 1",
            "message": "pyright failed for x_make_pip_updates_x (exit 1)\ncwd: C:\\x_runner_x\\x_make_pip_updates_x\ncommand: C:\\x_runner_x\\.venv\\Scripts\\python.exe -m pyright . --level error\nstarted_at: 2025-10-15T19:17:20.520855+00:00\nduration: 1.622s\ntool_version: pyright 1.1.406\nstdout:\nc:\\x_runner_x\\x_make_pip_updates_x\\update_flow.py\n  c:\\x_runner_x\\x_make_pip_updates_x\\update_flow.py:532:24 - error: Cannot assign to attribute \"run_report_path\" for class \"Exception\"\n  \u00c2\u00a0\u00c2\u00a0Attribute \"run_report_path\" is unknown (reportAttributeAccessIssue)\n1 error, 0 warnings, 0 informations\nstderr:\n<empty>",
            "repo": "x_make_pip_updates_x",
            "repo_path": "C:\\x_runner_x\\x_make_pip_updates_x",
            "stderr_preview": null,
            "stdout_preview": "c:\\x_runner_x\\x_make_pip_updates_x\\update_flow.py\n  c:\\x_runner_x\\x_make_pip_updates_x\\update_flow.py:532:24 - error: Cannot assign to attribute \"run_report_path\" for class \"Exception\"\n  \u00c2\u00a0\u00c2\u00a0Attribute \"run_report_path\" is unknown (reportAttributeAccessIssue)\n1 error, 0 warnings, 0 informations",
            "suggested_action": "Investigate",
            "summary": "pyright failed for x_make_pip_updates_x (exit 1) cwd: C:\\x_runner_x\\x_make_pip_updates_x command: C:\\x_runner_x\\.venv\\Scripts\\python.exe -m pyright . --level error started_at: 2025-10-15T19:17:20.520855+00:00 duration: 1.622s tool_version:\u2026",
            "tool": "pyright",
            "tool_version": "pyright 1.1.406"
        },
        {
            "captured_at": "2025-10-15T19:17:19.413482+00:00",
            "command": "C:\\x_runner_x\\.venv\\Scripts\\python.exe -m ruff check . --select ALL --ignore D,COM812,ISC001,T20 --line-length 88 --target-version py311",
            "detail": {
                "cached": false,
                "cmd": [
                    "C:\\x_runner_x\\.venv\\Scripts\\python.exe",
                    "-m",
                    "ruff",
                    "check",
                    ".",
                    "--select",
                    "ALL",
                    "--ignore",
                    "D,COM812,ISC001,T20",
                    "--line-length",
                    "88",
                    "--target-version",
                    "py311"
                ],
                "cmd_display": "C:\\x_runner_x\\.venv\\Scripts\\python.exe -m ruff check . --select ALL --ignore D,COM812,ISC001,T20 --line-length 88 --target-version py311",
                "cwd": "C:\\x_runner_x\\x_make_pip_updates_x",
                "duration_seconds": 0.2773209000006318,
                "ended_at": "2025-10-15T19:17:19.413482+00:00",
                "exit": 1,
                "failed_files": [],
                "files_checked": [
                    "__init__.py",
                    "tests/__init__.py",
                    "tests/test_pip_updates.py",
                    "update_flow.py",
                    "x_cls_make_pip_updates_x.py"
                ],
                "repo": "x_make_pip_updates_x",
                "repo_hash": "ef4e1e885cdc6158b1a5e7228e54cc9c9bc78bbd76df4d89e7da848421306b04",
                "repo_path": "C:\\x_runner_x\\x_make_pip_updates_x",
                "started_at": "2025-10-15T19:17:19.136162+00:00",
                "stderr": "",
                "stdout": "PLR0915 Too many statements (68 > 50)\n   --> update_flow.py:348:5\n    |\n348 | def run_updates_for_packages(  # noqa: PLR0913\n    |     ^^^^^^^^^^^^^^^^^^^^^^^^\n349 |     packages: Sequence[str],\n350 |     *,\n    |\n\nE501 Line too long (93 > 88)\n   --> update_flow.py:416:89\n    |\n414 |                 }\n415 |             else:\n416 |                 _info(\"pip-updates script not found; using direct pip fallback installation\")\n    |                                                                                         ^^^^^\n417 |             execution_detail[\"script_attempt\"] = script_detail\n    |\n\nFound 2 errors.\n",
                "tool": "ruff_check",
                "tool_module": "ruff",
                "tool_version": "ruff 0.14.0"
            },
            "exit": "exit 1",
            "message": "ruff_check failed for x_make_pip_updates_x (exit 1)\ncwd: C:\\x_runner_x\\x_make_pip_updates_x\ncommand: C:\\x_runner_x\\.venv\\Scripts\\python.exe -m ruff check . --select ALL --ignore D,COM812,ISC001,T20 --line-length 88 --target-version py311\nstarted_at: 2025-10-15T19:17:19.136162+00:00\nduration: 0.277s\ntool_version: ruff 0.14.0\nstdout:\nPLR0915 Too many statements (68 > 50)\n   --> update_flow.py:348:5\n    |\n348 | def run_updates_for_packages(  # noqa: PLR0913\n    |     ^^^^^^^^^^^^^^^^^^^^^^^^\n\u2026\nstderr:\n<empty>",
            "repo": "x_make_pip_updates_x",
            "repo_path": "C:\\x_runner_x\\x_make_pip_updates_x",
            "stderr_preview": null,
            "stdout_preview": "PLR0915 Too many statements (68 > 50)\n   --> update_flow.py:348:5\n    |\n348 | def run_updates_for_packages(  # noqa: PLR0913\n    |     ^^^^^^^^^^^^^^^^^^^^^^^^\n\u2026",
            "suggested_action": "Investigate",
            "summary": "ruff_check failed for x_make_pip_updates_x (exit 1) cwd: C:\\x_runner_x\\x_make_pip_updates_x command: C:\\x_runner_x\\.venv\\Scripts\\python.exe -m ruff check . --select ALL --ignore D,COM812,ISC001,T20 --line-length 88 --target-version py311 s\u2026",
            "tool": "ruff_check",
            "tool_version": "ruff 0.14.0"
        },
        {
            "captured_at": "2025-10-15T19:17:17.480291+00:00",
            "command": "C:\\x_runner_x\\.venv\\Scripts\\python.exe -m ruff check . --fix --select ALL --ignore D,COM812,ISC001,T20 --line-length 88 --target-version py311",
            "detail": {
                "cached": false,
                "cmd": [
                    "C:\\x_runner_x\\.venv\\Scripts\\python.exe",
                    "-m",
                    "ruff",
                    "check",
                    ".",
                    "--fix",
                    "--select",
                    "ALL",
                    "--ignore",
                    "D,COM812,ISC001,T20",
                    "--line-length",
                    "88",
                    "--target-version",
                    "py311"
                ],
                "cmd_display": "C:\\x_runner_x\\.venv\\Scripts\\python.exe -m ruff check . --fix --select ALL --ignore D,COM812,ISC001,T20 --line-length 88 --target-version py311",
                "cwd": "C:\\x_runner_x\\x_make_pip_updates_x",
                "duration_seconds": 0.39821520000259625,
                "ended_at": "2025-10-15T19:17:17.480291+00:00",
                "exit": 1,
                "failed_files": [],
                "files_checked": [
                    "__init__.py",
                    "tests/__init__.py",
                    "tests/test_pip_updates.py",
                    "update_flow.py",
                    "x_cls_make_pip_updates_x.py"
                ],
                "repo": "x_make_pip_updates_x",
                "repo_hash": "ef4e1e885cdc6158b1a5e7228e54cc9c9bc78bbd76df4d89e7da848421306b04",
                "repo_path": "C:\\x_runner_x\\x_make_pip_updates_x",
                "started_at": "2025-10-15T19:17:17.082077+00:00",
                "stderr": "",
                "stdout": "PLR0915 Too many statements (68 > 50)\n   --> update_flow.py:348:5\n    |\n348 | def run_updates_for_packages(  # noqa: PLR0913\n    |     ^^^^^^^^^^^^^^^^^^^^^^^^\n349 |     packages: Sequence[str],\n350 |     *,\n    |\n\nE501 Line too long (93 > 88)\n   --> update_flow.py:416:89\n    |\n414 |                 }\n415 |             else:\n416 |                 _info(\"pip-updates script not found; using direct pip fallback installation\")\n    |                                                                                         ^^^^^\n417 |             execution_detail[\"script_attempt\"] = script_detail\n    |\n\nFound 2 errors.\n",
                "tool": "ruff_fix",
                "tool_module": "ruff",
                "tool_version": "ruff 0.14.0"
            },
            "exit": "exit 1",
            "message": "ruff_fix failed for x_make_pip_updates_x (exit 1)\ncwd: C:\\x_runner_x\\x_make_pip_updates_x\ncommand: C:\\x_runner_x\\.venv\\Scripts\\python.exe -m ruff check . --fix --select ALL --ignore D,COM812,ISC001,T20 --line-length 88 --target-version py311\nstarted_at: 2025-10-15T19:17:17.082077+00:00\nduration: 0.398s\ntool_version: ruff 0.14.0\nstdout:\nPLR0915 Too many statements (68 > 50)\n   --> update_flow.py:348:5\n    |\n348 | def run_updates_for_packages(  # noqa: PLR0913\n    |     ^^^^^^^^^^^^^^^^^^^^^^^^\n\u2026\nstderr:\n<empty>",
            "repo": "x_make_pip_updates_x",
            "repo_path": "C:\\x_runner_x\\x_make_pip_updates_x",
            "stderr_preview": null,
            "stdout_preview": "PLR0915 Too many statements (68 > 50)\n   --> update_flow.py:348:5\n    |\n348 | def run_updates_for_packages(  # noqa: PLR0913\n    |     ^^^^^^^^^^^^^^^^^^^^^^^^\n\u2026",
            "suggested_action": "Investigate",
            "summary": "ruff_fix failed for x_make_pip_updates_x (exit 1) cwd: C:\\x_runner_x\\x_make_pip_updates_x command: C:\\x_runner_x\\.venv\\Scripts\\python.exe -m ruff check . --fix --select ALL --ignore D,COM812,ISC001,T20 --line-length 88 --target-version py3\u2026",
            "tool": "ruff_fix",
            "tool_version": "ruff 0.14.0"
        },
        {
            "captured_at": "2025-10-15T19:17:26.360781+00:00",
            "command": "C:\\x_runner_x\\.venv\\Scripts\\python.exe -m black . --line-length 88 --target-version py311 --check --diff",
            "detail": {
                "cached": false,
                "cmd": [
                    "C:\\x_runner_x\\.venv\\Scripts\\python.exe",
                    "-m",
                    "black",
                    ".",
                    "--line-length",
                    "88",
                    "--target-version",
                    "py311",
                    "--check",
                    "--diff"
                ],
                "cmd_display": "C:\\x_runner_x\\.venv\\Scripts\\python.exe -m black . --line-length 88 --target-version py311 --check --diff",
                "cwd": "C:\\x_runner_x\\x_make_pypi_x",
                "duration_seconds": 1.4518339000023843,
                "ended_at": "2025-10-15T19:17:26.360781+00:00",
                "exit": 1,
                "failed_files": [],
                "files_checked": [
                    "publish_flow.py",
                    "x_cls_make_pypi_x.py"
                ],
                "repo": "x_make_pypi_x",
                "repo_hash": "6ec3726b7f2afbb442e82a3f060473d4c9e1277d74e26db026200c4ee10b1fca",
                "repo_path": "C:\\x_runner_x\\x_make_pypi_x",
                "started_at": "2025-10-15T19:17:24.908954+00:00",
                "stderr": "would reformat C:\\x_runner_x\\x_make_pypi_x\\publish_flow.py\n\nOh no! \\U0001f4a5 \\U0001f494 \\U0001f4a5\n1 file would be reformatted, 1 file would be left unchanged.\n",
                "stdout": "--- C:\\x_runner_x\\x_make_pypi_x\\publish_flow.py\t2025-10-15 19:07:35.921866+00:00\n+++ C:\\x_runner_x\\x_make_pypi_x\\publish_flow.py\t2025-10-15 19:17:26.121061+00:00\n@@ -31,17 +31,12 @@\n         return value\n     if isinstance(value, Path):\n         return str(value)\n     if isinstance(value, Mapping):\n         typed_mapping = cast(\"Mapping[object, object]\", value)\n-        return {\n-            str(key): _json_ready(val)\n-            for key, val in typed_mapping.items()\n-        }\n-    if isinstance(value, Sequence) and not isinstance(\n-        value, (str, bytes, bytearray)\n-    ):\n+        return {str(key): _json_ready(val) for key, val in typed_mapping.items()}\n+    if isinstance(value, Sequence) and not isinstance(value, (str, bytes, bytearray)):\n         typed_sequence = cast(\"Sequence[object]\", value)\n         return [_json_ready(entry) for entry in typed_sequence]\n     return str(value)\n \n \n@@ -636,11 +631,16 @@\n \n             _info(f\"Publishing {context.name} version {context.version}\")\n             try:\n                 published = _execute_publish(context, ctx, publisher_factory)\n                 record[\"status\"] = \"published\"\n-            except (RuntimeError, ValueError, subprocess.SubprocessError, OSError) as exc:\n+            except (\n+                RuntimeError,\n+                ValueError,\n+                subprocess.SubprocessError,\n+                OSError,\n+            ) as exc:\n                 if _should_skip_publish_exception(exc, context.name, context.version):\n                     published = True\n                     record[\"status\"] = \"skipped_existing\"\n                     record[\"skip_reason\"] = _exception_summary(exc)\n                 else:\n",
                "tool": "black",
                "tool_module": "black",
                "tool_version": "python -m black, 25.9.0 (compiled: yes)\nPython (CPython) 3.13.7"
            },
            "exit": "exit 1",
            "message": "black failed for x_make_pypi_x (exit 1)\ncwd: C:\\x_runner_x\\x_make_pypi_x\ncommand: C:\\x_runner_x\\.venv\\Scripts\\python.exe -m black . --line-length 88 --target-version py311 --check --diff\nstarted_at: 2025-10-15T19:17:24.908954+00:00\nduration: 1.452s\ntool_version: python -m black, 25.9.0 (compiled: yes)\nPython (CPython) 3.13.7\nstdout:\n--- C:\\x_runner_x\\x_make_pypi_x\\publish_flow.py\t2025-10-15 19:07:35.921866+00:00\n+++ C:\\x_runner_x\\x_make_pypi_x\\publish_flow.py\t2025-10-15 19:17:26.121061+00:00\n@@ -31,17 +31,12 @@\n         return value\n     if isinstance(value, Path):\n\u2026\nstderr:\nwould reformat C:\\x_runner_x\\x_make_pypi_x\\publish_flow.py\n\nOh no! \\U0001f4a5 \\U0001f494 \\U0001f4a5\n1 file would be reformatted, 1 file would be left unchanged.",
            "repo": "x_make_pypi_x",
            "repo_path": "C:\\x_runner_x\\x_make_pypi_x",
            "stderr_preview": "would reformat C:\\x_runner_x\\x_make_pypi_x\\publish_flow.py\n\nOh no! \\U0001f4a5 \\U0001f494 \\U0001f4a5\n1 file would be reformatted, 1 file would be left unchanged.",
            "stdout_preview": "--- C:\\x_runner_x\\x_make_pypi_x\\publish_flow.py\t2025-10-15 19:07:35.921866+00:00\n+++ C:\\x_runner_x\\x_make_pypi_x\\publish_flow.py\t2025-10-15 19:17:26.121061+00:00\n@@ -31,17 +31,12 @@\n         return value\n     if isinstance(value, Path):\n\u2026",
            "suggested_action": "Investigate",
            "summary": "black failed for x_make_pypi_x (exit 1) cwd: C:\\x_runner_x\\x_make_pypi_x command: C:\\x_runner_x\\.venv\\Scripts\\python.exe -m black . --line-length 88 --target-version py311 --check --diff started_at: 2025-10-15T19:17:24.908954+00:00 duratio\u2026",
            "tool": "black",
            "tool_version": "python -m black, 25.9.0 (compiled: yes)\nPython (CPython) 3.13.7"
        },
        {
            "captured_at": "2025-10-15T19:17:27.267214+00:00",
            "command": "C:\\x_runner_x\\.venv\\Scripts\\python.exe -m mypy . --strict --no-warn-unused-configs --show-error-codes --warn-return-any --warn-unreachable --disallow-any-unimported --disallow-any-expr --disallow-any-decorated --disallow-any-explicit",
            "detail": {
                "cached": false,
                "cmd": [
                    "C:\\x_runner_x\\.venv\\Scripts\\python.exe",
                    "-m",
                    "mypy",
                    ".",
                    "--strict",
                    "--no-warn-unused-configs",
                    "--show-error-codes",
                    "--warn-return-any",
                    "--warn-unreachable",
                    "--disallow-any-unimported",
                    "--disallow-any-expr",
                    "--disallow-any-decorated",
                    "--disallow-any-explicit"
                ],
                "cmd_display": "C:\\x_runner_x\\.venv\\Scripts\\python.exe -m mypy . --strict --no-warn-unused-configs --show-error-codes --warn-return-any --warn-unreachable --disallow-any-unimported --disallow-any-expr --disallow-any-decorated --disallow-any-explicit",
                "cwd": "C:\\x_runner_x\\x_make_pypi_x",
                "duration_seconds": 0.6346716000007291,
                "ended_at": "2025-10-15T19:17:27.267214+00:00",
                "exit": 1,
                "failed_files": [],
                "files_checked": [
                    "publish_flow.py",
                    "x_cls_make_pypi_x.py"
                ],
                "repo": "x_make_pypi_x",
                "repo_hash": "6ec3726b7f2afbb442e82a3f060473d4c9e1277d74e26db026200c4ee10b1fca",
                "repo_path": "C:\\x_runner_x\\x_make_pypi_x",
                "started_at": "2025-10-15T19:17:26.632545+00:00",
                "stderr": "",
                "stdout": "publish_flow.py:583: error: Expression type contains \"Any\" (has type \"tuple[str, dict[str, Any | str]]\")  [misc]\npublish_flow.py:583: error: Expression type contains \"Any\" (has type \"dict[str, Any | str]\")  [misc]\npublish_flow.py:584: error: Expression type contains \"Any\" (has type \"tuple[str, Any | str]\")  [misc]\npublish_flow.py:584: error: Expression type contains \"Any\" (has type \"Any | str\")  [misc]\npublish_flow.py:685: error: \"Exception\" has no attribute \"run_report_path\"  [attr-defined]\nFound 5 errors in 1 file (checked 2 source files)\n",
                "tool": "mypy",
                "tool_module": "mypy",
                "tool_version": "mypy 1.18.2 (compiled: yes)"
            },
            "exit": "exit 1",
            "message": "mypy failed for x_make_pypi_x (exit 1)\ncwd: C:\\x_runner_x\\x_make_pypi_x\ncommand: C:\\x_runner_x\\.venv\\Scripts\\python.exe -m mypy . --strict --no-warn-unused-configs --show-error-codes --warn-return-any --warn-unreachable --disallow-any-unimported --disallow-any-expr --disallow-any-decorated --disallow-any-explicit\nstarted_at: 2025-10-15T19:17:26.632545+00:00\nduration: 0.635s\ntool_version: mypy 1.18.2 (compiled: yes)\nstdout:\npublish_flow.py:583: error: Expression type contains \"Any\" (has type \"tuple[str, dict[str, Any | str]]\")  [misc]\npublish_flow.py:583: error: Expression type contains \"Any\" (has type \"dict[str, Any | str]\")  [misc]\npublish_flow.py:584: error: Expression type contains \"Any\" (has type \"tuple[str, Any | str]\")  [misc]\npublish_flow.py:584: error: Expression type contains \"Any\" (has type \"Any | str\")  [misc]\npublish_flow.py:685: error: \"Exception\" has no attribute \"run_report_path\"  [attr-defined]\n\u2026\nstderr:\n<empty>",
            "repo": "x_make_pypi_x",
            "repo_path": "C:\\x_runner_x\\x_make_pypi_x",
            "stderr_preview": null,
            "stdout_preview": "publish_flow.py:583: error: Expression type contains \"Any\" (has type \"tuple[str, dict[str, Any | str]]\")  [misc]\npublish_flow.py:583: error: Expression type contains \"Any\" (has type \"dict[str, Any | str]\")  [misc]\npublish_flow.py:584: error: Expression type contains \"Any\" (has type \"tuple[str, Any | str]\")  [misc]\npublish_flow.py:584: error: Expression type contains \"Any\" (has type \"Any | str\")  [misc]\npublish_flow.py:685: error: \"Exception\" has no attribute \"run_report_path\"  [attr-defined]\n\u2026",
            "suggested_action": "Investigate",
            "summary": "mypy failed for x_make_pypi_x (exit 1) cwd: C:\\x_runner_x\\x_make_pypi_x command: C:\\x_runner_x\\.venv\\Scripts\\python.exe -m mypy . --strict --no-warn-unused-configs --show-error-codes --warn-return-any --warn-unreachable --disallow-any-unim\u2026",
            "tool": "mypy",
            "tool_version": "mypy 1.18.2 (compiled: yes)"
        },
        {
            "captured_at": "2025-10-15T19:17:28.770911+00:00",
            "command": "C:\\x_runner_x\\.venv\\Scripts\\python.exe -m pyright . --level error",
            "detail": {
                "cached": false,
                "cmd": [
                    "C:\\x_runner_x\\.venv\\Scripts\\python.exe",
                    "-m",
                    "pyright",
                    ".",
                    "--level",
                    "error"
                ],
                "cmd_display": "C:\\x_runner_x\\.venv\\Scripts\\python.exe -m pyright . --level error",
                "cwd": "C:\\x_runner_x\\x_make_pypi_x",
                "duration_seconds": 1.4995970999989368,
                "ended_at": "2025-10-15T19:17:28.770911+00:00",
                "exit": 1,
                "failed_files": [],
                "files_checked": [
                    "publish_flow.py",
                    "x_cls_make_pypi_x.py"
                ],
                "repo": "x_make_pypi_x",
                "repo_hash": "6ec3726b7f2afbb442e82a3f060473d4c9e1277d74e26db026200c4ee10b1fca",
                "repo_path": "C:\\x_runner_x\\x_make_pypi_x",
                "started_at": "2025-10-15T19:17:27.271316+00:00",
                "stderr": "",
                "stdout": "c:\\x_runner_x\\x_make_pypi_x\\publish_flow.py\n  c:\\x_runner_x\\x_make_pypi_x\\publish_flow.py:685:24 - error: Cannot assign to attribute \"run_report_path\" for class \"Exception\"\n  \u00c2\u00a0\u00c2\u00a0Attribute \"run_report_path\" is unknown (reportAttributeAccessIssue)\n1 error, 0 warnings, 0 informations\n",
                "tool": "pyright",
                "tool_module": "pyright",
                "tool_version": "pyright 1.1.406"
            },
            "exit": "exit 1",
            "message": "pyright failed for x_make_pypi_x (exit 1)\ncwd: C:\\x_runner_x\\x_make_pypi_x\ncommand: C:\\x_runner_x\\.venv\\Scripts\\python.exe -m pyright . --level error\nstarted_at: 2025-10-15T19:17:27.271316+00:00\nduration: 1.500s\ntool_version: pyright 1.1.406\nstdout:\nc:\\x_runner_x\\x_make_pypi_x\\publish_flow.py\n  c:\\x_runner_x\\x_make_pypi_x\\publish_flow.py:685:24 - error: Cannot assign to attribute \"run_report_path\" for class \"Exception\"\n  \u00c2\u00a0\u00c2\u00a0Attribute \"run_report_path\" is unknown (reportAttributeAccessIssue)\n1 error, 0 warnings, 0 informations\nstderr:\n<empty>",
            "repo": "x_make_pypi_x",
            "repo_path": "C:\\x_runner_x\\x_make_pypi_x",
            "stderr_preview": null,
            "stdout_preview": "c:\\x_runner_x\\x_make_pypi_x\\publish_flow.py\n  c:\\x_runner_x\\x_make_pypi_x\\publish_flow.py:685:24 - error: Cannot assign to attribute \"run_report_path\" for class \"Exception\"\n  \u00c2\u00a0\u00c2\u00a0Attribute \"run_report_path\" is unknown (reportAttributeAccessIssue)\n1 error, 0 warnings, 0 informations",
            "suggested_action": "Investigate",
            "summary": "pyright failed for x_make_pypi_x (exit 1) cwd: C:\\x_runner_x\\x_make_pypi_x command: C:\\x_runner_x\\.venv\\Scripts\\python.exe -m pyright . --level error started_at: 2025-10-15T19:17:27.271316+00:00 duration: 1.500s tool_version: pyright 1.1.4\u2026",
            "tool": "pyright",
            "tool_version": "pyright 1.1.406"
        },
        {
            "captured_at": "2025-10-15T19:17:26.629260+00:00",
            "command": "C:\\x_runner_x\\.venv\\Scripts\\python.exe -m ruff check . --select ALL --ignore D,COM812,ISC001,T20 --line-length 88 --target-version py311",
            "detail": {
                "cached": false,
                "cmd": [
                    "C:\\x_runner_x\\.venv\\Scripts\\python.exe",
                    "-m",
                    "ruff",
                    "check",
                    ".",
                    "--select",
                    "ALL",
                    "--ignore",
                    "D,COM812,ISC001,T20",
                    "--line-length",
                    "88",
                    "--target-version",
                    "py311"
                ],
                "cmd_display": "C:\\x_runner_x\\.venv\\Scripts\\python.exe -m ruff check . --select ALL --ignore D,COM812,ISC001,T20 --line-length 88 --target-version py311",
                "cwd": "C:\\x_runner_x\\x_make_pypi_x",
                "duration_seconds": 0.26436410000314936,
                "ended_at": "2025-10-15T19:17:26.629260+00:00",
                "exit": 1,
                "failed_files": [],
                "files_checked": [
                    "publish_flow.py",
                    "x_cls_make_pypi_x.py"
                ],
                "repo": "x_make_pypi_x",
                "repo_hash": "6ec3726b7f2afbb442e82a3f060473d4c9e1277d74e26db026200c4ee10b1fca",
                "repo_path": "C:\\x_runner_x\\x_make_pypi_x",
                "started_at": "2025-10-15T19:17:26.364896+00:00",
                "stderr": "",
                "stdout": "PERF401 Use a list comprehension to create a transformed list\n   --> publish_flow.py:565:9\n    |\n563 |       manifest_inputs: list[dict[str, object]] = []\n564 |       for entry in entries:\n565 | /         manifest_inputs.append(\n566 | |             {\n567 | |                 \"package\": entry.package,\n568 | |                 \"version\": entry.version,\n569 | |                 \"pypi_name\": entry.options.pypi_name or entry.package,\n570 | |                 \"ancillary\": list(entry.ancillary),\n571 | |                 \"options_kwargs\": _json_ready(options_to_kwargs(entry.options)),\n572 | |             }\n573 | |         )\n    | |_________^\n574 |       report_payload: dict[str, object] = {\n575 |           \"run_id\": run_id,\n    |\nhelp: Replace for loop with list comprehension\n\nE501 Line too long (90 > 88)\n   --> publish_flow.py:641:89\n    |\n639 |                 published = _execute_publish(context, ctx, publisher_factory)\n640 |                 record[\"status\"] = \"published\"\n641 |             except (RuntimeError, ValueError, subprocess.SubprocessError, OSError) as exc:\n    |                                                                                         ^^\n642 |                 if _should_skip_publish_exception(exc, context.name, context.version):\n643 |                     published = True\n    |\n\nS101 Use of `assert` detected\n   --> publish_flow.py:687:5\n    |\n685 |             caught_exc.run_report_path = report_path\n686 |\n687 |     assert report_path is not None\n    |     ^^^^^^\n688 |     return published_versions, published_artifacts, report_path\n    |\n\nFound 3 errors.\n",
                "tool": "ruff_check",
                "tool_module": "ruff",
                "tool_version": "ruff 0.14.0"
            },
            "exit": "exit 1",
            "message": "ruff_check failed for x_make_pypi_x (exit 1)\ncwd: C:\\x_runner_x\\x_make_pypi_x\ncommand: C:\\x_runner_x\\.venv\\Scripts\\python.exe -m ruff check . --select ALL --ignore D,COM812,ISC001,T20 --line-length 88 --target-version py311\nstarted_at: 2025-10-15T19:17:26.364896+00:00\nduration: 0.264s\ntool_version: ruff 0.14.0\nstdout:\nPERF401 Use a list comprehension to create a transformed list\n   --> publish_flow.py:565:9\n    |\n563 |       manifest_inputs: list[dict[str, object]] = []\n564 |       for entry in entries:\n\u2026\nstderr:\n<empty>",
            "repo": "x_make_pypi_x",
            "repo_path": "C:\\x_runner_x\\x_make_pypi_x",
            "stderr_preview": null,
            "stdout_preview": "PERF401 Use a list comprehension to create a transformed list\n   --> publish_flow.py:565:9\n    |\n563 |       manifest_inputs: list[dict[str, object]] = []\n564 |       for entry in entries:\n\u2026",
            "suggested_action": "Investigate",
            "summary": "ruff_check failed for x_make_pypi_x (exit 1) cwd: C:\\x_runner_x\\x_make_pypi_x command: C:\\x_runner_x\\.venv\\Scripts\\python.exe -m ruff check . --select ALL --ignore D,COM812,ISC001,T20 --line-length 88 --target-version py311 started_at: 202\u2026",
            "tool": "ruff_check",
            "tool_version": "ruff 0.14.0"
        },
        {
            "captured_at": "2025-10-15T19:17:24.905849+00:00",
            "command": "C:\\x_runner_x\\.venv\\Scripts\\python.exe -m ruff check . --fix --select ALL --ignore D,COM812,ISC001,T20 --line-length 88 --target-version py311",
            "detail": {
                "cached": false,
                "cmd": [
                    "C:\\x_runner_x\\.venv\\Scripts\\python.exe",
                    "-m",
                    "ruff",
                    "check",
                    ".",
                    "--fix",
                    "--select",
                    "ALL",
                    "--ignore",
                    "D,COM812,ISC001,T20",
                    "--line-length",
                    "88",
                    "--target-version",
                    "py311"
                ],
                "cmd_display": "C:\\x_runner_x\\.venv\\Scripts\\python.exe -m ruff check . --fix --select ALL --ignore D,COM812,ISC001,T20 --line-length 88 --target-version py311",
                "cwd": "C:\\x_runner_x\\x_make_pypi_x",
                "duration_seconds": 0.2651819000020623,
                "ended_at": "2025-10-15T19:17:24.905849+00:00",
                "exit": 1,
                "failed_files": [],
                "files_checked": [
                    "publish_flow.py",
                    "x_cls_make_pypi_x.py"
                ],
                "repo": "x_make_pypi_x",
                "repo_hash": "6ec3726b7f2afbb442e82a3f060473d4c9e1277d74e26db026200c4ee10b1fca",
                "repo_path": "C:\\x_runner_x\\x_make_pypi_x",
                "started_at": "2025-10-15T19:17:24.640668+00:00",
                "stderr": "",
                "stdout": "PERF401 Use a list comprehension to create a transformed list\n   --> publish_flow.py:565:9\n    |\n563 |       manifest_inputs: list[dict[str, object]] = []\n564 |       for entry in entries:\n565 | /         manifest_inputs.append(\n566 | |             {\n567 | |                 \"package\": entry.package,\n568 | |                 \"version\": entry.version,\n569 | |                 \"pypi_name\": entry.options.pypi_name or entry.package,\n570 | |                 \"ancillary\": list(entry.ancillary),\n571 | |                 \"options_kwargs\": _json_ready(options_to_kwargs(entry.options)),\n572 | |             }\n573 | |         )\n    | |_________^\n574 |       report_payload: dict[str, object] = {\n575 |           \"run_id\": run_id,\n    |\nhelp: Replace for loop with list comprehension\n\nE501 Line too long (90 > 88)\n   --> publish_flow.py:641:89\n    |\n639 |                 published = _execute_publish(context, ctx, publisher_factory)\n640 |                 record[\"status\"] = \"published\"\n641 |             except (RuntimeError, ValueError, subprocess.SubprocessError, OSError) as exc:\n    |                                                                                         ^^\n642 |                 if _should_skip_publish_exception(exc, context.name, context.version):\n643 |                     published = True\n    |\n\nS101 Use of `assert` detected\n   --> publish_flow.py:687:5\n    |\n685 |             caught_exc.run_report_path = report_path\n686 |\n687 |     assert report_path is not None\n    |     ^^^^^^\n688 |     return published_versions, published_artifacts, report_path\n    |\n\nFound 3 errors.\n",
                "tool": "ruff_fix",
                "tool_module": "ruff",
                "tool_version": "ruff 0.14.0"
            },
            "exit": "exit 1",
            "message": "ruff_fix failed for x_make_pypi_x (exit 1)\ncwd: C:\\x_runner_x\\x_make_pypi_x\ncommand: C:\\x_runner_x\\.venv\\Scripts\\python.exe -m ruff check . --fix --select ALL --ignore D,COM812,ISC001,T20 --line-length 88 --target-version py311\nstarted_at: 2025-10-15T19:17:24.640668+00:00\nduration: 0.265s\ntool_version: ruff 0.14.0\nstdout:\nPERF401 Use a list comprehension to create a transformed list\n   --> publish_flow.py:565:9\n    |\n563 |       manifest_inputs: list[dict[str, object]] = []\n564 |       for entry in entries:\n\u2026\nstderr:\n<empty>",
            "repo": "x_make_pypi_x",
            "repo_path": "C:\\x_runner_x\\x_make_pypi_x",
            "stderr_preview": null,
            "stdout_preview": "PERF401 Use a list comprehension to create a transformed list\n   --> publish_flow.py:565:9\n    |\n563 |       manifest_inputs: list[dict[str, object]] = []\n564 |       for entry in entries:\n\u2026",
            "suggested_action": "Investigate",
            "summary": "ruff_fix failed for x_make_pypi_x (exit 1) cwd: C:\\x_runner_x\\x_make_pypi_x command: C:\\x_runner_x\\.venv\\Scripts\\python.exe -m ruff check . --fix --select ALL --ignore D,COM812,ISC001,T20 --line-length 88 --target-version py311 started_at:\u2026",
            "tool": "ruff_fix",
            "tool_version": "ruff 0.14.0"
        }
    ],
    "generated_at": "2025-10-15T19:17:39.201122+00:00",
    "runtime": {
        "environment": {
            "PATH": "C:\\WINDOWS\\system32;C:\\WINDOWS;C:\\WINDOWS\\System32\\Wbem;C:\\WINDOWS\\System32\\WindowsPowerShell\\v1.0\\;C:\\WINDOWS\\System32\\OpenSSH\\;C:\\Program Files\\Git\\cmd;C:\\Users\\eye43\\AppData\\Local\\Programs\\Python\\Python313\\Scripts\\;C:\\Users\\eye43\\AppData\\Local\\Programs\\Python\\Python313\\;C:\\Users\\eye43\\AppData\\Local\\Microsoft\\WindowsApps;C:\\Users\\eye43\\AppData\\Local\\Programs\\Microsoft VS Code\\bin;c:\\Users\\eye43\\.vscode\\extensions\\ms-python.debugpy-2025.14.1-win32-x64\\bundled\\scripts\\noConfigScripts;c:\\Users\\eye43\\AppData\\Roaming\\Code\\User\\globalStorage\\github.copilot-chat\\debugCommand"
        },
        "platform": "Windows-11-10.0.22631-SP0",
        "python_executable": "C:\\x_runner_x\\.venv\\Scripts\\python.exe",
        "python_version": "3.13.7 (tags/v3.13.7:bcee1c3, Aug 14 2025, 14:15:11) [MSC v.1944 64 bit (AMD64)]",
        "run_completed_at": "2025-10-15T19:17:39.200806+00:00",
        "run_started_at": "2025-10-15T19:16:11.742751+00:00",
        "workspace_root": "C:\\x_runner_x"
    },
    "schema_version": "1.0",
    "summary": {
        "overall_stats": {
            "cache_hits": 22,
            "cache_misses": 48,
            "failed_tools": 34,
            "had_failures": true,
            "total_tools_run": 70
        },
        "repos": {
            "x_0_make_all_x": {
                "cached": 0,
                "failed": 4,
                "repo_hash": "4a29c866c13514a0ba15f2488b0e664f64fdaf89c822567f2b766ac247ff2de1",
                "tools": {
                    "black": {
                        "cached": false,
                        "exit": 1,
                        "timed_out": false
                    },
                    "mypy": {
                        "cached": false,
                        "exit": 1,
                        "timed_out": false
                    },
                    "pyright": {
                        "cached": false,
                        "exit": 0,
                        "timed_out": false
                    },
                    "ruff_check": {
                        "cached": false,
                        "exit": 1,
                        "timed_out": false
                    },
                    "ruff_fix": {
                        "cached": false,
                        "exit": 1,
                        "timed_out": false
                    }
                }
            },
            "x_legatus_acta_schedae_x": {
                "cached": 5,
                "failed": 0,
                "repo_hash": "3f2377486dd469d2c4151d592bf6bebad5c76e8cd23082e9afb01466cdff6453",
                "tools": {
                    "black": {
                        "cached": true,
                        "exit": 0,
                        "timed_out": false
                    },
                    "mypy": {
                        "cached": true,
                        "exit": 0,
                        "timed_out": false
                    },
                    "pyright": {
                        "cached": true,
                        "exit": 0,
                        "timed_out": false
                    },
                    "ruff_check": {
                        "cached": true,
                        "exit": 0,
                        "timed_out": false
                    },
                    "ruff_fix": {
                        "cached": true,
                        "exit": 0,
                        "timed_out": false
                    }
                }
            },
            "x_legatus_tactica_impetus_x": {
                "cached": 2,
                "failed": 0,
                "repo_hash": "cc97fafbcc480da07f5da6f3bf95b20b6477a3877b19257bb492c37a976161aa",
                "tools": {
                    "black": {
                        "cached": false,
                        "exit": 0,
                        "timed_out": false
                    },
                    "mypy": {
                        "cached": false,
                        "exit": 0,
                        "timed_out": false
                    },
                    "pyright": {
                        "cached": false,
                        "exit": 0,
                        "timed_out": false
                    },
                    "ruff_check": {
                        "cached": true,
                        "exit": 0,
                        "timed_out": false
                    },
                    "ruff_fix": {
                        "cached": true,
                        "exit": 0,
                        "timed_out": false
                    }
                }
            },
            "x_make_common_x": {
                "cached": 0,
                "failed": 4,
                "repo_hash": "d5c260a29cd2b7fe9f5f06c2807c4e70e146d96c9967ad3dbcfe1dc68f9bfeb5",
                "tools": {
                    "black": {
                        "cached": false,
                        "exit": 1,
                        "timed_out": false
                    },
                    "mypy": {
                        "cached": false,
                        "exit": 1,
                        "timed_out": false
                    },
                    "pyright": {
                        "cached": false,
                        "exit": 0,
                        "timed_out": false
                    },
                    "ruff_check": {
                        "cached": false,
                        "exit": 1,
                        "timed_out": false
                    },
                    "ruff_fix": {
                        "cached": false,
                        "exit": 1,
                        "timed_out": false
                    }
                }
            },
            "x_make_github_clones_x": {
                "cached": 0,
                "failed": 5,
                "repo_hash": "f166df4eb625823191c0bfa89e9371670a339457db7e08fe41ad64fb0133324b",
                "tools": {
                    "black": {
                        "cached": false,
                        "exit": 1,
                        "timed_out": false
                    },
                    "mypy": {
                        "cached": false,
                        "exit": 1,
                        "timed_out": false
                    },
                    "pyright": {
                        "cached": false,
                        "exit": 1,
                        "timed_out": false
                    },
                    "ruff_check": {
                        "cached": false,
                        "exit": 1,
                        "timed_out": false
                    },
                    "ruff_fix": {
                        "cached": false,
                        "exit": 1,
                        "timed_out": false
                    }
                }
            },
            "x_make_github_visitor_x": {
                "cached": 0,
                "failed": 2,
                "repo_hash": "0658a610e4f4d02294c79eb52e3a376a027389d4422f3f03828e89aec669f9b7",
                "tools": {
                    "black": {
                        "cached": false,
                        "exit": 1,
                        "timed_out": false
                    },
                    "mypy": {
                        "cached": false,
                        "exit": 1,
                        "timed_out": false
                    },
                    "pyright": {
                        "cached": false,
                        "exit": 0,
                        "timed_out": false
                    },
                    "ruff_check": {
                        "cached": false,
                        "exit": 0,
                        "timed_out": false
                    },
                    "ruff_fix": {
                        "cached": false,
                        "exit": 0,
                        "timed_out": false
                    }
                }
            },
            "x_make_graphviz_x": {
                "cached": 0,
                "failed": 3,
                "repo_hash": "edec351e0eddf321022472a00d281f5ac5b567a5428fdeed31689d9e65e07161",
                "tools": {
                    "black": {
                        "cached": false,
                        "exit": 0,
                        "timed_out": false
                    },
                    "mypy": {
                        "cached": false,
                        "exit": 0,
                        "timed_out": false
                    },
                    "pyright": {
                        "cached": false,
                        "exit": 1,
                        "timed_out": false
                    },
                    "ruff_check": {
                        "cached": false,
                        "exit": 1,
                        "timed_out": false
                    },
                    "ruff_fix": {
                        "cached": false,
                        "exit": 1,
                        "timed_out": false
                    }
                }
            },
            "x_make_markdown_x": {
                "cached": 0,
                "failed": 3,
                "repo_hash": "7c0be717037415602824613973fe1c1d084136ec65b2e9a507e139709118bb48",
                "tools": {
                    "black": {
                        "cached": false,
                        "exit": 1,
                        "timed_out": false
                    },
                    "mypy": {
                        "cached": false,
                        "exit": 0,
                        "timed_out": false
                    },
                    "pyright": {
                        "cached": false,
                        "exit": 0,
                        "timed_out": false
                    },
                    "ruff_check": {
                        "cached": false,
                        "exit": 1,
                        "timed_out": false
                    },
                    "ruff_fix": {
                        "cached": false,
                        "exit": 1,
                        "timed_out": false
                    }
                }
            },
            "x_make_mermaid_x": {
                "cached": 0,
                "failed": 3,
                "repo_hash": "0124de4f106cf07e3bbe714951cbbac0c7277c566f4c31b357761a24e7132b27",
                "tools": {
                    "black": {
                        "cached": false,
                        "exit": 1,
                        "timed_out": false
                    },
                    "mypy": {
                        "cached": false,
                        "exit": 0,
                        "timed_out": false
                    },
                    "pyright": {
                        "cached": false,
                        "exit": 0,
                        "timed_out": false
                    },
                    "ruff_check": {
                        "cached": false,
                        "exit": 1,
                        "timed_out": false
                    },
                    "ruff_fix": {
                        "cached": false,
                        "exit": 1,
                        "timed_out": false
                    }
                }
            },
            "x_make_persistent_env_var_x": {
                "cached": 5,
                "failed": 0,
                "repo_hash": "38624500e50d648701b39572aca2c5d8cd0420bb6d1e9513e212e3aa11078fe0",
                "tools": {
                    "black": {
                        "cached": true,
                        "exit": 0,
                        "timed_out": false
                    },
                    "mypy": {
                        "cached": true,
                        "exit": 0,
                        "timed_out": false
                    },
                    "pyright": {
                        "cached": true,
                        "exit": 0,
                        "timed_out": false
                    },
                    "ruff_check": {
                        "cached": true,
                        "exit": 0,
                        "timed_out": false
                    },
                    "ruff_fix": {
                        "cached": true,
                        "exit": 0,
                        "timed_out": false
                    }
                }
            },
            "x_make_pip_updates_x": {
                "cached": 0,
                "failed": 5,
                "repo_hash": "ef4e1e885cdc6158b1a5e7228e54cc9c9bc78bbd76df4d89e7da848421306b04",
                "tools": {
                    "black": {
                        "cached": false,
                        "exit": 1,
                        "timed_out": false
                    },
                    "mypy": {
                        "cached": false,
                        "exit": 1,
                        "timed_out": false
                    },
                    "pyright": {
                        "cached": false,
                        "exit": 1,
                        "timed_out": false
                    },
                    "ruff_check": {
                        "cached": false,
                        "exit": 1,
                        "timed_out": false
                    },
                    "ruff_fix": {
                        "cached": false,
                        "exit": 1,
                        "timed_out": false
                    }
                }
            },
            "x_make_py_mod_sideload_x": {
                "cached": 5,
                "failed": 0,
                "repo_hash": "69ac171dd36d6f8621439bba6bbda0288c09f653e7c678ee9a0e834fe3609e6c",
                "tools": {
                    "black": {
                        "cached": true,
                        "exit": 0,
                        "timed_out": false
                    },
                    "mypy": {
                        "cached": true,
                        "exit": 0,
                        "timed_out": false
                    },
                    "pyright": {
                        "cached": true,
                        "exit": 0,
                        "timed_out": false
                    },
                    "ruff_check": {
                        "cached": true,
                        "exit": 0,
                        "timed_out": false
                    },
                    "ruff_fix": {
                        "cached": true,
                        "exit": 0,
                        "timed_out": false
                    }
                }
            },
            "x_make_pypi_x": {
                "cached": 0,
                "failed": 5,
                "repo_hash": "6ec3726b7f2afbb442e82a3f060473d4c9e1277d74e26db026200c4ee10b1fca",
                "tools": {
                    "black": {
                        "cached": false,
                        "exit": 1,
                        "timed_out": false
                    },
                    "mypy": {
                        "cached": false,
                        "exit": 1,
                        "timed_out": false
                    },
                    "pyright": {
                        "cached": false,
                        "exit": 1,
                        "timed_out": false
                    },
                    "ruff_check": {
                        "cached": false,
                        "exit": 1,
                        "timed_out": false
                    },
                    "ruff_fix": {
                        "cached": false,
                        "exit": 1,
                        "timed_out": false
                    }
                }
            },
            "x_make_yahw_x": {
                "cached": 5,
                "failed": 0,
                "repo_hash": "d5b6324c3c161764524c550422f1e31cacffc452454eb0900e0d52ddd4106018",
                "tools": {
                    "black": {
                        "cached": true,
                        "exit": 0,
                        "timed_out": false
                    },
                    "mypy": {
                        "cached": true,
                        "exit": 0,
                        "timed_out": false
                    },
                    "pyright": {
                        "cached": true,
                        "exit": 0,
                        "timed_out": false
                    },
                    "ruff_check": {
                        "cached": true,
                        "exit": 0,
                        "timed_out": false
                    },
                    "ruff_fix": {
                        "cached": true,
                        "exit": 0,
                        "timed_out": false
                    }
                }
            }
        },
        "timestamp": "2025-10-15T19:17:39.201168+00:00",
        "total_repos": 14
    },
    "tool_versions": {
        "black": "python -m black, 25.9.0 (compiled: yes)\nPython (CPython) 3.13.7",
        "mypy": "mypy 1.18.2 (compiled: yes)",
        "pyright": "pyright 1.1.406",
        "ruff": "ruff 0.14.0"
    },
    "workspace_root": "C:\\x_runner_x"
}